[ 2016-08-15T11:16:33+08:00 ] ::1 /TP/
INFO: [ app_init ] --START--
INFO: Run Behavior\BuildLiteBehavior [ RunTime:0.000012s ]
INFO: [ app_init ] --END-- [ RunTime:0.029608s ]
INFO: [ app_begin ] --START--
INFO: Run Behavior\ReadHtmlCacheBehavior [ RunTime:0.009067s ]
INFO: [ app_begin ] --END-- [ RunTime:0.009121s ]
INFO: [ view_parse ] --START--
INFO: [ template_filter ] --START--
INFO: Run Behavior\ContentReplaceBehavior [ RunTime:0.036205s ]
INFO: [ template_filter ] --END-- [ RunTime:0.036261s ]
INFO: Run Behavior\ParseTemplateBehavior [ RunTime:0.045465s ]
INFO: [ view_parse ] --END-- [ RunTime:0.045511s ]
INFO: [ view_filter ] --START--
INFO: Run Behavior\WriteHtmlCacheBehavior [ RunTime:0.009042s ]
INFO: [ view_filter ] --END-- [ RunTime:0.009083s ]
INFO: [ app_end ] --START--
INFO: Run Behavior\ShowPageTraceBehavior [ RunTime:0.008352s ]
INFO: [ app_end ] --END-- [ RunTime:0.008395s ]

[ 2016-08-15T13:58:44+08:00 ] ::1 /TP/
INFO: [ app_init ] --START--
INFO: Run Behavior\BuildLiteBehavior [ RunTime:0.000011s ]
INFO: [ app_init ] --END-- [ RunTime:0.000566s ]
INFO: [ app_begin ] --START--
INFO: Run Behavior\ReadHtmlCacheBehavior [ RunTime:0.003914s ]
INFO: [ app_begin ] --END-- [ RunTime:0.003952s ]
INFO: [ view_parse ] --START--
INFO: [ template_filter ] --START--
INFO: Run Behavior\ContentReplaceBehavior [ RunTime:0.020084s ]
INFO: [ template_filter ] --END-- [ RunTime:0.020139s ]
INFO: Run Behavior\ParseTemplateBehavior [ RunTime:0.029426s ]
INFO: [ view_parse ] --END-- [ RunTime:0.029472s ]
INFO: [ view_filter ] --START--
INFO: Run Behavior\WriteHtmlCacheBehavior [ RunTime:0.000712s ]
INFO: [ view_filter ] --END-- [ RunTime:0.000753s ]
INFO: [ app_end ] --START--
INFO: Run Behavior\ShowPageTraceBehavior [ RunTime:0.000782s ]
INFO: [ app_end ] --END-- [ RunTime:0.000817s ]

