[ 2019-05-07T16:49:54+08:00 ] ::1 /TP/
INFO: [ app_init ] --START--
INFO: Run Behavior\BuildLiteBehavior [ RunTime:0.000000s ]
INFO: [ app_init ] --END-- [ RunTime:0.001000s ]
INFO: [ app_begin ] --START--
INFO: Run Behavior\ReadHtmlCacheBehavior [ RunTime:0.001000s ]
INFO: [ app_begin ] --END-- [ RunTime:0.001000s ]
SQL: SHOW COLUMNS FROM `product` [ RunTime:0.0240s ]
SQL: SELECT COUNT(*) AS tp_count FROM `product` LIMIT 1   [ RunTime:0.0010s ]
SQL: SELECT `id`,`sort`,`pid`,`name`,`price`,`img`,`desc`,`status`,`add_time`,`stock`,`last_time` FROM `product` LIMIT 0,12   [ RunTime:0.0010s ]
INFO: [ view_parse ] --START--
INFO: [ template_filter ] --START--
INFO: Run Behavior\ContentReplaceBehavior [ RunTime:0.000000s ]
INFO: [ template_filter ] --END-- [ RunTime:0.000000s ]
NOTIC: [8] Undefined index: user D:\wwwroot\TP\Application\Runtime\Cache\Home\0d6509e863112dc5821b22ecb897e16e.php 第 104 行.
NOTIC: [8] Undefined index: shop D:\wwwroot\TP\Application\Runtime\Cache\Home\0d6509e863112dc5821b22ecb897e16e.php 第 118 行.
INFO: Run Behavior\ParseTemplateBehavior [ RunTime:0.051003s ]
INFO: [ view_parse ] --END-- [ RunTime:0.051003s ]
INFO: [ view_filter ] --START--
INFO: Run Behavior\WriteHtmlCacheBehavior [ RunTime:0.001000s ]
INFO: [ view_filter ] --END-- [ RunTime:0.001000s ]

[ 2019-05-07T16:50:10+08:00 ] ::1 /TP/home/message/zhj_borrow
INFO: [ app_init ] --START--
INFO: Run Behavior\BuildLiteBehavior [ RunTime:0.000000s ]
INFO: [ app_init ] --END-- [ RunTime:0.000000s ]
INFO: [ app_begin ] --START--
INFO: Run Behavior\ReadHtmlCacheBehavior [ RunTime:0.000000s ]
INFO: [ app_begin ] --END-- [ RunTime:0.001000s ]
SQL: SHOW COLUMNS FROM `lzh_borrow_info` [ RunTime:0.1590s ]
SQL: SELECT bi.id FROM lzh_borrow_info bi LEFT JOIN lzh_member_jshbank as lmj on bi.borrow_uid = lmj.uid LEFT JOIN lzh_member_info as lmi on bi.borrow_uid = lmi.uid LEFT JOIN lzh_member_chinapnr as lmc on bi.borrow_uid = lmc.uid LEFT JOIN lzh_zhaiquan as lz on bi.borrow_zhaiquan = lz.id  WHERE ( (`second_verify_time` BETWEEN 1472399999 AND 1472486399) AND (`borrow_status` IN ('7','9')) )  [ RunTime:0.3110s ]
SQL: SHOW COLUMNS FROM `lzh_investor_detail` [ RunTime:0.1620s ]
SQL: SELECT DISTINCT  lid.borrow_id FROM lzh_investor_detail lid left join lzh_borrow_info as lbi on lbi.id =lid.borrow_id  WHERE ( (`repayment_time` BETWEEN 1472399999 AND 1472486399) AND (`second_verify_time` > 1472054399) )  [ RunTime:0.1200s ]
ERR: 1052:Column 'id' in order clause is ambiguous
 [ SQL语句 ] : SELECT COUNT(*) AS tp_count FROM lzh_borrow_info bi left join lzh_member_jshbank as lmj on bi.borrow_uid = lmj.uid left join lzh_member_info as lmi on bi.borrow_uid = lmi.uid left join lzh_member_chinapnr as lmc on bi.borrow_uid = lmc.uid left join lzh_zhaiquan as lz on bi.borrow_zhaiquan = lz.id  WHERE bi.id IN ('383','390','392','394') ORDER BY id asc LIMIT 1  
ERR: 1052:Column 'id' in order clause is ambiguous
 [ SQL语句 ] : SELECT COUNT(*) AS tp_count FROM lzh_borrow_info bi left join lzh_member_jshbank as lmj on bi.borrow_uid = lmj.uid left join lzh_member_info as lmi on bi.borrow_uid = lmi.uid left join lzh_member_chinapnr as lmc on bi.borrow_uid = lmc.uid left join lzh_zhaiquan as lz on bi.borrow_zhaiquan = lz.id  WHERE bi.id IN ('383','390','392','394') ORDER BY id asc LIMIT 1  

[ 2019-05-07T16:50:54+08:00 ] 127.0.0.1 /TP/index.php
INFO: [ app_init ] --START--
INFO: Run Behavior\BuildLiteBehavior [ RunTime:0.000000s ]
INFO: [ app_init ] --END-- [ RunTime:0.001000s ]
INFO: [ app_begin ] --START--
INFO: Run Behavior\ReadHtmlCacheBehavior [ RunTime:0.000000s ]
INFO: [ app_begin ] --END-- [ RunTime:0.000000s ]
SQL: SHOW COLUMNS FROM `product` [ RunTime:0.0030s ]
SQL: SELECT COUNT(*) AS tp_count FROM `product` LIMIT 1   [ RunTime:0.0000s ]
SQL: SELECT `id`,`sort`,`pid`,`name`,`price`,`img`,`desc`,`status`,`add_time`,`stock`,`last_time` FROM `product` LIMIT 0,12   [ RunTime:0.0000s ]
INFO: [ view_parse ] --START--
INFO: [ template_filter ] --START--
INFO: Run Behavior\ContentReplaceBehavior [ RunTime:0.000000s ]
INFO: [ template_filter ] --END-- [ RunTime:0.000000s ]
NOTIC: [8] Undefined index: user D:\wwwroot\TP\Application\Runtime\Cache\Home\0d6509e863112dc5821b22ecb897e16e.php 第 104 行.
NOTIC: [8] Undefined index: shop D:\wwwroot\TP\Application\Runtime\Cache\Home\0d6509e863112dc5821b22ecb897e16e.php 第 118 行.
INFO: Run Behavior\ParseTemplateBehavior [ RunTime:0.007001s ]
INFO: [ view_parse ] --END-- [ RunTime:0.007001s ]
INFO: [ view_filter ] --START--
INFO: Run Behavior\WriteHtmlCacheBehavior [ RunTime:0.000000s ]
INFO: [ view_filter ] --END-- [ RunTime:0.000000s ]

[ 2019-05-07T16:53:41+08:00 ] ::1 /TP/home/message/zhj_borrow
INFO: [ app_init ] --START--
INFO: Run Behavior\BuildLiteBehavior [ RunTime:0.001000s ]
INFO: [ app_init ] --END-- [ RunTime:0.001000s ]
INFO: [ app_begin ] --START--
INFO: Run Behavior\ReadHtmlCacheBehavior [ RunTime:0.001000s ]
INFO: [ app_begin ] --END-- [ RunTime:0.001000s ]
SQL: SHOW COLUMNS FROM `lzh_borrow_info` [ RunTime:0.0050s ]
SQL: SELECT bi.id FROM lzh_borrow_info bi LEFT JOIN lzh_member_jshbank as lmj on bi.borrow_uid = lmj.uid LEFT JOIN lzh_member_info as lmi on bi.borrow_uid = lmi.uid LEFT JOIN lzh_member_chinapnr as lmc on bi.borrow_uid = lmc.uid LEFT JOIN lzh_zhaiquan as lz on bi.borrow_zhaiquan = lz.id  WHERE ( (`second_verify_time` BETWEEN 1472399999 AND 1472486399) AND (`borrow_status` IN ('7','9')) )  [ RunTime:0.0030s ]
SQL: SHOW COLUMNS FROM `lzh_investor_detail` [ RunTime:0.0040s ]
SQL: SELECT DISTINCT  lid.borrow_id FROM lzh_investor_detail lid left join lzh_borrow_info as lbi on lbi.id =lid.borrow_id  WHERE ( (`repayment_time` BETWEEN 1472399999 AND 1472486399) AND (`second_verify_time` > 1472054399) )  [ RunTime:0.0360s ]

[ 2019-05-07T16:54:42+08:00 ] ::1 /TP/home/message/zhj_borrow
INFO: [ app_init ] --START--
INFO: Run Behavior\BuildLiteBehavior [ RunTime:0.000000s ]
INFO: [ app_init ] --END-- [ RunTime:0.000000s ]
INFO: [ app_begin ] --START--
INFO: Run Behavior\ReadHtmlCacheBehavior [ RunTime:0.000000s ]
INFO: [ app_begin ] --END-- [ RunTime:0.000000s ]
SQL: SHOW COLUMNS FROM `lzh_borrow_info` [ RunTime:0.0040s ]
SQL: SELECT bi.id FROM lzh_borrow_info bi LEFT JOIN lzh_member_jshbank as lmj on bi.borrow_uid = lmj.uid LEFT JOIN lzh_member_info as lmi on bi.borrow_uid = lmi.uid LEFT JOIN lzh_member_chinapnr as lmc on bi.borrow_uid = lmc.uid LEFT JOIN lzh_zhaiquan as lz on bi.borrow_zhaiquan = lz.id  WHERE ( (`second_verify_time` BETWEEN 1472400000 AND 1472486399) AND (`borrow_status` IN ('7','9')) )  [ RunTime:0.0020s ]
SQL: SHOW COLUMNS FROM `lzh_investor_detail` [ RunTime:0.0040s ]
SQL: SELECT DISTINCT  lid.borrow_id FROM lzh_investor_detail lid left join lzh_borrow_info as lbi on lbi.id =lid.borrow_id  WHERE ( (`repayment_time` BETWEEN 1472400000 AND 1472486399) AND (`second_verify_time` > 1472054399) )  [ RunTime:0.0350s ]

[ 2019-05-07T16:54:43+08:00 ] ::1 /TP/home/message/zhj_borrow
INFO: [ app_init ] --START--
INFO: Run Behavior\BuildLiteBehavior [ RunTime:0.000000s ]
INFO: [ app_init ] --END-- [ RunTime:0.001000s ]
INFO: [ app_begin ] --START--
INFO: Run Behavior\ReadHtmlCacheBehavior [ RunTime:0.001000s ]
INFO: [ app_begin ] --END-- [ RunTime:0.001000s ]
SQL: SHOW COLUMNS FROM `lzh_borrow_info` [ RunTime:0.0050s ]
SQL: SELECT bi.id FROM lzh_borrow_info bi LEFT JOIN lzh_member_jshbank as lmj on bi.borrow_uid = lmj.uid LEFT JOIN lzh_member_info as lmi on bi.borrow_uid = lmi.uid LEFT JOIN lzh_member_chinapnr as lmc on bi.borrow_uid = lmc.uid LEFT JOIN lzh_zhaiquan as lz on bi.borrow_zhaiquan = lz.id  WHERE ( (`second_verify_time` BETWEEN 1472400000 AND 1472486399) AND (`borrow_status` IN ('7','9')) )  [ RunTime:0.0030s ]
SQL: SHOW COLUMNS FROM `lzh_investor_detail` [ RunTime:0.0030s ]
SQL: SELECT DISTINCT  lid.borrow_id FROM lzh_investor_detail lid left join lzh_borrow_info as lbi on lbi.id =lid.borrow_id  WHERE ( (`repayment_time` BETWEEN 1472400000 AND 1472486399) AND (`second_verify_time` > 1472054399) )  [ RunTime:0.0350s ]

[ 2019-05-07T16:54:43+08:00 ] ::1 /TP/home/message/zhj_borrow
INFO: [ app_init ] --START--
INFO: Run Behavior\BuildLiteBehavior [ RunTime:0.000000s ]
INFO: [ app_init ] --END-- [ RunTime:0.000000s ]
INFO: [ app_begin ] --START--
INFO: Run Behavior\ReadHtmlCacheBehavior [ RunTime:0.000000s ]
INFO: [ app_begin ] --END-- [ RunTime:0.000000s ]
SQL: SHOW COLUMNS FROM `lzh_borrow_info` [ RunTime:0.0040s ]
SQL: SELECT bi.id FROM lzh_borrow_info bi LEFT JOIN lzh_member_jshbank as lmj on bi.borrow_uid = lmj.uid LEFT JOIN lzh_member_info as lmi on bi.borrow_uid = lmi.uid LEFT JOIN lzh_member_chinapnr as lmc on bi.borrow_uid = lmc.uid LEFT JOIN lzh_zhaiquan as lz on bi.borrow_zhaiquan = lz.id  WHERE ( (`second_verify_time` BETWEEN 1472400000 AND 1472486399) AND (`borrow_status` IN ('7','9')) )  [ RunTime:0.0020s ]
SQL: SHOW COLUMNS FROM `lzh_investor_detail` [ RunTime:0.0040s ]
SQL: SELECT DISTINCT  lid.borrow_id FROM lzh_investor_detail lid left join lzh_borrow_info as lbi on lbi.id =lid.borrow_id  WHERE ( (`repayment_time` BETWEEN 1472400000 AND 1472486399) AND (`second_verify_time` > 1472054399) )  [ RunTime:0.0350s ]

[ 2019-05-07T16:54:43+08:00 ] ::1 /TP/home/message/zhj_borrow
INFO: [ app_init ] --START--
INFO: Run Behavior\BuildLiteBehavior [ RunTime:0.000000s ]
INFO: [ app_init ] --END-- [ RunTime:0.000000s ]
INFO: [ app_begin ] --START--
INFO: Run Behavior\ReadHtmlCacheBehavior [ RunTime:0.000000s ]
INFO: [ app_begin ] --END-- [ RunTime:0.000000s ]
SQL: SHOW COLUMNS FROM `lzh_borrow_info` [ RunTime:0.0040s ]
SQL: SELECT bi.id FROM lzh_borrow_info bi LEFT JOIN lzh_member_jshbank as lmj on bi.borrow_uid = lmj.uid LEFT JOIN lzh_member_info as lmi on bi.borrow_uid = lmi.uid LEFT JOIN lzh_member_chinapnr as lmc on bi.borrow_uid = lmc.uid LEFT JOIN lzh_zhaiquan as lz on bi.borrow_zhaiquan = lz.id  WHERE ( (`second_verify_time` BETWEEN 1472400000 AND 1472486399) AND (`borrow_status` IN ('7','9')) )  [ RunTime:0.0020s ]
SQL: SHOW COLUMNS FROM `lzh_investor_detail` [ RunTime:0.0040s ]
SQL: SELECT DISTINCT  lid.borrow_id FROM lzh_investor_detail lid left join lzh_borrow_info as lbi on lbi.id =lid.borrow_id  WHERE ( (`repayment_time` BETWEEN 1472400000 AND 1472486399) AND (`second_verify_time` > 1472054399) )  [ RunTime:0.0350s ]

[ 2019-05-07T16:54:44+08:00 ] ::1 /TP/home/message/zhj_borrow
INFO: [ app_init ] --START--
INFO: Run Behavior\BuildLiteBehavior [ RunTime:0.000000s ]
INFO: [ app_init ] --END-- [ RunTime:0.001000s ]
INFO: [ app_begin ] --START--
INFO: Run Behavior\ReadHtmlCacheBehavior [ RunTime:0.001000s ]
INFO: [ app_begin ] --END-- [ RunTime:0.001000s ]
SQL: SHOW COLUMNS FROM `lzh_borrow_info` [ RunTime:0.0050s ]
SQL: SELECT bi.id FROM lzh_borrow_info bi LEFT JOIN lzh_member_jshbank as lmj on bi.borrow_uid = lmj.uid LEFT JOIN lzh_member_info as lmi on bi.borrow_uid = lmi.uid LEFT JOIN lzh_member_chinapnr as lmc on bi.borrow_uid = lmc.uid LEFT JOIN lzh_zhaiquan as lz on bi.borrow_zhaiquan = lz.id  WHERE ( (`second_verify_time` BETWEEN 1472400000 AND 1472486399) AND (`borrow_status` IN ('7','9')) )  [ RunTime:0.0030s ]
SQL: SHOW COLUMNS FROM `lzh_investor_detail` [ RunTime:0.0040s ]
SQL: SELECT DISTINCT  lid.borrow_id FROM lzh_investor_detail lid left join lzh_borrow_info as lbi on lbi.id =lid.borrow_id  WHERE ( (`repayment_time` BETWEEN 1472400000 AND 1472486399) AND (`second_verify_time` > 1472054399) )  [ RunTime:0.0350s ]

[ 2019-05-07T16:54:44+08:00 ] ::1 /TP/home/message/zhj_borrow
INFO: [ app_init ] --START--
INFO: Run Behavior\BuildLiteBehavior [ RunTime:0.000000s ]
INFO: [ app_init ] --END-- [ RunTime:0.001000s ]
INFO: [ app_begin ] --START--
INFO: Run Behavior\ReadHtmlCacheBehavior [ RunTime:0.001000s ]
INFO: [ app_begin ] --END-- [ RunTime:0.001000s ]
SQL: SHOW COLUMNS FROM `lzh_borrow_info` [ RunTime:0.0040s ]
SQL: SELECT bi.id FROM lzh_borrow_info bi LEFT JOIN lzh_member_jshbank as lmj on bi.borrow_uid = lmj.uid LEFT JOIN lzh_member_info as lmi on bi.borrow_uid = lmi.uid LEFT JOIN lzh_member_chinapnr as lmc on bi.borrow_uid = lmc.uid LEFT JOIN lzh_zhaiquan as lz on bi.borrow_zhaiquan = lz.id  WHERE ( (`second_verify_time` BETWEEN 1472400000 AND 1472486399) AND (`borrow_status` IN ('7','9')) )  [ RunTime:0.0020s ]
SQL: SHOW COLUMNS FROM `lzh_investor_detail` [ RunTime:0.0050s ]
SQL: SELECT DISTINCT  lid.borrow_id FROM lzh_investor_detail lid left join lzh_borrow_info as lbi on lbi.id =lid.borrow_id  WHERE ( (`repayment_time` BETWEEN 1472400000 AND 1472486399) AND (`second_verify_time` > 1472054399) )  [ RunTime:0.0350s ]

[ 2019-05-07T16:54:44+08:00 ] ::1 /TP/home/message/zhj_borrow
INFO: [ app_init ] --START--
INFO: Run Behavior\BuildLiteBehavior [ RunTime:0.000000s ]
INFO: [ app_init ] --END-- [ RunTime:0.000000s ]
INFO: [ app_begin ] --START--
INFO: Run Behavior\ReadHtmlCacheBehavior [ RunTime:0.000000s ]
INFO: [ app_begin ] --END-- [ RunTime:0.000000s ]
SQL: SHOW COLUMNS FROM `lzh_borrow_info` [ RunTime:0.0040s ]
SQL: SELECT bi.id FROM lzh_borrow_info bi LEFT JOIN lzh_member_jshbank as lmj on bi.borrow_uid = lmj.uid LEFT JOIN lzh_member_info as lmi on bi.borrow_uid = lmi.uid LEFT JOIN lzh_member_chinapnr as lmc on bi.borrow_uid = lmc.uid LEFT JOIN lzh_zhaiquan as lz on bi.borrow_zhaiquan = lz.id  WHERE ( (`second_verify_time` BETWEEN 1472400000 AND 1472486399) AND (`borrow_status` IN ('7','9')) )  [ RunTime:0.0020s ]
SQL: SHOW COLUMNS FROM `lzh_investor_detail` [ RunTime:0.0040s ]
SQL: SELECT DISTINCT  lid.borrow_id FROM lzh_investor_detail lid left join lzh_borrow_info as lbi on lbi.id =lid.borrow_id  WHERE ( (`repayment_time` BETWEEN 1472400000 AND 1472486399) AND (`second_verify_time` > 1472054399) )  [ RunTime:0.0340s ]

[ 2019-05-07T16:55:05+08:00 ] ::1 /TP/home/message/zhj_borrow
INFO: [ app_init ] --START--
INFO: Run Behavior\BuildLiteBehavior [ RunTime:0.000000s ]
INFO: [ app_init ] --END-- [ RunTime:0.001000s ]
INFO: [ app_begin ] --START--
INFO: Run Behavior\ReadHtmlCacheBehavior [ RunTime:0.001000s ]
INFO: [ app_begin ] --END-- [ RunTime:0.001000s ]
SQL: SHOW COLUMNS FROM `lzh_borrow_info` [ RunTime:0.0040s ]
SQL: SELECT bi.id FROM lzh_borrow_info bi LEFT JOIN lzh_member_jshbank as lmj on bi.borrow_uid = lmj.uid LEFT JOIN lzh_member_info as lmi on bi.borrow_uid = lmi.uid LEFT JOIN lzh_member_chinapnr as lmc on bi.borrow_uid = lmc.uid LEFT JOIN lzh_zhaiquan as lz on bi.borrow_zhaiquan = lz.id  WHERE ( (`second_verify_time` BETWEEN 1472486400 AND 1472572799) AND (`borrow_status` IN ('7','9')) )  [ RunTime:0.0170s ]
SQL: SHOW COLUMNS FROM `lzh_investor_detail` [ RunTime:0.0040s ]
SQL: SELECT DISTINCT  lid.borrow_id FROM lzh_investor_detail lid left join lzh_borrow_info as lbi on lbi.id =lid.borrow_id  WHERE ( (`repayment_time` BETWEEN 1472486400 AND 1472572799) AND (`second_verify_time` > 1472054399) )  [ RunTime:0.0340s ]

[ 2019-05-07T16:55:29+08:00 ] ::1 /TP/home/message/zhj_borrow
INFO: [ app_init ] --START--
INFO: Run Behavior\BuildLiteBehavior [ RunTime:0.000000s ]
INFO: [ app_init ] --END-- [ RunTime:0.001001s ]
INFO: [ app_begin ] --START--
INFO: Run Behavior\ReadHtmlCacheBehavior [ RunTime:0.001000s ]
INFO: [ app_begin ] --END-- [ RunTime:0.001000s ]
SQL: SHOW COLUMNS FROM `lzh_borrow_info` [ RunTime:0.0050s ]
SQL: SELECT bi.id FROM lzh_borrow_info bi LEFT JOIN lzh_member_jshbank as lmj on bi.borrow_uid = lmj.uid LEFT JOIN lzh_member_info as lmi on bi.borrow_uid = lmi.uid LEFT JOIN lzh_member_chinapnr as lmc on bi.borrow_uid = lmc.uid LEFT JOIN lzh_zhaiquan as lz on bi.borrow_zhaiquan = lz.id  WHERE ( (`second_verify_time` BETWEEN 1472572800 AND 1472659199) AND (`borrow_status` IN ('7','9')) )  [ RunTime:0.0240s ]
SQL: SHOW COLUMNS FROM `lzh_investor_detail` [ RunTime:0.0040s ]
SQL: SELECT DISTINCT  lid.borrow_id FROM lzh_investor_detail lid left join lzh_borrow_info as lbi on lbi.id =lid.borrow_id  WHERE ( (`repayment_time` BETWEEN 1472572800 AND 1472659199) AND (`second_verify_time` > 1472054399) )  [ RunTime:0.0340s ]

[ 2019-05-07T16:56:13+08:00 ] ::1 /TP/home/message/zhj_borrow
INFO: [ app_init ] --START--
INFO: Run Behavior\BuildLiteBehavior [ RunTime:0.000000s ]
INFO: [ app_init ] --END-- [ RunTime:0.000000s ]
INFO: [ app_begin ] --START--
INFO: Run Behavior\ReadHtmlCacheBehavior [ RunTime:0.000000s ]
INFO: [ app_begin ] --END-- [ RunTime:0.000000s ]
SQL: SHOW COLUMNS FROM `lzh_borrow_info` [ RunTime:0.0060s ]
SQL: SELECT bi.id FROM lzh_borrow_info bi LEFT JOIN lzh_member_jshbank as lmj on bi.borrow_uid = lmj.uid LEFT JOIN lzh_member_info as lmi on bi.borrow_uid = lmi.uid LEFT JOIN lzh_member_chinapnr as lmc on bi.borrow_uid = lmc.uid LEFT JOIN lzh_zhaiquan as lz on bi.borrow_zhaiquan = lz.id  WHERE ( (`second_verify_time` BETWEEN 1472659200 AND 1472745599) AND (`borrow_status` IN ('7','9')) )  [ RunTime:0.0100s ]
SQL: SHOW COLUMNS FROM `lzh_investor_detail` [ RunTime:0.0040s ]
SQL: SELECT DISTINCT  lid.borrow_id FROM lzh_investor_detail lid left join lzh_borrow_info as lbi on lbi.id =lid.borrow_id  WHERE ( (`repayment_time` BETWEEN 1472659200 AND 1472745599) AND (`second_verify_time` > 1472054399) )  [ RunTime:0.0340s ]

[ 2019-05-07T16:57:02+08:00 ] ::1 /TP/home/message/zhj_borrow
INFO: [ app_init ] --START--
INFO: Run Behavior\BuildLiteBehavior [ RunTime:0.000000s ]
INFO: [ app_init ] --END-- [ RunTime:0.000000s ]
INFO: [ app_begin ] --START--
INFO: Run Behavior\ReadHtmlCacheBehavior [ RunTime:0.001000s ]
INFO: [ app_begin ] --END-- [ RunTime:0.001000s ]
SQL: SHOW COLUMNS FROM `lzh_borrow_info` [ RunTime:0.0040s ]
SQL: SELECT bi.id FROM lzh_borrow_info bi LEFT JOIN lzh_member_jshbank as lmj on bi.borrow_uid = lmj.uid LEFT JOIN lzh_member_info as lmi on bi.borrow_uid = lmi.uid LEFT JOIN lzh_member_chinapnr as lmc on bi.borrow_uid = lmc.uid LEFT JOIN lzh_zhaiquan as lz on bi.borrow_zhaiquan = lz.id  WHERE ( (`second_verify_time` BETWEEN 1472745600 AND 1472831999) AND (`borrow_status` IN ('7','9')) )  [ RunTime:0.0020s ]
SQL: SHOW COLUMNS FROM `lzh_investor_detail` [ RunTime:0.0040s ]
SQL: SELECT DISTINCT  lid.borrow_id FROM lzh_investor_detail lid left join lzh_borrow_info as lbi on lbi.id =lid.borrow_id  WHERE ( (`repayment_time` BETWEEN 1472745600 AND 1472831999) AND (`second_verify_time` > 1472054399) )  [ RunTime:0.0350s ]

[ 2019-05-07T16:59:39+08:00 ] ::1 /TP/home/message/zhj_borrow
INFO: [ app_init ] --START--
INFO: Run Behavior\BuildLiteBehavior [ RunTime:0.000000s ]
INFO: [ app_init ] --END-- [ RunTime:0.000000s ]
INFO: [ app_begin ] --START--
INFO: Run Behavior\ReadHtmlCacheBehavior [ RunTime:0.001000s ]
INFO: [ app_begin ] --END-- [ RunTime:0.001000s ]
SQL: SHOW COLUMNS FROM `lzh_borrow_info` [ RunTime:0.0040s ]
SQL: SELECT bi.id FROM lzh_borrow_info bi LEFT JOIN lzh_member_jshbank as lmj on bi.borrow_uid = lmj.uid LEFT JOIN lzh_member_info as lmi on bi.borrow_uid = lmi.uid LEFT JOIN lzh_member_chinapnr as lmc on bi.borrow_uid = lmc.uid LEFT JOIN lzh_zhaiquan as lz on bi.borrow_zhaiquan = lz.id  WHERE ( (`second_verify_time` BETWEEN 1473004800 AND 1473091199) AND (`borrow_status` IN ('7','9')) )  [ RunTime:0.0070s ]
SQL: SHOW COLUMNS FROM `lzh_investor_detail` [ RunTime:0.0040s ]
SQL: SELECT DISTINCT  lid.borrow_id FROM lzh_investor_detail lid left join lzh_borrow_info as lbi on lbi.id =lid.borrow_id  WHERE ( (`repayment_time` BETWEEN 1473004800 AND 1473091199) AND (`second_verify_time` > 1472054399) )  [ RunTime:0.0350s ]

[ 2019-05-07T17:01:07+08:00 ] ::1 /TP/home/message/zhj_borrow
INFO: [ app_init ] --START--
INFO: Run Behavior\BuildLiteBehavior [ RunTime:0.000000s ]
INFO: [ app_init ] --END-- [ RunTime:0.000000s ]
INFO: [ app_begin ] --START--
INFO: Run Behavior\ReadHtmlCacheBehavior [ RunTime:0.000000s ]
INFO: [ app_begin ] --END-- [ RunTime:0.000000s ]
SQL: SHOW COLUMNS FROM `lzh_borrow_info` [ RunTime:0.0040s ]
SQL: SELECT bi.id FROM lzh_borrow_info bi LEFT JOIN lzh_member_jshbank as lmj on bi.borrow_uid = lmj.uid LEFT JOIN lzh_member_info as lmi on bi.borrow_uid = lmi.uid LEFT JOIN lzh_member_chinapnr as lmc on bi.borrow_uid = lmc.uid LEFT JOIN lzh_zhaiquan as lz on bi.borrow_zhaiquan = lz.id  WHERE ( (`second_verify_time` BETWEEN 1473004800 AND 1473091199) AND (`borrow_status` IN ('7','9')) )  [ RunTime:0.0020s ]
SQL: SHOW COLUMNS FROM `lzh_investor_detail` [ RunTime:0.0040s ]
SQL: SELECT DISTINCT  lid.borrow_id FROM lzh_investor_detail lid left join lzh_borrow_info as lbi on lbi.id =lid.borrow_id  WHERE ( (`repayment_time` BETWEEN 1473004800 AND 1473091199) AND (`second_verify_time` > 1472054399) )  [ RunTime:0.0340s ]

[ 2019-05-07T17:01:22+08:00 ] ::1 /TP/home/message/zhj_borrow
INFO: [ app_init ] --START--
INFO: Run Behavior\BuildLiteBehavior [ RunTime:0.000000s ]
INFO: [ app_init ] --END-- [ RunTime:0.000000s ]
INFO: [ app_begin ] --START--
INFO: Run Behavior\ReadHtmlCacheBehavior [ RunTime:0.000000s ]
INFO: [ app_begin ] --END-- [ RunTime:0.000000s ]
SQL: SHOW COLUMNS FROM `lzh_borrow_info` [ RunTime:0.0050s ]
SQL: SELECT bi.id FROM lzh_borrow_info bi LEFT JOIN lzh_member_jshbank as lmj on bi.borrow_uid = lmj.uid LEFT JOIN lzh_member_info as lmi on bi.borrow_uid = lmi.uid LEFT JOIN lzh_member_chinapnr as lmc on bi.borrow_uid = lmc.uid LEFT JOIN lzh_zhaiquan as lz on bi.borrow_zhaiquan = lz.id  WHERE ( (`second_verify_time` BETWEEN 1473004800 AND 1473091199) AND (`borrow_status` IN ('7','9')) )  [ RunTime:0.0020s ]
SQL: SHOW COLUMNS FROM `lzh_investor_detail` [ RunTime:0.0040s ]
SQL: SELECT DISTINCT  lid.borrow_id FROM lzh_investor_detail lid left join lzh_borrow_info as lbi on lbi.id =lid.borrow_id  WHERE ( (`repayment_time` BETWEEN 1473004800 AND 1473091199) AND (`second_verify_time` > 1472054399) )  [ RunTime:0.0340s ]

[ 2019-05-07T17:02:00+08:00 ] ::1 /TP/home/message/zhj_borrow
INFO: [ app_init ] --START--
INFO: Run Behavior\BuildLiteBehavior [ RunTime:0.000000s ]
INFO: [ app_init ] --END-- [ RunTime:0.000000s ]
INFO: [ app_begin ] --START--
INFO: Run Behavior\ReadHtmlCacheBehavior [ RunTime:0.000000s ]
INFO: [ app_begin ] --END-- [ RunTime:0.000000s ]
SQL: SHOW COLUMNS FROM `lzh_borrow_info` [ RunTime:0.0050s ]
SQL: SELECT bi.id FROM lzh_borrow_info bi LEFT JOIN lzh_member_jshbank as lmj on bi.borrow_uid = lmj.uid LEFT JOIN lzh_member_info as lmi on bi.borrow_uid = lmi.uid LEFT JOIN lzh_member_chinapnr as lmc on bi.borrow_uid = lmc.uid LEFT JOIN lzh_zhaiquan as lz on bi.borrow_zhaiquan = lz.id  WHERE ( (`second_verify_time` BETWEEN 1473091200 AND 1473177599) AND (`borrow_status` IN ('7','9')) )  [ RunTime:0.0180s ]
SQL: SHOW COLUMNS FROM `lzh_investor_detail` [ RunTime:0.0040s ]
SQL: SELECT DISTINCT  lid.borrow_id FROM lzh_investor_detail lid left join lzh_borrow_info as lbi on lbi.id =lid.borrow_id  WHERE ( (`repayment_time` BETWEEN 1473091200 AND 1473177599) AND (`second_verify_time` > 1472054399) )  [ RunTime:0.0350s ]

[ 2019-05-07T17:02:45+08:00 ] ::1 /TP/home/message/zhj_borrow
INFO: [ app_init ] --START--
INFO: Run Behavior\BuildLiteBehavior [ RunTime:0.000000s ]
INFO: [ app_init ] --END-- [ RunTime:0.001000s ]
INFO: [ app_begin ] --START--
INFO: Run Behavior\ReadHtmlCacheBehavior [ RunTime:0.000000s ]
INFO: [ app_begin ] --END-- [ RunTime:0.000000s ]
SQL: SHOW COLUMNS FROM `lzh_borrow_info` [ RunTime:0.0060s ]
SQL: SELECT bi.id FROM lzh_borrow_info bi LEFT JOIN lzh_member_jshbank as lmj on bi.borrow_uid = lmj.uid LEFT JOIN lzh_member_info as lmi on bi.borrow_uid = lmi.uid LEFT JOIN lzh_member_chinapnr as lmc on bi.borrow_uid = lmc.uid LEFT JOIN lzh_zhaiquan as lz on bi.borrow_zhaiquan = lz.id  WHERE ( (`second_verify_time` BETWEEN 1473177600 AND 1473263999) AND (`borrow_status` IN ('7','9')) )  [ RunTime:0.0170s ]
SQL: SHOW COLUMNS FROM `lzh_investor_detail` [ RunTime:0.0040s ]
SQL: SELECT DISTINCT  lid.borrow_id FROM lzh_investor_detail lid left join lzh_borrow_info as lbi on lbi.id =lid.borrow_id  WHERE ( (`repayment_time` BETWEEN 1473177600 AND 1473263999) AND (`second_verify_time` > 1472054399) )  [ RunTime:0.0330s ]

[ 2019-05-07T17:03:10+08:00 ] ::1 /TP/home/message/zhj_borrow
INFO: [ app_init ] --START--
INFO: Run Behavior\BuildLiteBehavior [ RunTime:0.000000s ]
INFO: [ app_init ] --END-- [ RunTime:0.000000s ]
INFO: [ app_begin ] --START--
INFO: Run Behavior\ReadHtmlCacheBehavior [ RunTime:0.000000s ]
INFO: [ app_begin ] --END-- [ RunTime:0.000000s ]
SQL: SHOW COLUMNS FROM `lzh_borrow_info` [ RunTime:0.0050s ]
SQL: SELECT bi.id FROM lzh_borrow_info bi LEFT JOIN lzh_member_jshbank as lmj on bi.borrow_uid = lmj.uid LEFT JOIN lzh_member_info as lmi on bi.borrow_uid = lmi.uid LEFT JOIN lzh_member_chinapnr as lmc on bi.borrow_uid = lmc.uid LEFT JOIN lzh_zhaiquan as lz on bi.borrow_zhaiquan = lz.id  WHERE ( (`second_verify_time` BETWEEN 1473264000 AND 1473350399) AND (`borrow_status` IN ('7','9')) )  [ RunTime:0.0180s ]
SQL: SHOW COLUMNS FROM `lzh_investor_detail` [ RunTime:0.0040s ]
SQL: SELECT DISTINCT  lid.borrow_id FROM lzh_investor_detail lid left join lzh_borrow_info as lbi on lbi.id =lid.borrow_id  WHERE ( (`repayment_time` BETWEEN 1473264000 AND 1473350399) AND (`second_verify_time` > 1472054399) )  [ RunTime:0.0350s ]

[ 2019-05-07T17:03:37+08:00 ] ::1 /TP/home/message/zhj_borrow
INFO: [ app_init ] --START--
INFO: Run Behavior\BuildLiteBehavior [ RunTime:0.000000s ]
INFO: [ app_init ] --END-- [ RunTime:0.000000s ]
INFO: [ app_begin ] --START--
INFO: Run Behavior\ReadHtmlCacheBehavior [ RunTime:0.000000s ]
INFO: [ app_begin ] --END-- [ RunTime:0.000000s ]
SQL: SHOW COLUMNS FROM `lzh_borrow_info` [ RunTime:0.0050s ]
SQL: SELECT bi.id FROM lzh_borrow_info bi LEFT JOIN lzh_member_jshbank as lmj on bi.borrow_uid = lmj.uid LEFT JOIN lzh_member_info as lmi on bi.borrow_uid = lmi.uid LEFT JOIN lzh_member_chinapnr as lmc on bi.borrow_uid = lmc.uid LEFT JOIN lzh_zhaiquan as lz on bi.borrow_zhaiquan = lz.id  WHERE ( (`second_verify_time` BETWEEN 1473609600 AND 1473695999) AND (`borrow_status` IN ('7','9')) )  [ RunTime:0.0120s ]
SQL: SHOW COLUMNS FROM `lzh_investor_detail` [ RunTime:0.0040s ]
SQL: SELECT DISTINCT  lid.borrow_id FROM lzh_investor_detail lid left join lzh_borrow_info as lbi on lbi.id =lid.borrow_id  WHERE ( (`repayment_time` BETWEEN 1473609600 AND 1473695999) AND (`second_verify_time` > 1472054399) )  [ RunTime:0.0340s ]

[ 2019-05-07T17:04:13+08:00 ] ::1 /TP/home/message/zhj_borrow
INFO: [ app_init ] --START--
INFO: Run Behavior\BuildLiteBehavior [ RunTime:0.000000s ]
INFO: [ app_init ] --END-- [ RunTime:0.000000s ]
INFO: [ app_begin ] --START--
INFO: Run Behavior\ReadHtmlCacheBehavior [ RunTime:0.001000s ]
INFO: [ app_begin ] --END-- [ RunTime:0.001000s ]
SQL: SHOW COLUMNS FROM `lzh_borrow_info` [ RunTime:0.0050s ]
SQL: SELECT bi.id FROM lzh_borrow_info bi LEFT JOIN lzh_member_jshbank as lmj on bi.borrow_uid = lmj.uid LEFT JOIN lzh_member_info as lmi on bi.borrow_uid = lmi.uid LEFT JOIN lzh_member_chinapnr as lmc on bi.borrow_uid = lmc.uid LEFT JOIN lzh_zhaiquan as lz on bi.borrow_zhaiquan = lz.id  WHERE ( (`second_verify_time` BETWEEN 1474128000 AND 1474214399) AND (`borrow_status` IN ('7','9')) )  [ RunTime:0.0030s ]
SQL: SHOW COLUMNS FROM `lzh_investor_detail` [ RunTime:0.0040s ]
SQL: SELECT DISTINCT  lid.borrow_id FROM lzh_investor_detail lid left join lzh_borrow_info as lbi on lbi.id =lid.borrow_id  WHERE ( (`repayment_time` BETWEEN 1474128000 AND 1474214399) AND (`second_verify_time` > 1472054399) )  [ RunTime:0.0340s ]

[ 2019-05-07T17:07:25+08:00 ] ::1 /TP/home/message/zhj_borrow
INFO: [ app_init ] --START--
INFO: Run Behavior\BuildLiteBehavior [ RunTime:0.000000s ]
INFO: [ app_init ] --END-- [ RunTime:0.000000s ]
INFO: [ app_begin ] --START--
INFO: Run Behavior\ReadHtmlCacheBehavior [ RunTime:0.001000s ]
INFO: [ app_begin ] --END-- [ RunTime:0.001000s ]
SQL: SHOW COLUMNS FROM `lzh_borrow_info` [ RunTime:0.0050s ]
SQL: SELECT bi.id FROM lzh_borrow_info bi LEFT JOIN lzh_member_jshbank as lmj on bi.borrow_uid = lmj.uid LEFT JOIN lzh_member_info as lmi on bi.borrow_uid = lmi.uid LEFT JOIN lzh_member_chinapnr as lmc on bi.borrow_uid = lmc.uid LEFT JOIN lzh_zhaiquan as lz on bi.borrow_zhaiquan = lz.id  WHERE ( (`second_verify_time` BETWEEN 1474300800 AND 1474387199) AND (`borrow_status` IN ('7','9')) )  [ RunTime:0.0020s ]
SQL: SHOW COLUMNS FROM `lzh_investor_detail` [ RunTime:0.0040s ]
SQL: SELECT DISTINCT  lid.borrow_id FROM lzh_investor_detail lid left join lzh_borrow_info as lbi on lbi.id =lid.borrow_id  WHERE ( (`repayment_time` BETWEEN 1474300800 AND 1474387199) AND (`second_verify_time` > 1472054399) )  [ RunTime:0.0340s ]

[ 2019-05-07T17:07:56+08:00 ] ::1 /TP/home/message/zhj_borrow
INFO: [ app_init ] --START--
INFO: Run Behavior\BuildLiteBehavior [ RunTime:0.000000s ]
INFO: [ app_init ] --END-- [ RunTime:0.000000s ]
INFO: [ app_begin ] --START--
INFO: Run Behavior\ReadHtmlCacheBehavior [ RunTime:0.001000s ]
INFO: [ app_begin ] --END-- [ RunTime:0.001000s ]
SQL: SHOW COLUMNS FROM `lzh_borrow_info` [ RunTime:0.0040s ]
SQL: SELECT bi.id FROM lzh_borrow_info bi LEFT JOIN lzh_member_jshbank as lmj on bi.borrow_uid = lmj.uid LEFT JOIN lzh_member_info as lmi on bi.borrow_uid = lmi.uid LEFT JOIN lzh_member_chinapnr as lmc on bi.borrow_uid = lmc.uid LEFT JOIN lzh_zhaiquan as lz on bi.borrow_zhaiquan = lz.id  WHERE ( (`second_verify_time` BETWEEN 1474387200 AND 1474473599) AND (`borrow_status` IN ('7','9')) )  [ RunTime:0.0030s ]
SQL: SHOW COLUMNS FROM `lzh_investor_detail` [ RunTime:0.0040s ]
SQL: SELECT DISTINCT  lid.borrow_id FROM lzh_investor_detail lid left join lzh_borrow_info as lbi on lbi.id =lid.borrow_id  WHERE ( (`repayment_time` BETWEEN 1474387200 AND 1474473599) AND (`second_verify_time` > 1472054399) )  [ RunTime:0.0350s ]

[ 2019-05-07T17:08:19+08:00 ] ::1 /TP/home/message/zhj_borrow
INFO: [ app_init ] --START--
INFO: Run Behavior\BuildLiteBehavior [ RunTime:0.000000s ]
INFO: [ app_init ] --END-- [ RunTime:0.000000s ]
INFO: [ app_begin ] --START--
INFO: Run Behavior\ReadHtmlCacheBehavior [ RunTime:0.000000s ]
INFO: [ app_begin ] --END-- [ RunTime:0.000000s ]
SQL: SHOW COLUMNS FROM `lzh_borrow_info` [ RunTime:0.0040s ]
SQL: SELECT bi.id FROM lzh_borrow_info bi LEFT JOIN lzh_member_jshbank as lmj on bi.borrow_uid = lmj.uid LEFT JOIN lzh_member_info as lmi on bi.borrow_uid = lmi.uid LEFT JOIN lzh_member_chinapnr as lmc on bi.borrow_uid = lmc.uid LEFT JOIN lzh_zhaiquan as lz on bi.borrow_zhaiquan = lz.id  WHERE ( (`second_verify_time` BETWEEN 1474473600 AND 1474559999) AND (`borrow_status` IN ('7','9')) )  [ RunTime:0.0160s ]
SQL: SHOW COLUMNS FROM `lzh_investor_detail` [ RunTime:0.0040s ]
SQL: SELECT DISTINCT  lid.borrow_id FROM lzh_investor_detail lid left join lzh_borrow_info as lbi on lbi.id =lid.borrow_id  WHERE ( (`repayment_time` BETWEEN 1474473600 AND 1474559999) AND (`second_verify_time` > 1472054399) )  [ RunTime:0.0340s ]

[ 2019-05-07T17:10:18+08:00 ] ::1 /TP/home/message/zhj_borrow
INFO: [ app_init ] --START--
INFO: Run Behavior\BuildLiteBehavior [ RunTime:0.000000s ]
INFO: [ app_init ] --END-- [ RunTime:0.001000s ]
INFO: [ app_begin ] --START--
INFO: Run Behavior\ReadHtmlCacheBehavior [ RunTime:0.000000s ]
INFO: [ app_begin ] --END-- [ RunTime:0.000000s ]
SQL: SHOW COLUMNS FROM `lzh_borrow_info` [ RunTime:0.0050s ]
SQL: SELECT bi.id FROM lzh_borrow_info bi LEFT JOIN lzh_member_jshbank as lmj on bi.borrow_uid = lmj.uid LEFT JOIN lzh_member_info as lmi on bi.borrow_uid = lmi.uid LEFT JOIN lzh_member_chinapnr as lmc on bi.borrow_uid = lmc.uid LEFT JOIN lzh_zhaiquan as lz on bi.borrow_zhaiquan = lz.id  WHERE ( (`second_verify_time` BETWEEN 1474560000 AND 1474646399) AND (`borrow_status` IN ('7','9')) )  [ RunTime:0.0200s ]
SQL: SHOW COLUMNS FROM `lzh_investor_detail` [ RunTime:0.0040s ]
SQL: SELECT DISTINCT  lid.borrow_id FROM lzh_investor_detail lid left join lzh_borrow_info as lbi on lbi.id =lid.borrow_id  WHERE ( (`repayment_time` BETWEEN 1474560000 AND 1474646399) AND (`second_verify_time` > 1472054399) )  [ RunTime:0.0350s ]

[ 2019-05-07T17:10:48+08:00 ] ::1 /TP/home/message/zhj_borrow
INFO: [ app_init ] --START--
INFO: Run Behavior\BuildLiteBehavior [ RunTime:0.000000s ]
INFO: [ app_init ] --END-- [ RunTime:0.001000s ]
INFO: [ app_begin ] --START--
INFO: Run Behavior\ReadHtmlCacheBehavior [ RunTime:0.000000s ]
INFO: [ app_begin ] --END-- [ RunTime:0.000000s ]
SQL: SHOW COLUMNS FROM `lzh_borrow_info` [ RunTime:0.0050s ]
SQL: SELECT bi.id FROM lzh_borrow_info bi LEFT JOIN lzh_member_jshbank as lmj on bi.borrow_uid = lmj.uid LEFT JOIN lzh_member_info as lmi on bi.borrow_uid = lmi.uid LEFT JOIN lzh_member_chinapnr as lmc on bi.borrow_uid = lmc.uid LEFT JOIN lzh_zhaiquan as lz on bi.borrow_zhaiquan = lz.id  WHERE ( (`second_verify_time` BETWEEN 1474819200 AND 1474905599) AND (`borrow_status` IN ('7','9')) )  [ RunTime:0.0200s ]
SQL: SHOW COLUMNS FROM `lzh_investor_detail` [ RunTime:0.0040s ]
SQL: SELECT DISTINCT  lid.borrow_id FROM lzh_investor_detail lid left join lzh_borrow_info as lbi on lbi.id =lid.borrow_id  WHERE ( (`repayment_time` BETWEEN 1474819200 AND 1474905599) AND (`second_verify_time` > 1472054399) )  [ RunTime:0.0350s ]

[ 2019-05-07T17:11:32+08:00 ] ::1 /TP/home/message/zhj_borrow
INFO: [ app_init ] --START--
INFO: Run Behavior\BuildLiteBehavior [ RunTime:0.000000s ]
INFO: [ app_init ] --END-- [ RunTime:0.000000s ]
INFO: [ app_begin ] --START--
INFO: Run Behavior\ReadHtmlCacheBehavior [ RunTime:0.000000s ]
INFO: [ app_begin ] --END-- [ RunTime:0.000000s ]
SQL: SHOW COLUMNS FROM `lzh_borrow_info` [ RunTime:0.0040s ]
SQL: SELECT bi.id FROM lzh_borrow_info bi LEFT JOIN lzh_member_jshbank as lmj on bi.borrow_uid = lmj.uid LEFT JOIN lzh_member_info as lmi on bi.borrow_uid = lmi.uid LEFT JOIN lzh_member_chinapnr as lmc on bi.borrow_uid = lmc.uid LEFT JOIN lzh_zhaiquan as lz on bi.borrow_zhaiquan = lz.id  WHERE ( (`second_verify_time` BETWEEN 1474905600 AND 1474991999) AND (`borrow_status` IN ('7','9')) )  [ RunTime:0.0020s ]
SQL: SHOW COLUMNS FROM `lzh_investor_detail` [ RunTime:0.0040s ]
SQL: SELECT DISTINCT  lid.borrow_id FROM lzh_investor_detail lid left join lzh_borrow_info as lbi on lbi.id =lid.borrow_id  WHERE ( (`repayment_time` BETWEEN 1474905600 AND 1474991999) AND (`second_verify_time` > 1472054399) )  [ RunTime:0.0340s ]

[ 2019-05-07T17:12:06+08:00 ] ::1 /TP/home/message/zhj_borrow
INFO: [ app_init ] --START--
INFO: Run Behavior\BuildLiteBehavior [ RunTime:0.000000s ]
INFO: [ app_init ] --END-- [ RunTime:0.000000s ]
INFO: [ app_begin ] --START--
INFO: Run Behavior\ReadHtmlCacheBehavior [ RunTime:0.000000s ]
INFO: [ app_begin ] --END-- [ RunTime:0.000000s ]
SQL: SHOW COLUMNS FROM `lzh_borrow_info` [ RunTime:0.0050s ]
SQL: SELECT bi.id FROM lzh_borrow_info bi LEFT JOIN lzh_member_jshbank as lmj on bi.borrow_uid = lmj.uid LEFT JOIN lzh_member_info as lmi on bi.borrow_uid = lmi.uid LEFT JOIN lzh_member_chinapnr as lmc on bi.borrow_uid = lmc.uid LEFT JOIN lzh_zhaiquan as lz on bi.borrow_zhaiquan = lz.id  WHERE ( (`second_verify_time` BETWEEN 1474992000 AND 1475078399) AND (`borrow_status` IN ('7','9')) )  [ RunTime:0.0030s ]
SQL: SHOW COLUMNS FROM `lzh_investor_detail` [ RunTime:0.0040s ]
SQL: SELECT DISTINCT  lid.borrow_id FROM lzh_investor_detail lid left join lzh_borrow_info as lbi on lbi.id =lid.borrow_id  WHERE ( (`repayment_time` BETWEEN 1474992000 AND 1475078399) AND (`second_verify_time` > 1472054399) )  [ RunTime:0.0350s ]

[ 2019-05-07T17:12:41+08:00 ] ::1 /TP/home/message/zhj_borrow
INFO: [ app_init ] --START--
INFO: Run Behavior\BuildLiteBehavior [ RunTime:0.000000s ]
INFO: [ app_init ] --END-- [ RunTime:0.001000s ]
INFO: [ app_begin ] --START--
INFO: Run Behavior\ReadHtmlCacheBehavior [ RunTime:0.000000s ]
INFO: [ app_begin ] --END-- [ RunTime:0.000000s ]
SQL: SHOW COLUMNS FROM `lzh_borrow_info` [ RunTime:0.0050s ]
SQL: SELECT bi.id FROM lzh_borrow_info bi LEFT JOIN lzh_member_jshbank as lmj on bi.borrow_uid = lmj.uid LEFT JOIN lzh_member_info as lmi on bi.borrow_uid = lmi.uid LEFT JOIN lzh_member_chinapnr as lmc on bi.borrow_uid = lmc.uid LEFT JOIN lzh_zhaiquan as lz on bi.borrow_zhaiquan = lz.id  WHERE ( (`second_verify_time` BETWEEN 1475078400 AND 1475164799) AND (`borrow_status` IN ('7','9')) )  [ RunTime:0.0170s ]
SQL: SHOW COLUMNS FROM `lzh_investor_detail` [ RunTime:0.0040s ]
SQL: SELECT DISTINCT  lid.borrow_id FROM lzh_investor_detail lid left join lzh_borrow_info as lbi on lbi.id =lid.borrow_id  WHERE ( (`repayment_time` BETWEEN 1475078400 AND 1475164799) AND (`second_verify_time` > 1472054399) )  [ RunTime:0.0350s ]

[ 2019-05-07T17:13:22+08:00 ] ::1 /TP/home/message/zhj_borrow
INFO: [ app_init ] --START--
INFO: Run Behavior\BuildLiteBehavior [ RunTime:0.000000s ]
INFO: [ app_init ] --END-- [ RunTime:0.001000s ]
INFO: [ app_begin ] --START--
INFO: Run Behavior\ReadHtmlCacheBehavior [ RunTime:0.000000s ]
INFO: [ app_begin ] --END-- [ RunTime:0.000000s ]
SQL: SHOW COLUMNS FROM `lzh_borrow_info` [ RunTime:0.0040s ]
SQL: SELECT bi.id FROM lzh_borrow_info bi LEFT JOIN lzh_member_jshbank as lmj on bi.borrow_uid = lmj.uid LEFT JOIN lzh_member_info as lmi on bi.borrow_uid = lmi.uid LEFT JOIN lzh_member_chinapnr as lmc on bi.borrow_uid = lmc.uid LEFT JOIN lzh_zhaiquan as lz on bi.borrow_zhaiquan = lz.id  WHERE ( (`second_verify_time` BETWEEN 1475164800 AND 1475251199) AND (`borrow_status` IN ('7','9')) )  [ RunTime:0.0140s ]
SQL: SHOW COLUMNS FROM `lzh_investor_detail` [ RunTime:0.0040s ]
SQL: SELECT DISTINCT  lid.borrow_id FROM lzh_investor_detail lid left join lzh_borrow_info as lbi on lbi.id =lid.borrow_id  WHERE ( (`repayment_time` BETWEEN 1475164800 AND 1475251199) AND (`second_verify_time` > 1472054399) )  [ RunTime:0.0350s ]

[ 2019-05-07T17:14:11+08:00 ] ::1 /TP/home/message/zhj_borrow
INFO: [ app_init ] --START--
INFO: Run Behavior\BuildLiteBehavior [ RunTime:0.000000s ]
INFO: [ app_init ] --END-- [ RunTime:0.000000s ]
INFO: [ app_begin ] --START--
INFO: Run Behavior\ReadHtmlCacheBehavior [ RunTime:0.000000s ]
INFO: [ app_begin ] --END-- [ RunTime:0.000000s ]
SQL: SHOW COLUMNS FROM `lzh_borrow_info` [ RunTime:0.0040s ]
SQL: SELECT bi.id FROM lzh_borrow_info bi LEFT JOIN lzh_member_jshbank as lmj on bi.borrow_uid = lmj.uid LEFT JOIN lzh_member_info as lmi on bi.borrow_uid = lmi.uid LEFT JOIN lzh_member_chinapnr as lmc on bi.borrow_uid = lmc.uid LEFT JOIN lzh_zhaiquan as lz on bi.borrow_zhaiquan = lz.id  WHERE ( (`second_verify_time` BETWEEN 1475251200 AND 1475337599) AND (`borrow_status` IN ('7','9')) )  [ RunTime:0.0020s ]
SQL: SHOW COLUMNS FROM `lzh_investor_detail` [ RunTime:0.0030s ]
SQL: SELECT DISTINCT  lid.borrow_id FROM lzh_investor_detail lid left join lzh_borrow_info as lbi on lbi.id =lid.borrow_id  WHERE ( (`repayment_time` BETWEEN 1475251200 AND 1475337599) AND (`second_verify_time` > 1472054399) )  [ RunTime:0.0340s ]

[ 2019-05-07T17:14:45+08:00 ] ::1 /TP/home/message/zhj_borrow
INFO: [ app_init ] --START--
INFO: Run Behavior\BuildLiteBehavior [ RunTime:0.000000s ]
INFO: [ app_init ] --END-- [ RunTime:0.001000s ]
INFO: [ app_begin ] --START--
INFO: Run Behavior\ReadHtmlCacheBehavior [ RunTime:0.001000s ]
INFO: [ app_begin ] --END-- [ RunTime:0.001000s ]
SQL: SHOW COLUMNS FROM `lzh_borrow_info` [ RunTime:0.0050s ]
SQL: SELECT bi.id FROM lzh_borrow_info bi LEFT JOIN lzh_member_jshbank as lmj on bi.borrow_uid = lmj.uid LEFT JOIN lzh_member_info as lmi on bi.borrow_uid = lmi.uid LEFT JOIN lzh_member_chinapnr as lmc on bi.borrow_uid = lmc.uid LEFT JOIN lzh_zhaiquan as lz on bi.borrow_zhaiquan = lz.id  WHERE ( (`second_verify_time` BETWEEN 1475337600 AND 1475423999) AND (`borrow_status` IN ('7','9')) )  [ RunTime:0.0020s ]
SQL: SHOW COLUMNS FROM `lzh_investor_detail` [ RunTime:0.0040s ]
SQL: SELECT DISTINCT  lid.borrow_id FROM lzh_investor_detail lid left join lzh_borrow_info as lbi on lbi.id =lid.borrow_id  WHERE ( (`repayment_time` BETWEEN 1475337600 AND 1475423999) AND (`second_verify_time` > 1472054399) )  [ RunTime:0.0350s ]

[ 2019-05-07T17:15:21+08:00 ] ::1 /TP/home/message/zhj_borrow
INFO: [ app_init ] --START--
INFO: Run Behavior\BuildLiteBehavior [ RunTime:0.000000s ]
INFO: [ app_init ] --END-- [ RunTime:0.001000s ]
INFO: [ app_begin ] --START--
INFO: Run Behavior\ReadHtmlCacheBehavior [ RunTime:0.000000s ]
INFO: [ app_begin ] --END-- [ RunTime:0.000000s ]
SQL: SHOW COLUMNS FROM `lzh_borrow_info` [ RunTime:0.0050s ]
SQL: SELECT bi.id FROM lzh_borrow_info bi LEFT JOIN lzh_member_jshbank as lmj on bi.borrow_uid = lmj.uid LEFT JOIN lzh_member_info as lmi on bi.borrow_uid = lmi.uid LEFT JOIN lzh_member_chinapnr as lmc on bi.borrow_uid = lmc.uid LEFT JOIN lzh_zhaiquan as lz on bi.borrow_zhaiquan = lz.id  WHERE ( (`second_verify_time` BETWEEN 1475596800 AND 1475683199) AND (`borrow_status` IN ('7','9')) )  [ RunTime:0.0030s ]
SQL: SHOW COLUMNS FROM `lzh_investor_detail` [ RunTime:0.0040s ]
SQL: SELECT DISTINCT  lid.borrow_id FROM lzh_investor_detail lid left join lzh_borrow_info as lbi on lbi.id =lid.borrow_id  WHERE ( (`repayment_time` BETWEEN 1475596800 AND 1475683199) AND (`second_verify_time` > 1472054399) )  [ RunTime:0.0340s ]

[ 2019-05-07T17:16:07+08:00 ] ::1 /TP/home/message/zhj_borrow
INFO: [ app_init ] --START--
INFO: Run Behavior\BuildLiteBehavior [ RunTime:0.000000s ]
INFO: [ app_init ] --END-- [ RunTime:0.000000s ]
INFO: [ app_begin ] --START--
INFO: Run Behavior\ReadHtmlCacheBehavior [ RunTime:0.001000s ]
INFO: [ app_begin ] --END-- [ RunTime:0.001000s ]
SQL: SHOW COLUMNS FROM `lzh_borrow_info` [ RunTime:0.0060s ]
SQL: SELECT bi.id FROM lzh_borrow_info bi LEFT JOIN lzh_member_jshbank as lmj on bi.borrow_uid = lmj.uid LEFT JOIN lzh_member_info as lmi on bi.borrow_uid = lmi.uid LEFT JOIN lzh_member_chinapnr as lmc on bi.borrow_uid = lmc.uid LEFT JOIN lzh_zhaiquan as lz on bi.borrow_zhaiquan = lz.id  WHERE ( (`second_verify_time` BETWEEN 1475683200 AND 1475769599) AND (`borrow_status` IN ('7','9')) )  [ RunTime:0.0190s ]
SQL: SHOW COLUMNS FROM `lzh_investor_detail` [ RunTime:0.0040s ]
SQL: SELECT DISTINCT  lid.borrow_id FROM lzh_investor_detail lid left join lzh_borrow_info as lbi on lbi.id =lid.borrow_id  WHERE ( (`repayment_time` BETWEEN 1475683200 AND 1475769599) AND (`second_verify_time` > 1472054399) )  [ RunTime:0.0340s ]

[ 2019-05-07T17:16:43+08:00 ] ::1 /TP/home/message/zhj_borrow
INFO: [ app_init ] --START--
INFO: Run Behavior\BuildLiteBehavior [ RunTime:0.000000s ]
INFO: [ app_init ] --END-- [ RunTime:0.001000s ]
INFO: [ app_begin ] --START--
INFO: Run Behavior\ReadHtmlCacheBehavior [ RunTime:0.001000s ]
INFO: [ app_begin ] --END-- [ RunTime:0.001000s ]
SQL: SHOW COLUMNS FROM `lzh_borrow_info` [ RunTime:0.0050s ]
SQL: SELECT bi.id FROM lzh_borrow_info bi LEFT JOIN lzh_member_jshbank as lmj on bi.borrow_uid = lmj.uid LEFT JOIN lzh_member_info as lmi on bi.borrow_uid = lmi.uid LEFT JOIN lzh_member_chinapnr as lmc on bi.borrow_uid = lmc.uid LEFT JOIN lzh_zhaiquan as lz on bi.borrow_zhaiquan = lz.id  WHERE ( (`second_verify_time` BETWEEN 1475769600 AND 1475855999) AND (`borrow_status` IN ('7','9')) )  [ RunTime:0.0020s ]
SQL: SHOW COLUMNS FROM `lzh_investor_detail` [ RunTime:0.0040s ]
SQL: SELECT DISTINCT  lid.borrow_id FROM lzh_investor_detail lid left join lzh_borrow_info as lbi on lbi.id =lid.borrow_id  WHERE ( (`repayment_time` BETWEEN 1475769600 AND 1475855999) AND (`second_verify_time` > 1472054399) )  [ RunTime:0.0350s ]

[ 2019-05-07T17:17:12+08:00 ] ::1 /TP/home/message/zhj_borrow
INFO: [ app_init ] --START--
INFO: Run Behavior\BuildLiteBehavior [ RunTime:0.000000s ]
INFO: [ app_init ] --END-- [ RunTime:0.000000s ]
INFO: [ app_begin ] --START--
INFO: Run Behavior\ReadHtmlCacheBehavior [ RunTime:0.000000s ]
INFO: [ app_begin ] --END-- [ RunTime:0.000000s ]
SQL: SHOW COLUMNS FROM `lzh_borrow_info` [ RunTime:0.0050s ]
SQL: SELECT bi.id FROM lzh_borrow_info bi LEFT JOIN lzh_member_jshbank as lmj on bi.borrow_uid = lmj.uid LEFT JOIN lzh_member_info as lmi on bi.borrow_uid = lmi.uid LEFT JOIN lzh_member_chinapnr as lmc on bi.borrow_uid = lmc.uid LEFT JOIN lzh_zhaiquan as lz on bi.borrow_zhaiquan = lz.id  WHERE ( (`second_verify_time` BETWEEN 1475856000 AND 1475942399) AND (`borrow_status` IN ('7','9')) )  [ RunTime:0.0120s ]
SQL: SHOW COLUMNS FROM `lzh_investor_detail` [ RunTime:0.0050s ]
SQL: SELECT DISTINCT  lid.borrow_id FROM lzh_investor_detail lid left join lzh_borrow_info as lbi on lbi.id =lid.borrow_id  WHERE ( (`repayment_time` BETWEEN 1475856000 AND 1475942399) AND (`second_verify_time` > 1472054399) )  [ RunTime:0.0350s ]

[ 2019-05-07T17:17:52+08:00 ] ::1 /TP/home/message/zhj_borrow
INFO: [ app_init ] --START--
INFO: Run Behavior\BuildLiteBehavior [ RunTime:0.000000s ]
INFO: [ app_init ] --END-- [ RunTime:0.000000s ]
INFO: [ app_begin ] --START--
INFO: Run Behavior\ReadHtmlCacheBehavior [ RunTime:0.000000s ]
INFO: [ app_begin ] --END-- [ RunTime:0.000000s ]
SQL: SHOW COLUMNS FROM `lzh_borrow_info` [ RunTime:0.0040s ]
SQL: SELECT bi.id FROM lzh_borrow_info bi LEFT JOIN lzh_member_jshbank as lmj on bi.borrow_uid = lmj.uid LEFT JOIN lzh_member_info as lmi on bi.borrow_uid = lmi.uid LEFT JOIN lzh_member_chinapnr as lmc on bi.borrow_uid = lmc.uid LEFT JOIN lzh_zhaiquan as lz on bi.borrow_zhaiquan = lz.id  WHERE ( (`second_verify_time` BETWEEN 1475942400 AND 1476028799) AND (`borrow_status` IN ('7','9')) )  [ RunTime:0.0020s ]
SQL: SHOW COLUMNS FROM `lzh_investor_detail` [ RunTime:0.0040s ]
SQL: SELECT DISTINCT  lid.borrow_id FROM lzh_investor_detail lid left join lzh_borrow_info as lbi on lbi.id =lid.borrow_id  WHERE ( (`repayment_time` BETWEEN 1475942400 AND 1476028799) AND (`second_verify_time` > 1472054399) )  [ RunTime:0.0340s ]

[ 2019-05-07T17:18:12+08:00 ] ::1 /TP/home/message/zhj_borrow
INFO: [ app_init ] --START--
INFO: Run Behavior\BuildLiteBehavior [ RunTime:0.000000s ]
INFO: [ app_init ] --END-- [ RunTime:0.001000s ]
INFO: [ app_begin ] --START--
INFO: Run Behavior\ReadHtmlCacheBehavior [ RunTime:0.001000s ]
INFO: [ app_begin ] --END-- [ RunTime:0.001000s ]
SQL: SHOW COLUMNS FROM `lzh_borrow_info` [ RunTime:0.0050s ]
SQL: SELECT bi.id FROM lzh_borrow_info bi LEFT JOIN lzh_member_jshbank as lmj on bi.borrow_uid = lmj.uid LEFT JOIN lzh_member_info as lmi on bi.borrow_uid = lmi.uid LEFT JOIN lzh_member_chinapnr as lmc on bi.borrow_uid = lmc.uid LEFT JOIN lzh_zhaiquan as lz on bi.borrow_zhaiquan = lz.id  WHERE ( (`second_verify_time` BETWEEN 1476028800 AND 1476115199) AND (`borrow_status` IN ('7','9')) )  [ RunTime:0.0060s ]
SQL: SHOW COLUMNS FROM `lzh_investor_detail` [ RunTime:0.0050s ]
SQL: SELECT DISTINCT  lid.borrow_id FROM lzh_investor_detail lid left join lzh_borrow_info as lbi on lbi.id =lid.borrow_id  WHERE ( (`repayment_time` BETWEEN 1476028800 AND 1476115199) AND (`second_verify_time` > 1472054399) )  [ RunTime:0.0340s ]

[ 2019-05-07T17:18:41+08:00 ] ::1 /TP/home/message/zhj_borrow
INFO: [ app_init ] --START--
INFO: Run Behavior\BuildLiteBehavior [ RunTime:0.000000s ]
INFO: [ app_init ] --END-- [ RunTime:0.001000s ]
INFO: [ app_begin ] --START--
INFO: Run Behavior\ReadHtmlCacheBehavior [ RunTime:0.001000s ]
INFO: [ app_begin ] --END-- [ RunTime:0.001000s ]
SQL: SHOW COLUMNS FROM `lzh_borrow_info` [ RunTime:0.0050s ]
SQL: SELECT bi.id FROM lzh_borrow_info bi LEFT JOIN lzh_member_jshbank as lmj on bi.borrow_uid = lmj.uid LEFT JOIN lzh_member_info as lmi on bi.borrow_uid = lmi.uid LEFT JOIN lzh_member_chinapnr as lmc on bi.borrow_uid = lmc.uid LEFT JOIN lzh_zhaiquan as lz on bi.borrow_zhaiquan = lz.id  WHERE ( (`second_verify_time` BETWEEN 1476201600 AND 1476287999) AND (`borrow_status` IN ('7','9')) )  [ RunTime:0.0030s ]
SQL: SHOW COLUMNS FROM `lzh_investor_detail` [ RunTime:0.0040s ]
SQL: SELECT DISTINCT  lid.borrow_id FROM lzh_investor_detail lid left join lzh_borrow_info as lbi on lbi.id =lid.borrow_id  WHERE ( (`repayment_time` BETWEEN 1476201600 AND 1476287999) AND (`second_verify_time` > 1472054399) )  [ RunTime:0.0350s ]

[ 2019-05-07T17:19:05+08:00 ] ::1 /TP/home/message/zhj_borrow
INFO: [ app_init ] --START--
INFO: Run Behavior\BuildLiteBehavior [ RunTime:0.000000s ]
INFO: [ app_init ] --END-- [ RunTime:0.000000s ]
INFO: [ app_begin ] --START--
INFO: Run Behavior\ReadHtmlCacheBehavior [ RunTime:0.001000s ]
INFO: [ app_begin ] --END-- [ RunTime:0.001000s ]
SQL: SHOW COLUMNS FROM `lzh_borrow_info` [ RunTime:0.0050s ]
SQL: SELECT bi.id FROM lzh_borrow_info bi LEFT JOIN lzh_member_jshbank as lmj on bi.borrow_uid = lmj.uid LEFT JOIN lzh_member_info as lmi on bi.borrow_uid = lmi.uid LEFT JOIN lzh_member_chinapnr as lmc on bi.borrow_uid = lmc.uid LEFT JOIN lzh_zhaiquan as lz on bi.borrow_zhaiquan = lz.id  WHERE ( (`second_verify_time` BETWEEN 1476288000 AND 1476374399) AND (`borrow_status` IN ('7','9')) )  [ RunTime:0.0020s ]
SQL: SHOW COLUMNS FROM `lzh_investor_detail` [ RunTime:0.0040s ]
SQL: SELECT DISTINCT  lid.borrow_id FROM lzh_investor_detail lid left join lzh_borrow_info as lbi on lbi.id =lid.borrow_id  WHERE ( (`repayment_time` BETWEEN 1476288000 AND 1476374399) AND (`second_verify_time` > 1472054399) )  [ RunTime:0.0340s ]

[ 2019-05-07T17:19:24+08:00 ] ::1 /TP/home/message/zhj_borrow
INFO: [ app_init ] --START--
INFO: Run Behavior\BuildLiteBehavior [ RunTime:0.000000s ]
INFO: [ app_init ] --END-- [ RunTime:0.000000s ]
INFO: [ app_begin ] --START--
INFO: Run Behavior\ReadHtmlCacheBehavior [ RunTime:0.000000s ]
INFO: [ app_begin ] --END-- [ RunTime:0.000000s ]
SQL: SHOW COLUMNS FROM `lzh_borrow_info` [ RunTime:0.0040s ]
SQL: SELECT bi.id FROM lzh_borrow_info bi LEFT JOIN lzh_member_jshbank as lmj on bi.borrow_uid = lmj.uid LEFT JOIN lzh_member_info as lmi on bi.borrow_uid = lmi.uid LEFT JOIN lzh_member_chinapnr as lmc on bi.borrow_uid = lmc.uid LEFT JOIN lzh_zhaiquan as lz on bi.borrow_zhaiquan = lz.id  WHERE ( (`second_verify_time` BETWEEN 1476633600 AND 1476719999) AND (`borrow_status` IN ('7','9')) )  [ RunTime:0.0180s ]
SQL: SHOW COLUMNS FROM `lzh_investor_detail` [ RunTime:0.0030s ]
SQL: SELECT DISTINCT  lid.borrow_id FROM lzh_investor_detail lid left join lzh_borrow_info as lbi on lbi.id =lid.borrow_id  WHERE ( (`repayment_time` BETWEEN 1476633600 AND 1476719999) AND (`second_verify_time` > 1472054399) )  [ RunTime:0.0340s ]

[ 2019-05-07T17:20:31+08:00 ] ::1 /TP/home/message/zhj_borrow
INFO: [ app_init ] --START--
INFO: Run Behavior\BuildLiteBehavior [ RunTime:0.000000s ]
INFO: [ app_init ] --END-- [ RunTime:0.000000s ]
INFO: [ app_begin ] --START--
INFO: Run Behavior\ReadHtmlCacheBehavior [ RunTime:0.001000s ]
INFO: [ app_begin ] --END-- [ RunTime:0.001000s ]
SQL: SHOW COLUMNS FROM `lzh_borrow_info` [ RunTime:0.0050s ]
SQL: SELECT bi.id FROM lzh_borrow_info bi LEFT JOIN lzh_member_jshbank as lmj on bi.borrow_uid = lmj.uid LEFT JOIN lzh_member_info as lmi on bi.borrow_uid = lmi.uid LEFT JOIN lzh_member_chinapnr as lmc on bi.borrow_uid = lmc.uid LEFT JOIN lzh_zhaiquan as lz on bi.borrow_zhaiquan = lz.id  WHERE ( (`second_verify_time` BETWEEN 1476806400 AND 1476892799) AND (`borrow_status` IN ('7','9')) )  [ RunTime:0.0030s ]
SQL: SHOW COLUMNS FROM `lzh_investor_detail` [ RunTime:0.0040s ]
SQL: SELECT DISTINCT  lid.borrow_id FROM lzh_investor_detail lid left join lzh_borrow_info as lbi on lbi.id =lid.borrow_id  WHERE ( (`repayment_time` BETWEEN 1476806400 AND 1476892799) AND (`second_verify_time` > 1472054399) )  [ RunTime:0.0340s ]

[ 2019-05-07T17:20:59+08:00 ] ::1 /TP/home/message/zhj_borrow
INFO: [ app_init ] --START--
INFO: Run Behavior\BuildLiteBehavior [ RunTime:0.000000s ]
INFO: [ app_init ] --END-- [ RunTime:0.000000s ]
INFO: [ app_begin ] --START--
INFO: Run Behavior\ReadHtmlCacheBehavior [ RunTime:0.000000s ]
INFO: [ app_begin ] --END-- [ RunTime:0.000000s ]
SQL: SHOW COLUMNS FROM `lzh_borrow_info` [ RunTime:0.0050s ]
SQL: SELECT bi.id FROM lzh_borrow_info bi LEFT JOIN lzh_member_jshbank as lmj on bi.borrow_uid = lmj.uid LEFT JOIN lzh_member_info as lmi on bi.borrow_uid = lmi.uid LEFT JOIN lzh_member_chinapnr as lmc on bi.borrow_uid = lmc.uid LEFT JOIN lzh_zhaiquan as lz on bi.borrow_zhaiquan = lz.id  WHERE ( (`second_verify_time` BETWEEN 1476979200 AND 1477065599) AND (`borrow_status` IN ('7','9')) )  [ RunTime:0.0020s ]
SQL: SHOW COLUMNS FROM `lzh_investor_detail` [ RunTime:0.0040s ]
SQL: SELECT DISTINCT  lid.borrow_id FROM lzh_investor_detail lid left join lzh_borrow_info as lbi on lbi.id =lid.borrow_id  WHERE ( (`repayment_time` BETWEEN 1476979200 AND 1477065599) AND (`second_verify_time` > 1472054399) )  [ RunTime:0.0340s ]

[ 2019-05-07T17:21:24+08:00 ] ::1 /TP/home/message/zhj_borrow
INFO: [ app_init ] --START--
INFO: Run Behavior\BuildLiteBehavior [ RunTime:0.000000s ]
INFO: [ app_init ] --END-- [ RunTime:0.000000s ]
INFO: [ app_begin ] --START--
INFO: Run Behavior\ReadHtmlCacheBehavior [ RunTime:0.000000s ]
INFO: [ app_begin ] --END-- [ RunTime:0.000000s ]
SQL: SHOW COLUMNS FROM `lzh_borrow_info` [ RunTime:0.0040s ]
SQL: SELECT bi.id FROM lzh_borrow_info bi LEFT JOIN lzh_member_jshbank as lmj on bi.borrow_uid = lmj.uid LEFT JOIN lzh_member_info as lmi on bi.borrow_uid = lmi.uid LEFT JOIN lzh_member_chinapnr as lmc on bi.borrow_uid = lmc.uid LEFT JOIN lzh_zhaiquan as lz on bi.borrow_zhaiquan = lz.id  WHERE ( (`second_verify_time` BETWEEN 1477152000 AND 1477238399) AND (`borrow_status` IN ('7','9')) )  [ RunTime:0.0020s ]
SQL: SHOW COLUMNS FROM `lzh_investor_detail` [ RunTime:0.0040s ]
SQL: SELECT DISTINCT  lid.borrow_id FROM lzh_investor_detail lid left join lzh_borrow_info as lbi on lbi.id =lid.borrow_id  WHERE ( (`repayment_time` BETWEEN 1477152000 AND 1477238399) AND (`second_verify_time` > 1472054399) )  [ RunTime:0.0350s ]

[ 2019-05-07T17:21:52+08:00 ] ::1 /TP/home/message/zhj_borrow
INFO: [ app_init ] --START--
INFO: Run Behavior\BuildLiteBehavior [ RunTime:0.000000s ]
INFO: [ app_init ] --END-- [ RunTime:0.000000s ]
INFO: [ app_begin ] --START--
INFO: Run Behavior\ReadHtmlCacheBehavior [ RunTime:0.001000s ]
INFO: [ app_begin ] --END-- [ RunTime:0.001000s ]
SQL: SHOW COLUMNS FROM `lzh_borrow_info` [ RunTime:0.0050s ]
SQL: SELECT bi.id FROM lzh_borrow_info bi LEFT JOIN lzh_member_jshbank as lmj on bi.borrow_uid = lmj.uid LEFT JOIN lzh_member_info as lmi on bi.borrow_uid = lmi.uid LEFT JOIN lzh_member_chinapnr as lmc on bi.borrow_uid = lmc.uid LEFT JOIN lzh_zhaiquan as lz on bi.borrow_zhaiquan = lz.id  WHERE ( (`second_verify_time` BETWEEN 1477411200 AND 1477497599) AND (`borrow_status` IN ('7','9')) )  [ RunTime:0.0030s ]
SQL: SHOW COLUMNS FROM `lzh_investor_detail` [ RunTime:0.0040s ]
SQL: SELECT DISTINCT  lid.borrow_id FROM lzh_investor_detail lid left join lzh_borrow_info as lbi on lbi.id =lid.borrow_id  WHERE ( (`repayment_time` BETWEEN 1477411200 AND 1477497599) AND (`second_verify_time` > 1472054399) )  [ RunTime:0.0350s ]

[ 2019-05-07T17:22:11+08:00 ] ::1 /TP/home/message/zhj_borrow
INFO: [ app_init ] --START--
INFO: Run Behavior\BuildLiteBehavior [ RunTime:0.000000s ]
INFO: [ app_init ] --END-- [ RunTime:0.000000s ]
INFO: [ app_begin ] --START--
INFO: Run Behavior\ReadHtmlCacheBehavior [ RunTime:0.000000s ]
INFO: [ app_begin ] --END-- [ RunTime:0.000000s ]
SQL: SHOW COLUMNS FROM `lzh_borrow_info` [ RunTime:0.0040s ]
SQL: SELECT bi.id FROM lzh_borrow_info bi LEFT JOIN lzh_member_jshbank as lmj on bi.borrow_uid = lmj.uid LEFT JOIN lzh_member_info as lmi on bi.borrow_uid = lmi.uid LEFT JOIN lzh_member_chinapnr as lmc on bi.borrow_uid = lmc.uid LEFT JOIN lzh_zhaiquan as lz on bi.borrow_zhaiquan = lz.id  WHERE ( (`second_verify_time` BETWEEN 1477497600 AND 1477583999) AND (`borrow_status` IN ('7','9')) )  [ RunTime:0.0020s ]
SQL: SHOW COLUMNS FROM `lzh_investor_detail` [ RunTime:0.0030s ]
SQL: SELECT DISTINCT  lid.borrow_id FROM lzh_investor_detail lid left join lzh_borrow_info as lbi on lbi.id =lid.borrow_id  WHERE ( (`repayment_time` BETWEEN 1477497600 AND 1477583999) AND (`second_verify_time` > 1472054399) )  [ RunTime:0.0340s ]

[ 2019-05-07T17:27:35+08:00 ] ::1 /TP/home/message/zhj_borrow
INFO: [ app_init ] --START--
INFO: Run Behavior\BuildLiteBehavior [ RunTime:0.000000s ]
INFO: [ app_init ] --END-- [ RunTime:0.000000s ]
INFO: [ app_begin ] --START--
INFO: Run Behavior\ReadHtmlCacheBehavior [ RunTime:0.001000s ]
INFO: [ app_begin ] --END-- [ RunTime:0.001000s ]
SQL: SHOW COLUMNS FROM `lzh_borrow_info` [ RunTime:0.0040s ]
SQL: SELECT bi.id FROM lzh_borrow_info bi LEFT JOIN lzh_member_jshbank as lmj on bi.borrow_uid = lmj.uid LEFT JOIN lzh_member_info as lmi on bi.borrow_uid = lmi.uid LEFT JOIN lzh_member_chinapnr as lmc on bi.borrow_uid = lmc.uid LEFT JOIN lzh_zhaiquan as lz on bi.borrow_zhaiquan = lz.id  WHERE ( (`second_verify_time` BETWEEN 1477584000 AND 1477670399) AND (`borrow_status` IN ('7','9')) )  [ RunTime:0.0130s ]
SQL: SHOW COLUMNS FROM `lzh_investor_detail` [ RunTime:0.0040s ]
SQL: SELECT DISTINCT  lid.borrow_id FROM lzh_investor_detail lid left join lzh_borrow_info as lbi on lbi.id =lid.borrow_id  WHERE ( (`repayment_time` BETWEEN 1477584000 AND 1477670399) AND (`second_verify_time` > 1472054399) )  [ RunTime:0.0340s ]

[ 2019-05-07T17:31:10+08:00 ] ::1 /TP/home/message/zhj_borrow
INFO: [ app_init ] --START--
INFO: Run Behavior\BuildLiteBehavior [ RunTime:0.000000s ]
INFO: [ app_init ] --END-- [ RunTime:0.000000s ]
INFO: [ app_begin ] --START--
INFO: Run Behavior\ReadHtmlCacheBehavior [ RunTime:0.001000s ]
INFO: [ app_begin ] --END-- [ RunTime:0.001000s ]
SQL: SHOW COLUMNS FROM `lzh_borrow_info` [ RunTime:0.0040s ]
SQL: SELECT bi.id FROM lzh_borrow_info bi LEFT JOIN lzh_member_jshbank as lmj on bi.borrow_uid = lmj.uid LEFT JOIN lzh_member_info as lmi on bi.borrow_uid = lmi.uid LEFT JOIN lzh_member_chinapnr as lmc on bi.borrow_uid = lmc.uid LEFT JOIN lzh_zhaiquan as lz on bi.borrow_zhaiquan = lz.id  WHERE ( (`second_verify_time` BETWEEN 1477670400 AND 1477756799) AND (`borrow_status` IN ('7','9')) )  [ RunTime:0.0020s ]
SQL: SHOW COLUMNS FROM `lzh_investor_detail` [ RunTime:0.0040s ]
SQL: SELECT DISTINCT  lid.borrow_id FROM lzh_investor_detail lid left join lzh_borrow_info as lbi on lbi.id =lid.borrow_id  WHERE ( (`repayment_time` BETWEEN 1477670400 AND 1477756799) AND (`second_verify_time` > 1472054399) )  [ RunTime:0.0350s ]

[ 2019-05-07T17:31:38+08:00 ] ::1 /TP/home/message/zhj_borrow
INFO: [ app_init ] --START--
INFO: Run Behavior\BuildLiteBehavior [ RunTime:0.000000s ]
INFO: [ app_init ] --END-- [ RunTime:0.000000s ]
INFO: [ app_begin ] --START--
INFO: Run Behavior\ReadHtmlCacheBehavior [ RunTime:0.001000s ]
INFO: [ app_begin ] --END-- [ RunTime:0.001000s ]
SQL: SHOW COLUMNS FROM `lzh_borrow_info` [ RunTime:0.0040s ]
SQL: SELECT bi.id FROM lzh_borrow_info bi LEFT JOIN lzh_member_jshbank as lmj on bi.borrow_uid = lmj.uid LEFT JOIN lzh_member_info as lmi on bi.borrow_uid = lmi.uid LEFT JOIN lzh_member_chinapnr as lmc on bi.borrow_uid = lmc.uid LEFT JOIN lzh_zhaiquan as lz on bi.borrow_zhaiquan = lz.id  WHERE ( (`second_verify_time` BETWEEN 1477756800 AND 1477843199) AND (`borrow_status` IN ('7','9')) )  [ RunTime:0.0020s ]
SQL: SHOW COLUMNS FROM `lzh_investor_detail` [ RunTime:0.0040s ]
SQL: SELECT DISTINCT  lid.borrow_id FROM lzh_investor_detail lid left join lzh_borrow_info as lbi on lbi.id =lid.borrow_id  WHERE ( (`repayment_time` BETWEEN 1477756800 AND 1477843199) AND (`second_verify_time` > 1472054399) )  [ RunTime:0.0350s ]

[ 2019-05-07T17:32:17+08:00 ] ::1 /TP/home/message/zhj_borrow
INFO: [ app_init ] --START--
INFO: Run Behavior\BuildLiteBehavior [ RunTime:0.000000s ]
INFO: [ app_init ] --END-- [ RunTime:0.001000s ]
INFO: [ app_begin ] --START--
INFO: Run Behavior\ReadHtmlCacheBehavior [ RunTime:0.001000s ]
INFO: [ app_begin ] --END-- [ RunTime:0.001000s ]
SQL: SHOW COLUMNS FROM `lzh_borrow_info` [ RunTime:0.0050s ]
SQL: SELECT bi.id FROM lzh_borrow_info bi LEFT JOIN lzh_member_jshbank as lmj on bi.borrow_uid = lmj.uid LEFT JOIN lzh_member_info as lmi on bi.borrow_uid = lmi.uid LEFT JOIN lzh_member_chinapnr as lmc on bi.borrow_uid = lmc.uid LEFT JOIN lzh_zhaiquan as lz on bi.borrow_zhaiquan = lz.id  WHERE ( (`second_verify_time` BETWEEN 1477843200 AND 1477929599) AND (`borrow_status` IN ('7','9')) )  [ RunTime:0.0020s ]
SQL: SHOW COLUMNS FROM `lzh_investor_detail` [ RunTime:0.0050s ]
SQL: SELECT DISTINCT  lid.borrow_id FROM lzh_investor_detail lid left join lzh_borrow_info as lbi on lbi.id =lid.borrow_id  WHERE ( (`repayment_time` BETWEEN 1477843200 AND 1477929599) AND (`second_verify_time` > 1472054399) )  [ RunTime:0.0350s ]

