[ 2019-05-09T09:36:35+08:00 ] ::1 /TP/
INFO: [ app_init ] --START--
INFO: Run Behavior\BuildLiteBehavior [ RunTime:0.000000s ]
INFO: [ app_init ] --END-- [ RunTime:0.001000s ]
INFO: [ app_begin ] --START--
INFO: Run Behavior\ReadHtmlCacheBehavior [ RunTime:0.000000s ]
INFO: [ app_begin ] --END-- [ RunTime:0.000000s ]
SQL: SHOW COLUMNS FROM `product` [ RunTime:0.0320s ]
SQL: SELECT COUNT(*) AS tp_count FROM `product` LIMIT 1   [ RunTime:0.0000s ]
SQL: SELECT `id`,`sort`,`pid`,`name`,`price`,`img`,`desc`,`status`,`add_time`,`stock`,`last_time` FROM `product` LIMIT 0,12   [ RunTime:0.0010s ]
INFO: [ view_parse ] --START--
INFO: [ template_filter ] --START--
INFO: Run Behavior\ContentReplaceBehavior [ RunTime:0.000000s ]
INFO: [ template_filter ] --END-- [ RunTime:0.000000s ]
NOTIC: [8] Undefined index: user D:\wwwroot\TP\Application\Runtime\Cache\Home\0d6509e863112dc5821b22ecb897e16e.php 第 104 行.
NOTIC: [8] Undefined index: shop D:\wwwroot\TP\Application\Runtime\Cache\Home\0d6509e863112dc5821b22ecb897e16e.php 第 118 行.
INFO: Run Behavior\ParseTemplateBehavior [ RunTime:0.036002s ]
INFO: [ view_parse ] --END-- [ RunTime:0.036002s ]
INFO: [ view_filter ] --START--
INFO: Run Behavior\WriteHtmlCacheBehavior [ RunTime:0.001000s ]
INFO: [ view_filter ] --END-- [ RunTime:0.001000s ]

[ 2019-05-09T09:36:54+08:00 ] ::1 /TP/home/GongXiang/next_sub
INFO: [ app_init ] --START--
INFO: Run Behavior\BuildLiteBehavior [ RunTime:0.000000s ]
INFO: [ app_init ] --END-- [ RunTime:0.000000s ]
INFO: [ app_begin ] --START--
INFO: Run Behavior\ReadHtmlCacheBehavior [ RunTime:0.000000s ]
INFO: [ app_begin ] --END-- [ RunTime:0.000000s ]
SQL: SHOW COLUMNS FROM `lzh_borrow_info` [ RunTime:0.2140s ]
SQL: SELECT bi.id as borrow_id FROM lzh_borrow_info bi left join lzh_member_info mi on mi.uid = bi.borrow_uid  WHERE ( (`second_verify_time` < 1556639999) AND (`borrow_status` = 6) ) ORDER BY second_verify_time  [ RunTime:0.0950s ]
SQL: SHOW COLUMNS FROM `lzh_investor_detail` [ RunTime:0.2020s ]
SQL: SELECT `repayment_time`,`borrow_id` FROM lzh_investor_detail id left join lzh_borrow_info as lbi on id.borrow_id = lbi.id  WHERE ( (( `second_verify_time` < 1551369600  )) AND (`repayment_time` > 1551369600) AND (`borrow_status` IN ('7','9')) )  [ RunTime:0.2360s ]
SQL: SELECT `repayment_time`,`borrow_id` FROM lzh_investor_detail id left join lzh_borrow_info as lbi on id.borrow_id = lbi.id  WHERE ( (( `second_verify_time` < 1556639999  )) AND (`repayment_time` > 1554048000) AND (`borrow_status` IN ('7','9')) )  [ RunTime:0.0470s ]
SQL: SELECT bi.id as borrow_id,`borrow_uid`,`cell_phone`,`second_verify_time`,`borrow_status`,`deadline`,`borrow_money`,`repayment_type`,mi.real_name,mi.idcard FROM lzh_borrow_info bi left join lzh_member_info mi on mi.uid = bi.borrow_uid  WHERE bi.id IN ('1522','1530','1547','1555','1565','1566','1570','1578','1598','1606','1607','1609','1625','1626','1627','1628','1634','1643','1647','1651','1654','1657','1659','1671','1675','1687','1706','1707','1709','1716','1715','1720','1762','1768','1774','1777','1780','1781','1782','1783','1786','1787','1788','1789','1790','1793','1795','1797','1798','1800','1801','1802','1803','1804','1805','1806','1807','1809','1810','1811','1812','1813','1814','1816','1817','1818','1819','1821','1827','1829','1830','1832','1836','1838','1842','1856','1858','1860','1862','1863','1864','1865','1569','1640','1642','1679','1680','1681','1686','1692','1698','1703','1705','1710','1718','1723','1724','1728','1731','1732','1733','1737','1740','1748','1750','1754','1755','1756','1758','1759','1760','1764','1765','1770','1771','1772','1823','1825','1843','1851','1852','1853','1855') ORDER BY second_verify_time  [ RunTime:0.0020s ]
SQL: SHOW COLUMNS FROM `lzh_investor_detail` [ RunTime:0.0040s ]
SQL: SELECT `repayment_time`,`borrow_id` FROM `lzh_investor_detail` WHERE ( (`repayment_time` BETWEEN 1554048000 AND 1556639999) AND (`borrow_id` = '1522') )  [ RunTime:0.0010s ]
SQL: SELECT `repayment_time`,`borrow_id` FROM `lzh_investor_detail` WHERE ( (`repayment_time` BETWEEN 1554048000 AND 1556639999) AND (`borrow_id` = '1530') )  [ RunTime:0.0010s ]
SQL: SELECT `repayment_time`,`borrow_id` FROM `lzh_investor_detail` WHERE ( (`repayment_time` BETWEEN 1554048000 AND 1556639999) AND (`borrow_id` = '1547') )  [ RunTime:0.0000s ]
SQL: SELECT `repayment_time`,`borrow_id` FROM `lzh_investor_detail` WHERE ( (`repayment_time` BETWEEN 1554048000 AND 1556639999) AND (`borrow_id` = '1555') )  [ RunTime:0.0010s ]
SQL: SELECT `repayment_time`,`borrow_id` FROM `lzh_investor_detail` WHERE ( (`repayment_time` BETWEEN 1554048000 AND 1556639999) AND (`borrow_id` = '1565') )  [ RunTime:0.0000s ]
SQL: SELECT `repayment_time`,`borrow_id` FROM `lzh_investor_detail` WHERE ( (`repayment_time` BETWEEN 1554048000 AND 1556639999) AND (`borrow_id` = '1566') )  [ RunTime:0.0000s ]
SQL: SELECT `repayment_time`,`borrow_id` FROM `lzh_investor_detail` WHERE ( (`repayment_time` BETWEEN 1554048000 AND 1556639999) AND (`borrow_id` = '1569') )  [ RunTime:0.0000s ]
NOTIC: [8] Undefined offset: 0 D:\wwwroot\TP\Application\Home\Controller\GongXiangController.class.php 第 325 行.
SQL: SELECT `repayment_time`,`borrow_id` FROM `lzh_investor_detail` WHERE ( (`repayment_time` BETWEEN 1554048000 AND 1556639999) AND (`borrow_id` = '1570') )  [ RunTime:0.0000s ]
SQL: SELECT `repayment_time`,`borrow_id` FROM `lzh_investor_detail` WHERE ( (`repayment_time` BETWEEN 1554048000 AND 1556639999) AND (`borrow_id` = '1578') )  [ RunTime:0.0010s ]
SQL: SELECT `repayment_time`,`borrow_id` FROM `lzh_investor_detail` WHERE ( (`repayment_time` BETWEEN 1554048000 AND 1556639999) AND (`borrow_id` = '1598') )  [ RunTime:0.0000s ]
SQL: SELECT `repayment_time`,`borrow_id` FROM `lzh_investor_detail` WHERE ( (`repayment_time` BETWEEN 1554048000 AND 1556639999) AND (`borrow_id` = '1606') )  [ RunTime:0.0000s ]
SQL: SELECT `repayment_time`,`borrow_id` FROM `lzh_investor_detail` WHERE ( (`repayment_time` BETWEEN 1554048000 AND 1556639999) AND (`borrow_id` = '1607') )  [ RunTime:0.0000s ]
SQL: SELECT `repayment_time`,`borrow_id` FROM `lzh_investor_detail` WHERE ( (`repayment_time` BETWEEN 1554048000 AND 1556639999) AND (`borrow_id` = '1609') )  [ RunTime:0.0000s ]
SQL: SELECT `repayment_time`,`borrow_id` FROM `lzh_investor_detail` WHERE ( (`repayment_time` BETWEEN 1554048000 AND 1556639999) AND (`borrow_id` = '1625') )  [ RunTime:0.0010s ]
SQL: SELECT `repayment_time`,`borrow_id` FROM `lzh_investor_detail` WHERE ( (`repayment_time` BETWEEN 1554048000 AND 1556639999) AND (`borrow_id` = '1626') )  [ RunTime:0.0000s ]
SQL: SELECT `repayment_time`,`borrow_id` FROM `lzh_investor_detail` WHERE ( (`repayment_time` BETWEEN 1554048000 AND 1556639999) AND (`borrow_id` = '1627') )  [ RunTime:0.0000s ]
SQL: SELECT `repayment_time`,`borrow_id` FROM `lzh_investor_detail` WHERE ( (`repayment_time` BETWEEN 1554048000 AND 1556639999) AND (`borrow_id` = '1628') )  [ RunTime:0.0010s ]
SQL: SELECT `repayment_time`,`borrow_id` FROM `lzh_investor_detail` WHERE ( (`repayment_time` BETWEEN 1554048000 AND 1556639999) AND (`borrow_id` = '1634') )  [ RunTime:0.0000s ]
SQL: SELECT `repayment_time`,`borrow_id` FROM `lzh_investor_detail` WHERE ( (`repayment_time` BETWEEN 1554048000 AND 1556639999) AND (`borrow_id` = '1640') )  [ RunTime:0.0000s ]
NOTIC: [8] Undefined offset: 0 D:\wwwroot\TP\Application\Home\Controller\GongXiangController.class.php 第 325 行.
SQL: SELECT `repayment_time`,`borrow_id` FROM `lzh_investor_detail` WHERE ( (`repayment_time` BETWEEN 1554048000 AND 1556639999) AND (`borrow_id` = '1642') )  [ RunTime:0.0010s ]
NOTIC: [8] Undefined offset: 0 D:\wwwroot\TP\Application\Home\Controller\GongXiangController.class.php 第 325 行.
SQL: SELECT `repayment_time`,`borrow_id` FROM `lzh_investor_detail` WHERE ( (`repayment_time` BETWEEN 1554048000 AND 1556639999) AND (`borrow_id` = '1643') )  [ RunTime:0.0000s ]
SQL: SELECT `repayment_time`,`borrow_id` FROM `lzh_investor_detail` WHERE ( (`repayment_time` BETWEEN 1554048000 AND 1556639999) AND (`borrow_id` = '1647') )  [ RunTime:0.0010s ]
SQL: SELECT `repayment_time`,`borrow_id` FROM `lzh_investor_detail` WHERE ( (`repayment_time` BETWEEN 1554048000 AND 1556639999) AND (`borrow_id` = '1651') )  [ RunTime:0.0000s ]
SQL: SELECT `repayment_time`,`borrow_id` FROM `lzh_investor_detail` WHERE ( (`repayment_time` BETWEEN 1554048000 AND 1556639999) AND (`borrow_id` = '1654') )  [ RunTime:0.0000s ]
SQL: SELECT `repayment_time`,`borrow_id` FROM `lzh_investor_detail` WHERE ( (`repayment_time` BETWEEN 1554048000 AND 1556639999) AND (`borrow_id` = '1657') )  [ RunTime:0.0010s ]
SQL: SELECT `repayment_time`,`borrow_id` FROM `lzh_investor_detail` WHERE ( (`repayment_time` BETWEEN 1554048000 AND 1556639999) AND (`borrow_id` = '1659') )  [ RunTime:0.0000s ]
SQL: SELECT `repayment_time`,`borrow_id` FROM `lzh_investor_detail` WHERE ( (`repayment_time` BETWEEN 1554048000 AND 1556639999) AND (`borrow_id` = '1671') )  [ RunTime:0.0010s ]
SQL: SELECT `repayment_time`,`borrow_id` FROM `lzh_investor_detail` WHERE ( (`repayment_time` BETWEEN 1554048000 AND 1556639999) AND (`borrow_id` = '1675') )  [ RunTime:0.0000s ]
SQL: SELECT `repayment_time`,`borrow_id` FROM `lzh_investor_detail` WHERE ( (`repayment_time` BETWEEN 1554048000 AND 1556639999) AND (`borrow_id` = '1679') )  [ RunTime:0.0000s ]
NOTIC: [8] Undefined offset: 0 D:\wwwroot\TP\Application\Home\Controller\GongXiangController.class.php 第 325 行.
SQL: SELECT `repayment_time`,`borrow_id` FROM `lzh_investor_detail` WHERE ( (`repayment_time` BETWEEN 1554048000 AND 1556639999) AND (`borrow_id` = '1680') )  [ RunTime:0.0010s ]
NOTIC: [8] Undefined offset: 0 D:\wwwroot\TP\Application\Home\Controller\GongXiangController.class.php 第 325 行.
SQL: SELECT `repayment_time`,`borrow_id` FROM `lzh_investor_detail` WHERE ( (`repayment_time` BETWEEN 1554048000 AND 1556639999) AND (`borrow_id` = '1681') )  [ RunTime:0.0000s ]
NOTIC: [8] Undefined offset: 0 D:\wwwroot\TP\Application\Home\Controller\GongXiangController.class.php 第 325 行.
SQL: SELECT `repayment_time`,`borrow_id` FROM `lzh_investor_detail` WHERE ( (`repayment_time` BETWEEN 1554048000 AND 1556639999) AND (`borrow_id` = '1686') )  [ RunTime:0.0010s ]
SQL: SELECT `repayment_time`,`borrow_id` FROM `lzh_investor_detail` WHERE ( (`repayment_time` BETWEEN 1554048000 AND 1556639999) AND (`borrow_id` = '1687') )  [ RunTime:0.0000s ]
SQL: SELECT `repayment_time`,`borrow_id` FROM `lzh_investor_detail` WHERE ( (`repayment_time` BETWEEN 1554048000 AND 1556639999) AND (`borrow_id` = '1692') )  [ RunTime:0.0000s ]
NOTIC: [8] Undefined offset: 0 D:\wwwroot\TP\Application\Home\Controller\GongXiangController.class.php 第 325 行.
SQL: SELECT `repayment_time`,`borrow_id` FROM `lzh_investor_detail` WHERE ( (`repayment_time` BETWEEN 1554048000 AND 1556639999) AND (`borrow_id` = '1698') )  [ RunTime:0.0000s ]
NOTIC: [8] Undefined offset: 0 D:\wwwroot\TP\Application\Home\Controller\GongXiangController.class.php 第 325 行.
SQL: SELECT `repayment_time`,`borrow_id` FROM `lzh_investor_detail` WHERE ( (`repayment_time` BETWEEN 1554048000 AND 1556639999) AND (`borrow_id` = '1703') )  [ RunTime:0.0000s ]
NOTIC: [8] Undefined offset: 0 D:\wwwroot\TP\Application\Home\Controller\GongXiangController.class.php 第 325 行.
SQL: SELECT `repayment_time`,`borrow_id` FROM `lzh_investor_detail` WHERE ( (`repayment_time` BETWEEN 1554048000 AND 1556639999) AND (`borrow_id` = '1705') )  [ RunTime:0.0010s ]
NOTIC: [8] Undefined offset: 0 D:\wwwroot\TP\Application\Home\Controller\GongXiangController.class.php 第 325 行.
SQL: SELECT `repayment_time`,`borrow_id` FROM `lzh_investor_detail` WHERE ( (`repayment_time` BETWEEN 1554048000 AND 1556639999) AND (`borrow_id` = '1706') )  [ RunTime:0.0000s ]
SQL: SELECT `repayment_time`,`borrow_id` FROM `lzh_investor_detail` WHERE ( (`repayment_time` BETWEEN 1554048000 AND 1556639999) AND (`borrow_id` = '1707') )  [ RunTime:0.0010s ]
SQL: SELECT `repayment_time`,`borrow_id` FROM `lzh_investor_detail` WHERE ( (`repayment_time` BETWEEN 1554048000 AND 1556639999) AND (`borrow_id` = '1709') )  [ RunTime:0.0000s ]
SQL: SELECT `repayment_time`,`borrow_id` FROM `lzh_investor_detail` WHERE ( (`repayment_time` BETWEEN 1554048000 AND 1556639999) AND (`borrow_id` = '1710') )  [ RunTime:0.0000s ]
NOTIC: [8] Undefined offset: 0 D:\wwwroot\TP\Application\Home\Controller\GongXiangController.class.php 第 325 行.
SQL: SELECT `repayment_time`,`borrow_id` FROM `lzh_investor_detail` WHERE ( (`repayment_time` BETWEEN 1554048000 AND 1556639999) AND (`borrow_id` = '1716') )  [ RunTime:0.0000s ]
SQL: SELECT `repayment_time`,`borrow_id` FROM `lzh_investor_detail` WHERE ( (`repayment_time` BETWEEN 1554048000 AND 1556639999) AND (`borrow_id` = '1715') )  [ RunTime:0.0000s ]
SQL: SELECT `repayment_time`,`borrow_id` FROM `lzh_investor_detail` WHERE ( (`repayment_time` BETWEEN 1554048000 AND 1556639999) AND (`borrow_id` = '1718') )  [ RunTime:0.0000s ]
SQL: SELECT `repayment_time`,`borrow_id` FROM `lzh_investor_detail` WHERE ( (`repayment_time` BETWEEN 1554048000 AND 1556639999) AND (`borrow_id` = '1720') )  [ RunTime:0.0000s ]
SQL: SELECT `repayment_time`,`borrow_id` FROM `lzh_investor_detail` WHERE ( (`repayment_time` BETWEEN 1554048000 AND 1556639999) AND (`borrow_id` = '1723') )  [ RunTime:0.0000s ]
SQL: SELECT `repayment_time`,`borrow_id` FROM `lzh_investor_detail` WHERE ( (`repayment_time` BETWEEN 1554048000 AND 1556639999) AND (`borrow_id` = '1724') )  [ RunTime:0.0000s ]
SQL: SELECT `repayment_time`,`borrow_id` FROM `lzh_investor_detail` WHERE ( (`repayment_time` BETWEEN 1554048000 AND 1556639999) AND (`borrow_id` = '1728') )  [ RunTime:0.0010s ]
SQL: SELECT `repayment_time`,`borrow_id` FROM `lzh_investor_detail` WHERE ( (`repayment_time` BETWEEN 1554048000 AND 1556639999) AND (`borrow_id` = '1731') )  [ RunTime:0.0000s ]
SQL: SELECT `repayment_time`,`borrow_id` FROM `lzh_investor_detail` WHERE ( (`repayment_time` BETWEEN 1554048000 AND 1556639999) AND (`borrow_id` = '1732') )  [ RunTime:0.0010s ]
SQL: SELECT `repayment_time`,`borrow_id` FROM `lzh_investor_detail` WHERE ( (`repayment_time` BETWEEN 1554048000 AND 1556639999) AND (`borrow_id` = '1733') )  [ RunTime:0.0000s ]
SQL: SELECT `repayment_time`,`borrow_id` FROM `lzh_investor_detail` WHERE ( (`repayment_time` BETWEEN 1554048000 AND 1556639999) AND (`borrow_id` = '1737') )  [ RunTime:0.0010s ]
SQL: SELECT `repayment_time`,`borrow_id` FROM `lzh_investor_detail` WHERE ( (`repayment_time` BETWEEN 1554048000 AND 1556639999) AND (`borrow_id` = '1740') )  [ RunTime:0.0000s ]
NOTIC: [8] Undefined offset: 0 D:\wwwroot\TP\Application\Home\Controller\GongXiangController.class.php 第 325 行.
SQL: SELECT `repayment_time`,`borrow_id` FROM `lzh_investor_detail` WHERE ( (`repayment_time` BETWEEN 1554048000 AND 1556639999) AND (`borrow_id` = '1748') )  [ RunTime:0.0000s ]
SQL: SELECT `repayment_time`,`borrow_id` FROM `lzh_investor_detail` WHERE ( (`repayment_time` BETWEEN 1554048000 AND 1556639999) AND (`borrow_id` = '1750') )  [ RunTime:0.0000s ]
SQL: SELECT `repayment_time`,`borrow_id` FROM `lzh_investor_detail` WHERE ( (`repayment_time` BETWEEN 1554048000 AND 1556639999) AND (`borrow_id` = '1754') )  [ RunTime:0.0000s ]
SQL: SELECT `repayment_time`,`borrow_id` FROM `lzh_investor_detail` WHERE ( (`repayment_time` BETWEEN 1554048000 AND 1556639999) AND (`borrow_id` = '1755') )  [ RunTime:0.0010s ]
SQL: SELECT `repayment_time`,`borrow_id` FROM `lzh_investor_detail` WHERE ( (`repayment_time` BETWEEN 1554048000 AND 1556639999) AND (`borrow_id` = '1756') )  [ RunTime:0.0000s ]
SQL: SELECT `repayment_time`,`borrow_id` FROM `lzh_investor_detail` WHERE ( (`repayment_time` BETWEEN 1554048000 AND 1556639999) AND (`borrow_id` = '1758') )  [ RunTime:0.0010s ]
SQL: SELECT `repayment_time`,`borrow_id` FROM `lzh_investor_detail` WHERE ( (`repayment_time` BETWEEN 1554048000 AND 1556639999) AND (`borrow_id` = '1759') )  [ RunTime:0.0000s ]
SQL: SELECT `repayment_time`,`borrow_id` FROM `lzh_investor_detail` WHERE ( (`repayment_time` BETWEEN 1554048000 AND 1556639999) AND (`borrow_id` = '1760') )  [ RunTime:0.0000s ]
SQL: SELECT `repayment_time`,`borrow_id` FROM `lzh_investor_detail` WHERE ( (`repayment_time` BETWEEN 1554048000 AND 1556639999) AND (`borrow_id` = '1762') )  [ RunTime:0.0000s ]
SQL: SELECT `repayment_time`,`borrow_id` FROM `lzh_investor_detail` WHERE ( (`repayment_time` BETWEEN 1554048000 AND 1556639999) AND (`borrow_id` = '1764') )  [ RunTime:0.0000s ]
NOTIC: [8] Undefined offset: 0 D:\wwwroot\TP\Application\Home\Controller\GongXiangController.class.php 第 325 行.
SQL: SELECT `repayment_time`,`borrow_id` FROM `lzh_investor_detail` WHERE ( (`repayment_time` BETWEEN 1554048000 AND 1556639999) AND (`borrow_id` = '1765') )  [ RunTime:0.0010s ]
SQL: SELECT `repayment_time`,`borrow_id` FROM `lzh_investor_detail` WHERE ( (`repayment_time` BETWEEN 1554048000 AND 1556639999) AND (`borrow_id` = '1768') )  [ RunTime:0.0000s ]
SQL: SELECT `repayment_time`,`borrow_id` FROM `lzh_investor_detail` WHERE ( (`repayment_time` BETWEEN 1554048000 AND 1556639999) AND (`borrow_id` = '1770') )  [ RunTime:0.0010s ]
SQL: SELECT `repayment_time`,`borrow_id` FROM `lzh_investor_detail` WHERE ( (`repayment_time` BETWEEN 1554048000 AND 1556639999) AND (`borrow_id` = '1771') )  [ RunTime:0.0000s ]
SQL: SELECT `repayment_time`,`borrow_id` FROM `lzh_investor_detail` WHERE ( (`repayment_time` BETWEEN 1554048000 AND 1556639999) AND (`borrow_id` = '1772') )  [ RunTime:0.0000s ]
SQL: SELECT `repayment_time`,`borrow_id` FROM `lzh_investor_detail` WHERE ( (`repayment_time` BETWEEN 1554048000 AND 1556639999) AND (`borrow_id` = '1774') )  [ RunTime:0.0010s ]
SQL: SELECT `repayment_time`,`borrow_id` FROM `lzh_investor_detail` WHERE ( (`repayment_time` BETWEEN 1554048000 AND 1556639999) AND (`borrow_id` = '1777') )  [ RunTime:0.0000s ]
SQL: SELECT `repayment_time`,`borrow_id` FROM `lzh_investor_detail` WHERE ( (`repayment_time` BETWEEN 1554048000 AND 1556639999) AND (`borrow_id` = '1780') )  [ RunTime:0.0000s ]
SQL: SELECT `repayment_time`,`borrow_id` FROM `lzh_investor_detail` WHERE ( (`repayment_time` BETWEEN 1554048000 AND 1556639999) AND (`borrow_id` = '1781') )  [ RunTime:0.0010s ]
SQL: SELECT `repayment_time`,`borrow_id` FROM `lzh_investor_detail` WHERE ( (`repayment_time` BETWEEN 1554048000 AND 1556639999) AND (`borrow_id` = '1782') )  [ RunTime:0.0000s ]
SQL: SELECT `repayment_time`,`borrow_id` FROM `lzh_investor_detail` WHERE ( (`repayment_time` BETWEEN 1554048000 AND 1556639999) AND (`borrow_id` = '1783') )  [ RunTime:0.0010s ]
SQL: SELECT `repayment_time`,`borrow_id` FROM `lzh_investor_detail` WHERE ( (`repayment_time` BETWEEN 1554048000 AND 1556639999) AND (`borrow_id` = '1786') )  [ RunTime:0.0000s ]
SQL: SELECT `repayment_time`,`borrow_id` FROM `lzh_investor_detail` WHERE ( (`repayment_time` BETWEEN 1554048000 AND 1556639999) AND (`borrow_id` = '1787') )  [ RunTime:0.0000s ]
SQL: SELECT `repayment_time`,`borrow_id` FROM `lzh_investor_detail` WHERE ( (`repayment_time` BETWEEN 1554048000 AND 1556639999) AND (`borrow_id` = '1788') )  [ RunTime:0.0010s ]
SQL: SELECT `repayment_time`,`borrow_id` FROM `lzh_investor_detail` WHERE ( (`repayment_time` BETWEEN 1554048000 AND 1556639999) AND (`borrow_id` = '1789') )  [ RunTime:0.0000s ]
SQL: SELECT `repayment_time`,`borrow_id` FROM `lzh_investor_detail` WHERE ( (`repayment_time` BETWEEN 1554048000 AND 1556639999) AND (`borrow_id` = '1790') )  [ RunTime:0.0010s ]
SQL: SELECT `repayment_time`,`borrow_id` FROM `lzh_investor_detail` WHERE ( (`repayment_time` BETWEEN 1554048000 AND 1556639999) AND (`borrow_id` = '1793') )  [ RunTime:0.0000s ]
SQL: SELECT `repayment_time`,`borrow_id` FROM `lzh_investor_detail` WHERE ( (`repayment_time` BETWEEN 1554048000 AND 1556639999) AND (`borrow_id` = '1795') )  [ RunTime:0.0010s ]
SQL: SELECT `repayment_time`,`borrow_id` FROM `lzh_investor_detail` WHERE ( (`repayment_time` BETWEEN 1554048000 AND 1556639999) AND (`borrow_id` = '1797') )  [ RunTime:0.0000s ]
SQL: SELECT `repayment_time`,`borrow_id` FROM `lzh_investor_detail` WHERE ( (`repayment_time` BETWEEN 1554048000 AND 1556639999) AND (`borrow_id` = '1798') )  [ RunTime:0.0000s ]
SQL: SELECT `repayment_time`,`borrow_id` FROM `lzh_investor_detail` WHERE ( (`repayment_time` BETWEEN 1554048000 AND 1556639999) AND (`borrow_id` = '1800') )  [ RunTime:0.0000s ]
SQL: SELECT `repayment_time`,`borrow_id` FROM `lzh_investor_detail` WHERE ( (`repayment_time` BETWEEN 1554048000 AND 1556639999) AND (`borrow_id` = '1801') )  [ RunTime:0.0000s ]
SQL: SELECT `repayment_time`,`borrow_id` FROM `lzh_investor_detail` WHERE ( (`repayment_time` BETWEEN 1554048000 AND 1556639999) AND (`borrow_id` = '1802') )  [ RunTime:0.0010s ]
SQL: SELECT `repayment_time`,`borrow_id` FROM `lzh_investor_detail` WHERE ( (`repayment_time` BETWEEN 1554048000 AND 1556639999) AND (`borrow_id` = '1803') )  [ RunTime:0.0000s ]
SQL: SELECT `repayment_time`,`borrow_id` FROM `lzh_investor_detail` WHERE ( (`repayment_time` BETWEEN 1554048000 AND 1556639999) AND (`borrow_id` = '1804') )  [ RunTime:0.0000s ]
SQL: SELECT `repayment_time`,`borrow_id` FROM `lzh_investor_detail` WHERE ( (`repayment_time` BETWEEN 1554048000 AND 1556639999) AND (`borrow_id` = '1805') )  [ RunTime:0.0000s ]
SQL: SELECT `repayment_time`,`borrow_id` FROM `lzh_investor_detail` WHERE ( (`repayment_time` BETWEEN 1554048000 AND 1556639999) AND (`borrow_id` = '1806') )  [ RunTime:0.0000s ]
SQL: SELECT `repayment_time`,`borrow_id` FROM `lzh_investor_detail` WHERE ( (`repayment_time` BETWEEN 1554048000 AND 1556639999) AND (`borrow_id` = '1807') )  [ RunTime:0.0010s ]
SQL: SELECT `repayment_time`,`borrow_id` FROM `lzh_investor_detail` WHERE ( (`repayment_time` BETWEEN 1554048000 AND 1556639999) AND (`borrow_id` = '1809') )  [ RunTime:0.0000s ]
SQL: SELECT `repayment_time`,`borrow_id` FROM `lzh_investor_detail` WHERE ( (`repayment_time` BETWEEN 1554048000 AND 1556639999) AND (`borrow_id` = '1810') )  [ RunTime:0.0000s ]
SQL: SELECT `repayment_time`,`borrow_id` FROM `lzh_investor_detail` WHERE ( (`repayment_time` BETWEEN 1554048000 AND 1556639999) AND (`borrow_id` = '1811') )  [ RunTime:0.0010s ]
SQL: SELECT `repayment_time`,`borrow_id` FROM `lzh_investor_detail` WHERE ( (`repayment_time` BETWEEN 1554048000 AND 1556639999) AND (`borrow_id` = '1812') )  [ RunTime:0.0000s ]
SQL: SELECT `repayment_time`,`borrow_id` FROM `lzh_investor_detail` WHERE ( (`repayment_time` BETWEEN 1554048000 AND 1556639999) AND (`borrow_id` = '1813') )  [ RunTime:0.0010s ]
SQL: SELECT `repayment_time`,`borrow_id` FROM `lzh_investor_detail` WHERE ( (`repayment_time` BETWEEN 1554048000 AND 1556639999) AND (`borrow_id` = '1814') )  [ RunTime:0.0000s ]
SQL: SELECT `repayment_time`,`borrow_id` FROM `lzh_investor_detail` WHERE ( (`repayment_time` BETWEEN 1554048000 AND 1556639999) AND (`borrow_id` = '1816') )  [ RunTime:0.0000s ]
SQL: SELECT `repayment_time`,`borrow_id` FROM `lzh_investor_detail` WHERE ( (`repayment_time` BETWEEN 1554048000 AND 1556639999) AND (`borrow_id` = '1817') )  [ RunTime:0.0000s ]
SQL: SELECT `repayment_time`,`borrow_id` FROM `lzh_investor_detail` WHERE ( (`repayment_time` BETWEEN 1554048000 AND 1556639999) AND (`borrow_id` = '1818') )  [ RunTime:0.0000s ]
SQL: SELECT `repayment_time`,`borrow_id` FROM `lzh_investor_detail` WHERE ( (`repayment_time` BETWEEN 1554048000 AND 1556639999) AND (`borrow_id` = '1819') )  [ RunTime:0.0010s ]
SQL: SELECT `repayment_time`,`borrow_id` FROM `lzh_investor_detail` WHERE ( (`repayment_time` BETWEEN 1554048000 AND 1556639999) AND (`borrow_id` = '1821') )  [ RunTime:0.0000s ]
SQL: SELECT `repayment_time`,`borrow_id` FROM `lzh_investor_detail` WHERE ( (`repayment_time` BETWEEN 1554048000 AND 1556639999) AND (`borrow_id` = '1823') )  [ RunTime:0.0010s ]
NOTIC: [8] Undefined offset: 0 D:\wwwroot\TP\Application\Home\Controller\GongXiangController.class.php 第 325 行.
SQL: SELECT `repayment_time`,`borrow_id` FROM `lzh_investor_detail` WHERE ( (`repayment_time` BETWEEN 1554048000 AND 1556639999) AND (`borrow_id` = '1825') )  [ RunTime:0.0000s ]
SQL: SELECT `repayment_time`,`borrow_id` FROM `lzh_investor_detail` WHERE ( (`repayment_time` BETWEEN 1554048000 AND 1556639999) AND (`borrow_id` = '1827') )  [ RunTime:0.0000s ]
SQL: SELECT `repayment_time`,`borrow_id` FROM `lzh_investor_detail` WHERE ( (`repayment_time` BETWEEN 1554048000 AND 1556639999) AND (`borrow_id` = '1829') )  [ RunTime:0.0000s ]
SQL: SELECT `repayment_time`,`borrow_id` FROM `lzh_investor_detail` WHERE ( (`repayment_time` BETWEEN 1554048000 AND 1556639999) AND (`borrow_id` = '1830') )  [ RunTime:0.0000s ]
SQL: SELECT `repayment_time`,`borrow_id` FROM `lzh_investor_detail` WHERE ( (`repayment_time` BETWEEN 1554048000 AND 1556639999) AND (`borrow_id` = '1832') )  [ RunTime:0.0000s ]
SQL: SELECT `repayment_time`,`borrow_id` FROM `lzh_investor_detail` WHERE ( (`repayment_time` BETWEEN 1554048000 AND 1556639999) AND (`borrow_id` = '1836') )  [ RunTime:0.0010s ]
SQL: SELECT `repayment_time`,`borrow_id` FROM `lzh_investor_detail` WHERE ( (`repayment_time` BETWEEN 1554048000 AND 1556639999) AND (`borrow_id` = '1838') )  [ RunTime:0.0000s ]
SQL: SELECT `repayment_time`,`borrow_id` FROM `lzh_investor_detail` WHERE ( (`repayment_time` BETWEEN 1554048000 AND 1556639999) AND (`borrow_id` = '1842') )  [ RunTime:0.0010s ]
SQL: SELECT `repayment_time`,`borrow_id` FROM `lzh_investor_detail` WHERE ( (`repayment_time` BETWEEN 1554048000 AND 1556639999) AND (`borrow_id` = '1843') )  [ RunTime:0.0000s ]
NOTIC: [8] Undefined offset: 0 D:\wwwroot\TP\Application\Home\Controller\GongXiangController.class.php 第 325 行.
SQL: SELECT `repayment_time`,`borrow_id` FROM `lzh_investor_detail` WHERE ( (`repayment_time` BETWEEN 1554048000 AND 1556639999) AND (`borrow_id` = '1851') )  [ RunTime:0.0010s ]
NOTIC: [8] Undefined offset: 0 D:\wwwroot\TP\Application\Home\Controller\GongXiangController.class.php 第 325 行.
SQL: SELECT `repayment_time`,`borrow_id` FROM `lzh_investor_detail` WHERE ( (`repayment_time` BETWEEN 1554048000 AND 1556639999) AND (`borrow_id` = '1852') )  [ RunTime:0.0000s ]
NOTIC: [8] Undefined offset: 0 D:\wwwroot\TP\Application\Home\Controller\GongXiangController.class.php 第 325 行.
SQL: SELECT `repayment_time`,`borrow_id` FROM `lzh_investor_detail` WHERE ( (`repayment_time` BETWEEN 1554048000 AND 1556639999) AND (`borrow_id` = '1853') )  [ RunTime:0.0000s ]
NOTIC: [8] Undefined offset: 0 D:\wwwroot\TP\Application\Home\Controller\GongXiangController.class.php 第 325 行.
SQL: SELECT `repayment_time`,`borrow_id` FROM `lzh_investor_detail` WHERE ( (`repayment_time` BETWEEN 1554048000 AND 1556639999) AND (`borrow_id` = '1855') )  [ RunTime:0.0000s ]
NOTIC: [8] Undefined offset: 0 D:\wwwroot\TP\Application\Home\Controller\GongXiangController.class.php 第 325 行.
SQL: SELECT `repayment_time`,`borrow_id` FROM `lzh_investor_detail` WHERE ( (`repayment_time` BETWEEN 1554048000 AND 1556639999) AND (`borrow_id` = '1856') )  [ RunTime:0.0000s ]
SQL: SELECT `repayment_time`,`borrow_id` FROM `lzh_investor_detail` WHERE ( (`repayment_time` BETWEEN 1554048000 AND 1556639999) AND (`borrow_id` = '1858') )  [ RunTime:0.0010s ]
SQL: SELECT `repayment_time`,`borrow_id` FROM `lzh_investor_detail` WHERE ( (`repayment_time` BETWEEN 1554048000 AND 1556639999) AND (`borrow_id` = '1860') )  [ RunTime:0.0000s ]
SQL: SELECT `repayment_time`,`borrow_id` FROM `lzh_investor_detail` WHERE ( (`repayment_time` BETWEEN 1554048000 AND 1556639999) AND (`borrow_id` = '1862') )  [ RunTime:0.0000s ]
SQL: SELECT `repayment_time`,`borrow_id` FROM `lzh_investor_detail` WHERE ( (`repayment_time` BETWEEN 1554048000 AND 1556639999) AND (`borrow_id` = '1863') )  [ RunTime:0.0000s ]
SQL: SELECT `repayment_time`,`borrow_id` FROM `lzh_investor_detail` WHERE ( (`repayment_time` BETWEEN 1554048000 AND 1556639999) AND (`borrow_id` = '1864') )  [ RunTime:0.0000s ]
SQL: SELECT `repayment_time`,`borrow_id` FROM `lzh_investor_detail` WHERE ( (`repayment_time` BETWEEN 1554048000 AND 1556639999) AND (`borrow_id` = '1865') )  [ RunTime:0.0010s ]
NOTIC: [8] Undefined variable: export D:\wwwroot\TP\Application\Home\Controller\GongXiangController.class.php 第 383 行.
INFO: [ app_end ] --START--
INFO: Run Behavior\ShowPageTraceBehavior [ RunTime:0.012000s ]
INFO: [ app_end ] --END-- [ RunTime:0.012000s ]

[ 2019-05-09T09:37:53+08:00 ] 127.0.0.1 /TP/index.php
INFO: [ app_init ] --START--
INFO: Run Behavior\BuildLiteBehavior [ RunTime:0.000000s ]
INFO: [ app_init ] --END-- [ RunTime:0.000000s ]
INFO: [ app_begin ] --START--
INFO: Run Behavior\ReadHtmlCacheBehavior [ RunTime:0.000000s ]
INFO: [ app_begin ] --END-- [ RunTime:0.000000s ]
SQL: SHOW COLUMNS FROM `product` [ RunTime:0.0000s ]
SQL: SELECT COUNT(*) AS tp_count FROM `product` LIMIT 1   [ RunTime:0.0000s ]
SQL: SELECT `id`,`sort`,`pid`,`name`,`price`,`img`,`desc`,`status`,`add_time`,`stock`,`last_time` FROM `product` LIMIT 0,12   [ RunTime:0.0000s ]
INFO: [ view_parse ] --START--
INFO: [ template_filter ] --START--
INFO: Run Behavior\ContentReplaceBehavior [ RunTime:0.000000s ]
INFO: [ template_filter ] --END-- [ RunTime:0.000000s ]
NOTIC: [8] Undefined index: user D:\wwwroot\TP\Application\Runtime\Cache\Home\0d6509e863112dc5821b22ecb897e16e.php 第 104 行.
NOTIC: [8] Undefined index: shop D:\wwwroot\TP\Application\Runtime\Cache\Home\0d6509e863112dc5821b22ecb897e16e.php 第 118 行.
INFO: Run Behavior\ParseTemplateBehavior [ RunTime:0.011001s ]
INFO: [ view_parse ] --END-- [ RunTime:0.011001s ]
INFO: [ view_filter ] --START--
INFO: Run Behavior\WriteHtmlCacheBehavior [ RunTime:0.000000s ]
INFO: [ view_filter ] --END-- [ RunTime:0.000000s ]

[ 2019-05-09T09:43:32+08:00 ] ::1 /TP/home/GongXiang/next_sub
INFO: [ app_init ] --START--
INFO: Run Behavior\BuildLiteBehavior [ RunTime:0.000000s ]
INFO: [ app_init ] --END-- [ RunTime:0.000000s ]
INFO: [ app_begin ] --START--
INFO: Run Behavior\ReadHtmlCacheBehavior [ RunTime:0.001000s ]
INFO: [ app_begin ] --END-- [ RunTime:0.001000s ]
SQL: SHOW COLUMNS FROM `lzh_borrow_info` [ RunTime:0.0040s ]
SQL: SELECT bi.id as borrow_id FROM lzh_borrow_info bi left join lzh_member_info mi on mi.uid = bi.borrow_uid  WHERE ( (`second_verify_time` < 1554047999) AND (`borrow_status` = 6) ) ORDER BY second_verify_time  [ RunTime:0.0010s ]
SQL: SHOW COLUMNS FROM `lzh_investor_detail` [ RunTime:0.0040s ]
SQL: SELECT `repayment_time`,`borrow_id` FROM lzh_investor_detail id left join lzh_borrow_info as lbi on id.borrow_id = lbi.id  WHERE ( (( `second_verify_time` < 1551369600  )) AND (`repayment_time` > 1551369600) AND (`borrow_status` IN ('7','9')) )  [ RunTime:0.0450s ]
SQL: SELECT `repayment_time`,`borrow_id` FROM lzh_investor_detail id left join lzh_borrow_info as lbi on id.borrow_id = lbi.id  WHERE ( (( `second_verify_time` < 1554047999  )) AND (`repayment_time` > 1554048000) AND (`borrow_status` IN ('7','9')) )  [ RunTime:0.0450s ]
SQL: SELECT bi.id as borrow_id,`borrow_uid`,`cell_phone`,`second_verify_time`,`borrow_status`,`deadline`,`borrow_money`,`repayment_type`,mi.real_name,mi.idcard FROM lzh_borrow_info bi left join lzh_member_info mi on mi.uid = bi.borrow_uid  WHERE bi.id IN ('1522','1530','1547','1555','1565','1566','1570','1578','1598','1606','1607','1609','1625','1626','1627','1628','1634','1643','1647','1651','1654','1657','1659','1671','1675','1687','1706','1707','1709','1716','1715','1720','1762','1768','1774','1777','1780','1781','1782','1783','1786','1787','1788','1789','1790','1793','1795','1797','1798','1800','1801','1802','1803','1804','1805','1806','1807','1809','1810','1811','1812','1813','1814','1816','1817','1818','1819','1821','1827','1829','1830','1832','1836','1838','1842','1856','1569','1640','1642','1679','1680','1681','1686','1692','1698','1703','1705','1710','1718','1723','1724','1728','1731','1732','1733','1737','1740','1748','1750','1754','1755','1756','1758','1759','1760','1764','1765','1770','1771','1772','1823','1825','1843','1851','1852','1853','1855') ORDER BY second_verify_time  [ RunTime:0.0010s ]
SQL: SHOW COLUMNS FROM `lzh_investor_detail` [ RunTime:0.0030s ]
SQL: SELECT `repayment_time`,`borrow_id` FROM `lzh_investor_detail` WHERE ( (`repayment_time` BETWEEN 1551369600 AND 1554047999) AND (`borrow_id` = '1522') )  [ RunTime:0.0000s ]
SQL: SELECT `repayment_time`,`borrow_id` FROM `lzh_investor_detail` WHERE ( (`repayment_time` BETWEEN 1551369600 AND 1554047999) AND (`borrow_id` = '1530') )  [ RunTime:0.0000s ]
SQL: SELECT `repayment_time`,`borrow_id` FROM `lzh_investor_detail` WHERE ( (`repayment_time` BETWEEN 1551369600 AND 1554047999) AND (`borrow_id` = '1547') )  [ RunTime:0.0000s ]
SQL: SELECT `repayment_time`,`borrow_id` FROM `lzh_investor_detail` WHERE ( (`repayment_time` BETWEEN 1551369600 AND 1554047999) AND (`borrow_id` = '1555') )  [ RunTime:0.0000s ]
SQL: SELECT `repayment_time`,`borrow_id` FROM `lzh_investor_detail` WHERE ( (`repayment_time` BETWEEN 1551369600 AND 1554047999) AND (`borrow_id` = '1565') )  [ RunTime:0.0010s ]
SQL: SELECT `repayment_time`,`borrow_id` FROM `lzh_investor_detail` WHERE ( (`repayment_time` BETWEEN 1551369600 AND 1554047999) AND (`borrow_id` = '1566') )  [ RunTime:0.0000s ]
SQL: SELECT `repayment_time`,`borrow_id` FROM `lzh_investor_detail` WHERE ( (`repayment_time` BETWEEN 1551369600 AND 1554047999) AND (`borrow_id` = '1569') )  [ RunTime:0.0010s ]
SQL: SELECT `repayment_time`,`borrow_id` FROM `lzh_investor_detail` WHERE ( (`repayment_time` BETWEEN 1551369600 AND 1554047999) AND (`borrow_id` = '1570') )  [ RunTime:0.0000s ]
SQL: SELECT `repayment_time`,`borrow_id` FROM `lzh_investor_detail` WHERE ( (`repayment_time` BETWEEN 1551369600 AND 1554047999) AND (`borrow_id` = '1578') )  [ RunTime:0.0000s ]
SQL: SELECT `repayment_time`,`borrow_id` FROM `lzh_investor_detail` WHERE ( (`repayment_time` BETWEEN 1551369600 AND 1554047999) AND (`borrow_id` = '1598') )  [ RunTime:0.0010s ]
SQL: SELECT `repayment_time`,`borrow_id` FROM `lzh_investor_detail` WHERE ( (`repayment_time` BETWEEN 1551369600 AND 1554047999) AND (`borrow_id` = '1606') )  [ RunTime:0.0000s ]
SQL: SELECT `repayment_time`,`borrow_id` FROM `lzh_investor_detail` WHERE ( (`repayment_time` BETWEEN 1551369600 AND 1554047999) AND (`borrow_id` = '1607') )  [ RunTime:0.0000s ]
SQL: SELECT `repayment_time`,`borrow_id` FROM `lzh_investor_detail` WHERE ( (`repayment_time` BETWEEN 1551369600 AND 1554047999) AND (`borrow_id` = '1609') )  [ RunTime:0.0010s ]
SQL: SELECT `repayment_time`,`borrow_id` FROM `lzh_investor_detail` WHERE ( (`repayment_time` BETWEEN 1551369600 AND 1554047999) AND (`borrow_id` = '1625') )  [ RunTime:0.0000s ]
SQL: SELECT `repayment_time`,`borrow_id` FROM `lzh_investor_detail` WHERE ( (`repayment_time` BETWEEN 1551369600 AND 1554047999) AND (`borrow_id` = '1626') )  [ RunTime:0.0000s ]
SQL: SELECT `repayment_time`,`borrow_id` FROM `lzh_investor_detail` WHERE ( (`repayment_time` BETWEEN 1551369600 AND 1554047999) AND (`borrow_id` = '1627') )  [ RunTime:0.0000s ]
SQL: SELECT `repayment_time`,`borrow_id` FROM `lzh_investor_detail` WHERE ( (`repayment_time` BETWEEN 1551369600 AND 1554047999) AND (`borrow_id` = '1628') )  [ RunTime:0.0000s ]
SQL: SELECT `repayment_time`,`borrow_id` FROM `lzh_investor_detail` WHERE ( (`repayment_time` BETWEEN 1551369600 AND 1554047999) AND (`borrow_id` = '1634') )  [ RunTime:0.0000s ]
SQL: SELECT `repayment_time`,`borrow_id` FROM `lzh_investor_detail` WHERE ( (`repayment_time` BETWEEN 1551369600 AND 1554047999) AND (`borrow_id` = '1640') )  [ RunTime:0.0000s ]
SQL: SELECT `repayment_time`,`borrow_id` FROM `lzh_investor_detail` WHERE ( (`repayment_time` BETWEEN 1551369600 AND 1554047999) AND (`borrow_id` = '1642') )  [ RunTime:0.0000s ]
SQL: SELECT `repayment_time`,`borrow_id` FROM `lzh_investor_detail` WHERE ( (`repayment_time` BETWEEN 1551369600 AND 1554047999) AND (`borrow_id` = '1643') )  [ RunTime:0.0010s ]
SQL: SELECT `repayment_time`,`borrow_id` FROM `lzh_investor_detail` WHERE ( (`repayment_time` BETWEEN 1551369600 AND 1554047999) AND (`borrow_id` = '1647') )  [ RunTime:0.0000s ]
SQL: SELECT `repayment_time`,`borrow_id` FROM `lzh_investor_detail` WHERE ( (`repayment_time` BETWEEN 1551369600 AND 1554047999) AND (`borrow_id` = '1651') )  [ RunTime:0.0000s ]
SQL: SELECT `repayment_time`,`borrow_id` FROM `lzh_investor_detail` WHERE ( (`repayment_time` BETWEEN 1551369600 AND 1554047999) AND (`borrow_id` = '1654') )  [ RunTime:0.0010s ]
SQL: SELECT `repayment_time`,`borrow_id` FROM `lzh_investor_detail` WHERE ( (`repayment_time` BETWEEN 1551369600 AND 1554047999) AND (`borrow_id` = '1657') )  [ RunTime:0.0000s ]
SQL: SELECT `repayment_time`,`borrow_id` FROM `lzh_investor_detail` WHERE ( (`repayment_time` BETWEEN 1551369600 AND 1554047999) AND (`borrow_id` = '1659') )  [ RunTime:0.0000s ]
SQL: SELECT `repayment_time`,`borrow_id` FROM `lzh_investor_detail` WHERE ( (`repayment_time` BETWEEN 1551369600 AND 1554047999) AND (`borrow_id` = '1671') )  [ RunTime:0.0010s ]
SQL: SELECT `repayment_time`,`borrow_id` FROM `lzh_investor_detail` WHERE ( (`repayment_time` BETWEEN 1551369600 AND 1554047999) AND (`borrow_id` = '1675') )  [ RunTime:0.0000s ]
SQL: SELECT `repayment_time`,`borrow_id` FROM `lzh_investor_detail` WHERE ( (`repayment_time` BETWEEN 1551369600 AND 1554047999) AND (`borrow_id` = '1679') )  [ RunTime:0.0000s ]
SQL: SELECT `repayment_time`,`borrow_id` FROM `lzh_investor_detail` WHERE ( (`repayment_time` BETWEEN 1551369600 AND 1554047999) AND (`borrow_id` = '1680') )  [ RunTime:0.0010s ]
SQL: SELECT `repayment_time`,`borrow_id` FROM `lzh_investor_detail` WHERE ( (`repayment_time` BETWEEN 1551369600 AND 1554047999) AND (`borrow_id` = '1681') )  [ RunTime:0.0000s ]
SQL: SELECT `repayment_time`,`borrow_id` FROM `lzh_investor_detail` WHERE ( (`repayment_time` BETWEEN 1551369600 AND 1554047999) AND (`borrow_id` = '1686') )  [ RunTime:0.0000s ]
SQL: SELECT `repayment_time`,`borrow_id` FROM `lzh_investor_detail` WHERE ( (`repayment_time` BETWEEN 1551369600 AND 1554047999) AND (`borrow_id` = '1687') )  [ RunTime:0.0000s ]
SQL: SELECT `repayment_time`,`borrow_id` FROM `lzh_investor_detail` WHERE ( (`repayment_time` BETWEEN 1551369600 AND 1554047999) AND (`borrow_id` = '1692') )  [ RunTime:0.0000s ]
SQL: SELECT `repayment_time`,`borrow_id` FROM `lzh_investor_detail` WHERE ( (`repayment_time` BETWEEN 1551369600 AND 1554047999) AND (`borrow_id` = '1698') )  [ RunTime:0.0000s ]
SQL: SELECT `repayment_time`,`borrow_id` FROM `lzh_investor_detail` WHERE ( (`repayment_time` BETWEEN 1551369600 AND 1554047999) AND (`borrow_id` = '1703') )  [ RunTime:0.0000s ]
SQL: SELECT `repayment_time`,`borrow_id` FROM `lzh_investor_detail` WHERE ( (`repayment_time` BETWEEN 1551369600 AND 1554047999) AND (`borrow_id` = '1705') )  [ RunTime:0.0000s ]
SQL: SELECT `repayment_time`,`borrow_id` FROM `lzh_investor_detail` WHERE ( (`repayment_time` BETWEEN 1551369600 AND 1554047999) AND (`borrow_id` = '1706') )  [ RunTime:0.0010s ]
SQL: SELECT `repayment_time`,`borrow_id` FROM `lzh_investor_detail` WHERE ( (`repayment_time` BETWEEN 1551369600 AND 1554047999) AND (`borrow_id` = '1707') )  [ RunTime:0.0000s ]
SQL: SELECT `repayment_time`,`borrow_id` FROM `lzh_investor_detail` WHERE ( (`repayment_time` BETWEEN 1551369600 AND 1554047999) AND (`borrow_id` = '1709') )  [ RunTime:0.0000s ]
SQL: SELECT `repayment_time`,`borrow_id` FROM `lzh_investor_detail` WHERE ( (`repayment_time` BETWEEN 1551369600 AND 1554047999) AND (`borrow_id` = '1710') )  [ RunTime:0.0000s ]
SQL: SELECT `repayment_time`,`borrow_id` FROM `lzh_investor_detail` WHERE ( (`repayment_time` BETWEEN 1551369600 AND 1554047999) AND (`borrow_id` = '1716') )  [ RunTime:0.0000s ]
SQL: SELECT `repayment_time`,`borrow_id` FROM `lzh_investor_detail` WHERE ( (`repayment_time` BETWEEN 1551369600 AND 1554047999) AND (`borrow_id` = '1715') )  [ RunTime:0.0000s ]
SQL: SELECT `repayment_time`,`borrow_id` FROM `lzh_investor_detail` WHERE ( (`repayment_time` BETWEEN 1551369600 AND 1554047999) AND (`borrow_id` = '1718') )  [ RunTime:0.0000s ]
SQL: SELECT `repayment_time`,`borrow_id` FROM `lzh_investor_detail` WHERE ( (`repayment_time` BETWEEN 1551369600 AND 1554047999) AND (`borrow_id` = '1720') )  [ RunTime:0.0000s ]
SQL: SELECT `repayment_time`,`borrow_id` FROM `lzh_investor_detail` WHERE ( (`repayment_time` BETWEEN 1551369600 AND 1554047999) AND (`borrow_id` = '1723') )  [ RunTime:0.0000s ]
SQL: SELECT `repayment_time`,`borrow_id` FROM `lzh_investor_detail` WHERE ( (`repayment_time` BETWEEN 1551369600 AND 1554047999) AND (`borrow_id` = '1724') )  [ RunTime:0.0000s ]
SQL: SELECT `repayment_time`,`borrow_id` FROM `lzh_investor_detail` WHERE ( (`repayment_time` BETWEEN 1551369600 AND 1554047999) AND (`borrow_id` = '1728') )  [ RunTime:0.0000s ]
SQL: SELECT `repayment_time`,`borrow_id` FROM `lzh_investor_detail` WHERE ( (`repayment_time` BETWEEN 1551369600 AND 1554047999) AND (`borrow_id` = '1731') )  [ RunTime:0.0010s ]
SQL: SELECT `repayment_time`,`borrow_id` FROM `lzh_investor_detail` WHERE ( (`repayment_time` BETWEEN 1551369600 AND 1554047999) AND (`borrow_id` = '1732') )  [ RunTime:0.0000s ]
SQL: SELECT `repayment_time`,`borrow_id` FROM `lzh_investor_detail` WHERE ( (`repayment_time` BETWEEN 1551369600 AND 1554047999) AND (`borrow_id` = '1733') )  [ RunTime:0.0010s ]
SQL: SELECT `repayment_time`,`borrow_id` FROM `lzh_investor_detail` WHERE ( (`repayment_time` BETWEEN 1551369600 AND 1554047999) AND (`borrow_id` = '1737') )  [ RunTime:0.0000s ]
SQL: SELECT `repayment_time`,`borrow_id` FROM `lzh_investor_detail` WHERE ( (`repayment_time` BETWEEN 1551369600 AND 1554047999) AND (`borrow_id` = '1740') )  [ RunTime:0.0000s ]
SQL: SELECT `repayment_time`,`borrow_id` FROM `lzh_investor_detail` WHERE ( (`repayment_time` BETWEEN 1551369600 AND 1554047999) AND (`borrow_id` = '1748') )  [ RunTime:0.0000s ]
SQL: SELECT `repayment_time`,`borrow_id` FROM `lzh_investor_detail` WHERE ( (`repayment_time` BETWEEN 1551369600 AND 1554047999) AND (`borrow_id` = '1750') )  [ RunTime:0.0000s ]
SQL: SELECT `repayment_time`,`borrow_id` FROM `lzh_investor_detail` WHERE ( (`repayment_time` BETWEEN 1551369600 AND 1554047999) AND (`borrow_id` = '1754') )  [ RunTime:0.0010s ]
SQL: SELECT `repayment_time`,`borrow_id` FROM `lzh_investor_detail` WHERE ( (`repayment_time` BETWEEN 1551369600 AND 1554047999) AND (`borrow_id` = '1755') )  [ RunTime:0.0000s ]
SQL: SELECT `repayment_time`,`borrow_id` FROM `lzh_investor_detail` WHERE ( (`repayment_time` BETWEEN 1551369600 AND 1554047999) AND (`borrow_id` = '1756') )  [ RunTime:0.0010s ]
SQL: SELECT `repayment_time`,`borrow_id` FROM `lzh_investor_detail` WHERE ( (`repayment_time` BETWEEN 1551369600 AND 1554047999) AND (`borrow_id` = '1758') )  [ RunTime:0.0000s ]
SQL: SELECT `repayment_time`,`borrow_id` FROM `lzh_investor_detail` WHERE ( (`repayment_time` BETWEEN 1551369600 AND 1554047999) AND (`borrow_id` = '1759') )  [ RunTime:0.0000s ]
SQL: SELECT `repayment_time`,`borrow_id` FROM `lzh_investor_detail` WHERE ( (`repayment_time` BETWEEN 1551369600 AND 1554047999) AND (`borrow_id` = '1760') )  [ RunTime:0.0010s ]
SQL: SELECT `repayment_time`,`borrow_id` FROM `lzh_investor_detail` WHERE ( (`repayment_time` BETWEEN 1551369600 AND 1554047999) AND (`borrow_id` = '1762') )  [ RunTime:0.0000s ]
SQL: SELECT `repayment_time`,`borrow_id` FROM `lzh_investor_detail` WHERE ( (`repayment_time` BETWEEN 1551369600 AND 1554047999) AND (`borrow_id` = '1764') )  [ RunTime:0.0010s ]
SQL: SELECT `repayment_time`,`borrow_id` FROM `lzh_investor_detail` WHERE ( (`repayment_time` BETWEEN 1551369600 AND 1554047999) AND (`borrow_id` = '1765') )  [ RunTime:0.0000s ]
SQL: SELECT `repayment_time`,`borrow_id` FROM `lzh_investor_detail` WHERE ( (`repayment_time` BETWEEN 1551369600 AND 1554047999) AND (`borrow_id` = '1768') )  [ RunTime:0.0000s ]
SQL: SELECT `repayment_time`,`borrow_id` FROM `lzh_investor_detail` WHERE ( (`repayment_time` BETWEEN 1551369600 AND 1554047999) AND (`borrow_id` = '1770') )  [ RunTime:0.0010s ]
SQL: SELECT `repayment_time`,`borrow_id` FROM `lzh_investor_detail` WHERE ( (`repayment_time` BETWEEN 1551369600 AND 1554047999) AND (`borrow_id` = '1771') )  [ RunTime:0.0000s ]
SQL: SELECT `repayment_time`,`borrow_id` FROM `lzh_investor_detail` WHERE ( (`repayment_time` BETWEEN 1551369600 AND 1554047999) AND (`borrow_id` = '1772') )  [ RunTime:0.0010s ]
SQL: SELECT `repayment_time`,`borrow_id` FROM `lzh_investor_detail` WHERE ( (`repayment_time` BETWEEN 1551369600 AND 1554047999) AND (`borrow_id` = '1774') )  [ RunTime:0.0000s ]
SQL: SELECT `repayment_time`,`borrow_id` FROM `lzh_investor_detail` WHERE ( (`repayment_time` BETWEEN 1551369600 AND 1554047999) AND (`borrow_id` = '1777') )  [ RunTime:0.0000s ]
SQL: SELECT `repayment_time`,`borrow_id` FROM `lzh_investor_detail` WHERE ( (`repayment_time` BETWEEN 1551369600 AND 1554047999) AND (`borrow_id` = '1780') )  [ RunTime:0.0010s ]
SQL: SELECT `repayment_time`,`borrow_id` FROM `lzh_investor_detail` WHERE ( (`repayment_time` BETWEEN 1551369600 AND 1554047999) AND (`borrow_id` = '1781') )  [ RunTime:0.0000s ]
SQL: SELECT `repayment_time`,`borrow_id` FROM `lzh_investor_detail` WHERE ( (`repayment_time` BETWEEN 1551369600 AND 1554047999) AND (`borrow_id` = '1782') )  [ RunTime:0.0010s ]
SQL: SELECT `repayment_time`,`borrow_id` FROM `lzh_investor_detail` WHERE ( (`repayment_time` BETWEEN 1551369600 AND 1554047999) AND (`borrow_id` = '1783') )  [ RunTime:0.0000s ]
SQL: SELECT `repayment_time`,`borrow_id` FROM `lzh_investor_detail` WHERE ( (`repayment_time` BETWEEN 1551369600 AND 1554047999) AND (`borrow_id` = '1786') )  [ RunTime:0.0000s ]
SQL: SELECT `repayment_time`,`borrow_id` FROM `lzh_investor_detail` WHERE ( (`repayment_time` BETWEEN 1551369600 AND 1554047999) AND (`borrow_id` = '1787') )  [ RunTime:0.0000s ]
SQL: SELECT `repayment_time`,`borrow_id` FROM `lzh_investor_detail` WHERE ( (`repayment_time` BETWEEN 1551369600 AND 1554047999) AND (`borrow_id` = '1788') )  [ RunTime:0.0000s ]
SQL: SELECT `repayment_time`,`borrow_id` FROM `lzh_investor_detail` WHERE ( (`repayment_time` BETWEEN 1551369600 AND 1554047999) AND (`borrow_id` = '1789') )  [ RunTime:0.0010s ]
SQL: SELECT `repayment_time`,`borrow_id` FROM `lzh_investor_detail` WHERE ( (`repayment_time` BETWEEN 1551369600 AND 1554047999) AND (`borrow_id` = '1790') )  [ RunTime:0.0000s ]
SQL: SELECT `repayment_time`,`borrow_id` FROM `lzh_investor_detail` WHERE ( (`repayment_time` BETWEEN 1551369600 AND 1554047999) AND (`borrow_id` = '1793') )  [ RunTime:0.0010s ]
SQL: SELECT `repayment_time`,`borrow_id` FROM `lzh_investor_detail` WHERE ( (`repayment_time` BETWEEN 1551369600 AND 1554047999) AND (`borrow_id` = '1795') )  [ RunTime:0.0000s ]
SQL: SELECT `repayment_time`,`borrow_id` FROM `lzh_investor_detail` WHERE ( (`repayment_time` BETWEEN 1551369600 AND 1554047999) AND (`borrow_id` = '1797') )  [ RunTime:0.0000s ]
SQL: SELECT `repayment_time`,`borrow_id` FROM `lzh_investor_detail` WHERE ( (`repayment_time` BETWEEN 1551369600 AND 1554047999) AND (`borrow_id` = '1798') )  [ RunTime:0.0010s ]
SQL: SELECT `repayment_time`,`borrow_id` FROM `lzh_investor_detail` WHERE ( (`repayment_time` BETWEEN 1551369600 AND 1554047999) AND (`borrow_id` = '1800') )  [ RunTime:0.0000s ]
SQL: SELECT `repayment_time`,`borrow_id` FROM `lzh_investor_detail` WHERE ( (`repayment_time` BETWEEN 1551369600 AND 1554047999) AND (`borrow_id` = '1801') )  [ RunTime:0.0010s ]
SQL: SELECT `repayment_time`,`borrow_id` FROM `lzh_investor_detail` WHERE ( (`repayment_time` BETWEEN 1551369600 AND 1554047999) AND (`borrow_id` = '1802') )  [ RunTime:0.0000s ]
SQL: SELECT `repayment_time`,`borrow_id` FROM `lzh_investor_detail` WHERE ( (`repayment_time` BETWEEN 1551369600 AND 1554047999) AND (`borrow_id` = '1803') )  [ RunTime:0.0000s ]
SQL: SELECT `repayment_time`,`borrow_id` FROM `lzh_investor_detail` WHERE ( (`repayment_time` BETWEEN 1551369600 AND 1554047999) AND (`borrow_id` = '1804') )  [ RunTime:0.0010s ]
SQL: SELECT `repayment_time`,`borrow_id` FROM `lzh_investor_detail` WHERE ( (`repayment_time` BETWEEN 1551369600 AND 1554047999) AND (`borrow_id` = '1805') )  [ RunTime:0.0000s ]
SQL: SELECT `repayment_time`,`borrow_id` FROM `lzh_investor_detail` WHERE ( (`repayment_time` BETWEEN 1551369600 AND 1554047999) AND (`borrow_id` = '1806') )  [ RunTime:0.0010s ]
SQL: SELECT `repayment_time`,`borrow_id` FROM `lzh_investor_detail` WHERE ( (`repayment_time` BETWEEN 1551369600 AND 1554047999) AND (`borrow_id` = '1807') )  [ RunTime:0.0000s ]
SQL: SELECT `repayment_time`,`borrow_id` FROM `lzh_investor_detail` WHERE ( (`repayment_time` BETWEEN 1551369600 AND 1554047999) AND (`borrow_id` = '1809') )  [ RunTime:0.0010s ]
SQL: SELECT `repayment_time`,`borrow_id` FROM `lzh_investor_detail` WHERE ( (`repayment_time` BETWEEN 1551369600 AND 1554047999) AND (`borrow_id` = '1810') )  [ RunTime:0.0000s ]
SQL: SELECT `repayment_time`,`borrow_id` FROM `lzh_investor_detail` WHERE ( (`repayment_time` BETWEEN 1551369600 AND 1554047999) AND (`borrow_id` = '1811') )  [ RunTime:0.0000s ]
SQL: SELECT `repayment_time`,`borrow_id` FROM `lzh_investor_detail` WHERE ( (`repayment_time` BETWEEN 1551369600 AND 1554047999) AND (`borrow_id` = '1812') )  [ RunTime:0.0000s ]
SQL: SELECT `repayment_time`,`borrow_id` FROM `lzh_investor_detail` WHERE ( (`repayment_time` BETWEEN 1551369600 AND 1554047999) AND (`borrow_id` = '1813') )  [ RunTime:0.0000s ]
SQL: SELECT `repayment_time`,`borrow_id` FROM `lzh_investor_detail` WHERE ( (`repayment_time` BETWEEN 1551369600 AND 1554047999) AND (`borrow_id` = '1814') )  [ RunTime:0.0000s ]
SQL: SELECT `repayment_time`,`borrow_id` FROM `lzh_investor_detail` WHERE ( (`repayment_time` BETWEEN 1551369600 AND 1554047999) AND (`borrow_id` = '1816') )  [ RunTime:0.0000s ]
SQL: SELECT `repayment_time`,`borrow_id` FROM `lzh_investor_detail` WHERE ( (`repayment_time` BETWEEN 1551369600 AND 1554047999) AND (`borrow_id` = '1817') )  [ RunTime:0.0010s ]
SQL: SELECT `repayment_time`,`borrow_id` FROM `lzh_investor_detail` WHERE ( (`repayment_time` BETWEEN 1551369600 AND 1554047999) AND (`borrow_id` = '1818') )  [ RunTime:0.0000s ]
SQL: SELECT `repayment_time`,`borrow_id` FROM `lzh_investor_detail` WHERE ( (`repayment_time` BETWEEN 1551369600 AND 1554047999) AND (`borrow_id` = '1819') )  [ RunTime:0.0010s ]
SQL: SELECT `repayment_time`,`borrow_id` FROM `lzh_investor_detail` WHERE ( (`repayment_time` BETWEEN 1551369600 AND 1554047999) AND (`borrow_id` = '1821') )  [ RunTime:0.0000s ]
SQL: SELECT `repayment_time`,`borrow_id` FROM `lzh_investor_detail` WHERE ( (`repayment_time` BETWEEN 1551369600 AND 1554047999) AND (`borrow_id` = '1823') )  [ RunTime:0.0010s ]
SQL: SELECT `repayment_time`,`borrow_id` FROM `lzh_investor_detail` WHERE ( (`repayment_time` BETWEEN 1551369600 AND 1554047999) AND (`borrow_id` = '1825') )  [ RunTime:0.0000s ]
SQL: SELECT `repayment_time`,`borrow_id` FROM `lzh_investor_detail` WHERE ( (`repayment_time` BETWEEN 1551369600 AND 1554047999) AND (`borrow_id` = '1827') )  [ RunTime:0.0000s ]
SQL: SELECT `repayment_time`,`borrow_id` FROM `lzh_investor_detail` WHERE ( (`repayment_time` BETWEEN 1551369600 AND 1554047999) AND (`borrow_id` = '1829') )  [ RunTime:0.0000s ]
SQL: SELECT `repayment_time`,`borrow_id` FROM `lzh_investor_detail` WHERE ( (`repayment_time` BETWEEN 1551369600 AND 1554047999) AND (`borrow_id` = '1830') )  [ RunTime:0.0000s ]
SQL: SELECT `repayment_time`,`borrow_id` FROM `lzh_investor_detail` WHERE ( (`repayment_time` BETWEEN 1551369600 AND 1554047999) AND (`borrow_id` = '1832') )  [ RunTime:0.0000s ]
SQL: SELECT `repayment_time`,`borrow_id` FROM `lzh_investor_detail` WHERE ( (`repayment_time` BETWEEN 1551369600 AND 1554047999) AND (`borrow_id` = '1836') )  [ RunTime:0.0010s ]
SQL: SELECT `repayment_time`,`borrow_id` FROM `lzh_investor_detail` WHERE ( (`repayment_time` BETWEEN 1551369600 AND 1554047999) AND (`borrow_id` = '1838') )  [ RunTime:0.0000s ]
SQL: SELECT `repayment_time`,`borrow_id` FROM `lzh_investor_detail` WHERE ( (`repayment_time` BETWEEN 1551369600 AND 1554047999) AND (`borrow_id` = '1842') )  [ RunTime:0.0010s ]
SQL: SELECT `repayment_time`,`borrow_id` FROM `lzh_investor_detail` WHERE ( (`repayment_time` BETWEEN 1551369600 AND 1554047999) AND (`borrow_id` = '1843') )  [ RunTime:0.0000s ]
SQL: SELECT `repayment_time`,`borrow_id` FROM `lzh_investor_detail` WHERE ( (`repayment_time` BETWEEN 1551369600 AND 1554047999) AND (`borrow_id` = '1851') )  [ RunTime:0.0000s ]
SQL: SELECT `repayment_time`,`borrow_id` FROM `lzh_investor_detail` WHERE ( (`repayment_time` BETWEEN 1551369600 AND 1554047999) AND (`borrow_id` = '1852') )  [ RunTime:0.0000s ]
SQL: SELECT `repayment_time`,`borrow_id` FROM `lzh_investor_detail` WHERE ( (`repayment_time` BETWEEN 1551369600 AND 1554047999) AND (`borrow_id` = '1853') )  [ RunTime:0.0000s ]
SQL: SELECT `repayment_time`,`borrow_id` FROM `lzh_investor_detail` WHERE ( (`repayment_time` BETWEEN 1551369600 AND 1554047999) AND (`borrow_id` = '1855') )  [ RunTime:0.0010s ]
SQL: SELECT `repayment_time`,`borrow_id` FROM `lzh_investor_detail` WHERE ( (`repayment_time` BETWEEN 1551369600 AND 1554047999) AND (`borrow_id` = '1856') )  [ RunTime:0.0000s ]
NOTIC: [8] Undefined variable: export D:\wwwroot\TP\Application\Home\Controller\GongXiangController.class.php 第 383 行.
INFO: [ app_end ] --START--
INFO: Run Behavior\ShowPageTraceBehavior [ RunTime:0.000000s ]
INFO: [ app_end ] --END-- [ RunTime:0.000000s ]

[ 2019-05-09T09:47:42+08:00 ] ::1 /TP/home/gongXiang/next_sub_apr
INFO: [ app_init ] --START--
INFO: Run Behavior\BuildLiteBehavior [ RunTime:0.000000s ]
INFO: [ app_init ] --END-- [ RunTime:0.000000s ]
INFO: [ app_begin ] --START--
INFO: Run Behavior\ReadHtmlCacheBehavior [ RunTime:0.001000s ]
INFO: [ app_begin ] --END-- [ RunTime:0.001000s ]
SQL: SHOW COLUMNS FROM `lzh_borrow_info` [ RunTime:0.0040s ]
SQL: SELECT bi.id as borrow_id FROM lzh_borrow_info bi left join lzh_member_info mi on mi.uid = bi.borrow_uid  WHERE ( (`second_verify_time` < 1556639999) AND (`borrow_status` = 6) ) ORDER BY second_verify_time  [ RunTime:0.0010s ]
SQL: SHOW COLUMNS FROM `lzh_investor_detail` [ RunTime:0.0040s ]
SQL: SELECT `repayment_time`,`borrow_id` FROM lzh_investor_detail id left join lzh_borrow_info as lbi on id.borrow_id = lbi.id  WHERE ( (`repayment_time` BETWEEN 1554048000 AND 1556639999) AND (`borrow_status` IN ('7','9')) )  [ RunTime:0.0430s ]

[ 2019-05-09T09:48:56+08:00 ] ::1 /TP/home/gongXiang/next_sub_apr
INFO: [ app_init ] --START--
INFO: Run Behavior\BuildLiteBehavior [ RunTime:0.001000s ]
INFO: [ app_init ] --END-- [ RunTime:0.001000s ]
INFO: [ app_begin ] --START--
INFO: Run Behavior\ReadHtmlCacheBehavior [ RunTime:0.000000s ]
INFO: [ app_begin ] --END-- [ RunTime:0.000000s ]
SQL: SHOW COLUMNS FROM `lzh_borrow_info` [ RunTime:0.0040s ]
SQL: SELECT bi.id as borrow_id FROM lzh_borrow_info bi left join lzh_member_info mi on mi.uid = bi.borrow_uid  WHERE ( (`second_verify_time` < 1556639999) AND (`borrow_status` = 6) ) ORDER BY second_verify_time  [ RunTime:0.0010s ]
SQL: SHOW COLUMNS FROM `lzh_investor_detail` [ RunTime:0.0040s ]
SQL: SELECT `repayment_time`,`borrow_id` FROM lzh_investor_detail id left join lzh_borrow_info as lbi on id.borrow_id = lbi.id  WHERE ( (`repayment_time` BETWEEN 1554048000 AND 1556639999) AND (`borrow_status` IN ('7','9')) )  [ RunTime:0.0440s ]
SQL: SELECT `repayment_time`,`borrow_id` FROM lzh_investor_detail id left join lzh_borrow_info as lbi on id.borrow_id = lbi.id  WHERE ( (`repayment_time` > 1556639999) AND (`borrow_status` IN ('7','9')) )  [ RunTime:0.0440s ]
SQL: SELECT bi.id as borrow_id,`borrow_uid`,`cell_phone`,`second_verify_time`,`borrow_status`,`deadline`,`borrow_money`,`repayment_type`,mi.real_name,mi.idcard FROM lzh_borrow_info bi left join lzh_member_info mi on mi.uid = bi.borrow_uid  WHERE bi.id IN ('1522','1530','1547','1555','1565','1566','1570','1578','1598','1606','1607','1609','1625','1626','1627','1628','1634','1643','1647','1651','1654','1657','1659','1671','1675','1687','1706','1707','1709','1716','1715','1720','1762','1768','1774','1777','1780','1781','1782','1783','1786','1787','1788','1789','1790','1793','1795','1797','1798','1800','1801','1802','1803','1804','1805','1806','1807','1809','1810','1811','1812','1813','1814','1816','1817','1818','1819','1821','1827','1829','1830','1832','1836','1838','1842','1856','1858','1860','1862','1863','1864','1865','1686','1718','1723','1724','1728','1731','1732','1733','1737','1748','1750','1754','1755','1756','1758','1759','1760','1765','1770','1825','1857','1859','1861') ORDER BY second_verify_time  [ RunTime:0.0010s ]
SQL: SHOW COLUMNS FROM `lzh_investor_detail` [ RunTime:0.0040s ]
SQL: SELECT `repayment_time`,`borrow_id` FROM `lzh_investor_detail` WHERE ( (`repayment_time` BETWEEN 1554048000 AND 1556639999) AND (`borrow_id` = '1522') )  [ RunTime:0.0010s ]
SQL: SELECT `repayment_time`,`borrow_id` FROM `lzh_investor_detail` WHERE ( (`repayment_time` BETWEEN 1554048000 AND 1556639999) AND (`borrow_id` = '1530') )  [ RunTime:0.0000s ]
SQL: SELECT `repayment_time`,`borrow_id` FROM `lzh_investor_detail` WHERE ( (`repayment_time` BETWEEN 1554048000 AND 1556639999) AND (`borrow_id` = '1547') )  [ RunTime:0.0010s ]
SQL: SELECT `repayment_time`,`borrow_id` FROM `lzh_investor_detail` WHERE ( (`repayment_time` BETWEEN 1554048000 AND 1556639999) AND (`borrow_id` = '1555') )  [ RunTime:0.0000s ]
SQL: SELECT `repayment_time`,`borrow_id` FROM `lzh_investor_detail` WHERE ( (`repayment_time` BETWEEN 1554048000 AND 1556639999) AND (`borrow_id` = '1565') )  [ RunTime:0.0010s ]
SQL: SELECT `repayment_time`,`borrow_id` FROM `lzh_investor_detail` WHERE ( (`repayment_time` BETWEEN 1554048000 AND 1556639999) AND (`borrow_id` = '1566') )  [ RunTime:0.0000s ]
SQL: SELECT `repayment_time`,`borrow_id` FROM `lzh_investor_detail` WHERE ( (`repayment_time` BETWEEN 1554048000 AND 1556639999) AND (`borrow_id` = '1570') )  [ RunTime:0.0010s ]
SQL: SELECT `repayment_time`,`borrow_id` FROM `lzh_investor_detail` WHERE ( (`repayment_time` BETWEEN 1554048000 AND 1556639999) AND (`borrow_id` = '1578') )  [ RunTime:0.0000s ]
SQL: SELECT `repayment_time`,`borrow_id` FROM `lzh_investor_detail` WHERE ( (`repayment_time` BETWEEN 1554048000 AND 1556639999) AND (`borrow_id` = '1598') )  [ RunTime:0.0010s ]
SQL: SELECT `repayment_time`,`borrow_id` FROM `lzh_investor_detail` WHERE ( (`repayment_time` BETWEEN 1554048000 AND 1556639999) AND (`borrow_id` = '1606') )  [ RunTime:0.0000s ]
SQL: SELECT `repayment_time`,`borrow_id` FROM `lzh_investor_detail` WHERE ( (`repayment_time` BETWEEN 1554048000 AND 1556639999) AND (`borrow_id` = '1607') )  [ RunTime:0.0000s ]
SQL: SELECT `repayment_time`,`borrow_id` FROM `lzh_investor_detail` WHERE ( (`repayment_time` BETWEEN 1554048000 AND 1556639999) AND (`borrow_id` = '1609') )  [ RunTime:0.0010s ]
SQL: SELECT `repayment_time`,`borrow_id` FROM `lzh_investor_detail` WHERE ( (`repayment_time` BETWEEN 1554048000 AND 1556639999) AND (`borrow_id` = '1625') )  [ RunTime:0.0000s ]
SQL: SELECT `repayment_time`,`borrow_id` FROM `lzh_investor_detail` WHERE ( (`repayment_time` BETWEEN 1554048000 AND 1556639999) AND (`borrow_id` = '1626') )  [ RunTime:0.0000s ]
SQL: SELECT `repayment_time`,`borrow_id` FROM `lzh_investor_detail` WHERE ( (`repayment_time` BETWEEN 1554048000 AND 1556639999) AND (`borrow_id` = '1627') )  [ RunTime:0.0000s ]
SQL: SELECT `repayment_time`,`borrow_id` FROM `lzh_investor_detail` WHERE ( (`repayment_time` BETWEEN 1554048000 AND 1556639999) AND (`borrow_id` = '1628') )  [ RunTime:0.0000s ]
SQL: SELECT `repayment_time`,`borrow_id` FROM `lzh_investor_detail` WHERE ( (`repayment_time` BETWEEN 1554048000 AND 1556639999) AND (`borrow_id` = '1634') )  [ RunTime:0.0010s ]
SQL: SELECT `repayment_time`,`borrow_id` FROM `lzh_investor_detail` WHERE ( (`repayment_time` BETWEEN 1554048000 AND 1556639999) AND (`borrow_id` = '1643') )  [ RunTime:0.0000s ]
SQL: SELECT `repayment_time`,`borrow_id` FROM `lzh_investor_detail` WHERE ( (`repayment_time` BETWEEN 1554048000 AND 1556639999) AND (`borrow_id` = '1647') )  [ RunTime:0.0010s ]
SQL: SELECT `repayment_time`,`borrow_id` FROM `lzh_investor_detail` WHERE ( (`repayment_time` BETWEEN 1554048000 AND 1556639999) AND (`borrow_id` = '1651') )  [ RunTime:0.0000s ]
SQL: SELECT `repayment_time`,`borrow_id` FROM `lzh_investor_detail` WHERE ( (`repayment_time` BETWEEN 1554048000 AND 1556639999) AND (`borrow_id` = '1654') )  [ RunTime:0.0010s ]
SQL: SELECT `repayment_time`,`borrow_id` FROM `lzh_investor_detail` WHERE ( (`repayment_time` BETWEEN 1554048000 AND 1556639999) AND (`borrow_id` = '1657') )  [ RunTime:0.0000s ]
SQL: SELECT `repayment_time`,`borrow_id` FROM `lzh_investor_detail` WHERE ( (`repayment_time` BETWEEN 1554048000 AND 1556639999) AND (`borrow_id` = '1659') )  [ RunTime:0.0000s ]
SQL: SELECT `repayment_time`,`borrow_id` FROM `lzh_investor_detail` WHERE ( (`repayment_time` BETWEEN 1554048000 AND 1556639999) AND (`borrow_id` = '1671') )  [ RunTime:0.0000s ]
SQL: SELECT `repayment_time`,`borrow_id` FROM `lzh_investor_detail` WHERE ( (`repayment_time` BETWEEN 1554048000 AND 1556639999) AND (`borrow_id` = '1675') )  [ RunTime:0.0000s ]
SQL: SELECT `repayment_time`,`borrow_id` FROM `lzh_investor_detail` WHERE ( (`repayment_time` BETWEEN 1554048000 AND 1556639999) AND (`borrow_id` = '1686') )  [ RunTime:0.0010s ]
SQL: SELECT `repayment_time`,`borrow_id` FROM `lzh_investor_detail` WHERE ( (`repayment_time` BETWEEN 1554048000 AND 1556639999) AND (`borrow_id` = '1687') )  [ RunTime:0.0000s ]
SQL: SELECT `repayment_time`,`borrow_id` FROM `lzh_investor_detail` WHERE ( (`repayment_time` BETWEEN 1554048000 AND 1556639999) AND (`borrow_id` = '1706') )  [ RunTime:0.0010s ]
SQL: SELECT `repayment_time`,`borrow_id` FROM `lzh_investor_detail` WHERE ( (`repayment_time` BETWEEN 1554048000 AND 1556639999) AND (`borrow_id` = '1707') )  [ RunTime:0.0000s ]
SQL: SELECT `repayment_time`,`borrow_id` FROM `lzh_investor_detail` WHERE ( (`repayment_time` BETWEEN 1554048000 AND 1556639999) AND (`borrow_id` = '1709') )  [ RunTime:0.0010s ]
SQL: SELECT `repayment_time`,`borrow_id` FROM `lzh_investor_detail` WHERE ( (`repayment_time` BETWEEN 1554048000 AND 1556639999) AND (`borrow_id` = '1716') )  [ RunTime:0.0000s ]
SQL: SELECT `repayment_time`,`borrow_id` FROM `lzh_investor_detail` WHERE ( (`repayment_time` BETWEEN 1554048000 AND 1556639999) AND (`borrow_id` = '1715') )  [ RunTime:0.0000s ]
SQL: SELECT `repayment_time`,`borrow_id` FROM `lzh_investor_detail` WHERE ( (`repayment_time` BETWEEN 1554048000 AND 1556639999) AND (`borrow_id` = '1718') )  [ RunTime:0.0010s ]
SQL: SELECT `repayment_time`,`borrow_id` FROM `lzh_investor_detail` WHERE ( (`repayment_time` BETWEEN 1554048000 AND 1556639999) AND (`borrow_id` = '1720') )  [ RunTime:0.0000s ]
SQL: SELECT `repayment_time`,`borrow_id` FROM `lzh_investor_detail` WHERE ( (`repayment_time` BETWEEN 1554048000 AND 1556639999) AND (`borrow_id` = '1723') )  [ RunTime:0.0010s ]
SQL: SELECT `repayment_time`,`borrow_id` FROM `lzh_investor_detail` WHERE ( (`repayment_time` BETWEEN 1554048000 AND 1556639999) AND (`borrow_id` = '1724') )  [ RunTime:0.0000s ]
SQL: SELECT `repayment_time`,`borrow_id` FROM `lzh_investor_detail` WHERE ( (`repayment_time` BETWEEN 1554048000 AND 1556639999) AND (`borrow_id` = '1728') )  [ RunTime:0.0010s ]
SQL: SELECT `repayment_time`,`borrow_id` FROM `lzh_investor_detail` WHERE ( (`repayment_time` BETWEEN 1554048000 AND 1556639999) AND (`borrow_id` = '1731') )  [ RunTime:0.0000s ]
SQL: SELECT `repayment_time`,`borrow_id` FROM `lzh_investor_detail` WHERE ( (`repayment_time` BETWEEN 1554048000 AND 1556639999) AND (`borrow_id` = '1732') )  [ RunTime:0.0010s ]
SQL: SELECT `repayment_time`,`borrow_id` FROM `lzh_investor_detail` WHERE ( (`repayment_time` BETWEEN 1554048000 AND 1556639999) AND (`borrow_id` = '1733') )  [ RunTime:0.0000s ]
SQL: SELECT `repayment_time`,`borrow_id` FROM `lzh_investor_detail` WHERE ( (`repayment_time` BETWEEN 1554048000 AND 1556639999) AND (`borrow_id` = '1737') )  [ RunTime:0.0000s ]
SQL: SELECT `repayment_time`,`borrow_id` FROM `lzh_investor_detail` WHERE ( (`repayment_time` BETWEEN 1554048000 AND 1556639999) AND (`borrow_id` = '1748') )  [ RunTime:0.0000s ]
SQL: SELECT `repayment_time`,`borrow_id` FROM `lzh_investor_detail` WHERE ( (`repayment_time` BETWEEN 1554048000 AND 1556639999) AND (`borrow_id` = '1750') )  [ RunTime:0.0000s ]
SQL: SELECT `repayment_time`,`borrow_id` FROM `lzh_investor_detail` WHERE ( (`repayment_time` BETWEEN 1554048000 AND 1556639999) AND (`borrow_id` = '1754') )  [ RunTime:0.0010s ]
SQL: SELECT `repayment_time`,`borrow_id` FROM `lzh_investor_detail` WHERE ( (`repayment_time` BETWEEN 1554048000 AND 1556639999) AND (`borrow_id` = '1755') )  [ RunTime:0.0000s ]
SQL: SELECT `repayment_time`,`borrow_id` FROM `lzh_investor_detail` WHERE ( (`repayment_time` BETWEEN 1554048000 AND 1556639999) AND (`borrow_id` = '1756') )  [ RunTime:0.0010s ]
SQL: SELECT `repayment_time`,`borrow_id` FROM `lzh_investor_detail` WHERE ( (`repayment_time` BETWEEN 1554048000 AND 1556639999) AND (`borrow_id` = '1758') )  [ RunTime:0.0000s ]
SQL: SELECT `repayment_time`,`borrow_id` FROM `lzh_investor_detail` WHERE ( (`repayment_time` BETWEEN 1554048000 AND 1556639999) AND (`borrow_id` = '1759') )  [ RunTime:0.0010s ]
SQL: SELECT `repayment_time`,`borrow_id` FROM `lzh_investor_detail` WHERE ( (`repayment_time` BETWEEN 1554048000 AND 1556639999) AND (`borrow_id` = '1760') )  [ RunTime:0.0000s ]
SQL: SELECT `repayment_time`,`borrow_id` FROM `lzh_investor_detail` WHERE ( (`repayment_time` BETWEEN 1554048000 AND 1556639999) AND (`borrow_id` = '1762') )  [ RunTime:0.0010s ]
SQL: SELECT `repayment_time`,`borrow_id` FROM `lzh_investor_detail` WHERE ( (`repayment_time` BETWEEN 1554048000 AND 1556639999) AND (`borrow_id` = '1765') )  [ RunTime:0.0000s ]
SQL: SELECT `repayment_time`,`borrow_id` FROM `lzh_investor_detail` WHERE ( (`repayment_time` BETWEEN 1554048000 AND 1556639999) AND (`borrow_id` = '1768') )  [ RunTime:0.0000s ]
SQL: SELECT `repayment_time`,`borrow_id` FROM `lzh_investor_detail` WHERE ( (`repayment_time` BETWEEN 1554048000 AND 1556639999) AND (`borrow_id` = '1770') )  [ RunTime:0.0000s ]
SQL: SELECT `repayment_time`,`borrow_id` FROM `lzh_investor_detail` WHERE ( (`repayment_time` BETWEEN 1554048000 AND 1556639999) AND (`borrow_id` = '1774') )  [ RunTime:0.0000s ]
SQL: SELECT `repayment_time`,`borrow_id` FROM `lzh_investor_detail` WHERE ( (`repayment_time` BETWEEN 1554048000 AND 1556639999) AND (`borrow_id` = '1777') )  [ RunTime:0.0010s ]
SQL: SELECT `repayment_time`,`borrow_id` FROM `lzh_investor_detail` WHERE ( (`repayment_time` BETWEEN 1554048000 AND 1556639999) AND (`borrow_id` = '1780') )  [ RunTime:0.0000s ]
SQL: SELECT `repayment_time`,`borrow_id` FROM `lzh_investor_detail` WHERE ( (`repayment_time` BETWEEN 1554048000 AND 1556639999) AND (`borrow_id` = '1781') )  [ RunTime:0.0010s ]
SQL: SELECT `repayment_time`,`borrow_id` FROM `lzh_investor_detail` WHERE ( (`repayment_time` BETWEEN 1554048000 AND 1556639999) AND (`borrow_id` = '1782') )  [ RunTime:0.0000s ]
SQL: SELECT `repayment_time`,`borrow_id` FROM `lzh_investor_detail` WHERE ( (`repayment_time` BETWEEN 1554048000 AND 1556639999) AND (`borrow_id` = '1783') )  [ RunTime:0.0010s ]
SQL: SELECT `repayment_time`,`borrow_id` FROM `lzh_investor_detail` WHERE ( (`repayment_time` BETWEEN 1554048000 AND 1556639999) AND (`borrow_id` = '1786') )  [ RunTime:0.0000s ]
SQL: SELECT `repayment_time`,`borrow_id` FROM `lzh_investor_detail` WHERE ( (`repayment_time` BETWEEN 1554048000 AND 1556639999) AND (`borrow_id` = '1787') )  [ RunTime:0.0000s ]
SQL: SELECT `repayment_time`,`borrow_id` FROM `lzh_investor_detail` WHERE ( (`repayment_time` BETWEEN 1554048000 AND 1556639999) AND (`borrow_id` = '1788') )  [ RunTime:0.0000s ]
SQL: SELECT `repayment_time`,`borrow_id` FROM `lzh_investor_detail` WHERE ( (`repayment_time` BETWEEN 1554048000 AND 1556639999) AND (`borrow_id` = '1789') )  [ RunTime:0.0000s ]
SQL: SELECT `repayment_time`,`borrow_id` FROM `lzh_investor_detail` WHERE ( (`repayment_time` BETWEEN 1554048000 AND 1556639999) AND (`borrow_id` = '1790') )  [ RunTime:0.0000s ]
SQL: SELECT `repayment_time`,`borrow_id` FROM `lzh_investor_detail` WHERE ( (`repayment_time` BETWEEN 1554048000 AND 1556639999) AND (`borrow_id` = '1793') )  [ RunTime:0.0000s ]
SQL: SELECT `repayment_time`,`borrow_id` FROM `lzh_investor_detail` WHERE ( (`repayment_time` BETWEEN 1554048000 AND 1556639999) AND (`borrow_id` = '1795') )  [ RunTime:0.0010s ]
SQL: SELECT `repayment_time`,`borrow_id` FROM `lzh_investor_detail` WHERE ( (`repayment_time` BETWEEN 1554048000 AND 1556639999) AND (`borrow_id` = '1797') )  [ RunTime:0.0000s ]
SQL: SELECT `repayment_time`,`borrow_id` FROM `lzh_investor_detail` WHERE ( (`repayment_time` BETWEEN 1554048000 AND 1556639999) AND (`borrow_id` = '1798') )  [ RunTime:0.0000s ]
SQL: SELECT `repayment_time`,`borrow_id` FROM `lzh_investor_detail` WHERE ( (`repayment_time` BETWEEN 1554048000 AND 1556639999) AND (`borrow_id` = '1800') )  [ RunTime:0.0000s ]
SQL: SELECT `repayment_time`,`borrow_id` FROM `lzh_investor_detail` WHERE ( (`repayment_time` BETWEEN 1554048000 AND 1556639999) AND (`borrow_id` = '1801') )  [ RunTime:0.0000s ]
SQL: SELECT `repayment_time`,`borrow_id` FROM `lzh_investor_detail` WHERE ( (`repayment_time` BETWEEN 1554048000 AND 1556639999) AND (`borrow_id` = '1802') )  [ RunTime:0.0010s ]
SQL: SELECT `repayment_time`,`borrow_id` FROM `lzh_investor_detail` WHERE ( (`repayment_time` BETWEEN 1554048000 AND 1556639999) AND (`borrow_id` = '1803') )  [ RunTime:0.0000s ]
SQL: SELECT `repayment_time`,`borrow_id` FROM `lzh_investor_detail` WHERE ( (`repayment_time` BETWEEN 1554048000 AND 1556639999) AND (`borrow_id` = '1804') )  [ RunTime:0.0010s ]
SQL: SELECT `repayment_time`,`borrow_id` FROM `lzh_investor_detail` WHERE ( (`repayment_time` BETWEEN 1554048000 AND 1556639999) AND (`borrow_id` = '1805') )  [ RunTime:0.0000s ]
SQL: SELECT `repayment_time`,`borrow_id` FROM `lzh_investor_detail` WHERE ( (`repayment_time` BETWEEN 1554048000 AND 1556639999) AND (`borrow_id` = '1806') )  [ RunTime:0.0000s ]
SQL: SELECT `repayment_time`,`borrow_id` FROM `lzh_investor_detail` WHERE ( (`repayment_time` BETWEEN 1554048000 AND 1556639999) AND (`borrow_id` = '1807') )  [ RunTime:0.0000s ]
SQL: SELECT `repayment_time`,`borrow_id` FROM `lzh_investor_detail` WHERE ( (`repayment_time` BETWEEN 1554048000 AND 1556639999) AND (`borrow_id` = '1809') )  [ RunTime:0.0000s ]
SQL: SELECT `repayment_time`,`borrow_id` FROM `lzh_investor_detail` WHERE ( (`repayment_time` BETWEEN 1554048000 AND 1556639999) AND (`borrow_id` = '1810') )  [ RunTime:0.0010s ]
SQL: SELECT `repayment_time`,`borrow_id` FROM `lzh_investor_detail` WHERE ( (`repayment_time` BETWEEN 1554048000 AND 1556639999) AND (`borrow_id` = '1811') )  [ RunTime:0.0000s ]
SQL: SELECT `repayment_time`,`borrow_id` FROM `lzh_investor_detail` WHERE ( (`repayment_time` BETWEEN 1554048000 AND 1556639999) AND (`borrow_id` = '1812') )  [ RunTime:0.0010s ]
SQL: SELECT `repayment_time`,`borrow_id` FROM `lzh_investor_detail` WHERE ( (`repayment_time` BETWEEN 1554048000 AND 1556639999) AND (`borrow_id` = '1813') )  [ RunTime:0.0000s ]
SQL: SELECT `repayment_time`,`borrow_id` FROM `lzh_investor_detail` WHERE ( (`repayment_time` BETWEEN 1554048000 AND 1556639999) AND (`borrow_id` = '1814') )  [ RunTime:0.0000s ]
SQL: SELECT `repayment_time`,`borrow_id` FROM `lzh_investor_detail` WHERE ( (`repayment_time` BETWEEN 1554048000 AND 1556639999) AND (`borrow_id` = '1816') )  [ RunTime:0.0000s ]
SQL: SELECT `repayment_time`,`borrow_id` FROM `lzh_investor_detail` WHERE ( (`repayment_time` BETWEEN 1554048000 AND 1556639999) AND (`borrow_id` = '1817') )  [ RunTime:0.0000s ]
SQL: SELECT `repayment_time`,`borrow_id` FROM `lzh_investor_detail` WHERE ( (`repayment_time` BETWEEN 1554048000 AND 1556639999) AND (`borrow_id` = '1818') )  [ RunTime:0.0000s ]
SQL: SELECT `repayment_time`,`borrow_id` FROM `lzh_investor_detail` WHERE ( (`repayment_time` BETWEEN 1554048000 AND 1556639999) AND (`borrow_id` = '1819') )  [ RunTime:0.0000s ]
SQL: SELECT `repayment_time`,`borrow_id` FROM `lzh_investor_detail` WHERE ( (`repayment_time` BETWEEN 1554048000 AND 1556639999) AND (`borrow_id` = '1821') )  [ RunTime:0.0010s ]
SQL: SELECT `repayment_time`,`borrow_id` FROM `lzh_investor_detail` WHERE ( (`repayment_time` BETWEEN 1554048000 AND 1556639999) AND (`borrow_id` = '1825') )  [ RunTime:0.0000s ]
SQL: SELECT `repayment_time`,`borrow_id` FROM `lzh_investor_detail` WHERE ( (`repayment_time` BETWEEN 1554048000 AND 1556639999) AND (`borrow_id` = '1827') )  [ RunTime:0.0010s ]
SQL: SELECT `repayment_time`,`borrow_id` FROM `lzh_investor_detail` WHERE ( (`repayment_time` BETWEEN 1554048000 AND 1556639999) AND (`borrow_id` = '1829') )  [ RunTime:0.0000s ]
SQL: SELECT `repayment_time`,`borrow_id` FROM `lzh_investor_detail` WHERE ( (`repayment_time` BETWEEN 1554048000 AND 1556639999) AND (`borrow_id` = '1830') )  [ RunTime:0.0010s ]
SQL: SELECT `repayment_time`,`borrow_id` FROM `lzh_investor_detail` WHERE ( (`repayment_time` BETWEEN 1554048000 AND 1556639999) AND (`borrow_id` = '1832') )  [ RunTime:0.0010s ]
SQL: SELECT `repayment_time`,`borrow_id` FROM `lzh_investor_detail` WHERE ( (`repayment_time` BETWEEN 1554048000 AND 1556639999) AND (`borrow_id` = '1836') )  [ RunTime:0.0000s ]
SQL: SELECT `repayment_time`,`borrow_id` FROM `lzh_investor_detail` WHERE ( (`repayment_time` BETWEEN 1554048000 AND 1556639999) AND (`borrow_id` = '1838') )  [ RunTime:0.0010s ]
SQL: SELECT `repayment_time`,`borrow_id` FROM `lzh_investor_detail` WHERE ( (`repayment_time` BETWEEN 1554048000 AND 1556639999) AND (`borrow_id` = '1842') )  [ RunTime:0.0000s ]
SQL: SELECT `repayment_time`,`borrow_id` FROM `lzh_investor_detail` WHERE ( (`repayment_time` BETWEEN 1554048000 AND 1556639999) AND (`borrow_id` = '1856') )  [ RunTime:0.0000s ]
SQL: SELECT `repayment_time`,`borrow_id` FROM `lzh_investor_detail` WHERE ( (`repayment_time` BETWEEN 1554048000 AND 1556639999) AND (`borrow_id` = '1857') )  [ RunTime:0.0000s ]
SQL: SELECT `repayment_time`,`borrow_id` FROM `lzh_investor_detail` WHERE ( (`repayment_time` BETWEEN 1554048000 AND 1556639999) AND (`borrow_id` = '1858') )  [ RunTime:0.0000s ]
SQL: SELECT `repayment_time`,`borrow_id` FROM `lzh_investor_detail` WHERE ( (`repayment_time` BETWEEN 1554048000 AND 1556639999) AND (`borrow_id` = '1859') )  [ RunTime:0.0010s ]
SQL: SELECT `repayment_time`,`borrow_id` FROM `lzh_investor_detail` WHERE ( (`repayment_time` BETWEEN 1554048000 AND 1556639999) AND (`borrow_id` = '1860') )  [ RunTime:0.0000s ]
SQL: SELECT `repayment_time`,`borrow_id` FROM `lzh_investor_detail` WHERE ( (`repayment_time` BETWEEN 1554048000 AND 1556639999) AND (`borrow_id` = '1861') )  [ RunTime:0.0010s ]
SQL: SELECT `repayment_time`,`borrow_id` FROM `lzh_investor_detail` WHERE ( (`repayment_time` BETWEEN 1554048000 AND 1556639999) AND (`borrow_id` = '1862') )  [ RunTime:0.0000s ]
SQL: SELECT `repayment_time`,`borrow_id` FROM `lzh_investor_detail` WHERE ( (`repayment_time` BETWEEN 1554048000 AND 1556639999) AND (`borrow_id` = '1863') )  [ RunTime:0.0000s ]
SQL: SELECT `repayment_time`,`borrow_id` FROM `lzh_investor_detail` WHERE ( (`repayment_time` BETWEEN 1554048000 AND 1556639999) AND (`borrow_id` = '1864') )  [ RunTime:0.0010s ]
SQL: SELECT `repayment_time`,`borrow_id` FROM `lzh_investor_detail` WHERE ( (`repayment_time` BETWEEN 1554048000 AND 1556639999) AND (`borrow_id` = '1865') )  [ RunTime:0.0000s ]
NOTIC: [8] Undefined variable: export D:\wwwroot\TP\Application\Home\Controller\GongXiangController.class.php 第 605 行.
INFO: [ app_end ] --START--
INFO: Run Behavior\ShowPageTraceBehavior [ RunTime:0.000000s ]
INFO: [ app_end ] --END-- [ RunTime:0.000000s ]

[ 2019-05-09T09:52:17+08:00 ] ::1 /TP/home/gongXiang/next_sub_apr
INFO: [ app_init ] --START--
INFO: Run Behavior\BuildLiteBehavior [ RunTime:0.000000s ]
INFO: [ app_init ] --END-- [ RunTime:0.001000s ]
INFO: [ app_begin ] --START--
INFO: Run Behavior\ReadHtmlCacheBehavior [ RunTime:0.001000s ]
INFO: [ app_begin ] --END-- [ RunTime:0.001000s ]
SQL: SHOW COLUMNS FROM `lzh_borrow_info` [ RunTime:0.0140s ]
SQL: SELECT bi.id as borrow_id FROM lzh_borrow_info bi left join lzh_member_info mi on mi.uid = bi.borrow_uid  WHERE ( (`second_verify_time` < 1556639999) AND (`borrow_status` = 6) ) ORDER BY second_verify_time  [ RunTime:0.0010s ]
SQL: SHOW COLUMNS FROM `lzh_investor_detail` [ RunTime:0.0040s ]
SQL: SELECT `repayment_time`,`borrow_id` FROM lzh_investor_detail id left join lzh_borrow_info as lbi on id.borrow_id = lbi.id  WHERE ( (`repayment_time` BETWEEN 1554048000 AND 1556639999) AND (`borrow_status` IN ('7','9')) )  [ RunTime:0.0430s ]
SQL: SELECT `repayment_time`,`borrow_id` FROM lzh_investor_detail id left join lzh_borrow_info as lbi on id.borrow_id = lbi.id  WHERE ( (`repayment_time` > 1556639999) AND (`borrow_status` IN ('7','9')) )  [ RunTime:0.0430s ]
SQL: SELECT bi.id as borrow_id,`borrow_uid`,`cell_phone`,`second_verify_time`,`borrow_status`,`deadline`,`borrow_money`,`repayment_type`,mi.real_name,mi.idcard FROM lzh_borrow_info bi left join lzh_member_info mi on mi.uid = bi.borrow_uid  WHERE bi.id IN ('1522','1530','1547','1555','1565','1566','1570','1578','1598','1606','1607','1609','1625','1626','1627','1628','1634','1643','1647','1651','1654','1657','1659','1671','1675','1687','1706','1707','1709','1716','1715','1720','1762','1768','1774','1777','1780','1781','1782','1783','1786','1787','1788','1789','1790','1793','1795','1797','1798','1800','1801','1802','1803','1804','1805','1806','1807','1809','1810','1811','1812','1813','1814','1816','1817','1818','1819','1821','1827','1829','1830','1832','1836','1838','1842','1856','1858','1860','1862','1863','1864','1865','1686','1718','1723','1724','1728','1731','1732','1733','1737','1748','1750','1754','1755','1756','1758','1759','1760','1765','1770','1825','1857','1859','1861') ORDER BY second_verify_time  [ RunTime:0.0020s ]
SQL: SHOW COLUMNS FROM `lzh_investor_detail` [ RunTime:0.0040s ]
SQL: SELECT `repayment_time`,`borrow_id` FROM `lzh_investor_detail` WHERE ( (`repayment_time` BETWEEN 1554048000 AND 1556639999) AND (`borrow_id` = '1522') )  [ RunTime:0.0010s ]
SQL: SELECT `repayment_time`,`borrow_id` FROM `lzh_investor_detail` WHERE ( (`repayment_time` BETWEEN 1554048000 AND 1556639999) AND (`borrow_id` = '1530') )  [ RunTime:0.0000s ]
SQL: SELECT `repayment_time`,`borrow_id` FROM `lzh_investor_detail` WHERE ( (`repayment_time` BETWEEN 1554048000 AND 1556639999) AND (`borrow_id` = '1547') )  [ RunTime:0.0010s ]
SQL: SELECT `repayment_time`,`borrow_id` FROM `lzh_investor_detail` WHERE ( (`repayment_time` BETWEEN 1554048000 AND 1556639999) AND (`borrow_id` = '1555') )  [ RunTime:0.0000s ]
SQL: SELECT `repayment_time`,`borrow_id` FROM `lzh_investor_detail` WHERE ( (`repayment_time` BETWEEN 1554048000 AND 1556639999) AND (`borrow_id` = '1565') )  [ RunTime:0.0000s ]
SQL: SELECT `repayment_time`,`borrow_id` FROM `lzh_investor_detail` WHERE ( (`repayment_time` BETWEEN 1554048000 AND 1556639999) AND (`borrow_id` = '1566') )  [ RunTime:0.0000s ]
SQL: SELECT `repayment_time`,`borrow_id` FROM `lzh_investor_detail` WHERE ( (`repayment_time` BETWEEN 1554048000 AND 1556639999) AND (`borrow_id` = '1570') )  [ RunTime:0.0000s ]
SQL: SELECT `repayment_time`,`borrow_id` FROM `lzh_investor_detail` WHERE ( (`repayment_time` BETWEEN 1554048000 AND 1556639999) AND (`borrow_id` = '1578') )  [ RunTime:0.0010s ]
SQL: SELECT `repayment_time`,`borrow_id` FROM `lzh_investor_detail` WHERE ( (`repayment_time` BETWEEN 1554048000 AND 1556639999) AND (`borrow_id` = '1598') )  [ RunTime:0.0000s ]
SQL: SELECT `repayment_time`,`borrow_id` FROM `lzh_investor_detail` WHERE ( (`repayment_time` BETWEEN 1554048000 AND 1556639999) AND (`borrow_id` = '1606') )  [ RunTime:0.0010s ]
SQL: SELECT `repayment_time`,`borrow_id` FROM `lzh_investor_detail` WHERE ( (`repayment_time` BETWEEN 1554048000 AND 1556639999) AND (`borrow_id` = '1607') )  [ RunTime:0.0000s ]
SQL: SELECT `repayment_time`,`borrow_id` FROM `lzh_investor_detail` WHERE ( (`repayment_time` BETWEEN 1554048000 AND 1556639999) AND (`borrow_id` = '1609') )  [ RunTime:0.0010s ]
SQL: SELECT `repayment_time`,`borrow_id` FROM `lzh_investor_detail` WHERE ( (`repayment_time` BETWEEN 1554048000 AND 1556639999) AND (`borrow_id` = '1625') )  [ RunTime:0.0000s ]
SQL: SELECT `repayment_time`,`borrow_id` FROM `lzh_investor_detail` WHERE ( (`repayment_time` BETWEEN 1554048000 AND 1556639999) AND (`borrow_id` = '1626') )  [ RunTime:0.0010s ]
SQL: SELECT `repayment_time`,`borrow_id` FROM `lzh_investor_detail` WHERE ( (`repayment_time` BETWEEN 1554048000 AND 1556639999) AND (`borrow_id` = '1627') )  [ RunTime:0.0000s ]
SQL: SELECT `repayment_time`,`borrow_id` FROM `lzh_investor_detail` WHERE ( (`repayment_time` BETWEEN 1554048000 AND 1556639999) AND (`borrow_id` = '1628') )  [ RunTime:0.0010s ]
SQL: SELECT `repayment_time`,`borrow_id` FROM `lzh_investor_detail` WHERE ( (`repayment_time` BETWEEN 1554048000 AND 1556639999) AND (`borrow_id` = '1634') )  [ RunTime:0.0000s ]
SQL: SELECT `repayment_time`,`borrow_id` FROM `lzh_investor_detail` WHERE ( (`repayment_time` BETWEEN 1554048000 AND 1556639999) AND (`borrow_id` = '1643') )  [ RunTime:0.0000s ]
SQL: SELECT `repayment_time`,`borrow_id` FROM `lzh_investor_detail` WHERE ( (`repayment_time` BETWEEN 1554048000 AND 1556639999) AND (`borrow_id` = '1647') )  [ RunTime:0.0000s ]
SQL: SELECT `repayment_time`,`borrow_id` FROM `lzh_investor_detail` WHERE ( (`repayment_time` BETWEEN 1554048000 AND 1556639999) AND (`borrow_id` = '1651') )  [ RunTime:0.0000s ]
SQL: SELECT `repayment_time`,`borrow_id` FROM `lzh_investor_detail` WHERE ( (`repayment_time` BETWEEN 1554048000 AND 1556639999) AND (`borrow_id` = '1654') )  [ RunTime:0.0010s ]
SQL: SELECT `repayment_time`,`borrow_id` FROM `lzh_investor_detail` WHERE ( (`repayment_time` BETWEEN 1554048000 AND 1556639999) AND (`borrow_id` = '1657') )  [ RunTime:0.0000s ]
SQL: SELECT `repayment_time`,`borrow_id` FROM `lzh_investor_detail` WHERE ( (`repayment_time` BETWEEN 1554048000 AND 1556639999) AND (`borrow_id` = '1659') )  [ RunTime:0.0010s ]
SQL: SELECT `repayment_time`,`borrow_id` FROM `lzh_investor_detail` WHERE ( (`repayment_time` BETWEEN 1554048000 AND 1556639999) AND (`borrow_id` = '1671') )  [ RunTime:0.0000s ]
SQL: SELECT `repayment_time`,`borrow_id` FROM `lzh_investor_detail` WHERE ( (`repayment_time` BETWEEN 1554048000 AND 1556639999) AND (`borrow_id` = '1675') )  [ RunTime:0.0010s ]
SQL: SELECT `repayment_time`,`borrow_id` FROM `lzh_investor_detail` WHERE ( (`repayment_time` BETWEEN 1554048000 AND 1556639999) AND (`borrow_id` = '1686') )  [ RunTime:0.0000s ]
SQL: SELECT `repayment_time`,`borrow_id` FROM `lzh_investor_detail` WHERE ( (`repayment_time` BETWEEN 1554048000 AND 1556639999) AND (`borrow_id` = '1687') )  [ RunTime:0.0000s ]
SQL: SELECT `repayment_time`,`borrow_id` FROM `lzh_investor_detail` WHERE ( (`repayment_time` BETWEEN 1554048000 AND 1556639999) AND (`borrow_id` = '1706') )  [ RunTime:0.0000s ]
SQL: SELECT `repayment_time`,`borrow_id` FROM `lzh_investor_detail` WHERE ( (`repayment_time` BETWEEN 1554048000 AND 1556639999) AND (`borrow_id` = '1707') )  [ RunTime:0.0000s ]
SQL: SELECT `repayment_time`,`borrow_id` FROM `lzh_investor_detail` WHERE ( (`repayment_time` BETWEEN 1554048000 AND 1556639999) AND (`borrow_id` = '1709') )  [ RunTime:0.0010s ]
SQL: SELECT `repayment_time`,`borrow_id` FROM `lzh_investor_detail` WHERE ( (`repayment_time` BETWEEN 1554048000 AND 1556639999) AND (`borrow_id` = '1716') )  [ RunTime:0.0000s ]
SQL: SELECT `repayment_time`,`borrow_id` FROM `lzh_investor_detail` WHERE ( (`repayment_time` BETWEEN 1554048000 AND 1556639999) AND (`borrow_id` = '1715') )  [ RunTime:0.0000s ]
SQL: SELECT `repayment_time`,`borrow_id` FROM `lzh_investor_detail` WHERE ( (`repayment_time` BETWEEN 1554048000 AND 1556639999) AND (`borrow_id` = '1718') )  [ RunTime:0.0000s ]
SQL: SELECT `repayment_time`,`borrow_id` FROM `lzh_investor_detail` WHERE ( (`repayment_time` BETWEEN 1554048000 AND 1556639999) AND (`borrow_id` = '1720') )  [ RunTime:0.0000s ]
SQL: SELECT `repayment_time`,`borrow_id` FROM `lzh_investor_detail` WHERE ( (`repayment_time` BETWEEN 1554048000 AND 1556639999) AND (`borrow_id` = '1723') )  [ RunTime:0.0010s ]
SQL: SELECT `repayment_time`,`borrow_id` FROM `lzh_investor_detail` WHERE ( (`repayment_time` BETWEEN 1554048000 AND 1556639999) AND (`borrow_id` = '1724') )  [ RunTime:0.0000s ]
SQL: SELECT `repayment_time`,`borrow_id` FROM `lzh_investor_detail` WHERE ( (`repayment_time` BETWEEN 1554048000 AND 1556639999) AND (`borrow_id` = '1728') )  [ RunTime:0.0000s ]
SQL: SELECT `repayment_time`,`borrow_id` FROM `lzh_investor_detail` WHERE ( (`repayment_time` BETWEEN 1554048000 AND 1556639999) AND (`borrow_id` = '1731') )  [ RunTime:0.0000s ]
SQL: SELECT `repayment_time`,`borrow_id` FROM `lzh_investor_detail` WHERE ( (`repayment_time` BETWEEN 1554048000 AND 1556639999) AND (`borrow_id` = '1732') )  [ RunTime:0.0000s ]
SQL: SELECT `repayment_time`,`borrow_id` FROM `lzh_investor_detail` WHERE ( (`repayment_time` BETWEEN 1554048000 AND 1556639999) AND (`borrow_id` = '1733') )  [ RunTime:0.0010s ]
SQL: SELECT `repayment_time`,`borrow_id` FROM `lzh_investor_detail` WHERE ( (`repayment_time` BETWEEN 1554048000 AND 1556639999) AND (`borrow_id` = '1737') )  [ RunTime:0.0000s ]
SQL: SELECT `repayment_time`,`borrow_id` FROM `lzh_investor_detail` WHERE ( (`repayment_time` BETWEEN 1554048000 AND 1556639999) AND (`borrow_id` = '1748') )  [ RunTime:0.0010s ]
SQL: SELECT `repayment_time`,`borrow_id` FROM `lzh_investor_detail` WHERE ( (`repayment_time` BETWEEN 1554048000 AND 1556639999) AND (`borrow_id` = '1750') )  [ RunTime:0.0000s ]
SQL: SELECT `repayment_time`,`borrow_id` FROM `lzh_investor_detail` WHERE ( (`repayment_time` BETWEEN 1554048000 AND 1556639999) AND (`borrow_id` = '1754') )  [ RunTime:0.0000s ]
SQL: SELECT `repayment_time`,`borrow_id` FROM `lzh_investor_detail` WHERE ( (`repayment_time` BETWEEN 1554048000 AND 1556639999) AND (`borrow_id` = '1755') )  [ RunTime:0.0000s ]
SQL: SELECT `repayment_time`,`borrow_id` FROM `lzh_investor_detail` WHERE ( (`repayment_time` BETWEEN 1554048000 AND 1556639999) AND (`borrow_id` = '1756') )  [ RunTime:0.0000s ]
SQL: SELECT `repayment_time`,`borrow_id` FROM `lzh_investor_detail` WHERE ( (`repayment_time` BETWEEN 1554048000 AND 1556639999) AND (`borrow_id` = '1758') )  [ RunTime:0.0010s ]
SQL: SELECT `repayment_time`,`borrow_id` FROM `lzh_investor_detail` WHERE ( (`repayment_time` BETWEEN 1554048000 AND 1556639999) AND (`borrow_id` = '1759') )  [ RunTime:0.0000s ]
SQL: SELECT `repayment_time`,`borrow_id` FROM `lzh_investor_detail` WHERE ( (`repayment_time` BETWEEN 1554048000 AND 1556639999) AND (`borrow_id` = '1760') )  [ RunTime:0.0010s ]
SQL: SELECT `repayment_time`,`borrow_id` FROM `lzh_investor_detail` WHERE ( (`repayment_time` BETWEEN 1554048000 AND 1556639999) AND (`borrow_id` = '1762') )  [ RunTime:0.0000s ]
SQL: SELECT `repayment_time`,`borrow_id` FROM `lzh_investor_detail` WHERE ( (`repayment_time` BETWEEN 1554048000 AND 1556639999) AND (`borrow_id` = '1765') )  [ RunTime:0.0010s ]
SQL: SELECT `repayment_time`,`borrow_id` FROM `lzh_investor_detail` WHERE ( (`repayment_time` BETWEEN 1554048000 AND 1556639999) AND (`borrow_id` = '1768') )  [ RunTime:0.0000s ]
SQL: SELECT `repayment_time`,`borrow_id` FROM `lzh_investor_detail` WHERE ( (`repayment_time` BETWEEN 1554048000 AND 1556639999) AND (`borrow_id` = '1770') )  [ RunTime:0.0010s ]
SQL: SELECT `repayment_time`,`borrow_id` FROM `lzh_investor_detail` WHERE ( (`repayment_time` BETWEEN 1554048000 AND 1556639999) AND (`borrow_id` = '1774') )  [ RunTime:0.0000s ]
SQL: SELECT `repayment_time`,`borrow_id` FROM `lzh_investor_detail` WHERE ( (`repayment_time` BETWEEN 1554048000 AND 1556639999) AND (`borrow_id` = '1777') )  [ RunTime:0.0000s ]
SQL: SELECT `repayment_time`,`borrow_id` FROM `lzh_investor_detail` WHERE ( (`repayment_time` BETWEEN 1554048000 AND 1556639999) AND (`borrow_id` = '1780') )  [ RunTime:0.0000s ]
SQL: SELECT `repayment_time`,`borrow_id` FROM `lzh_investor_detail` WHERE ( (`repayment_time` BETWEEN 1554048000 AND 1556639999) AND (`borrow_id` = '1781') )  [ RunTime:0.0000s ]
SQL: SELECT `repayment_time`,`borrow_id` FROM `lzh_investor_detail` WHERE ( (`repayment_time` BETWEEN 1554048000 AND 1556639999) AND (`borrow_id` = '1782') )  [ RunTime:0.0010s ]
SQL: SELECT `repayment_time`,`borrow_id` FROM `lzh_investor_detail` WHERE ( (`repayment_time` BETWEEN 1554048000 AND 1556639999) AND (`borrow_id` = '1783') )  [ RunTime:0.0000s ]
SQL: SELECT `repayment_time`,`borrow_id` FROM `lzh_investor_detail` WHERE ( (`repayment_time` BETWEEN 1554048000 AND 1556639999) AND (`borrow_id` = '1786') )  [ RunTime:0.0010s ]
SQL: SELECT `repayment_time`,`borrow_id` FROM `lzh_investor_detail` WHERE ( (`repayment_time` BETWEEN 1554048000 AND 1556639999) AND (`borrow_id` = '1787') )  [ RunTime:0.0000s ]
SQL: SELECT `repayment_time`,`borrow_id` FROM `lzh_investor_detail` WHERE ( (`repayment_time` BETWEEN 1554048000 AND 1556639999) AND (`borrow_id` = '1788') )  [ RunTime:0.0000s ]
SQL: SELECT `repayment_time`,`borrow_id` FROM `lzh_investor_detail` WHERE ( (`repayment_time` BETWEEN 1554048000 AND 1556639999) AND (`borrow_id` = '1789') )  [ RunTime:0.0000s ]
SQL: SELECT `repayment_time`,`borrow_id` FROM `lzh_investor_detail` WHERE ( (`repayment_time` BETWEEN 1554048000 AND 1556639999) AND (`borrow_id` = '1790') )  [ RunTime:0.0000s ]
SQL: SELECT `repayment_time`,`borrow_id` FROM `lzh_investor_detail` WHERE ( (`repayment_time` BETWEEN 1554048000 AND 1556639999) AND (`borrow_id` = '1793') )  [ RunTime:0.0010s ]
SQL: SELECT `repayment_time`,`borrow_id` FROM `lzh_investor_detail` WHERE ( (`repayment_time` BETWEEN 1554048000 AND 1556639999) AND (`borrow_id` = '1795') )  [ RunTime:0.0000s ]
SQL: SELECT `repayment_time`,`borrow_id` FROM `lzh_investor_detail` WHERE ( (`repayment_time` BETWEEN 1554048000 AND 1556639999) AND (`borrow_id` = '1797') )  [ RunTime:0.0000s ]
SQL: SELECT `repayment_time`,`borrow_id` FROM `lzh_investor_detail` WHERE ( (`repayment_time` BETWEEN 1554048000 AND 1556639999) AND (`borrow_id` = '1798') )  [ RunTime:0.0000s ]
SQL: SELECT `repayment_time`,`borrow_id` FROM `lzh_investor_detail` WHERE ( (`repayment_time` BETWEEN 1554048000 AND 1556639999) AND (`borrow_id` = '1800') )  [ RunTime:0.0000s ]
SQL: SELECT `repayment_time`,`borrow_id` FROM `lzh_investor_detail` WHERE ( (`repayment_time` BETWEEN 1554048000 AND 1556639999) AND (`borrow_id` = '1801') )  [ RunTime:0.0010s ]
SQL: SELECT `repayment_time`,`borrow_id` FROM `lzh_investor_detail` WHERE ( (`repayment_time` BETWEEN 1554048000 AND 1556639999) AND (`borrow_id` = '1802') )  [ RunTime:0.0000s ]
SQL: SELECT `repayment_time`,`borrow_id` FROM `lzh_investor_detail` WHERE ( (`repayment_time` BETWEEN 1554048000 AND 1556639999) AND (`borrow_id` = '1803') )  [ RunTime:0.0000s ]
SQL: SELECT `repayment_time`,`borrow_id` FROM `lzh_investor_detail` WHERE ( (`repayment_time` BETWEEN 1554048000 AND 1556639999) AND (`borrow_id` = '1804') )  [ RunTime:0.0010s ]
SQL: SELECT `repayment_time`,`borrow_id` FROM `lzh_investor_detail` WHERE ( (`repayment_time` BETWEEN 1554048000 AND 1556639999) AND (`borrow_id` = '1805') )  [ RunTime:0.0000s ]
SQL: SELECT `repayment_time`,`borrow_id` FROM `lzh_investor_detail` WHERE ( (`repayment_time` BETWEEN 1554048000 AND 1556639999) AND (`borrow_id` = '1806') )  [ RunTime:0.0010s ]
SQL: SELECT `repayment_time`,`borrow_id` FROM `lzh_investor_detail` WHERE ( (`repayment_time` BETWEEN 1554048000 AND 1556639999) AND (`borrow_id` = '1807') )  [ RunTime:0.0000s ]
SQL: SELECT `repayment_time`,`borrow_id` FROM `lzh_investor_detail` WHERE ( (`repayment_time` BETWEEN 1554048000 AND 1556639999) AND (`borrow_id` = '1809') )  [ RunTime:0.0010s ]
SQL: SELECT `repayment_time`,`borrow_id` FROM `lzh_investor_detail` WHERE ( (`repayment_time` BETWEEN 1554048000 AND 1556639999) AND (`borrow_id` = '1810') )  [ RunTime:0.0000s ]
SQL: SELECT `repayment_time`,`borrow_id` FROM `lzh_investor_detail` WHERE ( (`repayment_time` BETWEEN 1554048000 AND 1556639999) AND (`borrow_id` = '1811') )  [ RunTime:0.0000s ]
SQL: SELECT `repayment_time`,`borrow_id` FROM `lzh_investor_detail` WHERE ( (`repayment_time` BETWEEN 1554048000 AND 1556639999) AND (`borrow_id` = '1812') )  [ RunTime:0.0000s ]
SQL: SELECT `repayment_time`,`borrow_id` FROM `lzh_investor_detail` WHERE ( (`repayment_time` BETWEEN 1554048000 AND 1556639999) AND (`borrow_id` = '1813') )  [ RunTime:0.0010s ]
SQL: SELECT `repayment_time`,`borrow_id` FROM `lzh_investor_detail` WHERE ( (`repayment_time` BETWEEN 1554048000 AND 1556639999) AND (`borrow_id` = '1814') )  [ RunTime:0.0000s ]
SQL: SELECT `repayment_time`,`borrow_id` FROM `lzh_investor_detail` WHERE ( (`repayment_time` BETWEEN 1554048000 AND 1556639999) AND (`borrow_id` = '1816') )  [ RunTime:0.0010s ]
SQL: SELECT `repayment_time`,`borrow_id` FROM `lzh_investor_detail` WHERE ( (`repayment_time` BETWEEN 1554048000 AND 1556639999) AND (`borrow_id` = '1817') )  [ RunTime:0.0000s ]
SQL: SELECT `repayment_time`,`borrow_id` FROM `lzh_investor_detail` WHERE ( (`repayment_time` BETWEEN 1554048000 AND 1556639999) AND (`borrow_id` = '1818') )  [ RunTime:0.0010s ]
SQL: SELECT `repayment_time`,`borrow_id` FROM `lzh_investor_detail` WHERE ( (`repayment_time` BETWEEN 1554048000 AND 1556639999) AND (`borrow_id` = '1819') )  [ RunTime:0.0000s ]
SQL: SELECT `repayment_time`,`borrow_id` FROM `lzh_investor_detail` WHERE ( (`repayment_time` BETWEEN 1554048000 AND 1556639999) AND (`borrow_id` = '1821') )  [ RunTime:0.0010s ]
SQL: SELECT `repayment_time`,`borrow_id` FROM `lzh_investor_detail` WHERE ( (`repayment_time` BETWEEN 1554048000 AND 1556639999) AND (`borrow_id` = '1825') )  [ RunTime:0.0000s ]
SQL: SELECT `repayment_time`,`borrow_id` FROM `lzh_investor_detail` WHERE ( (`repayment_time` BETWEEN 1554048000 AND 1556639999) AND (`borrow_id` = '1827') )  [ RunTime:0.0010s ]
SQL: SELECT `repayment_time`,`borrow_id` FROM `lzh_investor_detail` WHERE ( (`repayment_time` BETWEEN 1554048000 AND 1556639999) AND (`borrow_id` = '1829') )  [ RunTime:0.0000s ]
SQL: SELECT `repayment_time`,`borrow_id` FROM `lzh_investor_detail` WHERE ( (`repayment_time` BETWEEN 1554048000 AND 1556639999) AND (`borrow_id` = '1830') )  [ RunTime:0.0000s ]
SQL: SELECT `repayment_time`,`borrow_id` FROM `lzh_investor_detail` WHERE ( (`repayment_time` BETWEEN 1554048000 AND 1556639999) AND (`borrow_id` = '1832') )  [ RunTime:0.0010s ]
SQL: SELECT `repayment_time`,`borrow_id` FROM `lzh_investor_detail` WHERE ( (`repayment_time` BETWEEN 1554048000 AND 1556639999) AND (`borrow_id` = '1836') )  [ RunTime:0.0000s ]
SQL: SELECT `repayment_time`,`borrow_id` FROM `lzh_investor_detail` WHERE ( (`repayment_time` BETWEEN 1554048000 AND 1556639999) AND (`borrow_id` = '1838') )  [ RunTime:0.0000s ]
SQL: SELECT `repayment_time`,`borrow_id` FROM `lzh_investor_detail` WHERE ( (`repayment_time` BETWEEN 1554048000 AND 1556639999) AND (`borrow_id` = '1842') )  [ RunTime:0.0000s ]
SQL: SELECT `repayment_time`,`borrow_id` FROM `lzh_investor_detail` WHERE ( (`repayment_time` BETWEEN 1554048000 AND 1556639999) AND (`borrow_id` = '1856') )  [ RunTime:0.0000s ]
SQL: SELECT `repayment_time`,`borrow_id` FROM `lzh_investor_detail` WHERE ( (`repayment_time` BETWEEN 1554048000 AND 1556639999) AND (`borrow_id` = '1857') )  [ RunTime:0.0000s ]
SQL: SELECT `repayment_time`,`borrow_id` FROM `lzh_investor_detail` WHERE ( (`repayment_time` BETWEEN 1554048000 AND 1556639999) AND (`borrow_id` = '1858') )  [ RunTime:0.0000s ]
SQL: SELECT `repayment_time`,`borrow_id` FROM `lzh_investor_detail` WHERE ( (`repayment_time` BETWEEN 1554048000 AND 1556639999) AND (`borrow_id` = '1859') )  [ RunTime:0.0000s ]
SQL: SELECT `repayment_time`,`borrow_id` FROM `lzh_investor_detail` WHERE ( (`repayment_time` BETWEEN 1554048000 AND 1556639999) AND (`borrow_id` = '1860') )  [ RunTime:0.0010s ]
SQL: SELECT `repayment_time`,`borrow_id` FROM `lzh_investor_detail` WHERE ( (`repayment_time` BETWEEN 1554048000 AND 1556639999) AND (`borrow_id` = '1861') )  [ RunTime:0.0000s ]
SQL: SELECT `repayment_time`,`borrow_id` FROM `lzh_investor_detail` WHERE ( (`repayment_time` BETWEEN 1554048000 AND 1556639999) AND (`borrow_id` = '1862') )  [ RunTime:0.0010s ]
SQL: SELECT `repayment_time`,`borrow_id` FROM `lzh_investor_detail` WHERE ( (`repayment_time` BETWEEN 1554048000 AND 1556639999) AND (`borrow_id` = '1863') )  [ RunTime:0.0000s ]
SQL: SELECT `repayment_time`,`borrow_id` FROM `lzh_investor_detail` WHERE ( (`repayment_time` BETWEEN 1554048000 AND 1556639999) AND (`borrow_id` = '1864') )  [ RunTime:0.0010s ]
SQL: SELECT `repayment_time`,`borrow_id` FROM `lzh_investor_detail` WHERE ( (`repayment_time` BETWEEN 1554048000 AND 1556639999) AND (`borrow_id` = '1865') )  [ RunTime:0.0000s ]
NOTIC: [8] Undefined variable: export D:\wwwroot\TP\Application\Home\Controller\GongXiangController.class.php 第 605 行.
INFO: [ app_end ] --START--
INFO: Run Behavior\ShowPageTraceBehavior [ RunTime:0.000000s ]
INFO: [ app_end ] --END-- [ RunTime:0.000000s ]

