[ 2019-03-20T08:54:26+08:00 ] ::1 /TP/
INFO: [ app_init ] --START--
INFO: Run Behavior\BuildLiteBehavior [ RunTime:0.000000s ]
INFO: [ app_init ] --END-- [ RunTime:0.000000s ]
INFO: [ app_begin ] --START--
INFO: Run Behavior\ReadHtmlCacheBehavior [ RunTime:0.001000s ]
INFO: [ app_begin ] --END-- [ RunTime:0.001000s ]
SQL: SHOW COLUMNS FROM `lzh_borrow_info` [ RunTime:0.1000s ]
SQL: SELECT * FROM lzh_borrow_info bi WHERE bi.id = 1834  [ RunTime:0.0010s ]
SQL: SHOW COLUMNS FROM `lzh_investor_detail` [ RunTime:0.1380s ]
SQL: SELECT * FROM `lzh_investor_detail` WHERE ( borrow_id=1834 )  [ RunTime:0.0160s ]
NOTIC: [8] Undefined variable: new D:\wwwroot\TP\Application\Home\Controller\IndexController.class.php 第 75 行.
NOTIC: [2] array_unique() expects parameter 1 to be array, null given D:\wwwroot\TP\Application\Home\Controller\IndexController.class.php 第 75 行.
NOTIC: [2] array_unique() expects parameter 1 to be array, null given D:\wwwroot\TP\Application\Home\Controller\IndexController.class.php 第 75 行.
NOTIC: [2] array_unique() expects parameter 1 to be array, null given D:\wwwroot\TP\Application\Home\Controller\IndexController.class.php 第 75 行.
NOTIC: [2] array_unique() expects parameter 1 to be array, null given D:\wwwroot\TP\Application\Home\Controller\IndexController.class.php 第 75 行.
NOTIC: [2] array_unique() expects parameter 1 to be array, null given D:\wwwroot\TP\Application\Home\Controller\IndexController.class.php 第 75 行.
NOTIC: [2] array_unique() expects parameter 1 to be array, null given D:\wwwroot\TP\Application\Home\Controller\IndexController.class.php 第 75 行.
NOTIC: [2] array_unique() expects parameter 1 to be array, null given D:\wwwroot\TP\Application\Home\Controller\IndexController.class.php 第 75 行.
NOTIC: [2] array_unique() expects parameter 1 to be array, null given D:\wwwroot\TP\Application\Home\Controller\IndexController.class.php 第 75 行.
NOTIC: [2] array_unique() expects parameter 1 to be array, null given D:\wwwroot\TP\Application\Home\Controller\IndexController.class.php 第 75 行.
NOTIC: [2] array_unique() expects parameter 1 to be array, null given D:\wwwroot\TP\Application\Home\Controller\IndexController.class.php 第 75 行.
NOTIC: [2] array_unique() expects parameter 1 to be array, null given D:\wwwroot\TP\Application\Home\Controller\IndexController.class.php 第 75 行.
NOTIC: [2] array_unique() expects parameter 1 to be array, null given D:\wwwroot\TP\Application\Home\Controller\IndexController.class.php 第 75 行.
NOTIC: [2] array_unique() expects parameter 1 to be array, null given D:\wwwroot\TP\Application\Home\Controller\IndexController.class.php 第 75 行.
NOTIC: [2] array_unique() expects parameter 1 to be array, null given D:\wwwroot\TP\Application\Home\Controller\IndexController.class.php 第 75 行.
NOTIC: [2] array_unique() expects parameter 1 to be array, null given D:\wwwroot\TP\Application\Home\Controller\IndexController.class.php 第 75 行.
NOTIC: [2] array_unique() expects parameter 1 to be array, null given D:\wwwroot\TP\Application\Home\Controller\IndexController.class.php 第 75 行.
NOTIC: [2] array_unique() expects parameter 1 to be array, null given D:\wwwroot\TP\Application\Home\Controller\IndexController.class.php 第 75 行.
NOTIC: [2] array_unique() expects parameter 1 to be array, null given D:\wwwroot\TP\Application\Home\Controller\IndexController.class.php 第 75 行.
NOTIC: [2] array_unique() expects parameter 1 to be array, null given D:\wwwroot\TP\Application\Home\Controller\IndexController.class.php 第 75 行.
NOTIC: [2] array_unique() expects parameter 1 to be array, null given D:\wwwroot\TP\Application\Home\Controller\IndexController.class.php 第 75 行.
NOTIC: [2] array_unique() expects parameter 1 to be array, null given D:\wwwroot\TP\Application\Home\Controller\IndexController.class.php 第 75 行.
NOTIC: [2] array_unique() expects parameter 1 to be array, null given D:\wwwroot\TP\Application\Home\Controller\IndexController.class.php 第 75 行.
NOTIC: [2] array_unique() expects parameter 1 to be array, null given D:\wwwroot\TP\Application\Home\Controller\IndexController.class.php 第 75 行.
NOTIC: [2] array_unique() expects parameter 1 to be array, null given D:\wwwroot\TP\Application\Home\Controller\IndexController.class.php 第 75 行.
NOTIC: [2] array_unique() expects parameter 1 to be array, null given D:\wwwroot\TP\Application\Home\Controller\IndexController.class.php 第 75 行.
NOTIC: [2] array_unique() expects parameter 1 to be array, null given D:\wwwroot\TP\Application\Home\Controller\IndexController.class.php 第 75 行.
NOTIC: [2] array_unique() expects parameter 1 to be array, null given D:\wwwroot\TP\Application\Home\Controller\IndexController.class.php 第 75 行.
NOTIC: [2] array_unique() expects parameter 1 to be array, null given D:\wwwroot\TP\Application\Home\Controller\IndexController.class.php 第 75 行.
NOTIC: [2] array_unique() expects parameter 1 to be array, null given D:\wwwroot\TP\Application\Home\Controller\IndexController.class.php 第 75 行.
NOTIC: [2] array_unique() expects parameter 1 to be array, null given D:\wwwroot\TP\Application\Home\Controller\IndexController.class.php 第 75 行.
NOTIC: [2] array_unique() expects parameter 1 to be array, null given D:\wwwroot\TP\Application\Home\Controller\IndexController.class.php 第 75 行.
NOTIC: [2] array_unique() expects parameter 1 to be array, null given D:\wwwroot\TP\Application\Home\Controller\IndexController.class.php 第 75 行.
NOTIC: [2] array_unique() expects parameter 1 to be array, null given D:\wwwroot\TP\Application\Home\Controller\IndexController.class.php 第 75 行.
NOTIC: [2] array_unique() expects parameter 1 to be array, null given D:\wwwroot\TP\Application\Home\Controller\IndexController.class.php 第 75 行.
NOTIC: [2] array_unique() expects parameter 1 to be array, null given D:\wwwroot\TP\Application\Home\Controller\IndexController.class.php 第 75 行.
NOTIC: [2] array_unique() expects parameter 1 to be array, null given D:\wwwroot\TP\Application\Home\Controller\IndexController.class.php 第 75 行.
NOTIC: [2] array_unique() expects parameter 1 to be array, null given D:\wwwroot\TP\Application\Home\Controller\IndexController.class.php 第 75 行.
NOTIC: [2] array_unique() expects parameter 1 to be array, null given D:\wwwroot\TP\Application\Home\Controller\IndexController.class.php 第 75 行.
NOTIC: [2] array_unique() expects parameter 1 to be array, null given D:\wwwroot\TP\Application\Home\Controller\IndexController.class.php 第 75 行.
NOTIC: [2] array_unique() expects parameter 1 to be array, null given D:\wwwroot\TP\Application\Home\Controller\IndexController.class.php 第 75 行.
NOTIC: [2] array_unique() expects parameter 1 to be array, null given D:\wwwroot\TP\Application\Home\Controller\IndexController.class.php 第 75 行.
NOTIC: [2] array_unique() expects parameter 1 to be array, null given D:\wwwroot\TP\Application\Home\Controller\IndexController.class.php 第 75 行.
NOTIC: [2] array_unique() expects parameter 1 to be array, null given D:\wwwroot\TP\Application\Home\Controller\IndexController.class.php 第 75 行.
NOTIC: [2] array_unique() expects parameter 1 to be array, null given D:\wwwroot\TP\Application\Home\Controller\IndexController.class.php 第 75 行.
NOTIC: [2] array_unique() expects parameter 1 to be array, null given D:\wwwroot\TP\Application\Home\Controller\IndexController.class.php 第 75 行.
NOTIC: [2] array_unique() expects parameter 1 to be array, null given D:\wwwroot\TP\Application\Home\Controller\IndexController.class.php 第 75 行.
NOTIC: [2] array_unique() expects parameter 1 to be array, null given D:\wwwroot\TP\Application\Home\Controller\IndexController.class.php 第 75 行.
NOTIC: [2] array_unique() expects parameter 1 to be array, null given D:\wwwroot\TP\Application\Home\Controller\IndexController.class.php 第 75 行.
NOTIC: [2] array_unique() expects parameter 1 to be array, null given D:\wwwroot\TP\Application\Home\Controller\IndexController.class.php 第 75 行.
NOTIC: [2] array_unique() expects parameter 1 to be array, null given D:\wwwroot\TP\Application\Home\Controller\IndexController.class.php 第 75 行.
NOTIC: [2] array_unique() expects parameter 1 to be array, null given D:\wwwroot\TP\Application\Home\Controller\IndexController.class.php 第 75 行.
NOTIC: [2] array_unique() expects parameter 1 to be array, null given D:\wwwroot\TP\Application\Home\Controller\IndexController.class.php 第 75 行.
NOTIC: [2] array_unique() expects parameter 1 to be array, null given D:\wwwroot\TP\Application\Home\Controller\IndexController.class.php 第 75 行.
NOTIC: [2] array_unique() expects parameter 1 to be array, null given D:\wwwroot\TP\Application\Home\Controller\IndexController.class.php 第 75 行.
NOTIC: [2] array_unique() expects parameter 1 to be array, null given D:\wwwroot\TP\Application\Home\Controller\IndexController.class.php 第 75 行.
NOTIC: [2] array_unique() expects parameter 1 to be array, null given D:\wwwroot\TP\Application\Home\Controller\IndexController.class.php 第 75 行.
NOTIC: [2] array_unique() expects parameter 1 to be array, null given D:\wwwroot\TP\Application\Home\Controller\IndexController.class.php 第 75 行.
NOTIC: [2] array_unique() expects parameter 1 to be array, null given D:\wwwroot\TP\Application\Home\Controller\IndexController.class.php 第 75 行.
NOTIC: [2] array_unique() expects parameter 1 to be array, null given D:\wwwroot\TP\Application\Home\Controller\IndexController.class.php 第 75 行.
NOTIC: [2] array_unique() expects parameter 1 to be array, null given D:\wwwroot\TP\Application\Home\Controller\IndexController.class.php 第 75 行.
NOTIC: [2] array_unique() expects parameter 1 to be array, null given D:\wwwroot\TP\Application\Home\Controller\IndexController.class.php 第 75 行.
NOTIC: [2] array_unique() expects parameter 1 to be array, null given D:\wwwroot\TP\Application\Home\Controller\IndexController.class.php 第 75 行.
NOTIC: [2] array_unique() expects parameter 1 to be array, null given D:\wwwroot\TP\Application\Home\Controller\IndexController.class.php 第 75 行.
NOTIC: [2] array_unique() expects parameter 1 to be array, null given D:\wwwroot\TP\Application\Home\Controller\IndexController.class.php 第 75 行.
NOTIC: [2] array_unique() expects parameter 1 to be array, null given D:\wwwroot\TP\Application\Home\Controller\IndexController.class.php 第 75 行.
NOTIC: [2] array_unique() expects parameter 1 to be array, null given D:\wwwroot\TP\Application\Home\Controller\IndexController.class.php 第 75 行.
NOTIC: [2] array_unique() expects parameter 1 to be array, null given D:\wwwroot\TP\Application\Home\Controller\IndexController.class.php 第 75 行.
NOTIC: [2] array_unique() expects parameter 1 to be array, null given D:\wwwroot\TP\Application\Home\Controller\IndexController.class.php 第 75 行.
NOTIC: [2] array_unique() expects parameter 1 to be array, null given D:\wwwroot\TP\Application\Home\Controller\IndexController.class.php 第 75 行.
NOTIC: [2] array_unique() expects parameter 1 to be array, null given D:\wwwroot\TP\Application\Home\Controller\IndexController.class.php 第 75 行.
NOTIC: [2] array_unique() expects parameter 1 to be array, null given D:\wwwroot\TP\Application\Home\Controller\IndexController.class.php 第 75 行.
NOTIC: [2] array_unique() expects parameter 1 to be array, null given D:\wwwroot\TP\Application\Home\Controller\IndexController.class.php 第 75 行.
NOTIC: [2] array_unique() expects parameter 1 to be array, null given D:\wwwroot\TP\Application\Home\Controller\IndexController.class.php 第 75 行.
NOTIC: [2] array_unique() expects parameter 1 to be array, null given D:\wwwroot\TP\Application\Home\Controller\IndexController.class.php 第 75 行.
NOTIC: [2] array_unique() expects parameter 1 to be array, null given D:\wwwroot\TP\Application\Home\Controller\IndexController.class.php 第 75 行.
NOTIC: [2] array_unique() expects parameter 1 to be array, null given D:\wwwroot\TP\Application\Home\Controller\IndexController.class.php 第 75 行.
NOTIC: [2] array_unique() expects parameter 1 to be array, null given D:\wwwroot\TP\Application\Home\Controller\IndexController.class.php 第 75 行.
NOTIC: [2] array_unique() expects parameter 1 to be array, null given D:\wwwroot\TP\Application\Home\Controller\IndexController.class.php 第 75 行.
NOTIC: [2] array_unique() expects parameter 1 to be array, null given D:\wwwroot\TP\Application\Home\Controller\IndexController.class.php 第 75 行.
NOTIC: [2] array_unique() expects parameter 1 to be array, null given D:\wwwroot\TP\Application\Home\Controller\IndexController.class.php 第 75 行.
NOTIC: [2] array_unique() expects parameter 1 to be array, null given D:\wwwroot\TP\Application\Home\Controller\IndexController.class.php 第 75 行.
NOTIC: [2] array_unique() expects parameter 1 to be array, null given D:\wwwroot\TP\Application\Home\Controller\IndexController.class.php 第 75 行.
NOTIC: [2] array_unique() expects parameter 1 to be array, null given D:\wwwroot\TP\Application\Home\Controller\IndexController.class.php 第 75 行.
NOTIC: [2] array_unique() expects parameter 1 to be array, null given D:\wwwroot\TP\Application\Home\Controller\IndexController.class.php 第 75 行.
NOTIC: [2] array_unique() expects parameter 1 to be array, null given D:\wwwroot\TP\Application\Home\Controller\IndexController.class.php 第 75 行.
NOTIC: [2] array_unique() expects parameter 1 to be array, null given D:\wwwroot\TP\Application\Home\Controller\IndexController.class.php 第 75 行.
NOTIC: [2] array_unique() expects parameter 1 to be array, null given D:\wwwroot\TP\Application\Home\Controller\IndexController.class.php 第 75 行.
NOTIC: [2] array_unique() expects parameter 1 to be array, null given D:\wwwroot\TP\Application\Home\Controller\IndexController.class.php 第 75 行.
NOTIC: [2] array_unique() expects parameter 1 to be array, null given D:\wwwroot\TP\Application\Home\Controller\IndexController.class.php 第 75 行.
NOTIC: [2] array_unique() expects parameter 1 to be array, null given D:\wwwroot\TP\Application\Home\Controller\IndexController.class.php 第 75 行.
NOTIC: [2] array_unique() expects parameter 1 to be array, null given D:\wwwroot\TP\Application\Home\Controller\IndexController.class.php 第 75 行.
NOTIC: [2] array_unique() expects parameter 1 to be array, null given D:\wwwroot\TP\Application\Home\Controller\IndexController.class.php 第 75 行.
NOTIC: [2] array_unique() expects parameter 1 to be array, null given D:\wwwroot\TP\Application\Home\Controller\IndexController.class.php 第 75 行.
NOTIC: [2] array_unique() expects parameter 1 to be array, null given D:\wwwroot\TP\Application\Home\Controller\IndexController.class.php 第 75 行.
NOTIC: [2] array_unique() expects parameter 1 to be array, null given D:\wwwroot\TP\Application\Home\Controller\IndexController.class.php 第 75 行.
NOTIC: [2] array_unique() expects parameter 1 to be array, null given D:\wwwroot\TP\Application\Home\Controller\IndexController.class.php 第 75 行.
NOTIC: [2] array_unique() expects parameter 1 to be array, null given D:\wwwroot\TP\Application\Home\Controller\IndexController.class.php 第 75 行.
NOTIC: [2] array_unique() expects parameter 1 to be array, null given D:\wwwroot\TP\Application\Home\Controller\IndexController.class.php 第 75 行.
NOTIC: [2] array_unique() expects parameter 1 to be array, null given D:\wwwroot\TP\Application\Home\Controller\IndexController.class.php 第 75 行.
NOTIC: [2] array_unique() expects parameter 1 to be array, null given D:\wwwroot\TP\Application\Home\Controller\IndexController.class.php 第 75 行.
NOTIC: [2] array_unique() expects parameter 1 to be array, null given D:\wwwroot\TP\Application\Home\Controller\IndexController.class.php 第 75 行.
NOTIC: [2] array_unique() expects parameter 1 to be array, null given D:\wwwroot\TP\Application\Home\Controller\IndexController.class.php 第 75 行.
NOTIC: [2] array_unique() expects parameter 1 to be array, null given D:\wwwroot\TP\Application\Home\Controller\IndexController.class.php 第 75 行.
NOTIC: [2] array_unique() expects parameter 1 to be array, null given D:\wwwroot\TP\Application\Home\Controller\IndexController.class.php 第 75 行.
NOTIC: [2] array_unique() expects parameter 1 to be array, null given D:\wwwroot\TP\Application\Home\Controller\IndexController.class.php 第 75 行.
NOTIC: [2] array_unique() expects parameter 1 to be array, null given D:\wwwroot\TP\Application\Home\Controller\IndexController.class.php 第 75 行.
NOTIC: [2] array_unique() expects parameter 1 to be array, null given D:\wwwroot\TP\Application\Home\Controller\IndexController.class.php 第 75 行.
NOTIC: [2] array_unique() expects parameter 1 to be array, null given D:\wwwroot\TP\Application\Home\Controller\IndexController.class.php 第 75 行.
NOTIC: [2] array_unique() expects parameter 1 to be array, null given D:\wwwroot\TP\Application\Home\Controller\IndexController.class.php 第 75 行.
NOTIC: [2] array_unique() expects parameter 1 to be array, null given D:\wwwroot\TP\Application\Home\Controller\IndexController.class.php 第 75 行.
NOTIC: [2] array_unique() expects parameter 1 to be array, null given D:\wwwroot\TP\Application\Home\Controller\IndexController.class.php 第 75 行.
NOTIC: [2] array_unique() expects parameter 1 to be array, null given D:\wwwroot\TP\Application\Home\Controller\IndexController.class.php 第 75 行.
NOTIC: [2] array_unique() expects parameter 1 to be array, null given D:\wwwroot\TP\Application\Home\Controller\IndexController.class.php 第 75 行.
NOTIC: [2] array_unique() expects parameter 1 to be array, null given D:\wwwroot\TP\Application\Home\Controller\IndexController.class.php 第 75 行.
NOTIC: [2] array_unique() expects parameter 1 to be array, null given D:\wwwroot\TP\Application\Home\Controller\IndexController.class.php 第 75 行.
NOTIC: [2] array_unique() expects parameter 1 to be array, null given D:\wwwroot\TP\Application\Home\Controller\IndexController.class.php 第 75 行.
NOTIC: [2] array_unique() expects parameter 1 to be array, null given D:\wwwroot\TP\Application\Home\Controller\IndexController.class.php 第 75 行.
NOTIC: [2] array_unique() expects parameter 1 to be array, null given D:\wwwroot\TP\Application\Home\Controller\IndexController.class.php 第 75 行.
NOTIC: [2] array_unique() expects parameter 1 to be array, null given D:\wwwroot\TP\Application\Home\Controller\IndexController.class.php 第 75 行.
NOTIC: [2] array_unique() expects parameter 1 to be array, null given D:\wwwroot\TP\Application\Home\Controller\IndexController.class.php 第 75 行.
NOTIC: [2] array_unique() expects parameter 1 to be array, null given D:\wwwroot\TP\Application\Home\Controller\IndexController.class.php 第 75 行.
NOTIC: [2] array_unique() expects parameter 1 to be array, null given D:\wwwroot\TP\Application\Home\Controller\IndexController.class.php 第 75 行.
NOTIC: [2] array_unique() expects parameter 1 to be array, null given D:\wwwroot\TP\Application\Home\Controller\IndexController.class.php 第 75 行.
NOTIC: [2] array_unique() expects parameter 1 to be array, null given D:\wwwroot\TP\Application\Home\Controller\IndexController.class.php 第 75 行.
NOTIC: [2] array_unique() expects parameter 1 to be array, null given D:\wwwroot\TP\Application\Home\Controller\IndexController.class.php 第 75 行.
NOTIC: [2] array_unique() expects parameter 1 to be array, null given D:\wwwroot\TP\Application\Home\Controller\IndexController.class.php 第 75 行.
NOTIC: [2] array_unique() expects parameter 1 to be array, null given D:\wwwroot\TP\Application\Home\Controller\IndexController.class.php 第 75 行.
NOTIC: [2] array_unique() expects parameter 1 to be array, null given D:\wwwroot\TP\Application\Home\Controller\IndexController.class.php 第 75 行.
NOTIC: [2] array_unique() expects parameter 1 to be array, null given D:\wwwroot\TP\Application\Home\Controller\IndexController.class.php 第 75 行.
NOTIC: [2] array_unique() expects parameter 1 to be array, null given D:\wwwroot\TP\Application\Home\Controller\IndexController.class.php 第 75 行.
NOTIC: [2] array_unique() expects parameter 1 to be array, null given D:\wwwroot\TP\Application\Home\Controller\IndexController.class.php 第 75 行.
NOTIC: [2] array_unique() expects parameter 1 to be array, null given D:\wwwroot\TP\Application\Home\Controller\IndexController.class.php 第 75 行.
NOTIC: [2] array_unique() expects parameter 1 to be array, null given D:\wwwroot\TP\Application\Home\Controller\IndexController.class.php 第 75 行.
NOTIC: [2] array_unique() expects parameter 1 to be array, null given D:\wwwroot\TP\Application\Home\Controller\IndexController.class.php 第 75 行.
NOTIC: [2] array_unique() expects parameter 1 to be array, null given D:\wwwroot\TP\Application\Home\Controller\IndexController.class.php 第 75 行.
NOTIC: [2] array_unique() expects parameter 1 to be array, null given D:\wwwroot\TP\Application\Home\Controller\IndexController.class.php 第 75 行.
NOTIC: [2] array_unique() expects parameter 1 to be array, null given D:\wwwroot\TP\Application\Home\Controller\IndexController.class.php 第 75 行.
NOTIC: [2] array_unique() expects parameter 1 to be array, null given D:\wwwroot\TP\Application\Home\Controller\IndexController.class.php 第 75 行.
NOTIC: [2] array_unique() expects parameter 1 to be array, null given D:\wwwroot\TP\Application\Home\Controller\IndexController.class.php 第 75 行.
NOTIC: [2] array_unique() expects parameter 1 to be array, null given D:\wwwroot\TP\Application\Home\Controller\IndexController.class.php 第 75 行.
NOTIC: [2] array_unique() expects parameter 1 to be array, null given D:\wwwroot\TP\Application\Home\Controller\IndexController.class.php 第 75 行.
NOTIC: [2] array_unique() expects parameter 1 to be array, null given D:\wwwroot\TP\Application\Home\Controller\IndexController.class.php 第 75 行.
NOTIC: [2] array_unique() expects parameter 1 to be array, null given D:\wwwroot\TP\Application\Home\Controller\IndexController.class.php 第 75 行.
NOTIC: [2] array_unique() expects parameter 1 to be array, null given D:\wwwroot\TP\Application\Home\Controller\IndexController.class.php 第 75 行.
NOTIC: [2] array_unique() expects parameter 1 to be array, null given D:\wwwroot\TP\Application\Home\Controller\IndexController.class.php 第 75 行.
NOTIC: [2] array_unique() expects parameter 1 to be array, null given D:\wwwroot\TP\Application\Home\Controller\IndexController.class.php 第 75 行.
NOTIC: [2] array_unique() expects parameter 1 to be array, null given D:\wwwroot\TP\Application\Home\Controller\IndexController.class.php 第 75 行.
NOTIC: [2] array_unique() expects parameter 1 to be array, null given D:\wwwroot\TP\Application\Home\Controller\IndexController.class.php 第 75 行.
NOTIC: [2] array_unique() expects parameter 1 to be array, null given D:\wwwroot\TP\Application\Home\Controller\IndexController.class.php 第 75 行.
NOTIC: [2] array_unique() expects parameter 1 to be array, null given D:\wwwroot\TP\Application\Home\Controller\IndexController.class.php 第 75 行.
NOTIC: [2] array_unique() expects parameter 1 to be array, null given D:\wwwroot\TP\Application\Home\Controller\IndexController.class.php 第 75 行.
NOTIC: [2] array_unique() expects parameter 1 to be array, null given D:\wwwroot\TP\Application\Home\Controller\IndexController.class.php 第 75 行.
NOTIC: [2] array_unique() expects parameter 1 to be array, null given D:\wwwroot\TP\Application\Home\Controller\IndexController.class.php 第 75 行.
NOTIC: [2] array_unique() expects parameter 1 to be array, null given D:\wwwroot\TP\Application\Home\Controller\IndexController.class.php 第 75 行.
NOTIC: [2] array_unique() expects parameter 1 to be array, null given D:\wwwroot\TP\Application\Home\Controller\IndexController.class.php 第 75 行.
NOTIC: [2] array_unique() expects parameter 1 to be array, null given D:\wwwroot\TP\Application\Home\Controller\IndexController.class.php 第 75 行.
NOTIC: [2] Invalid argument supplied for foreach() D:\wwwroot\TP\Application\Home\Controller\IndexController.class.php 第 80 行.
NOTIC: [8] Undefined variable: newss D:\wwwroot\TP\Application\Home\Controller\IndexController.class.php 第 84 行.
NOTIC: [2] Invalid argument supplied for foreach() D:\wwwroot\TP\Application\Home\Controller\IndexController.class.php 第 84 行.
NOTIC: [8] Undefined variable: new1 D:\wwwroot\TP\Application\Home\Controller\IndexController.class.php 第 89 行.
NOTIC: [8] Undefined variable: new1 D:\wwwroot\TP\Application\Home\Controller\IndexController.class.php 第 90 行.
NOTIC: [2] array_slice() expects parameter 1 to be array, null given D:\wwwroot\TP\Application\Home\Controller\IndexController.class.php 第 90 行.
NOTIC: [2] implode(): Invalid arguments passed D:\wwwroot\TP\ThinkPHP\Library\Think\Db\Driver.class.php 第 578 行.
ERR: 1064:You have an error in your SQL syntax; check the manual that corresponds to your MySQL server version for the right syntax to use near ')' at line 1
 [ SQL语句 ] : SELECT `repayment_time`,`deadline`,`id` FROM `lzh_investor_detail` WHERE `borrow_id` IN () 
ERR: 1064:You have an error in your SQL syntax; check the manual that corresponds to your MySQL server version for the right syntax to use near ')' at line 1
 [ SQL语句 ] : SELECT `repayment_time`,`deadline`,`id` FROM `lzh_investor_detail` WHERE `borrow_id` IN () 

[ 2019-03-20T08:54:39+08:00 ] ::1 /TP/home/Message
INFO: [ app_init ] --START--
INFO: Run Behavior\BuildLiteBehavior [ RunTime:0.000000s ]
INFO: [ app_init ] --END-- [ RunTime:0.001001s ]
INFO: [ app_begin ] --START--
INFO: Run Behavior\ReadHtmlCacheBehavior [ RunTime:0.000000s ]
INFO: [ app_begin ] --END-- [ RunTime:0.000000s ]
SQL: SHOW COLUMNS FROM `lzh_borrow_info` [ RunTime:0.0080s ]
SQL: SELECT * FROM lzh_borrow_info bi WHERE ( (`second_verify_time` > '1472054399') AND (`borrow_status` = 7) AND (`is_advanced` = 1) AND (`repayment_type` = 5) )  [ RunTime:0.0370s ]
SQL: SHOW COLUMNS FROM `lzh_investor_detail` [ RunTime:0.0080s ]
SQL: SELECT * FROM `lzh_investor_detail` WHERE ( borrow_id=673 )  [ RunTime:0.0010s ]
SQL: SELECT * FROM `lzh_investor_detail` WHERE ( borrow_id=826 )  [ RunTime:0.0010s ]
SQL: SELECT * FROM `lzh_investor_detail` WHERE ( borrow_id=925 )  [ RunTime:0.0050s ]
SQL: SELECT * FROM `lzh_investor_detail` WHERE ( borrow_id=948 )  [ RunTime:0.0010s ]
SQL: SELECT * FROM `lzh_investor_detail` WHERE ( borrow_id=971 )  [ RunTime:0.0010s ]
SQL: SELECT * FROM `lzh_investor_detail` WHERE ( borrow_id=973 )  [ RunTime:0.0010s ]
SQL: SELECT * FROM `lzh_investor_detail` WHERE ( borrow_id=996 )  [ RunTime:0.0000s ]
SQL: SELECT * FROM `lzh_investor_detail` WHERE ( borrow_id=1003 )  [ RunTime:0.0010s ]
SQL: SELECT * FROM `lzh_investor_detail` WHERE ( borrow_id=1021 )  [ RunTime:0.0010s ]
SQL: SELECT * FROM `lzh_investor_detail` WHERE ( borrow_id=1025 )  [ RunTime:0.0000s ]
SQL: SELECT * FROM `lzh_investor_detail` WHERE ( borrow_id=1029 )  [ RunTime:0.0010s ]
SQL: SELECT * FROM `lzh_investor_detail` WHERE ( borrow_id=1031 )  [ RunTime:0.0000s ]
SQL: SELECT * FROM `lzh_investor_detail` WHERE ( borrow_id=1052 )  [ RunTime:0.0010s ]
SQL: SELECT * FROM `lzh_investor_detail` WHERE ( borrow_id=1077 )  [ RunTime:0.0010s ]
SQL: SELECT * FROM `lzh_investor_detail` WHERE ( borrow_id=1102 )  [ RunTime:0.0010s ]
SQL: SELECT * FROM `lzh_investor_detail` WHERE ( borrow_id=1103 )  [ RunTime:0.0010s ]
SQL: SELECT * FROM `lzh_investor_detail` WHERE ( borrow_id=1144 )  [ RunTime:0.0010s ]
SQL: SELECT * FROM `lzh_investor_detail` WHERE ( borrow_id=1145 )  [ RunTime:0.0010s ]
SQL: SELECT * FROM `lzh_investor_detail` WHERE ( borrow_id=1146 )  [ RunTime:0.0000s ]
SQL: SELECT * FROM `lzh_investor_detail` WHERE ( borrow_id=1147 )  [ RunTime:0.0000s ]
SQL: SELECT * FROM `lzh_investor_detail` WHERE ( borrow_id=1159 )  [ RunTime:0.0010s ]
SQL: SELECT * FROM `lzh_investor_detail` WHERE ( borrow_id=1171 )  [ RunTime:0.0010s ]
SQL: SELECT * FROM `lzh_investor_detail` WHERE ( borrow_id=1172 )  [ RunTime:0.0000s ]
SQL: SELECT * FROM `lzh_investor_detail` WHERE ( borrow_id=1207 )  [ RunTime:0.0010s ]
SQL: SELECT * FROM `lzh_investor_detail` WHERE ( borrow_id=1240 )  [ RunTime:0.0010s ]
SQL: SELECT * FROM `lzh_investor_detail` WHERE ( borrow_id=1241 )  [ RunTime:0.0000s ]
SQL: SELECT * FROM `lzh_investor_detail` WHERE ( borrow_id=1242 )  [ RunTime:0.0000s ]
SQL: SELECT * FROM `lzh_investor_detail` WHERE ( borrow_id=1243 )  [ RunTime:0.0010s ]
SQL: SELECT * FROM `lzh_investor_detail` WHERE ( borrow_id=1244 )  [ RunTime:0.0000s ]
SQL: SELECT * FROM `lzh_investor_detail` WHERE ( borrow_id=1245 )  [ RunTime:0.0010s ]
SQL: SELECT * FROM `lzh_investor_detail` WHERE ( borrow_id=1309 )  [ RunTime:0.0010s ]
SQL: SELECT * FROM `lzh_investor_detail` WHERE ( borrow_id=1310 )  [ RunTime:0.0000s ]
SQL: SELECT * FROM `lzh_investor_detail` WHERE ( borrow_id=1356 )  [ RunTime:0.0010s ]
SQL: SELECT * FROM `lzh_investor_detail` WHERE ( borrow_id=1420 )  [ RunTime:0.0010s ]
SQL: SELECT * FROM `lzh_investor_detail` WHERE ( borrow_id=1448 )  [ RunTime:0.0010s ]
SQL: SELECT * FROM `lzh_investor_detail` WHERE ( borrow_id=1475 )  [ RunTime:0.0010s ]
INFO: [ app_end ] --START--
INFO: Run Behavior\ShowPageTraceBehavior [ RunTime:0.009000s ]
INFO: [ app_end ] --END-- [ RunTime:0.009000s ]

[ 2019-03-20T08:55:27+08:00 ] ::1 /TP/home/Baihang/SendtoBaiHang_D2
INFO: [ app_init ] --START--
INFO: Run Behavior\BuildLiteBehavior [ RunTime:0.000000s ]
INFO: [ app_init ] --END-- [ RunTime:0.001000s ]
INFO: [ app_begin ] --START--
INFO: Run Behavior\ReadHtmlCacheBehavior [ RunTime:0.000000s ]
INFO: [ app_begin ] --END-- [ RunTime:0.001000s ]
SQL: SHOW COLUMNS FROM `lzh_borrow_info` [ RunTime:0.0080s ]
NOTIC: [2] Missing argument 1 for Think\Model::field(), called in D:\wwwroot\TP\Application\Home\Controller\BaihangController.class.php on line 20 and defined D:\wwwroot\TP\ThinkPHP\Library\Think\Model.class.php 第 1740 行.
NOTIC: [8] Undefined variable: field D:\wwwroot\TP\ThinkPHP\Library\Think\Model.class.php 第 1741 行.
NOTIC: [8] Undefined variable: field D:\wwwroot\TP\ThinkPHP\Library\Think\Model.class.php 第 1751 行.
SQL: SELECT * FROM `lzh_borrow_info` WHERE `second_verify_time` IN (1553011200,1553043326)  [ RunTime:0.0970s ]
NOTIC: [8] Undefined index: biao_id D:\wwwroot\TP\Application\Home\Controller\BaihangController.class.php 第 28 行.
SQL: SHOW COLUMNS FROM `lzh_members` [ RunTime:0.2110s ]
SQL: SELECT `real_name`,`add_time`,`real_name`,mi.idcard,`cell_phone`,`first_verify_time`,m.reg_time,bi.second_verify_time,bi.deadline,bi.borrow_money,bi.borrow_duration FROM lzh_members m left join lzh_member_info as mi on m.id = mi.uid left join lzh_members_status as ms on m.id = ms.uid right join lzh_borrow_info as bi on m.id = bi.borrow_uid  WHERE `second_verify_time` IN (1553011200,1553043326) AND bi.id = 1492 ORDER BY bi.add_time LIMIT 1   [ RunTime:0.1240s ]
SQL: SHOW COLUMNS FROM `lzh_borrow_baihang` [ RunTime:0.0380s ]
SQL: SELECT * FROM `lzh_borrow_baihang` WHERE ( borrow_id=0 ) LIMIT 1   [ RunTime:0.0010s ]
SQL: SHOW COLUMNS FROM `lzh_investor_detail` [ RunTime:0.0070s ]
SQL: SELECT * FROM `lzh_investor_detail` WHERE ( borrow_id=0 )  [ RunTime:0.0170s ]

[ 2019-03-20T08:56:14+08:00 ] ::1 /TP/home/Baihang/SendtoBaiHang_D2
INFO: [ app_init ] --START--
INFO: Run Behavior\BuildLiteBehavior [ RunTime:0.000000s ]
INFO: [ app_init ] --END-- [ RunTime:0.000000s ]
INFO: [ app_begin ] --START--
INFO: Run Behavior\ReadHtmlCacheBehavior [ RunTime:0.000000s ]
INFO: [ app_begin ] --END-- [ RunTime:0.000000s ]

[ 2019-03-20T08:57:10+08:00 ] ::1 /TP/home/Baihang/SendtoBaiHang_D2
INFO: [ app_init ] --START--
INFO: Run Behavior\BuildLiteBehavior [ RunTime:0.000000s ]
INFO: [ app_init ] --END-- [ RunTime:0.000000s ]
INFO: [ app_begin ] --START--
INFO: Run Behavior\ReadHtmlCacheBehavior [ RunTime:0.001000s ]
INFO: [ app_begin ] --END-- [ RunTime:0.001000s ]

