[ 2019-09-12T11:33:35+08:00 ] ::1 /TP/
INFO: [ app_init ] --START--
INFO: Run Behavior\BuildLiteBehavior [ RunTime:0.000000s ]
INFO: [ app_init ] --END-- [ RunTime:0.015001s ]
INFO: [ app_begin ] --START--
INFO: Run Behavior\ReadHtmlCacheBehavior [ RunTime:0.000000s ]
INFO: [ app_begin ] --END-- [ RunTime:0.000000s ]
SQL: SHOW COLUMNS FROM `product` [ RunTime:0.0230s ]
SQL: SELECT COUNT(*) AS tp_count FROM `product` LIMIT 1   [ RunTime:0.0000s ]
SQL: SELECT `id`,`sort`,`pid`,`name`,`price`,`img`,`desc`,`status`,`add_time`,`stock`,`last_time` FROM `product` LIMIT 0,12   [ RunTime:0.0050s ]
INFO: [ view_parse ] --START--
INFO: [ template_filter ] --START--
INFO: Run Behavior\ContentReplaceBehavior [ RunTime:0.001000s ]
INFO: [ template_filter ] --END-- [ RunTime:0.001000s ]
NOTIC: [8] Undefined index: user D:\wwwroot\TP\Application\Runtime\Cache\Home\0d6509e863112dc5821b22ecb897e16e.php 第 106 行.
NOTIC: [8] Undefined index: shop D:\wwwroot\TP\Application\Runtime\Cache\Home\0d6509e863112dc5821b22ecb897e16e.php 第 120 行.
INFO: Run Behavior\ParseTemplateBehavior [ RunTime:0.029002s ]
INFO: [ view_parse ] --END-- [ RunTime:0.029002s ]
INFO: [ view_filter ] --START--
INFO: Run Behavior\WriteHtmlCacheBehavior [ RunTime:0.000000s ]
INFO: [ view_filter ] --END-- [ RunTime:0.000000s ]

[ 2019-09-12T11:34:37+08:00 ] ::1 /TP/
INFO: [ app_init ] --START--
INFO: Run Behavior\BuildLiteBehavior [ RunTime:0.000000s ]
INFO: [ app_init ] --END-- [ RunTime:0.001000s ]
INFO: [ app_begin ] --START--
INFO: Run Behavior\ReadHtmlCacheBehavior [ RunTime:0.000000s ]
INFO: [ app_begin ] --END-- [ RunTime:0.000000s ]
SQL: SHOW COLUMNS FROM `product` [ RunTime:0.0040s ]
SQL: SELECT COUNT(*) AS tp_count FROM `product` LIMIT 1   [ RunTime:0.0000s ]
SQL: SELECT `id`,`sort`,`pid`,`name`,`price`,`img`,`desc`,`status`,`add_time`,`stock`,`last_time` FROM `product` LIMIT 0,12   [ RunTime:0.0000s ]
INFO: [ view_parse ] --START--
INFO: [ template_filter ] --START--
INFO: Run Behavior\ContentReplaceBehavior [ RunTime:0.000000s ]
INFO: [ template_filter ] --END-- [ RunTime:0.000000s ]
NOTIC: [8] Undefined index: user D:\wwwroot\TP\Application\Runtime\Cache\Home\0d6509e863112dc5821b22ecb897e16e.php 第 106 行.
NOTIC: [8] Undefined index: shop D:\wwwroot\TP\Application\Runtime\Cache\Home\0d6509e863112dc5821b22ecb897e16e.php 第 120 行.
INFO: Run Behavior\ParseTemplateBehavior [ RunTime:0.006001s ]
INFO: [ view_parse ] --END-- [ RunTime:0.006001s ]
INFO: [ view_filter ] --START--
INFO: Run Behavior\WriteHtmlCacheBehavior [ RunTime:0.000000s ]
INFO: [ view_filter ] --END-- [ RunTime:0.000000s ]

[ 2019-09-12T11:35:01+08:00 ] ::1 /TP/
INFO: [ app_init ] --START--
INFO: Run Behavior\BuildLiteBehavior [ RunTime:0.000000s ]
INFO: [ app_init ] --END-- [ RunTime:0.000000s ]
INFO: [ app_begin ] --START--
INFO: Run Behavior\ReadHtmlCacheBehavior [ RunTime:0.000000s ]
INFO: [ app_begin ] --END-- [ RunTime:0.000000s ]
SQL: SHOW COLUMNS FROM `product` [ RunTime:0.0050s ]
SQL: SELECT COUNT(*) AS tp_count FROM `product` LIMIT 1   [ RunTime:0.0010s ]
SQL: SELECT `id`,`sort`,`pid`,`name`,`price`,`img`,`desc`,`status`,`add_time`,`stock`,`last_time` FROM `product` LIMIT 0,12   [ RunTime:0.0010s ]
INFO: [ view_parse ] --START--
INFO: [ template_filter ] --START--
INFO: Run Behavior\ContentReplaceBehavior [ RunTime:0.001000s ]
INFO: [ template_filter ] --END-- [ RunTime:0.001000s ]
NOTIC: [8] Undefined index: user D:\wwwroot\TP\Application\Runtime\Cache\Home\0d6509e863112dc5821b22ecb897e16e.php 第 106 行.
NOTIC: [8] Undefined index: shop D:\wwwroot\TP\Application\Runtime\Cache\Home\0d6509e863112dc5821b22ecb897e16e.php 第 120 行.
INFO: Run Behavior\ParseTemplateBehavior [ RunTime:0.006000s ]
INFO: [ view_parse ] --END-- [ RunTime:0.006000s ]
INFO: [ view_filter ] --START--
INFO: Run Behavior\WriteHtmlCacheBehavior [ RunTime:0.000000s ]
INFO: [ view_filter ] --END-- [ RunTime:0.000000s ]

[ 2019-09-12T11:35:01+08:00 ] ::1 /TP/
INFO: [ app_init ] --START--
INFO: Run Behavior\BuildLiteBehavior [ RunTime:0.000000s ]
INFO: [ app_init ] --END-- [ RunTime:0.000000s ]
INFO: [ app_begin ] --START--
INFO: Run Behavior\ReadHtmlCacheBehavior [ RunTime:0.001000s ]
INFO: [ app_begin ] --END-- [ RunTime:0.001000s ]
SQL: SHOW COLUMNS FROM `product` [ RunTime:0.0050s ]
SQL: SELECT COUNT(*) AS tp_count FROM `product` LIMIT 1   [ RunTime:0.0010s ]
SQL: SELECT `id`,`sort`,`pid`,`name`,`price`,`img`,`desc`,`status`,`add_time`,`stock`,`last_time` FROM `product` LIMIT 0,12   [ RunTime:0.0010s ]
INFO: [ view_parse ] --START--
INFO: [ template_filter ] --START--
INFO: Run Behavior\ContentReplaceBehavior [ RunTime:0.000000s ]
INFO: [ template_filter ] --END-- [ RunTime:0.000000s ]
NOTIC: [8] Undefined index: user D:\wwwroot\TP\Application\Runtime\Cache\Home\0d6509e863112dc5821b22ecb897e16e.php 第 106 行.
NOTIC: [8] Undefined index: shop D:\wwwroot\TP\Application\Runtime\Cache\Home\0d6509e863112dc5821b22ecb897e16e.php 第 120 行.
INFO: Run Behavior\ParseTemplateBehavior [ RunTime:0.006001s ]
INFO: [ view_parse ] --END-- [ RunTime:0.006001s ]
INFO: [ view_filter ] --START--
INFO: Run Behavior\WriteHtmlCacheBehavior [ RunTime:0.000000s ]
INFO: [ view_filter ] --END-- [ RunTime:0.000000s ]

[ 2019-09-12T11:35:02+08:00 ] ::1 /TP/
INFO: [ app_init ] --START--
INFO: Run Behavior\BuildLiteBehavior [ RunTime:0.000000s ]
INFO: [ app_init ] --END-- [ RunTime:0.000000s ]
INFO: [ app_begin ] --START--
INFO: Run Behavior\ReadHtmlCacheBehavior [ RunTime:0.001000s ]
INFO: [ app_begin ] --END-- [ RunTime:0.001000s ]
SQL: SHOW COLUMNS FROM `product` [ RunTime:0.0040s ]
SQL: SELECT COUNT(*) AS tp_count FROM `product` LIMIT 1   [ RunTime:0.0010s ]
SQL: SELECT `id`,`sort`,`pid`,`name`,`price`,`img`,`desc`,`status`,`add_time`,`stock`,`last_time` FROM `product` LIMIT 0,12   [ RunTime:0.0010s ]
INFO: [ view_parse ] --START--
INFO: [ template_filter ] --START--
INFO: Run Behavior\ContentReplaceBehavior [ RunTime:0.001000s ]
INFO: [ template_filter ] --END-- [ RunTime:0.001000s ]
NOTIC: [8] Undefined index: user D:\wwwroot\TP\Application\Runtime\Cache\Home\0d6509e863112dc5821b22ecb897e16e.php 第 106 行.
NOTIC: [8] Undefined index: shop D:\wwwroot\TP\Application\Runtime\Cache\Home\0d6509e863112dc5821b22ecb897e16e.php 第 120 行.
INFO: Run Behavior\ParseTemplateBehavior [ RunTime:0.006000s ]
INFO: [ view_parse ] --END-- [ RunTime:0.006000s ]
INFO: [ view_filter ] --START--
INFO: Run Behavior\WriteHtmlCacheBehavior [ RunTime:0.000000s ]
INFO: [ view_filter ] --END-- [ RunTime:0.000000s ]

[ 2019-09-12T11:35:22+08:00 ] ::1 /TP/
INFO: [ app_init ] --START--
INFO: Run Behavior\BuildLiteBehavior [ RunTime:0.000000s ]
INFO: [ app_init ] --END-- [ RunTime:0.001000s ]
INFO: [ app_begin ] --START--
INFO: Run Behavior\ReadHtmlCacheBehavior [ RunTime:0.001000s ]
INFO: [ app_begin ] --END-- [ RunTime:0.001000s ]
SQL: SHOW COLUMNS FROM `product` [ RunTime:0.0040s ]
SQL: SELECT COUNT(*) AS tp_count FROM `product` LIMIT 1   [ RunTime:0.0000s ]
SQL: SELECT `id`,`sort`,`pid`,`name`,`price`,`img`,`desc`,`status`,`add_time`,`stock`,`last_time` FROM `product` LIMIT 0,12   [ RunTime:0.0000s ]
INFO: [ view_parse ] --START--
INFO: [ template_filter ] --START--
INFO: Run Behavior\ContentReplaceBehavior [ RunTime:0.000000s ]
INFO: [ template_filter ] --END-- [ RunTime:0.000000s ]
NOTIC: [8] Undefined index: user D:\wwwroot\TP\Application\Runtime\Cache\Home\0d6509e863112dc5821b22ecb897e16e.php 第 106 行.
NOTIC: [8] Undefined index: shop D:\wwwroot\TP\Application\Runtime\Cache\Home\0d6509e863112dc5821b22ecb897e16e.php 第 120 行.
NOTIC: [8] Undefined index: appoin D:\wwwroot\TP\Application\Runtime\Cache\Home\0d6509e863112dc5821b22ecb897e16e.php 第 148 行.
INFO: Run Behavior\ParseTemplateBehavior [ RunTime:0.006000s ]
INFO: [ view_parse ] --END-- [ RunTime:0.006000s ]
INFO: [ view_filter ] --START--
INFO: Run Behavior\WriteHtmlCacheBehavior [ RunTime:0.000000s ]
INFO: [ view_filter ] --END-- [ RunTime:0.000000s ]

[ 2019-09-12T11:35:46+08:00 ] ::1 /TP/
INFO: [ app_init ] --START--
INFO: Run Behavior\BuildLiteBehavior [ RunTime:0.000000s ]
INFO: [ app_init ] --END-- [ RunTime:0.000000s ]
INFO: [ app_begin ] --START--
INFO: Run Behavior\ReadHtmlCacheBehavior [ RunTime:0.001001s ]
INFO: [ app_begin ] --END-- [ RunTime:0.001001s ]
SQL: SHOW COLUMNS FROM `product` [ RunTime:0.0050s ]
SQL: SELECT COUNT(*) AS tp_count FROM `product` LIMIT 1   [ RunTime:0.0010s ]
SQL: SELECT `id`,`sort`,`pid`,`name`,`price`,`img`,`desc`,`status`,`add_time`,`stock`,`last_time` FROM `product` LIMIT 0,12   [ RunTime:0.0010s ]
INFO: [ view_parse ] --START--
INFO: [ template_filter ] --START--
INFO: Run Behavior\ContentReplaceBehavior [ RunTime:0.000000s ]
INFO: [ template_filter ] --END-- [ RunTime:0.001000s ]
NOTIC: [8] Undefined index: user D:\wwwroot\TP\Application\Runtime\Cache\Home\0d6509e863112dc5821b22ecb897e16e.php 第 106 行.
NOTIC: [8] Undefined index: shop D:\wwwroot\TP\Application\Runtime\Cache\Home\0d6509e863112dc5821b22ecb897e16e.php 第 120 行.
INFO: Run Behavior\ParseTemplateBehavior [ RunTime:0.007000s ]
INFO: [ view_parse ] --END-- [ RunTime:0.007000s ]
INFO: [ view_filter ] --START--
INFO: Run Behavior\WriteHtmlCacheBehavior [ RunTime:0.000000s ]
INFO: [ view_filter ] --END-- [ RunTime:0.000000s ]

