[ 2019-04-22T11:24:25+08:00 ] ::1 /TP/
INFO: [ app_init ] --START--
INFO: Run Behavior\BuildLiteBehavior [ RunTime:0.000000s ]
INFO: [ app_init ] --END-- [ RunTime:0.001000s ]
INFO: [ app_begin ] --START--
INFO: Run Behavior\ReadHtmlCacheBehavior [ RunTime:0.001000s ]
INFO: [ app_begin ] --END-- [ RunTime:0.001000s ]
SQL: SHOW COLUMNS FROM `lzh_borrow_info` [ RunTime:0.1820s ]
SQL: SELECT * FROM lzh_borrow_info bi WHERE bi.id = 1834  [ RunTime:0.0010s ]
SQL: SHOW COLUMNS FROM `lzh_investor_detail` [ RunTime:0.1860s ]
SQL: SELECT * FROM `lzh_investor_detail` WHERE ( borrow_id=1834 )  [ RunTime:0.0150s ]
NOTIC: [8] Undefined variable: new D:\wwwroot\TP\Application\Home\Controller\IndexController.class.php 第 75 行.
NOTIC: [2] array_unique() expects parameter 1 to be array, null given D:\wwwroot\TP\Application\Home\Controller\IndexController.class.php 第 75 行.
NOTIC: [2] array_unique() expects parameter 1 to be array, null given D:\wwwroot\TP\Application\Home\Controller\IndexController.class.php 第 75 行.
NOTIC: [2] array_unique() expects parameter 1 to be array, null given D:\wwwroot\TP\Application\Home\Controller\IndexController.class.php 第 75 行.
NOTIC: [2] array_unique() expects parameter 1 to be array, null given D:\wwwroot\TP\Application\Home\Controller\IndexController.class.php 第 75 行.
NOTIC: [2] array_unique() expects parameter 1 to be array, null given D:\wwwroot\TP\Application\Home\Controller\IndexController.class.php 第 75 行.
NOTIC: [2] array_unique() expects parameter 1 to be array, null given D:\wwwroot\TP\Application\Home\Controller\IndexController.class.php 第 75 行.
NOTIC: [2] array_unique() expects parameter 1 to be array, null given D:\wwwroot\TP\Application\Home\Controller\IndexController.class.php 第 75 行.
NOTIC: [2] array_unique() expects parameter 1 to be array, null given D:\wwwroot\TP\Application\Home\Controller\IndexController.class.php 第 75 行.
NOTIC: [2] array_unique() expects parameter 1 to be array, null given D:\wwwroot\TP\Application\Home\Controller\IndexController.class.php 第 75 行.
NOTIC: [2] array_unique() expects parameter 1 to be array, null given D:\wwwroot\TP\Application\Home\Controller\IndexController.class.php 第 75 行.
NOTIC: [2] array_unique() expects parameter 1 to be array, null given D:\wwwroot\TP\Application\Home\Controller\IndexController.class.php 第 75 行.
NOTIC: [2] array_unique() expects parameter 1 to be array, null given D:\wwwroot\TP\Application\Home\Controller\IndexController.class.php 第 75 行.
NOTIC: [2] array_unique() expects parameter 1 to be array, null given D:\wwwroot\TP\Application\Home\Controller\IndexController.class.php 第 75 行.
NOTIC: [2] array_unique() expects parameter 1 to be array, null given D:\wwwroot\TP\Application\Home\Controller\IndexController.class.php 第 75 行.
NOTIC: [2] array_unique() expects parameter 1 to be array, null given D:\wwwroot\TP\Application\Home\Controller\IndexController.class.php 第 75 行.
NOTIC: [2] array_unique() expects parameter 1 to be array, null given D:\wwwroot\TP\Application\Home\Controller\IndexController.class.php 第 75 行.
NOTIC: [2] array_unique() expects parameter 1 to be array, null given D:\wwwroot\TP\Application\Home\Controller\IndexController.class.php 第 75 行.
NOTIC: [2] array_unique() expects parameter 1 to be array, null given D:\wwwroot\TP\Application\Home\Controller\IndexController.class.php 第 75 行.
NOTIC: [2] array_unique() expects parameter 1 to be array, null given D:\wwwroot\TP\Application\Home\Controller\IndexController.class.php 第 75 行.
NOTIC: [2] array_unique() expects parameter 1 to be array, null given D:\wwwroot\TP\Application\Home\Controller\IndexController.class.php 第 75 行.
NOTIC: [2] array_unique() expects parameter 1 to be array, null given D:\wwwroot\TP\Application\Home\Controller\IndexController.class.php 第 75 行.
NOTIC: [2] array_unique() expects parameter 1 to be array, null given D:\wwwroot\TP\Application\Home\Controller\IndexController.class.php 第 75 行.
NOTIC: [2] array_unique() expects parameter 1 to be array, null given D:\wwwroot\TP\Application\Home\Controller\IndexController.class.php 第 75 行.
NOTIC: [2] array_unique() expects parameter 1 to be array, null given D:\wwwroot\TP\Application\Home\Controller\IndexController.class.php 第 75 行.
NOTIC: [2] array_unique() expects parameter 1 to be array, null given D:\wwwroot\TP\Application\Home\Controller\IndexController.class.php 第 75 行.
NOTIC: [2] array_unique() expects parameter 1 to be array, null given D:\wwwroot\TP\Application\Home\Controller\IndexController.class.php 第 75 行.
NOTIC: [2] array_unique() expects parameter 1 to be array, null given D:\wwwroot\TP\Application\Home\Controller\IndexController.class.php 第 75 行.
NOTIC: [2] array_unique() expects parameter 1 to be array, null given D:\wwwroot\TP\Application\Home\Controller\IndexController.class.php 第 75 行.
NOTIC: [2] array_unique() expects parameter 1 to be array, null given D:\wwwroot\TP\Application\Home\Controller\IndexController.class.php 第 75 行.
NOTIC: [2] array_unique() expects parameter 1 to be array, null given D:\wwwroot\TP\Application\Home\Controller\IndexController.class.php 第 75 行.
NOTIC: [2] array_unique() expects parameter 1 to be array, null given D:\wwwroot\TP\Application\Home\Controller\IndexController.class.php 第 75 行.
NOTIC: [2] array_unique() expects parameter 1 to be array, null given D:\wwwroot\TP\Application\Home\Controller\IndexController.class.php 第 75 行.
NOTIC: [2] array_unique() expects parameter 1 to be array, null given D:\wwwroot\TP\Application\Home\Controller\IndexController.class.php 第 75 行.
NOTIC: [2] array_unique() expects parameter 1 to be array, null given D:\wwwroot\TP\Application\Home\Controller\IndexController.class.php 第 75 行.
NOTIC: [2] array_unique() expects parameter 1 to be array, null given D:\wwwroot\TP\Application\Home\Controller\IndexController.class.php 第 75 行.
NOTIC: [2] array_unique() expects parameter 1 to be array, null given D:\wwwroot\TP\Application\Home\Controller\IndexController.class.php 第 75 行.
NOTIC: [2] array_unique() expects parameter 1 to be array, null given D:\wwwroot\TP\Application\Home\Controller\IndexController.class.php 第 75 行.
NOTIC: [2] array_unique() expects parameter 1 to be array, null given D:\wwwroot\TP\Application\Home\Controller\IndexController.class.php 第 75 行.
NOTIC: [2] array_unique() expects parameter 1 to be array, null given D:\wwwroot\TP\Application\Home\Controller\IndexController.class.php 第 75 行.
NOTIC: [2] array_unique() expects parameter 1 to be array, null given D:\wwwroot\TP\Application\Home\Controller\IndexController.class.php 第 75 行.
NOTIC: [2] array_unique() expects parameter 1 to be array, null given D:\wwwroot\TP\Application\Home\Controller\IndexController.class.php 第 75 行.
NOTIC: [2] array_unique() expects parameter 1 to be array, null given D:\wwwroot\TP\Application\Home\Controller\IndexController.class.php 第 75 行.
NOTIC: [2] array_unique() expects parameter 1 to be array, null given D:\wwwroot\TP\Application\Home\Controller\IndexController.class.php 第 75 行.
NOTIC: [2] array_unique() expects parameter 1 to be array, null given D:\wwwroot\TP\Application\Home\Controller\IndexController.class.php 第 75 行.
NOTIC: [2] array_unique() expects parameter 1 to be array, null given D:\wwwroot\TP\Application\Home\Controller\IndexController.class.php 第 75 行.
NOTIC: [2] array_unique() expects parameter 1 to be array, null given D:\wwwroot\TP\Application\Home\Controller\IndexController.class.php 第 75 行.
NOTIC: [2] array_unique() expects parameter 1 to be array, null given D:\wwwroot\TP\Application\Home\Controller\IndexController.class.php 第 75 行.
NOTIC: [2] array_unique() expects parameter 1 to be array, null given D:\wwwroot\TP\Application\Home\Controller\IndexController.class.php 第 75 行.
NOTIC: [2] array_unique() expects parameter 1 to be array, null given D:\wwwroot\TP\Application\Home\Controller\IndexController.class.php 第 75 行.
NOTIC: [2] array_unique() expects parameter 1 to be array, null given D:\wwwroot\TP\Application\Home\Controller\IndexController.class.php 第 75 行.
NOTIC: [2] array_unique() expects parameter 1 to be array, null given D:\wwwroot\TP\Application\Home\Controller\IndexController.class.php 第 75 行.
NOTIC: [2] array_unique() expects parameter 1 to be array, null given D:\wwwroot\TP\Application\Home\Controller\IndexController.class.php 第 75 行.
NOTIC: [2] array_unique() expects parameter 1 to be array, null given D:\wwwroot\TP\Application\Home\Controller\IndexController.class.php 第 75 行.
NOTIC: [2] array_unique() expects parameter 1 to be array, null given D:\wwwroot\TP\Application\Home\Controller\IndexController.class.php 第 75 行.
NOTIC: [2] array_unique() expects parameter 1 to be array, null given D:\wwwroot\TP\Application\Home\Controller\IndexController.class.php 第 75 行.
NOTIC: [2] array_unique() expects parameter 1 to be array, null given D:\wwwroot\TP\Application\Home\Controller\IndexController.class.php 第 75 行.
NOTIC: [2] array_unique() expects parameter 1 to be array, null given D:\wwwroot\TP\Application\Home\Controller\IndexController.class.php 第 75 行.
NOTIC: [2] array_unique() expects parameter 1 to be array, null given D:\wwwroot\TP\Application\Home\Controller\IndexController.class.php 第 75 行.
NOTIC: [2] array_unique() expects parameter 1 to be array, null given D:\wwwroot\TP\Application\Home\Controller\IndexController.class.php 第 75 行.
NOTIC: [2] array_unique() expects parameter 1 to be array, null given D:\wwwroot\TP\Application\Home\Controller\IndexController.class.php 第 75 行.
NOTIC: [2] array_unique() expects parameter 1 to be array, null given D:\wwwroot\TP\Application\Home\Controller\IndexController.class.php 第 75 行.
NOTIC: [2] array_unique() expects parameter 1 to be array, null given D:\wwwroot\TP\Application\Home\Controller\IndexController.class.php 第 75 行.
NOTIC: [2] array_unique() expects parameter 1 to be array, null given D:\wwwroot\TP\Application\Home\Controller\IndexController.class.php 第 75 行.
NOTIC: [2] array_unique() expects parameter 1 to be array, null given D:\wwwroot\TP\Application\Home\Controller\IndexController.class.php 第 75 行.
NOTIC: [2] array_unique() expects parameter 1 to be array, null given D:\wwwroot\TP\Application\Home\Controller\IndexController.class.php 第 75 行.
NOTIC: [2] array_unique() expects parameter 1 to be array, null given D:\wwwroot\TP\Application\Home\Controller\IndexController.class.php 第 75 行.
NOTIC: [2] array_unique() expects parameter 1 to be array, null given D:\wwwroot\TP\Application\Home\Controller\IndexController.class.php 第 75 行.
NOTIC: [2] array_unique() expects parameter 1 to be array, null given D:\wwwroot\TP\Application\Home\Controller\IndexController.class.php 第 75 行.
NOTIC: [2] array_unique() expects parameter 1 to be array, null given D:\wwwroot\TP\Application\Home\Controller\IndexController.class.php 第 75 行.
NOTIC: [2] array_unique() expects parameter 1 to be array, null given D:\wwwroot\TP\Application\Home\Controller\IndexController.class.php 第 75 行.
NOTIC: [2] array_unique() expects parameter 1 to be array, null given D:\wwwroot\TP\Application\Home\Controller\IndexController.class.php 第 75 行.
NOTIC: [2] array_unique() expects parameter 1 to be array, null given D:\wwwroot\TP\Application\Home\Controller\IndexController.class.php 第 75 行.
NOTIC: [2] array_unique() expects parameter 1 to be array, null given D:\wwwroot\TP\Application\Home\Controller\IndexController.class.php 第 75 行.
NOTIC: [2] array_unique() expects parameter 1 to be array, null given D:\wwwroot\TP\Application\Home\Controller\IndexController.class.php 第 75 行.
NOTIC: [2] array_unique() expects parameter 1 to be array, null given D:\wwwroot\TP\Application\Home\Controller\IndexController.class.php 第 75 行.
NOTIC: [2] array_unique() expects parameter 1 to be array, null given D:\wwwroot\TP\Application\Home\Controller\IndexController.class.php 第 75 行.
NOTIC: [2] array_unique() expects parameter 1 to be array, null given D:\wwwroot\TP\Application\Home\Controller\IndexController.class.php 第 75 行.
NOTIC: [2] array_unique() expects parameter 1 to be array, null given D:\wwwroot\TP\Application\Home\Controller\IndexController.class.php 第 75 行.
NOTIC: [2] array_unique() expects parameter 1 to be array, null given D:\wwwroot\TP\Application\Home\Controller\IndexController.class.php 第 75 行.
NOTIC: [2] array_unique() expects parameter 1 to be array, null given D:\wwwroot\TP\Application\Home\Controller\IndexController.class.php 第 75 行.
NOTIC: [2] array_unique() expects parameter 1 to be array, null given D:\wwwroot\TP\Application\Home\Controller\IndexController.class.php 第 75 行.
NOTIC: [2] array_unique() expects parameter 1 to be array, null given D:\wwwroot\TP\Application\Home\Controller\IndexController.class.php 第 75 行.
NOTIC: [2] array_unique() expects parameter 1 to be array, null given D:\wwwroot\TP\Application\Home\Controller\IndexController.class.php 第 75 行.
NOTIC: [2] array_unique() expects parameter 1 to be array, null given D:\wwwroot\TP\Application\Home\Controller\IndexController.class.php 第 75 行.
NOTIC: [2] array_unique() expects parameter 1 to be array, null given D:\wwwroot\TP\Application\Home\Controller\IndexController.class.php 第 75 行.
NOTIC: [2] array_unique() expects parameter 1 to be array, null given D:\wwwroot\TP\Application\Home\Controller\IndexController.class.php 第 75 行.
NOTIC: [2] array_unique() expects parameter 1 to be array, null given D:\wwwroot\TP\Application\Home\Controller\IndexController.class.php 第 75 行.
NOTIC: [2] array_unique() expects parameter 1 to be array, null given D:\wwwroot\TP\Application\Home\Controller\IndexController.class.php 第 75 行.
NOTIC: [2] array_unique() expects parameter 1 to be array, null given D:\wwwroot\TP\Application\Home\Controller\IndexController.class.php 第 75 行.
NOTIC: [2] array_unique() expects parameter 1 to be array, null given D:\wwwroot\TP\Application\Home\Controller\IndexController.class.php 第 75 行.
NOTIC: [2] array_unique() expects parameter 1 to be array, null given D:\wwwroot\TP\Application\Home\Controller\IndexController.class.php 第 75 行.
NOTIC: [2] array_unique() expects parameter 1 to be array, null given D:\wwwroot\TP\Application\Home\Controller\IndexController.class.php 第 75 行.
NOTIC: [2] array_unique() expects parameter 1 to be array, null given D:\wwwroot\TP\Application\Home\Controller\IndexController.class.php 第 75 行.
NOTIC: [2] array_unique() expects parameter 1 to be array, null given D:\wwwroot\TP\Application\Home\Controller\IndexController.class.php 第 75 行.
NOTIC: [2] array_unique() expects parameter 1 to be array, null given D:\wwwroot\TP\Application\Home\Controller\IndexController.class.php 第 75 行.
NOTIC: [2] array_unique() expects parameter 1 to be array, null given D:\wwwroot\TP\Application\Home\Controller\IndexController.class.php 第 75 行.
NOTIC: [2] array_unique() expects parameter 1 to be array, null given D:\wwwroot\TP\Application\Home\Controller\IndexController.class.php 第 75 行.
NOTIC: [2] array_unique() expects parameter 1 to be array, null given D:\wwwroot\TP\Application\Home\Controller\IndexController.class.php 第 75 行.
NOTIC: [2] array_unique() expects parameter 1 to be array, null given D:\wwwroot\TP\Application\Home\Controller\IndexController.class.php 第 75 行.
NOTIC: [2] array_unique() expects parameter 1 to be array, null given D:\wwwroot\TP\Application\Home\Controller\IndexController.class.php 第 75 行.
NOTIC: [2] array_unique() expects parameter 1 to be array, null given D:\wwwroot\TP\Application\Home\Controller\IndexController.class.php 第 75 行.
NOTIC: [2] array_unique() expects parameter 1 to be array, null given D:\wwwroot\TP\Application\Home\Controller\IndexController.class.php 第 75 行.
NOTIC: [2] array_unique() expects parameter 1 to be array, null given D:\wwwroot\TP\Application\Home\Controller\IndexController.class.php 第 75 行.
NOTIC: [2] array_unique() expects parameter 1 to be array, null given D:\wwwroot\TP\Application\Home\Controller\IndexController.class.php 第 75 行.
NOTIC: [2] array_unique() expects parameter 1 to be array, null given D:\wwwroot\TP\Application\Home\Controller\IndexController.class.php 第 75 行.
NOTIC: [2] array_unique() expects parameter 1 to be array, null given D:\wwwroot\TP\Application\Home\Controller\IndexController.class.php 第 75 行.
NOTIC: [2] array_unique() expects parameter 1 to be array, null given D:\wwwroot\TP\Application\Home\Controller\IndexController.class.php 第 75 行.
NOTIC: [2] array_unique() expects parameter 1 to be array, null given D:\wwwroot\TP\Application\Home\Controller\IndexController.class.php 第 75 行.
NOTIC: [2] array_unique() expects parameter 1 to be array, null given D:\wwwroot\TP\Application\Home\Controller\IndexController.class.php 第 75 行.
NOTIC: [2] array_unique() expects parameter 1 to be array, null given D:\wwwroot\TP\Application\Home\Controller\IndexController.class.php 第 75 行.
NOTIC: [2] array_unique() expects parameter 1 to be array, null given D:\wwwroot\TP\Application\Home\Controller\IndexController.class.php 第 75 行.
NOTIC: [2] array_unique() expects parameter 1 to be array, null given D:\wwwroot\TP\Application\Home\Controller\IndexController.class.php 第 75 行.
NOTIC: [2] array_unique() expects parameter 1 to be array, null given D:\wwwroot\TP\Application\Home\Controller\IndexController.class.php 第 75 行.
NOTIC: [2] array_unique() expects parameter 1 to be array, null given D:\wwwroot\TP\Application\Home\Controller\IndexController.class.php 第 75 行.
NOTIC: [2] array_unique() expects parameter 1 to be array, null given D:\wwwroot\TP\Application\Home\Controller\IndexController.class.php 第 75 行.
NOTIC: [2] array_unique() expects parameter 1 to be array, null given D:\wwwroot\TP\Application\Home\Controller\IndexController.class.php 第 75 行.
NOTIC: [2] array_unique() expects parameter 1 to be array, null given D:\wwwroot\TP\Application\Home\Controller\IndexController.class.php 第 75 行.
NOTIC: [2] array_unique() expects parameter 1 to be array, null given D:\wwwroot\TP\Application\Home\Controller\IndexController.class.php 第 75 行.
NOTIC: [2] array_unique() expects parameter 1 to be array, null given D:\wwwroot\TP\Application\Home\Controller\IndexController.class.php 第 75 行.
NOTIC: [2] array_unique() expects parameter 1 to be array, null given D:\wwwroot\TP\Application\Home\Controller\IndexController.class.php 第 75 行.
NOTIC: [2] array_unique() expects parameter 1 to be array, null given D:\wwwroot\TP\Application\Home\Controller\IndexController.class.php 第 75 行.
NOTIC: [2] array_unique() expects parameter 1 to be array, null given D:\wwwroot\TP\Application\Home\Controller\IndexController.class.php 第 75 行.
NOTIC: [2] array_unique() expects parameter 1 to be array, null given D:\wwwroot\TP\Application\Home\Controller\IndexController.class.php 第 75 行.
NOTIC: [2] array_unique() expects parameter 1 to be array, null given D:\wwwroot\TP\Application\Home\Controller\IndexController.class.php 第 75 行.
NOTIC: [2] array_unique() expects parameter 1 to be array, null given D:\wwwroot\TP\Application\Home\Controller\IndexController.class.php 第 75 行.
NOTIC: [2] array_unique() expects parameter 1 to be array, null given D:\wwwroot\TP\Application\Home\Controller\IndexController.class.php 第 75 行.
NOTIC: [2] array_unique() expects parameter 1 to be array, null given D:\wwwroot\TP\Application\Home\Controller\IndexController.class.php 第 75 行.
NOTIC: [2] array_unique() expects parameter 1 to be array, null given D:\wwwroot\TP\Application\Home\Controller\IndexController.class.php 第 75 行.
NOTIC: [2] array_unique() expects parameter 1 to be array, null given D:\wwwroot\TP\Application\Home\Controller\IndexController.class.php 第 75 行.
NOTIC: [2] array_unique() expects parameter 1 to be array, null given D:\wwwroot\TP\Application\Home\Controller\IndexController.class.php 第 75 行.
NOTIC: [2] array_unique() expects parameter 1 to be array, null given D:\wwwroot\TP\Application\Home\Controller\IndexController.class.php 第 75 行.
NOTIC: [2] array_unique() expects parameter 1 to be array, null given D:\wwwroot\TP\Application\Home\Controller\IndexController.class.php 第 75 行.
NOTIC: [2] array_unique() expects parameter 1 to be array, null given D:\wwwroot\TP\Application\Home\Controller\IndexController.class.php 第 75 行.
NOTIC: [2] array_unique() expects parameter 1 to be array, null given D:\wwwroot\TP\Application\Home\Controller\IndexController.class.php 第 75 行.
NOTIC: [2] array_unique() expects parameter 1 to be array, null given D:\wwwroot\TP\Application\Home\Controller\IndexController.class.php 第 75 行.
NOTIC: [2] array_unique() expects parameter 1 to be array, null given D:\wwwroot\TP\Application\Home\Controller\IndexController.class.php 第 75 行.
NOTIC: [2] array_unique() expects parameter 1 to be array, null given D:\wwwroot\TP\Application\Home\Controller\IndexController.class.php 第 75 行.
NOTIC: [2] array_unique() expects parameter 1 to be array, null given D:\wwwroot\TP\Application\Home\Controller\IndexController.class.php 第 75 行.
NOTIC: [2] array_unique() expects parameter 1 to be array, null given D:\wwwroot\TP\Application\Home\Controller\IndexController.class.php 第 75 行.
NOTIC: [2] array_unique() expects parameter 1 to be array, null given D:\wwwroot\TP\Application\Home\Controller\IndexController.class.php 第 75 行.
NOTIC: [2] array_unique() expects parameter 1 to be array, null given D:\wwwroot\TP\Application\Home\Controller\IndexController.class.php 第 75 行.
NOTIC: [2] array_unique() expects parameter 1 to be array, null given D:\wwwroot\TP\Application\Home\Controller\IndexController.class.php 第 75 行.
NOTIC: [2] array_unique() expects parameter 1 to be array, null given D:\wwwroot\TP\Application\Home\Controller\IndexController.class.php 第 75 行.
NOTIC: [2] array_unique() expects parameter 1 to be array, null given D:\wwwroot\TP\Application\Home\Controller\IndexController.class.php 第 75 行.
NOTIC: [2] array_unique() expects parameter 1 to be array, null given D:\wwwroot\TP\Application\Home\Controller\IndexController.class.php 第 75 行.
NOTIC: [2] array_unique() expects parameter 1 to be array, null given D:\wwwroot\TP\Application\Home\Controller\IndexController.class.php 第 75 行.
NOTIC: [2] array_unique() expects parameter 1 to be array, null given D:\wwwroot\TP\Application\Home\Controller\IndexController.class.php 第 75 行.
NOTIC: [2] array_unique() expects parameter 1 to be array, null given D:\wwwroot\TP\Application\Home\Controller\IndexController.class.php 第 75 行.
NOTIC: [2] array_unique() expects parameter 1 to be array, null given D:\wwwroot\TP\Application\Home\Controller\IndexController.class.php 第 75 行.
NOTIC: [2] array_unique() expects parameter 1 to be array, null given D:\wwwroot\TP\Application\Home\Controller\IndexController.class.php 第 75 行.
NOTIC: [2] array_unique() expects parameter 1 to be array, null given D:\wwwroot\TP\Application\Home\Controller\IndexController.class.php 第 75 行.
NOTIC: [2] array_unique() expects parameter 1 to be array, null given D:\wwwroot\TP\Application\Home\Controller\IndexController.class.php 第 75 行.
NOTIC: [2] array_unique() expects parameter 1 to be array, null given D:\wwwroot\TP\Application\Home\Controller\IndexController.class.php 第 75 行.
NOTIC: [2] array_unique() expects parameter 1 to be array, null given D:\wwwroot\TP\Application\Home\Controller\IndexController.class.php 第 75 行.
NOTIC: [2] array_unique() expects parameter 1 to be array, null given D:\wwwroot\TP\Application\Home\Controller\IndexController.class.php 第 75 行.
NOTIC: [2] array_unique() expects parameter 1 to be array, null given D:\wwwroot\TP\Application\Home\Controller\IndexController.class.php 第 75 行.
NOTIC: [2] Invalid argument supplied for foreach() D:\wwwroot\TP\Application\Home\Controller\IndexController.class.php 第 80 行.
NOTIC: [8] Undefined variable: newss D:\wwwroot\TP\Application\Home\Controller\IndexController.class.php 第 84 行.
NOTIC: [2] Invalid argument supplied for foreach() D:\wwwroot\TP\Application\Home\Controller\IndexController.class.php 第 84 行.
NOTIC: [8] Undefined variable: new1 D:\wwwroot\TP\Application\Home\Controller\IndexController.class.php 第 89 行.
NOTIC: [8] Undefined variable: new1 D:\wwwroot\TP\Application\Home\Controller\IndexController.class.php 第 90 行.
NOTIC: [2] array_slice() expects parameter 1 to be array, null given D:\wwwroot\TP\Application\Home\Controller\IndexController.class.php 第 90 行.
NOTIC: [2] implode(): Invalid arguments passed D:\wwwroot\TP\ThinkPHP\Library\Think\Db\Driver.class.php 第 578 行.
ERR: 1064:You have an error in your SQL syntax; check the manual that corresponds to your MySQL server version for the right syntax to use near ')' at line 1
 [ SQL语句 ] : SELECT `repayment_time`,`deadline`,`id` FROM `lzh_investor_detail` WHERE `borrow_id` IN () 
ERR: 1064:You have an error in your SQL syntax; check the manual that corresponds to your MySQL server version for the right syntax to use near ')' at line 1
 [ SQL语句 ] : SELECT `repayment_time`,`deadline`,`id` FROM `lzh_investor_detail` WHERE `borrow_id` IN () 

[ 2019-04-22T11:24:44+08:00 ] ::1 /TP/home/GongXiang/check
INFO: [ app_init ] --START--
INFO: Run Behavior\BuildLiteBehavior [ RunTime:0.000000s ]
INFO: [ app_init ] --END-- [ RunTime:0.001000s ]
INFO: [ app_begin ] --START--
INFO: Run Behavior\ReadHtmlCacheBehavior [ RunTime:0.001000s ]
INFO: [ app_begin ] --END-- [ RunTime:0.001000s ]
SQL: SHOW COLUMNS FROM `lzh_borrow_info` [ RunTime:0.0130s ]
SQL: SELECT bi.id as bid,bi.is_advanced,`has_pay`,`is_prepayment`,bi.borrow_uid,`borrow_status`,bi.borrow_money,`repayment_type`,lz.zhaiquan_name,`real_name`,lz.zhaiquan_idcard,mi.cell_phone FROM lzh_borrow_info bi left join lzh_member_info mi on mi.uid = bi.borrow_uid left join lzh_zhaiquan lz on lz.zhaiquan_tid = bi.id  WHERE ( (`second_verify_time` > 1472054399) AND (`borrow_status` IN ('7','9')) AND (`repayment_type` = 5) ) AND `cell_phone` <> '' AND `is_advanced` = 2 ORDER BY second_verify_time  [ RunTime:1.1741s ]
SQL: SHOW COLUMNS FROM `lzh_investor_detail` [ RunTime:0.0100s ]
SQL: SELECT * FROM `lzh_investor_detail` WHERE ( borrow_id=402 )  [ RunTime:0.0460s ]
SQL: SELECT * FROM `lzh_investor_detail` WHERE ( borrow_id=553 )  [ RunTime:0.0040s ]
SQL: SELECT * FROM `lzh_investor_detail` WHERE ( borrow_id=590 )  [ RunTime:0.0100s ]
SQL: SELECT * FROM `lzh_investor_detail` WHERE ( borrow_id=611 )  [ RunTime:0.0000s ]
SQL: SELECT * FROM `lzh_investor_detail` WHERE ( borrow_id=620 )  [ RunTime:0.0010s ]
SQL: SELECT * FROM `lzh_investor_detail` WHERE ( borrow_id=689 )  [ RunTime:0.0160s ]
SQL: SELECT * FROM `lzh_investor_detail` WHERE ( borrow_id=690 )  [ RunTime:0.0010s ]
SQL: SELECT * FROM `lzh_investor_detail` WHERE ( borrow_id=688 )  [ RunTime:0.0010s ]
SQL: SELECT * FROM `lzh_investor_detail` WHERE ( borrow_id=694 )  [ RunTime:0.0000s ]
SQL: SELECT * FROM `lzh_investor_detail` WHERE ( borrow_id=696 )  [ RunTime:0.0010s ]
SQL: SELECT * FROM `lzh_investor_detail` WHERE ( borrow_id=692 )  [ RunTime:0.0010s ]
SQL: SELECT * FROM `lzh_investor_detail` WHERE ( borrow_id=701 )  [ RunTime:0.0000s ]
SQL: SELECT * FROM `lzh_investor_detail` WHERE ( borrow_id=699 )  [ RunTime:0.0010s ]
SQL: SELECT * FROM `lzh_investor_detail` WHERE ( borrow_id=702 )  [ RunTime:0.0000s ]
SQL: SELECT * FROM `lzh_investor_detail` WHERE ( borrow_id=704 )  [ RunTime:0.0010s ]
SQL: SELECT * FROM `lzh_investor_detail` WHERE ( borrow_id=734 )  [ RunTime:0.0010s ]
SQL: SELECT * FROM `lzh_investor_detail` WHERE ( borrow_id=733 )  [ RunTime:0.0010s ]
SQL: SELECT * FROM `lzh_investor_detail` WHERE ( borrow_id=732 )  [ RunTime:0.0000s ]
SQL: SELECT * FROM `lzh_investor_detail` WHERE ( borrow_id=731 )  [ RunTime:0.0010s ]
SQL: SELECT * FROM `lzh_investor_detail` WHERE ( borrow_id=730 )  [ RunTime:0.0000s ]
SQL: SELECT * FROM `lzh_investor_detail` WHERE ( borrow_id=729 )  [ RunTime:0.0010s ]
SQL: SELECT * FROM `lzh_investor_detail` WHERE ( borrow_id=728 )  [ RunTime:0.0000s ]
SQL: SELECT * FROM `lzh_investor_detail` WHERE ( borrow_id=727 )  [ RunTime:0.0010s ]
SQL: SELECT * FROM `lzh_investor_detail` WHERE ( borrow_id=725 )  [ RunTime:0.0000s ]
SQL: SELECT * FROM `lzh_investor_detail` WHERE ( borrow_id=718 )  [ RunTime:0.0010s ]
SQL: SELECT * FROM `lzh_investor_detail` WHERE ( borrow_id=716 )  [ RunTime:0.0000s ]
SQL: SELECT * FROM `lzh_investor_detail` WHERE ( borrow_id=714 )  [ RunTime:0.0010s ]
SQL: SELECT * FROM `lzh_investor_detail` WHERE ( borrow_id=715 )  [ RunTime:0.0000s ]
SQL: SELECT * FROM `lzh_investor_detail` WHERE ( borrow_id=707 )  [ RunTime:0.0010s ]
SQL: SELECT * FROM `lzh_investor_detail` WHERE ( borrow_id=737 )  [ RunTime:0.0000s ]
SQL: SELECT * FROM `lzh_investor_detail` WHERE ( borrow_id=740 )  [ RunTime:0.0230s ]
SQL: SELECT * FROM `lzh_investor_detail` WHERE ( borrow_id=738 )  [ RunTime:0.0010s ]
SQL: SELECT * FROM `lzh_investor_detail` WHERE ( borrow_id=748 )  [ RunTime:0.0000s ]
SQL: SELECT * FROM `lzh_investor_detail` WHERE ( borrow_id=747 )  [ RunTime:0.0010s ]
SQL: SELECT * FROM `lzh_investor_detail` WHERE ( borrow_id=705 )  [ RunTime:0.0000s ]
SQL: SELECT * FROM `lzh_investor_detail` WHERE ( borrow_id=757 )  [ RunTime:0.0000s ]
SQL: SELECT * FROM `lzh_investor_detail` WHERE ( borrow_id=767 )  [ RunTime:0.0000s ]
SQL: SELECT * FROM `lzh_investor_detail` WHERE ( borrow_id=772 )  [ RunTime:0.0010s ]
SQL: SELECT * FROM `lzh_investor_detail` WHERE ( borrow_id=774 )  [ RunTime:0.0000s ]
SQL: SELECT * FROM `lzh_investor_detail` WHERE ( borrow_id=773 )  [ RunTime:0.0010s ]
SQL: SELECT * FROM `lzh_investor_detail` WHERE ( borrow_id=768 )  [ RunTime:0.0010s ]
SQL: SELECT * FROM `lzh_investor_detail` WHERE ( borrow_id=779 )  [ RunTime:0.0000s ]
SQL: SELECT * FROM `lzh_investor_detail` WHERE ( borrow_id=783 )  [ RunTime:0.0010s ]
SQL: SELECT * FROM `lzh_investor_detail` WHERE ( borrow_id=784 )  [ RunTime:0.0000s ]
SQL: SELECT * FROM `lzh_investor_detail` WHERE ( borrow_id=782 )  [ RunTime:0.0000s ]
SQL: SELECT * FROM `lzh_investor_detail` WHERE ( borrow_id=780 )  [ RunTime:0.0000s ]
SQL: SELECT * FROM `lzh_investor_detail` WHERE ( borrow_id=785 )  [ RunTime:0.0000s ]
SQL: SELECT * FROM `lzh_investor_detail` WHERE ( borrow_id=789 )  [ RunTime:0.0010s ]
SQL: SELECT * FROM `lzh_investor_detail` WHERE ( borrow_id=786 )  [ RunTime:0.0000s ]
SQL: SELECT * FROM `lzh_investor_detail` WHERE ( borrow_id=788 )  [ RunTime:0.0010s ]
SQL: SELECT * FROM `lzh_investor_detail` WHERE ( borrow_id=794 )  [ RunTime:0.0000s ]
SQL: SELECT * FROM `lzh_investor_detail` WHERE ( borrow_id=795 )  [ RunTime:0.0010s ]
SQL: SELECT * FROM `lzh_investor_detail` WHERE ( borrow_id=790 )  [ RunTime:0.0000s ]
SQL: SELECT * FROM `lzh_investor_detail` WHERE ( borrow_id=800 )  [ RunTime:0.0020s ]
SQL: SELECT * FROM `lzh_investor_detail` WHERE ( borrow_id=807 )  [ RunTime:0.0010s ]
SQL: SELECT * FROM `lzh_investor_detail` WHERE ( borrow_id=801 )  [ RunTime:0.0010s ]
SQL: SELECT * FROM `lzh_investor_detail` WHERE ( borrow_id=808 )  [ RunTime:0.0000s ]
SQL: SELECT * FROM `lzh_investor_detail` WHERE ( borrow_id=809 )  [ RunTime:0.0000s ]
SQL: SELECT * FROM `lzh_investor_detail` WHERE ( borrow_id=816 )  [ RunTime:0.0000s ]
SQL: SELECT * FROM `lzh_investor_detail` WHERE ( borrow_id=817 )  [ RunTime:0.0000s ]
SQL: SELECT * FROM `lzh_investor_detail` WHERE ( borrow_id=815 )  [ RunTime:0.0010s ]
SQL: SELECT * FROM `lzh_investor_detail` WHERE ( borrow_id=819 )  [ RunTime:0.0010s ]
SQL: SELECT * FROM `lzh_investor_detail` WHERE ( borrow_id=835 )  [ RunTime:0.0000s ]
SQL: SELECT * FROM `lzh_investor_detail` WHERE ( borrow_id=833 )  [ RunTime:0.0010s ]
SQL: SELECT * FROM `lzh_investor_detail` WHERE ( borrow_id=841 )  [ RunTime:0.0000s ]
SQL: SELECT * FROM `lzh_investor_detail` WHERE ( borrow_id=839 )  [ RunTime:0.0000s ]
SQL: SELECT * FROM `lzh_investor_detail` WHERE ( borrow_id=851 )  [ RunTime:0.0010s ]
SQL: SELECT * FROM `lzh_investor_detail` WHERE ( borrow_id=854 )  [ RunTime:0.0010s ]
SQL: SELECT * FROM `lzh_investor_detail` WHERE ( borrow_id=856 )  [ RunTime:0.0010s ]
SQL: SELECT * FROM `lzh_investor_detail` WHERE ( borrow_id=861 )  [ RunTime:0.0000s ]
SQL: SELECT * FROM `lzh_investor_detail` WHERE ( borrow_id=865 )  [ RunTime:0.0010s ]
SQL: SELECT * FROM `lzh_investor_detail` WHERE ( borrow_id=867 )  [ RunTime:0.0010s ]
SQL: SELECT * FROM `lzh_investor_detail` WHERE ( borrow_id=873 )  [ RunTime:0.0010s ]
SQL: SELECT * FROM `lzh_investor_detail` WHERE ( borrow_id=872 )  [ RunTime:0.0000s ]
SQL: SELECT * FROM `lzh_investor_detail` WHERE ( borrow_id=880 )  [ RunTime:0.0010s ]
SQL: SELECT * FROM `lzh_investor_detail` WHERE ( borrow_id=890 )  [ RunTime:0.0010s ]
SQL: SELECT * FROM `lzh_investor_detail` WHERE ( borrow_id=888 )  [ RunTime:0.0010s ]
SQL: SELECT * FROM `lzh_investor_detail` WHERE ( borrow_id=889 )  [ RunTime:0.0000s ]
SQL: SELECT * FROM `lzh_investor_detail` WHERE ( borrow_id=897 )  [ RunTime:0.0010s ]
SQL: SELECT * FROM `lzh_investor_detail` WHERE ( borrow_id=896 )  [ RunTime:0.0000s ]
SQL: SELECT * FROM `lzh_investor_detail` WHERE ( borrow_id=899 )  [ RunTime:0.0000s ]
SQL: SELECT * FROM `lzh_investor_detail` WHERE ( borrow_id=905 )  [ RunTime:0.0000s ]
SQL: SELECT * FROM `lzh_investor_detail` WHERE ( borrow_id=907 )  [ RunTime:0.0010s ]
SQL: SELECT * FROM `lzh_investor_detail` WHERE ( borrow_id=911 )  [ RunTime:0.0000s ]
SQL: SELECT * FROM `lzh_investor_detail` WHERE ( borrow_id=918 )  [ RunTime:0.0010s ]
SQL: SELECT * FROM `lzh_investor_detail` WHERE ( borrow_id=919 )  [ RunTime:0.0010s ]
SQL: SELECT * FROM `lzh_investor_detail` WHERE ( borrow_id=920 )  [ RunTime:0.0000s ]
SQL: SELECT * FROM `lzh_investor_detail` WHERE ( borrow_id=921 )  [ RunTime:0.0010s ]
SQL: SELECT * FROM `lzh_investor_detail` WHERE ( borrow_id=922 )  [ RunTime:0.0000s ]
SQL: SELECT * FROM `lzh_investor_detail` WHERE ( borrow_id=923 )  [ RunTime:0.0000s ]
SQL: SELECT * FROM `lzh_investor_detail` WHERE ( borrow_id=929 )  [ RunTime:0.0000s ]
SQL: SELECT * FROM `lzh_investor_detail` WHERE ( borrow_id=933 )  [ RunTime:0.0010s ]
SQL: SELECT * FROM `lzh_investor_detail` WHERE ( borrow_id=934 )  [ RunTime:0.0000s ]
SQL: SELECT * FROM `lzh_investor_detail` WHERE ( borrow_id=935 )  [ RunTime:0.0000s ]
SQL: SELECT * FROM `lzh_investor_detail` WHERE ( borrow_id=936 )  [ RunTime:0.0000s ]
SQL: SELECT * FROM `lzh_investor_detail` WHERE ( borrow_id=938 )  [ RunTime:0.0000s ]
SQL: SELECT * FROM `lzh_investor_detail` WHERE ( borrow_id=943 )  [ RunTime:0.0000s ]
SQL: SELECT * FROM `lzh_investor_detail` WHERE ( borrow_id=944 )  [ RunTime:0.0010s ]
SQL: SELECT * FROM `lzh_investor_detail` WHERE ( borrow_id=945 )  [ RunTime:0.0000s ]
SQL: SELECT * FROM `lzh_investor_detail` WHERE ( borrow_id=941 )  [ RunTime:0.0010s ]
SQL: SELECT * FROM `lzh_investor_detail` WHERE ( borrow_id=948 )  [ RunTime:0.0000s ]
SQL: SELECT * FROM `lzh_investor_detail` WHERE ( borrow_id=952 )  [ RunTime:0.0010s ]
SQL: SELECT * FROM `lzh_investor_detail` WHERE ( borrow_id=954 )  [ RunTime:0.0000s ]
SQL: SELECT * FROM `lzh_investor_detail` WHERE ( borrow_id=958 )  [ RunTime:0.0010s ]
SQL: SELECT * FROM `lzh_investor_detail` WHERE ( borrow_id=961 )  [ RunTime:0.0000s ]
SQL: SELECT * FROM `lzh_investor_detail` WHERE ( borrow_id=962 )  [ RunTime:0.0010s ]
SQL: SELECT * FROM `lzh_investor_detail` WHERE ( borrow_id=973 )  [ RunTime:0.0010s ]
SQL: SELECT * FROM `lzh_investor_detail` WHERE ( borrow_id=988 )  [ RunTime:0.0010s ]
SQL: SELECT * FROM `lzh_investor_detail` WHERE ( borrow_id=991 )  [ RunTime:0.0000s ]
SQL: SELECT * FROM `lzh_investor_detail` WHERE ( borrow_id=994 )  [ RunTime:0.0010s ]
SQL: SELECT * FROM `lzh_investor_detail` WHERE ( borrow_id=995 )  [ RunTime:0.0000s ]
SQL: SELECT * FROM `lzh_investor_detail` WHERE ( borrow_id=998 )  [ RunTime:0.0010s ]
SQL: SELECT * FROM `lzh_investor_detail` WHERE ( borrow_id=1000 )  [ RunTime:0.0000s ]
SQL: SELECT * FROM `lzh_investor_detail` WHERE ( borrow_id=1001 )  [ RunTime:0.0010s ]
SQL: SELECT * FROM `lzh_investor_detail` WHERE ( borrow_id=1003 )  [ RunTime:0.0000s ]
SQL: SELECT * FROM `lzh_investor_detail` WHERE ( borrow_id=1006 )  [ RunTime:0.0010s ]
SQL: SELECT * FROM `lzh_investor_detail` WHERE ( borrow_id=1008 )  [ RunTime:0.0000s ]
SQL: SELECT * FROM `lzh_investor_detail` WHERE ( borrow_id=1009 )  [ RunTime:0.0000s ]
SQL: SELECT * FROM `lzh_investor_detail` WHERE ( borrow_id=1013 )  [ RunTime:0.0010s ]
SQL: SELECT * FROM `lzh_investor_detail` WHERE ( borrow_id=1015 )  [ RunTime:0.0000s ]
SQL: SELECT * FROM `lzh_investor_detail` WHERE ( borrow_id=1016 )  [ RunTime:0.0000s ]
SQL: SELECT * FROM `lzh_investor_detail` WHERE ( borrow_id=1019 )  [ RunTime:0.0000s ]
SQL: SELECT * FROM `lzh_investor_detail` WHERE ( borrow_id=1022 )  [ RunTime:0.0000s ]
SQL: SELECT * FROM `lzh_investor_detail` WHERE ( borrow_id=1024 )  [ RunTime:0.0000s ]
SQL: SELECT * FROM `lzh_investor_detail` WHERE ( borrow_id=1026 )  [ RunTime:0.0010s ]
SQL: SELECT * FROM `lzh_investor_detail` WHERE ( borrow_id=1020 )  [ RunTime:0.0000s ]
SQL: SELECT * FROM `lzh_investor_detail` WHERE ( borrow_id=1032 )  [ RunTime:0.0000s ]
SQL: SELECT * FROM `lzh_investor_detail` WHERE ( borrow_id=1033 )  [ RunTime:0.0000s ]
SQL: SELECT * FROM `lzh_investor_detail` WHERE ( borrow_id=1034 )  [ RunTime:0.0000s ]
SQL: SELECT * FROM `lzh_investor_detail` WHERE ( borrow_id=1035 )  [ RunTime:0.0000s ]
SQL: SELECT * FROM `lzh_investor_detail` WHERE ( borrow_id=1038 )  [ RunTime:0.0000s ]
SQL: SELECT * FROM `lzh_investor_detail` WHERE ( borrow_id=1036 )  [ RunTime:0.0010s ]
SQL: SELECT * FROM `lzh_investor_detail` WHERE ( borrow_id=1057 )  [ RunTime:0.0000s ]
SQL: SELECT * FROM `lzh_investor_detail` WHERE ( borrow_id=1058 )  [ RunTime:0.0000s ]
SQL: SELECT * FROM `lzh_investor_detail` WHERE ( borrow_id=1050 )  [ RunTime:0.0000s ]
SQL: SELECT * FROM `lzh_investor_detail` WHERE ( borrow_id=1063 )  [ RunTime:0.0010s ]
SQL: SELECT * FROM `lzh_investor_detail` WHERE ( borrow_id=1065 )  [ RunTime:0.0000s ]
SQL: SELECT * FROM `lzh_investor_detail` WHERE ( borrow_id=1070 )  [ RunTime:0.0010s ]
SQL: SELECT * FROM `lzh_investor_detail` WHERE ( borrow_id=1071 )  [ RunTime:0.0000s ]
SQL: SELECT * FROM `lzh_investor_detail` WHERE ( borrow_id=1072 )  [ RunTime:0.0010s ]
SQL: SELECT * FROM `lzh_investor_detail` WHERE ( borrow_id=1066 )  [ RunTime:0.0000s ]
SQL: SELECT * FROM `lzh_investor_detail` WHERE ( borrow_id=1076 )  [ RunTime:0.0010s ]
SQL: SELECT * FROM `lzh_investor_detail` WHERE ( borrow_id=1075 )  [ RunTime:0.0000s ]
SQL: SELECT * FROM `lzh_investor_detail` WHERE ( borrow_id=1078 )  [ RunTime:0.0000s ]
SQL: SELECT * FROM `lzh_investor_detail` WHERE ( borrow_id=1079 )  [ RunTime:0.0010s ]
SQL: SELECT * FROM `lzh_investor_detail` WHERE ( borrow_id=1083 )  [ RunTime:0.0000s ]
SQL: SELECT * FROM `lzh_investor_detail` WHERE ( borrow_id=1086 )  [ RunTime:0.0000s ]
SQL: SELECT * FROM `lzh_investor_detail` WHERE ( borrow_id=1089 )  [ RunTime:0.0020s ]
SQL: SELECT * FROM `lzh_investor_detail` WHERE ( borrow_id=1101 )  [ RunTime:0.0010s ]
SQL: SELECT * FROM `lzh_investor_detail` WHERE ( borrow_id=1104 )  [ RunTime:0.0010s ]
SQL: SELECT * FROM `lzh_investor_detail` WHERE ( borrow_id=1110 )  [ RunTime:0.0010s ]
SQL: SELECT * FROM `lzh_investor_detail` WHERE ( borrow_id=1111 )  [ RunTime:0.0000s ]
SQL: SELECT * FROM `lzh_investor_detail` WHERE ( borrow_id=1116 )  [ RunTime:0.0010s ]
SQL: SELECT * FROM `lzh_investor_detail` WHERE ( borrow_id=1115 )  [ RunTime:0.0000s ]
SQL: SELECT * FROM `lzh_investor_detail` WHERE ( borrow_id=1112 )  [ RunTime:0.0000s ]
SQL: SELECT * FROM `lzh_investor_detail` WHERE ( borrow_id=1118 )  [ RunTime:0.0010s ]
SQL: SELECT * FROM `lzh_investor_detail` WHERE ( borrow_id=1119 )  [ RunTime:0.0000s ]
SQL: SELECT * FROM `lzh_investor_detail` WHERE ( borrow_id=1120 )  [ RunTime:0.0010s ]
SQL: SELECT * FROM `lzh_investor_detail` WHERE ( borrow_id=1121 )  [ RunTime:0.0000s ]
SQL: SELECT * FROM `lzh_investor_detail` WHERE ( borrow_id=1122 )  [ RunTime:0.0010s ]
SQL: SELECT * FROM `lzh_investor_detail` WHERE ( borrow_id=1123 )  [ RunTime:0.0000s ]
SQL: SELECT * FROM `lzh_investor_detail` WHERE ( borrow_id=1124 )  [ RunTime:0.0010s ]
SQL: SELECT * FROM `lzh_investor_detail` WHERE ( borrow_id=1125 )  [ RunTime:0.0000s ]
SQL: SELECT * FROM `lzh_investor_detail` WHERE ( borrow_id=1126 )  [ RunTime:0.0010s ]
SQL: SELECT * FROM `lzh_investor_detail` WHERE ( borrow_id=1129 )  [ RunTime:0.0000s ]
SQL: SELECT * FROM `lzh_investor_detail` WHERE ( borrow_id=1128 )  [ RunTime:0.0000s ]
SQL: SELECT * FROM `lzh_investor_detail` WHERE ( borrow_id=1127 )  [ RunTime:0.0010s ]
SQL: SELECT * FROM `lzh_investor_detail` WHERE ( borrow_id=1130 )  [ RunTime:0.0000s ]
SQL: SELECT * FROM `lzh_investor_detail` WHERE ( borrow_id=1142 )  [ RunTime:0.0000s ]
SQL: SELECT * FROM `lzh_investor_detail` WHERE ( borrow_id=1141 )  [ RunTime:0.0010s ]
SQL: SELECT * FROM `lzh_investor_detail` WHERE ( borrow_id=1169 )  [ RunTime:0.0010s ]
SQL: SELECT * FROM `lzh_investor_detail` WHERE ( borrow_id=1157 )  [ RunTime:0.0000s ]
SQL: SELECT * FROM `lzh_investor_detail` WHERE ( borrow_id=1170 )  [ RunTime:0.0000s ]
SQL: SELECT * FROM `lzh_investor_detail` WHERE ( borrow_id=1177 )  [ RunTime:0.0010s ]
SQL: SELECT * FROM `lzh_investor_detail` WHERE ( borrow_id=1178 )  [ RunTime:0.0000s ]
SQL: SELECT * FROM `lzh_investor_detail` WHERE ( borrow_id=1184 )  [ RunTime:0.0010s ]
SQL: SELECT * FROM `lzh_investor_detail` WHERE ( borrow_id=1185 )  [ RunTime:0.0000s ]
SQL: SELECT * FROM `lzh_investor_detail` WHERE ( borrow_id=1179 )  [ RunTime:0.0010s ]
SQL: SELECT * FROM `lzh_investor_detail` WHERE ( borrow_id=1189 )  [ RunTime:0.0010s ]
SQL: SELECT * FROM `lzh_investor_detail` WHERE ( borrow_id=1190 )  [ RunTime:0.0000s ]
SQL: SELECT * FROM `lzh_investor_detail` WHERE ( borrow_id=1191 )  [ RunTime:0.0000s ]
SQL: SELECT * FROM `lzh_investor_detail` WHERE ( borrow_id=1196 )  [ RunTime:0.0010s ]
SQL: SELECT * FROM `lzh_investor_detail` WHERE ( borrow_id=1205 )  [ RunTime:0.0010s ]
SQL: SELECT * FROM `lzh_investor_detail` WHERE ( borrow_id=1217 )  [ RunTime:0.0020s ]
SQL: SELECT * FROM `lzh_investor_detail` WHERE ( borrow_id=1221 )  [ RunTime:0.0010s ]
SQL: SELECT * FROM `lzh_investor_detail` WHERE ( borrow_id=1235 )  [ RunTime:0.0010s ]
SQL: SELECT * FROM `lzh_investor_detail` WHERE ( borrow_id=1236 )  [ RunTime:0.0090s ]
SQL: SELECT * FROM `lzh_investor_detail` WHERE ( borrow_id=1258 )  [ RunTime:0.0010s ]
SQL: SELECT * FROM `lzh_investor_detail` WHERE ( borrow_id=1259 )  [ RunTime:0.0010s ]
SQL: SELECT * FROM `lzh_investor_detail` WHERE ( borrow_id=1260 )  [ RunTime:0.0000s ]
SQL: SELECT * FROM `lzh_investor_detail` WHERE ( borrow_id=1261 )  [ RunTime:0.0000s ]
SQL: SELECT * FROM `lzh_investor_detail` WHERE ( borrow_id=1262 )  [ RunTime:0.0000s ]
SQL: SELECT * FROM `lzh_investor_detail` WHERE ( borrow_id=1264 )  [ RunTime:0.0000s ]
SQL: SELECT * FROM `lzh_investor_detail` WHERE ( borrow_id=1265 )  [ RunTime:0.0010s ]
SQL: SELECT * FROM `lzh_investor_detail` WHERE ( borrow_id=1263 )  [ RunTime:0.0000s ]
SQL: SELECT * FROM `lzh_investor_detail` WHERE ( borrow_id=1270 )  [ RunTime:0.0000s ]
SQL: SELECT * FROM `lzh_investor_detail` WHERE ( borrow_id=1272 )  [ RunTime:0.0010s ]
SQL: SELECT * FROM `lzh_investor_detail` WHERE ( borrow_id=1271 )  [ RunTime:0.0010s ]
SQL: SELECT * FROM `lzh_investor_detail` WHERE ( borrow_id=1278 )  [ RunTime:0.0010s ]
SQL: SELECT * FROM `lzh_investor_detail` WHERE ( borrow_id=1289 )  [ RunTime:0.0010s ]
SQL: SELECT * FROM `lzh_investor_detail` WHERE ( borrow_id=1290 )  [ RunTime:0.0000s ]
SQL: SELECT * FROM `lzh_investor_detail` WHERE ( borrow_id=1291 )  [ RunTime:0.0010s ]
SQL: SELECT * FROM `lzh_investor_detail` WHERE ( borrow_id=1294 )  [ RunTime:0.0010s ]
SQL: SELECT * FROM `lzh_investor_detail` WHERE ( borrow_id=1295 )  [ RunTime:0.0000s ]
SQL: SELECT * FROM `lzh_investor_detail` WHERE ( borrow_id=1296 )  [ RunTime:0.0010s ]
SQL: SELECT * FROM `lzh_investor_detail` WHERE ( borrow_id=1297 )  [ RunTime:0.0010s ]
SQL: SELECT * FROM `lzh_investor_detail` WHERE ( borrow_id=1317 )  [ RunTime:0.0010s ]
SQL: SELECT * FROM `lzh_investor_detail` WHERE ( borrow_id=1320 )  [ RunTime:0.0010s ]
SQL: SELECT * FROM `lzh_investor_detail` WHERE ( borrow_id=1308 )  [ RunTime:0.0010s ]
SQL: SELECT * FROM `lzh_investor_detail` WHERE ( borrow_id=1327 )  [ RunTime:0.0000s ]
SQL: SELECT * FROM `lzh_investor_detail` WHERE ( borrow_id=1328 )  [ RunTime:0.0000s ]
SQL: SELECT * FROM `lzh_investor_detail` WHERE ( borrow_id=1329 )  [ RunTime:0.0000s ]
SQL: SELECT * FROM `lzh_investor_detail` WHERE ( borrow_id=1330 )  [ RunTime:0.0000s ]
SQL: SELECT * FROM `lzh_investor_detail` WHERE ( borrow_id=1331 )  [ RunTime:0.0000s ]
SQL: SELECT * FROM `lzh_investor_detail` WHERE ( borrow_id=1326 )  [ RunTime:0.0010s ]
SQL: SELECT * FROM `lzh_investor_detail` WHERE ( borrow_id=1342 )  [ RunTime:0.0010s ]
SQL: SELECT * FROM `lzh_investor_detail` WHERE ( borrow_id=1348 )  [ RunTime:0.0010s ]
SQL: SELECT * FROM `lzh_investor_detail` WHERE ( borrow_id=1352 )  [ RunTime:0.0010s ]
SQL: SELECT * FROM `lzh_investor_detail` WHERE ( borrow_id=1354 )  [ RunTime:0.0010s ]
SQL: SELECT * FROM `lzh_investor_detail` WHERE ( borrow_id=1360 )  [ RunTime:0.0000s ]
SQL: SELECT * FROM `lzh_investor_detail` WHERE ( borrow_id=1350 )  [ RunTime:0.0000s ]
SQL: SELECT * FROM `lzh_investor_detail` WHERE ( borrow_id=1361 )  [ RunTime:0.0000s ]
SQL: SELECT * FROM `lzh_investor_detail` WHERE ( borrow_id=1355 )  [ RunTime:0.0010s ]
SQL: SELECT * FROM `lzh_investor_detail` WHERE ( borrow_id=1369 )  [ RunTime:0.0000s ]
SQL: SELECT * FROM `lzh_investor_detail` WHERE ( borrow_id=1370 )  [ RunTime:0.0010s ]
SQL: SELECT * FROM `lzh_investor_detail` WHERE ( borrow_id=1371 )  [ RunTime:0.0000s ]
SQL: SELECT * FROM `lzh_investor_detail` WHERE ( borrow_id=1373 )  [ RunTime:0.0010s ]
SQL: SELECT * FROM `lzh_investor_detail` WHERE ( borrow_id=1378 )  [ RunTime:0.0010s ]
SQL: SELECT * FROM `lzh_investor_detail` WHERE ( borrow_id=1375 )  [ RunTime:0.0010s ]
SQL: SELECT * FROM `lzh_investor_detail` WHERE ( borrow_id=1381 )  [ RunTime:0.0010s ]
SQL: SELECT * FROM `lzh_investor_detail` WHERE ( borrow_id=1382 )  [ RunTime:0.0000s ]
SQL: SELECT * FROM `lzh_investor_detail` WHERE ( borrow_id=1383 )  [ RunTime:0.0010s ]
SQL: SELECT * FROM `lzh_investor_detail` WHERE ( borrow_id=1390 )  [ RunTime:0.0010s ]
SQL: SELECT * FROM `lzh_investor_detail` WHERE ( borrow_id=1386 )  [ RunTime:0.0000s ]
SQL: SELECT * FROM `lzh_investor_detail` WHERE ( borrow_id=1392 )  [ RunTime:0.0010s ]
SQL: SELECT * FROM `lzh_investor_detail` WHERE ( borrow_id=1393 )  [ RunTime:0.0010s ]
SQL: SELECT * FROM `lzh_investor_detail` WHERE ( borrow_id=1394 )  [ RunTime:0.0000s ]
SQL: SELECT * FROM `lzh_investor_detail` WHERE ( borrow_id=1399 )  [ RunTime:0.0020s ]
SQL: SELECT * FROM `lzh_investor_detail` WHERE ( borrow_id=1400 )  [ RunTime:0.0000s ]
SQL: SELECT * FROM `lzh_investor_detail` WHERE ( borrow_id=1401 )  [ RunTime:0.0000s ]
SQL: SELECT * FROM `lzh_investor_detail` WHERE ( borrow_id=1404 )  [ RunTime:0.0010s ]
SQL: SELECT * FROM `lzh_investor_detail` WHERE ( borrow_id=1402 )  [ RunTime:0.0000s ]
SQL: SELECT * FROM `lzh_investor_detail` WHERE ( borrow_id=1405 )  [ RunTime:0.0000s ]
SQL: SELECT * FROM `lzh_investor_detail` WHERE ( borrow_id=1407 )  [ RunTime:0.0010s ]
SQL: SELECT * FROM `lzh_investor_detail` WHERE ( borrow_id=1410 )  [ RunTime:0.0000s ]
SQL: SELECT * FROM `lzh_investor_detail` WHERE ( borrow_id=1426 )  [ RunTime:0.0000s ]
SQL: SELECT * FROM `lzh_investor_detail` WHERE ( borrow_id=1425 )  [ RunTime:0.0000s ]
SQL: SELECT * FROM `lzh_investor_detail` WHERE ( borrow_id=1428 )  [ RunTime:0.0000s ]
SQL: SELECT * FROM `lzh_investor_detail` WHERE ( borrow_id=1427 )  [ RunTime:0.0000s ]
SQL: SELECT * FROM `lzh_investor_detail` WHERE ( borrow_id=1430 )  [ RunTime:0.0010s ]
SQL: SELECT * FROM `lzh_investor_detail` WHERE ( borrow_id=1438 )  [ RunTime:0.0010s ]
SQL: SELECT * FROM `lzh_investor_detail` WHERE ( borrow_id=1439 )  [ RunTime:0.0000s ]
SQL: SELECT * FROM `lzh_investor_detail` WHERE ( borrow_id=1440 )  [ RunTime:0.0010s ]
SQL: SELECT * FROM `lzh_investor_detail` WHERE ( borrow_id=1441 )  [ RunTime:0.0000s ]
SQL: SELECT * FROM `lzh_investor_detail` WHERE ( borrow_id=1442 )  [ RunTime:0.0010s ]
SQL: SELECT * FROM `lzh_investor_detail` WHERE ( borrow_id=1437 )  [ RunTime:0.0000s ]
SQL: SELECT * FROM `lzh_investor_detail` WHERE ( borrow_id=1444 )  [ RunTime:0.0000s ]
SQL: SELECT * FROM `lzh_investor_detail` WHERE ( borrow_id=1445 )  [ RunTime:0.0000s ]
SQL: SELECT * FROM `lzh_investor_detail` WHERE ( borrow_id=1446 )  [ RunTime:0.0010s ]
SQL: SELECT * FROM `lzh_investor_detail` WHERE ( borrow_id=1447 )  [ RunTime:0.0000s ]
SQL: SELECT * FROM `lzh_investor_detail` WHERE ( borrow_id=1449 )  [ RunTime:0.0010s ]
SQL: SELECT * FROM `lzh_investor_detail` WHERE ( borrow_id=1450 )  [ RunTime:0.0000s ]
SQL: SELECT * FROM `lzh_investor_detail` WHERE ( borrow_id=1451 )  [ RunTime:0.0010s ]
SQL: SELECT * FROM `lzh_investor_detail` WHERE ( borrow_id=1452 )  [ RunTime:0.0000s ]
SQL: SELECT * FROM `lzh_investor_detail` WHERE ( borrow_id=1453 )  [ RunTime:0.0000s ]
SQL: SELECT * FROM `lzh_investor_detail` WHERE ( borrow_id=1454 )  [ RunTime:0.0010s ]
SQL: SELECT * FROM `lzh_investor_detail` WHERE ( borrow_id=1457 )  [ RunTime:0.0000s ]
SQL: SELECT * FROM `lzh_investor_detail` WHERE ( borrow_id=1459 )  [ RunTime:0.0000s ]
SQL: SELECT * FROM `lzh_investor_detail` WHERE ( borrow_id=1460 )  [ RunTime:0.0010s ]
SQL: SELECT * FROM `lzh_investor_detail` WHERE ( borrow_id=1461 )  [ RunTime:0.0000s ]
SQL: SELECT * FROM `lzh_investor_detail` WHERE ( borrow_id=1462 )  [ RunTime:0.0010s ]
SQL: SELECT * FROM `lzh_investor_detail` WHERE ( borrow_id=1463 )  [ RunTime:0.0000s ]
SQL: SELECT * FROM `lzh_investor_detail` WHERE ( borrow_id=1465 )  [ RunTime:0.0010s ]
SQL: SELECT * FROM `lzh_investor_detail` WHERE ( borrow_id=1466 )  [ RunTime:0.0000s ]
SQL: SELECT * FROM `lzh_investor_detail` WHERE ( borrow_id=1467 )  [ RunTime:0.0000s ]
SQL: SELECT * FROM `lzh_investor_detail` WHERE ( borrow_id=1476 )  [ RunTime:0.0010s ]
SQL: SELECT * FROM `lzh_investor_detail` WHERE ( borrow_id=1479 )  [ RunTime:0.0010s ]
SQL: SELECT * FROM `lzh_investor_detail` WHERE ( borrow_id=1480 )  [ RunTime:0.0010s ]
SQL: SELECT * FROM `lzh_investor_detail` WHERE ( borrow_id=1481 )  [ RunTime:0.0000s ]
SQL: SELECT * FROM `lzh_investor_detail` WHERE ( borrow_id=1483 )  [ RunTime:0.0010s ]
SQL: SELECT * FROM `lzh_investor_detail` WHERE ( borrow_id=1485 )  [ RunTime:0.0000s ]
SQL: SELECT * FROM `lzh_investor_detail` WHERE ( borrow_id=1494 )  [ RunTime:0.0000s ]
SQL: SELECT * FROM `lzh_investor_detail` WHERE ( borrow_id=1499 )  [ RunTime:0.0010s ]
SQL: SELECT * FROM `lzh_investor_detail` WHERE ( borrow_id=1496 )  [ RunTime:0.0000s ]
SQL: SELECT * FROM `lzh_investor_detail` WHERE ( borrow_id=1498 )  [ RunTime:0.0000s ]
SQL: SELECT * FROM `lzh_investor_detail` WHERE ( borrow_id=1497 )  [ RunTime:0.0010s ]
SQL: SELECT * FROM `lzh_investor_detail` WHERE ( borrow_id=1506 )  [ RunTime:0.0000s ]
SQL: SELECT * FROM `lzh_investor_detail` WHERE ( borrow_id=1507 )  [ RunTime:0.0010s ]
SQL: SELECT * FROM `lzh_investor_detail` WHERE ( borrow_id=1517 )  [ RunTime:0.0000s ]
SQL: SELECT * FROM `lzh_investor_detail` WHERE ( borrow_id=1700 )  [ RunTime:0.0010s ]

[ 2019-04-22T11:29:52+08:00 ] ::1 /TP/home/GongXiang/check
INFO: [ app_init ] --START--
INFO: Run Behavior\BuildLiteBehavior [ RunTime:0.000000s ]
INFO: [ app_init ] --END-- [ RunTime:0.000000s ]
INFO: [ app_begin ] --START--
INFO: Run Behavior\ReadHtmlCacheBehavior [ RunTime:0.000000s ]
INFO: [ app_begin ] --END-- [ RunTime:0.000000s ]
SQL: SHOW COLUMNS FROM `lzh_borrow_info` [ RunTime:0.0100s ]
SQL: SELECT COUNT(*) AS tp_count FROM lzh_borrow_info bi left join lzh_member_info mi on mi.uid = bi.borrow_uid left join lzh_zhaiquan lz on lz.zhaiquan_tid = bi.id  WHERE ( (`second_verify_time` > 1472054399) AND (`borrow_status` IN ('7','9')) AND (`repayment_type` = 5) ) AND `cell_phone` <> '' AND `is_advanced` = 2 ORDER BY second_verify_time LIMIT 1   [ RunTime:0.5810s ]

[ 2019-04-22T11:51:55+08:00 ] ::1 /TP/home/GongXiang/check
INFO: [ app_init ] --START--
INFO: Run Behavior\BuildLiteBehavior [ RunTime:0.000000s ]
INFO: [ app_init ] --END-- [ RunTime:0.000000s ]
INFO: [ app_begin ] --START--
INFO: Run Behavior\ReadHtmlCacheBehavior [ RunTime:0.001000s ]
INFO: [ app_begin ] --END-- [ RunTime:0.001000s ]
SQL: SHOW COLUMNS FROM `lzh_borrow_info` [ RunTime:0.0120s ]
SQL: SELECT bi.id as bid,bi.is_advanced,`has_pay`,`is_prepayment`,bi.borrow_uid,`borrow_status`,bi.borrow_money,`repayment_type`,lz.zhaiquan_name,`real_name`,lz.zhaiquan_idcard,mi.cell_phone FROM lzh_borrow_info bi left join lzh_member_info mi on mi.uid = bi.borrow_uid left join lzh_zhaiquan lz on lz.zhaiquan_tid = bi.id  WHERE ( (`second_verify_time` > 1472054399) AND (`borrow_status` IN ('7','9')) AND (`repayment_type` = 5) ) AND `cell_phone` <> '' AND `is_advanced` = 2 ORDER BY second_verify_time  [ RunTime:0.6870s ]
SQL: SHOW COLUMNS FROM `lzh_investor_detail` [ RunTime:0.0100s ]
SQL: SELECT * FROM `lzh_investor_detail` WHERE ( borrow_id=402 )  [ RunTime:0.0010s ]
SQL: SELECT * FROM `lzh_investor_detail` WHERE ( borrow_id=553 )  [ RunTime:0.0010s ]
SQL: SELECT * FROM `lzh_investor_detail` WHERE ( borrow_id=590 )  [ RunTime:0.0000s ]
SQL: SELECT * FROM `lzh_investor_detail` WHERE ( borrow_id=611 )  [ RunTime:0.0010s ]
SQL: SELECT * FROM `lzh_investor_detail` WHERE ( borrow_id=620 )  [ RunTime:0.0000s ]
SQL: SELECT * FROM `lzh_investor_detail` WHERE ( borrow_id=689 )  [ RunTime:0.0010s ]
SQL: SELECT * FROM `lzh_investor_detail` WHERE ( borrow_id=690 )  [ RunTime:0.0000s ]
SQL: SELECT * FROM `lzh_investor_detail` WHERE ( borrow_id=688 )  [ RunTime:0.0010s ]
SQL: SELECT * FROM `lzh_investor_detail` WHERE ( borrow_id=694 )  [ RunTime:0.0000s ]
SQL: SELECT * FROM `lzh_investor_detail` WHERE ( borrow_id=696 )  [ RunTime:0.0000s ]
SQL: SELECT * FROM `lzh_investor_detail` WHERE ( borrow_id=692 )  [ RunTime:0.0010s ]
SQL: SELECT * FROM `lzh_investor_detail` WHERE ( borrow_id=701 )  [ RunTime:0.0000s ]
SQL: SELECT * FROM `lzh_investor_detail` WHERE ( borrow_id=699 )  [ RunTime:0.0010s ]
SQL: SELECT * FROM `lzh_investor_detail` WHERE ( borrow_id=702 )  [ RunTime:0.0000s ]
SQL: SELECT * FROM `lzh_investor_detail` WHERE ( borrow_id=704 )  [ RunTime:0.0010s ]
SQL: SELECT * FROM `lzh_investor_detail` WHERE ( borrow_id=734 )  [ RunTime:0.0000s ]
SQL: SELECT * FROM `lzh_investor_detail` WHERE ( borrow_id=733 )  [ RunTime:0.0010s ]
SQL: SELECT * FROM `lzh_investor_detail` WHERE ( borrow_id=732 )  [ RunTime:0.0000s ]
SQL: SELECT * FROM `lzh_investor_detail` WHERE ( borrow_id=731 )  [ RunTime:0.0010s ]
SQL: SELECT * FROM `lzh_investor_detail` WHERE ( borrow_id=730 )  [ RunTime:0.0000s ]
SQL: SELECT * FROM `lzh_investor_detail` WHERE ( borrow_id=729 )  [ RunTime:0.0010s ]
SQL: SELECT * FROM `lzh_investor_detail` WHERE ( borrow_id=728 )  [ RunTime:0.0000s ]
SQL: SELECT * FROM `lzh_investor_detail` WHERE ( borrow_id=727 )  [ RunTime:0.0010s ]
SQL: SELECT * FROM `lzh_investor_detail` WHERE ( borrow_id=725 )  [ RunTime:0.0000s ]
SQL: SELECT * FROM `lzh_investor_detail` WHERE ( borrow_id=718 )  [ RunTime:0.0010s ]
SQL: SELECT * FROM `lzh_investor_detail` WHERE ( borrow_id=716 )  [ RunTime:0.0000s ]
SQL: SELECT * FROM `lzh_investor_detail` WHERE ( borrow_id=714 )  [ RunTime:0.0010s ]
SQL: SELECT * FROM `lzh_investor_detail` WHERE ( borrow_id=715 )  [ RunTime:0.0000s ]
SQL: SELECT * FROM `lzh_investor_detail` WHERE ( borrow_id=707 )  [ RunTime:0.0010s ]
SQL: SELECT * FROM `lzh_investor_detail` WHERE ( borrow_id=737 )  [ RunTime:0.0000s ]
SQL: SELECT * FROM `lzh_investor_detail` WHERE ( borrow_id=740 )  [ RunTime:0.0010s ]
SQL: SELECT * FROM `lzh_investor_detail` WHERE ( borrow_id=738 )  [ RunTime:0.0000s ]
SQL: SELECT * FROM `lzh_investor_detail` WHERE ( borrow_id=748 )  [ RunTime:0.0010s ]
SQL: SELECT * FROM `lzh_investor_detail` WHERE ( borrow_id=747 )  [ RunTime:0.0000s ]
SQL: SELECT * FROM `lzh_investor_detail` WHERE ( borrow_id=705 )  [ RunTime:0.0010s ]
SQL: SELECT * FROM `lzh_investor_detail` WHERE ( borrow_id=757 )  [ RunTime:0.0010s ]
SQL: SELECT * FROM `lzh_investor_detail` WHERE ( borrow_id=767 )  [ RunTime:0.0000s ]
SQL: SELECT * FROM `lzh_investor_detail` WHERE ( borrow_id=772 )  [ RunTime:0.0010s ]
SQL: SELECT * FROM `lzh_investor_detail` WHERE ( borrow_id=774 )  [ RunTime:0.0000s ]
SQL: SELECT * FROM `lzh_investor_detail` WHERE ( borrow_id=773 )  [ RunTime:0.0000s ]
SQL: SELECT * FROM `lzh_investor_detail` WHERE ( borrow_id=768 )  [ RunTime:0.0000s ]
SQL: SELECT * FROM `lzh_investor_detail` WHERE ( borrow_id=779 )  [ RunTime:0.0000s ]
SQL: SELECT * FROM `lzh_investor_detail` WHERE ( borrow_id=783 )  [ RunTime:0.0010s ]
SQL: SELECT * FROM `lzh_investor_detail` WHERE ( borrow_id=784 )  [ RunTime:0.0000s ]
SQL: SELECT * FROM `lzh_investor_detail` WHERE ( borrow_id=782 )  [ RunTime:0.0010s ]
SQL: SELECT * FROM `lzh_investor_detail` WHERE ( borrow_id=780 )  [ RunTime:0.0000s ]
SQL: SELECT * FROM `lzh_investor_detail` WHERE ( borrow_id=785 )  [ RunTime:0.0010s ]
SQL: SELECT * FROM `lzh_investor_detail` WHERE ( borrow_id=789 )  [ RunTime:0.0000s ]
SQL: SELECT * FROM `lzh_investor_detail` WHERE ( borrow_id=786 )  [ RunTime:0.0010s ]
SQL: SELECT * FROM `lzh_investor_detail` WHERE ( borrow_id=788 )  [ RunTime:0.0000s ]
SQL: SELECT * FROM `lzh_investor_detail` WHERE ( borrow_id=794 )  [ RunTime:0.0000s ]
SQL: SELECT * FROM `lzh_investor_detail` WHERE ( borrow_id=795 )  [ RunTime:0.0010s ]
SQL: SELECT * FROM `lzh_investor_detail` WHERE ( borrow_id=790 )  [ RunTime:0.0000s ]
SQL: SELECT * FROM `lzh_investor_detail` WHERE ( borrow_id=800 )  [ RunTime:0.0000s ]
SQL: SELECT * FROM `lzh_investor_detail` WHERE ( borrow_id=807 )  [ RunTime:0.0000s ]
SQL: SELECT * FROM `lzh_investor_detail` WHERE ( borrow_id=801 )  [ RunTime:0.0010s ]
SQL: SELECT * FROM `lzh_investor_detail` WHERE ( borrow_id=808 )  [ RunTime:0.0010s ]
SQL: SELECT * FROM `lzh_investor_detail` WHERE ( borrow_id=809 )  [ RunTime:0.0010s ]
SQL: SELECT * FROM `lzh_investor_detail` WHERE ( borrow_id=816 )  [ RunTime:0.0000s ]
SQL: SELECT * FROM `lzh_investor_detail` WHERE ( borrow_id=817 )  [ RunTime:0.0010s ]
SQL: SELECT * FROM `lzh_investor_detail` WHERE ( borrow_id=815 )  [ RunTime:0.0000s ]
SQL: SELECT * FROM `lzh_investor_detail` WHERE ( borrow_id=819 )  [ RunTime:0.0010s ]
SQL: SELECT * FROM `lzh_investor_detail` WHERE ( borrow_id=835 )  [ RunTime:0.0000s ]
SQL: SELECT * FROM `lzh_investor_detail` WHERE ( borrow_id=833 )  [ RunTime:0.0000s ]
SQL: SELECT * FROM `lzh_investor_detail` WHERE ( borrow_id=841 )  [ RunTime:0.0000s ]
SQL: SELECT * FROM `lzh_investor_detail` WHERE ( borrow_id=839 )  [ RunTime:0.0000s ]
SQL: SELECT * FROM `lzh_investor_detail` WHERE ( borrow_id=851 )  [ RunTime:0.0010s ]
SQL: SELECT * FROM `lzh_investor_detail` WHERE ( borrow_id=854 )  [ RunTime:0.0000s ]
SQL: SELECT * FROM `lzh_investor_detail` WHERE ( borrow_id=856 )  [ RunTime:0.0010s ]
SQL: SELECT * FROM `lzh_investor_detail` WHERE ( borrow_id=861 )  [ RunTime:0.0000s ]
SQL: SELECT * FROM `lzh_investor_detail` WHERE ( borrow_id=865 )  [ RunTime:0.0010s ]
SQL: SELECT * FROM `lzh_investor_detail` WHERE ( borrow_id=867 )  [ RunTime:0.0000s ]
SQL: SELECT * FROM `lzh_investor_detail` WHERE ( borrow_id=873 )  [ RunTime:0.0010s ]
SQL: SELECT * FROM `lzh_investor_detail` WHERE ( borrow_id=872 )  [ RunTime:0.0000s ]
SQL: SELECT * FROM `lzh_investor_detail` WHERE ( borrow_id=880 )  [ RunTime:0.0010s ]
SQL: SELECT * FROM `lzh_investor_detail` WHERE ( borrow_id=890 )  [ RunTime:0.0000s ]
SQL: SELECT * FROM `lzh_investor_detail` WHERE ( borrow_id=888 )  [ RunTime:0.0000s ]
SQL: SELECT * FROM `lzh_investor_detail` WHERE ( borrow_id=889 )  [ RunTime:0.0000s ]
SQL: SELECT * FROM `lzh_investor_detail` WHERE ( borrow_id=897 )  [ RunTime:0.0000s ]
SQL: SELECT * FROM `lzh_investor_detail` WHERE ( borrow_id=896 )  [ RunTime:0.0010s ]
SQL: SELECT * FROM `lzh_investor_detail` WHERE ( borrow_id=899 )  [ RunTime:0.0000s ]
SQL: SELECT * FROM `lzh_investor_detail` WHERE ( borrow_id=905 )  [ RunTime:0.0010s ]
SQL: SELECT * FROM `lzh_investor_detail` WHERE ( borrow_id=907 )  [ RunTime:0.0000s ]
SQL: SELECT * FROM `lzh_investor_detail` WHERE ( borrow_id=911 )  [ RunTime:0.0000s ]
SQL: SELECT * FROM `lzh_investor_detail` WHERE ( borrow_id=918 )  [ RunTime:0.0000s ]
SQL: SELECT * FROM `lzh_investor_detail` WHERE ( borrow_id=919 )  [ RunTime:0.0000s ]
SQL: SELECT * FROM `lzh_investor_detail` WHERE ( borrow_id=920 )  [ RunTime:0.0010s ]
SQL: SELECT * FROM `lzh_investor_detail` WHERE ( borrow_id=921 )  [ RunTime:0.0000s ]
SQL: SELECT * FROM `lzh_investor_detail` WHERE ( borrow_id=922 )  [ RunTime:0.0010s ]
SQL: SELECT * FROM `lzh_investor_detail` WHERE ( borrow_id=923 )  [ RunTime:0.0000s ]
SQL: SELECT * FROM `lzh_investor_detail` WHERE ( borrow_id=929 )  [ RunTime:0.0010s ]
SQL: SELECT * FROM `lzh_investor_detail` WHERE ( borrow_id=933 )  [ RunTime:0.0000s ]
SQL: SELECT * FROM `lzh_investor_detail` WHERE ( borrow_id=934 )  [ RunTime:0.0010s ]
SQL: SELECT * FROM `lzh_investor_detail` WHERE ( borrow_id=935 )  [ RunTime:0.0000s ]
SQL: SELECT * FROM `lzh_investor_detail` WHERE ( borrow_id=936 )  [ RunTime:0.0010s ]
SQL: SELECT * FROM `lzh_investor_detail` WHERE ( borrow_id=938 )  [ RunTime:0.0000s ]
SQL: SELECT * FROM `lzh_investor_detail` WHERE ( borrow_id=943 )  [ RunTime:0.0010s ]
SQL: SELECT * FROM `lzh_investor_detail` WHERE ( borrow_id=944 )  [ RunTime:0.0000s ]
SQL: SELECT * FROM `lzh_investor_detail` WHERE ( borrow_id=945 )  [ RunTime:0.0000s ]
SQL: SELECT * FROM `lzh_investor_detail` WHERE ( borrow_id=941 )  [ RunTime:0.0010s ]
SQL: SELECT * FROM `lzh_investor_detail` WHERE ( borrow_id=948 )  [ RunTime:0.0000s ]
SQL: SELECT * FROM `lzh_investor_detail` WHERE ( borrow_id=952 )  [ RunTime:0.0010s ]
SQL: SELECT * FROM `lzh_investor_detail` WHERE ( borrow_id=954 )  [ RunTime:0.0000s ]
SQL: SELECT * FROM `lzh_investor_detail` WHERE ( borrow_id=958 )  [ RunTime:0.0010s ]
SQL: SELECT * FROM `lzh_investor_detail` WHERE ( borrow_id=961 )  [ RunTime:0.0000s ]
SQL: SELECT * FROM `lzh_investor_detail` WHERE ( borrow_id=962 )  [ RunTime:0.0010s ]
SQL: SELECT * FROM `lzh_investor_detail` WHERE ( borrow_id=973 )  [ RunTime:0.0000s ]
SQL: SELECT * FROM `lzh_investor_detail` WHERE ( borrow_id=988 )  [ RunTime:0.0010s ]
SQL: SELECT * FROM `lzh_investor_detail` WHERE ( borrow_id=991 )  [ RunTime:0.0000s ]
SQL: SELECT * FROM `lzh_investor_detail` WHERE ( borrow_id=994 )  [ RunTime:0.0010s ]
SQL: SELECT * FROM `lzh_investor_detail` WHERE ( borrow_id=995 )  [ RunTime:0.0000s ]
SQL: SELECT * FROM `lzh_investor_detail` WHERE ( borrow_id=998 )  [ RunTime:0.0010s ]
SQL: SELECT * FROM `lzh_investor_detail` WHERE ( borrow_id=1000 )  [ RunTime:0.0000s ]
SQL: SELECT * FROM `lzh_investor_detail` WHERE ( borrow_id=1001 )  [ RunTime:0.0010s ]
SQL: SELECT * FROM `lzh_investor_detail` WHERE ( borrow_id=1003 )  [ RunTime:0.0000s ]
SQL: SELECT * FROM `lzh_investor_detail` WHERE ( borrow_id=1006 )  [ RunTime:0.0010s ]
SQL: SELECT * FROM `lzh_investor_detail` WHERE ( borrow_id=1008 )  [ RunTime:0.0000s ]
SQL: SELECT * FROM `lzh_investor_detail` WHERE ( borrow_id=1009 )  [ RunTime:0.0000s ]
SQL: SELECT * FROM `lzh_investor_detail` WHERE ( borrow_id=1013 )  [ RunTime:0.0010s ]
SQL: SELECT * FROM `lzh_investor_detail` WHERE ( borrow_id=1015 )  [ RunTime:0.0000s ]
SQL: SELECT * FROM `lzh_investor_detail` WHERE ( borrow_id=1016 )  [ RunTime:0.0010s ]
SQL: SELECT * FROM `lzh_investor_detail` WHERE ( borrow_id=1019 )  [ RunTime:0.0000s ]
SQL: SELECT * FROM `lzh_investor_detail` WHERE ( borrow_id=1022 )  [ RunTime:0.0010s ]
SQL: SELECT * FROM `lzh_investor_detail` WHERE ( borrow_id=1024 )  [ RunTime:0.0000s ]
SQL: SELECT * FROM `lzh_investor_detail` WHERE ( borrow_id=1026 )  [ RunTime:0.0010s ]
SQL: SELECT * FROM `lzh_investor_detail` WHERE ( borrow_id=1020 )  [ RunTime:0.0010s ]
SQL: SELECT * FROM `lzh_investor_detail` WHERE ( borrow_id=1032 )  [ RunTime:0.0000s ]
SQL: SELECT * FROM `lzh_investor_detail` WHERE ( borrow_id=1033 )  [ RunTime:0.0010s ]
SQL: SELECT * FROM `lzh_investor_detail` WHERE ( borrow_id=1034 )  [ RunTime:0.0000s ]
SQL: SELECT * FROM `lzh_investor_detail` WHERE ( borrow_id=1035 )  [ RunTime:0.0010s ]
SQL: SELECT * FROM `lzh_investor_detail` WHERE ( borrow_id=1038 )  [ RunTime:0.0000s ]
SQL: SELECT * FROM `lzh_investor_detail` WHERE ( borrow_id=1036 )  [ RunTime:0.0000s ]
SQL: SELECT * FROM `lzh_investor_detail` WHERE ( borrow_id=1057 )  [ RunTime:0.0010s ]
SQL: SELECT * FROM `lzh_investor_detail` WHERE ( borrow_id=1058 )  [ RunTime:0.0000s ]
SQL: SELECT * FROM `lzh_investor_detail` WHERE ( borrow_id=1050 )  [ RunTime:0.0010s ]
SQL: SELECT * FROM `lzh_investor_detail` WHERE ( borrow_id=1063 )  [ RunTime:0.0000s ]
SQL: SELECT * FROM `lzh_investor_detail` WHERE ( borrow_id=1065 )  [ RunTime:0.0010s ]
SQL: SELECT * FROM `lzh_investor_detail` WHERE ( borrow_id=1070 )  [ RunTime:0.0000s ]
SQL: SELECT * FROM `lzh_investor_detail` WHERE ( borrow_id=1071 )  [ RunTime:0.0000s ]
SQL: SELECT * FROM `lzh_investor_detail` WHERE ( borrow_id=1072 )  [ RunTime:0.0010s ]
SQL: SELECT * FROM `lzh_investor_detail` WHERE ( borrow_id=1066 )  [ RunTime:0.0000s ]
SQL: SELECT * FROM `lzh_investor_detail` WHERE ( borrow_id=1076 )  [ RunTime:0.0010s ]
SQL: SELECT * FROM `lzh_investor_detail` WHERE ( borrow_id=1075 )  [ RunTime:0.0000s ]
SQL: SELECT * FROM `lzh_investor_detail` WHERE ( borrow_id=1078 )  [ RunTime:0.0010s ]
SQL: SELECT * FROM `lzh_investor_detail` WHERE ( borrow_id=1079 )  [ RunTime:0.0000s ]
SQL: SELECT * FROM `lzh_investor_detail` WHERE ( borrow_id=1083 )  [ RunTime:0.0000s ]
SQL: SELECT * FROM `lzh_investor_detail` WHERE ( borrow_id=1086 )  [ RunTime:0.0010s ]
SQL: SELECT * FROM `lzh_investor_detail` WHERE ( borrow_id=1089 )  [ RunTime:0.0010s ]
SQL: SELECT * FROM `lzh_investor_detail` WHERE ( borrow_id=1101 )  [ RunTime:0.0010s ]
SQL: SELECT * FROM `lzh_investor_detail` WHERE ( borrow_id=1104 )  [ RunTime:0.0010s ]
SQL: SELECT * FROM `lzh_investor_detail` WHERE ( borrow_id=1110 )  [ RunTime:0.0010s ]
SQL: SELECT * FROM `lzh_investor_detail` WHERE ( borrow_id=1111 )  [ RunTime:0.0000s ]
SQL: SELECT * FROM `lzh_investor_detail` WHERE ( borrow_id=1116 )  [ RunTime:0.0010s ]
SQL: SELECT * FROM `lzh_investor_detail` WHERE ( borrow_id=1115 )  [ RunTime:0.0000s ]
SQL: SELECT * FROM `lzh_investor_detail` WHERE ( borrow_id=1112 )  [ RunTime:0.0010s ]
SQL: SELECT * FROM `lzh_investor_detail` WHERE ( borrow_id=1118 )  [ RunTime:0.0010s ]
SQL: SELECT * FROM `lzh_investor_detail` WHERE ( borrow_id=1119 )  [ RunTime:0.0000s ]
SQL: SELECT * FROM `lzh_investor_detail` WHERE ( borrow_id=1120 )  [ RunTime:0.0010s ]
SQL: SELECT * FROM `lzh_investor_detail` WHERE ( borrow_id=1121 )  [ RunTime:0.0000s ]
SQL: SELECT * FROM `lzh_investor_detail` WHERE ( borrow_id=1122 )  [ RunTime:0.0000s ]
SQL: SELECT * FROM `lzh_investor_detail` WHERE ( borrow_id=1123 )  [ RunTime:0.0010s ]
SQL: SELECT * FROM `lzh_investor_detail` WHERE ( borrow_id=1124 )  [ RunTime:0.0000s ]
SQL: SELECT * FROM `lzh_investor_detail` WHERE ( borrow_id=1125 )  [ RunTime:0.0010s ]
SQL: SELECT * FROM `lzh_investor_detail` WHERE ( borrow_id=1126 )  [ RunTime:0.0000s ]
SQL: SELECT * FROM `lzh_investor_detail` WHERE ( borrow_id=1129 )  [ RunTime:0.0010s ]
SQL: SELECT * FROM `lzh_investor_detail` WHERE ( borrow_id=1128 )  [ RunTime:0.0000s ]
SQL: SELECT * FROM `lzh_investor_detail` WHERE ( borrow_id=1127 )  [ RunTime:0.0010s ]
SQL: SELECT * FROM `lzh_investor_detail` WHERE ( borrow_id=1130 )  [ RunTime:0.0010s ]
SQL: SELECT * FROM `lzh_investor_detail` WHERE ( borrow_id=1142 )  [ RunTime:0.0000s ]
SQL: SELECT * FROM `lzh_investor_detail` WHERE ( borrow_id=1141 )  [ RunTime:0.0000s ]
SQL: SELECT * FROM `lzh_investor_detail` WHERE ( borrow_id=1169 )  [ RunTime:0.0010s ]
SQL: SELECT * FROM `lzh_investor_detail` WHERE ( borrow_id=1157 )  [ RunTime:0.0000s ]
SQL: SELECT * FROM `lzh_investor_detail` WHERE ( borrow_id=1170 )  [ RunTime:0.0000s ]
SQL: SELECT * FROM `lzh_investor_detail` WHERE ( borrow_id=1177 )  [ RunTime:0.0010s ]
SQL: SELECT * FROM `lzh_investor_detail` WHERE ( borrow_id=1178 )  [ RunTime:0.0000s ]
SQL: SELECT * FROM `lzh_investor_detail` WHERE ( borrow_id=1184 )  [ RunTime:0.0010s ]
SQL: SELECT * FROM `lzh_investor_detail` WHERE ( borrow_id=1185 )  [ RunTime:0.0000s ]
SQL: SELECT * FROM `lzh_investor_detail` WHERE ( borrow_id=1179 )  [ RunTime:0.0010s ]
SQL: SELECT * FROM `lzh_investor_detail` WHERE ( borrow_id=1189 )  [ RunTime:0.0000s ]
SQL: SELECT * FROM `lzh_investor_detail` WHERE ( borrow_id=1190 )  [ RunTime:0.0000s ]
SQL: SELECT * FROM `lzh_investor_detail` WHERE ( borrow_id=1191 )  [ RunTime:0.0010s ]
SQL: SELECT * FROM `lzh_investor_detail` WHERE ( borrow_id=1196 )  [ RunTime:0.0000s ]
SQL: SELECT * FROM `lzh_investor_detail` WHERE ( borrow_id=1205 )  [ RunTime:0.0010s ]
SQL: SELECT * FROM `lzh_investor_detail` WHERE ( borrow_id=1217 )  [ RunTime:0.0000s ]
SQL: SELECT * FROM `lzh_investor_detail` WHERE ( borrow_id=1221 )  [ RunTime:0.0000s ]
SQL: SELECT * FROM `lzh_investor_detail` WHERE ( borrow_id=1235 )  [ RunTime:0.0010s ]
SQL: SELECT * FROM `lzh_investor_detail` WHERE ( borrow_id=1236 )  [ RunTime:0.0000s ]
SQL: SELECT * FROM `lzh_investor_detail` WHERE ( borrow_id=1258 )  [ RunTime:0.0000s ]
SQL: SELECT * FROM `lzh_investor_detail` WHERE ( borrow_id=1259 )  [ RunTime:0.0000s ]
SQL: SELECT * FROM `lzh_investor_detail` WHERE ( borrow_id=1260 )  [ RunTime:0.0010s ]
SQL: SELECT * FROM `lzh_investor_detail` WHERE ( borrow_id=1261 )  [ RunTime:0.0000s ]
SQL: SELECT * FROM `lzh_investor_detail` WHERE ( borrow_id=1262 )  [ RunTime:0.0000s ]
SQL: SELECT * FROM `lzh_investor_detail` WHERE ( borrow_id=1264 )  [ RunTime:0.0010s ]
SQL: SELECT * FROM `lzh_investor_detail` WHERE ( borrow_id=1265 )  [ RunTime:0.0000s ]
SQL: SELECT * FROM `lzh_investor_detail` WHERE ( borrow_id=1263 )  [ RunTime:0.0010s ]
SQL: SELECT * FROM `lzh_investor_detail` WHERE ( borrow_id=1270 )  [ RunTime:0.0000s ]
SQL: SELECT * FROM `lzh_investor_detail` WHERE ( borrow_id=1272 )  [ RunTime:0.0010s ]
SQL: SELECT * FROM `lzh_investor_detail` WHERE ( borrow_id=1271 )  [ RunTime:0.0000s ]
SQL: SELECT * FROM `lzh_investor_detail` WHERE ( borrow_id=1278 )  [ RunTime:0.0000s ]
SQL: SELECT * FROM `lzh_investor_detail` WHERE ( borrow_id=1289 )  [ RunTime:0.0010s ]
SQL: SELECT * FROM `lzh_investor_detail` WHERE ( borrow_id=1290 )  [ RunTime:0.0000s ]
SQL: SELECT * FROM `lzh_investor_detail` WHERE ( borrow_id=1291 )  [ RunTime:0.0010s ]
SQL: SELECT * FROM `lzh_investor_detail` WHERE ( borrow_id=1294 )  [ RunTime:0.0010s ]
SQL: SELECT * FROM `lzh_investor_detail` WHERE ( borrow_id=1295 )  [ RunTime:0.0000s ]
SQL: SELECT * FROM `lzh_investor_detail` WHERE ( borrow_id=1296 )  [ RunTime:0.0010s ]
SQL: SELECT * FROM `lzh_investor_detail` WHERE ( borrow_id=1297 )  [ RunTime:0.0010s ]
SQL: SELECT * FROM `lzh_investor_detail` WHERE ( borrow_id=1317 )  [ RunTime:0.0010s ]
SQL: SELECT * FROM `lzh_investor_detail` WHERE ( borrow_id=1320 )  [ RunTime:0.0000s ]
SQL: SELECT * FROM `lzh_investor_detail` WHERE ( borrow_id=1308 )  [ RunTime:0.0000s ]
SQL: SELECT * FROM `lzh_investor_detail` WHERE ( borrow_id=1327 )  [ RunTime:0.0000s ]
SQL: SELECT * FROM `lzh_investor_detail` WHERE ( borrow_id=1328 )  [ RunTime:0.0000s ]
SQL: SELECT * FROM `lzh_investor_detail` WHERE ( borrow_id=1329 )  [ RunTime:0.0000s ]
SQL: SELECT * FROM `lzh_investor_detail` WHERE ( borrow_id=1330 )  [ RunTime:0.0010s ]
SQL: SELECT * FROM `lzh_investor_detail` WHERE ( borrow_id=1331 )  [ RunTime:0.0000s ]
SQL: SELECT * FROM `lzh_investor_detail` WHERE ( borrow_id=1326 )  [ RunTime:0.0010s ]
SQL: SELECT * FROM `lzh_investor_detail` WHERE ( borrow_id=1342 )  [ RunTime:0.0000s ]
SQL: SELECT * FROM `lzh_investor_detail` WHERE ( borrow_id=1348 )  [ RunTime:0.0010s ]
SQL: SELECT * FROM `lzh_investor_detail` WHERE ( borrow_id=1352 )  [ RunTime:0.0000s ]
SQL: SELECT * FROM `lzh_investor_detail` WHERE ( borrow_id=1354 )  [ RunTime:0.0000s ]
SQL: SELECT * FROM `lzh_investor_detail` WHERE ( borrow_id=1360 )  [ RunTime:0.0000s ]
SQL: SELECT * FROM `lzh_investor_detail` WHERE ( borrow_id=1350 )  [ RunTime:0.0000s ]
SQL: SELECT * FROM `lzh_investor_detail` WHERE ( borrow_id=1361 )  [ RunTime:0.0010s ]
SQL: SELECT * FROM `lzh_investor_detail` WHERE ( borrow_id=1355 )  [ RunTime:0.0000s ]
SQL: SELECT * FROM `lzh_investor_detail` WHERE ( borrow_id=1369 )  [ RunTime:0.0010s ]
SQL: SELECT * FROM `lzh_investor_detail` WHERE ( borrow_id=1370 )  [ RunTime:0.0000s ]
SQL: SELECT * FROM `lzh_investor_detail` WHERE ( borrow_id=1371 )  [ RunTime:0.0010s ]
SQL: SELECT * FROM `lzh_investor_detail` WHERE ( borrow_id=1373 )  [ RunTime:0.0000s ]
SQL: SELECT * FROM `lzh_investor_detail` WHERE ( borrow_id=1378 )  [ RunTime:0.0010s ]
SQL: SELECT * FROM `lzh_investor_detail` WHERE ( borrow_id=1375 )  [ RunTime:0.0010s ]
SQL: SELECT * FROM `lzh_investor_detail` WHERE ( borrow_id=1381 )  [ RunTime:0.0000s ]
SQL: SELECT * FROM `lzh_investor_detail` WHERE ( borrow_id=1382 )  [ RunTime:0.0010s ]
SQL: SELECT * FROM `lzh_investor_detail` WHERE ( borrow_id=1383 )  [ RunTime:0.0000s ]
SQL: SELECT * FROM `lzh_investor_detail` WHERE ( borrow_id=1390 )  [ RunTime:0.0010s ]
SQL: SELECT * FROM `lzh_investor_detail` WHERE ( borrow_id=1386 )  [ RunTime:0.0000s ]
SQL: SELECT * FROM `lzh_investor_detail` WHERE ( borrow_id=1392 )  [ RunTime:0.0010s ]
SQL: SELECT * FROM `lzh_investor_detail` WHERE ( borrow_id=1393 )  [ RunTime:0.0010s ]
SQL: SELECT * FROM `lzh_investor_detail` WHERE ( borrow_id=1394 )  [ RunTime:0.0000s ]
SQL: SELECT * FROM `lzh_investor_detail` WHERE ( borrow_id=1399 )  [ RunTime:0.0010s ]
SQL: SELECT * FROM `lzh_investor_detail` WHERE ( borrow_id=1400 )  [ RunTime:0.0000s ]
SQL: SELECT * FROM `lzh_investor_detail` WHERE ( borrow_id=1401 )  [ RunTime:0.0000s ]
SQL: SELECT * FROM `lzh_investor_detail` WHERE ( borrow_id=1404 )  [ RunTime:0.0000s ]
SQL: SELECT * FROM `lzh_investor_detail` WHERE ( borrow_id=1402 )  [ RunTime:0.0000s ]
SQL: SELECT * FROM `lzh_investor_detail` WHERE ( borrow_id=1405 )  [ RunTime:0.0000s ]
SQL: SELECT * FROM `lzh_investor_detail` WHERE ( borrow_id=1407 )  [ RunTime:0.0000s ]
SQL: SELECT * FROM `lzh_investor_detail` WHERE ( borrow_id=1410 )  [ RunTime:0.0010s ]
SQL: SELECT * FROM `lzh_investor_detail` WHERE ( borrow_id=1426 )  [ RunTime:0.0000s ]
SQL: SELECT * FROM `lzh_investor_detail` WHERE ( borrow_id=1425 )  [ RunTime:0.0010s ]
SQL: SELECT * FROM `lzh_investor_detail` WHERE ( borrow_id=1428 )  [ RunTime:0.0000s ]
SQL: SELECT * FROM `lzh_investor_detail` WHERE ( borrow_id=1427 )  [ RunTime:0.0010s ]
SQL: SELECT * FROM `lzh_investor_detail` WHERE ( borrow_id=1430 )  [ RunTime:0.0000s ]
SQL: SELECT * FROM `lzh_investor_detail` WHERE ( borrow_id=1438 )  [ RunTime:0.0000s ]
SQL: SELECT * FROM `lzh_investor_detail` WHERE ( borrow_id=1439 )  [ RunTime:0.0010s ]
SQL: SELECT * FROM `lzh_investor_detail` WHERE ( borrow_id=1440 )  [ RunTime:0.0000s ]
SQL: SELECT * FROM `lzh_investor_detail` WHERE ( borrow_id=1441 )  [ RunTime:0.0010s ]
SQL: SELECT * FROM `lzh_investor_detail` WHERE ( borrow_id=1442 )  [ RunTime:0.0000s ]
SQL: SELECT * FROM `lzh_investor_detail` WHERE ( borrow_id=1437 )  [ RunTime:0.0000s ]
SQL: SELECT * FROM `lzh_investor_detail` WHERE ( borrow_id=1444 )  [ RunTime:0.0000s ]
SQL: SELECT * FROM `lzh_investor_detail` WHERE ( borrow_id=1445 )  [ RunTime:0.0000s ]
SQL: SELECT * FROM `lzh_investor_detail` WHERE ( borrow_id=1446 )  [ RunTime:0.0000s ]
SQL: SELECT * FROM `lzh_investor_detail` WHERE ( borrow_id=1447 )  [ RunTime:0.0010s ]
SQL: SELECT * FROM `lzh_investor_detail` WHERE ( borrow_id=1449 )  [ RunTime:0.0000s ]
SQL: SELECT * FROM `lzh_investor_detail` WHERE ( borrow_id=1450 )  [ RunTime:0.0010s ]
SQL: SELECT * FROM `lzh_investor_detail` WHERE ( borrow_id=1451 )  [ RunTime:0.0000s ]
SQL: SELECT * FROM `lzh_investor_detail` WHERE ( borrow_id=1452 )  [ RunTime:0.0000s ]
SQL: SELECT * FROM `lzh_investor_detail` WHERE ( borrow_id=1453 )  [ RunTime:0.0010s ]
SQL: SELECT * FROM `lzh_investor_detail` WHERE ( borrow_id=1454 )  [ RunTime:0.0000s ]
SQL: SELECT * FROM `lzh_investor_detail` WHERE ( borrow_id=1457 )  [ RunTime:0.0010s ]
SQL: SELECT * FROM `lzh_investor_detail` WHERE ( borrow_id=1459 )  [ RunTime:0.0000s ]
SQL: SELECT * FROM `lzh_investor_detail` WHERE ( borrow_id=1460 )  [ RunTime:0.0000s ]
SQL: SELECT * FROM `lzh_investor_detail` WHERE ( borrow_id=1461 )  [ RunTime:0.0010s ]
SQL: SELECT * FROM `lzh_investor_detail` WHERE ( borrow_id=1462 )  [ RunTime:0.0000s ]
SQL: SELECT * FROM `lzh_investor_detail` WHERE ( borrow_id=1463 )  [ RunTime:0.0010s ]
SQL: SELECT * FROM `lzh_investor_detail` WHERE ( borrow_id=1465 )  [ RunTime:0.0000s ]
SQL: SELECT * FROM `lzh_investor_detail` WHERE ( borrow_id=1466 )  [ RunTime:0.0010s ]
SQL: SELECT * FROM `lzh_investor_detail` WHERE ( borrow_id=1467 )  [ RunTime:0.0000s ]
SQL: SELECT * FROM `lzh_investor_detail` WHERE ( borrow_id=1476 )  [ RunTime:0.0000s ]
SQL: SELECT * FROM `lzh_investor_detail` WHERE ( borrow_id=1479 )  [ RunTime:0.0010s ]
SQL: SELECT * FROM `lzh_investor_detail` WHERE ( borrow_id=1480 )  [ RunTime:0.0000s ]
SQL: SELECT * FROM `lzh_investor_detail` WHERE ( borrow_id=1481 )  [ RunTime:0.0000s ]
SQL: SELECT * FROM `lzh_investor_detail` WHERE ( borrow_id=1483 )  [ RunTime:0.0000s ]
SQL: SELECT * FROM `lzh_investor_detail` WHERE ( borrow_id=1485 )  [ RunTime:0.0000s ]
SQL: SELECT * FROM `lzh_investor_detail` WHERE ( borrow_id=1494 )  [ RunTime:0.0010s ]
SQL: SELECT * FROM `lzh_investor_detail` WHERE ( borrow_id=1499 )  [ RunTime:0.0000s ]
SQL: SELECT * FROM `lzh_investor_detail` WHERE ( borrow_id=1496 )  [ RunTime:0.0010s ]
SQL: SELECT * FROM `lzh_investor_detail` WHERE ( borrow_id=1498 )  [ RunTime:0.0000s ]
SQL: SELECT * FROM `lzh_investor_detail` WHERE ( borrow_id=1497 )  [ RunTime:0.0000s ]
SQL: SELECT * FROM `lzh_investor_detail` WHERE ( borrow_id=1506 )  [ RunTime:0.0000s ]
SQL: SELECT * FROM `lzh_investor_detail` WHERE ( borrow_id=1507 )  [ RunTime:0.0000s ]
SQL: SELECT * FROM `lzh_investor_detail` WHERE ( borrow_id=1517 )  [ RunTime:0.0010s ]
SQL: SELECT * FROM `lzh_investor_detail` WHERE ( borrow_id=1700 )  [ RunTime:0.0000s ]

[ 2019-04-22T15:04:36+08:00 ] ::1 /TP/home/baihang/baihang_stock
INFO: [ app_init ] --START--
INFO: Run Behavior\BuildLiteBehavior [ RunTime:0.000000s ]
INFO: [ app_init ] --END-- [ RunTime:0.000000s ]
INFO: [ app_begin ] --START--
INFO: Run Behavior\ReadHtmlCacheBehavior [ RunTime:0.001000s ]
INFO: [ app_begin ] --END-- [ RunTime:0.001000s ]
SQL: SHOW COLUMNS FROM `lzh_borrow_info` [ RunTime:0.0080s ]
SQL: SELECT COUNT(*) AS tp_count FROM lzh_borrow_info bi left join lzh_member_info as mi on mi.uid = bi.borrow_uid left join lzh_members as m on m.id = bi.borrow_uid left join lzh_zhaiquan lz on lz.zhaiquan_tid = bi.id  WHERE ( (`second_verify_time` > 1472054399) AND (`borrow_status` IN ('6','7','9')) AND (`repayment_type` = '5') ) AND `cell_phone` <> '' ORDER BY second_verify_time LIMIT 1   [ RunTime:1.4091s ]

[ 2019-04-22T15:05:39+08:00 ] ::1 /TP/home/baihang/baihang_stock
INFO: [ app_init ] --START--
INFO: Run Behavior\BuildLiteBehavior [ RunTime:0.000000s ]
INFO: [ app_init ] --END-- [ RunTime:0.000000s ]
INFO: [ app_begin ] --START--
INFO: Run Behavior\ReadHtmlCacheBehavior [ RunTime:0.001000s ]
INFO: [ app_begin ] --END-- [ RunTime:0.001000s ]
SQL: SHOW COLUMNS FROM `lzh_borrow_info` [ RunTime:0.0070s ]
SQL: SELECT `real_name`,`add_time`,mi.idcard,`cell_phone`,`first_verify_time`,m.reg_time,bi.second_verify_time,bi.deadline,bi.borrow_money,`repayment_type`,bi.borrow_duration,`borrow_uid`,bi.id borrow_id,lz.borrow_type FROM lzh_borrow_info bi left join lzh_member_info as mi on mi.uid = bi.borrow_uid left join lzh_members as m on m.id = bi.borrow_uid left join lzh_zhaiquan lz on lz.zhaiquan_tid = bi.id  WHERE ( (`second_verify_time` > 1472054399) AND (`borrow_status` IN ('6','7','9')) AND (`repayment_type` = '5') ) AND `cell_phone` <> '' ORDER BY second_verify_time  [ RunTime:0.9531s ]

[ 2019-04-22T15:07:29+08:00 ] ::1 /TP/home/baihang/baihang_stock
INFO: [ app_init ] --START--
INFO: Run Behavior\BuildLiteBehavior [ RunTime:0.000000s ]
INFO: [ app_init ] --END-- [ RunTime:0.000000s ]
INFO: [ app_begin ] --START--
INFO: Run Behavior\ReadHtmlCacheBehavior [ RunTime:0.000000s ]
INFO: [ app_begin ] --END-- [ RunTime:0.000000s ]
SQL: SHOW COLUMNS FROM `lzh_borrow_info` [ RunTime:0.0060s ]
SQL: SELECT `real_name`,`add_time`,mi.idcard,`cell_phone`,`first_verify_time`,m.reg_time,bi.second_verify_time,bi.deadline,bi.borrow_money,`repayment_type`,bi.borrow_duration,`borrow_uid`,bi.id borrow_id,lz.borrow_type FROM lzh_borrow_info bi left join lzh_member_info as mi on mi.uid = bi.borrow_uid left join lzh_members as m on m.id = bi.borrow_uid left join lzh_zhaiquan lz on lz.zhaiquan_tid = bi.id  WHERE ( (`second_verify_time` > 1472054399) AND (`borrow_status` IN ('6','7','9')) AND (`repayment_type` = '5') AND (`borrow_duration` > 12) ) AND `cell_phone` <> '' ORDER BY second_verify_time  [ RunTime:0.2040s ]

