[ 2019-08-23T13:58:50+08:00 ] ::1 /TP/
INFO: [ app_init ] --START--
INFO: Run Behavior\BuildLiteBehavior [ RunTime:0.000000s ]
INFO: [ app_init ] --END-- [ RunTime:0.002000s ]
INFO: [ app_begin ] --START--
INFO: Run Behavior\ReadHtmlCacheBehavior [ RunTime:0.001001s ]
INFO: [ app_begin ] --END-- [ RunTime:0.001001s ]
SQL: SHOW COLUMNS FROM `product` [ RunTime:0.0260s ]
SQL: SELECT COUNT(*) AS tp_count FROM `product` LIMIT 1   [ RunTime:0.0010s ]
SQL: SELECT `id`,`sort`,`pid`,`name`,`price`,`img`,`desc`,`status`,`add_time`,`stock`,`last_time` FROM `product` LIMIT 0,12   [ RunTime:0.0050s ]
INFO: [ view_parse ] --START--
INFO: [ template_filter ] --START--
INFO: Run Behavior\ContentReplaceBehavior [ RunTime:0.000000s ]
INFO: [ template_filter ] --END-- [ RunTime:0.000000s ]
NOTIC: [8] Undefined index: user D:\wwwroot\TP\Application\Runtime\Cache\Home\0d6509e863112dc5821b22ecb897e16e.php 第 106 行.
NOTIC: [8] Undefined index: shop D:\wwwroot\TP\Application\Runtime\Cache\Home\0d6509e863112dc5821b22ecb897e16e.php 第 120 行.
INFO: Run Behavior\ParseTemplateBehavior [ RunTime:0.052003s ]
INFO: [ view_parse ] --END-- [ RunTime:0.052003s ]
INFO: [ view_filter ] --START--
INFO: Run Behavior\WriteHtmlCacheBehavior [ RunTime:0.000000s ]
INFO: [ view_filter ] --END-- [ RunTime:0.001000s ]

[ 2019-08-23T13:59:11+08:00 ] ::1 /TP/home/text/search
INFO: [ app_init ] --START--
INFO: Run Behavior\BuildLiteBehavior [ RunTime:0.000000s ]
INFO: [ app_init ] --END-- [ RunTime:0.000000s ]
INFO: [ app_begin ] --START--
INFO: Run Behavior\ReadHtmlCacheBehavior [ RunTime:0.000000s ]
INFO: [ app_begin ] --END-- [ RunTime:0.000000s ]
SQL: SHOW COLUMNS FROM `lzh_investor_detail` [ RunTime:0.2520s ]
SQL: SELECT DISTINCT  FROM_UNIXTIME(repayment_time,'%Y-%m-%d') as repayment_time,SUM(receive_interest) as interest,`sort_order`,SUM(receive_capital) as capital FROM `lzh_investor_detail` WHERE ( borrow_id=1227 ) GROUP BY sort_order  [ RunTime:0.0110s ]

[ 2019-08-23T14:01:11+08:00 ] ::1 /TP/home/text/search
INFO: [ app_init ] --START--
INFO: Run Behavior\BuildLiteBehavior [ RunTime:0.000000s ]
INFO: [ app_init ] --END-- [ RunTime:0.001000s ]
INFO: [ app_begin ] --START--
INFO: Run Behavior\ReadHtmlCacheBehavior [ RunTime:0.000000s ]
INFO: [ app_begin ] --END-- [ RunTime:0.000000s ]
SQL: SHOW COLUMNS FROM `lzh_investor_detail` [ RunTime:0.0040s ]
SQL: SELECT DISTINCT  FROM_UNIXTIME(repayment_time,'%Y-%m-%d') as repayment_time,SUM(receive_interest) as interest,`sort_order`,SUM(receive_capital) as capital FROM `lzh_investor_detail` WHERE ( borrow_id=1227 ) GROUP BY sort_order  [ RunTime:0.0010s ]

[ 2019-08-23T14:03:16+08:00 ] ::1 /TP/home/text/search
INFO: [ app_init ] --START--
INFO: Run Behavior\BuildLiteBehavior [ RunTime:0.000000s ]
INFO: [ app_init ] --END-- [ RunTime:0.000000s ]
INFO: [ app_begin ] --START--
INFO: Run Behavior\ReadHtmlCacheBehavior [ RunTime:0.000000s ]
INFO: [ app_begin ] --END-- [ RunTime:0.000000s ]
SQL: SHOW COLUMNS FROM `lzh_investor_detail` [ RunTime:0.0040s ]
SQL: SELECT DISTINCT  FROM_UNIXTIME(repayment_time,'%Y-%m-%d') as repayment_time,SUM(receive_interest) as interest,`sort_order`,SUM(receive_capital) as capital FROM `lzh_investor_detail` WHERE ( borrow_id=1227 ) GROUP BY sort_order  [ RunTime:0.0000s ]

[ 2019-08-23T14:03:52+08:00 ] ::1 /TP/home/text/search
INFO: [ app_init ] --START--
INFO: Run Behavior\BuildLiteBehavior [ RunTime:0.000000s ]
INFO: [ app_init ] --END-- [ RunTime:0.001000s ]
INFO: [ app_begin ] --START--
INFO: Run Behavior\ReadHtmlCacheBehavior [ RunTime:0.001001s ]
INFO: [ app_begin ] --END-- [ RunTime:0.001001s ]
SQL: SHOW COLUMNS FROM `lzh_investor_detail` [ RunTime:0.0040s ]
ERR: 1064:You have an error in your SQL syntax; check the manual that corresponds to your MySQL server version for the right syntax to use near '\'%Y-%m-%d\') as repayment_time' at line 1
 [ SQL语句 ] : SELECT DISTINCT  FROM_UNIXTIME(repayment_time,'%Y-%m-%d') as repayment_time,SUM(receive_interest) as interest,`sort_order`,SUM(receive_capital) as capital FROM `lzh_investor_detail` WHERE ( borrow_id=1227 ) GROUP BY FROM_UNIXTIME(repayment_time,\'%Y-%m-%d\') as repayment_time 
ERR: 1064:You have an error in your SQL syntax; check the manual that corresponds to your MySQL server version for the right syntax to use near '\'%Y-%m-%d\') as repayment_time' at line 1
 [ SQL语句 ] : SELECT DISTINCT  FROM_UNIXTIME(repayment_time,'%Y-%m-%d') as repayment_time,SUM(receive_interest) as interest,`sort_order`,SUM(receive_capital) as capital FROM `lzh_investor_detail` WHERE ( borrow_id=1227 ) GROUP BY FROM_UNIXTIME(repayment_time,\'%Y-%m-%d\') as repayment_time 

[ 2019-08-23T14:04:03+08:00 ] ::1 /TP/home/text/search
INFO: [ app_init ] --START--
INFO: Run Behavior\BuildLiteBehavior [ RunTime:0.000000s ]
INFO: [ app_init ] --END-- [ RunTime:0.000000s ]
INFO: [ app_begin ] --START--
INFO: Run Behavior\ReadHtmlCacheBehavior [ RunTime:0.000000s ]
INFO: [ app_begin ] --END-- [ RunTime:0.000000s ]
SQL: SHOW COLUMNS FROM `lzh_investor_detail` [ RunTime:0.0050s ]
ERR: 1064:You have an error in your SQL syntax; check the manual that corresponds to your MySQL server version for the right syntax to use near 'as repayment_time' at line 1
 [ SQL语句 ] : SELECT DISTINCT  FROM_UNIXTIME(repayment_time,'%Y-%m-%d') as repayment_time,SUM(receive_interest) as interest,`sort_order`,SUM(receive_capital) as capital FROM `lzh_investor_detail` WHERE ( borrow_id=1227 ) GROUP BY FROM_UNIXTIME(repayment_time,'%Y-%m-%d') as repayment_time 
ERR: 1064:You have an error in your SQL syntax; check the manual that corresponds to your MySQL server version for the right syntax to use near 'as repayment_time' at line 1
 [ SQL语句 ] : SELECT DISTINCT  FROM_UNIXTIME(repayment_time,'%Y-%m-%d') as repayment_time,SUM(receive_interest) as interest,`sort_order`,SUM(receive_capital) as capital FROM `lzh_investor_detail` WHERE ( borrow_id=1227 ) GROUP BY FROM_UNIXTIME(repayment_time,'%Y-%m-%d') as repayment_time 

[ 2019-08-23T14:04:19+08:00 ] ::1 /TP/home/text/search
INFO: [ app_init ] --START--
INFO: Run Behavior\BuildLiteBehavior [ RunTime:0.000000s ]
INFO: [ app_init ] --END-- [ RunTime:0.000000s ]
INFO: [ app_begin ] --START--
INFO: Run Behavior\ReadHtmlCacheBehavior [ RunTime:0.000000s ]
INFO: [ app_begin ] --END-- [ RunTime:0.000000s ]
SQL: SHOW COLUMNS FROM `lzh_investor_detail` [ RunTime:0.0040s ]
SQL: SELECT DISTINCT  FROM_UNIXTIME(repayment_time,'%Y-%m-%d') as repayment_time,SUM(receive_interest) as interest,`sort_order`,SUM(receive_capital) as capital FROM `lzh_investor_detail` WHERE ( borrow_id=1227 ) GROUP BY FROM_UNIXTIME(repayment_time,'%Y-%m-%d')  [ RunTime:0.0010s ]

