[ 2019-04-16T15:29:29+08:00 ] ::1 /TP/
INFO: [ app_init ] --START--
INFO: Run Behavior\BuildLiteBehavior [ RunTime:0.000000s ]
INFO: [ app_init ] --END-- [ RunTime:0.000000s ]
INFO: [ app_begin ] --START--
INFO: Run Behavior\ReadHtmlCacheBehavior [ RunTime:0.001000s ]
INFO: [ app_begin ] --END-- [ RunTime:0.001000s ]
SQL: SHOW COLUMNS FROM `lzh_borrow_info` [ RunTime:0.1030s ]
SQL: SELECT * FROM lzh_borrow_info bi WHERE bi.id = 1834  [ RunTime:0.0010s ]
SQL: SHOW COLUMNS FROM `lzh_investor_detail` [ RunTime:0.2210s ]
SQL: SELECT * FROM `lzh_investor_detail` WHERE ( borrow_id=1834 )  [ RunTime:0.0040s ]
NOTIC: [8] Undefined variable: new D:\wwwroot\TP\Application\Home\Controller\IndexController.class.php 第 75 行.
NOTIC: [2] array_unique() expects parameter 1 to be array, null given D:\wwwroot\TP\Application\Home\Controller\IndexController.class.php 第 75 行.
NOTIC: [2] array_unique() expects parameter 1 to be array, null given D:\wwwroot\TP\Application\Home\Controller\IndexController.class.php 第 75 行.
NOTIC: [2] array_unique() expects parameter 1 to be array, null given D:\wwwroot\TP\Application\Home\Controller\IndexController.class.php 第 75 行.
NOTIC: [2] array_unique() expects parameter 1 to be array, null given D:\wwwroot\TP\Application\Home\Controller\IndexController.class.php 第 75 行.
NOTIC: [2] array_unique() expects parameter 1 to be array, null given D:\wwwroot\TP\Application\Home\Controller\IndexController.class.php 第 75 行.
NOTIC: [2] array_unique() expects parameter 1 to be array, null given D:\wwwroot\TP\Application\Home\Controller\IndexController.class.php 第 75 行.
NOTIC: [2] array_unique() expects parameter 1 to be array, null given D:\wwwroot\TP\Application\Home\Controller\IndexController.class.php 第 75 行.
NOTIC: [2] array_unique() expects parameter 1 to be array, null given D:\wwwroot\TP\Application\Home\Controller\IndexController.class.php 第 75 行.
NOTIC: [2] array_unique() expects parameter 1 to be array, null given D:\wwwroot\TP\Application\Home\Controller\IndexController.class.php 第 75 行.
NOTIC: [2] array_unique() expects parameter 1 to be array, null given D:\wwwroot\TP\Application\Home\Controller\IndexController.class.php 第 75 行.
NOTIC: [2] array_unique() expects parameter 1 to be array, null given D:\wwwroot\TP\Application\Home\Controller\IndexController.class.php 第 75 行.
NOTIC: [2] array_unique() expects parameter 1 to be array, null given D:\wwwroot\TP\Application\Home\Controller\IndexController.class.php 第 75 行.
NOTIC: [2] array_unique() expects parameter 1 to be array, null given D:\wwwroot\TP\Application\Home\Controller\IndexController.class.php 第 75 行.
NOTIC: [2] array_unique() expects parameter 1 to be array, null given D:\wwwroot\TP\Application\Home\Controller\IndexController.class.php 第 75 行.
NOTIC: [2] array_unique() expects parameter 1 to be array, null given D:\wwwroot\TP\Application\Home\Controller\IndexController.class.php 第 75 行.
NOTIC: [2] array_unique() expects parameter 1 to be array, null given D:\wwwroot\TP\Application\Home\Controller\IndexController.class.php 第 75 行.
NOTIC: [2] array_unique() expects parameter 1 to be array, null given D:\wwwroot\TP\Application\Home\Controller\IndexController.class.php 第 75 行.
NOTIC: [2] array_unique() expects parameter 1 to be array, null given D:\wwwroot\TP\Application\Home\Controller\IndexController.class.php 第 75 行.
NOTIC: [2] array_unique() expects parameter 1 to be array, null given D:\wwwroot\TP\Application\Home\Controller\IndexController.class.php 第 75 行.
NOTIC: [2] array_unique() expects parameter 1 to be array, null given D:\wwwroot\TP\Application\Home\Controller\IndexController.class.php 第 75 行.
NOTIC: [2] array_unique() expects parameter 1 to be array, null given D:\wwwroot\TP\Application\Home\Controller\IndexController.class.php 第 75 行.
NOTIC: [2] array_unique() expects parameter 1 to be array, null given D:\wwwroot\TP\Application\Home\Controller\IndexController.class.php 第 75 行.
NOTIC: [2] array_unique() expects parameter 1 to be array, null given D:\wwwroot\TP\Application\Home\Controller\IndexController.class.php 第 75 行.
NOTIC: [2] array_unique() expects parameter 1 to be array, null given D:\wwwroot\TP\Application\Home\Controller\IndexController.class.php 第 75 行.
NOTIC: [2] array_unique() expects parameter 1 to be array, null given D:\wwwroot\TP\Application\Home\Controller\IndexController.class.php 第 75 行.
NOTIC: [2] array_unique() expects parameter 1 to be array, null given D:\wwwroot\TP\Application\Home\Controller\IndexController.class.php 第 75 行.
NOTIC: [2] array_unique() expects parameter 1 to be array, null given D:\wwwroot\TP\Application\Home\Controller\IndexController.class.php 第 75 行.
NOTIC: [2] array_unique() expects parameter 1 to be array, null given D:\wwwroot\TP\Application\Home\Controller\IndexController.class.php 第 75 行.
NOTIC: [2] array_unique() expects parameter 1 to be array, null given D:\wwwroot\TP\Application\Home\Controller\IndexController.class.php 第 75 行.
NOTIC: [2] array_unique() expects parameter 1 to be array, null given D:\wwwroot\TP\Application\Home\Controller\IndexController.class.php 第 75 行.
NOTIC: [2] array_unique() expects parameter 1 to be array, null given D:\wwwroot\TP\Application\Home\Controller\IndexController.class.php 第 75 行.
NOTIC: [2] array_unique() expects parameter 1 to be array, null given D:\wwwroot\TP\Application\Home\Controller\IndexController.class.php 第 75 行.
NOTIC: [2] array_unique() expects parameter 1 to be array, null given D:\wwwroot\TP\Application\Home\Controller\IndexController.class.php 第 75 行.
NOTIC: [2] array_unique() expects parameter 1 to be array, null given D:\wwwroot\TP\Application\Home\Controller\IndexController.class.php 第 75 行.
NOTIC: [2] array_unique() expects parameter 1 to be array, null given D:\wwwroot\TP\Application\Home\Controller\IndexController.class.php 第 75 行.
NOTIC: [2] array_unique() expects parameter 1 to be array, null given D:\wwwroot\TP\Application\Home\Controller\IndexController.class.php 第 75 行.
NOTIC: [2] array_unique() expects parameter 1 to be array, null given D:\wwwroot\TP\Application\Home\Controller\IndexController.class.php 第 75 行.
NOTIC: [2] array_unique() expects parameter 1 to be array, null given D:\wwwroot\TP\Application\Home\Controller\IndexController.class.php 第 75 行.
NOTIC: [2] array_unique() expects parameter 1 to be array, null given D:\wwwroot\TP\Application\Home\Controller\IndexController.class.php 第 75 行.
NOTIC: [2] array_unique() expects parameter 1 to be array, null given D:\wwwroot\TP\Application\Home\Controller\IndexController.class.php 第 75 行.
NOTIC: [2] array_unique() expects parameter 1 to be array, null given D:\wwwroot\TP\Application\Home\Controller\IndexController.class.php 第 75 行.
NOTIC: [2] array_unique() expects parameter 1 to be array, null given D:\wwwroot\TP\Application\Home\Controller\IndexController.class.php 第 75 行.
NOTIC: [2] array_unique() expects parameter 1 to be array, null given D:\wwwroot\TP\Application\Home\Controller\IndexController.class.php 第 75 行.
NOTIC: [2] array_unique() expects parameter 1 to be array, null given D:\wwwroot\TP\Application\Home\Controller\IndexController.class.php 第 75 行.
NOTIC: [2] array_unique() expects parameter 1 to be array, null given D:\wwwroot\TP\Application\Home\Controller\IndexController.class.php 第 75 行.
NOTIC: [2] array_unique() expects parameter 1 to be array, null given D:\wwwroot\TP\Application\Home\Controller\IndexController.class.php 第 75 行.
NOTIC: [2] array_unique() expects parameter 1 to be array, null given D:\wwwroot\TP\Application\Home\Controller\IndexController.class.php 第 75 行.
NOTIC: [2] array_unique() expects parameter 1 to be array, null given D:\wwwroot\TP\Application\Home\Controller\IndexController.class.php 第 75 行.
NOTIC: [2] array_unique() expects parameter 1 to be array, null given D:\wwwroot\TP\Application\Home\Controller\IndexController.class.php 第 75 行.
NOTIC: [2] array_unique() expects parameter 1 to be array, null given D:\wwwroot\TP\Application\Home\Controller\IndexController.class.php 第 75 行.
NOTIC: [2] array_unique() expects parameter 1 to be array, null given D:\wwwroot\TP\Application\Home\Controller\IndexController.class.php 第 75 行.
NOTIC: [2] array_unique() expects parameter 1 to be array, null given D:\wwwroot\TP\Application\Home\Controller\IndexController.class.php 第 75 行.
NOTIC: [2] array_unique() expects parameter 1 to be array, null given D:\wwwroot\TP\Application\Home\Controller\IndexController.class.php 第 75 行.
NOTIC: [2] array_unique() expects parameter 1 to be array, null given D:\wwwroot\TP\Application\Home\Controller\IndexController.class.php 第 75 行.
NOTIC: [2] array_unique() expects parameter 1 to be array, null given D:\wwwroot\TP\Application\Home\Controller\IndexController.class.php 第 75 行.
NOTIC: [2] array_unique() expects parameter 1 to be array, null given D:\wwwroot\TP\Application\Home\Controller\IndexController.class.php 第 75 行.
NOTIC: [2] array_unique() expects parameter 1 to be array, null given D:\wwwroot\TP\Application\Home\Controller\IndexController.class.php 第 75 行.
NOTIC: [2] array_unique() expects parameter 1 to be array, null given D:\wwwroot\TP\Application\Home\Controller\IndexController.class.php 第 75 行.
NOTIC: [2] array_unique() expects parameter 1 to be array, null given D:\wwwroot\TP\Application\Home\Controller\IndexController.class.php 第 75 行.
NOTIC: [2] array_unique() expects parameter 1 to be array, null given D:\wwwroot\TP\Application\Home\Controller\IndexController.class.php 第 75 行.
NOTIC: [2] array_unique() expects parameter 1 to be array, null given D:\wwwroot\TP\Application\Home\Controller\IndexController.class.php 第 75 行.
NOTIC: [2] array_unique() expects parameter 1 to be array, null given D:\wwwroot\TP\Application\Home\Controller\IndexController.class.php 第 75 行.
NOTIC: [2] array_unique() expects parameter 1 to be array, null given D:\wwwroot\TP\Application\Home\Controller\IndexController.class.php 第 75 行.
NOTIC: [2] array_unique() expects parameter 1 to be array, null given D:\wwwroot\TP\Application\Home\Controller\IndexController.class.php 第 75 行.
NOTIC: [2] array_unique() expects parameter 1 to be array, null given D:\wwwroot\TP\Application\Home\Controller\IndexController.class.php 第 75 行.
NOTIC: [2] array_unique() expects parameter 1 to be array, null given D:\wwwroot\TP\Application\Home\Controller\IndexController.class.php 第 75 行.
NOTIC: [2] array_unique() expects parameter 1 to be array, null given D:\wwwroot\TP\Application\Home\Controller\IndexController.class.php 第 75 行.
NOTIC: [2] array_unique() expects parameter 1 to be array, null given D:\wwwroot\TP\Application\Home\Controller\IndexController.class.php 第 75 行.
NOTIC: [2] array_unique() expects parameter 1 to be array, null given D:\wwwroot\TP\Application\Home\Controller\IndexController.class.php 第 75 行.
NOTIC: [2] array_unique() expects parameter 1 to be array, null given D:\wwwroot\TP\Application\Home\Controller\IndexController.class.php 第 75 行.
NOTIC: [2] array_unique() expects parameter 1 to be array, null given D:\wwwroot\TP\Application\Home\Controller\IndexController.class.php 第 75 行.
NOTIC: [2] array_unique() expects parameter 1 to be array, null given D:\wwwroot\TP\Application\Home\Controller\IndexController.class.php 第 75 行.
NOTIC: [2] array_unique() expects parameter 1 to be array, null given D:\wwwroot\TP\Application\Home\Controller\IndexController.class.php 第 75 行.
NOTIC: [2] array_unique() expects parameter 1 to be array, null given D:\wwwroot\TP\Application\Home\Controller\IndexController.class.php 第 75 行.
NOTIC: [2] array_unique() expects parameter 1 to be array, null given D:\wwwroot\TP\Application\Home\Controller\IndexController.class.php 第 75 行.
NOTIC: [2] array_unique() expects parameter 1 to be array, null given D:\wwwroot\TP\Application\Home\Controller\IndexController.class.php 第 75 行.
NOTIC: [2] array_unique() expects parameter 1 to be array, null given D:\wwwroot\TP\Application\Home\Controller\IndexController.class.php 第 75 行.
NOTIC: [2] array_unique() expects parameter 1 to be array, null given D:\wwwroot\TP\Application\Home\Controller\IndexController.class.php 第 75 行.
NOTIC: [2] array_unique() expects parameter 1 to be array, null given D:\wwwroot\TP\Application\Home\Controller\IndexController.class.php 第 75 行.
NOTIC: [2] array_unique() expects parameter 1 to be array, null given D:\wwwroot\TP\Application\Home\Controller\IndexController.class.php 第 75 行.
NOTIC: [2] array_unique() expects parameter 1 to be array, null given D:\wwwroot\TP\Application\Home\Controller\IndexController.class.php 第 75 行.
NOTIC: [2] array_unique() expects parameter 1 to be array, null given D:\wwwroot\TP\Application\Home\Controller\IndexController.class.php 第 75 行.
NOTIC: [2] array_unique() expects parameter 1 to be array, null given D:\wwwroot\TP\Application\Home\Controller\IndexController.class.php 第 75 行.
NOTIC: [2] array_unique() expects parameter 1 to be array, null given D:\wwwroot\TP\Application\Home\Controller\IndexController.class.php 第 75 行.
NOTIC: [2] array_unique() expects parameter 1 to be array, null given D:\wwwroot\TP\Application\Home\Controller\IndexController.class.php 第 75 行.
NOTIC: [2] array_unique() expects parameter 1 to be array, null given D:\wwwroot\TP\Application\Home\Controller\IndexController.class.php 第 75 行.
NOTIC: [2] array_unique() expects parameter 1 to be array, null given D:\wwwroot\TP\Application\Home\Controller\IndexController.class.php 第 75 行.
NOTIC: [2] array_unique() expects parameter 1 to be array, null given D:\wwwroot\TP\Application\Home\Controller\IndexController.class.php 第 75 行.
NOTIC: [2] array_unique() expects parameter 1 to be array, null given D:\wwwroot\TP\Application\Home\Controller\IndexController.class.php 第 75 行.
NOTIC: [2] array_unique() expects parameter 1 to be array, null given D:\wwwroot\TP\Application\Home\Controller\IndexController.class.php 第 75 行.
NOTIC: [2] array_unique() expects parameter 1 to be array, null given D:\wwwroot\TP\Application\Home\Controller\IndexController.class.php 第 75 行.
NOTIC: [2] array_unique() expects parameter 1 to be array, null given D:\wwwroot\TP\Application\Home\Controller\IndexController.class.php 第 75 行.
NOTIC: [2] array_unique() expects parameter 1 to be array, null given D:\wwwroot\TP\Application\Home\Controller\IndexController.class.php 第 75 行.
NOTIC: [2] array_unique() expects parameter 1 to be array, null given D:\wwwroot\TP\Application\Home\Controller\IndexController.class.php 第 75 行.
NOTIC: [2] array_unique() expects parameter 1 to be array, null given D:\wwwroot\TP\Application\Home\Controller\IndexController.class.php 第 75 行.
NOTIC: [2] array_unique() expects parameter 1 to be array, null given D:\wwwroot\TP\Application\Home\Controller\IndexController.class.php 第 75 行.
NOTIC: [2] array_unique() expects parameter 1 to be array, null given D:\wwwroot\TP\Application\Home\Controller\IndexController.class.php 第 75 行.
NOTIC: [2] array_unique() expects parameter 1 to be array, null given D:\wwwroot\TP\Application\Home\Controller\IndexController.class.php 第 75 行.
NOTIC: [2] array_unique() expects parameter 1 to be array, null given D:\wwwroot\TP\Application\Home\Controller\IndexController.class.php 第 75 行.
NOTIC: [2] array_unique() expects parameter 1 to be array, null given D:\wwwroot\TP\Application\Home\Controller\IndexController.class.php 第 75 行.
NOTIC: [2] array_unique() expects parameter 1 to be array, null given D:\wwwroot\TP\Application\Home\Controller\IndexController.class.php 第 75 行.
NOTIC: [2] array_unique() expects parameter 1 to be array, null given D:\wwwroot\TP\Application\Home\Controller\IndexController.class.php 第 75 行.
NOTIC: [2] array_unique() expects parameter 1 to be array, null given D:\wwwroot\TP\Application\Home\Controller\IndexController.class.php 第 75 行.
NOTIC: [2] array_unique() expects parameter 1 to be array, null given D:\wwwroot\TP\Application\Home\Controller\IndexController.class.php 第 75 行.
NOTIC: [2] array_unique() expects parameter 1 to be array, null given D:\wwwroot\TP\Application\Home\Controller\IndexController.class.php 第 75 行.
NOTIC: [2] array_unique() expects parameter 1 to be array, null given D:\wwwroot\TP\Application\Home\Controller\IndexController.class.php 第 75 行.
NOTIC: [2] array_unique() expects parameter 1 to be array, null given D:\wwwroot\TP\Application\Home\Controller\IndexController.class.php 第 75 行.
NOTIC: [2] array_unique() expects parameter 1 to be array, null given D:\wwwroot\TP\Application\Home\Controller\IndexController.class.php 第 75 行.
NOTIC: [2] array_unique() expects parameter 1 to be array, null given D:\wwwroot\TP\Application\Home\Controller\IndexController.class.php 第 75 行.
NOTIC: [2] array_unique() expects parameter 1 to be array, null given D:\wwwroot\TP\Application\Home\Controller\IndexController.class.php 第 75 行.
NOTIC: [2] array_unique() expects parameter 1 to be array, null given D:\wwwroot\TP\Application\Home\Controller\IndexController.class.php 第 75 行.
NOTIC: [2] array_unique() expects parameter 1 to be array, null given D:\wwwroot\TP\Application\Home\Controller\IndexController.class.php 第 75 行.
NOTIC: [2] array_unique() expects parameter 1 to be array, null given D:\wwwroot\TP\Application\Home\Controller\IndexController.class.php 第 75 行.
NOTIC: [2] array_unique() expects parameter 1 to be array, null given D:\wwwroot\TP\Application\Home\Controller\IndexController.class.php 第 75 行.
NOTIC: [2] array_unique() expects parameter 1 to be array, null given D:\wwwroot\TP\Application\Home\Controller\IndexController.class.php 第 75 行.
NOTIC: [2] array_unique() expects parameter 1 to be array, null given D:\wwwroot\TP\Application\Home\Controller\IndexController.class.php 第 75 行.
NOTIC: [2] array_unique() expects parameter 1 to be array, null given D:\wwwroot\TP\Application\Home\Controller\IndexController.class.php 第 75 行.
NOTIC: [2] array_unique() expects parameter 1 to be array, null given D:\wwwroot\TP\Application\Home\Controller\IndexController.class.php 第 75 行.
NOTIC: [2] array_unique() expects parameter 1 to be array, null given D:\wwwroot\TP\Application\Home\Controller\IndexController.class.php 第 75 行.
NOTIC: [2] array_unique() expects parameter 1 to be array, null given D:\wwwroot\TP\Application\Home\Controller\IndexController.class.php 第 75 行.
NOTIC: [2] array_unique() expects parameter 1 to be array, null given D:\wwwroot\TP\Application\Home\Controller\IndexController.class.php 第 75 行.
NOTIC: [2] array_unique() expects parameter 1 to be array, null given D:\wwwroot\TP\Application\Home\Controller\IndexController.class.php 第 75 行.
NOTIC: [2] array_unique() expects parameter 1 to be array, null given D:\wwwroot\TP\Application\Home\Controller\IndexController.class.php 第 75 行.
NOTIC: [2] array_unique() expects parameter 1 to be array, null given D:\wwwroot\TP\Application\Home\Controller\IndexController.class.php 第 75 行.
NOTIC: [2] array_unique() expects parameter 1 to be array, null given D:\wwwroot\TP\Application\Home\Controller\IndexController.class.php 第 75 行.
NOTIC: [2] array_unique() expects parameter 1 to be array, null given D:\wwwroot\TP\Application\Home\Controller\IndexController.class.php 第 75 行.
NOTIC: [2] array_unique() expects parameter 1 to be array, null given D:\wwwroot\TP\Application\Home\Controller\IndexController.class.php 第 75 行.
NOTIC: [2] array_unique() expects parameter 1 to be array, null given D:\wwwroot\TP\Application\Home\Controller\IndexController.class.php 第 75 行.
NOTIC: [2] array_unique() expects parameter 1 to be array, null given D:\wwwroot\TP\Application\Home\Controller\IndexController.class.php 第 75 行.
NOTIC: [2] array_unique() expects parameter 1 to be array, null given D:\wwwroot\TP\Application\Home\Controller\IndexController.class.php 第 75 行.
NOTIC: [2] array_unique() expects parameter 1 to be array, null given D:\wwwroot\TP\Application\Home\Controller\IndexController.class.php 第 75 行.
NOTIC: [2] array_unique() expects parameter 1 to be array, null given D:\wwwroot\TP\Application\Home\Controller\IndexController.class.php 第 75 行.
NOTIC: [2] array_unique() expects parameter 1 to be array, null given D:\wwwroot\TP\Application\Home\Controller\IndexController.class.php 第 75 行.
NOTIC: [2] array_unique() expects parameter 1 to be array, null given D:\wwwroot\TP\Application\Home\Controller\IndexController.class.php 第 75 行.
NOTIC: [2] array_unique() expects parameter 1 to be array, null given D:\wwwroot\TP\Application\Home\Controller\IndexController.class.php 第 75 行.
NOTIC: [2] array_unique() expects parameter 1 to be array, null given D:\wwwroot\TP\Application\Home\Controller\IndexController.class.php 第 75 行.
NOTIC: [2] array_unique() expects parameter 1 to be array, null given D:\wwwroot\TP\Application\Home\Controller\IndexController.class.php 第 75 行.
NOTIC: [2] array_unique() expects parameter 1 to be array, null given D:\wwwroot\TP\Application\Home\Controller\IndexController.class.php 第 75 行.
NOTIC: [2] array_unique() expects parameter 1 to be array, null given D:\wwwroot\TP\Application\Home\Controller\IndexController.class.php 第 75 行.
NOTIC: [2] array_unique() expects parameter 1 to be array, null given D:\wwwroot\TP\Application\Home\Controller\IndexController.class.php 第 75 行.
NOTIC: [2] array_unique() expects parameter 1 to be array, null given D:\wwwroot\TP\Application\Home\Controller\IndexController.class.php 第 75 行.
NOTIC: [2] array_unique() expects parameter 1 to be array, null given D:\wwwroot\TP\Application\Home\Controller\IndexController.class.php 第 75 行.
NOTIC: [2] array_unique() expects parameter 1 to be array, null given D:\wwwroot\TP\Application\Home\Controller\IndexController.class.php 第 75 行.
NOTIC: [2] array_unique() expects parameter 1 to be array, null given D:\wwwroot\TP\Application\Home\Controller\IndexController.class.php 第 75 行.
NOTIC: [2] array_unique() expects parameter 1 to be array, null given D:\wwwroot\TP\Application\Home\Controller\IndexController.class.php 第 75 行.
NOTIC: [2] array_unique() expects parameter 1 to be array, null given D:\wwwroot\TP\Application\Home\Controller\IndexController.class.php 第 75 行.
NOTIC: [2] array_unique() expects parameter 1 to be array, null given D:\wwwroot\TP\Application\Home\Controller\IndexController.class.php 第 75 行.
NOTIC: [2] array_unique() expects parameter 1 to be array, null given D:\wwwroot\TP\Application\Home\Controller\IndexController.class.php 第 75 行.
NOTIC: [2] array_unique() expects parameter 1 to be array, null given D:\wwwroot\TP\Application\Home\Controller\IndexController.class.php 第 75 行.
NOTIC: [2] array_unique() expects parameter 1 to be array, null given D:\wwwroot\TP\Application\Home\Controller\IndexController.class.php 第 75 行.
NOTIC: [2] array_unique() expects parameter 1 to be array, null given D:\wwwroot\TP\Application\Home\Controller\IndexController.class.php 第 75 行.
NOTIC: [2] array_unique() expects parameter 1 to be array, null given D:\wwwroot\TP\Application\Home\Controller\IndexController.class.php 第 75 行.
NOTIC: [2] array_unique() expects parameter 1 to be array, null given D:\wwwroot\TP\Application\Home\Controller\IndexController.class.php 第 75 行.
NOTIC: [2] array_unique() expects parameter 1 to be array, null given D:\wwwroot\TP\Application\Home\Controller\IndexController.class.php 第 75 行.
NOTIC: [2] array_unique() expects parameter 1 to be array, null given D:\wwwroot\TP\Application\Home\Controller\IndexController.class.php 第 75 行.
NOTIC: [2] array_unique() expects parameter 1 to be array, null given D:\wwwroot\TP\Application\Home\Controller\IndexController.class.php 第 75 行.
NOTIC: [2] Invalid argument supplied for foreach() D:\wwwroot\TP\Application\Home\Controller\IndexController.class.php 第 80 行.
NOTIC: [8] Undefined variable: newss D:\wwwroot\TP\Application\Home\Controller\IndexController.class.php 第 84 行.
NOTIC: [2] Invalid argument supplied for foreach() D:\wwwroot\TP\Application\Home\Controller\IndexController.class.php 第 84 行.
NOTIC: [8] Undefined variable: new1 D:\wwwroot\TP\Application\Home\Controller\IndexController.class.php 第 89 行.
NOTIC: [8] Undefined variable: new1 D:\wwwroot\TP\Application\Home\Controller\IndexController.class.php 第 90 行.
NOTIC: [2] array_slice() expects parameter 1 to be array, null given D:\wwwroot\TP\Application\Home\Controller\IndexController.class.php 第 90 行.
NOTIC: [2] implode(): Invalid arguments passed D:\wwwroot\TP\ThinkPHP\Library\Think\Db\Driver.class.php 第 578 行.
ERR: 1064:You have an error in your SQL syntax; check the manual that corresponds to your MySQL server version for the right syntax to use near ')' at line 1
 [ SQL语句 ] : SELECT `repayment_time`,`deadline`,`id` FROM `lzh_investor_detail` WHERE `borrow_id` IN () 
ERR: 1064:You have an error in your SQL syntax; check the manual that corresponds to your MySQL server version for the right syntax to use near ')' at line 1
 [ SQL语句 ] : SELECT `repayment_time`,`deadline`,`id` FROM `lzh_investor_detail` WHERE `borrow_id` IN () 

[ 2019-04-16T15:29:43+08:00 ] ::1 /TP/home/gongxiang
INFO: [ app_init ] --START--
INFO: Run Behavior\BuildLiteBehavior [ RunTime:0.000000s ]
INFO: [ app_init ] --END-- [ RunTime:0.001000s ]
INFO: [ app_begin ] --START--
INFO: Run Behavior\ReadHtmlCacheBehavior [ RunTime:0.000000s ]
INFO: [ app_begin ] --END-- [ RunTime:0.000000s ]
ERR: 无法加载控制器:Gongxiang

[ 2019-04-16T15:30:11+08:00 ] ::1 /TP/home/GongXiang
INFO: [ app_init ] --START--
INFO: Run Behavior\BuildLiteBehavior [ RunTime:0.000000s ]
INFO: [ app_init ] --END-- [ RunTime:0.000000s ]
INFO: [ app_begin ] --START--
INFO: Run Behavior\ReadHtmlCacheBehavior [ RunTime:0.000000s ]
INFO: [ app_begin ] --END-- [ RunTime:0.000000s ]
SQL: SHOW COLUMNS FROM `lzh_borrow_info` [ RunTime:0.0100s ]
SQL: SELECT bi.id as borrow_id,`borrow_uid`,`zhaiquan_idcard`,`cell_phone`,`borrow_money`,`zhaiquan_name`,mi.real_name,mi.idcard FROM lzh_borrow_info bi left join lzh_member_info mi on mi.uid = bi.borrow_uid left join lzh_zhaiquan lz on lz.zhaiquan_tid = bi.id  WHERE ( (`second_verify_time` < 1554047999) AND (`borrow_status` = 6) ) ORDER BY second_verify_time  [ RunTime:0.5820s ]

[ 2019-04-16T15:30:42+08:00 ] ::1 /TP/home/gongxiang
INFO: [ app_init ] --START--
INFO: Run Behavior\BuildLiteBehavior [ RunTime:0.000000s ]
INFO: [ app_init ] --END-- [ RunTime:0.000000s ]
INFO: [ app_begin ] --START--
INFO: Run Behavior\ReadHtmlCacheBehavior [ RunTime:0.000000s ]
INFO: [ app_begin ] --END-- [ RunTime:0.000000s ]
ERR: 无法加载控制器:Gongxiang

[ 2019-04-16T15:30:58+08:00 ] ::1 /TP/home/GongXiang
INFO: [ app_init ] --START--
INFO: Run Behavior\BuildLiteBehavior [ RunTime:0.000000s ]
INFO: [ app_init ] --END-- [ RunTime:0.000000s ]
INFO: [ app_begin ] --START--
INFO: Run Behavior\ReadHtmlCacheBehavior [ RunTime:0.000000s ]
INFO: [ app_begin ] --END-- [ RunTime:0.000000s ]
SQL: SHOW COLUMNS FROM `lzh_borrow_info` [ RunTime:0.0110s ]
SQL: SELECT bi.id as borrow_id,`borrow_uid`,`zhaiquan_idcard`,`cell_phone`,`borrow_money`,`zhaiquan_name`,mi.real_name,mi.idcard FROM lzh_borrow_info bi left join lzh_member_info mi on mi.uid = bi.borrow_uid left join lzh_zhaiquan lz on lz.zhaiquan_tid = bi.id  WHERE ( (`second_verify_time` < 1554047999) AND (`borrow_status` = 6) ) ORDER BY second_verify_time  [ RunTime:0.1990s ]

[ 2019-04-16T15:35:45+08:00 ] ::1 /TP/home/GongXiang
INFO: [ app_init ] --START--
INFO: Run Behavior\BuildLiteBehavior [ RunTime:0.000000s ]
INFO: [ app_init ] --END-- [ RunTime:0.000000s ]
INFO: [ app_begin ] --START--
INFO: Run Behavior\ReadHtmlCacheBehavior [ RunTime:0.000000s ]
INFO: [ app_begin ] --END-- [ RunTime:0.000000s ]
SQL: SHOW COLUMNS FROM `lzh_borrow_info` [ RunTime:0.0110s ]
SQL: SELECT bi.id as borrow_id,`borrow_uid`,`zhaiquan_idcard`,`cell_phone`,`borrow_money`,`zhaiquan_name`,mi.real_name,mi.idcard FROM lzh_borrow_info bi left join lzh_member_info mi on mi.uid = bi.borrow_uid left join lzh_zhaiquan lz on lz.zhaiquan_tid = bi.id  WHERE ( (`second_verify_time` < 1556640000) AND (`borrow_status` = 6) ) ORDER BY second_verify_time  [ RunTime:0.2070s ]

[ 2019-04-16T15:41:43+08:00 ] ::1 /TP/home/GongXiang/first_sub
INFO: [ app_init ] --START--
INFO: Run Behavior\BuildLiteBehavior [ RunTime:0.000000s ]
INFO: [ app_init ] --END-- [ RunTime:0.000000s ]
INFO: [ app_begin ] --START--
INFO: Run Behavior\ReadHtmlCacheBehavior [ RunTime:0.001000s ]
INFO: [ app_begin ] --END-- [ RunTime:0.001000s ]
SQL: SHOW COLUMNS FROM `lzh_borrow_info` [ RunTime:0.0110s ]
SQL: SELECT bi.id as borrow_id,`borrow_uid`,`zhaiquan_idcard`,`cell_phone`,`borrow_money`,`zhaiquan_name`,mi.real_name,mi.idcard FROM lzh_borrow_info bi left join lzh_member_info mi on mi.uid = bi.borrow_uid left join lzh_zhaiquan lz on lz.zhaiquan_tid = bi.id  WHERE ( (`second_verify_time` < 1556640000) AND (`borrow_status` = 6) ) ORDER BY second_verify_time  [ RunTime:0.2160s ]

[ 2019-04-16T16:09:23+08:00 ] ::1 /TP/home/GongXiang/first_sub
INFO: [ app_init ] --START--
INFO: Run Behavior\BuildLiteBehavior [ RunTime:0.000000s ]
INFO: [ app_init ] --END-- [ RunTime:0.000000s ]
INFO: [ app_begin ] --START--
INFO: Run Behavior\ReadHtmlCacheBehavior [ RunTime:0.001000s ]
INFO: [ app_begin ] --END-- [ RunTime:0.001000s ]
SQL: SHOW COLUMNS FROM `lzh_borrow_info` [ RunTime:0.0120s ]
SQL: SELECT bi.id as borrow_id,`borrow_uid`,`zhaiquan_idcard`,`cell_phone`,`borrow_money`,`repayment_type`,`zhaiquan_name`,mi.real_name,mi.idcard FROM lzh_borrow_info bi left join lzh_member_info mi on mi.uid = bi.borrow_uid left join lzh_zhaiquan lz on lz.zhaiquan_tid = bi.id  WHERE ( (`second_verify_time` < 1556639999) AND (`borrow_status` = 6) ) ORDER BY second_verify_time LIMIT 4   [ RunTime:0.2090s ]
INFO: [ app_end ] --START--
INFO: Run Behavior\ShowPageTraceBehavior [ RunTime:0.010000s ]
INFO: [ app_end ] --END-- [ RunTime:0.010000s ]

[ 2019-04-16T16:10:16+08:00 ] ::1 /TP/home/GongXiang/first_sub
INFO: [ app_init ] --START--
INFO: Run Behavior\BuildLiteBehavior [ RunTime:0.000000s ]
INFO: [ app_init ] --END-- [ RunTime:0.000000s ]
INFO: [ app_begin ] --START--
INFO: Run Behavior\ReadHtmlCacheBehavior [ RunTime:0.001000s ]
INFO: [ app_begin ] --END-- [ RunTime:0.001000s ]
SQL: SHOW COLUMNS FROM `lzh_borrow_info` [ RunTime:0.0110s ]
SQL: SELECT bi.id as borrow_id,`borrow_uid`,`zhaiquan_idcard`,`cell_phone`,`borrow_money`,`repayment_type`,`zhaiquan_name`,mi.real_name,mi.idcard FROM lzh_borrow_info bi left join lzh_member_info mi on mi.uid = bi.borrow_uid left join lzh_zhaiquan lz on lz.zhaiquan_tid = bi.id  WHERE ( (`second_verify_time` < 1556639999) AND (`borrow_status` = 6) ) ORDER BY second_verify_time LIMIT 4   [ RunTime:0.2120s ]
INFO: [ app_end ] --START--
INFO: Run Behavior\ShowPageTraceBehavior [ RunTime:0.001000s ]
INFO: [ app_end ] --END-- [ RunTime:0.001000s ]

[ 2019-04-16T16:15:39+08:00 ] ::1 /TP/home/GongXiang/first_sub
INFO: [ app_init ] --START--
INFO: Run Behavior\BuildLiteBehavior [ RunTime:0.000000s ]
INFO: [ app_init ] --END-- [ RunTime:0.000000s ]
INFO: [ app_begin ] --START--
INFO: Run Behavior\ReadHtmlCacheBehavior [ RunTime:0.000000s ]
INFO: [ app_begin ] --END-- [ RunTime:0.000000s ]
SQL: SHOW COLUMNS FROM `lzh_borrow_info` [ RunTime:0.0110s ]
SQL: SELECT bi.id as borrow_id,`borrow_uid`,`zhaiquan_idcard`,`cell_phone`,`second_verify_time`,`borrow_money`,`repayment_type`,`zhaiquan_name`,mi.real_name,mi.idcard FROM lzh_borrow_info bi left join lzh_member_info mi on mi.uid = bi.borrow_uid left join lzh_zhaiquan lz on lz.zhaiquan_tid = bi.id  WHERE ( (`second_verify_time` < 1556639999) AND (`borrow_status` = 6) ) ORDER BY second_verify_time LIMIT 4   [ RunTime:0.2040s ]
INFO: [ app_end ] --START--
INFO: Run Behavior\ShowPageTraceBehavior [ RunTime:0.001000s ]
INFO: [ app_end ] --END-- [ RunTime:0.001000s ]

[ 2019-04-16T16:19:03+08:00 ] ::1 /TP/home/GongXiang/first_sub
INFO: [ app_init ] --START--
INFO: Run Behavior\BuildLiteBehavior [ RunTime:0.000000s ]
INFO: [ app_init ] --END-- [ RunTime:0.000000s ]
INFO: [ app_begin ] --START--
INFO: Run Behavior\ReadHtmlCacheBehavior [ RunTime:0.001001s ]
INFO: [ app_begin ] --END-- [ RunTime:0.001001s ]
SQL: SHOW COLUMNS FROM `lzh_borrow_info` [ RunTime:0.0120s ]
SQL: SELECT bi.id as borrow_id,`borrow_uid`,`zhaiquan_idcard`,`cell_phone`,`second_verify_time`,`deadline`,`borrow_money`,`repayment_type`,`zhaiquan_name`,mi.real_name,mi.idcard FROM lzh_borrow_info bi left join lzh_member_info mi on mi.uid = bi.borrow_uid left join lzh_zhaiquan lz on lz.zhaiquan_tid = bi.id  WHERE ( (`second_verify_time` < 1556639999) AND (`borrow_status` = 6) ) ORDER BY second_verify_time LIMIT 4   [ RunTime:0.2090s ]
INFO: [ app_end ] --START--
INFO: Run Behavior\ShowPageTraceBehavior [ RunTime:0.001000s ]
INFO: [ app_end ] --END-- [ RunTime:0.001000s ]

[ 2019-04-16T16:22:18+08:00 ] ::1 /TP/home/GongXiang/first_sub
INFO: [ app_init ] --START--
INFO: Run Behavior\BuildLiteBehavior [ RunTime:0.000000s ]
INFO: [ app_init ] --END-- [ RunTime:0.000000s ]
INFO: [ app_begin ] --START--
INFO: Run Behavior\ReadHtmlCacheBehavior [ RunTime:0.000000s ]
INFO: [ app_begin ] --END-- [ RunTime:0.000000s ]
SQL: SHOW COLUMNS FROM `lzh_borrow_info` [ RunTime:0.0110s ]
SQL: SELECT bi.id as borrow_id,`borrow_uid`,`zhaiquan_idcard`,`cell_phone`,`second_verify_time`,`deadline`,`borrow_money`,`repayment_type`,`zhaiquan_name`,mi.real_name,mi.idcard FROM lzh_borrow_info bi left join lzh_member_info mi on mi.uid = bi.borrow_uid left join lzh_zhaiquan lz on lz.zhaiquan_tid = bi.id  WHERE ( (`second_verify_time` < 1556639999) AND (`borrow_status` = 6) ) ORDER BY second_verify_time LIMIT 4   [ RunTime:0.2070s ]
INFO: [ app_end ] --START--
INFO: Run Behavior\ShowPageTraceBehavior [ RunTime:0.001000s ]
INFO: [ app_end ] --END-- [ RunTime:0.001000s ]

[ 2019-04-16T16:52:18+08:00 ] ::1 /TP/home/GongXiang/first_sub
INFO: [ app_init ] --START--
INFO: Run Behavior\BuildLiteBehavior [ RunTime:0.000000s ]
INFO: [ app_init ] --END-- [ RunTime:0.000000s ]
INFO: [ app_begin ] --START--
INFO: Run Behavior\ReadHtmlCacheBehavior [ RunTime:0.001000s ]
INFO: [ app_begin ] --END-- [ RunTime:0.001000s ]
SQL: SHOW COLUMNS FROM `lzh_borrow_info` [ RunTime:0.0120s ]
SQL: SELECT bi.id as borrow_id,`borrow_uid`,`zhaiquan_idcard`,`cell_phone`,`second_verify_time`,`deadline`,`borrow_money`,`repayment_type`,`zhaiquan_name`,mi.real_name,mi.idcard FROM lzh_borrow_info bi left join lzh_member_info mi on mi.uid = bi.borrow_uid left join lzh_zhaiquan lz on lz.zhaiquan_tid = bi.id  WHERE ( (`second_verify_time` < 1556639999) AND (`borrow_status` = 6) ) ORDER BY second_verify_time LIMIT 4   [ RunTime:0.2140s ]
SQL: SHOW COLUMNS FROM `lzh_investor_detail` [ RunTime:0.0120s ]
SQL: SELECT * FROM `lzh_investor_detail` WHERE ( (`repayment_time` BETWEEN 1554048000 AND 1556639999) AND (`borrow_id` = '1522') )  [ RunTime:0.0190s ]
SQL: SELECT * FROM `lzh_investor_detail` WHERE ( (`repayment_time` BETWEEN 1554048000 AND 1556639999) AND (`borrow_id` = '1530') )  [ RunTime:0.0010s ]
SQL: SELECT * FROM `lzh_investor_detail` WHERE ( (`repayment_time` BETWEEN 1554048000 AND 1556639999) AND (`borrow_id` = '1547') )  [ RunTime:0.0000s ]
SQL: SELECT * FROM `lzh_investor_detail` WHERE ( (`repayment_time` BETWEEN 1554048000 AND 1556639999) AND (`borrow_id` = '1555') )  [ RunTime:0.0010s ]
INFO: [ app_end ] --START--
INFO: Run Behavior\ShowPageTraceBehavior [ RunTime:0.001000s ]
INFO: [ app_end ] --END-- [ RunTime:0.001000s ]

[ 2019-04-16T16:57:29+08:00 ] ::1 /TP/home/GongXiang/first_sub
INFO: [ app_init ] --START--
INFO: Run Behavior\BuildLiteBehavior [ RunTime:0.000000s ]
INFO: [ app_init ] --END-- [ RunTime:0.000000s ]
INFO: [ app_begin ] --START--
INFO: Run Behavior\ReadHtmlCacheBehavior [ RunTime:0.000000s ]
INFO: [ app_begin ] --END-- [ RunTime:0.000000s ]
SQL: SHOW COLUMNS FROM `lzh_borrow_info` [ RunTime:0.0120s ]
SQL: SELECT bi.id as borrow_id,`borrow_uid`,`zhaiquan_idcard`,`cell_phone`,`second_verify_time`,`deadline`,`borrow_money`,`repayment_type`,`zhaiquan_name`,mi.real_name,mi.idcard FROM lzh_borrow_info bi left join lzh_member_info mi on mi.uid = bi.borrow_uid left join lzh_zhaiquan lz on lz.zhaiquan_tid = bi.id  WHERE ( (`second_verify_time` < 1556639999) AND (`borrow_status` = 6) ) ORDER BY second_verify_time LIMIT 4   [ RunTime:0.2150s ]
SQL: SHOW COLUMNS FROM `lzh_investor_detail` [ RunTime:0.0140s ]
SQL: SELECT * FROM `lzh_investor_detail` WHERE ( (`repayment_time` BETWEEN 1554048000 AND 1556639999) AND (`borrow_id` = '1522') )  [ RunTime:0.0010s ]
NOTIC: [8] Undefined variable: happenday D:\wwwroot\TP\Application\Home\Controller\GongXiangController.class.php 第 61 行.
SQL: SELECT * FROM `lzh_investor_detail` WHERE ( (`repayment_time` BETWEEN 1554048000 AND 1556639999) AND (`borrow_id` = '1530') )  [ RunTime:0.0000s ]
NOTIC: [8] Undefined variable: happenday D:\wwwroot\TP\Application\Home\Controller\GongXiangController.class.php 第 61 行.
SQL: SELECT * FROM `lzh_investor_detail` WHERE ( (`repayment_time` BETWEEN 1554048000 AND 1556639999) AND (`borrow_id` = '1547') )  [ RunTime:0.0010s ]
NOTIC: [8] Undefined variable: happenday D:\wwwroot\TP\Application\Home\Controller\GongXiangController.class.php 第 61 行.
SQL: SELECT * FROM `lzh_investor_detail` WHERE ( (`repayment_time` BETWEEN 1554048000 AND 1556639999) AND (`borrow_id` = '1555') )  [ RunTime:0.0000s ]
NOTIC: [8] Undefined variable: happenday D:\wwwroot\TP\Application\Home\Controller\GongXiangController.class.php 第 61 行.
INFO: [ app_end ] --START--
INFO: Run Behavior\ShowPageTraceBehavior [ RunTime:0.001000s ]
INFO: [ app_end ] --END-- [ RunTime:0.001000s ]

[ 2019-04-16T16:58:14+08:00 ] ::1 /TP/home/GongXiang/first_sub
INFO: [ app_init ] --START--
INFO: Run Behavior\BuildLiteBehavior [ RunTime:0.000000s ]
INFO: [ app_init ] --END-- [ RunTime:0.000000s ]
INFO: [ app_begin ] --START--
INFO: Run Behavior\ReadHtmlCacheBehavior [ RunTime:0.001000s ]
INFO: [ app_begin ] --END-- [ RunTime:0.001000s ]
SQL: SHOW COLUMNS FROM `lzh_borrow_info` [ RunTime:0.0120s ]
SQL: SELECT bi.id as borrow_id,`borrow_uid`,`zhaiquan_idcard`,`cell_phone`,`second_verify_time`,`deadline`,`borrow_money`,`repayment_type`,`zhaiquan_name`,mi.real_name,mi.idcard FROM lzh_borrow_info bi left join lzh_member_info mi on mi.uid = bi.borrow_uid left join lzh_zhaiquan lz on lz.zhaiquan_tid = bi.id  WHERE ( (`second_verify_time` < 1556639999) AND (`borrow_status` = 6) ) ORDER BY second_verify_time LIMIT 4   [ RunTime:0.2090s ]
SQL: SHOW COLUMNS FROM `lzh_investor_detail` [ RunTime:0.0100s ]
SQL: SELECT * FROM `lzh_investor_detail` WHERE ( (`repayment_time` BETWEEN 1554048000 AND 1556639999) AND (`borrow_id` = '1522') )  [ RunTime:0.0000s ]

[ 2019-04-16T17:00:54+08:00 ] ::1 /TP/home/GongXiang/first_sub
INFO: [ app_init ] --START--
INFO: Run Behavior\BuildLiteBehavior [ RunTime:0.000000s ]
INFO: [ app_init ] --END-- [ RunTime:0.001000s ]
INFO: [ app_begin ] --START--
INFO: Run Behavior\ReadHtmlCacheBehavior [ RunTime:0.000000s ]
INFO: [ app_begin ] --END-- [ RunTime:0.000000s ]
SQL: SHOW COLUMNS FROM `lzh_borrow_info` [ RunTime:0.0120s ]
SQL: SELECT bi.id as borrow_id,`borrow_uid`,`zhaiquan_idcard`,`cell_phone`,`second_verify_time`,`deadline`,`borrow_money`,`repayment_type`,`zhaiquan_name`,mi.real_name,mi.idcard FROM lzh_borrow_info bi left join lzh_member_info mi on mi.uid = bi.borrow_uid left join lzh_zhaiquan lz on lz.zhaiquan_tid = bi.id  WHERE bi.id = 1547 ORDER BY second_verify_time LIMIT 4   [ RunTime:0.0030s ]
SQL: SHOW COLUMNS FROM `lzh_investor_detail` [ RunTime:0.0120s ]
SQL: SELECT * FROM `lzh_investor_detail` WHERE ( (`repayment_time` BETWEEN 1554048000 AND 1556639999) AND (`borrow_id` = '1547') )  [ RunTime:0.0000s ]

[ 2019-04-16T17:00:55+08:00 ] ::1 /TP/home/GongXiang/first_sub
INFO: [ app_init ] --START--
INFO: Run Behavior\BuildLiteBehavior [ RunTime:0.000000s ]
INFO: [ app_init ] --END-- [ RunTime:0.000000s ]
INFO: [ app_begin ] --START--
INFO: Run Behavior\ReadHtmlCacheBehavior [ RunTime:0.000000s ]
INFO: [ app_begin ] --END-- [ RunTime:0.000000s ]
SQL: SHOW COLUMNS FROM `lzh_borrow_info` [ RunTime:0.0120s ]
SQL: SELECT bi.id as borrow_id,`borrow_uid`,`zhaiquan_idcard`,`cell_phone`,`second_verify_time`,`deadline`,`borrow_money`,`repayment_type`,`zhaiquan_name`,mi.real_name,mi.idcard FROM lzh_borrow_info bi left join lzh_member_info mi on mi.uid = bi.borrow_uid left join lzh_zhaiquan lz on lz.zhaiquan_tid = bi.id  WHERE bi.id = 1547 ORDER BY second_verify_time LIMIT 4   [ RunTime:0.0020s ]
SQL: SHOW COLUMNS FROM `lzh_investor_detail` [ RunTime:0.0120s ]
SQL: SELECT * FROM `lzh_investor_detail` WHERE ( (`repayment_time` BETWEEN 1554048000 AND 1556639999) AND (`borrow_id` = '1547') )  [ RunTime:0.0010s ]

[ 2019-04-16T17:00:55+08:00 ] ::1 /TP/home/GongXiang/first_sub
INFO: [ app_init ] --START--
INFO: Run Behavior\BuildLiteBehavior [ RunTime:0.000000s ]
INFO: [ app_init ] --END-- [ RunTime:0.001000s ]
INFO: [ app_begin ] --START--
INFO: Run Behavior\ReadHtmlCacheBehavior [ RunTime:0.001000s ]
INFO: [ app_begin ] --END-- [ RunTime:0.001000s ]
SQL: SHOW COLUMNS FROM `lzh_borrow_info` [ RunTime:0.0120s ]
SQL: SELECT bi.id as borrow_id,`borrow_uid`,`zhaiquan_idcard`,`cell_phone`,`second_verify_time`,`deadline`,`borrow_money`,`repayment_type`,`zhaiquan_name`,mi.real_name,mi.idcard FROM lzh_borrow_info bi left join lzh_member_info mi on mi.uid = bi.borrow_uid left join lzh_zhaiquan lz on lz.zhaiquan_tid = bi.id  WHERE bi.id = 1547 ORDER BY second_verify_time LIMIT 4   [ RunTime:0.0020s ]
SQL: SHOW COLUMNS FROM `lzh_investor_detail` [ RunTime:0.0110s ]
SQL: SELECT * FROM `lzh_investor_detail` WHERE ( (`repayment_time` BETWEEN 1554048000 AND 1556639999) AND (`borrow_id` = '1547') )  [ RunTime:0.0000s ]

[ 2019-04-16T17:00:55+08:00 ] ::1 /TP/home/GongXiang/first_sub
INFO: [ app_init ] --START--
INFO: Run Behavior\BuildLiteBehavior [ RunTime:0.000000s ]
INFO: [ app_init ] --END-- [ RunTime:0.001001s ]
INFO: [ app_begin ] --START--
INFO: Run Behavior\ReadHtmlCacheBehavior [ RunTime:0.001000s ]
INFO: [ app_begin ] --END-- [ RunTime:0.001000s ]
SQL: SHOW COLUMNS FROM `lzh_borrow_info` [ RunTime:0.0120s ]
SQL: SELECT bi.id as borrow_id,`borrow_uid`,`zhaiquan_idcard`,`cell_phone`,`second_verify_time`,`deadline`,`borrow_money`,`repayment_type`,`zhaiquan_name`,mi.real_name,mi.idcard FROM lzh_borrow_info bi left join lzh_member_info mi on mi.uid = bi.borrow_uid left join lzh_zhaiquan lz on lz.zhaiquan_tid = bi.id  WHERE bi.id = 1547 ORDER BY second_verify_time LIMIT 4   [ RunTime:0.0030s ]
SQL: SHOW COLUMNS FROM `lzh_investor_detail` [ RunTime:0.0110s ]
SQL: SELECT * FROM `lzh_investor_detail` WHERE ( (`repayment_time` BETWEEN 1554048000 AND 1556639999) AND (`borrow_id` = '1547') )  [ RunTime:0.0000s ]

[ 2019-04-16T17:00:55+08:00 ] ::1 /TP/home/GongXiang/first_sub
INFO: [ app_init ] --START--
INFO: Run Behavior\BuildLiteBehavior [ RunTime:0.000000s ]
INFO: [ app_init ] --END-- [ RunTime:0.000000s ]
INFO: [ app_begin ] --START--
INFO: Run Behavior\ReadHtmlCacheBehavior [ RunTime:0.000000s ]
INFO: [ app_begin ] --END-- [ RunTime:0.000000s ]
SQL: SHOW COLUMNS FROM `lzh_borrow_info` [ RunTime:0.0120s ]
SQL: SELECT bi.id as borrow_id,`borrow_uid`,`zhaiquan_idcard`,`cell_phone`,`second_verify_time`,`deadline`,`borrow_money`,`repayment_type`,`zhaiquan_name`,mi.real_name,mi.idcard FROM lzh_borrow_info bi left join lzh_member_info mi on mi.uid = bi.borrow_uid left join lzh_zhaiquan lz on lz.zhaiquan_tid = bi.id  WHERE bi.id = 1547 ORDER BY second_verify_time LIMIT 4   [ RunTime:0.0030s ]
SQL: SHOW COLUMNS FROM `lzh_investor_detail` [ RunTime:0.0110s ]
SQL: SELECT * FROM `lzh_investor_detail` WHERE ( (`repayment_time` BETWEEN 1554048000 AND 1556639999) AND (`borrow_id` = '1547') )  [ RunTime:0.0010s ]

[ 2019-04-16T17:00:56+08:00 ] ::1 /TP/home/GongXiang/first_sub
INFO: [ app_init ] --START--
INFO: Run Behavior\BuildLiteBehavior [ RunTime:0.000000s ]
INFO: [ app_init ] --END-- [ RunTime:0.000000s ]
INFO: [ app_begin ] --START--
INFO: Run Behavior\ReadHtmlCacheBehavior [ RunTime:0.001000s ]
INFO: [ app_begin ] --END-- [ RunTime:0.001000s ]
SQL: SHOW COLUMNS FROM `lzh_borrow_info` [ RunTime:0.0120s ]
SQL: SELECT bi.id as borrow_id,`borrow_uid`,`zhaiquan_idcard`,`cell_phone`,`second_verify_time`,`deadline`,`borrow_money`,`repayment_type`,`zhaiquan_name`,mi.real_name,mi.idcard FROM lzh_borrow_info bi left join lzh_member_info mi on mi.uid = bi.borrow_uid left join lzh_zhaiquan lz on lz.zhaiquan_tid = bi.id  WHERE bi.id = 1547 ORDER BY second_verify_time LIMIT 4   [ RunTime:0.0030s ]
SQL: SHOW COLUMNS FROM `lzh_investor_detail` [ RunTime:0.0110s ]
SQL: SELECT * FROM `lzh_investor_detail` WHERE ( (`repayment_time` BETWEEN 1554048000 AND 1556639999) AND (`borrow_id` = '1547') )  [ RunTime:0.0010s ]

[ 2019-04-16T17:03:03+08:00 ] ::1 /TP/home/GongXiang/first_sub
INFO: [ app_init ] --START--
INFO: Run Behavior\BuildLiteBehavior [ RunTime:0.000000s ]
INFO: [ app_init ] --END-- [ RunTime:0.000000s ]
INFO: [ app_begin ] --START--
INFO: Run Behavior\ReadHtmlCacheBehavior [ RunTime:0.001000s ]
INFO: [ app_begin ] --END-- [ RunTime:0.001000s ]
SQL: SHOW COLUMNS FROM `lzh_borrow_info` [ RunTime:0.0120s ]
SQL: SELECT bi.id as borrow_id,`borrow_uid`,`zhaiquan_idcard`,`cell_phone`,`second_verify_time`,`deadline`,`borrow_money`,`repayment_type`,`zhaiquan_name`,mi.real_name,mi.idcard FROM lzh_borrow_info bi left join lzh_member_info mi on mi.uid = bi.borrow_uid left join lzh_zhaiquan lz on lz.zhaiquan_tid = bi.id  WHERE bi.id = 1547 ORDER BY second_verify_time LIMIT 4   [ RunTime:0.0030s ]
SQL: SHOW COLUMNS FROM `lzh_investor_detail` [ RunTime:0.0110s ]
SQL: SELECT * FROM `lzh_investor_detail` WHERE ( (`repayment_time` BETWEEN 1554048000 AND 1556639999) AND (`borrow_id` = '1547') )  [ RunTime:0.0010s ]

[ 2019-04-16T17:03:46+08:00 ] ::1 /TP/home/GongXiang/first_sub
INFO: [ app_init ] --START--
INFO: Run Behavior\BuildLiteBehavior [ RunTime:0.000000s ]
INFO: [ app_init ] --END-- [ RunTime:0.001000s ]
INFO: [ app_begin ] --START--
INFO: Run Behavior\ReadHtmlCacheBehavior [ RunTime:0.000000s ]
INFO: [ app_begin ] --END-- [ RunTime:0.000000s ]
SQL: SHOW COLUMNS FROM `lzh_borrow_info` [ RunTime:0.0110s ]
SQL: SELECT bi.id as borrow_id,`borrow_uid`,`zhaiquan_idcard`,`cell_phone`,`second_verify_time`,`deadline`,`borrow_money`,`repayment_type`,`zhaiquan_name`,mi.real_name,mi.idcard FROM lzh_borrow_info bi left join lzh_member_info mi on mi.uid = bi.borrow_uid left join lzh_zhaiquan lz on lz.zhaiquan_tid = bi.id  WHERE bi.id = 1547 ORDER BY second_verify_time LIMIT 4   [ RunTime:0.0030s ]
SQL: SHOW COLUMNS FROM `lzh_investor_detail` [ RunTime:0.0110s ]
SQL: SELECT * FROM `lzh_investor_detail` WHERE ( (`repayment_time` BETWEEN 1554048000 AND 1556639999) AND (`borrow_id` = '1547') )  [ RunTime:0.0010s ]

[ 2019-04-16T17:06:17+08:00 ] ::1 /TP/home/GongXiang/first_sub
INFO: [ app_init ] --START--
INFO: Run Behavior\BuildLiteBehavior [ RunTime:0.000000s ]
INFO: [ app_init ] --END-- [ RunTime:0.000000s ]
INFO: [ app_begin ] --START--
INFO: Run Behavior\ReadHtmlCacheBehavior [ RunTime:0.001000s ]
INFO: [ app_begin ] --END-- [ RunTime:0.001000s ]
SQL: SHOW COLUMNS FROM `lzh_borrow_info` [ RunTime:0.0130s ]
SQL: SELECT bi.id as borrow_id,`borrow_uid`,`zhaiquan_idcard`,`cell_phone`,`second_verify_time`,`deadline`,`borrow_money`,`repayment_type`,`zhaiquan_name`,mi.real_name,mi.idcard FROM lzh_borrow_info bi left join lzh_member_info mi on mi.uid = bi.borrow_uid left join lzh_zhaiquan lz on lz.zhaiquan_tid = bi.id  WHERE bi.id = 1547 ORDER BY second_verify_time LIMIT 4   [ RunTime:0.0030s ]
SQL: SHOW COLUMNS FROM `lzh_investor_detail` [ RunTime:0.0120s ]
SQL: SELECT * FROM `lzh_investor_detail` WHERE ( (`repayment_time` BETWEEN 1554048000 AND 1556639999) AND (`borrow_id` = '1547') )  [ RunTime:0.0010s ]

[ 2019-04-16T17:08:12+08:00 ] ::1 /TP/home/GongXiang/first_sub
INFO: [ app_init ] --START--
INFO: Run Behavior\BuildLiteBehavior [ RunTime:0.000000s ]
INFO: [ app_init ] --END-- [ RunTime:0.001000s ]
INFO: [ app_begin ] --START--
INFO: Run Behavior\ReadHtmlCacheBehavior [ RunTime:0.000000s ]
INFO: [ app_begin ] --END-- [ RunTime:0.000000s ]
SQL: SHOW COLUMNS FROM `lzh_borrow_info` [ RunTime:0.0120s ]
SQL: SELECT bi.id as borrow_id,`borrow_uid`,`zhaiquan_idcard`,`cell_phone`,`second_verify_time`,`deadline`,`borrow_money`,`repayment_type`,`zhaiquan_name`,mi.real_name,mi.idcard FROM lzh_borrow_info bi left join lzh_member_info mi on mi.uid = bi.borrow_uid left join lzh_zhaiquan lz on lz.zhaiquan_tid = bi.id  WHERE bi.id = 1547 ORDER BY second_verify_time LIMIT 4   [ RunTime:0.0040s ]
SQL: SHOW COLUMNS FROM `lzh_investor_detail` [ RunTime:0.0110s ]
SQL: SELECT * FROM `lzh_investor_detail` WHERE ( (`repayment_time` BETWEEN 1554048000 AND 1556639999) AND (`borrow_id` = '1547') )  [ RunTime:0.0010s ]

[ 2019-04-16T17:09:10+08:00 ] ::1 /TP/home/GongXiang/first_sub
INFO: [ app_init ] --START--
INFO: Run Behavior\BuildLiteBehavior [ RunTime:0.000000s ]
INFO: [ app_init ] --END-- [ RunTime:0.000000s ]
INFO: [ app_begin ] --START--
INFO: Run Behavior\ReadHtmlCacheBehavior [ RunTime:0.001000s ]
INFO: [ app_begin ] --END-- [ RunTime:0.001000s ]
SQL: SHOW COLUMNS FROM `lzh_borrow_info` [ RunTime:0.0110s ]
SQL: SELECT bi.id as borrow_id,`borrow_uid`,`zhaiquan_idcard`,`cell_phone`,`second_verify_time`,`deadline`,`borrow_money`,`repayment_type`,`zhaiquan_name`,mi.real_name,mi.idcard FROM lzh_borrow_info bi left join lzh_member_info mi on mi.uid = bi.borrow_uid left join lzh_zhaiquan lz on lz.zhaiquan_tid = bi.id  WHERE bi.id = 1547 ORDER BY second_verify_time LIMIT 4   [ RunTime:0.0030s ]
SQL: SHOW COLUMNS FROM `lzh_investor_detail` [ RunTime:0.0120s ]
SQL: SELECT `repayment_time`,`borrow_id` FROM `lzh_investor_detail` WHERE ( (`repayment_time` BETWEEN 1554048000 AND 1556639999) AND (`borrow_id` = '1547') )  [ RunTime:0.0000s ]

[ 2019-04-16T17:09:16+08:00 ] ::1 /TP/home/GongXiang/first_sub
INFO: [ app_init ] --START--
INFO: Run Behavior\BuildLiteBehavior [ RunTime:0.000000s ]
INFO: [ app_init ] --END-- [ RunTime:0.001000s ]
INFO: [ app_begin ] --START--
INFO: Run Behavior\ReadHtmlCacheBehavior [ RunTime:0.001001s ]
INFO: [ app_begin ] --END-- [ RunTime:0.001001s ]
SQL: SHOW COLUMNS FROM `lzh_borrow_info` [ RunTime:0.0110s ]
SQL: SELECT bi.id as borrow_id,`borrow_uid`,`zhaiquan_idcard`,`cell_phone`,`second_verify_time`,`deadline`,`borrow_money`,`repayment_type`,`zhaiquan_name`,mi.real_name,mi.idcard FROM lzh_borrow_info bi left join lzh_member_info mi on mi.uid = bi.borrow_uid left join lzh_zhaiquan lz on lz.zhaiquan_tid = bi.id  WHERE bi.id = 1547 ORDER BY second_verify_time LIMIT 4   [ RunTime:0.0030s ]
SQL: SHOW COLUMNS FROM `lzh_investor_detail` [ RunTime:0.0100s ]
SQL: SELECT `repayment_time`,`borrow_id` FROM `lzh_investor_detail` WHERE ( (`repayment_time` BETWEEN 1554048000 AND 1556639999) AND (`borrow_id` = '1547') )  [ RunTime:0.0000s ]

[ 2019-04-16T17:10:12+08:00 ] ::1 /TP/home/GongXiang/first_sub
INFO: [ app_init ] --START--
INFO: Run Behavior\BuildLiteBehavior [ RunTime:0.000000s ]
INFO: [ app_init ] --END-- [ RunTime:0.000000s ]
INFO: [ app_begin ] --START--
INFO: Run Behavior\ReadHtmlCacheBehavior [ RunTime:0.000000s ]
INFO: [ app_begin ] --END-- [ RunTime:0.000000s ]
SQL: SHOW COLUMNS FROM `lzh_borrow_info` [ RunTime:0.0120s ]
SQL: SELECT bi.id as borrow_id,`borrow_uid`,`zhaiquan_idcard`,`cell_phone`,`second_verify_time`,`deadline`,`borrow_money`,`repayment_type`,`zhaiquan_name`,mi.real_name,mi.idcard FROM lzh_borrow_info bi left join lzh_member_info mi on mi.uid = bi.borrow_uid left join lzh_zhaiquan lz on lz.zhaiquan_tid = bi.id  WHERE bi.id = 1547 ORDER BY second_verify_time LIMIT 4   [ RunTime:0.0030s ]
SQL: SHOW COLUMNS FROM `lzh_investor_detail` [ RunTime:0.0110s ]
SQL: SELECT `repayment_time`,`borrow_id` FROM `lzh_investor_detail` WHERE ( (`repayment_time` BETWEEN 1554048000 AND 1556639999) AND (`borrow_id` = '1547') )  [ RunTime:0.0000s ]
INFO: [ app_end ] --START--
INFO: Run Behavior\ShowPageTraceBehavior [ RunTime:0.001000s ]
INFO: [ app_end ] --END-- [ RunTime:0.001000s ]

[ 2019-04-16T17:10:35+08:00 ] ::1 /TP/home/GongXiang/first_sub
INFO: [ app_init ] --START--
INFO: Run Behavior\BuildLiteBehavior [ RunTime:0.000000s ]
INFO: [ app_init ] --END-- [ RunTime:0.001000s ]
INFO: [ app_begin ] --START--
INFO: Run Behavior\ReadHtmlCacheBehavior [ RunTime:0.000000s ]
INFO: [ app_begin ] --END-- [ RunTime:0.000000s ]
SQL: SHOW COLUMNS FROM `lzh_borrow_info` [ RunTime:0.0110s ]
SQL: SELECT bi.id as borrow_id,`borrow_uid`,`zhaiquan_idcard`,`cell_phone`,`second_verify_time`,`deadline`,`borrow_money`,`repayment_type`,`zhaiquan_name`,mi.real_name,mi.idcard FROM lzh_borrow_info bi left join lzh_member_info mi on mi.uid = bi.borrow_uid left join lzh_zhaiquan lz on lz.zhaiquan_tid = bi.id  WHERE ( (`second_verify_time` < 1556639999) AND (`borrow_status` = 6) ) ORDER BY second_verify_time LIMIT 4   [ RunTime:0.2060s ]
SQL: SHOW COLUMNS FROM `lzh_investor_detail` [ RunTime:0.0110s ]
SQL: SELECT `repayment_time`,`borrow_id` FROM `lzh_investor_detail` WHERE ( (`repayment_time` BETWEEN 1554048000 AND 1556639999) AND (`borrow_id` = '1522') )  [ RunTime:0.0000s ]
SQL: SELECT `repayment_time`,`borrow_id` FROM `lzh_investor_detail` WHERE ( (`repayment_time` BETWEEN 1554048000 AND 1556639999) AND (`borrow_id` = '1530') )  [ RunTime:0.0010s ]
SQL: SELECT `repayment_time`,`borrow_id` FROM `lzh_investor_detail` WHERE ( (`repayment_time` BETWEEN 1554048000 AND 1556639999) AND (`borrow_id` = '1547') )  [ RunTime:0.0010s ]
SQL: SELECT `repayment_time`,`borrow_id` FROM `lzh_investor_detail` WHERE ( (`repayment_time` BETWEEN 1554048000 AND 1556639999) AND (`borrow_id` = '1555') )  [ RunTime:0.0000s ]
INFO: [ app_end ] --START--
INFO: Run Behavior\ShowPageTraceBehavior [ RunTime:0.001000s ]
INFO: [ app_end ] --END-- [ RunTime:0.001000s ]

[ 2019-04-16T17:18:36+08:00 ] ::1 /TP/home/GongXiang/first_sub
INFO: [ app_init ] --START--
INFO: Run Behavior\BuildLiteBehavior [ RunTime:0.000000s ]
INFO: [ app_init ] --END-- [ RunTime:0.000000s ]
INFO: [ app_begin ] --START--
INFO: Run Behavior\ReadHtmlCacheBehavior [ RunTime:0.001000s ]
INFO: [ app_begin ] --END-- [ RunTime:0.001000s ]
SQL: SHOW COLUMNS FROM `lzh_borrow_info` [ RunTime:0.0130s ]
SQL: SELECT bi.id as borrow_id,`borrow_uid`,`zhaiquan_idcard`,`cell_phone`,`second_verify_time`,`deadline`,`borrow_money`,`repayment_type`,`zhaiquan_name`,mi.real_name,mi.idcard FROM lzh_borrow_info bi left join lzh_member_info mi on mi.uid = bi.borrow_uid left join lzh_zhaiquan lz on lz.zhaiquan_tid = bi.id  WHERE ( (`second_verify_time` < 1556639999) AND (`borrow_status` = 6) ) ORDER BY second_verify_time LIMIT 4   [ RunTime:0.2060s ]
SQL: SHOW COLUMNS FROM `lzh_investor_detail` [ RunTime:0.0110s ]
SQL: SELECT `repayment_time`,`borrow_id` FROM `lzh_investor_detail` WHERE ( (`repayment_time` BETWEEN 1554048000 AND 1556639999) AND (`borrow_id` = '1522') )  [ RunTime:0.0000s ]
SQL: SELECT `repayment_time`,`borrow_id` FROM `lzh_investor_detail` WHERE ( (`repayment_time` BETWEEN 1554048000 AND 1556639999) AND (`borrow_id` = '1530') )  [ RunTime:0.0010s ]
SQL: SELECT `repayment_time`,`borrow_id` FROM `lzh_investor_detail` WHERE ( (`repayment_time` BETWEEN 1554048000 AND 1556639999) AND (`borrow_id` = '1547') )  [ RunTime:0.0000s ]
SQL: SELECT `repayment_time`,`borrow_id` FROM `lzh_investor_detail` WHERE ( (`repayment_time` BETWEEN 1554048000 AND 1556639999) AND (`borrow_id` = '1555') )  [ RunTime:0.0010s ]
INFO: [ app_end ] --START--
INFO: Run Behavior\ShowPageTraceBehavior [ RunTime:0.000000s ]
INFO: [ app_end ] --END-- [ RunTime:0.000000s ]

[ 2019-04-16T17:18:53+08:00 ] ::1 /TP/home/GongXiang/first_sub
INFO: [ app_init ] --START--
INFO: Run Behavior\BuildLiteBehavior [ RunTime:0.000000s ]
INFO: [ app_init ] --END-- [ RunTime:0.001000s ]
INFO: [ app_begin ] --START--
INFO: Run Behavior\ReadHtmlCacheBehavior [ RunTime:0.000000s ]
INFO: [ app_begin ] --END-- [ RunTime:0.000000s ]
SQL: SHOW COLUMNS FROM `lzh_borrow_info` [ RunTime:0.0090s ]
SQL: SELECT bi.id as borrow_id,`borrow_uid`,`zhaiquan_idcard`,`cell_phone`,`second_verify_time`,`deadline`,`borrow_money`,`repayment_type`,`zhaiquan_name`,mi.real_name,mi.idcard FROM lzh_borrow_info bi left join lzh_member_info mi on mi.uid = bi.borrow_uid left join lzh_zhaiquan lz on lz.zhaiquan_tid = bi.id  WHERE ( (`second_verify_time` < 1556639999) AND (`borrow_status` = 6) ) ORDER BY second_verify_time LIMIT 4   [ RunTime:0.2070s ]
SQL: SHOW COLUMNS FROM `lzh_investor_detail` [ RunTime:0.0080s ]
SQL: SELECT `repayment_time`,`borrow_id` FROM `lzh_investor_detail` WHERE ( (`repayment_time` BETWEEN 1554048000 AND 1556639999) AND (`borrow_id` = '1522') )  [ RunTime:0.0010s ]
SQL: SELECT `repayment_time`,`borrow_id` FROM `lzh_investor_detail` WHERE ( (`repayment_time` BETWEEN 1554048000 AND 1556639999) AND (`borrow_id` = '1530') )  [ RunTime:0.0000s ]
SQL: SELECT `repayment_time`,`borrow_id` FROM `lzh_investor_detail` WHERE ( (`repayment_time` BETWEEN 1554048000 AND 1556639999) AND (`borrow_id` = '1547') )  [ RunTime:0.0010s ]
SQL: SELECT `repayment_time`,`borrow_id` FROM `lzh_investor_detail` WHERE ( (`repayment_time` BETWEEN 1554048000 AND 1556639999) AND (`borrow_id` = '1555') )  [ RunTime:0.0010s ]
INFO: [ app_end ] --START--
INFO: Run Behavior\ShowPageTraceBehavior [ RunTime:0.001000s ]
INFO: [ app_end ] --END-- [ RunTime:0.001000s ]

[ 2019-04-16T17:25:07+08:00 ] ::1 /TP/home/GongXiang/first_sub
INFO: [ app_init ] --START--
INFO: Run Behavior\BuildLiteBehavior [ RunTime:0.000000s ]
INFO: [ app_init ] --END-- [ RunTime:0.000000s ]
INFO: [ app_begin ] --START--
INFO: Run Behavior\ReadHtmlCacheBehavior [ RunTime:0.001000s ]
INFO: [ app_begin ] --END-- [ RunTime:0.001000s ]
SQL: SHOW COLUMNS FROM `lzh_borrow_info` [ RunTime:0.0070s ]
SQL: SELECT bi.id as borrow_id,`borrow_uid`,`zhaiquan_idcard`,`cell_phone`,`second_verify_time`,`deadline`,`borrow_money`,`repayment_type`,`zhaiquan_name`,mi.real_name,mi.idcard FROM lzh_borrow_info bi left join lzh_member_info mi on mi.uid = bi.borrow_uid left join lzh_zhaiquan lz on lz.zhaiquan_tid = bi.id  WHERE ( (`second_verify_time` < 1556639999) AND (`borrow_status` = 6) ) ORDER BY second_verify_time LIMIT 4   [ RunTime:0.2170s ]
SQL: SHOW COLUMNS FROM `lzh_investor_detail` [ RunTime:0.0070s ]
SQL: SELECT `repayment_time`,`borrow_id` FROM `lzh_investor_detail` WHERE ( (`repayment_time` BETWEEN 1554048000 AND 1556639999) AND (`borrow_id` = '1522') )  [ RunTime:0.0010s ]
SQL: SELECT `repayment_time`,`borrow_id` FROM `lzh_investor_detail` WHERE ( (`repayment_time` BETWEEN 1554048000 AND 1556639999) AND (`borrow_id` = '1530') )  [ RunTime:0.0000s ]
SQL: SELECT `repayment_time`,`borrow_id` FROM `lzh_investor_detail` WHERE ( (`repayment_time` BETWEEN 1554048000 AND 1556639999) AND (`borrow_id` = '1547') )  [ RunTime:0.0000s ]
SQL: SELECT `repayment_time`,`borrow_id` FROM `lzh_investor_detail` WHERE ( (`repayment_time` BETWEEN 1554048000 AND 1556639999) AND (`borrow_id` = '1555') )  [ RunTime:0.0000s ]
INFO: [ app_end ] --START--
INFO: Run Behavior\ShowPageTraceBehavior [ RunTime:0.000000s ]
INFO: [ app_end ] --END-- [ RunTime:0.001000s ]

[ 2019-04-16T17:25:56+08:00 ] ::1 /TP/home/GongXiang/first_sub
INFO: [ app_init ] --START--
INFO: Run Behavior\BuildLiteBehavior [ RunTime:0.000000s ]
INFO: [ app_init ] --END-- [ RunTime:0.001000s ]
INFO: [ app_begin ] --START--
INFO: Run Behavior\ReadHtmlCacheBehavior [ RunTime:0.000000s ]
INFO: [ app_begin ] --END-- [ RunTime:0.000000s ]
SQL: SHOW COLUMNS FROM `lzh_borrow_info` [ RunTime:0.0080s ]
SQL: SELECT bi.id as borrow_id,`borrow_uid`,`zhaiquan_idcard`,`cell_phone`,`second_verify_time`,`deadline`,`borrow_money`,`repayment_type`,`zhaiquan_name`,mi.real_name,mi.idcard FROM lzh_borrow_info bi left join lzh_member_info mi on mi.uid = bi.borrow_uid left join lzh_zhaiquan lz on lz.zhaiquan_tid = bi.id  WHERE ( (`second_verify_time` < 1556639999) AND (`borrow_status` = 6) ) ORDER BY second_verify_time LIMIT 4   [ RunTime:0.2080s ]
SQL: SHOW COLUMNS FROM `lzh_investor_detail` [ RunTime:0.0070s ]
SQL: SELECT `repayment_time`,`borrow_id` FROM `lzh_investor_detail` WHERE ( (`repayment_time` BETWEEN 1554048000 AND 1556639999) AND (`borrow_id` = '1522') )  [ RunTime:0.0000s ]
SQL: SELECT `repayment_time`,`borrow_id` FROM `lzh_investor_detail` WHERE ( (`repayment_time` BETWEEN 1554048000 AND 1556639999) AND (`borrow_id` = '1530') )  [ RunTime:0.0000s ]
SQL: SELECT `repayment_time`,`borrow_id` FROM `lzh_investor_detail` WHERE ( (`repayment_time` BETWEEN 1554048000 AND 1556639999) AND (`borrow_id` = '1547') )  [ RunTime:0.0000s ]
SQL: SELECT `repayment_time`,`borrow_id` FROM `lzh_investor_detail` WHERE ( (`repayment_time` BETWEEN 1554048000 AND 1556639999) AND (`borrow_id` = '1555') )  [ RunTime:0.0000s ]
INFO: [ app_end ] --START--
INFO: Run Behavior\ShowPageTraceBehavior [ RunTime:0.001000s ]
INFO: [ app_end ] --END-- [ RunTime:0.001000s ]

