[ 2019-03-19T09:02:37+08:00 ] ::1 /tp/index.php/Home/Message/zhj_borrow
INFO: [ app_init ] --START--
INFO: Run Behavior\BuildLiteBehavior [ RunTime:0.000000s ]
INFO: [ app_init ] --END-- [ RunTime:0.001000s ]
INFO: [ app_begin ] --START--
INFO: Run Behavior\ReadHtmlCacheBehavior [ RunTime:0.000000s ]
INFO: [ app_begin ] --END-- [ RunTime:0.000000s ]
SQL: SHOW COLUMNS FROM `lzh_borrow_info` [ RunTime:0.1520s ]
SQL: SELECT bi.id FROM lzh_borrow_info bi LEFT JOIN lzh_member_jshbank as lmj on bi.borrow_uid = lmj.uid LEFT JOIN lzh_member_info as lmi on bi.borrow_uid = lmi.uid LEFT JOIN lzh_member_chinapnr as lmc on bi.borrow_uid = lmc.uid LEFT JOIN lzh_zhaiquan as lz on bi.borrow_zhaiquan = lz.id  WHERE ( (`second_verify_time` BETWEEN 1472831999 AND 1472918399) AND (`borrow_status` IN ('7','9')) )  [ RunTime:0.3470s ]
SQL: SHOW COLUMNS FROM `lzh_investor_detail` [ RunTime:0.3920s ]
SQL: SELECT DISTINCT  lid.borrow_id FROM lzh_investor_detail lid left join lzh_borrow_info as lbi on lbi.id =lid.borrow_id  WHERE ( (`repayment_time` BETWEEN 1472831999 AND 1472918399) AND (`second_verify_time` > 1472054399) )  [ RunTime:0.1310s ]
INFO: [ app_end ] --START--
INFO: Run Behavior\ShowPageTraceBehavior [ RunTime:0.000000s ]
INFO: [ app_end ] --END-- [ RunTime:0.000000s ]

[ 2019-03-19T09:03:14+08:00 ] ::1 /tp/index.php/Home/Message/zhj_borrow
INFO: [ app_init ] --START--
INFO: Run Behavior\BuildLiteBehavior [ RunTime:0.000000s ]
INFO: [ app_init ] --END-- [ RunTime:0.000000s ]
INFO: [ app_begin ] --START--
INFO: Run Behavior\ReadHtmlCacheBehavior [ RunTime:0.000000s ]
INFO: [ app_begin ] --END-- [ RunTime:0.000000s ]
SQL: SHOW COLUMNS FROM `lzh_borrow_info` [ RunTime:0.0110s ]
SQL: SELECT bi.id FROM lzh_borrow_info bi LEFT JOIN lzh_member_jshbank as lmj on bi.borrow_uid = lmj.uid LEFT JOIN lzh_member_info as lmi on bi.borrow_uid = lmi.uid LEFT JOIN lzh_member_chinapnr as lmc on bi.borrow_uid = lmc.uid LEFT JOIN lzh_zhaiquan as lz on bi.borrow_zhaiquan = lz.id  WHERE ( (`second_verify_time` BETWEEN 1472054399 AND 1472140799) AND (`borrow_status` IN ('7','9')) )  [ RunTime:0.0380s ]
SQL: SHOW COLUMNS FROM `lzh_investor_detail` [ RunTime:0.0110s ]
SQL: SELECT DISTINCT  lid.borrow_id FROM lzh_investor_detail lid left join lzh_borrow_info as lbi on lbi.id =lid.borrow_id  WHERE ( (`repayment_time` BETWEEN 1472054399 AND 1472140799) AND (`second_verify_time` > 1472054399) )  [ RunTime:0.0360s ]
SQL: SELECT bi.id,`borrow_name`,`second_verify_time`,`borrow_money`,`deadline`,`borrow_interest_rate`,`has_pay`,`borrow_duration`,`repayment_type`,`borrow_fee`,`has_pay`,`borrow_interest`,`borrow_uid`,`borrow_status`,`is_advanced`,`is_prepayment`,`idcode`,`sex`,`idcard`,`custrole_type`,`bankname`,`idno`,`cardid`,`bankid`,`zhaiquan_idcard`,lz.type as lztype,`zhaiquan_bankinfo`,`mortgage` FROM lzh_borrow_info bi left join lzh_member_jshbank as lmj on bi.borrow_uid = lmj.uid left join lzh_member_info as lmi on bi.borrow_uid = lmi.uid left join lzh_member_chinapnr as lmc on bi.borrow_uid = lmc.uid left join lzh_zhaiquan as lz on bi.borrow_zhaiquan = lz.id  WHERE bi.id IN ('381','382','385') ORDER BY id asc  [ RunTime:0.0010s ]
SQL: SHOW COLUMNS FROM `lzh_investor_detail` [ RunTime:0.0100s ]
SQL: SELECT `borrow_id`,`repayment_time`,`deadline`,`interest`,`capital`,`receive_interest`,`receive_capital`,`substitute_money`,`sort_order`,`total` FROM `lzh_investor_detail` WHERE ( borrow_id=381 )  [ RunTime:0.0060s ]
NOTIC: [8] Undefined offset: 1474819199 D:\wwwroot\TP\Application\Home\Controller\MessageController.class.php 第 207 行.
NOTIC: [8] Undefined index: capital D:\wwwroot\TP\Application\Home\Controller\MessageController.class.php 第 207 行.
NOTIC: [8] Undefined index: interest D:\wwwroot\TP\Application\Home\Controller\MessageController.class.php 第 208 行.
NOTIC: [8] Undefined offset: 1477411199 D:\wwwroot\TP\Application\Home\Controller\MessageController.class.php 第 207 行.
NOTIC: [8] Undefined index: capital D:\wwwroot\TP\Application\Home\Controller\MessageController.class.php 第 207 行.
NOTIC: [8] Undefined index: interest D:\wwwroot\TP\Application\Home\Controller\MessageController.class.php 第 208 行.
NOTIC: [8] Undefined offset: 1480089599 D:\wwwroot\TP\Application\Home\Controller\MessageController.class.php 第 207 行.
NOTIC: [8] Undefined index: capital D:\wwwroot\TP\Application\Home\Controller\MessageController.class.php 第 207 行.
NOTIC: [8] Undefined index: interest D:\wwwroot\TP\Application\Home\Controller\MessageController.class.php 第 208 行.
NOTIC: [8] Undefined offset: 1482681599 D:\wwwroot\TP\Application\Home\Controller\MessageController.class.php 第 207 行.
NOTIC: [8] Undefined index: capital D:\wwwroot\TP\Application\Home\Controller\MessageController.class.php 第 207 行.
NOTIC: [8] Undefined index: interest D:\wwwroot\TP\Application\Home\Controller\MessageController.class.php 第 208 行.
NOTIC: [8] Undefined offset: 1485359999 D:\wwwroot\TP\Application\Home\Controller\MessageController.class.php 第 207 行.
NOTIC: [8] Undefined index: capital D:\wwwroot\TP\Application\Home\Controller\MessageController.class.php 第 207 行.
NOTIC: [8] Undefined index: interest D:\wwwroot\TP\Application\Home\Controller\MessageController.class.php 第 208 行.
NOTIC: [8] Undefined offset: 1488038399 D:\wwwroot\TP\Application\Home\Controller\MessageController.class.php 第 207 行.
NOTIC: [8] Undefined index: capital D:\wwwroot\TP\Application\Home\Controller\MessageController.class.php 第 207 行.
NOTIC: [8] Undefined index: interest D:\wwwroot\TP\Application\Home\Controller\MessageController.class.php 第 208 行.
NOTIC: [8] Undefined index: 381:2016-09-25 D:\wwwroot\TP\Application\Home\Controller\MessageController.class.php 第 220 行.
NOTIC: [8] Undefined index: receive_capital D:\wwwroot\TP\Application\Home\Controller\MessageController.class.php 第 220 行.
NOTIC: [8] Undefined index: receive_interest D:\wwwroot\TP\Application\Home\Controller\MessageController.class.php 第 221 行.
NOTIC: [8] Undefined index: substitute_money D:\wwwroot\TP\Application\Home\Controller\MessageController.class.php 第 223 行.
NOTIC: [8] Undefined index: 381:2016-10-25 D:\wwwroot\TP\Application\Home\Controller\MessageController.class.php 第 220 行.
NOTIC: [8] Undefined index: receive_capital D:\wwwroot\TP\Application\Home\Controller\MessageController.class.php 第 220 行.
NOTIC: [8] Undefined index: receive_interest D:\wwwroot\TP\Application\Home\Controller\MessageController.class.php 第 221 行.
NOTIC: [8] Undefined index: substitute_money D:\wwwroot\TP\Application\Home\Controller\MessageController.class.php 第 223 行.
NOTIC: [8] Undefined index: 381:2016-11-25 D:\wwwroot\TP\Application\Home\Controller\MessageController.class.php 第 220 行.
NOTIC: [8] Undefined index: receive_capital D:\wwwroot\TP\Application\Home\Controller\MessageController.class.php 第 220 行.
NOTIC: [8] Undefined index: receive_interest D:\wwwroot\TP\Application\Home\Controller\MessageController.class.php 第 221 行.
NOTIC: [8] Undefined index: substitute_money D:\wwwroot\TP\Application\Home\Controller\MessageController.class.php 第 223 行.
NOTIC: [8] Undefined index: 381:2016-12-25 D:\wwwroot\TP\Application\Home\Controller\MessageController.class.php 第 220 行.
NOTIC: [8] Undefined index: receive_capital D:\wwwroot\TP\Application\Home\Controller\MessageController.class.php 第 220 行.
NOTIC: [8] Undefined index: receive_interest D:\wwwroot\TP\Application\Home\Controller\MessageController.class.php 第 221 行.
NOTIC: [8] Undefined index: substitute_money D:\wwwroot\TP\Application\Home\Controller\MessageController.class.php 第 223 行.
NOTIC: [8] Undefined index: 381:2017-01-25 D:\wwwroot\TP\Application\Home\Controller\MessageController.class.php 第 220 行.
NOTIC: [8] Undefined index: receive_capital D:\wwwroot\TP\Application\Home\Controller\MessageController.class.php 第 220 行.
NOTIC: [8] Undefined index: receive_interest D:\wwwroot\TP\Application\Home\Controller\MessageController.class.php 第 221 行.
NOTIC: [8] Undefined index: substitute_money D:\wwwroot\TP\Application\Home\Controller\MessageController.class.php 第 223 行.
NOTIC: [8] Undefined index: 381:2017-02-25 D:\wwwroot\TP\Application\Home\Controller\MessageController.class.php 第 220 行.
NOTIC: [8] Undefined index: receive_capital D:\wwwroot\TP\Application\Home\Controller\MessageController.class.php 第 220 行.
NOTIC: [8] Undefined index: receive_interest D:\wwwroot\TP\Application\Home\Controller\MessageController.class.php 第 221 行.
NOTIC: [8] Undefined index: substitute_money D:\wwwroot\TP\Application\Home\Controller\MessageController.class.php 第 223 行.
SQL: SHOW COLUMNS FROM `lzh_borrow_investor` [ RunTime:0.1930s ]
SQL: SELECT COUNT(*) AS tp_count FROM `lzh_borrow_investor` WHERE ( borrow_id=381 ) LIMIT 1   [ RunTime:0.0090s ]
SQL: SHOW COLUMNS FROM `lzh_borrow_info` [ RunTime:0.0110s ]
SQL: SELECT COUNT(*) AS tp_count FROM `lzh_borrow_info` WHERE `borrow_uid` = 3706 AND `borrow_status` IN ('2','4','6','7','9') LIMIT 1   [ RunTime:0.0000s ]
SQL: SELECT `borrow_id`,`repayment_time`,`deadline`,`interest`,`capital`,`receive_interest`,`receive_capital`,`substitute_money`,`sort_order`,`total` FROM `lzh_investor_detail` WHERE ( borrow_id=382 )  [ RunTime:0.0010s ]
NOTIC: [8] Undefined offset: 1474819199 D:\wwwroot\TP\Application\Home\Controller\MessageController.class.php 第 207 行.
NOTIC: [8] Undefined index: capital D:\wwwroot\TP\Application\Home\Controller\MessageController.class.php 第 207 行.
NOTIC: [8] Undefined index: interest D:\wwwroot\TP\Application\Home\Controller\MessageController.class.php 第 208 行.
NOTIC: [8] Undefined offset: 1477411199 D:\wwwroot\TP\Application\Home\Controller\MessageController.class.php 第 207 行.
NOTIC: [8] Undefined index: capital D:\wwwroot\TP\Application\Home\Controller\MessageController.class.php 第 207 行.
NOTIC: [8] Undefined index: interest D:\wwwroot\TP\Application\Home\Controller\MessageController.class.php 第 208 行.
NOTIC: [8] Undefined offset: 1480089599 D:\wwwroot\TP\Application\Home\Controller\MessageController.class.php 第 207 行.
NOTIC: [8] Undefined index: capital D:\wwwroot\TP\Application\Home\Controller\MessageController.class.php 第 207 行.
NOTIC: [8] Undefined index: interest D:\wwwroot\TP\Application\Home\Controller\MessageController.class.php 第 208 行.
NOTIC: [8] Undefined index: 382:2016-09-25 D:\wwwroot\TP\Application\Home\Controller\MessageController.class.php 第 220 行.
NOTIC: [8] Undefined index: receive_capital D:\wwwroot\TP\Application\Home\Controller\MessageController.class.php 第 220 行.
NOTIC: [8] Undefined index: receive_interest D:\wwwroot\TP\Application\Home\Controller\MessageController.class.php 第 221 行.
NOTIC: [8] Undefined index: substitute_money D:\wwwroot\TP\Application\Home\Controller\MessageController.class.php 第 223 行.
NOTIC: [8] Undefined index: 382:2016-10-25 D:\wwwroot\TP\Application\Home\Controller\MessageController.class.php 第 220 行.
NOTIC: [8] Undefined index: receive_capital D:\wwwroot\TP\Application\Home\Controller\MessageController.class.php 第 220 行.
NOTIC: [8] Undefined index: receive_interest D:\wwwroot\TP\Application\Home\Controller\MessageController.class.php 第 221 行.
NOTIC: [8] Undefined index: substitute_money D:\wwwroot\TP\Application\Home\Controller\MessageController.class.php 第 223 行.
NOTIC: [8] Undefined index: 382:2016-11-25 D:\wwwroot\TP\Application\Home\Controller\MessageController.class.php 第 220 行.
NOTIC: [8] Undefined index: receive_capital D:\wwwroot\TP\Application\Home\Controller\MessageController.class.php 第 220 行.
NOTIC: [8] Undefined index: receive_interest D:\wwwroot\TP\Application\Home\Controller\MessageController.class.php 第 221 行.
NOTIC: [8] Undefined index: substitute_money D:\wwwroot\TP\Application\Home\Controller\MessageController.class.php 第 223 行.
SQL: SELECT COUNT(*) AS tp_count FROM `lzh_borrow_investor` WHERE ( borrow_id=382 ) LIMIT 1   [ RunTime:0.0010s ]
SQL: SELECT COUNT(*) AS tp_count FROM `lzh_borrow_info` WHERE `borrow_uid` = 3707 AND `borrow_status` IN ('2','4','6','7','9') LIMIT 1   [ RunTime:0.0000s ]
SQL: SELECT `borrow_id`,`repayment_time`,`deadline`,`interest`,`capital`,`receive_interest`,`receive_capital`,`substitute_money`,`sort_order`,`total` FROM `lzh_investor_detail` WHERE ( borrow_id=385 )  [ RunTime:0.0000s ]
NOTIC: [8] Undefined offset: 1503676799 D:\wwwroot\TP\Application\Home\Controller\MessageController.class.php 第 207 行.
NOTIC: [8] Undefined index: capital D:\wwwroot\TP\Application\Home\Controller\MessageController.class.php 第 207 行.
NOTIC: [8] Undefined index: interest D:\wwwroot\TP\Application\Home\Controller\MessageController.class.php 第 208 行.
NOTIC: [8] Undefined index: 385:2017-08-25 D:\wwwroot\TP\Application\Home\Controller\MessageController.class.php 第 220 行.
NOTIC: [8] Undefined index: receive_capital D:\wwwroot\TP\Application\Home\Controller\MessageController.class.php 第 220 行.
NOTIC: [8] Undefined index: receive_interest D:\wwwroot\TP\Application\Home\Controller\MessageController.class.php 第 221 行.
NOTIC: [8] Undefined index: substitute_money D:\wwwroot\TP\Application\Home\Controller\MessageController.class.php 第 223 行.
SQL: SELECT COUNT(*) AS tp_count FROM `lzh_borrow_investor` WHERE ( borrow_id=385 ) LIMIT 1   [ RunTime:0.0000s ]
SQL: SELECT COUNT(*) AS tp_count FROM `lzh_borrow_info` WHERE `borrow_uid` = 3711 AND `borrow_status` IN ('2','4','6','7','9') LIMIT 1   [ RunTime:0.0000s ]
SQL: SHOW COLUMNS FROM `lzh_borrow_investor` [ RunTime:0.0110s ]
SQL: SELECT `borrow_id`,`investor_uid`,`investor_capital`,`idcard` FROM lzh_borrow_investor id INNER JOIN lzh_member_info as lmi on lmi.uid = id.investor_uid  WHERE id.borrow_id IN ('381','382','385')  [ RunTime:0.0080s ]
INFO: [ app_end ] --START--
INFO: Run Behavior\ShowPageTraceBehavior [ RunTime:0.000000s ]
INFO: [ app_end ] --END-- [ RunTime:0.000000s ]

[ 2019-03-19T09:18:53+08:00 ] ::1 /tp/index.php/Home/Message/zhj_borrow
INFO: [ app_init ] --START--
INFO: Run Behavior\BuildLiteBehavior [ RunTime:0.000000s ]
INFO: [ app_init ] --END-- [ RunTime:0.000000s ]
INFO: [ app_begin ] --START--
INFO: Run Behavior\ReadHtmlCacheBehavior [ RunTime:0.001000s ]
INFO: [ app_begin ] --END-- [ RunTime:0.001000s ]
SQL: SHOW COLUMNS FROM `lzh_borrow_info` [ RunTime:0.0070s ]
SQL: SELECT bi.id FROM lzh_borrow_info bi LEFT JOIN lzh_member_jshbank as lmj on bi.borrow_uid = lmj.uid LEFT JOIN lzh_member_info as lmi on bi.borrow_uid = lmi.uid LEFT JOIN lzh_member_chinapnr as lmc on bi.borrow_uid = lmc.uid LEFT JOIN lzh_zhaiquan as lz on bi.borrow_zhaiquan = lz.id  WHERE ( (`second_verify_time` BETWEEN 1472054399 AND 1472140799) AND (`borrow_status` IN ('7','9')) )  [ RunTime:0.0020s ]
SQL: SHOW COLUMNS FROM `lzh_investor_detail` [ RunTime:0.0070s ]
SQL: SELECT DISTINCT  lid.borrow_id FROM lzh_investor_detail lid left join lzh_borrow_info as lbi on lbi.id =lid.borrow_id  WHERE ( (`repayment_time` BETWEEN 1472054399 AND 1472140799) AND (`second_verify_time` > 1472054399) )  [ RunTime:0.0350s ]
SQL: SELECT bi.id,`borrow_name`,`second_verify_time`,`borrow_money`,`deadline`,`borrow_interest_rate`,`has_pay`,`borrow_duration`,`repayment_type`,`borrow_fee`,`has_pay`,`borrow_interest`,`borrow_uid`,`borrow_status`,`is_advanced`,`is_prepayment`,`idcode`,`sex`,`idcard`,`custrole_type`,`bankname`,`idno`,`cardid`,`bankid`,`zhaiquan_idcard`,lz.type as lztype,`zhaiquan_bankinfo`,`mortgage` FROM lzh_borrow_info bi left join lzh_member_jshbank as lmj on bi.borrow_uid = lmj.uid left join lzh_member_info as lmi on bi.borrow_uid = lmi.uid left join lzh_member_chinapnr as lmc on bi.borrow_uid = lmc.uid left join lzh_zhaiquan as lz on bi.borrow_zhaiquan = lz.id  WHERE bi.id IN ('381','382','385') ORDER BY id asc  [ RunTime:0.0010s ]
SQL: SHOW COLUMNS FROM `lzh_investor_detail` [ RunTime:0.0060s ]
SQL: SELECT `borrow_id`,`repayment_time`,`deadline`,`interest`,`capital`,`receive_interest`,`receive_capital`,`substitute_money`,`sort_order`,`total` FROM `lzh_investor_detail` WHERE ( borrow_id=381 )  [ RunTime:0.0010s ]
NOTIC: [8] Undefined offset: 1474819199 D:\wwwroot\TP\Application\Home\Controller\MessageController.class.php 第 207 行.
NOTIC: [8] Undefined index: capital D:\wwwroot\TP\Application\Home\Controller\MessageController.class.php 第 207 行.
NOTIC: [8] Undefined index: interest D:\wwwroot\TP\Application\Home\Controller\MessageController.class.php 第 208 行.
NOTIC: [8] Undefined offset: 1477411199 D:\wwwroot\TP\Application\Home\Controller\MessageController.class.php 第 207 行.
NOTIC: [8] Undefined index: capital D:\wwwroot\TP\Application\Home\Controller\MessageController.class.php 第 207 行.
NOTIC: [8] Undefined index: interest D:\wwwroot\TP\Application\Home\Controller\MessageController.class.php 第 208 行.
NOTIC: [8] Undefined offset: 1480089599 D:\wwwroot\TP\Application\Home\Controller\MessageController.class.php 第 207 行.
NOTIC: [8] Undefined index: capital D:\wwwroot\TP\Application\Home\Controller\MessageController.class.php 第 207 行.
NOTIC: [8] Undefined index: interest D:\wwwroot\TP\Application\Home\Controller\MessageController.class.php 第 208 行.
NOTIC: [8] Undefined offset: 1482681599 D:\wwwroot\TP\Application\Home\Controller\MessageController.class.php 第 207 行.
NOTIC: [8] Undefined index: capital D:\wwwroot\TP\Application\Home\Controller\MessageController.class.php 第 207 行.
NOTIC: [8] Undefined index: interest D:\wwwroot\TP\Application\Home\Controller\MessageController.class.php 第 208 行.
NOTIC: [8] Undefined offset: 1485359999 D:\wwwroot\TP\Application\Home\Controller\MessageController.class.php 第 207 行.
NOTIC: [8] Undefined index: capital D:\wwwroot\TP\Application\Home\Controller\MessageController.class.php 第 207 行.
NOTIC: [8] Undefined index: interest D:\wwwroot\TP\Application\Home\Controller\MessageController.class.php 第 208 行.
NOTIC: [8] Undefined offset: 1488038399 D:\wwwroot\TP\Application\Home\Controller\MessageController.class.php 第 207 行.
NOTIC: [8] Undefined index: capital D:\wwwroot\TP\Application\Home\Controller\MessageController.class.php 第 207 行.
NOTIC: [8] Undefined index: interest D:\wwwroot\TP\Application\Home\Controller\MessageController.class.php 第 208 行.
NOTIC: [8] Undefined index: 381:2016-09-25 D:\wwwroot\TP\Application\Home\Controller\MessageController.class.php 第 220 行.
NOTIC: [8] Undefined index: receive_capital D:\wwwroot\TP\Application\Home\Controller\MessageController.class.php 第 220 行.
NOTIC: [8] Undefined index: receive_interest D:\wwwroot\TP\Application\Home\Controller\MessageController.class.php 第 221 行.
NOTIC: [8] Undefined index: substitute_money D:\wwwroot\TP\Application\Home\Controller\MessageController.class.php 第 223 行.
NOTIC: [8] Undefined index: 381:2016-10-25 D:\wwwroot\TP\Application\Home\Controller\MessageController.class.php 第 220 行.
NOTIC: [8] Undefined index: receive_capital D:\wwwroot\TP\Application\Home\Controller\MessageController.class.php 第 220 行.
NOTIC: [8] Undefined index: receive_interest D:\wwwroot\TP\Application\Home\Controller\MessageController.class.php 第 221 行.
NOTIC: [8] Undefined index: substitute_money D:\wwwroot\TP\Application\Home\Controller\MessageController.class.php 第 223 行.
NOTIC: [8] Undefined index: 381:2016-11-25 D:\wwwroot\TP\Application\Home\Controller\MessageController.class.php 第 220 行.
NOTIC: [8] Undefined index: receive_capital D:\wwwroot\TP\Application\Home\Controller\MessageController.class.php 第 220 行.
NOTIC: [8] Undefined index: receive_interest D:\wwwroot\TP\Application\Home\Controller\MessageController.class.php 第 221 行.
NOTIC: [8] Undefined index: substitute_money D:\wwwroot\TP\Application\Home\Controller\MessageController.class.php 第 223 行.
NOTIC: [8] Undefined index: 381:2016-12-25 D:\wwwroot\TP\Application\Home\Controller\MessageController.class.php 第 220 行.
NOTIC: [8] Undefined index: receive_capital D:\wwwroot\TP\Application\Home\Controller\MessageController.class.php 第 220 行.
NOTIC: [8] Undefined index: receive_interest D:\wwwroot\TP\Application\Home\Controller\MessageController.class.php 第 221 行.
NOTIC: [8] Undefined index: substitute_money D:\wwwroot\TP\Application\Home\Controller\MessageController.class.php 第 223 行.
NOTIC: [8] Undefined index: 381:2017-01-25 D:\wwwroot\TP\Application\Home\Controller\MessageController.class.php 第 220 行.
NOTIC: [8] Undefined index: receive_capital D:\wwwroot\TP\Application\Home\Controller\MessageController.class.php 第 220 行.
NOTIC: [8] Undefined index: receive_interest D:\wwwroot\TP\Application\Home\Controller\MessageController.class.php 第 221 行.
NOTIC: [8] Undefined index: substitute_money D:\wwwroot\TP\Application\Home\Controller\MessageController.class.php 第 223 行.
NOTIC: [8] Undefined index: 381:2017-02-25 D:\wwwroot\TP\Application\Home\Controller\MessageController.class.php 第 220 行.
NOTIC: [8] Undefined index: receive_capital D:\wwwroot\TP\Application\Home\Controller\MessageController.class.php 第 220 行.
NOTIC: [8] Undefined index: receive_interest D:\wwwroot\TP\Application\Home\Controller\MessageController.class.php 第 221 行.
NOTIC: [8] Undefined index: substitute_money D:\wwwroot\TP\Application\Home\Controller\MessageController.class.php 第 223 行.
SQL: SHOW COLUMNS FROM `lzh_borrow_investor` [ RunTime:0.0070s ]
SQL: SELECT COUNT(*) AS tp_count FROM `lzh_borrow_investor` WHERE ( borrow_id=381 ) LIMIT 1   [ RunTime:0.0010s ]
SQL: SHOW COLUMNS FROM `lzh_borrow_info` [ RunTime:0.0060s ]
SQL: SELECT COUNT(*) AS tp_count FROM `lzh_borrow_info` WHERE `borrow_uid` = 3706 AND `borrow_status` IN ('2','4','6','7','9') LIMIT 1   [ RunTime:0.0010s ]
SQL: SELECT `borrow_id`,`repayment_time`,`deadline`,`interest`,`capital`,`receive_interest`,`receive_capital`,`substitute_money`,`sort_order`,`total` FROM `lzh_investor_detail` WHERE ( borrow_id=382 )  [ RunTime:0.0000s ]
NOTIC: [8] Undefined offset: 1474819199 D:\wwwroot\TP\Application\Home\Controller\MessageController.class.php 第 207 行.
NOTIC: [8] Undefined index: capital D:\wwwroot\TP\Application\Home\Controller\MessageController.class.php 第 207 行.
NOTIC: [8] Undefined index: interest D:\wwwroot\TP\Application\Home\Controller\MessageController.class.php 第 208 行.
NOTIC: [8] Undefined offset: 1477411199 D:\wwwroot\TP\Application\Home\Controller\MessageController.class.php 第 207 行.
NOTIC: [8] Undefined index: capital D:\wwwroot\TP\Application\Home\Controller\MessageController.class.php 第 207 行.
NOTIC: [8] Undefined index: interest D:\wwwroot\TP\Application\Home\Controller\MessageController.class.php 第 208 行.
NOTIC: [8] Undefined offset: 1480089599 D:\wwwroot\TP\Application\Home\Controller\MessageController.class.php 第 207 行.
NOTIC: [8] Undefined index: capital D:\wwwroot\TP\Application\Home\Controller\MessageController.class.php 第 207 行.
NOTIC: [8] Undefined index: interest D:\wwwroot\TP\Application\Home\Controller\MessageController.class.php 第 208 行.
NOTIC: [8] Undefined index: 382:2016-09-25 D:\wwwroot\TP\Application\Home\Controller\MessageController.class.php 第 220 行.
NOTIC: [8] Undefined index: receive_capital D:\wwwroot\TP\Application\Home\Controller\MessageController.class.php 第 220 行.
NOTIC: [8] Undefined index: receive_interest D:\wwwroot\TP\Application\Home\Controller\MessageController.class.php 第 221 行.
NOTIC: [8] Undefined index: substitute_money D:\wwwroot\TP\Application\Home\Controller\MessageController.class.php 第 223 行.
NOTIC: [8] Undefined index: 382:2016-10-25 D:\wwwroot\TP\Application\Home\Controller\MessageController.class.php 第 220 行.
NOTIC: [8] Undefined index: receive_capital D:\wwwroot\TP\Application\Home\Controller\MessageController.class.php 第 220 行.
NOTIC: [8] Undefined index: receive_interest D:\wwwroot\TP\Application\Home\Controller\MessageController.class.php 第 221 行.
NOTIC: [8] Undefined index: substitute_money D:\wwwroot\TP\Application\Home\Controller\MessageController.class.php 第 223 行.
NOTIC: [8] Undefined index: 382:2016-11-25 D:\wwwroot\TP\Application\Home\Controller\MessageController.class.php 第 220 行.
NOTIC: [8] Undefined index: receive_capital D:\wwwroot\TP\Application\Home\Controller\MessageController.class.php 第 220 行.
NOTIC: [8] Undefined index: receive_interest D:\wwwroot\TP\Application\Home\Controller\MessageController.class.php 第 221 行.
NOTIC: [8] Undefined index: substitute_money D:\wwwroot\TP\Application\Home\Controller\MessageController.class.php 第 223 行.
SQL: SELECT COUNT(*) AS tp_count FROM `lzh_borrow_investor` WHERE ( borrow_id=382 ) LIMIT 1   [ RunTime:0.0000s ]
SQL: SELECT COUNT(*) AS tp_count FROM `lzh_borrow_info` WHERE `borrow_uid` = 3707 AND `borrow_status` IN ('2','4','6','7','9') LIMIT 1   [ RunTime:0.0000s ]
SQL: SELECT `borrow_id`,`repayment_time`,`deadline`,`interest`,`capital`,`receive_interest`,`receive_capital`,`substitute_money`,`sort_order`,`total` FROM `lzh_investor_detail` WHERE ( borrow_id=385 )  [ RunTime:0.0010s ]
NOTIC: [8] Undefined offset: 1503676799 D:\wwwroot\TP\Application\Home\Controller\MessageController.class.php 第 207 行.
NOTIC: [8] Undefined index: capital D:\wwwroot\TP\Application\Home\Controller\MessageController.class.php 第 207 行.
NOTIC: [8] Undefined index: interest D:\wwwroot\TP\Application\Home\Controller\MessageController.class.php 第 208 行.
NOTIC: [8] Undefined index: 385:2017-08-25 D:\wwwroot\TP\Application\Home\Controller\MessageController.class.php 第 220 行.
NOTIC: [8] Undefined index: receive_capital D:\wwwroot\TP\Application\Home\Controller\MessageController.class.php 第 220 行.
NOTIC: [8] Undefined index: receive_interest D:\wwwroot\TP\Application\Home\Controller\MessageController.class.php 第 221 行.
NOTIC: [8] Undefined index: substitute_money D:\wwwroot\TP\Application\Home\Controller\MessageController.class.php 第 223 行.
SQL: SELECT COUNT(*) AS tp_count FROM `lzh_borrow_investor` WHERE ( borrow_id=385 ) LIMIT 1   [ RunTime:0.0000s ]
SQL: SELECT COUNT(*) AS tp_count FROM `lzh_borrow_info` WHERE `borrow_uid` = 3711 AND `borrow_status` IN ('2','4','6','7','9') LIMIT 1   [ RunTime:0.0010s ]
SQL: SHOW COLUMNS FROM `lzh_borrow_investor` [ RunTime:0.0060s ]
SQL: SELECT `borrow_id`,`investor_uid`,`investor_capital`,`idcard` FROM lzh_borrow_investor id INNER JOIN lzh_member_info as lmi on lmi.uid = id.investor_uid  WHERE id.borrow_id IN ('381','382','385')  [ RunTime:0.0010s ]
INFO: [ app_end ] --START--
INFO: Run Behavior\ShowPageTraceBehavior [ RunTime:0.000000s ]
INFO: [ app_end ] --END-- [ RunTime:0.000000s ]

[ 2019-03-19T09:21:19+08:00 ] ::1 /tp/index.php/Home/Message/zhj_borrow
INFO: [ app_init ] --START--
INFO: Run Behavior\BuildLiteBehavior [ RunTime:0.000000s ]
INFO: [ app_init ] --END-- [ RunTime:0.001000s ]
INFO: [ app_begin ] --START--
INFO: Run Behavior\ReadHtmlCacheBehavior [ RunTime:0.000000s ]
INFO: [ app_begin ] --END-- [ RunTime:0.000000s ]
SQL: SHOW COLUMNS FROM `lzh_borrow_info` [ RunTime:0.0060s ]
SQL: SELECT bi.id FROM lzh_borrow_info bi LEFT JOIN lzh_member_jshbank as lmj on bi.borrow_uid = lmj.uid LEFT JOIN lzh_member_info as lmi on bi.borrow_uid = lmi.uid LEFT JOIN lzh_member_chinapnr as lmc on bi.borrow_uid = lmc.uid LEFT JOIN lzh_zhaiquan as lz on bi.borrow_zhaiquan = lz.id  WHERE ( (`second_verify_time` BETWEEN 1474732799 AND 1474819199) AND (`borrow_status` IN ('7','9')) )  [ RunTime:0.0020s ]
SQL: SHOW COLUMNS FROM `lzh_investor_detail` [ RunTime:0.0060s ]
SQL: SELECT DISTINCT  lid.borrow_id FROM lzh_investor_detail lid left join lzh_borrow_info as lbi on lbi.id =lid.borrow_id  WHERE ( (`repayment_time` BETWEEN 1474732799 AND 1474819199) AND (`second_verify_time` > 1472054399) )  [ RunTime:0.0340s ]
SQL: SELECT bi.id,`borrow_name`,`second_verify_time`,`borrow_money`,`deadline`,`borrow_interest_rate`,`has_pay`,`borrow_duration`,`repayment_type`,`borrow_fee`,`has_pay`,`borrow_interest`,`borrow_uid`,`borrow_status`,`is_advanced`,`is_prepayment`,`idcode`,`sex`,`idcard`,`custrole_type`,`bankname`,`idno`,`cardid`,`bankid`,`zhaiquan_idcard`,lz.type as lztype,`zhaiquan_bankinfo`,`mortgage` FROM lzh_borrow_info bi left join lzh_member_jshbank as lmj on bi.borrow_uid = lmj.uid left join lzh_member_info as lmi on bi.borrow_uid = lmi.uid left join lzh_member_chinapnr as lmc on bi.borrow_uid = lmc.uid left join lzh_zhaiquan as lz on bi.borrow_zhaiquan = lz.id  WHERE bi.id IN ('381','382') ORDER BY id asc  [ RunTime:0.0010s ]
SQL: SHOW COLUMNS FROM `lzh_investor_detail` [ RunTime:0.0060s ]
SQL: SELECT `borrow_id`,`repayment_time`,`deadline`,`interest`,`capital`,`receive_interest`,`receive_capital`,`substitute_money`,`sort_order`,`total` FROM `lzh_investor_detail` WHERE ( borrow_id=381 )  [ RunTime:0.0010s ]
NOTIC: [8] Undefined offset: 1474819199 D:\wwwroot\TP\Application\Home\Controller\MessageController.class.php 第 207 行.
NOTIC: [8] Undefined index: capital D:\wwwroot\TP\Application\Home\Controller\MessageController.class.php 第 207 行.
NOTIC: [8] Undefined index: interest D:\wwwroot\TP\Application\Home\Controller\MessageController.class.php 第 208 行.
NOTIC: [8] Undefined offset: 1477411199 D:\wwwroot\TP\Application\Home\Controller\MessageController.class.php 第 207 行.
NOTIC: [8] Undefined index: capital D:\wwwroot\TP\Application\Home\Controller\MessageController.class.php 第 207 行.
NOTIC: [8] Undefined index: interest D:\wwwroot\TP\Application\Home\Controller\MessageController.class.php 第 208 行.
NOTIC: [8] Undefined offset: 1480089599 D:\wwwroot\TP\Application\Home\Controller\MessageController.class.php 第 207 行.
NOTIC: [8] Undefined index: capital D:\wwwroot\TP\Application\Home\Controller\MessageController.class.php 第 207 行.
NOTIC: [8] Undefined index: interest D:\wwwroot\TP\Application\Home\Controller\MessageController.class.php 第 208 行.
NOTIC: [8] Undefined offset: 1482681599 D:\wwwroot\TP\Application\Home\Controller\MessageController.class.php 第 207 行.
NOTIC: [8] Undefined index: capital D:\wwwroot\TP\Application\Home\Controller\MessageController.class.php 第 207 行.
NOTIC: [8] Undefined index: interest D:\wwwroot\TP\Application\Home\Controller\MessageController.class.php 第 208 行.
NOTIC: [8] Undefined offset: 1485359999 D:\wwwroot\TP\Application\Home\Controller\MessageController.class.php 第 207 行.
NOTIC: [8] Undefined index: capital D:\wwwroot\TP\Application\Home\Controller\MessageController.class.php 第 207 行.
NOTIC: [8] Undefined index: interest D:\wwwroot\TP\Application\Home\Controller\MessageController.class.php 第 208 行.
NOTIC: [8] Undefined offset: 1488038399 D:\wwwroot\TP\Application\Home\Controller\MessageController.class.php 第 207 行.
NOTIC: [8] Undefined index: capital D:\wwwroot\TP\Application\Home\Controller\MessageController.class.php 第 207 行.
NOTIC: [8] Undefined index: interest D:\wwwroot\TP\Application\Home\Controller\MessageController.class.php 第 208 行.
NOTIC: [8] Undefined index: 381:2016-09-25 D:\wwwroot\TP\Application\Home\Controller\MessageController.class.php 第 220 行.
NOTIC: [8] Undefined index: receive_capital D:\wwwroot\TP\Application\Home\Controller\MessageController.class.php 第 220 行.
NOTIC: [8] Undefined index: receive_interest D:\wwwroot\TP\Application\Home\Controller\MessageController.class.php 第 221 行.
NOTIC: [8] Undefined index: substitute_money D:\wwwroot\TP\Application\Home\Controller\MessageController.class.php 第 223 行.
NOTIC: [8] Undefined index: 381:2016-10-25 D:\wwwroot\TP\Application\Home\Controller\MessageController.class.php 第 220 行.
NOTIC: [8] Undefined index: receive_capital D:\wwwroot\TP\Application\Home\Controller\MessageController.class.php 第 220 行.
NOTIC: [8] Undefined index: receive_interest D:\wwwroot\TP\Application\Home\Controller\MessageController.class.php 第 221 行.
NOTIC: [8] Undefined index: substitute_money D:\wwwroot\TP\Application\Home\Controller\MessageController.class.php 第 223 行.
NOTIC: [8] Undefined index: 381:2016-11-25 D:\wwwroot\TP\Application\Home\Controller\MessageController.class.php 第 220 行.
NOTIC: [8] Undefined index: receive_capital D:\wwwroot\TP\Application\Home\Controller\MessageController.class.php 第 220 行.
NOTIC: [8] Undefined index: receive_interest D:\wwwroot\TP\Application\Home\Controller\MessageController.class.php 第 221 行.
NOTIC: [8] Undefined index: substitute_money D:\wwwroot\TP\Application\Home\Controller\MessageController.class.php 第 223 行.
NOTIC: [8] Undefined index: 381:2016-12-25 D:\wwwroot\TP\Application\Home\Controller\MessageController.class.php 第 220 行.
NOTIC: [8] Undefined index: receive_capital D:\wwwroot\TP\Application\Home\Controller\MessageController.class.php 第 220 行.
NOTIC: [8] Undefined index: receive_interest D:\wwwroot\TP\Application\Home\Controller\MessageController.class.php 第 221 行.
NOTIC: [8] Undefined index: substitute_money D:\wwwroot\TP\Application\Home\Controller\MessageController.class.php 第 223 行.
NOTIC: [8] Undefined index: 381:2017-01-25 D:\wwwroot\TP\Application\Home\Controller\MessageController.class.php 第 220 行.
NOTIC: [8] Undefined index: receive_capital D:\wwwroot\TP\Application\Home\Controller\MessageController.class.php 第 220 行.
NOTIC: [8] Undefined index: receive_interest D:\wwwroot\TP\Application\Home\Controller\MessageController.class.php 第 221 行.
NOTIC: [8] Undefined index: substitute_money D:\wwwroot\TP\Application\Home\Controller\MessageController.class.php 第 223 行.
NOTIC: [8] Undefined index: 381:2017-02-25 D:\wwwroot\TP\Application\Home\Controller\MessageController.class.php 第 220 行.
NOTIC: [8] Undefined index: receive_capital D:\wwwroot\TP\Application\Home\Controller\MessageController.class.php 第 220 行.
NOTIC: [8] Undefined index: receive_interest D:\wwwroot\TP\Application\Home\Controller\MessageController.class.php 第 221 行.
NOTIC: [8] Undefined index: substitute_money D:\wwwroot\TP\Application\Home\Controller\MessageController.class.php 第 223 行.
SQL: SHOW COLUMNS FROM `lzh_borrow_investor` [ RunTime:0.0060s ]
SQL: SELECT COUNT(*) AS tp_count FROM `lzh_borrow_investor` WHERE ( borrow_id=381 ) LIMIT 1   [ RunTime:0.0010s ]
SQL: SHOW COLUMNS FROM `lzh_borrow_info` [ RunTime:0.0060s ]
SQL: SELECT COUNT(*) AS tp_count FROM `lzh_borrow_info` WHERE `borrow_uid` = 3706 AND `borrow_status` IN ('2','4','6','7','9') LIMIT 1   [ RunTime:0.0000s ]
SQL: SELECT `borrow_id`,`repayment_time`,`deadline`,`interest`,`capital`,`receive_interest`,`receive_capital`,`substitute_money`,`sort_order`,`total` FROM `lzh_investor_detail` WHERE ( borrow_id=382 )  [ RunTime:0.0010s ]
NOTIC: [8] Undefined offset: 1474819199 D:\wwwroot\TP\Application\Home\Controller\MessageController.class.php 第 207 行.
NOTIC: [8] Undefined index: capital D:\wwwroot\TP\Application\Home\Controller\MessageController.class.php 第 207 行.
NOTIC: [8] Undefined index: interest D:\wwwroot\TP\Application\Home\Controller\MessageController.class.php 第 208 行.
NOTIC: [8] Undefined offset: 1477411199 D:\wwwroot\TP\Application\Home\Controller\MessageController.class.php 第 207 行.
NOTIC: [8] Undefined index: capital D:\wwwroot\TP\Application\Home\Controller\MessageController.class.php 第 207 行.
NOTIC: [8] Undefined index: interest D:\wwwroot\TP\Application\Home\Controller\MessageController.class.php 第 208 行.
NOTIC: [8] Undefined offset: 1480089599 D:\wwwroot\TP\Application\Home\Controller\MessageController.class.php 第 207 行.
NOTIC: [8] Undefined index: capital D:\wwwroot\TP\Application\Home\Controller\MessageController.class.php 第 207 行.
NOTIC: [8] Undefined index: interest D:\wwwroot\TP\Application\Home\Controller\MessageController.class.php 第 208 行.
NOTIC: [8] Undefined index: 382:2016-09-25 D:\wwwroot\TP\Application\Home\Controller\MessageController.class.php 第 220 行.
NOTIC: [8] Undefined index: receive_capital D:\wwwroot\TP\Application\Home\Controller\MessageController.class.php 第 220 行.
NOTIC: [8] Undefined index: receive_interest D:\wwwroot\TP\Application\Home\Controller\MessageController.class.php 第 221 行.
NOTIC: [8] Undefined index: substitute_money D:\wwwroot\TP\Application\Home\Controller\MessageController.class.php 第 223 行.
NOTIC: [8] Undefined index: 382:2016-10-25 D:\wwwroot\TP\Application\Home\Controller\MessageController.class.php 第 220 行.
NOTIC: [8] Undefined index: receive_capital D:\wwwroot\TP\Application\Home\Controller\MessageController.class.php 第 220 行.
NOTIC: [8] Undefined index: receive_interest D:\wwwroot\TP\Application\Home\Controller\MessageController.class.php 第 221 行.
NOTIC: [8] Undefined index: substitute_money D:\wwwroot\TP\Application\Home\Controller\MessageController.class.php 第 223 行.
NOTIC: [8] Undefined index: 382:2016-11-25 D:\wwwroot\TP\Application\Home\Controller\MessageController.class.php 第 220 行.
NOTIC: [8] Undefined index: receive_capital D:\wwwroot\TP\Application\Home\Controller\MessageController.class.php 第 220 行.
NOTIC: [8] Undefined index: receive_interest D:\wwwroot\TP\Application\Home\Controller\MessageController.class.php 第 221 行.
NOTIC: [8] Undefined index: substitute_money D:\wwwroot\TP\Application\Home\Controller\MessageController.class.php 第 223 行.
SQL: SELECT COUNT(*) AS tp_count FROM `lzh_borrow_investor` WHERE ( borrow_id=382 ) LIMIT 1   [ RunTime:0.0010s ]
SQL: SELECT COUNT(*) AS tp_count FROM `lzh_borrow_info` WHERE `borrow_uid` = 3707 AND `borrow_status` IN ('2','4','6','7','9') LIMIT 1   [ RunTime:0.0000s ]
SQL: SHOW COLUMNS FROM `lzh_borrow_investor` [ RunTime:0.0070s ]
SQL: SELECT `borrow_id`,`investor_uid`,`investor_capital`,`idcard` FROM lzh_borrow_investor id INNER JOIN lzh_member_info as lmi on lmi.uid = id.investor_uid  WHERE id.borrow_id IN ('381','382')  [ RunTime:0.0010s ]
INFO: [ app_end ] --START--
INFO: Run Behavior\ShowPageTraceBehavior [ RunTime:0.001000s ]
INFO: [ app_end ] --END-- [ RunTime:0.001000s ]

[ 2019-03-19T09:22:45+08:00 ] ::1 /tp/index.php/Home/Message/zhj_borrow
INFO: [ app_init ] --START--
INFO: Run Behavior\BuildLiteBehavior [ RunTime:0.000000s ]
INFO: [ app_init ] --END-- [ RunTime:0.001000s ]
INFO: [ app_begin ] --START--
INFO: Run Behavior\ReadHtmlCacheBehavior [ RunTime:0.000000s ]
INFO: [ app_begin ] --END-- [ RunTime:0.000000s ]
SQL: SHOW COLUMNS FROM `lzh_borrow_info` [ RunTime:0.0110s ]
SQL: SELECT bi.id FROM lzh_borrow_info bi LEFT JOIN lzh_member_jshbank as lmj on bi.borrow_uid = lmj.uid LEFT JOIN lzh_member_info as lmi on bi.borrow_uid = lmi.uid LEFT JOIN lzh_member_chinapnr as lmc on bi.borrow_uid = lmc.uid LEFT JOIN lzh_zhaiquan as lz on bi.borrow_zhaiquan = lz.id  WHERE ( (`second_verify_time` BETWEEN 1474732799 AND 1474819199) AND (`borrow_status` IN ('7','9')) )  [ RunTime:0.0020s ]
SQL: SHOW COLUMNS FROM `lzh_investor_detail` [ RunTime:0.0100s ]
SQL: SELECT DISTINCT  lid.borrow_id FROM lzh_investor_detail lid left join lzh_borrow_info as lbi on lbi.id =lid.borrow_id  WHERE ( (`repayment_time` BETWEEN 1474732799 AND 1474819199) AND (`second_verify_time` > 1472054399) )  [ RunTime:0.0350s ]
SQL: SELECT bi.id,`borrow_name`,`second_verify_time`,`borrow_money`,`deadline`,`borrow_interest_rate`,`has_pay`,`borrow_duration`,`repayment_type`,`borrow_fee`,`has_pay`,`borrow_interest`,`borrow_uid`,`borrow_status`,`is_advanced`,`is_prepayment`,`idcode`,`sex`,`idcard`,`custrole_type`,`bankname`,`idno`,`cardid`,`bankid`,`zhaiquan_idcard`,lz.type as lztype,`zhaiquan_bankinfo`,`mortgage` FROM lzh_borrow_info bi left join lzh_member_jshbank as lmj on bi.borrow_uid = lmj.uid left join lzh_member_info as lmi on bi.borrow_uid = lmi.uid left join lzh_member_chinapnr as lmc on bi.borrow_uid = lmc.uid left join lzh_zhaiquan as lz on bi.borrow_zhaiquan = lz.id  WHERE bi.id IN ('381','382') ORDER BY id asc  [ RunTime:0.0010s ]
SQL: SHOW COLUMNS FROM `lzh_investor_detail` [ RunTime:0.0090s ]
SQL: SELECT `borrow_id`,`repayment_time`,`deadline`,`interest`,`capital`,`receive_interest`,`receive_capital`,`substitute_money`,`sort_order`,`total` FROM `lzh_investor_detail` WHERE ( borrow_id=381 )  [ RunTime:0.0010s ]
NOTIC: [8] Undefined offset: 1474819199 D:\wwwroot\TP\Application\Home\Controller\MessageController.class.php 第 207 行.
NOTIC: [8] Undefined index: capital D:\wwwroot\TP\Application\Home\Controller\MessageController.class.php 第 207 行.
NOTIC: [8] Undefined index: interest D:\wwwroot\TP\Application\Home\Controller\MessageController.class.php 第 208 行.
NOTIC: [8] Undefined offset: 1477411199 D:\wwwroot\TP\Application\Home\Controller\MessageController.class.php 第 207 行.
NOTIC: [8] Undefined index: capital D:\wwwroot\TP\Application\Home\Controller\MessageController.class.php 第 207 行.
NOTIC: [8] Undefined index: interest D:\wwwroot\TP\Application\Home\Controller\MessageController.class.php 第 208 行.
NOTIC: [8] Undefined offset: 1480089599 D:\wwwroot\TP\Application\Home\Controller\MessageController.class.php 第 207 行.
NOTIC: [8] Undefined index: capital D:\wwwroot\TP\Application\Home\Controller\MessageController.class.php 第 207 行.
NOTIC: [8] Undefined index: interest D:\wwwroot\TP\Application\Home\Controller\MessageController.class.php 第 208 行.
NOTIC: [8] Undefined offset: 1482681599 D:\wwwroot\TP\Application\Home\Controller\MessageController.class.php 第 207 行.
NOTIC: [8] Undefined index: capital D:\wwwroot\TP\Application\Home\Controller\MessageController.class.php 第 207 行.
NOTIC: [8] Undefined index: interest D:\wwwroot\TP\Application\Home\Controller\MessageController.class.php 第 208 行.
NOTIC: [8] Undefined offset: 1485359999 D:\wwwroot\TP\Application\Home\Controller\MessageController.class.php 第 207 行.
NOTIC: [8] Undefined index: capital D:\wwwroot\TP\Application\Home\Controller\MessageController.class.php 第 207 行.
NOTIC: [8] Undefined index: interest D:\wwwroot\TP\Application\Home\Controller\MessageController.class.php 第 208 行.
NOTIC: [8] Undefined offset: 1488038399 D:\wwwroot\TP\Application\Home\Controller\MessageController.class.php 第 207 行.
NOTIC: [8] Undefined index: capital D:\wwwroot\TP\Application\Home\Controller\MessageController.class.php 第 207 行.
NOTIC: [8] Undefined index: interest D:\wwwroot\TP\Application\Home\Controller\MessageController.class.php 第 208 行.
NOTIC: [8] Undefined index: 381:2016-09-25 D:\wwwroot\TP\Application\Home\Controller\MessageController.class.php 第 220 行.
NOTIC: [8] Undefined index: receive_capital D:\wwwroot\TP\Application\Home\Controller\MessageController.class.php 第 220 行.
NOTIC: [8] Undefined index: receive_interest D:\wwwroot\TP\Application\Home\Controller\MessageController.class.php 第 221 行.
NOTIC: [8] Undefined index: substitute_money D:\wwwroot\TP\Application\Home\Controller\MessageController.class.php 第 223 行.
NOTIC: [8] Undefined index: 381:2016-10-25 D:\wwwroot\TP\Application\Home\Controller\MessageController.class.php 第 220 行.
NOTIC: [8] Undefined index: receive_capital D:\wwwroot\TP\Application\Home\Controller\MessageController.class.php 第 220 行.
NOTIC: [8] Undefined index: receive_interest D:\wwwroot\TP\Application\Home\Controller\MessageController.class.php 第 221 行.
NOTIC: [8] Undefined index: substitute_money D:\wwwroot\TP\Application\Home\Controller\MessageController.class.php 第 223 行.
NOTIC: [8] Undefined index: 381:2016-11-25 D:\wwwroot\TP\Application\Home\Controller\MessageController.class.php 第 220 行.
NOTIC: [8] Undefined index: receive_capital D:\wwwroot\TP\Application\Home\Controller\MessageController.class.php 第 220 行.
NOTIC: [8] Undefined index: receive_interest D:\wwwroot\TP\Application\Home\Controller\MessageController.class.php 第 221 行.
NOTIC: [8] Undefined index: substitute_money D:\wwwroot\TP\Application\Home\Controller\MessageController.class.php 第 223 行.
NOTIC: [8] Undefined index: 381:2016-12-25 D:\wwwroot\TP\Application\Home\Controller\MessageController.class.php 第 220 行.
NOTIC: [8] Undefined index: receive_capital D:\wwwroot\TP\Application\Home\Controller\MessageController.class.php 第 220 行.
NOTIC: [8] Undefined index: receive_interest D:\wwwroot\TP\Application\Home\Controller\MessageController.class.php 第 221 行.
NOTIC: [8] Undefined index: substitute_money D:\wwwroot\TP\Application\Home\Controller\MessageController.class.php 第 223 行.
NOTIC: [8] Undefined index: 381:2017-01-25 D:\wwwroot\TP\Application\Home\Controller\MessageController.class.php 第 220 行.
NOTIC: [8] Undefined index: receive_capital D:\wwwroot\TP\Application\Home\Controller\MessageController.class.php 第 220 行.
NOTIC: [8] Undefined index: receive_interest D:\wwwroot\TP\Application\Home\Controller\MessageController.class.php 第 221 行.
NOTIC: [8] Undefined index: substitute_money D:\wwwroot\TP\Application\Home\Controller\MessageController.class.php 第 223 行.
NOTIC: [8] Undefined index: 381:2017-02-25 D:\wwwroot\TP\Application\Home\Controller\MessageController.class.php 第 220 行.
NOTIC: [8] Undefined index: receive_capital D:\wwwroot\TP\Application\Home\Controller\MessageController.class.php 第 220 行.
NOTIC: [8] Undefined index: receive_interest D:\wwwroot\TP\Application\Home\Controller\MessageController.class.php 第 221 行.
NOTIC: [8] Undefined index: substitute_money D:\wwwroot\TP\Application\Home\Controller\MessageController.class.php 第 223 行.
SQL: SHOW COLUMNS FROM `lzh_borrow_investor` [ RunTime:0.0090s ]
SQL: SELECT COUNT(*) AS tp_count FROM `lzh_borrow_investor` WHERE ( borrow_id=381 ) LIMIT 1   [ RunTime:0.0000s ]
SQL: SHOW COLUMNS FROM `lzh_borrow_info` [ RunTime:0.0100s ]
SQL: SELECT COUNT(*) AS tp_count FROM `lzh_borrow_info` WHERE `borrow_uid` = 3706 AND `borrow_status` IN ('2','4','6','7','9') LIMIT 1   [ RunTime:0.0010s ]
SQL: SELECT `borrow_id`,`repayment_time`,`deadline`,`interest`,`capital`,`receive_interest`,`receive_capital`,`substitute_money`,`sort_order`,`total` FROM `lzh_investor_detail` WHERE ( borrow_id=382 )  [ RunTime:0.0000s ]
NOTIC: [8] Undefined offset: 1474819199 D:\wwwroot\TP\Application\Home\Controller\MessageController.class.php 第 207 行.
NOTIC: [8] Undefined index: capital D:\wwwroot\TP\Application\Home\Controller\MessageController.class.php 第 207 行.
NOTIC: [8] Undefined index: interest D:\wwwroot\TP\Application\Home\Controller\MessageController.class.php 第 208 行.
NOTIC: [8] Undefined offset: 1477411199 D:\wwwroot\TP\Application\Home\Controller\MessageController.class.php 第 207 行.
NOTIC: [8] Undefined index: capital D:\wwwroot\TP\Application\Home\Controller\MessageController.class.php 第 207 行.
NOTIC: [8] Undefined index: interest D:\wwwroot\TP\Application\Home\Controller\MessageController.class.php 第 208 行.
NOTIC: [8] Undefined offset: 1480089599 D:\wwwroot\TP\Application\Home\Controller\MessageController.class.php 第 207 行.
NOTIC: [8] Undefined index: capital D:\wwwroot\TP\Application\Home\Controller\MessageController.class.php 第 207 行.
NOTIC: [8] Undefined index: interest D:\wwwroot\TP\Application\Home\Controller\MessageController.class.php 第 208 行.
NOTIC: [8] Undefined index: 382:2016-09-25 D:\wwwroot\TP\Application\Home\Controller\MessageController.class.php 第 220 行.
NOTIC: [8] Undefined index: receive_capital D:\wwwroot\TP\Application\Home\Controller\MessageController.class.php 第 220 行.
NOTIC: [8] Undefined index: receive_interest D:\wwwroot\TP\Application\Home\Controller\MessageController.class.php 第 221 行.
NOTIC: [8] Undefined index: substitute_money D:\wwwroot\TP\Application\Home\Controller\MessageController.class.php 第 223 行.
NOTIC: [8] Undefined index: 382:2016-10-25 D:\wwwroot\TP\Application\Home\Controller\MessageController.class.php 第 220 行.
NOTIC: [8] Undefined index: receive_capital D:\wwwroot\TP\Application\Home\Controller\MessageController.class.php 第 220 行.
NOTIC: [8] Undefined index: receive_interest D:\wwwroot\TP\Application\Home\Controller\MessageController.class.php 第 221 行.
NOTIC: [8] Undefined index: substitute_money D:\wwwroot\TP\Application\Home\Controller\MessageController.class.php 第 223 行.
NOTIC: [8] Undefined index: 382:2016-11-25 D:\wwwroot\TP\Application\Home\Controller\MessageController.class.php 第 220 行.
NOTIC: [8] Undefined index: receive_capital D:\wwwroot\TP\Application\Home\Controller\MessageController.class.php 第 220 行.
NOTIC: [8] Undefined index: receive_interest D:\wwwroot\TP\Application\Home\Controller\MessageController.class.php 第 221 行.
NOTIC: [8] Undefined index: substitute_money D:\wwwroot\TP\Application\Home\Controller\MessageController.class.php 第 223 行.
SQL: SELECT COUNT(*) AS tp_count FROM `lzh_borrow_investor` WHERE ( borrow_id=382 ) LIMIT 1   [ RunTime:0.0000s ]
SQL: SELECT COUNT(*) AS tp_count FROM `lzh_borrow_info` WHERE `borrow_uid` = 3707 AND `borrow_status` IN ('2','4','6','7','9') LIMIT 1   [ RunTime:0.0000s ]
SQL: SHOW COLUMNS FROM `lzh_borrow_investor` [ RunTime:0.0100s ]
SQL: SELECT `borrow_id`,`investor_uid`,`investor_capital`,`idcard` FROM lzh_borrow_investor id INNER JOIN lzh_member_info as lmi on lmi.uid = id.investor_uid  WHERE id.borrow_id IN ('381','382')  [ RunTime:0.0010s ]
INFO: [ app_end ] --START--
INFO: Run Behavior\ShowPageTraceBehavior [ RunTime:0.001000s ]
INFO: [ app_end ] --END-- [ RunTime:0.001000s ]

[ 2019-03-19T16:35:17+08:00 ] ::1 /tp/index.php/Home/Baihang/SendtoBaiHang_D2
INFO: [ app_init ] --START--
INFO: Run Behavior\BuildLiteBehavior [ RunTime:0.000000s ]
INFO: [ app_init ] --END-- [ RunTime:0.000000s ]
INFO: [ app_begin ] --START--
INFO: Run Behavior\ReadHtmlCacheBehavior [ RunTime:0.001000s ]
INFO: [ app_begin ] --END-- [ RunTime:0.001000s ]
ERR: 1146:Table 'thinkphp.borrow_baihang' doesn't exist
 [ SQL语句 ] : SHOW COLUMNS FROM `borrow_baihang`
ERR: 1146:Table 'thinkphp.borrow_baihang' doesn't exist
 [ SQL语句 ] : SHOW COLUMNS FROM `borrow_baihang`

[ 2019-03-19T16:37:23+08:00 ] ::1 /tp/index.php/Home/Baihang/SendtoBaiHang_D2
INFO: [ app_init ] --START--
INFO: Run Behavior\BuildLiteBehavior [ RunTime:0.000000s ]
INFO: [ app_init ] --END-- [ RunTime:0.000000s ]
INFO: [ app_begin ] --START--
INFO: Run Behavior\ReadHtmlCacheBehavior [ RunTime:0.001001s ]
INFO: [ app_begin ] --END-- [ RunTime:0.001001s ]
SQL: SHOW COLUMNS FROM `lzh_borrow_baihang` [ RunTime:0.0100s ]
SQL: SELECT * FROM `lzh_borrow_baihang` WHERE `send_time` = '2019-03-19'  [ RunTime:0.0000s ]
NOTIC: [8] Undefined index: biao_id D:\wwwroot\TP\Application\Home\Controller\BaihangController.class.php 第 28 行.
ERR: 1146:Table 'thinkphp.members' doesn't exist
 [ SQL语句 ] : SHOW COLUMNS FROM `members`
ERR: 1146:Table 'thinkphp.members' doesn't exist
 [ SQL语句 ] : SHOW COLUMNS FROM `members`

[ 2019-03-19T16:38:32+08:00 ] ::1 /tp/index.php/Home/Baihang/SendtoBaiHang_D2
INFO: [ app_init ] --START--
INFO: Run Behavior\BuildLiteBehavior [ RunTime:0.000000s ]
INFO: [ app_init ] --END-- [ RunTime:0.000000s ]
INFO: [ app_begin ] --START--
INFO: Run Behavior\ReadHtmlCacheBehavior [ RunTime:0.001000s ]
INFO: [ app_begin ] --END-- [ RunTime:0.001000s ]
SQL: SHOW COLUMNS FROM `lzh_borrow_baihang` [ RunTime:0.0100s ]
SQL: SELECT * FROM `lzh_borrow_baihang` WHERE `send_time` = '2019-03-19'  [ RunTime:0.0010s ]
NOTIC: [8] Undefined index: biao_id D:\wwwroot\TP\Application\Home\Controller\BaihangController.class.php 第 28 行.
ERR: 1146:Table 'thinkphp.members' doesn't exist
 [ SQL语句 ] : SHOW COLUMNS FROM `members`
ERR: 1146:Table 'thinkphp.members' doesn't exist
 [ SQL语句 ] : SHOW COLUMNS FROM `members`

[ 2019-03-19T16:38:34+08:00 ] ::1 /tp/index.php/Home/Baihang/SendtoBaiHang_D2
INFO: [ app_init ] --START--
INFO: Run Behavior\BuildLiteBehavior [ RunTime:0.000000s ]
INFO: [ app_init ] --END-- [ RunTime:0.000000s ]
INFO: [ app_begin ] --START--
INFO: Run Behavior\ReadHtmlCacheBehavior [ RunTime:0.000000s ]
INFO: [ app_begin ] --END-- [ RunTime:0.000000s ]
SQL: SHOW COLUMNS FROM `lzh_borrow_baihang` [ RunTime:0.0100s ]
SQL: SELECT * FROM `lzh_borrow_baihang` WHERE `send_time` = '2019-03-19'  [ RunTime:0.0010s ]
NOTIC: [8] Undefined index: biao_id D:\wwwroot\TP\Application\Home\Controller\BaihangController.class.php 第 28 行.
ERR: 1146:Table 'thinkphp.members' doesn't exist
 [ SQL语句 ] : SHOW COLUMNS FROM `members`
ERR: 1146:Table 'thinkphp.members' doesn't exist
 [ SQL语句 ] : SHOW COLUMNS FROM `members`

[ 2019-03-19T16:38:50+08:00 ] ::1 /tp/index.php/Home/Baihang/SendtoBaiHang_D2
INFO: [ app_init ] --START--
INFO: Run Behavior\BuildLiteBehavior [ RunTime:0.000000s ]
INFO: [ app_init ] --END-- [ RunTime:0.001000s ]
INFO: [ app_begin ] --START--
INFO: Run Behavior\ReadHtmlCacheBehavior [ RunTime:0.001000s ]
INFO: [ app_begin ] --END-- [ RunTime:0.001000s ]
SQL: SHOW COLUMNS FROM `lzh_borrow_baihang` [ RunTime:0.0100s ]
SQL: SELECT * FROM `lzh_borrow_baihang` WHERE `send_time` = '2019-03-19'  [ RunTime:0.0000s ]
NOTIC: [8] Undefined index: biao_id D:\wwwroot\TP\Application\Home\Controller\BaihangController.class.php 第 28 行.
SQL: SHOW COLUMNS FROM `lzh_members` [ RunTime:0.0100s ]
ERR: 1146:Table 'thinkphp.lzh_members_status' doesn't exist
 [ SQL语句 ] : SELECT `real_name`,`add_time`,`real_name`,mi.idcard,`cell_phone`,`first_verify_time`,m.reg_time,bi.second_verify_time,bi.deadline,bi.borrow_money,bi.borrow_duration FROM lzh_members m left join lzh_member_info as mi on m.id = mi.uid left join lzh_members_status as ms on m.id = ms.uid right join lzh_borrow_info as bi on m.id = bi.borrow_uid  WHERE bi.id = 1492 AND ( `jshbank_status` = 1 OR `jshbank_status` = 2 ) ORDER BY bi.add_time LIMIT 1  
ERR: 1146:Table 'thinkphp.lzh_members_status' doesn't exist
 [ SQL语句 ] : SELECT `real_name`,`add_time`,`real_name`,mi.idcard,`cell_phone`,`first_verify_time`,m.reg_time,bi.second_verify_time,bi.deadline,bi.borrow_money,bi.borrow_duration FROM lzh_members m left join lzh_member_info as mi on m.id = mi.uid left join lzh_members_status as ms on m.id = ms.uid right join lzh_borrow_info as bi on m.id = bi.borrow_uid  WHERE bi.id = 1492 AND ( `jshbank_status` = 1 OR `jshbank_status` = 2 ) ORDER BY bi.add_time LIMIT 1  

[ 2019-03-19T16:39:55+08:00 ] ::1 /tp/index.php/Home/Baihang/SendtoBaiHang_D2
INFO: [ app_init ] --START--
INFO: Run Behavior\BuildLiteBehavior [ RunTime:0.000000s ]
INFO: [ app_init ] --END-- [ RunTime:0.000000s ]
INFO: [ app_begin ] --START--
INFO: Run Behavior\ReadHtmlCacheBehavior [ RunTime:0.000000s ]
INFO: [ app_begin ] --END-- [ RunTime:0.000000s ]
SQL: SHOW COLUMNS FROM `lzh_borrow_baihang` [ RunTime:0.0090s ]
SQL: SELECT * FROM `lzh_borrow_baihang` WHERE `send_time` = '2019-03-19'  [ RunTime:0.0000s ]
NOTIC: [8] Undefined index: biao_id D:\wwwroot\TP\Application\Home\Controller\BaihangController.class.php 第 28 行.
SQL: SHOW COLUMNS FROM `lzh_members` [ RunTime:0.0110s ]
SQL: SELECT `real_name`,`add_time`,`real_name`,mi.idcard,`cell_phone`,`first_verify_time`,m.reg_time,bi.second_verify_time,bi.deadline,bi.borrow_money,bi.borrow_duration FROM lzh_members m left join lzh_member_info as mi on m.id = mi.uid left join lzh_members_status as ms on m.id = ms.uid right join lzh_borrow_info as bi on m.id = bi.borrow_uid  WHERE bi.id = 1492 AND ( `jshbank_status` = 1 OR `jshbank_status` = 2 ) ORDER BY bi.add_time LIMIT 1   [ RunTime:0.0140s ]

[ 2019-03-19T16:41:37+08:00 ] ::1 /tp/index.php/Home/Baihang/SendtoBaiHang_D2
INFO: [ app_init ] --START--
INFO: Run Behavior\BuildLiteBehavior [ RunTime:0.000000s ]
INFO: [ app_init ] --END-- [ RunTime:0.000000s ]
INFO: [ app_begin ] --START--
INFO: Run Behavior\ReadHtmlCacheBehavior [ RunTime:0.001001s ]
INFO: [ app_begin ] --END-- [ RunTime:0.001001s ]
SQL: SHOW COLUMNS FROM `lzh_borrow_baihang` [ RunTime:0.0100s ]
SQL: SELECT * FROM `lzh_borrow_baihang` WHERE `send_time` = '2019-03-19'  [ RunTime:0.0000s ]
NOTIC: [8] Undefined index: biao_id D:\wwwroot\TP\Application\Home\Controller\BaihangController.class.php 第 28 行.
SQL: SHOW COLUMNS FROM `lzh_members` [ RunTime:0.0100s ]
SQL: SELECT `real_name`,`add_time`,`real_name`,mi.idcard,`cell_phone`,`first_verify_time`,m.reg_time,bi.second_verify_time,bi.deadline,bi.borrow_money,bi.borrow_duration FROM lzh_members m left join lzh_member_info as mi on m.id = mi.uid left join lzh_members_status as ms on m.id = ms.uid right join lzh_borrow_info as bi on m.id = bi.borrow_uid  WHERE bi.id = 1492 ORDER BY bi.add_time LIMIT 1   [ RunTime:0.0000s ]

[ 2019-03-19T16:45:43+08:00 ] ::1 /tp/index.php/Home/Baihang/SendtoBaiHang_D2
INFO: [ app_init ] --START--
INFO: Run Behavior\BuildLiteBehavior [ RunTime:0.000000s ]
INFO: [ app_init ] --END-- [ RunTime:0.000000s ]
INFO: [ app_begin ] --START--
INFO: Run Behavior\ReadHtmlCacheBehavior [ RunTime:0.000000s ]
INFO: [ app_begin ] --END-- [ RunTime:0.000000s ]
SQL: SHOW COLUMNS FROM `lzh_borrow_baihang` [ RunTime:0.0100s ]
SQL: SELECT * FROM `lzh_borrow_baihang` WHERE `send_time` = '2019-03-19'  [ RunTime:0.0000s ]
NOTIC: [8] Undefined index: biao_id D:\wwwroot\TP\Application\Home\Controller\BaihangController.class.php 第 24 行.
SQL: SHOW COLUMNS FROM `lzh_members` [ RunTime:0.0110s ]
SQL: SELECT `real_name`,`add_time`,`real_name`,mi.idcard,`cell_phone`,`first_verify_time`,m.reg_time,bi.second_verify_time,bi.deadline,bi.borrow_money,bi.borrow_duration FROM lzh_members m left join lzh_member_info as mi on m.id = mi.uid left join lzh_members_status as ms on m.id = ms.uid right join lzh_borrow_info as bi on m.id = bi.borrow_uid  WHERE bi.id = 1492 ORDER BY bi.add_time LIMIT 1   [ RunTime:0.0010s ]
ERR: 1146:Table 'thinkphp.borrow_baihang' doesn't exist
 [ SQL语句 ] : SHOW COLUMNS FROM `borrow_baihang`
ERR: 1146:Table 'thinkphp.borrow_baihang' doesn't exist
 [ SQL语句 ] : SHOW COLUMNS FROM `borrow_baihang`

[ 2019-03-19T16:46:03+08:00 ] ::1 /tp/index.php/Home/Baihang/SendtoBaiHang_D2
INFO: [ app_init ] --START--
INFO: Run Behavior\BuildLiteBehavior [ RunTime:0.000000s ]
INFO: [ app_init ] --END-- [ RunTime:0.000000s ]
INFO: [ app_begin ] --START--
INFO: Run Behavior\ReadHtmlCacheBehavior [ RunTime:0.001000s ]
INFO: [ app_begin ] --END-- [ RunTime:0.001000s ]
SQL: SHOW COLUMNS FROM `lzh_borrow_baihang` [ RunTime:0.0100s ]
SQL: SELECT * FROM `lzh_borrow_baihang` WHERE `send_time` = '2019-03-19'  [ RunTime:0.0000s ]
NOTIC: [8] Undefined index: biao_id D:\wwwroot\TP\Application\Home\Controller\BaihangController.class.php 第 24 行.
SQL: SHOW COLUMNS FROM `lzh_members` [ RunTime:0.0100s ]
SQL: SELECT `real_name`,`add_time`,`real_name`,mi.idcard,`cell_phone`,`first_verify_time`,m.reg_time,bi.second_verify_time,bi.deadline,bi.borrow_money,bi.borrow_duration FROM lzh_members m left join lzh_member_info as mi on m.id = mi.uid left join lzh_members_status as ms on m.id = ms.uid right join lzh_borrow_info as bi on m.id = bi.borrow_uid  WHERE bi.id = 1492 ORDER BY bi.add_time LIMIT 1   [ RunTime:0.0000s ]
SQL: SELECT * FROM `lzh_borrow_baihang` WHERE ( borrow_id=0 ) LIMIT 1   [ RunTime:0.0010s ]
ERR: 1146:Table 'thinkphp.investor_detail' doesn't exist
 [ SQL语句 ] : SHOW COLUMNS FROM `investor_detail`
ERR: 1146:Table 'thinkphp.investor_detail' doesn't exist
 [ SQL语句 ] : SHOW COLUMNS FROM `investor_detail`

[ 2019-03-19T16:46:31+08:00 ] ::1 /tp/index.php/Home/Baihang/SendtoBaiHang_D2
INFO: [ app_init ] --START--
INFO: Run Behavior\BuildLiteBehavior [ RunTime:0.000000s ]
INFO: [ app_init ] --END-- [ RunTime:0.001000s ]
INFO: [ app_begin ] --START--
INFO: Run Behavior\ReadHtmlCacheBehavior [ RunTime:0.001000s ]
INFO: [ app_begin ] --END-- [ RunTime:0.001000s ]
SQL: SHOW COLUMNS FROM `lzh_borrow_baihang` [ RunTime:0.0100s ]
SQL: SELECT * FROM `lzh_borrow_baihang` WHERE `send_time` = '2019-03-19'  [ RunTime:0.0010s ]
NOTIC: [8] Undefined index: biao_id D:\wwwroot\TP\Application\Home\Controller\BaihangController.class.php 第 24 行.
SQL: SHOW COLUMNS FROM `lzh_members` [ RunTime:0.0090s ]
SQL: SELECT `real_name`,`add_time`,`real_name`,mi.idcard,`cell_phone`,`first_verify_time`,m.reg_time,bi.second_verify_time,bi.deadline,bi.borrow_money,bi.borrow_duration FROM lzh_members m left join lzh_member_info as mi on m.id = mi.uid left join lzh_members_status as ms on m.id = ms.uid right join lzh_borrow_info as bi on m.id = bi.borrow_uid  WHERE bi.id = 1492 ORDER BY bi.add_time LIMIT 1   [ RunTime:0.0010s ]
SQL: SELECT * FROM `lzh_borrow_baihang` WHERE ( borrow_id=0 ) LIMIT 1   [ RunTime:0.0000s ]
SQL: SHOW COLUMNS FROM `lzh_investor_detail` [ RunTime:0.0110s ]
SQL: SELECT * FROM `lzh_investor_detail` WHERE ( borrow_id=0 )  [ RunTime:0.0200s ]

[ 2019-03-19T17:09:16+08:00 ] ::1 /tp/index.php/Home/Baihang/SendtoBaiHang_D2
INFO: [ app_init ] --START--
INFO: Run Behavior\BuildLiteBehavior [ RunTime:0.000000s ]
INFO: [ app_init ] --END-- [ RunTime:0.000000s ]
INFO: [ app_begin ] --START--
INFO: Run Behavior\ReadHtmlCacheBehavior [ RunTime:0.001000s ]
INFO: [ app_begin ] --END-- [ RunTime:0.001000s ]

[ 2019-03-19T17:09:42+08:00 ] ::1 /tp/index.php/Home/Baihang/SendtoBaiHang_D2
INFO: [ app_init ] --START--
INFO: Run Behavior\BuildLiteBehavior [ RunTime:0.000000s ]
INFO: [ app_init ] --END-- [ RunTime:0.001000s ]
INFO: [ app_begin ] --START--
INFO: Run Behavior\ReadHtmlCacheBehavior [ RunTime:0.001000s ]
INFO: [ app_begin ] --END-- [ RunTime:0.001000s ]

[ 2019-03-19T17:10:55+08:00 ] ::1 /tp/index.php/Home/Baihang/SendtoBaiHang_D2
INFO: [ app_init ] --START--
INFO: Run Behavior\BuildLiteBehavior [ RunTime:0.000000s ]
INFO: [ app_init ] --END-- [ RunTime:0.000000s ]
INFO: [ app_begin ] --START--
INFO: Run Behavior\ReadHtmlCacheBehavior [ RunTime:0.000000s ]
INFO: [ app_begin ] --END-- [ RunTime:0.000000s ]

[ 2019-03-19T17:10:56+08:00 ] ::1 /tp/index.php/Home/Baihang/SendtoBaiHang_D2
INFO: [ app_init ] --START--
INFO: Run Behavior\BuildLiteBehavior [ RunTime:0.000000s ]
INFO: [ app_init ] --END-- [ RunTime:0.001000s ]
INFO: [ app_begin ] --START--
INFO: Run Behavior\ReadHtmlCacheBehavior [ RunTime:0.001000s ]
INFO: [ app_begin ] --END-- [ RunTime:0.001000s ]

[ 2019-03-19T17:10:58+08:00 ] ::1 /tp/index.php/Home/Baihang/SendtoBaiHang_D2
INFO: [ app_init ] --START--
INFO: Run Behavior\BuildLiteBehavior [ RunTime:0.000000s ]
INFO: [ app_init ] --END-- [ RunTime:0.000000s ]
INFO: [ app_begin ] --START--
INFO: Run Behavior\ReadHtmlCacheBehavior [ RunTime:0.000000s ]
INFO: [ app_begin ] --END-- [ RunTime:0.000000s ]

[ 2019-03-19T17:10:59+08:00 ] ::1 /tp/index.php/Home/Baihang/SendtoBaiHang_D2
INFO: [ app_init ] --START--
INFO: Run Behavior\BuildLiteBehavior [ RunTime:0.000000s ]
INFO: [ app_init ] --END-- [ RunTime:0.000000s ]
INFO: [ app_begin ] --START--
INFO: Run Behavior\ReadHtmlCacheBehavior [ RunTime:0.000000s ]
INFO: [ app_begin ] --END-- [ RunTime:0.000000s ]

[ 2019-03-19T17:11:59+08:00 ] ::1 /tp/index.php/Home/Baihang/SendtoBaiHang_D2
INFO: [ app_init ] --START--
INFO: Run Behavior\BuildLiteBehavior [ RunTime:0.000000s ]
INFO: [ app_init ] --END-- [ RunTime:0.000000s ]
INFO: [ app_begin ] --START--
INFO: Run Behavior\ReadHtmlCacheBehavior [ RunTime:0.001000s ]
INFO: [ app_begin ] --END-- [ RunTime:0.001000s ]

[ 2019-03-19T17:12:14+08:00 ] ::1 /tp/index.php/Home/Baihang/SendtoBaiHang_D2
INFO: [ app_init ] --START--
INFO: Run Behavior\BuildLiteBehavior [ RunTime:0.000000s ]
INFO: [ app_init ] --END-- [ RunTime:0.001000s ]
INFO: [ app_begin ] --START--
INFO: Run Behavior\ReadHtmlCacheBehavior [ RunTime:0.000000s ]
INFO: [ app_begin ] --END-- [ RunTime:0.000000s ]

[ 2019-03-19T17:12:33+08:00 ] ::1 /tp/index.php/Home/Baihang/SendtoBaiHang_D2
INFO: [ app_init ] --START--
INFO: Run Behavior\BuildLiteBehavior [ RunTime:0.000000s ]
INFO: [ app_init ] --END-- [ RunTime:0.000000s ]
INFO: [ app_begin ] --START--
INFO: Run Behavior\ReadHtmlCacheBehavior [ RunTime:0.000000s ]
INFO: [ app_begin ] --END-- [ RunTime:0.000000s ]

[ 2019-03-19T17:12:37+08:00 ] ::1 /tp/index.php/Home/Baihang/SendtoBaiHang_D2
INFO: [ app_init ] --START--
INFO: Run Behavior\BuildLiteBehavior [ RunTime:0.000000s ]
INFO: [ app_init ] --END-- [ RunTime:0.000000s ]
INFO: [ app_begin ] --START--
INFO: Run Behavior\ReadHtmlCacheBehavior [ RunTime:0.000000s ]
INFO: [ app_begin ] --END-- [ RunTime:0.000000s ]

[ 2019-03-19T17:12:37+08:00 ] ::1 /tp/index.php/Home/Baihang/SendtoBaiHang_D2
INFO: [ app_init ] --START--
INFO: Run Behavior\BuildLiteBehavior [ RunTime:0.000000s ]
INFO: [ app_init ] --END-- [ RunTime:0.000000s ]
INFO: [ app_begin ] --START--
INFO: Run Behavior\ReadHtmlCacheBehavior [ RunTime:0.000000s ]
INFO: [ app_begin ] --END-- [ RunTime:0.000000s ]

[ 2019-03-19T17:12:37+08:00 ] ::1 /tp/index.php/Home/Baihang/SendtoBaiHang_D2
INFO: [ app_init ] --START--
INFO: Run Behavior\BuildLiteBehavior [ RunTime:0.000000s ]
INFO: [ app_init ] --END-- [ RunTime:0.000000s ]
INFO: [ app_begin ] --START--
INFO: Run Behavior\ReadHtmlCacheBehavior [ RunTime:0.000000s ]
INFO: [ app_begin ] --END-- [ RunTime:0.000000s ]

[ 2019-03-19T17:12:38+08:00 ] ::1 /tp/index.php/Home/Baihang/SendtoBaiHang_D2
INFO: [ app_init ] --START--
INFO: Run Behavior\BuildLiteBehavior [ RunTime:0.000000s ]
INFO: [ app_init ] --END-- [ RunTime:0.000000s ]
INFO: [ app_begin ] --START--
INFO: Run Behavior\ReadHtmlCacheBehavior [ RunTime:0.001000s ]
INFO: [ app_begin ] --END-- [ RunTime:0.001000s ]

[ 2019-03-19T17:12:38+08:00 ] ::1 /tp/index.php/Home/Baihang/SendtoBaiHang_D2
INFO: [ app_init ] --START--
INFO: Run Behavior\BuildLiteBehavior [ RunTime:0.000000s ]
INFO: [ app_init ] --END-- [ RunTime:0.000000s ]
INFO: [ app_begin ] --START--
INFO: Run Behavior\ReadHtmlCacheBehavior [ RunTime:0.000000s ]
INFO: [ app_begin ] --END-- [ RunTime:0.000000s ]

[ 2019-03-19T17:12:43+08:00 ] ::1 /tp/index.php/Home/Baihang/SendtoBaiHang_D2
INFO: [ app_init ] --START--
INFO: Run Behavior\BuildLiteBehavior [ RunTime:0.000000s ]
INFO: [ app_init ] --END-- [ RunTime:0.000000s ]
INFO: [ app_begin ] --START--
INFO: Run Behavior\ReadHtmlCacheBehavior [ RunTime:0.000000s ]
INFO: [ app_begin ] --END-- [ RunTime:0.000000s ]

[ 2019-03-19T17:12:44+08:00 ] ::1 /tp/index.php/Home/Baihang/SendtoBaiHang_D2
INFO: [ app_init ] --START--
INFO: Run Behavior\BuildLiteBehavior [ RunTime:0.000000s ]
INFO: [ app_init ] --END-- [ RunTime:0.000000s ]
INFO: [ app_begin ] --START--
INFO: Run Behavior\ReadHtmlCacheBehavior [ RunTime:0.000000s ]
INFO: [ app_begin ] --END-- [ RunTime:0.000000s ]

[ 2019-03-19T17:12:47+08:00 ] ::1 /tp/index.php/Home/Baihang/SendtoBaiHang_D2
INFO: [ app_init ] --START--
INFO: Run Behavior\BuildLiteBehavior [ RunTime:0.000000s ]
INFO: [ app_init ] --END-- [ RunTime:0.000000s ]
INFO: [ app_begin ] --START--
INFO: Run Behavior\ReadHtmlCacheBehavior [ RunTime:0.000000s ]
INFO: [ app_begin ] --END-- [ RunTime:0.000000s ]

[ 2019-03-19T17:15:40+08:00 ] ::1 /tp/index.php/Home/Baihang/SendtoBaiHang_D2
INFO: [ app_init ] --START--
INFO: Run Behavior\BuildLiteBehavior [ RunTime:0.000000s ]
INFO: [ app_init ] --END-- [ RunTime:0.000000s ]
INFO: [ app_begin ] --START--
INFO: Run Behavior\ReadHtmlCacheBehavior [ RunTime:0.001000s ]
INFO: [ app_begin ] --END-- [ RunTime:0.001000s ]

[ 2019-03-19T17:18:04+08:00 ] ::1 /tp/index.php/Home/Baihang/SendtoBaiHang_D2
INFO: [ app_init ] --START--
INFO: Run Behavior\BuildLiteBehavior [ RunTime:0.000000s ]
INFO: [ app_init ] --END-- [ RunTime:0.000000s ]
INFO: [ app_begin ] --START--
INFO: Run Behavior\ReadHtmlCacheBehavior [ RunTime:0.001000s ]
INFO: [ app_begin ] --END-- [ RunTime:0.001000s ]
NOTIC: [8] A non well formed numeric value encountered D:\wwwroot\TP\Application\Home\Controller\BaihangController.class.php 第 15 行.

[ 2019-03-19T17:18:38+08:00 ] ::1 /tp/index.php/Home/Baihang/SendtoBaiHang_D2
INFO: [ app_init ] --START--
INFO: Run Behavior\BuildLiteBehavior [ RunTime:0.000000s ]
INFO: [ app_init ] --END-- [ RunTime:0.000000s ]
INFO: [ app_begin ] --START--
INFO: Run Behavior\ReadHtmlCacheBehavior [ RunTime:0.001000s ]
INFO: [ app_begin ] --END-- [ RunTime:0.001000s ]
NOTIC: [8] A non well formed numeric value encountered D:\wwwroot\TP\Application\Home\Controller\BaihangController.class.php 第 15 行.

[ 2019-03-19T17:18:50+08:00 ] ::1 /tp/index.php/Home/Baihang/SendtoBaiHang_D2
INFO: [ app_init ] --START--
INFO: Run Behavior\BuildLiteBehavior [ RunTime:0.000000s ]
INFO: [ app_init ] --END-- [ RunTime:0.000000s ]
INFO: [ app_begin ] --START--
INFO: Run Behavior\ReadHtmlCacheBehavior [ RunTime:0.000000s ]
INFO: [ app_begin ] --END-- [ RunTime:0.000000s ]
NOTIC: [8] A non well formed numeric value encountered D:\wwwroot\TP\Application\Home\Controller\BaihangController.class.php 第 15 行.

[ 2019-03-19T17:18:50+08:00 ] ::1 /tp/index.php/Home/Baihang/SendtoBaiHang_D2
INFO: [ app_init ] --START--
INFO: Run Behavior\BuildLiteBehavior [ RunTime:0.000000s ]
INFO: [ app_init ] --END-- [ RunTime:0.000000s ]
INFO: [ app_begin ] --START--
INFO: Run Behavior\ReadHtmlCacheBehavior [ RunTime:0.000000s ]
INFO: [ app_begin ] --END-- [ RunTime:0.000000s ]
NOTIC: [8] A non well formed numeric value encountered D:\wwwroot\TP\Application\Home\Controller\BaihangController.class.php 第 15 行.

[ 2019-03-19T17:18:50+08:00 ] ::1 /tp/index.php/Home/Baihang/SendtoBaiHang_D2
INFO: [ app_init ] --START--
INFO: Run Behavior\BuildLiteBehavior [ RunTime:0.000000s ]
INFO: [ app_init ] --END-- [ RunTime:0.001000s ]
INFO: [ app_begin ] --START--
INFO: Run Behavior\ReadHtmlCacheBehavior [ RunTime:0.001000s ]
INFO: [ app_begin ] --END-- [ RunTime:0.001000s ]
NOTIC: [8] A non well formed numeric value encountered D:\wwwroot\TP\Application\Home\Controller\BaihangController.class.php 第 15 行.

[ 2019-03-19T17:18:51+08:00 ] ::1 /tp/index.php/Home/Baihang/SendtoBaiHang_D2
INFO: [ app_init ] --START--
INFO: Run Behavior\BuildLiteBehavior [ RunTime:0.000000s ]
INFO: [ app_init ] --END-- [ RunTime:0.000000s ]
INFO: [ app_begin ] --START--
INFO: Run Behavior\ReadHtmlCacheBehavior [ RunTime:0.000000s ]
INFO: [ app_begin ] --END-- [ RunTime:0.000000s ]
NOTIC: [8] A non well formed numeric value encountered D:\wwwroot\TP\Application\Home\Controller\BaihangController.class.php 第 15 行.

[ 2019-03-19T17:21:46+08:00 ] ::1 /tp/index.php/Home/Baihang/SendtoBaiHang_D2
INFO: [ app_init ] --START--
INFO: Run Behavior\BuildLiteBehavior [ RunTime:0.000000s ]
INFO: [ app_init ] --END-- [ RunTime:0.000000s ]
INFO: [ app_begin ] --START--
INFO: Run Behavior\ReadHtmlCacheBehavior [ RunTime:0.000000s ]
INFO: [ app_begin ] --END-- [ RunTime:0.000000s ]

[ 2019-03-19T17:22:00+08:00 ] ::1 /tp/index.php/Home/Baihang/SendtoBaiHang_D2
INFO: [ app_init ] --START--
INFO: Run Behavior\BuildLiteBehavior [ RunTime:0.000000s ]
INFO: [ app_init ] --END-- [ RunTime:0.000000s ]
INFO: [ app_begin ] --START--
INFO: Run Behavior\ReadHtmlCacheBehavior [ RunTime:0.001000s ]
INFO: [ app_begin ] --END-- [ RunTime:0.001000s ]

