[ 2020-01-15T13:59:02+08:00 ] 127.0.0.1 /TP/
INFO: [ app_init ] --START--
INFO: Run Behavior\BuildLiteBehavior [ RunTime:0.000000s ]
INFO: [ app_init ] --END-- [ RunTime:0.001000s ]
INFO: [ app_begin ] --START--
INFO: Run Behavior\ReadHtmlCacheBehavior [ RunTime:0.001000s ]
INFO: [ app_begin ] --END-- [ RunTime:0.001000s ]
SQL: SHOW COLUMNS FROM `j_storee` [ RunTime:0.0050s ]
SQL: SELECT `name` FROM `j_storee`  [ RunTime:0.0000s ]

[ 2020-01-15T13:59:44+08:00 ] 127.0.0.1 /TP/
INFO: [ app_init ] --START--
INFO: Run Behavior\BuildLiteBehavior [ RunTime:0.000000s ]
INFO: [ app_init ] --END-- [ RunTime:0.000000s ]
INFO: [ app_begin ] --START--
INFO: Run Behavior\ReadHtmlCacheBehavior [ RunTime:0.000000s ]
INFO: [ app_begin ] --END-- [ RunTime:0.000000s ]
SQL: SHOW COLUMNS FROM `j_storee` [ RunTime:0.0030s ]
SQL: SELECT `name` FROM `j_storee`  [ RunTime:0.0010s ]

[ 2020-01-15T14:01:47+08:00 ] 127.0.0.1 /TP/
INFO: [ app_init ] --START--
INFO: Run Behavior\BuildLiteBehavior [ RunTime:0.000000s ]
INFO: [ app_init ] --END-- [ RunTime:0.000000s ]
INFO: [ app_begin ] --START--
INFO: Run Behavior\ReadHtmlCacheBehavior [ RunTime:0.001000s ]
INFO: [ app_begin ] --END-- [ RunTime:0.001000s ]
SQL: SHOW COLUMNS FROM `j_storee` [ RunTime:0.0030s ]
SQL: SELECT `name` FROM `j_storee`  [ RunTime:0.0010s ]

[ 2020-01-15T14:04:21+08:00 ] 127.0.0.1 /TP/
INFO: [ app_init ] --START--
INFO: Run Behavior\BuildLiteBehavior [ RunTime:0.000000s ]
INFO: [ app_init ] --END-- [ RunTime:0.001000s ]
INFO: [ app_begin ] --START--
INFO: Run Behavior\ReadHtmlCacheBehavior [ RunTime:0.000000s ]
INFO: [ app_begin ] --END-- [ RunTime:0.000000s ]
SQL: SHOW COLUMNS FROM `j_storee` [ RunTime:0.0030s ]
NOTIC: [8] Undefined variable: store D:\wwwroot\TP\Application\Home\Controller\IndexController.class.php 第 23 行.

[ 2020-01-15T14:04:40+08:00 ] 127.0.0.1 /TP/
INFO: [ app_init ] --START--
INFO: Run Behavior\BuildLiteBehavior [ RunTime:0.000000s ]
INFO: [ app_init ] --END-- [ RunTime:0.000000s ]
INFO: [ app_begin ] --START--
INFO: Run Behavior\ReadHtmlCacheBehavior [ RunTime:0.000000s ]
INFO: [ app_begin ] --END-- [ RunTime:0.000000s ]
SQL: SHOW COLUMNS FROM `j_storee` [ RunTime:0.0040s ]
SQL: SELECT `name` FROM `j_storee`  [ RunTime:0.0000s ]
SQL: SHOW COLUMNS FROM `j_store` [ RunTime:0.0040s ]
SQL: SELECT `title` FROM `j_store`  [ RunTime:0.0010s ]
NOTIC: [8] Undefined index: title D:\wwwroot\TP\Application\Home\Controller\IndexController.class.php 第 33 行.
NOTIC: [8] Undefined index: title D:\wwwroot\TP\Application\Home\Controller\IndexController.class.php 第 33 行.
NOTIC: [8] Undefined index: title D:\wwwroot\TP\Application\Home\Controller\IndexController.class.php 第 33 行.
NOTIC: [8] Undefined index: title D:\wwwroot\TP\Application\Home\Controller\IndexController.class.php 第 33 行.
NOTIC: [8] Undefined index: title D:\wwwroot\TP\Application\Home\Controller\IndexController.class.php 第 33 行.
NOTIC: [8] Undefined index: title D:\wwwroot\TP\Application\Home\Controller\IndexController.class.php 第 33 行.
NOTIC: [8] Undefined index: title D:\wwwroot\TP\Application\Home\Controller\IndexController.class.php 第 33 行.
NOTIC: [8] Undefined index: title D:\wwwroot\TP\Application\Home\Controller\IndexController.class.php 第 33 行.
NOTIC: [8] Undefined index: title D:\wwwroot\TP\Application\Home\Controller\IndexController.class.php 第 33 行.
NOTIC: [8] Undefined index: title D:\wwwroot\TP\Application\Home\Controller\IndexController.class.php 第 33 行.
NOTIC: [8] Undefined index: title D:\wwwroot\TP\Application\Home\Controller\IndexController.class.php 第 33 行.
NOTIC: [8] Undefined index: title D:\wwwroot\TP\Application\Home\Controller\IndexController.class.php 第 33 行.
NOTIC: [8] Undefined index: title D:\wwwroot\TP\Application\Home\Controller\IndexController.class.php 第 33 行.
NOTIC: [8] Undefined index: title D:\wwwroot\TP\Application\Home\Controller\IndexController.class.php 第 33 行.
NOTIC: [8] Undefined index: title D:\wwwroot\TP\Application\Home\Controller\IndexController.class.php 第 33 行.
NOTIC: [8] Undefined index: title D:\wwwroot\TP\Application\Home\Controller\IndexController.class.php 第 33 行.
NOTIC: [8] Undefined index: title D:\wwwroot\TP\Application\Home\Controller\IndexController.class.php 第 33 行.
NOTIC: [8] Undefined index: title D:\wwwroot\TP\Application\Home\Controller\IndexController.class.php 第 33 行.
NOTIC: [8] Undefined index: title D:\wwwroot\TP\Application\Home\Controller\IndexController.class.php 第 33 行.
NOTIC: [8] Undefined index: title D:\wwwroot\TP\Application\Home\Controller\IndexController.class.php 第 33 行.
NOTIC: [8] Undefined index: title D:\wwwroot\TP\Application\Home\Controller\IndexController.class.php 第 33 行.
NOTIC: [8] Undefined index: title D:\wwwroot\TP\Application\Home\Controller\IndexController.class.php 第 33 行.
NOTIC: [8] Undefined index: title D:\wwwroot\TP\Application\Home\Controller\IndexController.class.php 第 33 行.
NOTIC: [8] Undefined index: title D:\wwwroot\TP\Application\Home\Controller\IndexController.class.php 第 33 行.
NOTIC: [8] Undefined index: title D:\wwwroot\TP\Application\Home\Controller\IndexController.class.php 第 33 行.
NOTIC: [8] Undefined index: title D:\wwwroot\TP\Application\Home\Controller\IndexController.class.php 第 33 行.
NOTIC: [8] Undefined index: title D:\wwwroot\TP\Application\Home\Controller\IndexController.class.php 第 33 行.
NOTIC: [8] Undefined index: title D:\wwwroot\TP\Application\Home\Controller\IndexController.class.php 第 33 行.
NOTIC: [8] Undefined index: title D:\wwwroot\TP\Application\Home\Controller\IndexController.class.php 第 33 行.
NOTIC: [8] Undefined index: title D:\wwwroot\TP\Application\Home\Controller\IndexController.class.php 第 33 行.
NOTIC: [8] Undefined index: title D:\wwwroot\TP\Application\Home\Controller\IndexController.class.php 第 33 行.
NOTIC: [8] Undefined index: title D:\wwwroot\TP\Application\Home\Controller\IndexController.class.php 第 33 行.
NOTIC: [8] Undefined index: title D:\wwwroot\TP\Application\Home\Controller\IndexController.class.php 第 33 行.
NOTIC: [8] Undefined index: title D:\wwwroot\TP\Application\Home\Controller\IndexController.class.php 第 33 行.
NOTIC: [8] Undefined index: title D:\wwwroot\TP\Application\Home\Controller\IndexController.class.php 第 33 行.
NOTIC: [8] Undefined index: title D:\wwwroot\TP\Application\Home\Controller\IndexController.class.php 第 33 行.
NOTIC: [8] Undefined index: title D:\wwwroot\TP\Application\Home\Controller\IndexController.class.php 第 33 行.
NOTIC: [8] Undefined index: title D:\wwwroot\TP\Application\Home\Controller\IndexController.class.php 第 33 行.
NOTIC: [8] Undefined index: title D:\wwwroot\TP\Application\Home\Controller\IndexController.class.php 第 33 行.
NOTIC: [8] Undefined index: title D:\wwwroot\TP\Application\Home\Controller\IndexController.class.php 第 33 行.
NOTIC: [8] Undefined index: title D:\wwwroot\TP\Application\Home\Controller\IndexController.class.php 第 33 行.
NOTIC: [8] Undefined index: title D:\wwwroot\TP\Application\Home\Controller\IndexController.class.php 第 33 行.
NOTIC: [8] Undefined index: title D:\wwwroot\TP\Application\Home\Controller\IndexController.class.php 第 33 行.
NOTIC: [8] Undefined index: title D:\wwwroot\TP\Application\Home\Controller\IndexController.class.php 第 33 行.
NOTIC: [8] Undefined index: title D:\wwwroot\TP\Application\Home\Controller\IndexController.class.php 第 33 行.
NOTIC: [8] Undefined index: title D:\wwwroot\TP\Application\Home\Controller\IndexController.class.php 第 33 行.
NOTIC: [8] Undefined index: title D:\wwwroot\TP\Application\Home\Controller\IndexController.class.php 第 33 行.
NOTIC: [8] Undefined index: title D:\wwwroot\TP\Application\Home\Controller\IndexController.class.php 第 33 行.
NOTIC: [8] Undefined index: title D:\wwwroot\TP\Application\Home\Controller\IndexController.class.php 第 33 行.
NOTIC: [8] Undefined index: title D:\wwwroot\TP\Application\Home\Controller\IndexController.class.php 第 33 行.
NOTIC: [8] Undefined index: title D:\wwwroot\TP\Application\Home\Controller\IndexController.class.php 第 33 行.
NOTIC: [8] Undefined index: title D:\wwwroot\TP\Application\Home\Controller\IndexController.class.php 第 33 行.
NOTIC: [8] Undefined index: title D:\wwwroot\TP\Application\Home\Controller\IndexController.class.php 第 33 行.
NOTIC: [8] Undefined index: title D:\wwwroot\TP\Application\Home\Controller\IndexController.class.php 第 33 行.
NOTIC: [8] Undefined index: title D:\wwwroot\TP\Application\Home\Controller\IndexController.class.php 第 33 行.
NOTIC: [8] Undefined index: title D:\wwwroot\TP\Application\Home\Controller\IndexController.class.php 第 33 行.
NOTIC: [8] Undefined index: title D:\wwwroot\TP\Application\Home\Controller\IndexController.class.php 第 33 行.
NOTIC: [8] Undefined index: title D:\wwwroot\TP\Application\Home\Controller\IndexController.class.php 第 33 行.
NOTIC: [8] Undefined index: title D:\wwwroot\TP\Application\Home\Controller\IndexController.class.php 第 33 行.
NOTIC: [8] Undefined index: title D:\wwwroot\TP\Application\Home\Controller\IndexController.class.php 第 33 行.
NOTIC: [8] Undefined index: title D:\wwwroot\TP\Application\Home\Controller\IndexController.class.php 第 33 行.
NOTIC: [8] Undefined index: title D:\wwwroot\TP\Application\Home\Controller\IndexController.class.php 第 33 行.
NOTIC: [8] Undefined index: title D:\wwwroot\TP\Application\Home\Controller\IndexController.class.php 第 33 行.
NOTIC: [8] Undefined index: title D:\wwwroot\TP\Application\Home\Controller\IndexController.class.php 第 33 行.
NOTIC: [8] Undefined index: title D:\wwwroot\TP\Application\Home\Controller\IndexController.class.php 第 33 行.
NOTIC: [8] Undefined index: title D:\wwwroot\TP\Application\Home\Controller\IndexController.class.php 第 33 行.
NOTIC: [8] Undefined index: title D:\wwwroot\TP\Application\Home\Controller\IndexController.class.php 第 33 行.
NOTIC: [8] Undefined index: title D:\wwwroot\TP\Application\Home\Controller\IndexController.class.php 第 33 行.
NOTIC: [8] Undefined index: title D:\wwwroot\TP\Application\Home\Controller\IndexController.class.php 第 33 行.
NOTIC: [8] Undefined index: title D:\wwwroot\TP\Application\Home\Controller\IndexController.class.php 第 33 行.
NOTIC: [8] Undefined index: title D:\wwwroot\TP\Application\Home\Controller\IndexController.class.php 第 33 行.
NOTIC: [8] Undefined index: title D:\wwwroot\TP\Application\Home\Controller\IndexController.class.php 第 33 行.
NOTIC: [8] Undefined index: title D:\wwwroot\TP\Application\Home\Controller\IndexController.class.php 第 33 行.
NOTIC: [8] Undefined index: title D:\wwwroot\TP\Application\Home\Controller\IndexController.class.php 第 33 行.
NOTIC: [8] Undefined index: title D:\wwwroot\TP\Application\Home\Controller\IndexController.class.php 第 33 行.
NOTIC: [8] Undefined index: title D:\wwwroot\TP\Application\Home\Controller\IndexController.class.php 第 33 行.
NOTIC: [8] Undefined index: title D:\wwwroot\TP\Application\Home\Controller\IndexController.class.php 第 33 行.
NOTIC: [8] Undefined index: title D:\wwwroot\TP\Application\Home\Controller\IndexController.class.php 第 33 行.
NOTIC: [8] Undefined index: title D:\wwwroot\TP\Application\Home\Controller\IndexController.class.php 第 33 行.
NOTIC: [8] Undefined index: title D:\wwwroot\TP\Application\Home\Controller\IndexController.class.php 第 33 行.
NOTIC: [8] Undefined index: title D:\wwwroot\TP\Application\Home\Controller\IndexController.class.php 第 33 行.
NOTIC: [8] Undefined index: title D:\wwwroot\TP\Application\Home\Controller\IndexController.class.php 第 33 行.

[ 2020-01-15T14:04:51+08:00 ] 127.0.0.1 /TP/
INFO: [ app_init ] --START--
INFO: Run Behavior\BuildLiteBehavior [ RunTime:0.000000s ]
INFO: [ app_init ] --END-- [ RunTime:0.000000s ]
INFO: [ app_begin ] --START--
INFO: Run Behavior\ReadHtmlCacheBehavior [ RunTime:0.000000s ]
INFO: [ app_begin ] --END-- [ RunTime:0.000000s ]
SQL: SHOW COLUMNS FROM `j_storee` [ RunTime:0.0030s ]
SQL: SELECT `name` FROM `j_storee`  [ RunTime:0.0010s ]
SQL: SHOW COLUMNS FROM `j_store` [ RunTime:0.0040s ]
SQL: SELECT `title` FROM `j_store`  [ RunTime:0.0010s ]

[ 2020-01-15T14:08:06+08:00 ] 127.0.0.1 /TP/
INFO: [ app_init ] --START--
INFO: Run Behavior\BuildLiteBehavior [ RunTime:0.000000s ]
INFO: [ app_init ] --END-- [ RunTime:0.000000s ]
INFO: [ app_begin ] --START--
INFO: Run Behavior\ReadHtmlCacheBehavior [ RunTime:0.001000s ]
INFO: [ app_begin ] --END-- [ RunTime:0.001000s ]

[ 2020-01-15T14:08:20+08:00 ] 127.0.0.1 /TP/
INFO: [ app_init ] --START--
INFO: Run Behavior\BuildLiteBehavior [ RunTime:0.000000s ]
INFO: [ app_init ] --END-- [ RunTime:0.000000s ]
INFO: [ app_begin ] --START--
INFO: Run Behavior\ReadHtmlCacheBehavior [ RunTime:0.000000s ]
INFO: [ app_begin ] --END-- [ RunTime:0.000000s ]
SQL: SHOW COLUMNS FROM `j_storee` [ RunTime:0.0050s ]
SQL: SELECT `name`,`id` FROM `j_storee`  [ RunTime:0.0010s ]

[ 2020-01-15T14:11:22+08:00 ] 127.0.0.1 /TP/
INFO: [ app_init ] --START--
INFO: Run Behavior\BuildLiteBehavior [ RunTime:0.000000s ]
INFO: [ app_init ] --END-- [ RunTime:0.000000s ]
INFO: [ app_begin ] --START--
INFO: Run Behavior\ReadHtmlCacheBehavior [ RunTime:0.001000s ]
INFO: [ app_begin ] --END-- [ RunTime:0.001000s ]
SQL: SHOW COLUMNS FROM `j_storee` [ RunTime:0.0030s ]
SQL: SELECT `name`,`id` FROM `j_storee`  [ RunTime:0.0000s ]
SQL: SHOW COLUMNS FROM `j_store` [ RunTime:0.0040s ]
SQL: SELECT `title` FROM `j_store`  [ RunTime:0.0010s ]

[ 2020-01-15T14:15:45+08:00 ] 127.0.0.1 /TP/
INFO: [ app_init ] --START--
INFO: Run Behavior\BuildLiteBehavior [ RunTime:0.000000s ]
INFO: [ app_init ] --END-- [ RunTime:0.000000s ]
INFO: [ app_begin ] --START--
INFO: Run Behavior\ReadHtmlCacheBehavior [ RunTime:0.000000s ]
INFO: [ app_begin ] --END-- [ RunTime:0.000000s ]
SQL: SHOW COLUMNS FROM `j_store` [ RunTime:0.0040s ]
ERR: 1054:Unknown column 'name' in 'field list'
 [ SQL语句 ] : SELECT `name`,`id` FROM `j_store` 
ERR: 1054:Unknown column 'name' in 'field list'
 [ SQL语句 ] : SELECT `name`,`id` FROM `j_store` 

[ 2020-01-15T14:16:03+08:00 ] 127.0.0.1 /TP/
INFO: [ app_init ] --START--
INFO: Run Behavior\BuildLiteBehavior [ RunTime:0.000000s ]
INFO: [ app_init ] --END-- [ RunTime:0.000000s ]
INFO: [ app_begin ] --START--
INFO: Run Behavior\ReadHtmlCacheBehavior [ RunTime:0.000000s ]
INFO: [ app_begin ] --END-- [ RunTime:0.001000s ]
SQL: SHOW COLUMNS FROM `j_store` [ RunTime:0.0050s ]
SQL: SELECT `title`,`id` FROM `j_store`  [ RunTime:0.0010s ]
SQL: SHOW COLUMNS FROM `j_storee` [ RunTime:0.0050s ]
SQL: SELECT `name` FROM `j_storee`  [ RunTime:0.0010s ]
NOTIC: [8] Undefined index: title D:\wwwroot\TP\Application\Home\Controller\IndexController.class.php 第 27 行.
NOTIC: [8] Undefined index: title D:\wwwroot\TP\Application\Home\Controller\IndexController.class.php 第 27 行.
NOTIC: [8] Undefined index: title D:\wwwroot\TP\Application\Home\Controller\IndexController.class.php 第 27 行.
NOTIC: [8] Undefined index: title D:\wwwroot\TP\Application\Home\Controller\IndexController.class.php 第 27 行.
NOTIC: [8] Undefined index: title D:\wwwroot\TP\Application\Home\Controller\IndexController.class.php 第 27 行.
NOTIC: [8] Undefined index: title D:\wwwroot\TP\Application\Home\Controller\IndexController.class.php 第 27 行.
NOTIC: [8] Undefined index: title D:\wwwroot\TP\Application\Home\Controller\IndexController.class.php 第 27 行.
NOTIC: [8] Undefined index: title D:\wwwroot\TP\Application\Home\Controller\IndexController.class.php 第 27 行.
NOTIC: [8] Undefined index: title D:\wwwroot\TP\Application\Home\Controller\IndexController.class.php 第 27 行.
NOTIC: [8] Undefined index: title D:\wwwroot\TP\Application\Home\Controller\IndexController.class.php 第 27 行.
NOTIC: [8] Undefined index: title D:\wwwroot\TP\Application\Home\Controller\IndexController.class.php 第 27 行.
NOTIC: [8] Undefined index: title D:\wwwroot\TP\Application\Home\Controller\IndexController.class.php 第 27 行.
NOTIC: [8] Undefined index: title D:\wwwroot\TP\Application\Home\Controller\IndexController.class.php 第 27 行.
NOTIC: [8] Undefined index: title D:\wwwroot\TP\Application\Home\Controller\IndexController.class.php 第 27 行.
NOTIC: [8] Undefined index: title D:\wwwroot\TP\Application\Home\Controller\IndexController.class.php 第 27 行.
NOTIC: [8] Undefined index: title D:\wwwroot\TP\Application\Home\Controller\IndexController.class.php 第 27 行.
NOTIC: [8] Undefined index: title D:\wwwroot\TP\Application\Home\Controller\IndexController.class.php 第 27 行.
NOTIC: [8] Undefined index: title D:\wwwroot\TP\Application\Home\Controller\IndexController.class.php 第 27 行.
NOTIC: [8] Undefined index: title D:\wwwroot\TP\Application\Home\Controller\IndexController.class.php 第 27 行.
NOTIC: [8] Undefined index: title D:\wwwroot\TP\Application\Home\Controller\IndexController.class.php 第 27 行.
NOTIC: [8] Undefined index: title D:\wwwroot\TP\Application\Home\Controller\IndexController.class.php 第 27 行.
NOTIC: [8] Undefined index: title D:\wwwroot\TP\Application\Home\Controller\IndexController.class.php 第 27 行.
NOTIC: [8] Undefined index: title D:\wwwroot\TP\Application\Home\Controller\IndexController.class.php 第 27 行.
NOTIC: [8] Undefined index: title D:\wwwroot\TP\Application\Home\Controller\IndexController.class.php 第 27 行.
NOTIC: [8] Undefined index: title D:\wwwroot\TP\Application\Home\Controller\IndexController.class.php 第 27 行.
NOTIC: [8] Undefined index: title D:\wwwroot\TP\Application\Home\Controller\IndexController.class.php 第 27 行.
NOTIC: [8] Undefined index: title D:\wwwroot\TP\Application\Home\Controller\IndexController.class.php 第 27 行.
NOTIC: [8] Undefined index: title D:\wwwroot\TP\Application\Home\Controller\IndexController.class.php 第 27 行.
NOTIC: [8] Undefined index: title D:\wwwroot\TP\Application\Home\Controller\IndexController.class.php 第 27 行.
NOTIC: [8] Undefined index: title D:\wwwroot\TP\Application\Home\Controller\IndexController.class.php 第 27 行.
NOTIC: [8] Undefined index: title D:\wwwroot\TP\Application\Home\Controller\IndexController.class.php 第 27 行.
NOTIC: [8] Undefined index: title D:\wwwroot\TP\Application\Home\Controller\IndexController.class.php 第 27 行.
NOTIC: [8] Undefined index: title D:\wwwroot\TP\Application\Home\Controller\IndexController.class.php 第 27 行.
NOTIC: [8] Undefined index: title D:\wwwroot\TP\Application\Home\Controller\IndexController.class.php 第 27 行.
NOTIC: [8] Undefined index: title D:\wwwroot\TP\Application\Home\Controller\IndexController.class.php 第 27 行.
NOTIC: [8] Undefined index: title D:\wwwroot\TP\Application\Home\Controller\IndexController.class.php 第 27 行.
NOTIC: [8] Undefined index: title D:\wwwroot\TP\Application\Home\Controller\IndexController.class.php 第 27 行.
NOTIC: [8] Undefined index: title D:\wwwroot\TP\Application\Home\Controller\IndexController.class.php 第 27 行.
NOTIC: [8] Undefined index: title D:\wwwroot\TP\Application\Home\Controller\IndexController.class.php 第 27 行.
NOTIC: [8] Undefined index: title D:\wwwroot\TP\Application\Home\Controller\IndexController.class.php 第 27 行.
NOTIC: [8] Undefined index: title D:\wwwroot\TP\Application\Home\Controller\IndexController.class.php 第 27 行.
NOTIC: [8] Undefined index: title D:\wwwroot\TP\Application\Home\Controller\IndexController.class.php 第 27 行.
NOTIC: [8] Undefined index: title D:\wwwroot\TP\Application\Home\Controller\IndexController.class.php 第 27 行.
NOTIC: [8] Undefined index: title D:\wwwroot\TP\Application\Home\Controller\IndexController.class.php 第 27 行.
NOTIC: [8] Undefined index: title D:\wwwroot\TP\Application\Home\Controller\IndexController.class.php 第 27 行.
NOTIC: [8] Undefined index: title D:\wwwroot\TP\Application\Home\Controller\IndexController.class.php 第 27 行.
NOTIC: [8] Undefined index: title D:\wwwroot\TP\Application\Home\Controller\IndexController.class.php 第 27 行.
NOTIC: [8] Undefined index: title D:\wwwroot\TP\Application\Home\Controller\IndexController.class.php 第 27 行.
NOTIC: [8] Undefined index: title D:\wwwroot\TP\Application\Home\Controller\IndexController.class.php 第 27 行.
NOTIC: [8] Undefined index: title D:\wwwroot\TP\Application\Home\Controller\IndexController.class.php 第 27 行.
NOTIC: [8] Undefined index: title D:\wwwroot\TP\Application\Home\Controller\IndexController.class.php 第 27 行.
NOTIC: [8] Undefined index: title D:\wwwroot\TP\Application\Home\Controller\IndexController.class.php 第 27 行.
NOTIC: [8] Undefined index: title D:\wwwroot\TP\Application\Home\Controller\IndexController.class.php 第 27 行.
NOTIC: [8] Undefined index: title D:\wwwroot\TP\Application\Home\Controller\IndexController.class.php 第 27 行.
NOTIC: [8] Undefined index: title D:\wwwroot\TP\Application\Home\Controller\IndexController.class.php 第 27 行.
NOTIC: [8] Undefined index: title D:\wwwroot\TP\Application\Home\Controller\IndexController.class.php 第 27 行.
NOTIC: [8] Undefined index: title D:\wwwroot\TP\Application\Home\Controller\IndexController.class.php 第 27 行.
NOTIC: [8] Undefined index: title D:\wwwroot\TP\Application\Home\Controller\IndexController.class.php 第 27 行.
NOTIC: [8] Undefined index: title D:\wwwroot\TP\Application\Home\Controller\IndexController.class.php 第 27 行.
NOTIC: [8] Undefined index: title D:\wwwroot\TP\Application\Home\Controller\IndexController.class.php 第 27 行.
NOTIC: [8] Undefined index: title D:\wwwroot\TP\Application\Home\Controller\IndexController.class.php 第 27 行.
NOTIC: [8] Undefined index: title D:\wwwroot\TP\Application\Home\Controller\IndexController.class.php 第 27 行.
NOTIC: [8] Undefined index: title D:\wwwroot\TP\Application\Home\Controller\IndexController.class.php 第 27 行.
NOTIC: [8] Undefined index: title D:\wwwroot\TP\Application\Home\Controller\IndexController.class.php 第 27 行.
NOTIC: [8] Undefined index: title D:\wwwroot\TP\Application\Home\Controller\IndexController.class.php 第 27 行.
NOTIC: [8] Undefined index: title D:\wwwroot\TP\Application\Home\Controller\IndexController.class.php 第 27 行.
NOTIC: [8] Undefined index: title D:\wwwroot\TP\Application\Home\Controller\IndexController.class.php 第 27 行.
NOTIC: [8] Undefined index: title D:\wwwroot\TP\Application\Home\Controller\IndexController.class.php 第 27 行.
NOTIC: [8] Undefined index: title D:\wwwroot\TP\Application\Home\Controller\IndexController.class.php 第 27 行.
NOTIC: [8] Undefined index: title D:\wwwroot\TP\Application\Home\Controller\IndexController.class.php 第 27 行.
NOTIC: [8] Undefined index: title D:\wwwroot\TP\Application\Home\Controller\IndexController.class.php 第 27 行.
NOTIC: [8] Undefined index: title D:\wwwroot\TP\Application\Home\Controller\IndexController.class.php 第 27 行.
NOTIC: [8] Undefined index: title D:\wwwroot\TP\Application\Home\Controller\IndexController.class.php 第 27 行.
NOTIC: [8] Undefined index: title D:\wwwroot\TP\Application\Home\Controller\IndexController.class.php 第 27 行.
NOTIC: [8] Undefined index: title D:\wwwroot\TP\Application\Home\Controller\IndexController.class.php 第 27 行.
NOTIC: [8] Undefined index: title D:\wwwroot\TP\Application\Home\Controller\IndexController.class.php 第 27 行.
NOTIC: [8] Undefined index: title D:\wwwroot\TP\Application\Home\Controller\IndexController.class.php 第 27 行.
NOTIC: [8] Undefined index: title D:\wwwroot\TP\Application\Home\Controller\IndexController.class.php 第 27 行.
NOTIC: [8] Undefined index: title D:\wwwroot\TP\Application\Home\Controller\IndexController.class.php 第 27 行.
NOTIC: [8] Undefined index: title D:\wwwroot\TP\Application\Home\Controller\IndexController.class.php 第 27 行.
NOTIC: [8] Undefined index: title D:\wwwroot\TP\Application\Home\Controller\IndexController.class.php 第 27 行.
NOTIC: [8] Undefined index: title D:\wwwroot\TP\Application\Home\Controller\IndexController.class.php 第 27 行.
NOTIC: [8] Undefined index: title D:\wwwroot\TP\Application\Home\Controller\IndexController.class.php 第 27 行.
NOTIC: [8] Undefined index: name D:\wwwroot\TP\Application\Home\Controller\IndexController.class.php 第 30 行.
NOTIC: [8] Undefined index: name D:\wwwroot\TP\Application\Home\Controller\IndexController.class.php 第 30 行.
NOTIC: [8] Undefined index: name D:\wwwroot\TP\Application\Home\Controller\IndexController.class.php 第 30 行.
NOTIC: [8] Undefined index: name D:\wwwroot\TP\Application\Home\Controller\IndexController.class.php 第 30 行.
NOTIC: [8] Undefined index: name D:\wwwroot\TP\Application\Home\Controller\IndexController.class.php 第 30 行.
NOTIC: [8] Undefined index: name D:\wwwroot\TP\Application\Home\Controller\IndexController.class.php 第 30 行.
NOTIC: [8] Undefined index: name D:\wwwroot\TP\Application\Home\Controller\IndexController.class.php 第 30 行.
NOTIC: [8] Undefined index: name D:\wwwroot\TP\Application\Home\Controller\IndexController.class.php 第 30 行.
NOTIC: [8] Undefined index: name D:\wwwroot\TP\Application\Home\Controller\IndexController.class.php 第 30 行.
NOTIC: [8] Undefined index: name D:\wwwroot\TP\Application\Home\Controller\IndexController.class.php 第 30 行.
NOTIC: [8] Undefined index: name D:\wwwroot\TP\Application\Home\Controller\IndexController.class.php 第 30 行.
NOTIC: [8] Undefined index: name D:\wwwroot\TP\Application\Home\Controller\IndexController.class.php 第 30 行.
NOTIC: [8] Undefined index: name D:\wwwroot\TP\Application\Home\Controller\IndexController.class.php 第 30 行.
NOTIC: [8] Undefined index: name D:\wwwroot\TP\Application\Home\Controller\IndexController.class.php 第 30 行.
NOTIC: [8] Undefined index: name D:\wwwroot\TP\Application\Home\Controller\IndexController.class.php 第 30 行.
NOTIC: [8] Undefined index: name D:\wwwroot\TP\Application\Home\Controller\IndexController.class.php 第 30 行.
NOTIC: [8] Undefined index: name D:\wwwroot\TP\Application\Home\Controller\IndexController.class.php 第 30 行.
NOTIC: [8] Undefined index: name D:\wwwroot\TP\Application\Home\Controller\IndexController.class.php 第 30 行.
NOTIC: [8] Undefined index: name D:\wwwroot\TP\Application\Home\Controller\IndexController.class.php 第 30 行.
NOTIC: [8] Undefined index: name D:\wwwroot\TP\Application\Home\Controller\IndexController.class.php 第 30 行.
NOTIC: [8] Undefined index: name D:\wwwroot\TP\Application\Home\Controller\IndexController.class.php 第 30 行.
NOTIC: [8] Undefined index: name D:\wwwroot\TP\Application\Home\Controller\IndexController.class.php 第 30 行.
NOTIC: [8] Undefined index: name D:\wwwroot\TP\Application\Home\Controller\IndexController.class.php 第 30 行.
NOTIC: [8] Undefined index: name D:\wwwroot\TP\Application\Home\Controller\IndexController.class.php 第 30 行.
NOTIC: [8] Undefined index: name D:\wwwroot\TP\Application\Home\Controller\IndexController.class.php 第 30 行.
NOTIC: [8] Undefined index: name D:\wwwroot\TP\Application\Home\Controller\IndexController.class.php 第 30 行.
NOTIC: [8] Undefined index: name D:\wwwroot\TP\Application\Home\Controller\IndexController.class.php 第 30 行.
NOTIC: [8] Undefined index: name D:\wwwroot\TP\Application\Home\Controller\IndexController.class.php 第 30 行.
NOTIC: [8] Undefined index: name D:\wwwroot\TP\Application\Home\Controller\IndexController.class.php 第 30 行.
NOTIC: [8] Undefined index: name D:\wwwroot\TP\Application\Home\Controller\IndexController.class.php 第 30 行.
NOTIC: [8] Undefined index: name D:\wwwroot\TP\Application\Home\Controller\IndexController.class.php 第 30 行.
NOTIC: [8] Undefined index: name D:\wwwroot\TP\Application\Home\Controller\IndexController.class.php 第 30 行.
NOTIC: [8] Undefined index: name D:\wwwroot\TP\Application\Home\Controller\IndexController.class.php 第 30 行.
NOTIC: [8] Undefined index: name D:\wwwroot\TP\Application\Home\Controller\IndexController.class.php 第 30 行.
NOTIC: [8] Undefined index: name D:\wwwroot\TP\Application\Home\Controller\IndexController.class.php 第 30 行.
NOTIC: [8] Undefined index: name D:\wwwroot\TP\Application\Home\Controller\IndexController.class.php 第 30 行.
NOTIC: [8] Undefined index: name D:\wwwroot\TP\Application\Home\Controller\IndexController.class.php 第 30 行.
NOTIC: [8] Undefined index: name D:\wwwroot\TP\Application\Home\Controller\IndexController.class.php 第 30 行.
NOTIC: [8] Undefined index: name D:\wwwroot\TP\Application\Home\Controller\IndexController.class.php 第 30 行.
NOTIC: [8] Undefined index: name D:\wwwroot\TP\Application\Home\Controller\IndexController.class.php 第 30 行.
NOTIC: [8] Undefined index: name D:\wwwroot\TP\Application\Home\Controller\IndexController.class.php 第 30 行.
NOTIC: [8] Undefined index: name D:\wwwroot\TP\Application\Home\Controller\IndexController.class.php 第 30 行.
NOTIC: [8] Undefined index: name D:\wwwroot\TP\Application\Home\Controller\IndexController.class.php 第 30 行.
NOTIC: [8] Undefined index: name D:\wwwroot\TP\Application\Home\Controller\IndexController.class.php 第 30 行.
NOTIC: [8] Undefined index: name D:\wwwroot\TP\Application\Home\Controller\IndexController.class.php 第 30 行.
NOTIC: [8] Undefined index: name D:\wwwroot\TP\Application\Home\Controller\IndexController.class.php 第 30 行.
NOTIC: [8] Undefined index: name D:\wwwroot\TP\Application\Home\Controller\IndexController.class.php 第 30 行.
NOTIC: [8] Undefined index: name D:\wwwroot\TP\Application\Home\Controller\IndexController.class.php 第 30 行.
NOTIC: [8] Undefined index: name D:\wwwroot\TP\Application\Home\Controller\IndexController.class.php 第 30 行.
NOTIC: [8] Undefined index: name D:\wwwroot\TP\Application\Home\Controller\IndexController.class.php 第 30 行.
NOTIC: [8] Undefined index: name D:\wwwroot\TP\Application\Home\Controller\IndexController.class.php 第 30 行.
NOTIC: [8] Undefined index: name D:\wwwroot\TP\Application\Home\Controller\IndexController.class.php 第 30 行.
NOTIC: [8] Undefined index: name D:\wwwroot\TP\Application\Home\Controller\IndexController.class.php 第 30 行.
NOTIC: [8] Undefined index: name D:\wwwroot\TP\Application\Home\Controller\IndexController.class.php 第 30 行.
NOTIC: [8] Undefined index: name D:\wwwroot\TP\Application\Home\Controller\IndexController.class.php 第 30 行.
NOTIC: [8] Undefined index: name D:\wwwroot\TP\Application\Home\Controller\IndexController.class.php 第 30 行.
NOTIC: [8] Undefined index: name D:\wwwroot\TP\Application\Home\Controller\IndexController.class.php 第 30 行.
NOTIC: [8] Undefined index: name D:\wwwroot\TP\Application\Home\Controller\IndexController.class.php 第 30 行.
NOTIC: [8] Undefined index: name D:\wwwroot\TP\Application\Home\Controller\IndexController.class.php 第 30 行.
NOTIC: [8] Undefined index: name D:\wwwroot\TP\Application\Home\Controller\IndexController.class.php 第 30 行.
NOTIC: [8] Undefined index: name D:\wwwroot\TP\Application\Home\Controller\IndexController.class.php 第 30 行.
NOTIC: [8] Undefined index: name D:\wwwroot\TP\Application\Home\Controller\IndexController.class.php 第 30 行.
NOTIC: [8] Undefined index: name D:\wwwroot\TP\Application\Home\Controller\IndexController.class.php 第 30 行.
NOTIC: [8] Undefined index: name D:\wwwroot\TP\Application\Home\Controller\IndexController.class.php 第 30 行.
NOTIC: [8] Undefined index: name D:\wwwroot\TP\Application\Home\Controller\IndexController.class.php 第 30 行.
NOTIC: [8] Undefined index: name D:\wwwroot\TP\Application\Home\Controller\IndexController.class.php 第 30 行.
NOTIC: [8] Undefined index: name D:\wwwroot\TP\Application\Home\Controller\IndexController.class.php 第 30 行.
NOTIC: [8] Undefined index: name D:\wwwroot\TP\Application\Home\Controller\IndexController.class.php 第 30 行.
NOTIC: [8] Undefined index: name D:\wwwroot\TP\Application\Home\Controller\IndexController.class.php 第 30 行.
NOTIC: [8] Undefined index: name D:\wwwroot\TP\Application\Home\Controller\IndexController.class.php 第 30 行.
NOTIC: [8] Undefined index: name D:\wwwroot\TP\Application\Home\Controller\IndexController.class.php 第 30 行.
NOTIC: [8] Undefined index: name D:\wwwroot\TP\Application\Home\Controller\IndexController.class.php 第 30 行.
NOTIC: [8] Undefined index: name D:\wwwroot\TP\Application\Home\Controller\IndexController.class.php 第 30 行.
NOTIC: [8] Undefined index: name D:\wwwroot\TP\Application\Home\Controller\IndexController.class.php 第 30 行.
NOTIC: [8] Undefined index: name D:\wwwroot\TP\Application\Home\Controller\IndexController.class.php 第 30 行.
NOTIC: [8] Undefined index: name D:\wwwroot\TP\Application\Home\Controller\IndexController.class.php 第 30 行.
NOTIC: [8] Undefined index: name D:\wwwroot\TP\Application\Home\Controller\IndexController.class.php 第 30 行.
NOTIC: [8] Undefined index: name D:\wwwroot\TP\Application\Home\Controller\IndexController.class.php 第 30 行.
NOTIC: [8] Undefined index: name D:\wwwroot\TP\Application\Home\Controller\IndexController.class.php 第 30 行.
NOTIC: [8] Undefined index: name D:\wwwroot\TP\Application\Home\Controller\IndexController.class.php 第 30 行.
NOTIC: [8] Undefined index: name D:\wwwroot\TP\Application\Home\Controller\IndexController.class.php 第 30 行.
NOTIC: [8] Undefined index: name D:\wwwroot\TP\Application\Home\Controller\IndexController.class.php 第 30 行.
NOTIC: [8] Undefined variable: tem D:\wwwroot\TP\Application\Home\Controller\IndexController.class.php 第 34 行.

[ 2020-01-15T14:16:31+08:00 ] 127.0.0.1 /TP/
INFO: [ app_init ] --START--
INFO: Run Behavior\BuildLiteBehavior [ RunTime:0.000000s ]
INFO: [ app_init ] --END-- [ RunTime:0.000000s ]
INFO: [ app_begin ] --START--
INFO: Run Behavior\ReadHtmlCacheBehavior [ RunTime:0.000000s ]
INFO: [ app_begin ] --END-- [ RunTime:0.000000s ]
SQL: SHOW COLUMNS FROM `j_storee` [ RunTime:0.0040s ]
SQL: SELECT `name`,`id` FROM `j_storee`  [ RunTime:0.0010s ]
SQL: SHOW COLUMNS FROM `j_store` [ RunTime:0.0030s ]
SQL: SELECT `title` FROM `j_store`  [ RunTime:0.0000s ]

