[ 2020-07-17T12:50:34+08:00 ] 127.0.0.1 /
INFO: [ app_init ] --START--
INFO: Run Behavior\BuildLiteBehavior [ RunTime:0.000000s ]
INFO: [ app_init ] --END-- [ RunTime:0.000000s ]
INFO: [ app_begin ] --START--
INFO: Run Behavior\ReadHtmlCacheBehavior [ RunTime:0.001000s ]
INFO: [ app_begin ] --END-- [ RunTime:0.001000s ]
SQL: SHOW COLUMNS FROM `product` [ RunTime:0.0030s ]
SQL: SELECT COUNT(*) AS tp_count FROM `product` LIMIT 1   [ RunTime:0.0000s ]
SQL: SELECT `id`,`sort`,`pid`,`name`,`price`,`img`,`desc`,`status`,`add_time`,`stock`,`last_time` FROM `product` LIMIT 0,12   [ RunTime:0.0000s ]
INFO: [ view_parse ] --START--
INFO: [ template_filter ] --START--
INFO: Run Behavior\ContentReplaceBehavior [ RunTime:0.000000s ]
INFO: [ template_filter ] --END-- [ RunTime:0.000000s ]
NOTIC: [8] Undefined index: user D:\wwwroot\TP\Application\Runtime\Cache\Home\0d6509e863112dc5821b22ecb897e16e.php 第 106 行.
NOTIC: [8] Undefined index: shop D:\wwwroot\TP\Application\Runtime\Cache\Home\0d6509e863112dc5821b22ecb897e16e.php 第 120 行.
INFO: Run Behavior\ParseTemplateBehavior [ RunTime:0.009000s ]
INFO: [ view_parse ] --END-- [ RunTime:0.009000s ]
INFO: [ view_filter ] --START--
INFO: Run Behavior\WriteHtmlCacheBehavior [ RunTime:0.000000s ]
INFO: [ view_filter ] --END-- [ RunTime:0.000000s ]

[ 2020-07-17T12:56:31+08:00 ] 127.0.0.1 /
INFO: [ app_init ] --START--
INFO: Run Behavior\BuildLiteBehavior [ RunTime:0.000000s ]
INFO: [ app_init ] --END-- [ RunTime:0.000000s ]
INFO: [ app_begin ] --START--
INFO: Run Behavior\ReadHtmlCacheBehavior [ RunTime:0.001000s ]
INFO: [ app_begin ] --END-- [ RunTime:0.001000s ]
SQL: SHOW COLUMNS FROM `product` [ RunTime:0.0020s ]
SQL: SELECT COUNT(*) AS tp_count FROM `product` LIMIT 1   [ RunTime:0.0000s ]
SQL: SELECT `id`,`sort`,`pid`,`name`,`price`,`img`,`desc`,`status`,`add_time`,`stock`,`last_time` FROM `product` LIMIT 0,12   [ RunTime:0.0000s ]
NOTIC: [2] substr() expects parameter 1 to be string, array given D:\wwwroot\TP\Application\Home\Controller\IndexController.class.php 第 48 行.
NOTIC: [2] substr() expects parameter 1 to be string, array given D:\wwwroot\TP\Application\Home\Controller\IndexController.class.php 第 48 行.
NOTIC: [2] substr() expects parameter 1 to be string, array given D:\wwwroot\TP\Application\Home\Controller\IndexController.class.php 第 48 行.
NOTIC: [2] substr() expects parameter 1 to be string, array given D:\wwwroot\TP\Application\Home\Controller\IndexController.class.php 第 48 行.
NOTIC: [2] substr() expects parameter 1 to be string, array given D:\wwwroot\TP\Application\Home\Controller\IndexController.class.php 第 48 行.
NOTIC: [2] substr() expects parameter 1 to be string, array given D:\wwwroot\TP\Application\Home\Controller\IndexController.class.php 第 48 行.
NOTIC: [2] substr() expects parameter 1 to be string, array given D:\wwwroot\TP\Application\Home\Controller\IndexController.class.php 第 48 行.
NOTIC: [2] substr() expects parameter 1 to be string, array given D:\wwwroot\TP\Application\Home\Controller\IndexController.class.php 第 48 行.
NOTIC: [2] substr() expects parameter 1 to be string, array given D:\wwwroot\TP\Application\Home\Controller\IndexController.class.php 第 48 行.
NOTIC: [2] substr() expects parameter 1 to be string, array given D:\wwwroot\TP\Application\Home\Controller\IndexController.class.php 第 48 行.
NOTIC: [2] substr() expects parameter 1 to be string, array given D:\wwwroot\TP\Application\Home\Controller\IndexController.class.php 第 48 行.
NOTIC: [2] substr() expects parameter 1 to be string, array given D:\wwwroot\TP\Application\Home\Controller\IndexController.class.php 第 48 行.
INFO: [ view_parse ] --START--
INFO: [ template_filter ] --START--
INFO: Run Behavior\ContentReplaceBehavior [ RunTime:0.000000s ]
INFO: [ template_filter ] --END-- [ RunTime:0.000000s ]
NOTIC: [8] Undefined index: user D:\wwwroot\TP\Application\Runtime\Cache\Home\0d6509e863112dc5821b22ecb897e16e.php 第 106 行.
NOTIC: [8] Undefined index: shop D:\wwwroot\TP\Application\Runtime\Cache\Home\0d6509e863112dc5821b22ecb897e16e.php 第 120 行.
INFO: Run Behavior\ParseTemplateBehavior [ RunTime:0.010000s ]
INFO: [ view_parse ] --END-- [ RunTime:0.010000s ]
INFO: [ view_filter ] --START--
INFO: Run Behavior\WriteHtmlCacheBehavior [ RunTime:0.000000s ]
INFO: [ view_filter ] --END-- [ RunTime:0.000000s ]

[ 2020-07-17T12:57:26+08:00 ] 127.0.0.1 /
INFO: [ app_init ] --START--
INFO: Run Behavior\BuildLiteBehavior [ RunTime:0.000000s ]
INFO: [ app_init ] --END-- [ RunTime:0.000000s ]
INFO: [ app_begin ] --START--
INFO: Run Behavior\ReadHtmlCacheBehavior [ RunTime:0.001000s ]
INFO: [ app_begin ] --END-- [ RunTime:0.001000s ]
SQL: SHOW COLUMNS FROM `product` [ RunTime:0.0030s ]
SQL: SELECT COUNT(*) AS tp_count FROM `product` LIMIT 1   [ RunTime:0.0000s ]
SQL: SELECT `id`,`sort`,`pid`,`name`,`price`,`img`,`desc`,`status`,`add_time`,`stock`,`last_time` FROM `product` LIMIT 0,12   [ RunTime:0.0000s ]

[ 2020-07-17T12:59:24+08:00 ] 127.0.0.1 /
INFO: [ app_init ] --START--
INFO: Run Behavior\BuildLiteBehavior [ RunTime:0.000000s ]
INFO: [ app_init ] --END-- [ RunTime:0.001000s ]
INFO: [ app_begin ] --START--
INFO: Run Behavior\ReadHtmlCacheBehavior [ RunTime:0.000000s ]
INFO: [ app_begin ] --END-- [ RunTime:0.000000s ]
SQL: SHOW COLUMNS FROM `product` [ RunTime:0.0020s ]
SQL: SELECT COUNT(*) AS tp_count FROM `product` LIMIT 1   [ RunTime:0.0000s ]
SQL: SELECT `id`,`sort`,`pid`,`name`,`price`,`img`,`desc`,`status`,`add_time`,`stock`,`last_time` FROM `product` LIMIT 0,12   [ RunTime:0.0000s ]
NOTIC: [2] Invalid argument supplied for foreach() D:\wwwroot\TP\Application\Home\Controller\IndexController.class.php 第 48 行.
NOTIC: [2] Invalid argument supplied for foreach() D:\wwwroot\TP\Application\Home\Controller\IndexController.class.php 第 48 行.
NOTIC: [2] Invalid argument supplied for foreach() D:\wwwroot\TP\Application\Home\Controller\IndexController.class.php 第 48 行.
NOTIC: [2] Invalid argument supplied for foreach() D:\wwwroot\TP\Application\Home\Controller\IndexController.class.php 第 48 行.
NOTIC: [2] Invalid argument supplied for foreach() D:\wwwroot\TP\Application\Home\Controller\IndexController.class.php 第 48 行.
NOTIC: [2] Invalid argument supplied for foreach() D:\wwwroot\TP\Application\Home\Controller\IndexController.class.php 第 48 行.
NOTIC: [2] Invalid argument supplied for foreach() D:\wwwroot\TP\Application\Home\Controller\IndexController.class.php 第 48 行.
NOTIC: [2] Invalid argument supplied for foreach() D:\wwwroot\TP\Application\Home\Controller\IndexController.class.php 第 48 行.
NOTIC: [2] Invalid argument supplied for foreach() D:\wwwroot\TP\Application\Home\Controller\IndexController.class.php 第 48 行.
NOTIC: [2] Invalid argument supplied for foreach() D:\wwwroot\TP\Application\Home\Controller\IndexController.class.php 第 48 行.
NOTIC: [2] Invalid argument supplied for foreach() D:\wwwroot\TP\Application\Home\Controller\IndexController.class.php 第 48 行.
NOTIC: [2] Invalid argument supplied for foreach() D:\wwwroot\TP\Application\Home\Controller\IndexController.class.php 第 48 行.
INFO: [ view_parse ] --START--
INFO: [ template_filter ] --START--
INFO: Run Behavior\ContentReplaceBehavior [ RunTime:0.000000s ]
INFO: [ template_filter ] --END-- [ RunTime:0.000000s ]
NOTIC: [8] Undefined index: user D:\wwwroot\TP\Application\Runtime\Cache\Home\0d6509e863112dc5821b22ecb897e16e.php 第 106 行.
NOTIC: [8] Undefined index: shop D:\wwwroot\TP\Application\Runtime\Cache\Home\0d6509e863112dc5821b22ecb897e16e.php 第 120 行.
NOTIC: [8] Undefined offset: 0 D:\wwwroot\TP\Application\Runtime\Cache\Home\0d6509e863112dc5821b22ecb897e16e.php 第 171 行.
NOTIC: [8] Undefined offset: 0 D:\wwwroot\TP\Application\Runtime\Cache\Home\0d6509e863112dc5821b22ecb897e16e.php 第 171 行.
NOTIC: [8] Undefined offset: 0 D:\wwwroot\TP\Application\Runtime\Cache\Home\0d6509e863112dc5821b22ecb897e16e.php 第 171 行.
NOTIC: [8] Undefined offset: 0 D:\wwwroot\TP\Application\Runtime\Cache\Home\0d6509e863112dc5821b22ecb897e16e.php 第 171 行.
NOTIC: [8] Undefined offset: 0 D:\wwwroot\TP\Application\Runtime\Cache\Home\0d6509e863112dc5821b22ecb897e16e.php 第 171 行.
NOTIC: [8] Undefined offset: 0 D:\wwwroot\TP\Application\Runtime\Cache\Home\0d6509e863112dc5821b22ecb897e16e.php 第 171 行.
NOTIC: [8] Undefined offset: 0 D:\wwwroot\TP\Application\Runtime\Cache\Home\0d6509e863112dc5821b22ecb897e16e.php 第 171 行.
NOTIC: [8] Undefined offset: 0 D:\wwwroot\TP\Application\Runtime\Cache\Home\0d6509e863112dc5821b22ecb897e16e.php 第 171 行.
NOTIC: [8] Undefined offset: 0 D:\wwwroot\TP\Application\Runtime\Cache\Home\0d6509e863112dc5821b22ecb897e16e.php 第 171 行.
NOTIC: [8] Undefined offset: 0 D:\wwwroot\TP\Application\Runtime\Cache\Home\0d6509e863112dc5821b22ecb897e16e.php 第 171 行.
NOTIC: [8] Undefined offset: 0 D:\wwwroot\TP\Application\Runtime\Cache\Home\0d6509e863112dc5821b22ecb897e16e.php 第 171 行.
NOTIC: [8] Undefined offset: 0 D:\wwwroot\TP\Application\Runtime\Cache\Home\0d6509e863112dc5821b22ecb897e16e.php 第 171 行.
INFO: Run Behavior\ParseTemplateBehavior [ RunTime:0.009000s ]
INFO: [ view_parse ] --END-- [ RunTime:0.009000s ]
INFO: [ view_filter ] --START--
INFO: Run Behavior\WriteHtmlCacheBehavior [ RunTime:0.000000s ]
INFO: [ view_filter ] --END-- [ RunTime:0.000000s ]

[ 2020-07-17T12:59:44+08:00 ] 127.0.0.1 /
INFO: [ app_init ] --START--
INFO: Run Behavior\BuildLiteBehavior [ RunTime:0.000000s ]
INFO: [ app_init ] --END-- [ RunTime:0.000000s ]
INFO: [ app_begin ] --START--
INFO: Run Behavior\ReadHtmlCacheBehavior [ RunTime:0.000000s ]
INFO: [ app_begin ] --END-- [ RunTime:0.000000s ]
SQL: SHOW COLUMNS FROM `product` [ RunTime:0.0030s ]
SQL: SELECT COUNT(*) AS tp_count FROM `product` LIMIT 1   [ RunTime:0.0000s ]
SQL: SELECT `id`,`sort`,`pid`,`name`,`price`,`img`,`desc`,`status`,`add_time`,`stock`,`last_time` FROM `product` LIMIT 0,12   [ RunTime:0.0000s ]
NOTIC: [2] Invalid argument supplied for foreach() D:\wwwroot\TP\Application\Home\Controller\IndexController.class.php 第 48 行.
NOTIC: [2] Invalid argument supplied for foreach() D:\wwwroot\TP\Application\Home\Controller\IndexController.class.php 第 48 行.
NOTIC: [2] Invalid argument supplied for foreach() D:\wwwroot\TP\Application\Home\Controller\IndexController.class.php 第 48 行.
NOTIC: [2] Invalid argument supplied for foreach() D:\wwwroot\TP\Application\Home\Controller\IndexController.class.php 第 48 行.
NOTIC: [2] Invalid argument supplied for foreach() D:\wwwroot\TP\Application\Home\Controller\IndexController.class.php 第 48 行.
NOTIC: [2] Invalid argument supplied for foreach() D:\wwwroot\TP\Application\Home\Controller\IndexController.class.php 第 48 行.
NOTIC: [2] Invalid argument supplied for foreach() D:\wwwroot\TP\Application\Home\Controller\IndexController.class.php 第 48 行.
NOTIC: [2] Invalid argument supplied for foreach() D:\wwwroot\TP\Application\Home\Controller\IndexController.class.php 第 48 行.
NOTIC: [2] Invalid argument supplied for foreach() D:\wwwroot\TP\Application\Home\Controller\IndexController.class.php 第 48 行.
NOTIC: [2] Invalid argument supplied for foreach() D:\wwwroot\TP\Application\Home\Controller\IndexController.class.php 第 48 行.
NOTIC: [2] Invalid argument supplied for foreach() D:\wwwroot\TP\Application\Home\Controller\IndexController.class.php 第 48 行.
NOTIC: [2] Invalid argument supplied for foreach() D:\wwwroot\TP\Application\Home\Controller\IndexController.class.php 第 48 行.
INFO: [ view_parse ] --START--
INFO: [ template_filter ] --START--
INFO: Run Behavior\ContentReplaceBehavior [ RunTime:0.000000s ]
INFO: [ template_filter ] --END-- [ RunTime:0.000000s ]
NOTIC: [8] Undefined index: user D:\wwwroot\TP\Application\Runtime\Cache\Home\0d6509e863112dc5821b22ecb897e16e.php 第 106 行.
NOTIC: [8] Undefined index: shop D:\wwwroot\TP\Application\Runtime\Cache\Home\0d6509e863112dc5821b22ecb897e16e.php 第 120 行.
NOTIC: [8] Undefined offset: 0 D:\wwwroot\TP\Application\Runtime\Cache\Home\0d6509e863112dc5821b22ecb897e16e.php 第 171 行.
NOTIC: [8] Undefined offset: 0 D:\wwwroot\TP\Application\Runtime\Cache\Home\0d6509e863112dc5821b22ecb897e16e.php 第 171 行.
NOTIC: [8] Undefined offset: 0 D:\wwwroot\TP\Application\Runtime\Cache\Home\0d6509e863112dc5821b22ecb897e16e.php 第 171 行.
NOTIC: [8] Undefined offset: 0 D:\wwwroot\TP\Application\Runtime\Cache\Home\0d6509e863112dc5821b22ecb897e16e.php 第 171 行.
NOTIC: [8] Undefined offset: 0 D:\wwwroot\TP\Application\Runtime\Cache\Home\0d6509e863112dc5821b22ecb897e16e.php 第 171 行.
NOTIC: [8] Undefined offset: 0 D:\wwwroot\TP\Application\Runtime\Cache\Home\0d6509e863112dc5821b22ecb897e16e.php 第 171 行.
NOTIC: [8] Undefined offset: 0 D:\wwwroot\TP\Application\Runtime\Cache\Home\0d6509e863112dc5821b22ecb897e16e.php 第 171 行.
NOTIC: [8] Undefined offset: 0 D:\wwwroot\TP\Application\Runtime\Cache\Home\0d6509e863112dc5821b22ecb897e16e.php 第 171 行.
NOTIC: [8] Undefined offset: 0 D:\wwwroot\TP\Application\Runtime\Cache\Home\0d6509e863112dc5821b22ecb897e16e.php 第 171 行.
NOTIC: [8] Undefined offset: 0 D:\wwwroot\TP\Application\Runtime\Cache\Home\0d6509e863112dc5821b22ecb897e16e.php 第 171 行.
NOTIC: [8] Undefined offset: 0 D:\wwwroot\TP\Application\Runtime\Cache\Home\0d6509e863112dc5821b22ecb897e16e.php 第 171 行.
NOTIC: [8] Undefined offset: 0 D:\wwwroot\TP\Application\Runtime\Cache\Home\0d6509e863112dc5821b22ecb897e16e.php 第 171 行.
INFO: Run Behavior\ParseTemplateBehavior [ RunTime:0.005000s ]
INFO: [ view_parse ] --END-- [ RunTime:0.005000s ]
INFO: [ view_filter ] --START--
INFO: Run Behavior\WriteHtmlCacheBehavior [ RunTime:0.001000s ]
INFO: [ view_filter ] --END-- [ RunTime:0.001000s ]

[ 2020-07-17T12:59:45+08:00 ] 127.0.0.1 /
INFO: [ app_init ] --START--
INFO: Run Behavior\BuildLiteBehavior [ RunTime:0.000000s ]
INFO: [ app_init ] --END-- [ RunTime:0.000000s ]
INFO: [ app_begin ] --START--
INFO: Run Behavior\ReadHtmlCacheBehavior [ RunTime:0.000000s ]
INFO: [ app_begin ] --END-- [ RunTime:0.000000s ]
SQL: SHOW COLUMNS FROM `product` [ RunTime:0.0020s ]
SQL: SELECT COUNT(*) AS tp_count FROM `product` LIMIT 1   [ RunTime:0.0010s ]
SQL: SELECT `id`,`sort`,`pid`,`name`,`price`,`img`,`desc`,`status`,`add_time`,`stock`,`last_time` FROM `product` LIMIT 0,12   [ RunTime:0.0000s ]
NOTIC: [2] Invalid argument supplied for foreach() D:\wwwroot\TP\Application\Home\Controller\IndexController.class.php 第 48 行.
NOTIC: [2] Invalid argument supplied for foreach() D:\wwwroot\TP\Application\Home\Controller\IndexController.class.php 第 48 行.
NOTIC: [2] Invalid argument supplied for foreach() D:\wwwroot\TP\Application\Home\Controller\IndexController.class.php 第 48 行.
NOTIC: [2] Invalid argument supplied for foreach() D:\wwwroot\TP\Application\Home\Controller\IndexController.class.php 第 48 行.
NOTIC: [2] Invalid argument supplied for foreach() D:\wwwroot\TP\Application\Home\Controller\IndexController.class.php 第 48 行.
NOTIC: [2] Invalid argument supplied for foreach() D:\wwwroot\TP\Application\Home\Controller\IndexController.class.php 第 48 行.
NOTIC: [2] Invalid argument supplied for foreach() D:\wwwroot\TP\Application\Home\Controller\IndexController.class.php 第 48 行.
NOTIC: [2] Invalid argument supplied for foreach() D:\wwwroot\TP\Application\Home\Controller\IndexController.class.php 第 48 行.
NOTIC: [2] Invalid argument supplied for foreach() D:\wwwroot\TP\Application\Home\Controller\IndexController.class.php 第 48 行.
NOTIC: [2] Invalid argument supplied for foreach() D:\wwwroot\TP\Application\Home\Controller\IndexController.class.php 第 48 行.
NOTIC: [2] Invalid argument supplied for foreach() D:\wwwroot\TP\Application\Home\Controller\IndexController.class.php 第 48 行.
NOTIC: [2] Invalid argument supplied for foreach() D:\wwwroot\TP\Application\Home\Controller\IndexController.class.php 第 48 行.
INFO: [ view_parse ] --START--
INFO: [ template_filter ] --START--
INFO: Run Behavior\ContentReplaceBehavior [ RunTime:0.000000s ]
INFO: [ template_filter ] --END-- [ RunTime:0.000000s ]
NOTIC: [8] Undefined index: user D:\wwwroot\TP\Application\Runtime\Cache\Home\0d6509e863112dc5821b22ecb897e16e.php 第 106 行.
NOTIC: [8] Undefined index: shop D:\wwwroot\TP\Application\Runtime\Cache\Home\0d6509e863112dc5821b22ecb897e16e.php 第 120 行.
NOTIC: [8] Undefined offset: 0 D:\wwwroot\TP\Application\Runtime\Cache\Home\0d6509e863112dc5821b22ecb897e16e.php 第 171 行.
NOTIC: [8] Undefined offset: 0 D:\wwwroot\TP\Application\Runtime\Cache\Home\0d6509e863112dc5821b22ecb897e16e.php 第 171 行.
NOTIC: [8] Undefined offset: 0 D:\wwwroot\TP\Application\Runtime\Cache\Home\0d6509e863112dc5821b22ecb897e16e.php 第 171 行.
NOTIC: [8] Undefined offset: 0 D:\wwwroot\TP\Application\Runtime\Cache\Home\0d6509e863112dc5821b22ecb897e16e.php 第 171 行.
NOTIC: [8] Undefined offset: 0 D:\wwwroot\TP\Application\Runtime\Cache\Home\0d6509e863112dc5821b22ecb897e16e.php 第 171 行.
NOTIC: [8] Undefined offset: 0 D:\wwwroot\TP\Application\Runtime\Cache\Home\0d6509e863112dc5821b22ecb897e16e.php 第 171 行.
NOTIC: [8] Undefined offset: 0 D:\wwwroot\TP\Application\Runtime\Cache\Home\0d6509e863112dc5821b22ecb897e16e.php 第 171 行.
NOTIC: [8] Undefined offset: 0 D:\wwwroot\TP\Application\Runtime\Cache\Home\0d6509e863112dc5821b22ecb897e16e.php 第 171 行.
NOTIC: [8] Undefined offset: 0 D:\wwwroot\TP\Application\Runtime\Cache\Home\0d6509e863112dc5821b22ecb897e16e.php 第 171 行.
NOTIC: [8] Undefined offset: 0 D:\wwwroot\TP\Application\Runtime\Cache\Home\0d6509e863112dc5821b22ecb897e16e.php 第 171 行.
NOTIC: [8] Undefined offset: 0 D:\wwwroot\TP\Application\Runtime\Cache\Home\0d6509e863112dc5821b22ecb897e16e.php 第 171 行.
NOTIC: [8] Undefined offset: 0 D:\wwwroot\TP\Application\Runtime\Cache\Home\0d6509e863112dc5821b22ecb897e16e.php 第 171 行.
INFO: Run Behavior\ParseTemplateBehavior [ RunTime:0.005000s ]
INFO: [ view_parse ] --END-- [ RunTime:0.005000s ]
INFO: [ view_filter ] --START--
INFO: Run Behavior\WriteHtmlCacheBehavior [ RunTime:0.000000s ]
INFO: [ view_filter ] --END-- [ RunTime:0.000000s ]

[ 2020-07-17T13:00:15+08:00 ] 127.0.0.1 /
INFO: [ app_init ] --START--
INFO: Run Behavior\BuildLiteBehavior [ RunTime:0.000000s ]
INFO: [ app_init ] --END-- [ RunTime:0.000000s ]
INFO: [ app_begin ] --START--
INFO: Run Behavior\ReadHtmlCacheBehavior [ RunTime:0.000000s ]
INFO: [ app_begin ] --END-- [ RunTime:0.000000s ]
SQL: SHOW COLUMNS FROM `product` [ RunTime:0.0040s ]
SQL: SELECT COUNT(*) AS tp_count FROM `product` LIMIT 1   [ RunTime:0.0000s ]
SQL: SELECT `id`,`sort`,`pid`,`name`,`price`,`img`,`desc`,`status`,`add_time`,`stock`,`last_time` FROM `product` LIMIT 0,12   [ RunTime:0.0000s ]

[ 2020-07-17T13:00:39+08:00 ] 127.0.0.1 /
INFO: [ app_init ] --START--
INFO: Run Behavior\BuildLiteBehavior [ RunTime:0.000000s ]
INFO: [ app_init ] --END-- [ RunTime:0.000000s ]
INFO: [ app_begin ] --START--
INFO: Run Behavior\ReadHtmlCacheBehavior [ RunTime:0.001000s ]
INFO: [ app_begin ] --END-- [ RunTime:0.001000s ]
SQL: SHOW COLUMNS FROM `product` [ RunTime:0.0030s ]
SQL: SELECT COUNT(*) AS tp_count FROM `product` LIMIT 1   [ RunTime:0.0000s ]
SQL: SELECT `id`,`sort`,`pid`,`name`,`price`,`img`,`desc`,`status`,`add_time`,`stock`,`last_time` FROM `product` LIMIT 0,12   [ RunTime:0.0010s ]

[ 2020-07-17T13:01:24+08:00 ] 127.0.0.1 /
INFO: [ app_init ] --START--
INFO: Run Behavior\BuildLiteBehavior [ RunTime:0.000000s ]
INFO: [ app_init ] --END-- [ RunTime:0.000000s ]
INFO: [ app_begin ] --START--
INFO: Run Behavior\ReadHtmlCacheBehavior [ RunTime:0.000000s ]
INFO: [ app_begin ] --END-- [ RunTime:0.000000s ]
SQL: SHOW COLUMNS FROM `product` [ RunTime:0.0040s ]
SQL: SELECT COUNT(*) AS tp_count FROM `product` LIMIT 1   [ RunTime:0.0000s ]
SQL: SELECT `id`,`sort`,`pid`,`name`,`price`,`img`,`desc`,`status`,`add_time`,`stock`,`last_time` FROM `product` LIMIT 0,12   [ RunTime:0.0000s ]
NOTIC: [2] Invalid argument supplied for foreach() D:\wwwroot\TP\Application\Home\Controller\IndexController.class.php 第 49 行.
NOTIC: [2] Invalid argument supplied for foreach() D:\wwwroot\TP\Application\Home\Controller\IndexController.class.php 第 49 行.
NOTIC: [2] Invalid argument supplied for foreach() D:\wwwroot\TP\Application\Home\Controller\IndexController.class.php 第 49 行.
NOTIC: [2] Invalid argument supplied for foreach() D:\wwwroot\TP\Application\Home\Controller\IndexController.class.php 第 49 行.
NOTIC: [2] Invalid argument supplied for foreach() D:\wwwroot\TP\Application\Home\Controller\IndexController.class.php 第 49 行.
NOTIC: [2] Invalid argument supplied for foreach() D:\wwwroot\TP\Application\Home\Controller\IndexController.class.php 第 49 行.
NOTIC: [2] Invalid argument supplied for foreach() D:\wwwroot\TP\Application\Home\Controller\IndexController.class.php 第 49 行.
NOTIC: [2] Invalid argument supplied for foreach() D:\wwwroot\TP\Application\Home\Controller\IndexController.class.php 第 49 行.
NOTIC: [2] Invalid argument supplied for foreach() D:\wwwroot\TP\Application\Home\Controller\IndexController.class.php 第 49 行.
NOTIC: [2] Invalid argument supplied for foreach() D:\wwwroot\TP\Application\Home\Controller\IndexController.class.php 第 49 行.
NOTIC: [2] Invalid argument supplied for foreach() D:\wwwroot\TP\Application\Home\Controller\IndexController.class.php 第 49 行.
NOTIC: [2] Invalid argument supplied for foreach() D:\wwwroot\TP\Application\Home\Controller\IndexController.class.php 第 49 行.
INFO: [ view_parse ] --START--
INFO: [ template_filter ] --START--
INFO: Run Behavior\ContentReplaceBehavior [ RunTime:0.000000s ]
INFO: [ template_filter ] --END-- [ RunTime:0.000000s ]
NOTIC: [8] Undefined index: user D:\wwwroot\TP\Application\Runtime\Cache\Home\0d6509e863112dc5821b22ecb897e16e.php 第 106 行.
NOTIC: [8] Undefined index: shop D:\wwwroot\TP\Application\Runtime\Cache\Home\0d6509e863112dc5821b22ecb897e16e.php 第 120 行.
NOTIC: [8] Undefined offset: 0 D:\wwwroot\TP\Application\Runtime\Cache\Home\0d6509e863112dc5821b22ecb897e16e.php 第 171 行.
NOTIC: [8] Undefined offset: 0 D:\wwwroot\TP\Application\Runtime\Cache\Home\0d6509e863112dc5821b22ecb897e16e.php 第 171 行.
NOTIC: [8] Undefined offset: 0 D:\wwwroot\TP\Application\Runtime\Cache\Home\0d6509e863112dc5821b22ecb897e16e.php 第 171 行.
NOTIC: [8] Undefined offset: 0 D:\wwwroot\TP\Application\Runtime\Cache\Home\0d6509e863112dc5821b22ecb897e16e.php 第 171 行.
NOTIC: [8] Undefined offset: 0 D:\wwwroot\TP\Application\Runtime\Cache\Home\0d6509e863112dc5821b22ecb897e16e.php 第 171 行.
NOTIC: [8] Undefined offset: 0 D:\wwwroot\TP\Application\Runtime\Cache\Home\0d6509e863112dc5821b22ecb897e16e.php 第 171 行.
NOTIC: [8] Undefined offset: 0 D:\wwwroot\TP\Application\Runtime\Cache\Home\0d6509e863112dc5821b22ecb897e16e.php 第 171 行.
NOTIC: [8] Undefined offset: 0 D:\wwwroot\TP\Application\Runtime\Cache\Home\0d6509e863112dc5821b22ecb897e16e.php 第 171 行.
NOTIC: [8] Undefined offset: 0 D:\wwwroot\TP\Application\Runtime\Cache\Home\0d6509e863112dc5821b22ecb897e16e.php 第 171 行.
NOTIC: [8] Undefined offset: 0 D:\wwwroot\TP\Application\Runtime\Cache\Home\0d6509e863112dc5821b22ecb897e16e.php 第 171 行.
NOTIC: [8] Undefined offset: 0 D:\wwwroot\TP\Application\Runtime\Cache\Home\0d6509e863112dc5821b22ecb897e16e.php 第 171 行.
NOTIC: [8] Undefined offset: 0 D:\wwwroot\TP\Application\Runtime\Cache\Home\0d6509e863112dc5821b22ecb897e16e.php 第 171 行.
INFO: Run Behavior\ParseTemplateBehavior [ RunTime:0.005000s ]
INFO: [ view_parse ] --END-- [ RunTime:0.005000s ]
INFO: [ view_filter ] --START--
INFO: Run Behavior\WriteHtmlCacheBehavior [ RunTime:0.000000s ]
INFO: [ view_filter ] --END-- [ RunTime:0.000000s ]

[ 2020-07-17T13:01:25+08:00 ] 127.0.0.1 /
INFO: [ app_init ] --START--
INFO: Run Behavior\BuildLiteBehavior [ RunTime:0.000000s ]
INFO: [ app_init ] --END-- [ RunTime:0.000000s ]
INFO: [ app_begin ] --START--
INFO: Run Behavior\ReadHtmlCacheBehavior [ RunTime:0.001000s ]
INFO: [ app_begin ] --END-- [ RunTime:0.001000s ]
SQL: SHOW COLUMNS FROM `product` [ RunTime:0.0050s ]
SQL: SELECT COUNT(*) AS tp_count FROM `product` LIMIT 1   [ RunTime:0.0000s ]
SQL: SELECT `id`,`sort`,`pid`,`name`,`price`,`img`,`desc`,`status`,`add_time`,`stock`,`last_time` FROM `product` LIMIT 0,12   [ RunTime:0.0000s ]
NOTIC: [2] Invalid argument supplied for foreach() D:\wwwroot\TP\Application\Home\Controller\IndexController.class.php 第 49 行.
NOTIC: [2] Invalid argument supplied for foreach() D:\wwwroot\TP\Application\Home\Controller\IndexController.class.php 第 49 行.
NOTIC: [2] Invalid argument supplied for foreach() D:\wwwroot\TP\Application\Home\Controller\IndexController.class.php 第 49 行.
NOTIC: [2] Invalid argument supplied for foreach() D:\wwwroot\TP\Application\Home\Controller\IndexController.class.php 第 49 行.
NOTIC: [2] Invalid argument supplied for foreach() D:\wwwroot\TP\Application\Home\Controller\IndexController.class.php 第 49 行.
NOTIC: [2] Invalid argument supplied for foreach() D:\wwwroot\TP\Application\Home\Controller\IndexController.class.php 第 49 行.
NOTIC: [2] Invalid argument supplied for foreach() D:\wwwroot\TP\Application\Home\Controller\IndexController.class.php 第 49 行.
NOTIC: [2] Invalid argument supplied for foreach() D:\wwwroot\TP\Application\Home\Controller\IndexController.class.php 第 49 行.
NOTIC: [2] Invalid argument supplied for foreach() D:\wwwroot\TP\Application\Home\Controller\IndexController.class.php 第 49 行.
NOTIC: [2] Invalid argument supplied for foreach() D:\wwwroot\TP\Application\Home\Controller\IndexController.class.php 第 49 行.
NOTIC: [2] Invalid argument supplied for foreach() D:\wwwroot\TP\Application\Home\Controller\IndexController.class.php 第 49 行.
NOTIC: [2] Invalid argument supplied for foreach() D:\wwwroot\TP\Application\Home\Controller\IndexController.class.php 第 49 行.
INFO: [ view_parse ] --START--
INFO: [ template_filter ] --START--
INFO: Run Behavior\ContentReplaceBehavior [ RunTime:0.000000s ]
INFO: [ template_filter ] --END-- [ RunTime:0.000000s ]
NOTIC: [8] Undefined index: user D:\wwwroot\TP\Application\Runtime\Cache\Home\0d6509e863112dc5821b22ecb897e16e.php 第 106 行.
NOTIC: [8] Undefined index: shop D:\wwwroot\TP\Application\Runtime\Cache\Home\0d6509e863112dc5821b22ecb897e16e.php 第 120 行.
NOTIC: [8] Undefined offset: 0 D:\wwwroot\TP\Application\Runtime\Cache\Home\0d6509e863112dc5821b22ecb897e16e.php 第 171 行.
NOTIC: [8] Undefined offset: 0 D:\wwwroot\TP\Application\Runtime\Cache\Home\0d6509e863112dc5821b22ecb897e16e.php 第 171 行.
NOTIC: [8] Undefined offset: 0 D:\wwwroot\TP\Application\Runtime\Cache\Home\0d6509e863112dc5821b22ecb897e16e.php 第 171 行.
NOTIC: [8] Undefined offset: 0 D:\wwwroot\TP\Application\Runtime\Cache\Home\0d6509e863112dc5821b22ecb897e16e.php 第 171 行.
NOTIC: [8] Undefined offset: 0 D:\wwwroot\TP\Application\Runtime\Cache\Home\0d6509e863112dc5821b22ecb897e16e.php 第 171 行.
NOTIC: [8] Undefined offset: 0 D:\wwwroot\TP\Application\Runtime\Cache\Home\0d6509e863112dc5821b22ecb897e16e.php 第 171 行.
NOTIC: [8] Undefined offset: 0 D:\wwwroot\TP\Application\Runtime\Cache\Home\0d6509e863112dc5821b22ecb897e16e.php 第 171 行.
NOTIC: [8] Undefined offset: 0 D:\wwwroot\TP\Application\Runtime\Cache\Home\0d6509e863112dc5821b22ecb897e16e.php 第 171 行.
NOTIC: [8] Undefined offset: 0 D:\wwwroot\TP\Application\Runtime\Cache\Home\0d6509e863112dc5821b22ecb897e16e.php 第 171 行.
NOTIC: [8] Undefined offset: 0 D:\wwwroot\TP\Application\Runtime\Cache\Home\0d6509e863112dc5821b22ecb897e16e.php 第 171 行.
NOTIC: [8] Undefined offset: 0 D:\wwwroot\TP\Application\Runtime\Cache\Home\0d6509e863112dc5821b22ecb897e16e.php 第 171 行.
NOTIC: [8] Undefined offset: 0 D:\wwwroot\TP\Application\Runtime\Cache\Home\0d6509e863112dc5821b22ecb897e16e.php 第 171 行.
INFO: Run Behavior\ParseTemplateBehavior [ RunTime:0.010000s ]
INFO: [ view_parse ] --END-- [ RunTime:0.010000s ]
INFO: [ view_filter ] --START--
INFO: Run Behavior\WriteHtmlCacheBehavior [ RunTime:0.000000s ]
INFO: [ view_filter ] --END-- [ RunTime:0.000000s ]

[ 2020-07-17T13:01:43+08:00 ] 127.0.0.1 /
INFO: [ app_init ] --START--
INFO: Run Behavior\BuildLiteBehavior [ RunTime:0.000000s ]
INFO: [ app_init ] --END-- [ RunTime:0.000000s ]
INFO: [ app_begin ] --START--
INFO: Run Behavior\ReadHtmlCacheBehavior [ RunTime:0.001000s ]
INFO: [ app_begin ] --END-- [ RunTime:0.001000s ]
SQL: SHOW COLUMNS FROM `product` [ RunTime:0.0020s ]
SQL: SELECT COUNT(*) AS tp_count FROM `product` LIMIT 1   [ RunTime:0.0000s ]
SQL: SELECT `id`,`sort`,`pid`,`name`,`price`,`img`,`desc`,`status`,`add_time`,`stock`,`last_time` FROM `product` LIMIT 0,12   [ RunTime:0.0000s ]
NOTIC: [2] Invalid argument supplied for foreach() D:\wwwroot\TP\Application\Home\Controller\IndexController.class.php 第 49 行.
NOTIC: [2] Invalid argument supplied for foreach() D:\wwwroot\TP\Application\Home\Controller\IndexController.class.php 第 49 行.
NOTIC: [2] Invalid argument supplied for foreach() D:\wwwroot\TP\Application\Home\Controller\IndexController.class.php 第 49 行.
NOTIC: [2] Invalid argument supplied for foreach() D:\wwwroot\TP\Application\Home\Controller\IndexController.class.php 第 49 行.
NOTIC: [2] Invalid argument supplied for foreach() D:\wwwroot\TP\Application\Home\Controller\IndexController.class.php 第 49 行.
NOTIC: [2] Invalid argument supplied for foreach() D:\wwwroot\TP\Application\Home\Controller\IndexController.class.php 第 49 行.
NOTIC: [2] Invalid argument supplied for foreach() D:\wwwroot\TP\Application\Home\Controller\IndexController.class.php 第 49 行.
NOTIC: [2] Invalid argument supplied for foreach() D:\wwwroot\TP\Application\Home\Controller\IndexController.class.php 第 49 行.
NOTIC: [2] Invalid argument supplied for foreach() D:\wwwroot\TP\Application\Home\Controller\IndexController.class.php 第 49 行.
NOTIC: [2] Invalid argument supplied for foreach() D:\wwwroot\TP\Application\Home\Controller\IndexController.class.php 第 49 行.
NOTIC: [2] Invalid argument supplied for foreach() D:\wwwroot\TP\Application\Home\Controller\IndexController.class.php 第 49 行.
NOTIC: [2] Invalid argument supplied for foreach() D:\wwwroot\TP\Application\Home\Controller\IndexController.class.php 第 49 行.
INFO: [ view_parse ] --START--
INFO: [ template_filter ] --START--
INFO: Run Behavior\ContentReplaceBehavior [ RunTime:0.000000s ]
INFO: [ template_filter ] --END-- [ RunTime:0.000000s ]
NOTIC: [8] Undefined index: user D:\wwwroot\TP\Application\Runtime\Cache\Home\0d6509e863112dc5821b22ecb897e16e.php 第 106 行.
NOTIC: [8] Undefined index: shop D:\wwwroot\TP\Application\Runtime\Cache\Home\0d6509e863112dc5821b22ecb897e16e.php 第 120 行.
NOTIC: [8] Undefined offset: 0 D:\wwwroot\TP\Application\Runtime\Cache\Home\0d6509e863112dc5821b22ecb897e16e.php 第 171 行.
NOTIC: [8] Undefined offset: 0 D:\wwwroot\TP\Application\Runtime\Cache\Home\0d6509e863112dc5821b22ecb897e16e.php 第 171 行.
NOTIC: [8] Undefined offset: 0 D:\wwwroot\TP\Application\Runtime\Cache\Home\0d6509e863112dc5821b22ecb897e16e.php 第 171 行.
NOTIC: [8] Undefined offset: 0 D:\wwwroot\TP\Application\Runtime\Cache\Home\0d6509e863112dc5821b22ecb897e16e.php 第 171 行.
NOTIC: [8] Undefined offset: 0 D:\wwwroot\TP\Application\Runtime\Cache\Home\0d6509e863112dc5821b22ecb897e16e.php 第 171 行.
NOTIC: [8] Undefined offset: 0 D:\wwwroot\TP\Application\Runtime\Cache\Home\0d6509e863112dc5821b22ecb897e16e.php 第 171 行.
NOTIC: [8] Undefined offset: 0 D:\wwwroot\TP\Application\Runtime\Cache\Home\0d6509e863112dc5821b22ecb897e16e.php 第 171 行.
NOTIC: [8] Undefined offset: 0 D:\wwwroot\TP\Application\Runtime\Cache\Home\0d6509e863112dc5821b22ecb897e16e.php 第 171 行.
NOTIC: [8] Undefined offset: 0 D:\wwwroot\TP\Application\Runtime\Cache\Home\0d6509e863112dc5821b22ecb897e16e.php 第 171 行.
NOTIC: [8] Undefined offset: 0 D:\wwwroot\TP\Application\Runtime\Cache\Home\0d6509e863112dc5821b22ecb897e16e.php 第 171 行.
NOTIC: [8] Undefined offset: 0 D:\wwwroot\TP\Application\Runtime\Cache\Home\0d6509e863112dc5821b22ecb897e16e.php 第 171 行.
NOTIC: [8] Undefined offset: 0 D:\wwwroot\TP\Application\Runtime\Cache\Home\0d6509e863112dc5821b22ecb897e16e.php 第 171 行.
INFO: Run Behavior\ParseTemplateBehavior [ RunTime:0.005000s ]
INFO: [ view_parse ] --END-- [ RunTime:0.005000s ]
INFO: [ view_filter ] --START--
INFO: Run Behavior\WriteHtmlCacheBehavior [ RunTime:0.000000s ]
INFO: [ view_filter ] --END-- [ RunTime:0.000000s ]

[ 2020-07-17T13:01:45+08:00 ] 127.0.0.1 /
INFO: [ app_init ] --START--
INFO: Run Behavior\BuildLiteBehavior [ RunTime:0.000000s ]
INFO: [ app_init ] --END-- [ RunTime:0.001000s ]
INFO: [ app_begin ] --START--
INFO: Run Behavior\ReadHtmlCacheBehavior [ RunTime:0.001000s ]
INFO: [ app_begin ] --END-- [ RunTime:0.001000s ]
SQL: SHOW COLUMNS FROM `product` [ RunTime:0.0060s ]
SQL: SELECT COUNT(*) AS tp_count FROM `product` LIMIT 1   [ RunTime:0.0000s ]
SQL: SELECT `id`,`sort`,`pid`,`name`,`price`,`img`,`desc`,`status`,`add_time`,`stock`,`last_time` FROM `product` LIMIT 0,12   [ RunTime:0.0010s ]
NOTIC: [2] Invalid argument supplied for foreach() D:\wwwroot\TP\Application\Home\Controller\IndexController.class.php 第 49 行.
NOTIC: [2] Invalid argument supplied for foreach() D:\wwwroot\TP\Application\Home\Controller\IndexController.class.php 第 49 行.
NOTIC: [2] Invalid argument supplied for foreach() D:\wwwroot\TP\Application\Home\Controller\IndexController.class.php 第 49 行.
NOTIC: [2] Invalid argument supplied for foreach() D:\wwwroot\TP\Application\Home\Controller\IndexController.class.php 第 49 行.
NOTIC: [2] Invalid argument supplied for foreach() D:\wwwroot\TP\Application\Home\Controller\IndexController.class.php 第 49 行.
NOTIC: [2] Invalid argument supplied for foreach() D:\wwwroot\TP\Application\Home\Controller\IndexController.class.php 第 49 行.
NOTIC: [2] Invalid argument supplied for foreach() D:\wwwroot\TP\Application\Home\Controller\IndexController.class.php 第 49 行.
NOTIC: [2] Invalid argument supplied for foreach() D:\wwwroot\TP\Application\Home\Controller\IndexController.class.php 第 49 行.
NOTIC: [2] Invalid argument supplied for foreach() D:\wwwroot\TP\Application\Home\Controller\IndexController.class.php 第 49 行.
NOTIC: [2] Invalid argument supplied for foreach() D:\wwwroot\TP\Application\Home\Controller\IndexController.class.php 第 49 行.
NOTIC: [2] Invalid argument supplied for foreach() D:\wwwroot\TP\Application\Home\Controller\IndexController.class.php 第 49 行.
NOTIC: [2] Invalid argument supplied for foreach() D:\wwwroot\TP\Application\Home\Controller\IndexController.class.php 第 49 行.
INFO: [ view_parse ] --START--
INFO: [ template_filter ] --START--
INFO: Run Behavior\ContentReplaceBehavior [ RunTime:0.000000s ]
INFO: [ template_filter ] --END-- [ RunTime:0.000000s ]
NOTIC: [8] Undefined index: user D:\wwwroot\TP\Application\Runtime\Cache\Home\0d6509e863112dc5821b22ecb897e16e.php 第 106 行.
NOTIC: [8] Undefined index: shop D:\wwwroot\TP\Application\Runtime\Cache\Home\0d6509e863112dc5821b22ecb897e16e.php 第 120 行.
NOTIC: [8] Undefined offset: 0 D:\wwwroot\TP\Application\Runtime\Cache\Home\0d6509e863112dc5821b22ecb897e16e.php 第 171 行.
NOTIC: [8] Undefined offset: 0 D:\wwwroot\TP\Application\Runtime\Cache\Home\0d6509e863112dc5821b22ecb897e16e.php 第 171 行.
NOTIC: [8] Undefined offset: 0 D:\wwwroot\TP\Application\Runtime\Cache\Home\0d6509e863112dc5821b22ecb897e16e.php 第 171 行.
NOTIC: [8] Undefined offset: 0 D:\wwwroot\TP\Application\Runtime\Cache\Home\0d6509e863112dc5821b22ecb897e16e.php 第 171 行.
NOTIC: [8] Undefined offset: 0 D:\wwwroot\TP\Application\Runtime\Cache\Home\0d6509e863112dc5821b22ecb897e16e.php 第 171 行.
NOTIC: [8] Undefined offset: 0 D:\wwwroot\TP\Application\Runtime\Cache\Home\0d6509e863112dc5821b22ecb897e16e.php 第 171 行.
NOTIC: [8] Undefined offset: 0 D:\wwwroot\TP\Application\Runtime\Cache\Home\0d6509e863112dc5821b22ecb897e16e.php 第 171 行.
NOTIC: [8] Undefined offset: 0 D:\wwwroot\TP\Application\Runtime\Cache\Home\0d6509e863112dc5821b22ecb897e16e.php 第 171 行.
NOTIC: [8] Undefined offset: 0 D:\wwwroot\TP\Application\Runtime\Cache\Home\0d6509e863112dc5821b22ecb897e16e.php 第 171 行.
NOTIC: [8] Undefined offset: 0 D:\wwwroot\TP\Application\Runtime\Cache\Home\0d6509e863112dc5821b22ecb897e16e.php 第 171 行.
NOTIC: [8] Undefined offset: 0 D:\wwwroot\TP\Application\Runtime\Cache\Home\0d6509e863112dc5821b22ecb897e16e.php 第 171 行.
NOTIC: [8] Undefined offset: 0 D:\wwwroot\TP\Application\Runtime\Cache\Home\0d6509e863112dc5821b22ecb897e16e.php 第 171 行.
INFO: Run Behavior\ParseTemplateBehavior [ RunTime:0.011000s ]
INFO: [ view_parse ] --END-- [ RunTime:0.011000s ]
INFO: [ view_filter ] --START--
INFO: Run Behavior\WriteHtmlCacheBehavior [ RunTime:0.001000s ]
INFO: [ view_filter ] --END-- [ RunTime:0.001000s ]

[ 2020-07-17T13:02:07+08:00 ] 127.0.0.1 /
INFO: [ app_init ] --START--
INFO: Run Behavior\BuildLiteBehavior [ RunTime:0.000000s ]
INFO: [ app_init ] --END-- [ RunTime:0.001000s ]
INFO: [ app_begin ] --START--
INFO: Run Behavior\ReadHtmlCacheBehavior [ RunTime:0.001000s ]
INFO: [ app_begin ] --END-- [ RunTime:0.001000s ]
SQL: SHOW COLUMNS FROM `product` [ RunTime:0.0030s ]
SQL: SELECT COUNT(*) AS tp_count FROM `product` LIMIT 1   [ RunTime:0.0000s ]
SQL: SELECT `id`,`sort`,`pid`,`name`,`price`,`img`,`desc`,`status`,`add_time`,`stock`,`last_time` FROM `product` LIMIT 0,12   [ RunTime:0.0010s ]

[ 2020-07-17T13:02:28+08:00 ] 127.0.0.1 /
INFO: [ app_init ] --START--
INFO: Run Behavior\BuildLiteBehavior [ RunTime:0.000000s ]
INFO: [ app_init ] --END-- [ RunTime:0.000000s ]
INFO: [ app_begin ] --START--
INFO: Run Behavior\ReadHtmlCacheBehavior [ RunTime:0.000000s ]
INFO: [ app_begin ] --END-- [ RunTime:0.000000s ]
SQL: SHOW COLUMNS FROM `product` [ RunTime:0.0040s ]
SQL: SELECT COUNT(*) AS tp_count FROM `product` LIMIT 1   [ RunTime:0.0000s ]
SQL: SELECT `id`,`sort`,`pid`,`name`,`price`,`img`,`desc`,`status`,`add_time`,`stock`,`last_time` FROM `product` LIMIT 0,12   [ RunTime:0.0000s ]

[ 2020-07-17T13:02:44+08:00 ] 127.0.0.1 /
INFO: [ app_init ] --START--
INFO: Run Behavior\BuildLiteBehavior [ RunTime:0.000000s ]
INFO: [ app_init ] --END-- [ RunTime:0.000000s ]
INFO: [ app_begin ] --START--
INFO: Run Behavior\ReadHtmlCacheBehavior [ RunTime:0.000000s ]
INFO: [ app_begin ] --END-- [ RunTime:0.000000s ]
SQL: SHOW COLUMNS FROM `product` [ RunTime:0.0050s ]
SQL: SELECT COUNT(*) AS tp_count FROM `product` LIMIT 1   [ RunTime:0.0000s ]
SQL: SELECT `id`,`sort`,`pid`,`name`,`price`,`img`,`desc`,`status`,`add_time`,`stock`,`last_time` FROM `product` LIMIT 0,12   [ RunTime:0.0000s ]

[ 2020-07-17T13:03:07+08:00 ] 127.0.0.1 /
INFO: [ app_init ] --START--
INFO: Run Behavior\BuildLiteBehavior [ RunTime:0.000000s ]
INFO: [ app_init ] --END-- [ RunTime:0.001000s ]
INFO: [ app_begin ] --START--
INFO: Run Behavior\ReadHtmlCacheBehavior [ RunTime:0.001000s ]
INFO: [ app_begin ] --END-- [ RunTime:0.001000s ]
SQL: SHOW COLUMNS FROM `product` [ RunTime:0.0030s ]
SQL: SELECT COUNT(*) AS tp_count FROM `product` LIMIT 1   [ RunTime:0.0000s ]
SQL: SELECT `id`,`sort`,`pid`,`name`,`price`,`img`,`desc`,`status`,`add_time`,`stock`,`last_time` FROM `product` LIMIT 0,12   [ RunTime:0.0000s ]
NOTIC: [2] Invalid argument supplied for foreach() D:\wwwroot\TP\Application\Home\Controller\IndexController.class.php 第 49 行.
NOTIC: [2] Invalid argument supplied for foreach() D:\wwwroot\TP\Application\Home\Controller\IndexController.class.php 第 49 行.
NOTIC: [2] Invalid argument supplied for foreach() D:\wwwroot\TP\Application\Home\Controller\IndexController.class.php 第 49 行.
NOTIC: [2] Invalid argument supplied for foreach() D:\wwwroot\TP\Application\Home\Controller\IndexController.class.php 第 49 行.
NOTIC: [2] Invalid argument supplied for foreach() D:\wwwroot\TP\Application\Home\Controller\IndexController.class.php 第 49 行.
NOTIC: [2] Invalid argument supplied for foreach() D:\wwwroot\TP\Application\Home\Controller\IndexController.class.php 第 49 行.
NOTIC: [2] Invalid argument supplied for foreach() D:\wwwroot\TP\Application\Home\Controller\IndexController.class.php 第 49 行.
NOTIC: [2] Invalid argument supplied for foreach() D:\wwwroot\TP\Application\Home\Controller\IndexController.class.php 第 49 行.
NOTIC: [2] Invalid argument supplied for foreach() D:\wwwroot\TP\Application\Home\Controller\IndexController.class.php 第 49 行.
NOTIC: [2] Invalid argument supplied for foreach() D:\wwwroot\TP\Application\Home\Controller\IndexController.class.php 第 49 行.
NOTIC: [2] Invalid argument supplied for foreach() D:\wwwroot\TP\Application\Home\Controller\IndexController.class.php 第 49 行.
NOTIC: [2] Invalid argument supplied for foreach() D:\wwwroot\TP\Application\Home\Controller\IndexController.class.php 第 49 行.
INFO: [ view_parse ] --START--
INFO: [ template_filter ] --START--
INFO: Run Behavior\ContentReplaceBehavior [ RunTime:0.000000s ]
INFO: [ template_filter ] --END-- [ RunTime:0.000000s ]
NOTIC: [8] Undefined index: user D:\wwwroot\TP\Application\Runtime\Cache\Home\0d6509e863112dc5821b22ecb897e16e.php 第 106 行.
NOTIC: [8] Undefined index: shop D:\wwwroot\TP\Application\Runtime\Cache\Home\0d6509e863112dc5821b22ecb897e16e.php 第 120 行.
NOTIC: [8] Undefined offset: 0 D:\wwwroot\TP\Application\Runtime\Cache\Home\0d6509e863112dc5821b22ecb897e16e.php 第 171 行.
NOTIC: [8] Undefined offset: 0 D:\wwwroot\TP\Application\Runtime\Cache\Home\0d6509e863112dc5821b22ecb897e16e.php 第 171 行.
NOTIC: [8] Undefined offset: 0 D:\wwwroot\TP\Application\Runtime\Cache\Home\0d6509e863112dc5821b22ecb897e16e.php 第 171 行.
NOTIC: [8] Undefined offset: 0 D:\wwwroot\TP\Application\Runtime\Cache\Home\0d6509e863112dc5821b22ecb897e16e.php 第 171 行.
NOTIC: [8] Undefined offset: 0 D:\wwwroot\TP\Application\Runtime\Cache\Home\0d6509e863112dc5821b22ecb897e16e.php 第 171 行.
NOTIC: [8] Undefined offset: 0 D:\wwwroot\TP\Application\Runtime\Cache\Home\0d6509e863112dc5821b22ecb897e16e.php 第 171 行.
NOTIC: [8] Undefined offset: 0 D:\wwwroot\TP\Application\Runtime\Cache\Home\0d6509e863112dc5821b22ecb897e16e.php 第 171 行.
NOTIC: [8] Undefined offset: 0 D:\wwwroot\TP\Application\Runtime\Cache\Home\0d6509e863112dc5821b22ecb897e16e.php 第 171 行.
NOTIC: [8] Undefined offset: 0 D:\wwwroot\TP\Application\Runtime\Cache\Home\0d6509e863112dc5821b22ecb897e16e.php 第 171 行.
NOTIC: [8] Undefined offset: 0 D:\wwwroot\TP\Application\Runtime\Cache\Home\0d6509e863112dc5821b22ecb897e16e.php 第 171 行.
NOTIC: [8] Undefined offset: 0 D:\wwwroot\TP\Application\Runtime\Cache\Home\0d6509e863112dc5821b22ecb897e16e.php 第 171 行.
NOTIC: [8] Undefined offset: 0 D:\wwwroot\TP\Application\Runtime\Cache\Home\0d6509e863112dc5821b22ecb897e16e.php 第 171 行.
INFO: Run Behavior\ParseTemplateBehavior [ RunTime:0.006000s ]
INFO: [ view_parse ] --END-- [ RunTime:0.006000s ]
INFO: [ view_filter ] --START--
INFO: Run Behavior\WriteHtmlCacheBehavior [ RunTime:0.000000s ]
INFO: [ view_filter ] --END-- [ RunTime:0.000000s ]

[ 2020-07-17T13:04:05+08:00 ] 127.0.0.1 /
INFO: [ app_init ] --START--
INFO: Run Behavior\BuildLiteBehavior [ RunTime:0.000000s ]
INFO: [ app_init ] --END-- [ RunTime:0.001000s ]
INFO: [ app_begin ] --START--
INFO: Run Behavior\ReadHtmlCacheBehavior [ RunTime:0.000000s ]
INFO: [ app_begin ] --END-- [ RunTime:0.000000s ]
SQL: SHOW COLUMNS FROM `product` [ RunTime:0.0030s ]
SQL: SELECT COUNT(*) AS tp_count FROM `product` LIMIT 1   [ RunTime:0.0000s ]
SQL: SELECT `id`,`sort`,`pid`,`name`,`price`,`img`,`desc`,`status`,`add_time`,`stock`,`last_time` FROM `product` LIMIT 0,12   [ RunTime:0.0010s ]

[ 2020-07-17T13:05:16+08:00 ] 127.0.0.1 /
INFO: [ app_init ] --START--
INFO: Run Behavior\BuildLiteBehavior [ RunTime:0.000000s ]
INFO: [ app_init ] --END-- [ RunTime:0.000000s ]
INFO: [ app_begin ] --START--
INFO: Run Behavior\ReadHtmlCacheBehavior [ RunTime:0.001000s ]
INFO: [ app_begin ] --END-- [ RunTime:0.001000s ]
SQL: SHOW COLUMNS FROM `product` [ RunTime:0.0050s ]
SQL: SELECT COUNT(*) AS tp_count FROM `product` LIMIT 1   [ RunTime:0.0010s ]
SQL: SELECT `id`,`sort`,`pid`,`name`,`price`,`img`,`desc`,`status`,`add_time`,`stock`,`last_time` FROM `product` LIMIT 0,12   [ RunTime:0.0010s ]
NOTIC: [2] Illegal string offset 'img' D:\wwwroot\TP\Application\Home\Controller\IndexController.class.php 第 50 行.
NOTIC: [2] Illegal string offset 'img' D:\wwwroot\TP\Application\Home\Controller\IndexController.class.php 第 50 行.
NOTIC: [2] Illegal string offset 'img' D:\wwwroot\TP\Application\Home\Controller\IndexController.class.php 第 50 行.
NOTIC: [2] Illegal string offset 'img' D:\wwwroot\TP\Application\Home\Controller\IndexController.class.php 第 50 行.
NOTIC: [2] Illegal string offset 'img' D:\wwwroot\TP\Application\Home\Controller\IndexController.class.php 第 50 行.
NOTIC: [2] Illegal string offset 'img' D:\wwwroot\TP\Application\Home\Controller\IndexController.class.php 第 50 行.
NOTIC: [2] Illegal string offset 'img' D:\wwwroot\TP\Application\Home\Controller\IndexController.class.php 第 50 行.
NOTIC: [2] Illegal string offset 'img' D:\wwwroot\TP\Application\Home\Controller\IndexController.class.php 第 50 行.
NOTIC: [2] Illegal string offset 'img' D:\wwwroot\TP\Application\Home\Controller\IndexController.class.php 第 50 行.
NOTIC: [2] Illegal string offset 'img' D:\wwwroot\TP\Application\Home\Controller\IndexController.class.php 第 50 行.
NOTIC: [2] Illegal string offset 'img' D:\wwwroot\TP\Application\Home\Controller\IndexController.class.php 第 50 行.
NOTIC: [2] Illegal string offset 'img' D:\wwwroot\TP\Application\Home\Controller\IndexController.class.php 第 50 行.
NOTIC: [2] Illegal string offset 'img' D:\wwwroot\TP\Application\Home\Controller\IndexController.class.php 第 50 行.
NOTIC: [2] Illegal string offset 'img' D:\wwwroot\TP\Application\Home\Controller\IndexController.class.php 第 50 行.
NOTIC: [2] Illegal string offset 'img' D:\wwwroot\TP\Application\Home\Controller\IndexController.class.php 第 50 行.
NOTIC: [2] Illegal string offset 'img' D:\wwwroot\TP\Application\Home\Controller\IndexController.class.php 第 50 行.
NOTIC: [2] Illegal string offset 'img' D:\wwwroot\TP\Application\Home\Controller\IndexController.class.php 第 50 行.
NOTIC: [2] Illegal string offset 'img' D:\wwwroot\TP\Application\Home\Controller\IndexController.class.php 第 50 行.
NOTIC: [2] Illegal string offset 'img' D:\wwwroot\TP\Application\Home\Controller\IndexController.class.php 第 50 行.
NOTIC: [2] Illegal string offset 'img' D:\wwwroot\TP\Application\Home\Controller\IndexController.class.php 第 50 行.
NOTIC: [2] Illegal string offset 'img' D:\wwwroot\TP\Application\Home\Controller\IndexController.class.php 第 50 行.
NOTIC: [2] Illegal string offset 'img' D:\wwwroot\TP\Application\Home\Controller\IndexController.class.php 第 50 行.
NOTIC: [2] Illegal string offset 'img' D:\wwwroot\TP\Application\Home\Controller\IndexController.class.php 第 50 行.
NOTIC: [2] Illegal string offset 'img' D:\wwwroot\TP\Application\Home\Controller\IndexController.class.php 第 50 行.
NOTIC: [2] Illegal string offset 'img' D:\wwwroot\TP\Application\Home\Controller\IndexController.class.php 第 50 行.
NOTIC: [2] Illegal string offset 'img' D:\wwwroot\TP\Application\Home\Controller\IndexController.class.php 第 50 行.
NOTIC: [2] Illegal string offset 'img' D:\wwwroot\TP\Application\Home\Controller\IndexController.class.php 第 50 行.
NOTIC: [2] Illegal string offset 'img' D:\wwwroot\TP\Application\Home\Controller\IndexController.class.php 第 50 行.
NOTIC: [2] Illegal string offset 'img' D:\wwwroot\TP\Application\Home\Controller\IndexController.class.php 第 50 行.
NOTIC: [2] Illegal string offset 'img' D:\wwwroot\TP\Application\Home\Controller\IndexController.class.php 第 50 行.
NOTIC: [2] Illegal string offset 'img' D:\wwwroot\TP\Application\Home\Controller\IndexController.class.php 第 50 行.
NOTIC: [2] Illegal string offset 'img' D:\wwwroot\TP\Application\Home\Controller\IndexController.class.php 第 50 行.
NOTIC: [2] Illegal string offset 'img' D:\wwwroot\TP\Application\Home\Controller\IndexController.class.php 第 50 行.
NOTIC: [2] Illegal string offset 'img' D:\wwwroot\TP\Application\Home\Controller\IndexController.class.php 第 50 行.
NOTIC: [2] Illegal string offset 'img' D:\wwwroot\TP\Application\Home\Controller\IndexController.class.php 第 50 行.
NOTIC: [2] Illegal string offset 'img' D:\wwwroot\TP\Application\Home\Controller\IndexController.class.php 第 50 行.
NOTIC: [2] Illegal string offset 'img' D:\wwwroot\TP\Application\Home\Controller\IndexController.class.php 第 50 行.
NOTIC: [2] Illegal string offset 'img' D:\wwwroot\TP\Application\Home\Controller\IndexController.class.php 第 50 行.
NOTIC: [2] Illegal string offset 'img' D:\wwwroot\TP\Application\Home\Controller\IndexController.class.php 第 50 行.
NOTIC: [2] Illegal string offset 'img' D:\wwwroot\TP\Application\Home\Controller\IndexController.class.php 第 50 行.
NOTIC: [2] Illegal string offset 'img' D:\wwwroot\TP\Application\Home\Controller\IndexController.class.php 第 50 行.
NOTIC: [2] Illegal string offset 'img' D:\wwwroot\TP\Application\Home\Controller\IndexController.class.php 第 50 行.
NOTIC: [2] Illegal string offset 'img' D:\wwwroot\TP\Application\Home\Controller\IndexController.class.php 第 50 行.
NOTIC: [2] Illegal string offset 'img' D:\wwwroot\TP\Application\Home\Controller\IndexController.class.php 第 50 行.
NOTIC: [2] Illegal string offset 'img' D:\wwwroot\TP\Application\Home\Controller\IndexController.class.php 第 50 行.
NOTIC: [2] Illegal string offset 'img' D:\wwwroot\TP\Application\Home\Controller\IndexController.class.php 第 50 行.
NOTIC: [2] Illegal string offset 'img' D:\wwwroot\TP\Application\Home\Controller\IndexController.class.php 第 50 行.
NOTIC: [2] Illegal string offset 'img' D:\wwwroot\TP\Application\Home\Controller\IndexController.class.php 第 50 行.
NOTIC: [2] Illegal string offset 'img' D:\wwwroot\TP\Application\Home\Controller\IndexController.class.php 第 50 行.
NOTIC: [2] Illegal string offset 'img' D:\wwwroot\TP\Application\Home\Controller\IndexController.class.php 第 50 行.
NOTIC: [2] Illegal string offset 'img' D:\wwwroot\TP\Application\Home\Controller\IndexController.class.php 第 50 行.
NOTIC: [2] Illegal string offset 'img' D:\wwwroot\TP\Application\Home\Controller\IndexController.class.php 第 50 行.
NOTIC: [2] Illegal string offset 'img' D:\wwwroot\TP\Application\Home\Controller\IndexController.class.php 第 50 行.
NOTIC: [2] Illegal string offset 'img' D:\wwwroot\TP\Application\Home\Controller\IndexController.class.php 第 50 行.
NOTIC: [2] Illegal string offset 'img' D:\wwwroot\TP\Application\Home\Controller\IndexController.class.php 第 50 行.
NOTIC: [2] Illegal string offset 'img' D:\wwwroot\TP\Application\Home\Controller\IndexController.class.php 第 50 行.
NOTIC: [2] Illegal string offset 'img' D:\wwwroot\TP\Application\Home\Controller\IndexController.class.php 第 50 行.
NOTIC: [2] Illegal string offset 'img' D:\wwwroot\TP\Application\Home\Controller\IndexController.class.php 第 50 行.
NOTIC: [2] Illegal string offset 'img' D:\wwwroot\TP\Application\Home\Controller\IndexController.class.php 第 50 行.
NOTIC: [2] Illegal string offset 'img' D:\wwwroot\TP\Application\Home\Controller\IndexController.class.php 第 50 行.
NOTIC: [2] Illegal string offset 'img' D:\wwwroot\TP\Application\Home\Controller\IndexController.class.php 第 50 行.
NOTIC: [2] Illegal string offset 'img' D:\wwwroot\TP\Application\Home\Controller\IndexController.class.php 第 50 行.
NOTIC: [2] Illegal string offset 'img' D:\wwwroot\TP\Application\Home\Controller\IndexController.class.php 第 50 行.
NOTIC: [2] Illegal string offset 'img' D:\wwwroot\TP\Application\Home\Controller\IndexController.class.php 第 50 行.
NOTIC: [2] Illegal string offset 'img' D:\wwwroot\TP\Application\Home\Controller\IndexController.class.php 第 50 行.
NOTIC: [2] Illegal string offset 'img' D:\wwwroot\TP\Application\Home\Controller\IndexController.class.php 第 50 行.
NOTIC: [2] Illegal string offset 'img' D:\wwwroot\TP\Application\Home\Controller\IndexController.class.php 第 50 行.
NOTIC: [2] Illegal string offset 'img' D:\wwwroot\TP\Application\Home\Controller\IndexController.class.php 第 50 行.
NOTIC: [2] Illegal string offset 'img' D:\wwwroot\TP\Application\Home\Controller\IndexController.class.php 第 50 行.
NOTIC: [2] Illegal string offset 'img' D:\wwwroot\TP\Application\Home\Controller\IndexController.class.php 第 50 行.
NOTIC: [2] Illegal string offset 'img' D:\wwwroot\TP\Application\Home\Controller\IndexController.class.php 第 50 行.
NOTIC: [2] Illegal string offset 'img' D:\wwwroot\TP\Application\Home\Controller\IndexController.class.php 第 50 行.
NOTIC: [2] Illegal string offset 'img' D:\wwwroot\TP\Application\Home\Controller\IndexController.class.php 第 50 行.
NOTIC: [2] Illegal string offset 'img' D:\wwwroot\TP\Application\Home\Controller\IndexController.class.php 第 50 行.
NOTIC: [2] Illegal string offset 'img' D:\wwwroot\TP\Application\Home\Controller\IndexController.class.php 第 50 行.
NOTIC: [2] Illegal string offset 'img' D:\wwwroot\TP\Application\Home\Controller\IndexController.class.php 第 50 行.
NOTIC: [2] Illegal string offset 'img' D:\wwwroot\TP\Application\Home\Controller\IndexController.class.php 第 50 行.
NOTIC: [2] Illegal string offset 'img' D:\wwwroot\TP\Application\Home\Controller\IndexController.class.php 第 50 行.
NOTIC: [2] Illegal string offset 'img' D:\wwwroot\TP\Application\Home\Controller\IndexController.class.php 第 50 行.
NOTIC: [2] Illegal string offset 'img' D:\wwwroot\TP\Application\Home\Controller\IndexController.class.php 第 50 行.
NOTIC: [2] Illegal string offset 'img' D:\wwwroot\TP\Application\Home\Controller\IndexController.class.php 第 50 行.
NOTIC: [2] Illegal string offset 'img' D:\wwwroot\TP\Application\Home\Controller\IndexController.class.php 第 50 行.
NOTIC: [2] Illegal string offset 'img' D:\wwwroot\TP\Application\Home\Controller\IndexController.class.php 第 50 行.
NOTIC: [2] Illegal string offset 'img' D:\wwwroot\TP\Application\Home\Controller\IndexController.class.php 第 50 行.
NOTIC: [2] Illegal string offset 'img' D:\wwwroot\TP\Application\Home\Controller\IndexController.class.php 第 50 行.
NOTIC: [2] Illegal string offset 'img' D:\wwwroot\TP\Application\Home\Controller\IndexController.class.php 第 50 行.
NOTIC: [2] Illegal string offset 'img' D:\wwwroot\TP\Application\Home\Controller\IndexController.class.php 第 50 行.
NOTIC: [2] Illegal string offset 'img' D:\wwwroot\TP\Application\Home\Controller\IndexController.class.php 第 50 行.
NOTIC: [2] Illegal string offset 'img' D:\wwwroot\TP\Application\Home\Controller\IndexController.class.php 第 50 行.
NOTIC: [2] Illegal string offset 'img' D:\wwwroot\TP\Application\Home\Controller\IndexController.class.php 第 50 行.
NOTIC: [2] Illegal string offset 'img' D:\wwwroot\TP\Application\Home\Controller\IndexController.class.php 第 50 行.
NOTIC: [2] Illegal string offset 'img' D:\wwwroot\TP\Application\Home\Controller\IndexController.class.php 第 50 行.
NOTIC: [2] Illegal string offset 'img' D:\wwwroot\TP\Application\Home\Controller\IndexController.class.php 第 50 行.
NOTIC: [2] Illegal string offset 'img' D:\wwwroot\TP\Application\Home\Controller\IndexController.class.php 第 50 行.
NOTIC: [2] Illegal string offset 'img' D:\wwwroot\TP\Application\Home\Controller\IndexController.class.php 第 50 行.
NOTIC: [2] Illegal string offset 'img' D:\wwwroot\TP\Application\Home\Controller\IndexController.class.php 第 50 行.
NOTIC: [2] Illegal string offset 'img' D:\wwwroot\TP\Application\Home\Controller\IndexController.class.php 第 50 行.
NOTIC: [2] Illegal string offset 'img' D:\wwwroot\TP\Application\Home\Controller\IndexController.class.php 第 50 行.
NOTIC: [2] Illegal string offset 'img' D:\wwwroot\TP\Application\Home\Controller\IndexController.class.php 第 50 行.
NOTIC: [2] Illegal string offset 'img' D:\wwwroot\TP\Application\Home\Controller\IndexController.class.php 第 50 行.
NOTIC: [2] Illegal string offset 'img' D:\wwwroot\TP\Application\Home\Controller\IndexController.class.php 第 50 行.
NOTIC: [2] Illegal string offset 'img' D:\wwwroot\TP\Application\Home\Controller\IndexController.class.php 第 50 行.
NOTIC: [2] Illegal string offset 'img' D:\wwwroot\TP\Application\Home\Controller\IndexController.class.php 第 50 行.
NOTIC: [2] Illegal string offset 'img' D:\wwwroot\TP\Application\Home\Controller\IndexController.class.php 第 50 行.
NOTIC: [2] Illegal string offset 'img' D:\wwwroot\TP\Application\Home\Controller\IndexController.class.php 第 50 行.
NOTIC: [2] Illegal string offset 'img' D:\wwwroot\TP\Application\Home\Controller\IndexController.class.php 第 50 行.
NOTIC: [2] Illegal string offset 'img' D:\wwwroot\TP\Application\Home\Controller\IndexController.class.php 第 50 行.
NOTIC: [2] Illegal string offset 'img' D:\wwwroot\TP\Application\Home\Controller\IndexController.class.php 第 50 行.
NOTIC: [2] Illegal string offset 'img' D:\wwwroot\TP\Application\Home\Controller\IndexController.class.php 第 50 行.
NOTIC: [2] Illegal string offset 'img' D:\wwwroot\TP\Application\Home\Controller\IndexController.class.php 第 50 行.
NOTIC: [2] Illegal string offset 'img' D:\wwwroot\TP\Application\Home\Controller\IndexController.class.php 第 50 行.
NOTIC: [2] Illegal string offset 'img' D:\wwwroot\TP\Application\Home\Controller\IndexController.class.php 第 50 行.
NOTIC: [2] Illegal string offset 'img' D:\wwwroot\TP\Application\Home\Controller\IndexController.class.php 第 50 行.
NOTIC: [2] Illegal string offset 'img' D:\wwwroot\TP\Application\Home\Controller\IndexController.class.php 第 50 行.
NOTIC: [2] Illegal string offset 'img' D:\wwwroot\TP\Application\Home\Controller\IndexController.class.php 第 50 行.
NOTIC: [2] Illegal string offset 'img' D:\wwwroot\TP\Application\Home\Controller\IndexController.class.php 第 50 行.
NOTIC: [2] Illegal string offset 'img' D:\wwwroot\TP\Application\Home\Controller\IndexController.class.php 第 50 行.
NOTIC: [2] Illegal string offset 'img' D:\wwwroot\TP\Application\Home\Controller\IndexController.class.php 第 50 行.
NOTIC: [2] Illegal string offset 'img' D:\wwwroot\TP\Application\Home\Controller\IndexController.class.php 第 50 行.
NOTIC: [2] Illegal string offset 'img' D:\wwwroot\TP\Application\Home\Controller\IndexController.class.php 第 50 行.
NOTIC: [2] Illegal string offset 'img' D:\wwwroot\TP\Application\Home\Controller\IndexController.class.php 第 50 行.
NOTIC: [2] Illegal string offset 'img' D:\wwwroot\TP\Application\Home\Controller\IndexController.class.php 第 50 行.
NOTIC: [2] Illegal string offset 'img' D:\wwwroot\TP\Application\Home\Controller\IndexController.class.php 第 50 行.
NOTIC: [2] Illegal string offset 'img' D:\wwwroot\TP\Application\Home\Controller\IndexController.class.php 第 50 行.
NOTIC: [2] Illegal string offset 'img' D:\wwwroot\TP\Application\Home\Controller\IndexController.class.php 第 50 行.
NOTIC: [2] Illegal string offset 'img' D:\wwwroot\TP\Application\Home\Controller\IndexController.class.php 第 50 行.
NOTIC: [2] Illegal string offset 'img' D:\wwwroot\TP\Application\Home\Controller\IndexController.class.php 第 50 行.
NOTIC: [2] Illegal string offset 'img' D:\wwwroot\TP\Application\Home\Controller\IndexController.class.php 第 50 行.
NOTIC: [2] Illegal string offset 'img' D:\wwwroot\TP\Application\Home\Controller\IndexController.class.php 第 50 行.
NOTIC: [2] Illegal string offset 'img' D:\wwwroot\TP\Application\Home\Controller\IndexController.class.php 第 50 行.
NOTIC: [2] Illegal string offset 'img' D:\wwwroot\TP\Application\Home\Controller\IndexController.class.php 第 50 行.
NOTIC: [2] Illegal string offset 'img' D:\wwwroot\TP\Application\Home\Controller\IndexController.class.php 第 50 行.
INFO: [ view_parse ] --START--
INFO: [ template_filter ] --START--
INFO: Run Behavior\ContentReplaceBehavior [ RunTime:0.000000s ]
INFO: [ template_filter ] --END-- [ RunTime:0.000000s ]
NOTIC: [8] Undefined index: user D:\wwwroot\TP\Application\Runtime\Cache\Home\0d6509e863112dc5821b22ecb897e16e.php 第 106 行.
NOTIC: [8] Undefined index: shop D:\wwwroot\TP\Application\Runtime\Cache\Home\0d6509e863112dc5821b22ecb897e16e.php 第 120 行.
INFO: Run Behavior\ParseTemplateBehavior [ RunTime:0.010000s ]
INFO: [ view_parse ] --END-- [ RunTime:0.010000s ]
INFO: [ view_filter ] --START--
INFO: Run Behavior\WriteHtmlCacheBehavior [ RunTime:0.001000s ]
INFO: [ view_filter ] --END-- [ RunTime:0.001000s ]

[ 2020-07-17T13:05:35+08:00 ] 127.0.0.1 /
INFO: [ app_init ] --START--
INFO: Run Behavior\BuildLiteBehavior [ RunTime:0.000000s ]
INFO: [ app_init ] --END-- [ RunTime:0.000000s ]
INFO: [ app_begin ] --START--
INFO: Run Behavior\ReadHtmlCacheBehavior [ RunTime:0.000000s ]
INFO: [ app_begin ] --END-- [ RunTime:0.000000s ]
SQL: SHOW COLUMNS FROM `product` [ RunTime:0.0040s ]
SQL: SELECT COUNT(*) AS tp_count FROM `product` LIMIT 1   [ RunTime:0.0010s ]
SQL: SELECT `id`,`sort`,`pid`,`name`,`price`,`img`,`desc`,`status`,`add_time`,`stock`,`last_time` FROM `product` LIMIT 0,12   [ RunTime:0.0010s ]
NOTIC: [2] Illegal string offset 'img' D:\wwwroot\TP\Application\Home\Controller\IndexController.class.php 第 51 行.
NOTIC: [2] Illegal string offset 'img' D:\wwwroot\TP\Application\Home\Controller\IndexController.class.php 第 51 行.
NOTIC: [2] Illegal string offset 'img' D:\wwwroot\TP\Application\Home\Controller\IndexController.class.php 第 51 行.
NOTIC: [2] Illegal string offset 'img' D:\wwwroot\TP\Application\Home\Controller\IndexController.class.php 第 51 行.
NOTIC: [2] Illegal string offset 'img' D:\wwwroot\TP\Application\Home\Controller\IndexController.class.php 第 51 行.
NOTIC: [2] Illegal string offset 'img' D:\wwwroot\TP\Application\Home\Controller\IndexController.class.php 第 51 行.
NOTIC: [2] Illegal string offset 'img' D:\wwwroot\TP\Application\Home\Controller\IndexController.class.php 第 51 行.
NOTIC: [2] Illegal string offset 'img' D:\wwwroot\TP\Application\Home\Controller\IndexController.class.php 第 51 行.
NOTIC: [2] Illegal string offset 'img' D:\wwwroot\TP\Application\Home\Controller\IndexController.class.php 第 51 行.
NOTIC: [2] Illegal string offset 'img' D:\wwwroot\TP\Application\Home\Controller\IndexController.class.php 第 51 行.
NOTIC: [2] Illegal string offset 'img' D:\wwwroot\TP\Application\Home\Controller\IndexController.class.php 第 51 行.
NOTIC: [2] Illegal string offset 'img' D:\wwwroot\TP\Application\Home\Controller\IndexController.class.php 第 51 行.
NOTIC: [2] Illegal string offset 'img' D:\wwwroot\TP\Application\Home\Controller\IndexController.class.php 第 51 行.
NOTIC: [2] Illegal string offset 'img' D:\wwwroot\TP\Application\Home\Controller\IndexController.class.php 第 51 行.
NOTIC: [2] Illegal string offset 'img' D:\wwwroot\TP\Application\Home\Controller\IndexController.class.php 第 51 行.
NOTIC: [2] Illegal string offset 'img' D:\wwwroot\TP\Application\Home\Controller\IndexController.class.php 第 51 行.
NOTIC: [2] Illegal string offset 'img' D:\wwwroot\TP\Application\Home\Controller\IndexController.class.php 第 51 行.
NOTIC: [2] Illegal string offset 'img' D:\wwwroot\TP\Application\Home\Controller\IndexController.class.php 第 51 行.
NOTIC: [2] Illegal string offset 'img' D:\wwwroot\TP\Application\Home\Controller\IndexController.class.php 第 51 行.
NOTIC: [2] Illegal string offset 'img' D:\wwwroot\TP\Application\Home\Controller\IndexController.class.php 第 51 行.
NOTIC: [2] Illegal string offset 'img' D:\wwwroot\TP\Application\Home\Controller\IndexController.class.php 第 51 行.
NOTIC: [2] Illegal string offset 'img' D:\wwwroot\TP\Application\Home\Controller\IndexController.class.php 第 51 行.
NOTIC: [2] Illegal string offset 'img' D:\wwwroot\TP\Application\Home\Controller\IndexController.class.php 第 51 行.
NOTIC: [2] Illegal string offset 'img' D:\wwwroot\TP\Application\Home\Controller\IndexController.class.php 第 51 行.
NOTIC: [2] Illegal string offset 'img' D:\wwwroot\TP\Application\Home\Controller\IndexController.class.php 第 51 行.
NOTIC: [2] Illegal string offset 'img' D:\wwwroot\TP\Application\Home\Controller\IndexController.class.php 第 51 行.
NOTIC: [2] Illegal string offset 'img' D:\wwwroot\TP\Application\Home\Controller\IndexController.class.php 第 51 行.
NOTIC: [2] Illegal string offset 'img' D:\wwwroot\TP\Application\Home\Controller\IndexController.class.php 第 51 行.
NOTIC: [2] Illegal string offset 'img' D:\wwwroot\TP\Application\Home\Controller\IndexController.class.php 第 51 行.
NOTIC: [2] Illegal string offset 'img' D:\wwwroot\TP\Application\Home\Controller\IndexController.class.php 第 51 行.
NOTIC: [2] Illegal string offset 'img' D:\wwwroot\TP\Application\Home\Controller\IndexController.class.php 第 51 行.
NOTIC: [2] Illegal string offset 'img' D:\wwwroot\TP\Application\Home\Controller\IndexController.class.php 第 51 行.
NOTIC: [2] Illegal string offset 'img' D:\wwwroot\TP\Application\Home\Controller\IndexController.class.php 第 51 行.
NOTIC: [2] Illegal string offset 'img' D:\wwwroot\TP\Application\Home\Controller\IndexController.class.php 第 51 行.
NOTIC: [2] Illegal string offset 'img' D:\wwwroot\TP\Application\Home\Controller\IndexController.class.php 第 51 行.
NOTIC: [2] Illegal string offset 'img' D:\wwwroot\TP\Application\Home\Controller\IndexController.class.php 第 51 行.
NOTIC: [2] Illegal string offset 'img' D:\wwwroot\TP\Application\Home\Controller\IndexController.class.php 第 51 行.
NOTIC: [2] Illegal string offset 'img' D:\wwwroot\TP\Application\Home\Controller\IndexController.class.php 第 51 行.
NOTIC: [2] Illegal string offset 'img' D:\wwwroot\TP\Application\Home\Controller\IndexController.class.php 第 51 行.
NOTIC: [2] Illegal string offset 'img' D:\wwwroot\TP\Application\Home\Controller\IndexController.class.php 第 51 行.
NOTIC: [2] Illegal string offset 'img' D:\wwwroot\TP\Application\Home\Controller\IndexController.class.php 第 51 行.
NOTIC: [2] Illegal string offset 'img' D:\wwwroot\TP\Application\Home\Controller\IndexController.class.php 第 51 行.
NOTIC: [2] Illegal string offset 'img' D:\wwwroot\TP\Application\Home\Controller\IndexController.class.php 第 51 行.
NOTIC: [2] Illegal string offset 'img' D:\wwwroot\TP\Application\Home\Controller\IndexController.class.php 第 51 行.
NOTIC: [2] Illegal string offset 'img' D:\wwwroot\TP\Application\Home\Controller\IndexController.class.php 第 51 行.
NOTIC: [2] Illegal string offset 'img' D:\wwwroot\TP\Application\Home\Controller\IndexController.class.php 第 51 行.
NOTIC: [2] Illegal string offset 'img' D:\wwwroot\TP\Application\Home\Controller\IndexController.class.php 第 51 行.
NOTIC: [2] Illegal string offset 'img' D:\wwwroot\TP\Application\Home\Controller\IndexController.class.php 第 51 行.
NOTIC: [2] Illegal string offset 'img' D:\wwwroot\TP\Application\Home\Controller\IndexController.class.php 第 51 行.
NOTIC: [2] Illegal string offset 'img' D:\wwwroot\TP\Application\Home\Controller\IndexController.class.php 第 51 行.
NOTIC: [2] Illegal string offset 'img' D:\wwwroot\TP\Application\Home\Controller\IndexController.class.php 第 51 行.
NOTIC: [2] Illegal string offset 'img' D:\wwwroot\TP\Application\Home\Controller\IndexController.class.php 第 51 行.
NOTIC: [2] Illegal string offset 'img' D:\wwwroot\TP\Application\Home\Controller\IndexController.class.php 第 51 行.
NOTIC: [2] Illegal string offset 'img' D:\wwwroot\TP\Application\Home\Controller\IndexController.class.php 第 51 行.
NOTIC: [2] Illegal string offset 'img' D:\wwwroot\TP\Application\Home\Controller\IndexController.class.php 第 51 行.
NOTIC: [2] Illegal string offset 'img' D:\wwwroot\TP\Application\Home\Controller\IndexController.class.php 第 51 行.
NOTIC: [2] Illegal string offset 'img' D:\wwwroot\TP\Application\Home\Controller\IndexController.class.php 第 51 行.
NOTIC: [2] Illegal string offset 'img' D:\wwwroot\TP\Application\Home\Controller\IndexController.class.php 第 51 行.
NOTIC: [2] Illegal string offset 'img' D:\wwwroot\TP\Application\Home\Controller\IndexController.class.php 第 51 行.
NOTIC: [2] Illegal string offset 'img' D:\wwwroot\TP\Application\Home\Controller\IndexController.class.php 第 51 行.
NOTIC: [2] Illegal string offset 'img' D:\wwwroot\TP\Application\Home\Controller\IndexController.class.php 第 51 行.
NOTIC: [2] Illegal string offset 'img' D:\wwwroot\TP\Application\Home\Controller\IndexController.class.php 第 51 行.
NOTIC: [2] Illegal string offset 'img' D:\wwwroot\TP\Application\Home\Controller\IndexController.class.php 第 51 行.
NOTIC: [2] Illegal string offset 'img' D:\wwwroot\TP\Application\Home\Controller\IndexController.class.php 第 51 行.
NOTIC: [2] Illegal string offset 'img' D:\wwwroot\TP\Application\Home\Controller\IndexController.class.php 第 51 行.
NOTIC: [2] Illegal string offset 'img' D:\wwwroot\TP\Application\Home\Controller\IndexController.class.php 第 51 行.
NOTIC: [2] Illegal string offset 'img' D:\wwwroot\TP\Application\Home\Controller\IndexController.class.php 第 51 行.
NOTIC: [2] Illegal string offset 'img' D:\wwwroot\TP\Application\Home\Controller\IndexController.class.php 第 51 行.
NOTIC: [2] Illegal string offset 'img' D:\wwwroot\TP\Application\Home\Controller\IndexController.class.php 第 51 行.
NOTIC: [2] Illegal string offset 'img' D:\wwwroot\TP\Application\Home\Controller\IndexController.class.php 第 51 行.
NOTIC: [2] Illegal string offset 'img' D:\wwwroot\TP\Application\Home\Controller\IndexController.class.php 第 51 行.
NOTIC: [2] Illegal string offset 'img' D:\wwwroot\TP\Application\Home\Controller\IndexController.class.php 第 51 行.
NOTIC: [2] Illegal string offset 'img' D:\wwwroot\TP\Application\Home\Controller\IndexController.class.php 第 51 行.
NOTIC: [2] Illegal string offset 'img' D:\wwwroot\TP\Application\Home\Controller\IndexController.class.php 第 51 行.
NOTIC: [2] Illegal string offset 'img' D:\wwwroot\TP\Application\Home\Controller\IndexController.class.php 第 51 行.
NOTIC: [2] Illegal string offset 'img' D:\wwwroot\TP\Application\Home\Controller\IndexController.class.php 第 51 行.
NOTIC: [2] Illegal string offset 'img' D:\wwwroot\TP\Application\Home\Controller\IndexController.class.php 第 51 行.
NOTIC: [2] Illegal string offset 'img' D:\wwwroot\TP\Application\Home\Controller\IndexController.class.php 第 51 行.
NOTIC: [2] Illegal string offset 'img' D:\wwwroot\TP\Application\Home\Controller\IndexController.class.php 第 51 行.
NOTIC: [2] Illegal string offset 'img' D:\wwwroot\TP\Application\Home\Controller\IndexController.class.php 第 51 行.
NOTIC: [2] Illegal string offset 'img' D:\wwwroot\TP\Application\Home\Controller\IndexController.class.php 第 51 行.
NOTIC: [2] Illegal string offset 'img' D:\wwwroot\TP\Application\Home\Controller\IndexController.class.php 第 51 行.
NOTIC: [2] Illegal string offset 'img' D:\wwwroot\TP\Application\Home\Controller\IndexController.class.php 第 51 行.
NOTIC: [2] Illegal string offset 'img' D:\wwwroot\TP\Application\Home\Controller\IndexController.class.php 第 51 行.
NOTIC: [2] Illegal string offset 'img' D:\wwwroot\TP\Application\Home\Controller\IndexController.class.php 第 51 行.
NOTIC: [2] Illegal string offset 'img' D:\wwwroot\TP\Application\Home\Controller\IndexController.class.php 第 51 行.
NOTIC: [2] Illegal string offset 'img' D:\wwwroot\TP\Application\Home\Controller\IndexController.class.php 第 51 行.
NOTIC: [2] Illegal string offset 'img' D:\wwwroot\TP\Application\Home\Controller\IndexController.class.php 第 51 行.
NOTIC: [2] Illegal string offset 'img' D:\wwwroot\TP\Application\Home\Controller\IndexController.class.php 第 51 行.
NOTIC: [2] Illegal string offset 'img' D:\wwwroot\TP\Application\Home\Controller\IndexController.class.php 第 51 行.
NOTIC: [2] Illegal string offset 'img' D:\wwwroot\TP\Application\Home\Controller\IndexController.class.php 第 51 行.
NOTIC: [2] Illegal string offset 'img' D:\wwwroot\TP\Application\Home\Controller\IndexController.class.php 第 51 行.
NOTIC: [2] Illegal string offset 'img' D:\wwwroot\TP\Application\Home\Controller\IndexController.class.php 第 51 行.
NOTIC: [2] Illegal string offset 'img' D:\wwwroot\TP\Application\Home\Controller\IndexController.class.php 第 51 行.
NOTIC: [2] Illegal string offset 'img' D:\wwwroot\TP\Application\Home\Controller\IndexController.class.php 第 51 行.
NOTIC: [2] Illegal string offset 'img' D:\wwwroot\TP\Application\Home\Controller\IndexController.class.php 第 51 行.
NOTIC: [2] Illegal string offset 'img' D:\wwwroot\TP\Application\Home\Controller\IndexController.class.php 第 51 行.
NOTIC: [2] Illegal string offset 'img' D:\wwwroot\TP\Application\Home\Controller\IndexController.class.php 第 51 行.
NOTIC: [2] Illegal string offset 'img' D:\wwwroot\TP\Application\Home\Controller\IndexController.class.php 第 51 行.
NOTIC: [2] Illegal string offset 'img' D:\wwwroot\TP\Application\Home\Controller\IndexController.class.php 第 51 行.
NOTIC: [2] Illegal string offset 'img' D:\wwwroot\TP\Application\Home\Controller\IndexController.class.php 第 51 行.
NOTIC: [2] Illegal string offset 'img' D:\wwwroot\TP\Application\Home\Controller\IndexController.class.php 第 51 行.
NOTIC: [2] Illegal string offset 'img' D:\wwwroot\TP\Application\Home\Controller\IndexController.class.php 第 51 行.
NOTIC: [2] Illegal string offset 'img' D:\wwwroot\TP\Application\Home\Controller\IndexController.class.php 第 51 行.
NOTIC: [2] Illegal string offset 'img' D:\wwwroot\TP\Application\Home\Controller\IndexController.class.php 第 51 行.
NOTIC: [2] Illegal string offset 'img' D:\wwwroot\TP\Application\Home\Controller\IndexController.class.php 第 51 行.
NOTIC: [2] Illegal string offset 'img' D:\wwwroot\TP\Application\Home\Controller\IndexController.class.php 第 51 行.
NOTIC: [2] Illegal string offset 'img' D:\wwwroot\TP\Application\Home\Controller\IndexController.class.php 第 51 行.
NOTIC: [2] Illegal string offset 'img' D:\wwwroot\TP\Application\Home\Controller\IndexController.class.php 第 51 行.
NOTIC: [2] Illegal string offset 'img' D:\wwwroot\TP\Application\Home\Controller\IndexController.class.php 第 51 行.
NOTIC: [2] Illegal string offset 'img' D:\wwwroot\TP\Application\Home\Controller\IndexController.class.php 第 51 行.
NOTIC: [2] Illegal string offset 'img' D:\wwwroot\TP\Application\Home\Controller\IndexController.class.php 第 51 行.
NOTIC: [2] Illegal string offset 'img' D:\wwwroot\TP\Application\Home\Controller\IndexController.class.php 第 51 行.
NOTIC: [2] Illegal string offset 'img' D:\wwwroot\TP\Application\Home\Controller\IndexController.class.php 第 51 行.
NOTIC: [2] Illegal string offset 'img' D:\wwwroot\TP\Application\Home\Controller\IndexController.class.php 第 51 行.
NOTIC: [2] Illegal string offset 'img' D:\wwwroot\TP\Application\Home\Controller\IndexController.class.php 第 51 行.
NOTIC: [2] Illegal string offset 'img' D:\wwwroot\TP\Application\Home\Controller\IndexController.class.php 第 51 行.
NOTIC: [2] Illegal string offset 'img' D:\wwwroot\TP\Application\Home\Controller\IndexController.class.php 第 51 行.
NOTIC: [2] Illegal string offset 'img' D:\wwwroot\TP\Application\Home\Controller\IndexController.class.php 第 51 行.
NOTIC: [2] Illegal string offset 'img' D:\wwwroot\TP\Application\Home\Controller\IndexController.class.php 第 51 行.
NOTIC: [2] Illegal string offset 'img' D:\wwwroot\TP\Application\Home\Controller\IndexController.class.php 第 51 行.
NOTIC: [2] Illegal string offset 'img' D:\wwwroot\TP\Application\Home\Controller\IndexController.class.php 第 51 行.
NOTIC: [2] Illegal string offset 'img' D:\wwwroot\TP\Application\Home\Controller\IndexController.class.php 第 51 行.
NOTIC: [2] Illegal string offset 'img' D:\wwwroot\TP\Application\Home\Controller\IndexController.class.php 第 51 行.
NOTIC: [2] Illegal string offset 'img' D:\wwwroot\TP\Application\Home\Controller\IndexController.class.php 第 51 行.
NOTIC: [2] Illegal string offset 'img' D:\wwwroot\TP\Application\Home\Controller\IndexController.class.php 第 51 行.
NOTIC: [2] Illegal string offset 'img' D:\wwwroot\TP\Application\Home\Controller\IndexController.class.php 第 51 行.
NOTIC: [2] Illegal string offset 'img' D:\wwwroot\TP\Application\Home\Controller\IndexController.class.php 第 51 行.
NOTIC: [2] Illegal string offset 'img' D:\wwwroot\TP\Application\Home\Controller\IndexController.class.php 第 51 行.
NOTIC: [2] Illegal string offset 'img' D:\wwwroot\TP\Application\Home\Controller\IndexController.class.php 第 51 行.
NOTIC: [2] Illegal string offset 'img' D:\wwwroot\TP\Application\Home\Controller\IndexController.class.php 第 51 行.
NOTIC: [2] Illegal string offset 'img' D:\wwwroot\TP\Application\Home\Controller\IndexController.class.php 第 51 行.
INFO: [ view_parse ] --START--
INFO: [ template_filter ] --START--
INFO: Run Behavior\ContentReplaceBehavior [ RunTime:0.000000s ]
INFO: [ template_filter ] --END-- [ RunTime:0.000000s ]
NOTIC: [8] Undefined index: user D:\wwwroot\TP\Application\Runtime\Cache\Home\0d6509e863112dc5821b22ecb897e16e.php 第 106 行.
NOTIC: [8] Undefined index: shop D:\wwwroot\TP\Application\Runtime\Cache\Home\0d6509e863112dc5821b22ecb897e16e.php 第 120 行.
INFO: Run Behavior\ParseTemplateBehavior [ RunTime:0.008000s ]
INFO: [ view_parse ] --END-- [ RunTime:0.008000s ]
INFO: [ view_filter ] --START--
INFO: Run Behavior\WriteHtmlCacheBehavior [ RunTime:0.001000s ]
INFO: [ view_filter ] --END-- [ RunTime:0.001000s ]

[ 2020-07-17T13:06:04+08:00 ] 127.0.0.1 /
INFO: [ app_init ] --START--
INFO: Run Behavior\BuildLiteBehavior [ RunTime:0.000000s ]
INFO: [ app_init ] --END-- [ RunTime:0.000000s ]
INFO: [ app_begin ] --START--
INFO: Run Behavior\ReadHtmlCacheBehavior [ RunTime:0.000000s ]
INFO: [ app_begin ] --END-- [ RunTime:0.000000s ]
SQL: SHOW COLUMNS FROM `product` [ RunTime:0.0030s ]
SQL: SELECT COUNT(*) AS tp_count FROM `product` LIMIT 1   [ RunTime:0.0000s ]
SQL: SELECT `id`,`sort`,`pid`,`name`,`price`,`img`,`desc`,`status`,`add_time`,`stock`,`last_time` FROM `product` LIMIT 0,12   [ RunTime:0.0010s ]
NOTIC: [2] Illegal string offset 'img' D:\wwwroot\TP\Application\Home\Controller\IndexController.class.php 第 50 行.

[ 2020-07-17T13:06:16+08:00 ] 127.0.0.1 /
INFO: [ app_init ] --START--
INFO: Run Behavior\BuildLiteBehavior [ RunTime:0.000000s ]
INFO: [ app_init ] --END-- [ RunTime:0.001000s ]
INFO: [ app_begin ] --START--
INFO: Run Behavior\ReadHtmlCacheBehavior [ RunTime:0.000000s ]
INFO: [ app_begin ] --END-- [ RunTime:0.000000s ]
SQL: SHOW COLUMNS FROM `product` [ RunTime:0.0040s ]
SQL: SELECT COUNT(*) AS tp_count FROM `product` LIMIT 1   [ RunTime:0.0010s ]
SQL: SELECT `id`,`sort`,`pid`,`name`,`price`,`img`,`desc`,`status`,`add_time`,`stock`,`last_time` FROM `product` LIMIT 0,12   [ RunTime:0.0000s ]

[ 2020-07-17T13:07:01+08:00 ] 127.0.0.1 /
INFO: [ app_init ] --START--
INFO: Run Behavior\BuildLiteBehavior [ RunTime:0.000000s ]
INFO: [ app_init ] --END-- [ RunTime:0.001000s ]
INFO: [ app_begin ] --START--
INFO: Run Behavior\ReadHtmlCacheBehavior [ RunTime:0.001000s ]
INFO: [ app_begin ] --END-- [ RunTime:0.001000s ]
SQL: SHOW COLUMNS FROM `product` [ RunTime:0.0030s ]
SQL: SELECT COUNT(*) AS tp_count FROM `product` LIMIT 1   [ RunTime:0.0000s ]
SQL: SELECT `id`,`sort`,`pid`,`name`,`price`,`img`,`desc`,`status`,`add_time`,`stock`,`last_time` FROM `product` LIMIT 0,12   [ RunTime:0.0010s ]

[ 2020-07-17T13:07:29+08:00 ] 127.0.0.1 /
INFO: [ app_init ] --START--
INFO: Run Behavior\BuildLiteBehavior [ RunTime:0.000000s ]
INFO: [ app_init ] --END-- [ RunTime:0.001000s ]
INFO: [ app_begin ] --START--
INFO: Run Behavior\ReadHtmlCacheBehavior [ RunTime:0.001000s ]
INFO: [ app_begin ] --END-- [ RunTime:0.001000s ]
SQL: SHOW COLUMNS FROM `product` [ RunTime:0.0030s ]
SQL: SELECT COUNT(*) AS tp_count FROM `product` LIMIT 1   [ RunTime:0.0000s ]
SQL: SELECT `id`,`sort`,`pid`,`name`,`price`,`img`,`desc`,`status`,`add_time`,`stock`,`last_time` FROM `product` LIMIT 0,12   [ RunTime:0.0010s ]

[ 2020-07-17T13:08:03+08:00 ] 127.0.0.1 /
INFO: [ app_init ] --START--
INFO: Run Behavior\BuildLiteBehavior [ RunTime:0.000000s ]
INFO: [ app_init ] --END-- [ RunTime:0.000000s ]
INFO: [ app_begin ] --START--
INFO: Run Behavior\ReadHtmlCacheBehavior [ RunTime:0.000000s ]
INFO: [ app_begin ] --END-- [ RunTime:0.001000s ]
SQL: SHOW COLUMNS FROM `product` [ RunTime:0.0040s ]
SQL: SELECT COUNT(*) AS tp_count FROM `product` LIMIT 1   [ RunTime:0.0000s ]
SQL: SELECT `id`,`sort`,`pid`,`name`,`price`,`img`,`desc`,`status`,`add_time`,`stock`,`last_time` FROM `product` LIMIT 0,12   [ RunTime:0.0000s ]
NOTIC: [2] Invalid argument supplied for foreach() D:\wwwroot\TP\Application\Home\Controller\IndexController.class.php 第 49 行.
NOTIC: [2] Invalid argument supplied for foreach() D:\wwwroot\TP\Application\Home\Controller\IndexController.class.php 第 49 行.
NOTIC: [2] Invalid argument supplied for foreach() D:\wwwroot\TP\Application\Home\Controller\IndexController.class.php 第 49 行.
NOTIC: [2] Invalid argument supplied for foreach() D:\wwwroot\TP\Application\Home\Controller\IndexController.class.php 第 49 行.
NOTIC: [2] Invalid argument supplied for foreach() D:\wwwroot\TP\Application\Home\Controller\IndexController.class.php 第 49 行.
NOTIC: [2] Invalid argument supplied for foreach() D:\wwwroot\TP\Application\Home\Controller\IndexController.class.php 第 49 行.
NOTIC: [2] Invalid argument supplied for foreach() D:\wwwroot\TP\Application\Home\Controller\IndexController.class.php 第 49 行.
NOTIC: [2] Invalid argument supplied for foreach() D:\wwwroot\TP\Application\Home\Controller\IndexController.class.php 第 49 行.
NOTIC: [2] Invalid argument supplied for foreach() D:\wwwroot\TP\Application\Home\Controller\IndexController.class.php 第 49 行.
NOTIC: [2] Invalid argument supplied for foreach() D:\wwwroot\TP\Application\Home\Controller\IndexController.class.php 第 49 行.
NOTIC: [2] Invalid argument supplied for foreach() D:\wwwroot\TP\Application\Home\Controller\IndexController.class.php 第 49 行.
NOTIC: [2] Invalid argument supplied for foreach() D:\wwwroot\TP\Application\Home\Controller\IndexController.class.php 第 49 行.
INFO: [ view_parse ] --START--
INFO: [ template_filter ] --START--
INFO: Run Behavior\ContentReplaceBehavior [ RunTime:0.000000s ]
INFO: [ template_filter ] --END-- [ RunTime:0.000000s ]
NOTIC: [8] Undefined index: user D:\wwwroot\TP\Application\Runtime\Cache\Home\0d6509e863112dc5821b22ecb897e16e.php 第 106 行.
NOTIC: [8] Undefined index: shop D:\wwwroot\TP\Application\Runtime\Cache\Home\0d6509e863112dc5821b22ecb897e16e.php 第 120 行.
NOTIC: [8] Undefined offset: 0 D:\wwwroot\TP\Application\Runtime\Cache\Home\0d6509e863112dc5821b22ecb897e16e.php 第 171 行.
NOTIC: [8] Undefined offset: 0 D:\wwwroot\TP\Application\Runtime\Cache\Home\0d6509e863112dc5821b22ecb897e16e.php 第 171 行.
NOTIC: [8] Undefined offset: 0 D:\wwwroot\TP\Application\Runtime\Cache\Home\0d6509e863112dc5821b22ecb897e16e.php 第 171 行.
NOTIC: [8] Undefined offset: 0 D:\wwwroot\TP\Application\Runtime\Cache\Home\0d6509e863112dc5821b22ecb897e16e.php 第 171 行.
NOTIC: [8] Undefined offset: 0 D:\wwwroot\TP\Application\Runtime\Cache\Home\0d6509e863112dc5821b22ecb897e16e.php 第 171 行.
NOTIC: [8] Undefined offset: 0 D:\wwwroot\TP\Application\Runtime\Cache\Home\0d6509e863112dc5821b22ecb897e16e.php 第 171 行.
NOTIC: [8] Undefined offset: 0 D:\wwwroot\TP\Application\Runtime\Cache\Home\0d6509e863112dc5821b22ecb897e16e.php 第 171 行.
NOTIC: [8] Undefined offset: 0 D:\wwwroot\TP\Application\Runtime\Cache\Home\0d6509e863112dc5821b22ecb897e16e.php 第 171 行.
NOTIC: [8] Undefined offset: 0 D:\wwwroot\TP\Application\Runtime\Cache\Home\0d6509e863112dc5821b22ecb897e16e.php 第 171 行.
NOTIC: [8] Undefined offset: 0 D:\wwwroot\TP\Application\Runtime\Cache\Home\0d6509e863112dc5821b22ecb897e16e.php 第 171 行.
NOTIC: [8] Undefined offset: 0 D:\wwwroot\TP\Application\Runtime\Cache\Home\0d6509e863112dc5821b22ecb897e16e.php 第 171 行.
NOTIC: [8] Undefined offset: 0 D:\wwwroot\TP\Application\Runtime\Cache\Home\0d6509e863112dc5821b22ecb897e16e.php 第 171 行.
INFO: Run Behavior\ParseTemplateBehavior [ RunTime:0.011000s ]
INFO: [ view_parse ] --END-- [ RunTime:0.011000s ]
INFO: [ view_filter ] --START--
INFO: Run Behavior\WriteHtmlCacheBehavior [ RunTime:0.001000s ]
INFO: [ view_filter ] --END-- [ RunTime:0.001000s ]

[ 2020-07-17T13:08:05+08:00 ] 127.0.0.1 /
INFO: [ app_init ] --START--
INFO: Run Behavior\BuildLiteBehavior [ RunTime:0.000000s ]
INFO: [ app_init ] --END-- [ RunTime:0.000000s ]
INFO: [ app_begin ] --START--
INFO: Run Behavior\ReadHtmlCacheBehavior [ RunTime:0.000000s ]
INFO: [ app_begin ] --END-- [ RunTime:0.000000s ]
SQL: SHOW COLUMNS FROM `product` [ RunTime:0.0030s ]
SQL: SELECT COUNT(*) AS tp_count FROM `product` LIMIT 1   [ RunTime:0.0000s ]
SQL: SELECT `id`,`sort`,`pid`,`name`,`price`,`img`,`desc`,`status`,`add_time`,`stock`,`last_time` FROM `product` LIMIT 0,12   [ RunTime:0.0000s ]
NOTIC: [2] Invalid argument supplied for foreach() D:\wwwroot\TP\Application\Home\Controller\IndexController.class.php 第 49 行.
NOTIC: [2] Invalid argument supplied for foreach() D:\wwwroot\TP\Application\Home\Controller\IndexController.class.php 第 49 行.
NOTIC: [2] Invalid argument supplied for foreach() D:\wwwroot\TP\Application\Home\Controller\IndexController.class.php 第 49 行.
NOTIC: [2] Invalid argument supplied for foreach() D:\wwwroot\TP\Application\Home\Controller\IndexController.class.php 第 49 行.
NOTIC: [2] Invalid argument supplied for foreach() D:\wwwroot\TP\Application\Home\Controller\IndexController.class.php 第 49 行.
NOTIC: [2] Invalid argument supplied for foreach() D:\wwwroot\TP\Application\Home\Controller\IndexController.class.php 第 49 行.
NOTIC: [2] Invalid argument supplied for foreach() D:\wwwroot\TP\Application\Home\Controller\IndexController.class.php 第 49 行.
NOTIC: [2] Invalid argument supplied for foreach() D:\wwwroot\TP\Application\Home\Controller\IndexController.class.php 第 49 行.
NOTIC: [2] Invalid argument supplied for foreach() D:\wwwroot\TP\Application\Home\Controller\IndexController.class.php 第 49 行.
NOTIC: [2] Invalid argument supplied for foreach() D:\wwwroot\TP\Application\Home\Controller\IndexController.class.php 第 49 行.
NOTIC: [2] Invalid argument supplied for foreach() D:\wwwroot\TP\Application\Home\Controller\IndexController.class.php 第 49 行.
NOTIC: [2] Invalid argument supplied for foreach() D:\wwwroot\TP\Application\Home\Controller\IndexController.class.php 第 49 行.
INFO: [ view_parse ] --START--
INFO: [ template_filter ] --START--
INFO: Run Behavior\ContentReplaceBehavior [ RunTime:0.000000s ]
INFO: [ template_filter ] --END-- [ RunTime:0.000000s ]
NOTIC: [8] Undefined index: user D:\wwwroot\TP\Application\Runtime\Cache\Home\0d6509e863112dc5821b22ecb897e16e.php 第 106 行.
NOTIC: [8] Undefined index: shop D:\wwwroot\TP\Application\Runtime\Cache\Home\0d6509e863112dc5821b22ecb897e16e.php 第 120 行.
NOTIC: [8] Undefined offset: 0 D:\wwwroot\TP\Application\Runtime\Cache\Home\0d6509e863112dc5821b22ecb897e16e.php 第 171 行.
NOTIC: [8] Undefined offset: 0 D:\wwwroot\TP\Application\Runtime\Cache\Home\0d6509e863112dc5821b22ecb897e16e.php 第 171 行.
NOTIC: [8] Undefined offset: 0 D:\wwwroot\TP\Application\Runtime\Cache\Home\0d6509e863112dc5821b22ecb897e16e.php 第 171 行.
NOTIC: [8] Undefined offset: 0 D:\wwwroot\TP\Application\Runtime\Cache\Home\0d6509e863112dc5821b22ecb897e16e.php 第 171 行.
NOTIC: [8] Undefined offset: 0 D:\wwwroot\TP\Application\Runtime\Cache\Home\0d6509e863112dc5821b22ecb897e16e.php 第 171 行.
NOTIC: [8] Undefined offset: 0 D:\wwwroot\TP\Application\Runtime\Cache\Home\0d6509e863112dc5821b22ecb897e16e.php 第 171 行.
NOTIC: [8] Undefined offset: 0 D:\wwwroot\TP\Application\Runtime\Cache\Home\0d6509e863112dc5821b22ecb897e16e.php 第 171 行.
NOTIC: [8] Undefined offset: 0 D:\wwwroot\TP\Application\Runtime\Cache\Home\0d6509e863112dc5821b22ecb897e16e.php 第 171 行.
NOTIC: [8] Undefined offset: 0 D:\wwwroot\TP\Application\Runtime\Cache\Home\0d6509e863112dc5821b22ecb897e16e.php 第 171 行.
NOTIC: [8] Undefined offset: 0 D:\wwwroot\TP\Application\Runtime\Cache\Home\0d6509e863112dc5821b22ecb897e16e.php 第 171 行.
NOTIC: [8] Undefined offset: 0 D:\wwwroot\TP\Application\Runtime\Cache\Home\0d6509e863112dc5821b22ecb897e16e.php 第 171 行.
NOTIC: [8] Undefined offset: 0 D:\wwwroot\TP\Application\Runtime\Cache\Home\0d6509e863112dc5821b22ecb897e16e.php 第 171 行.
INFO: Run Behavior\ParseTemplateBehavior [ RunTime:0.007000s ]
INFO: [ view_parse ] --END-- [ RunTime:0.007000s ]
INFO: [ view_filter ] --START--
INFO: Run Behavior\WriteHtmlCacheBehavior [ RunTime:0.000000s ]
INFO: [ view_filter ] --END-- [ RunTime:0.000000s ]

[ 2020-07-17T17:19:52+08:00 ] 127.0.0.1 /
INFO: [ app_init ] --START--
INFO: Run Behavior\BuildLiteBehavior [ RunTime:0.000000s ]
INFO: [ app_init ] --END-- [ RunTime:0.000000s ]
INFO: [ app_begin ] --START--
INFO: Run Behavior\ReadHtmlCacheBehavior [ RunTime:0.000000s ]
INFO: [ app_begin ] --END-- [ RunTime:0.000000s ]
SQL: SHOW COLUMNS FROM `product` [ RunTime:0.0030s ]
SQL: SELECT COUNT(*) AS tp_count FROM `product` LIMIT 1   [ RunTime:0.0000s ]
SQL: SELECT `id`,`sort`,`pid`,`name`,`price`,`img`,`desc`,`status`,`add_time`,`stock`,`last_time` FROM `product` LIMIT 0,12   [ RunTime:0.0000s ]

[ 2020-07-17T17:22:57+08:00 ] 127.0.0.1 /
INFO: [ app_init ] --START--
INFO: Run Behavior\BuildLiteBehavior [ RunTime:0.000000s ]
INFO: [ app_init ] --END-- [ RunTime:0.001000s ]
INFO: [ app_begin ] --START--
INFO: Run Behavior\ReadHtmlCacheBehavior [ RunTime:0.000000s ]
INFO: [ app_begin ] --END-- [ RunTime:0.000000s ]
SQL: SHOW COLUMNS FROM `product` [ RunTime:0.0060s ]
SQL: SELECT COUNT(*) AS tp_count FROM `product` LIMIT 1   [ RunTime:0.0010s ]
SQL: SELECT `id`,`sort`,`pid`,`name`,`price`,`img`,`desc`,`status`,`add_time`,`stock`,`last_time` FROM `product` LIMIT 0,12   [ RunTime:0.0000s ]
INFO: [ view_parse ] --START--
INFO: [ template_filter ] --START--
INFO: Run Behavior\ContentReplaceBehavior [ RunTime:0.000000s ]
INFO: [ template_filter ] --END-- [ RunTime:0.000000s ]
NOTIC: [8] Undefined index: user D:\wwwroot\TP\Application\Runtime\Cache\Home\0d6509e863112dc5821b22ecb897e16e.php 第 106 行.
NOTIC: [8] Undefined index: shop D:\wwwroot\TP\Application\Runtime\Cache\Home\0d6509e863112dc5821b22ecb897e16e.php 第 120 行.
INFO: Run Behavior\ParseTemplateBehavior [ RunTime:0.024000s ]
INFO: [ view_parse ] --END-- [ RunTime:0.024000s ]
INFO: [ view_filter ] --START--
INFO: Run Behavior\WriteHtmlCacheBehavior [ RunTime:0.000000s ]
INFO: [ view_filter ] --END-- [ RunTime:0.000000s ]

[ 2020-07-17T17:24:52+08:00 ] 127.0.0.1 /
INFO: [ app_init ] --START--
INFO: Run Behavior\BuildLiteBehavior [ RunTime:0.000000s ]
INFO: [ app_init ] --END-- [ RunTime:0.000000s ]
INFO: [ app_begin ] --START--
INFO: Run Behavior\ReadHtmlCacheBehavior [ RunTime:0.000000s ]
INFO: [ app_begin ] --END-- [ RunTime:0.000000s ]
SQL: SHOW COLUMNS FROM `product` [ RunTime:0.0040s ]
SQL: SELECT COUNT(*) AS tp_count FROM `product` LIMIT 1   [ RunTime:0.0000s ]
SQL: SELECT `id`,`sort`,`pid`,`name`,`price`,`img`,`desc`,`status`,`add_time`,`stock`,`last_time` FROM `product` LIMIT 0,12   [ RunTime:0.0000s ]

[ 2020-07-17T17:25:41+08:00 ] 127.0.0.1 /
INFO: [ app_init ] --START--
INFO: Run Behavior\BuildLiteBehavior [ RunTime:0.000000s ]
INFO: [ app_init ] --END-- [ RunTime:0.000000s ]
INFO: [ app_begin ] --START--
INFO: Run Behavior\ReadHtmlCacheBehavior [ RunTime:0.000000s ]
INFO: [ app_begin ] --END-- [ RunTime:0.000000s ]
SQL: SHOW COLUMNS FROM `product` [ RunTime:0.0030s ]
SQL: SELECT COUNT(*) AS tp_count FROM `product` LIMIT 1   [ RunTime:0.0000s ]
SQL: SELECT `id`,`sort`,`pid`,`name`,`price`,`img`,`desc`,`status`,`add_time`,`stock`,`last_time` FROM `product` LIMIT 0,12   [ RunTime:0.0000s ]

[ 2020-07-17T17:25:55+08:00 ] 127.0.0.1 /
INFO: [ app_init ] --START--
INFO: Run Behavior\BuildLiteBehavior [ RunTime:0.000000s ]
INFO: [ app_init ] --END-- [ RunTime:0.000000s ]
INFO: [ app_begin ] --START--
INFO: Run Behavior\ReadHtmlCacheBehavior [ RunTime:0.001000s ]
INFO: [ app_begin ] --END-- [ RunTime:0.001000s ]
SQL: SHOW COLUMNS FROM `product` [ RunTime:0.0060s ]
SQL: SELECT COUNT(*) AS tp_count FROM `product` LIMIT 1   [ RunTime:0.0000s ]
SQL: SELECT `id`,`sort`,`pid`,`name`,`price`,`img`,`desc`,`status`,`add_time`,`stock`,`last_time` FROM `product` LIMIT 0,12   [ RunTime:0.0000s ]

[ 2020-07-17T17:26:02+08:00 ] 127.0.0.1 /
INFO: [ app_init ] --START--
INFO: Run Behavior\BuildLiteBehavior [ RunTime:0.000000s ]
INFO: [ app_init ] --END-- [ RunTime:0.000000s ]
INFO: [ app_begin ] --START--
INFO: Run Behavior\ReadHtmlCacheBehavior [ RunTime:0.001000s ]
INFO: [ app_begin ] --END-- [ RunTime:0.001000s ]
SQL: SHOW COLUMNS FROM `product` [ RunTime:0.0020s ]
SQL: SELECT COUNT(*) AS tp_count FROM `product` LIMIT 1   [ RunTime:0.0000s ]
SQL: SELECT `id`,`sort`,`pid`,`name`,`price`,`img`,`desc`,`status`,`add_time`,`stock`,`last_time` FROM `product` LIMIT 0,12   [ RunTime:0.0000s ]
INFO: [ view_parse ] --START--
INFO: [ template_filter ] --START--
INFO: Run Behavior\ContentReplaceBehavior [ RunTime:0.000000s ]
INFO: [ template_filter ] --END-- [ RunTime:0.000000s ]
NOTIC: [8] Undefined index: user D:\wwwroot\TP\Application\Runtime\Cache\Home\0d6509e863112dc5821b22ecb897e16e.php 第 106 行.
NOTIC: [8] Undefined index: shop D:\wwwroot\TP\Application\Runtime\Cache\Home\0d6509e863112dc5821b22ecb897e16e.php 第 120 行.
INFO: Run Behavior\ParseTemplateBehavior [ RunTime:0.005000s ]
INFO: [ view_parse ] --END-- [ RunTime:0.005000s ]
INFO: [ view_filter ] --START--
INFO: Run Behavior\WriteHtmlCacheBehavior [ RunTime:0.000000s ]
INFO: [ view_filter ] --END-- [ RunTime:0.000000s ]

