[ 2020-03-11T14:25:40+08:00 ] 127.0.0.1 /TP/
INFO: [ app_init ] --START--
INFO: Run Behavior\BuildLiteBehavior [ RunTime:0.000000s ]
INFO: [ app_init ] --END-- [ RunTime:0.001000s ]
INFO: [ app_begin ] --START--
INFO: Run Behavior\ReadHtmlCacheBehavior [ RunTime:0.001000s ]
INFO: [ app_begin ] --END-- [ RunTime:0.001000s ]
SQL: SHOW COLUMNS FROM `j_storee` [ RunTime:0.0830s ]
SQL: SELECT `name`,`store_id` FROM `j_storee`  [ RunTime:0.0080s ]
SQL: SHOW COLUMNS FROM `j_store` [ RunTime:0.0610s ]
SQL: SELECT `title` FROM `j_store`  [ RunTime:0.0020s ]

[ 2020-03-11T15:45:22+08:00 ] 127.0.0.1 /TP/
INFO: [ app_init ] --START--
INFO: Run Behavior\BuildLiteBehavior [ RunTime:0.000000s ]
INFO: [ app_init ] --END-- [ RunTime:0.000000s ]
INFO: [ app_begin ] --START--
INFO: Run Behavior\ReadHtmlCacheBehavior [ RunTime:0.001001s ]
INFO: [ app_begin ] --END-- [ RunTime:0.001001s ]
SQL: SHOW COLUMNS FROM `j_storee` [ RunTime:0.0040s ]
SQL: SELECT `name`,`store_id` FROM `j_storee`  [ RunTime:0.0010s ]
SQL: SHOW COLUMNS FROM `j_store` [ RunTime:0.0040s ]
SQL: SELECT `title` FROM `j_store`  [ RunTime:0.0010s ]

