[ 2016-08-15T11:16:56+08:00 ] ::1 /TP/Public/images/top_add.gif
INFO: [ app_init ] --START--
INFO: Run Behavior\BuildLiteBehavior [ RunTime:0.000009s ]
INFO: [ app_init ] --END-- [ RunTime:0.000254s ]
ERR: 无法加载模块:Public

[ 2016-08-15T13:59:03+08:00 ] ::1 /TP/Public/images/top_add.gif
INFO: [ app_init ] --START--
INFO: Run Behavior\BuildLiteBehavior [ RunTime:0.000009s ]
INFO: [ app_init ] --END-- [ RunTime:0.000285s ]
ERR: 无法加载模块:Public

[ 2016-08-15T14:15:39+08:00 ] ::1 /TP/Public/images/top_add.gif
INFO: [ app_init ] --START--
INFO: Run Behavior\BuildLiteBehavior [ RunTime:0.000012s ]
INFO: [ app_init ] --END-- [ RunTime:0.000945s ]
ERR: 无法加载模块:Public

[ 2016-08-15T14:17:00+08:00 ] ::1 /TP/Public/images/top_add.gif
INFO: [ app_init ] --START--
INFO: Run Behavior\BuildLiteBehavior [ RunTime:0.000010s ]
INFO: [ app_init ] --END-- [ RunTime:0.000259s ]
ERR: 无法加载模块:Public

[ 2016-08-15T14:17:05+08:00 ] ::1 /TP/Public/images/icon_edit_white.png
INFO: [ app_init ] --START--
INFO: Run Behavior\BuildLiteBehavior [ RunTime:0.000013s ]
INFO: [ app_init ] --END-- [ RunTime:0.000441s ]
ERR: 无法加载模块:Public

[ 2016-08-15T14:17:26+08:00 ] ::1 /TP/Public/images/top_add.gif
INFO: [ app_init ] --START--
INFO: Run Behavior\BuildLiteBehavior [ RunTime:0.000009s ]
INFO: [ app_init ] --END-- [ RunTime:0.000252s ]
ERR: 无法加载模块:Public

[ 2016-08-15T17:20:45+08:00 ] ::1 /TP/Public/Js/article/dialogs/image/image.js
INFO: [ app_init ] --START--
INFO: Run Behavior\BuildLiteBehavior [ RunTime:0.000010s ]
INFO: [ app_init ] --END-- [ RunTime:0.000281s ]
ERR: 无法加载模块:Public

[ 2016-08-15T17:20:45+08:00 ] ::1 /TP/Public/Js/article/dialogs/link/link.js
INFO: [ app_init ] --START--
INFO: Run Behavior\BuildLiteBehavior [ RunTime:0.000015s ]
INFO: [ app_init ] --END-- [ RunTime:0.002140s ]
ERR: 无法加载模块:Public

[ 2016-08-15T17:20:45+08:00 ] ::1 /TP/Public/Css/images/icons.png
INFO: [ app_init ] --START--
INFO: Run Behavior\BuildLiteBehavior [ RunTime:0.000009s ]
INFO: [ app_init ] --END-- [ RunTime:0.000245s ]
ERR: 无法加载模块:Public

[ 2016-08-15T17:20:45+08:00 ] ::1 /TP/Public/Js/article/dialogs/emotion/emotion.js
INFO: [ app_init ] --START--
INFO: Run Behavior\BuildLiteBehavior [ RunTime:0.000011s ]
INFO: [ app_init ] --END-- [ RunTime:0.000316s ]
ERR: 无法加载模块:Public

[ 2016-08-15T17:20:45+08:00 ] ::1 /TP/Public/Js/article/dialogs/map/map.js
INFO: [ app_init ] --START--
INFO: Run Behavior\BuildLiteBehavior [ RunTime:0.000010s ]
INFO: [ app_init ] --END-- [ RunTime:0.000289s ]
ERR: 无法加载模块:Public

[ 2016-08-15T17:20:45+08:00 ] ::1 /TP/Public/Js/article/dialogs/formula/formula.js
INFO: [ app_init ] --START--
INFO: Run Behavior\BuildLiteBehavior [ RunTime:0.000011s ]
INFO: [ app_init ] --END-- [ RunTime:0.000373s ]
ERR: 无法加载模块:Public

[ 2016-08-15T17:22:12+08:00 ] ::1 /TP/Public/Js/article/dialogs/link/link.js
INFO: [ app_init ] --START--
INFO: Run Behavior\BuildLiteBehavior [ RunTime:0.000010s ]
INFO: [ app_init ] --END-- [ RunTime:0.000249s ]
ERR: 无法加载模块:Public

[ 2016-08-15T17:22:12+08:00 ] ::1 /TP/Public/Js/article/dialogs/image/image.js
INFO: [ app_init ] --START--
INFO: Run Behavior\BuildLiteBehavior [ RunTime:0.000009s ]
INFO: [ app_init ] --END-- [ RunTime:0.000241s ]
ERR: 无法加载模块:Public

[ 2016-08-15T17:22:12+08:00 ] ::1 /TP/Public/Js/article/dialogs/emotion/emotion.js
INFO: [ app_init ] --START--
INFO: Run Behavior\BuildLiteBehavior [ RunTime:0.000010s ]
INFO: [ app_init ] --END-- [ RunTime:0.000250s ]
ERR: 无法加载模块:Public

[ 2016-08-15T17:22:12+08:00 ] ::1 /TP/Public/Js/article/dialogs/map/map.js
INFO: [ app_init ] --START--
INFO: Run Behavior\BuildLiteBehavior [ RunTime:0.000012s ]
INFO: [ app_init ] --END-- [ RunTime:0.001013s ]
ERR: 无法加载模块:Public

[ 2016-08-15T17:22:12+08:00 ] ::1 /TP/Public/Js/article/dialogs/video/video.js
INFO: [ app_init ] --START--
INFO: Run Behavior\BuildLiteBehavior [ RunTime:0.000011s ]
INFO: [ app_init ] --END-- [ RunTime:0.000263s ]
ERR: 无法加载模块:Public

[ 2016-08-15T17:22:12+08:00 ] ::1 /TP/Public/Js/article/dialogs/formula/formula.js
INFO: [ app_init ] --START--
INFO: Run Behavior\BuildLiteBehavior [ RunTime:0.000012s ]
INFO: [ app_init ] --END-- [ RunTime:0.000361s ]
ERR: 无法加载模块:Public

[ 2016-08-15T17:24:48+08:00 ] ::1 /TP/Public/Js/article/dialogs/link/link.js
INFO: [ app_init ] --START--
INFO: Run Behavior\BuildLiteBehavior [ RunTime:0.000010s ]
INFO: [ app_init ] --END-- [ RunTime:0.000258s ]
ERR: 无法加载模块:Public

[ 2016-08-15T17:24:48+08:00 ] ::1 /TP/Public/Js/article/dialogs/image/image.js
INFO: [ app_init ] --START--
INFO: Run Behavior\BuildLiteBehavior [ RunTime:0.000010s ]
INFO: [ app_init ] --END-- [ RunTime:0.000293s ]
ERR: 无法加载模块:Public

[ 2016-08-15T17:24:48+08:00 ] ::1 /TP/Public/Js/article/dialogs/video/video.js
INFO: [ app_init ] --START--
INFO: Run Behavior\BuildLiteBehavior [ RunTime:0.000011s ]
INFO: [ app_init ] --END-- [ RunTime:0.000309s ]
ERR: 无法加载模块:Public

[ 2016-08-15T17:24:48+08:00 ] ::1 /TP/Public/Js/article/dialogs/map/map.js
INFO: [ app_init ] --START--
INFO: Run Behavior\BuildLiteBehavior [ RunTime:0.000009s ]
INFO: [ app_init ] --END-- [ RunTime:0.000310s ]
ERR: 无法加载模块:Public

[ 2016-08-15T17:24:48+08:00 ] ::1 /TP/Public/Js/article/dialogs/emotion/emotion.js
INFO: [ app_init ] --START--
INFO: Run Behavior\BuildLiteBehavior [ RunTime:0.000010s ]
INFO: [ app_init ] --END-- [ RunTime:0.000286s ]
ERR: 无法加载模块:Public

[ 2016-08-15T17:24:48+08:00 ] ::1 /TP/Public/Js/article/dialogs/formula/formula.js
INFO: [ app_init ] --START--
INFO: Run Behavior\BuildLiteBehavior [ RunTime:0.000009s ]
INFO: [ app_init ] --END-- [ RunTime:0.000280s ]
ERR: 无法加载模块:Public

[ 2016-08-15T17:25:47+08:00 ] ::1 /TP/Public/Js/article/dialogs/video/video.js
INFO: [ app_init ] --START--
INFO: Run Behavior\BuildLiteBehavior [ RunTime:0.000009s ]
INFO: [ app_init ] --END-- [ RunTime:0.000246s ]
ERR: 无法加载模块:Public

[ 2016-08-15T17:25:47+08:00 ] ::1 /TP/Public/Js/article/dialogs/map/map.js
INFO: [ app_init ] --START--
INFO: Run Behavior\BuildLiteBehavior [ RunTime:0.000009s ]
INFO: [ app_init ] --END-- [ RunTime:0.000247s ]
ERR: 无法加载模块:Public

[ 2016-08-15T17:25:47+08:00 ] ::1 /TP/Public/Js/article/dialogs/formula/formula.js
INFO: [ app_init ] --START--
INFO: Run Behavior\BuildLiteBehavior [ RunTime:0.000009s ]
INFO: [ app_init ] --END-- [ RunTime:0.000243s ]
ERR: 无法加载模块:Public

[ 2016-08-15T17:25:47+08:00 ] ::1 /TP/Public/Js/article/dialogs/emotion/emotion.js
INFO: [ app_init ] --START--
INFO: Run Behavior\BuildLiteBehavior [ RunTime:0.000009s ]
INFO: [ app_init ] --END-- [ RunTime:0.000239s ]
ERR: 无法加载模块:Public

[ 2016-08-15T17:25:47+08:00 ] ::1 /TP/Public/Css/images/icons.png
INFO: [ app_init ] --START--
INFO: Run Behavior\BuildLiteBehavior [ RunTime:0.000010s ]
INFO: [ app_init ] --END-- [ RunTime:0.000270s ]
ERR: 无法加载模块:Public

[ 2016-08-15T17:25:47+08:00 ] ::1 /TP/Public/Js/article/dialogs/image/image.js
INFO: [ app_init ] --START--
INFO: Run Behavior\BuildLiteBehavior [ RunTime:0.000010s ]
INFO: [ app_init ] --END-- [ RunTime:0.000247s ]
ERR: 无法加载模块:Public

[ 2016-08-15T17:25:47+08:00 ] ::1 /TP/Public/Js/article/dialogs/link/link.js
INFO: [ app_init ] --START--
INFO: Run Behavior\BuildLiteBehavior [ RunTime:0.000011s ]
INFO: [ app_init ] --END-- [ RunTime:0.000270s ]
ERR: 无法加载模块:Public

[ 2016-08-15T17:25:57+08:00 ] ::1 /TP/Public/Js/article/dialogs/link/link.js
INFO: [ app_init ] --START--
INFO: Run Behavior\BuildLiteBehavior [ RunTime:0.000010s ]
INFO: [ app_init ] --END-- [ RunTime:0.000259s ]
ERR: 无法加载模块:Public

[ 2016-08-15T17:25:57+08:00 ] ::1 /TP/Public/Js/article/dialogs/formula/formula.js
INFO: [ app_init ] --START--
INFO: Run Behavior\BuildLiteBehavior [ RunTime:0.000011s ]
INFO: [ app_init ] --END-- [ RunTime:0.000251s ]
ERR: 无法加载模块:Public

[ 2016-08-15T17:25:57+08:00 ] ::1 /TP/Public/Js/article/dialogs/image/image.js
INFO: [ app_init ] --START--
INFO: Run Behavior\BuildLiteBehavior [ RunTime:0.000010s ]
INFO: [ app_init ] --END-- [ RunTime:0.000247s ]
ERR: 无法加载模块:Public

[ 2016-08-15T17:25:57+08:00 ] ::1 /TP/Public/Js/article/dialogs/emotion/emotion.js
INFO: [ app_init ] --START--
INFO: Run Behavior\BuildLiteBehavior [ RunTime:0.000011s ]
INFO: [ app_init ] --END-- [ RunTime:0.000249s ]
ERR: 无法加载模块:Public

[ 2016-08-15T17:25:57+08:00 ] ::1 /TP/Public/Css/images/icons.png
INFO: [ app_init ] --START--
INFO: Run Behavior\BuildLiteBehavior [ RunTime:0.000010s ]
INFO: [ app_init ] --END-- [ RunTime:0.000257s ]
ERR: 无法加载模块:Public

[ 2016-08-15T17:25:57+08:00 ] ::1 /TP/Public/Js/article/dialogs/video/video.js
INFO: [ app_init ] --START--
INFO: Run Behavior\BuildLiteBehavior [ RunTime:0.000011s ]
INFO: [ app_init ] --END-- [ RunTime:0.000254s ]
ERR: 无法加载模块:Public

[ 2016-08-15T17:25:57+08:00 ] ::1 /TP/Public/Js/article/dialogs/map/map.js
INFO: [ app_init ] --START--
INFO: Run Behavior\BuildLiteBehavior [ RunTime:0.000012s ]
INFO: [ app_init ] --END-- [ RunTime:0.000248s ]
ERR: 无法加载模块:Public

[ 2016-08-15T17:26:03+08:00 ] ::1 /TP/Public/Js/article/dialogs/image/image.js
INFO: [ app_init ] --START--
INFO: Run Behavior\BuildLiteBehavior [ RunTime:0.000014s ]
INFO: [ app_init ] --END-- [ RunTime:0.001394s ]
ERR: 无法加载模块:Public

[ 2016-08-15T17:26:03+08:00 ] ::1 /TP/Public/Js/article/dialogs/video/video.js
INFO: [ app_init ] --START--
INFO: Run Behavior\BuildLiteBehavior [ RunTime:0.000009s ]
INFO: [ app_init ] --END-- [ RunTime:0.000269s ]
ERR: 无法加载模块:Public

[ 2016-08-15T17:26:03+08:00 ] ::1 /TP/Public/Js/article/dialogs/emotion/emotion.js
INFO: [ app_init ] --START--
INFO: Run Behavior\BuildLiteBehavior [ RunTime:0.000010s ]
INFO: [ app_init ] --END-- [ RunTime:0.000264s ]
ERR: 无法加载模块:Public

[ 2016-08-15T17:26:03+08:00 ] ::1 /TP/Public/Js/article/dialogs/formula/formula.js
INFO: [ app_init ] --START--
INFO: Run Behavior\BuildLiteBehavior [ RunTime:0.000010s ]
INFO: [ app_init ] --END-- [ RunTime:0.000261s ]
ERR: 无法加载模块:Public

[ 2016-08-15T17:26:03+08:00 ] ::1 /TP/Public/Js/article/dialogs/map/map.js
INFO: [ app_init ] --START--
INFO: Run Behavior\BuildLiteBehavior [ RunTime:0.000009s ]
INFO: [ app_init ] --END-- [ RunTime:0.000269s ]
ERR: 无法加载模块:Public

[ 2016-08-15T17:26:03+08:00 ] ::1 /TP/Public/Js/article/dialogs/link/link.js
INFO: [ app_init ] --START--
INFO: Run Behavior\BuildLiteBehavior [ RunTime:0.000011s ]
INFO: [ app_init ] --END-- [ RunTime:0.000268s ]
ERR: 无法加载模块:Public

[ 2016-08-15T17:26:03+08:00 ] ::1 /TP/Public/Css/images/icons.png
INFO: [ app_init ] --START--
INFO: Run Behavior\BuildLiteBehavior [ RunTime:0.000009s ]
INFO: [ app_init ] --END-- [ RunTime:0.000245s ]
ERR: 无法加载模块:Public

[ 2016-08-15T17:26:06+08:00 ] ::1 /TP/Public/Js/article/dialogs/link/link.js
INFO: [ app_init ] --START--
INFO: Run Behavior\BuildLiteBehavior [ RunTime:0.000014s ]
INFO: [ app_init ] --END-- [ RunTime:0.000596s ]
ERR: 无法加载模块:Public

[ 2016-08-15T17:26:06+08:00 ] ::1 /TP/Public/Js/article/dialogs/map/map.js
INFO: [ app_init ] --START--
INFO: Run Behavior\BuildLiteBehavior [ RunTime:0.000009s ]
INFO: [ app_init ] --END-- [ RunTime:0.000248s ]
ERR: 无法加载模块:Public

[ 2016-08-15T17:26:06+08:00 ] ::1 /TP/Public/Js/article/dialogs/emotion/emotion.js
INFO: [ app_init ] --START--
INFO: Run Behavior\BuildLiteBehavior [ RunTime:0.000009s ]
INFO: [ app_init ] --END-- [ RunTime:0.000242s ]
ERR: 无法加载模块:Public

[ 2016-08-15T17:26:06+08:00 ] ::1 /TP/Public/Css/images/icons.png
INFO: [ app_init ] --START--
INFO: Run Behavior\BuildLiteBehavior [ RunTime:0.000011s ]
INFO: [ app_init ] --END-- [ RunTime:0.000276s ]
ERR: 无法加载模块:Public

[ 2016-08-15T17:26:06+08:00 ] ::1 /TP/Public/Js/article/dialogs/image/image.js
INFO: [ app_init ] --START--
INFO: Run Behavior\BuildLiteBehavior [ RunTime:0.000010s ]
INFO: [ app_init ] --END-- [ RunTime:0.000247s ]
ERR: 无法加载模块:Public

[ 2016-08-15T17:26:06+08:00 ] ::1 /TP/Public/Js/article/dialogs/video/video.js
INFO: [ app_init ] --START--
INFO: Run Behavior\BuildLiteBehavior [ RunTime:0.000010s ]
INFO: [ app_init ] --END-- [ RunTime:0.000263s ]
ERR: 无法加载模块:Public

[ 2016-08-15T17:26:06+08:00 ] ::1 /TP/Public/Js/article/dialogs/formula/formula.js
INFO: [ app_init ] --START--
INFO: Run Behavior\BuildLiteBehavior [ RunTime:0.000012s ]
INFO: [ app_init ] --END-- [ RunTime:0.000286s ]
ERR: 无法加载模块:Public

[ 2016-08-15T17:33:56+08:00 ] ::1 /TP/Public/Js/article/dialogs/link/link.js
INFO: [ app_init ] --START--
INFO: Run Behavior\BuildLiteBehavior [ RunTime:0.000011s ]
INFO: [ app_init ] --END-- [ RunTime:0.000256s ]
ERR: 无法加载模块:Public

[ 2016-08-15T17:33:56+08:00 ] ::1 /TP/Public/Js/article/dialogs/video/video.js
INFO: [ app_init ] --START--
INFO: Run Behavior\BuildLiteBehavior [ RunTime:0.000011s ]
INFO: [ app_init ] --END-- [ RunTime:0.000269s ]
ERR: 无法加载模块:Public

[ 2016-08-15T17:33:56+08:00 ] ::1 /TP/Public/Js/article/dialogs/image/image.js
INFO: [ app_init ] --START--
INFO: Run Behavior\BuildLiteBehavior [ RunTime:0.000010s ]
INFO: [ app_init ] --END-- [ RunTime:0.000322s ]
ERR: 无法加载模块:Public

[ 2016-08-15T17:33:56+08:00 ] ::1 /TP/Public/Js/article/dialogs/map/map.js
INFO: [ app_init ] --START--
INFO: Run Behavior\BuildLiteBehavior [ RunTime:0.000012s ]
INFO: [ app_init ] --END-- [ RunTime:0.000571s ]
ERR: 无法加载模块:Public

[ 2016-08-15T17:33:56+08:00 ] ::1 /TP/Public/Js/article/dialogs/emotion/emotion.js
INFO: [ app_init ] --START--
INFO: Run Behavior\BuildLiteBehavior [ RunTime:0.000009s ]
INFO: [ app_init ] --END-- [ RunTime:0.000298s ]
ERR: 无法加载模块:Public

[ 2016-08-15T17:33:56+08:00 ] ::1 /TP/Public/Js/article/dialogs/formula/formula.js
INFO: [ app_init ] --START--
INFO: Run Behavior\BuildLiteBehavior [ RunTime:0.000008s ]
INFO: [ app_init ] --END-- [ RunTime:0.000276s ]
ERR: 无法加载模块:Public

[ 2016-08-15T17:34:48+08:00 ] ::1 /TP/Public/Js/article/dialogs/link/link.js
INFO: [ app_init ] --START--
INFO: Run Behavior\BuildLiteBehavior [ RunTime:0.000010s ]
INFO: [ app_init ] --END-- [ RunTime:0.000247s ]
ERR: 无法加载模块:Public

[ 2016-08-15T17:34:48+08:00 ] ::1 /TP/Public/Js/article/dialogs/map/map.js
INFO: [ app_init ] --START--
INFO: Run Behavior\BuildLiteBehavior [ RunTime:0.000009s ]
INFO: [ app_init ] --END-- [ RunTime:0.000248s ]
ERR: 无法加载模块:Public

[ 2016-08-15T17:34:48+08:00 ] ::1 /TP/Public/Js/article/dialogs/formula/formula.js
INFO: [ app_init ] --START--
INFO: Run Behavior\BuildLiteBehavior [ RunTime:0.000010s ]
INFO: [ app_init ] --END-- [ RunTime:0.000250s ]
ERR: 无法加载模块:Public

[ 2016-08-15T17:34:48+08:00 ] ::1 /TP/Public/Js/article/dialogs/emotion/emotion.js
INFO: [ app_init ] --START--
INFO: Run Behavior\BuildLiteBehavior [ RunTime:0.000009s ]
INFO: [ app_init ] --END-- [ RunTime:0.000241s ]
ERR: 无法加载模块:Public

[ 2016-08-15T17:34:48+08:00 ] ::1 /TP/Public/Js/article/dialogs/video/video.js
INFO: [ app_init ] --START--
INFO: Run Behavior\BuildLiteBehavior [ RunTime:0.000010s ]
INFO: [ app_init ] --END-- [ RunTime:0.000294s ]
ERR: 无法加载模块:Public

[ 2016-08-15T17:34:48+08:00 ] ::1 /TP/Public/Js/article/dialogs/image/image.js
INFO: [ app_init ] --START--
INFO: Run Behavior\BuildLiteBehavior [ RunTime:0.000011s ]
INFO: [ app_init ] --END-- [ RunTime:0.000251s ]
ERR: 无法加载模块:Public

[ 2016-08-15T17:34:50+08:00 ] ::1 /TP/Public/Js/article/dialogs/link/link.js
INFO: [ app_init ] --START--
INFO: Run Behavior\BuildLiteBehavior [ RunTime:0.000009s ]
INFO: [ app_init ] --END-- [ RunTime:0.000246s ]
ERR: 无法加载模块:Public

[ 2016-08-15T17:34:50+08:00 ] ::1 /TP/Public/Js/article/dialogs/image/image.js
INFO: [ app_init ] --START--
INFO: Run Behavior\BuildLiteBehavior [ RunTime:0.000011s ]
INFO: [ app_init ] --END-- [ RunTime:0.000278s ]
ERR: 无法加载模块:Public

[ 2016-08-15T17:34:50+08:00 ] ::1 /TP/Public/Js/article/dialogs/video/video.js
INFO: [ app_init ] --START--
INFO: Run Behavior\BuildLiteBehavior [ RunTime:0.000009s ]
INFO: [ app_init ] --END-- [ RunTime:0.000239s ]
ERR: 无法加载模块:Public

[ 2016-08-15T17:34:50+08:00 ] ::1 /TP/Public/Js/article/dialogs/map/map.js
INFO: [ app_init ] --START--
INFO: Run Behavior\BuildLiteBehavior [ RunTime:0.000011s ]
INFO: [ app_init ] --END-- [ RunTime:0.000272s ]
ERR: 无法加载模块:Public

[ 2016-08-15T17:34:50+08:00 ] ::1 /TP/Public/Js/article/dialogs/formula/formula.js
INFO: [ app_init ] --START--
INFO: Run Behavior\BuildLiteBehavior [ RunTime:0.000009s ]
INFO: [ app_init ] --END-- [ RunTime:0.000241s ]
ERR: 无法加载模块:Public

[ 2016-08-15T17:34:50+08:00 ] ::1 /TP/Public/Js/article/dialogs/emotion/emotion.js
INFO: [ app_init ] --START--
INFO: Run Behavior\BuildLiteBehavior [ RunTime:0.000011s ]
INFO: [ app_init ] --END-- [ RunTime:0.000256s ]
ERR: 无法加载模块:Public

[ 2016-08-15T17:34:50+08:00 ] ::1 /TP/Public/Js/article/dialogs/map/map.js
INFO: [ app_init ] --START--
INFO: Run Behavior\BuildLiteBehavior [ RunTime:0.000009s ]
INFO: [ app_init ] --END-- [ RunTime:0.000244s ]
ERR: 无法加载模块:Public

[ 2016-08-15T17:34:50+08:00 ] ::1 /TP/Public/Js/article/dialogs/emotion/emotion.js
INFO: [ app_init ] --START--
INFO: Run Behavior\BuildLiteBehavior [ RunTime:0.000010s ]
INFO: [ app_init ] --END-- [ RunTime:0.000265s ]
ERR: 无法加载模块:Public

[ 2016-08-15T17:34:50+08:00 ] ::1 /TP/Public/Js/article/dialogs/image/image.js
INFO: [ app_init ] --START--
INFO: Run Behavior\BuildLiteBehavior [ RunTime:0.000009s ]
INFO: [ app_init ] --END-- [ RunTime:0.000238s ]
ERR: 无法加载模块:Public

[ 2016-08-15T17:34:50+08:00 ] ::1 /TP/Public/Js/article/dialogs/video/video.js
INFO: [ app_init ] --START--
INFO: Run Behavior\BuildLiteBehavior [ RunTime:0.000011s ]
INFO: [ app_init ] --END-- [ RunTime:0.000251s ]
ERR: 无法加载模块:Public

[ 2016-08-15T17:34:50+08:00 ] ::1 /TP/Public/Js/article/dialogs/link/link.js
INFO: [ app_init ] --START--
INFO: Run Behavior\BuildLiteBehavior [ RunTime:0.000011s ]
INFO: [ app_init ] --END-- [ RunTime:0.000275s ]
ERR: 无法加载模块:Public

[ 2016-08-15T17:34:50+08:00 ] ::1 /TP/Public/Js/article/dialogs/formula/formula.js
INFO: [ app_init ] --START--
INFO: Run Behavior\BuildLiteBehavior [ RunTime:0.000011s ]
INFO: [ app_init ] --END-- [ RunTime:0.000262s ]
ERR: 无法加载模块:Public

[ 2016-08-15T17:35:14+08:00 ] ::1 /TP/Public/Js/article/dialogs/link/link.js
INFO: [ app_init ] --START--
INFO: Run Behavior\BuildLiteBehavior [ RunTime:0.000010s ]
INFO: [ app_init ] --END-- [ RunTime:0.000244s ]
ERR: 无法加载模块:Public

[ 2016-08-15T17:35:14+08:00 ] ::1 /TP/Public/Js/article/dialogs/image/image.js
INFO: [ app_init ] --START--
INFO: Run Behavior\BuildLiteBehavior [ RunTime:0.000009s ]
INFO: [ app_init ] --END-- [ RunTime:0.000244s ]
ERR: 无法加载模块:Public

[ 2016-08-15T17:35:14+08:00 ] ::1 /TP/Public/Js/article/dialogs/video/video.js
INFO: [ app_init ] --START--
INFO: Run Behavior\BuildLiteBehavior [ RunTime:0.000011s ]
INFO: [ app_init ] --END-- [ RunTime:0.000254s ]
ERR: 无法加载模块:Public

[ 2016-08-15T17:35:14+08:00 ] ::1 /TP/Public/Js/article/dialogs/map/map.js
INFO: [ app_init ] --START--
INFO: Run Behavior\BuildLiteBehavior [ RunTime:0.000010s ]
INFO: [ app_init ] --END-- [ RunTime:0.000251s ]
ERR: 无法加载模块:Public

[ 2016-08-15T17:35:14+08:00 ] ::1 /TP/Public/Js/article/dialogs/formula/formula.js
INFO: [ app_init ] --START--
INFO: Run Behavior\BuildLiteBehavior [ RunTime:0.000010s ]
INFO: [ app_init ] --END-- [ RunTime:0.000271s ]
ERR: 无法加载模块:Public

[ 2016-08-15T17:35:14+08:00 ] ::1 /TP/Public/Js/article/dialogs/emotion/emotion.js
INFO: [ app_init ] --START--
INFO: Run Behavior\BuildLiteBehavior [ RunTime:0.000010s ]
INFO: [ app_init ] --END-- [ RunTime:0.000288s ]
ERR: 无法加载模块:Public

[ 2016-08-15T17:35:14+08:00 ] ::1 /TP/Public/Js/article/dialogs/link/link.js
INFO: [ app_init ] --START--
INFO: Run Behavior\BuildLiteBehavior [ RunTime:0.000009s ]
INFO: [ app_init ] --END-- [ RunTime:0.000246s ]
ERR: 无法加载模块:Public

[ 2016-08-15T17:35:14+08:00 ] ::1 /TP/Public/Js/article/dialogs/image/image.js
INFO: [ app_init ] --START--
INFO: Run Behavior\BuildLiteBehavior [ RunTime:0.000017s ]
INFO: [ app_init ] --END-- [ RunTime:0.000267s ]
ERR: 无法加载模块:Public

[ 2016-08-15T17:35:14+08:00 ] ::1 /TP/Public/Js/article/dialogs/video/video.js
INFO: [ app_init ] --START--
INFO: Run Behavior\BuildLiteBehavior [ RunTime:0.000012s ]
INFO: [ app_init ] --END-- [ RunTime:0.000264s ]
ERR: 无法加载模块:Public

[ 2016-08-15T17:35:14+08:00 ] ::1 /TP/Public/Js/article/dialogs/map/map.js
INFO: [ app_init ] --START--
INFO: Run Behavior\BuildLiteBehavior [ RunTime:0.000010s ]
INFO: [ app_init ] --END-- [ RunTime:0.000261s ]
ERR: 无法加载模块:Public

[ 2016-08-15T17:35:14+08:00 ] ::1 /TP/Public/Js/article/dialogs/formula/formula.js
INFO: [ app_init ] --START--
INFO: Run Behavior\BuildLiteBehavior [ RunTime:0.000009s ]
INFO: [ app_init ] --END-- [ RunTime:0.000239s ]
ERR: 无法加载模块:Public

[ 2016-08-15T17:35:14+08:00 ] ::1 /TP/Public/Js/article/dialogs/emotion/emotion.js
INFO: [ app_init ] --START--
INFO: Run Behavior\BuildLiteBehavior [ RunTime:0.000009s ]
INFO: [ app_init ] --END-- [ RunTime:0.000251s ]
ERR: 无法加载模块:Public

[ 2016-08-15T17:35:15+08:00 ] ::1 /TP/Public/Js/article/dialogs/link/link.js
INFO: [ app_init ] --START--
INFO: Run Behavior\BuildLiteBehavior [ RunTime:0.000009s ]
INFO: [ app_init ] --END-- [ RunTime:0.000241s ]
ERR: 无法加载模块:Public

[ 2016-08-15T17:35:15+08:00 ] ::1 /TP/Public/Js/article/dialogs/image/image.js
INFO: [ app_init ] --START--
INFO: Run Behavior\BuildLiteBehavior [ RunTime:0.000010s ]
INFO: [ app_init ] --END-- [ RunTime:0.000248s ]
ERR: 无法加载模块:Public

[ 2016-08-15T17:35:15+08:00 ] ::1 /TP/Public/Js/article/dialogs/video/video.js
INFO: [ app_init ] --START--
INFO: Run Behavior\BuildLiteBehavior [ RunTime:0.000009s ]
INFO: [ app_init ] --END-- [ RunTime:0.000243s ]
ERR: 无法加载模块:Public

[ 2016-08-15T17:35:15+08:00 ] ::1 /TP/Public/Js/article/dialogs/map/map.js
INFO: [ app_init ] --START--
INFO: Run Behavior\BuildLiteBehavior [ RunTime:0.000010s ]
INFO: [ app_init ] --END-- [ RunTime:0.000255s ]
ERR: 无法加载模块:Public

[ 2016-08-15T17:35:15+08:00 ] ::1 /TP/Public/Js/article/dialogs/formula/formula.js
INFO: [ app_init ] --START--
INFO: Run Behavior\BuildLiteBehavior [ RunTime:0.000010s ]
INFO: [ app_init ] --END-- [ RunTime:0.000242s ]
ERR: 无法加载模块:Public

[ 2016-08-15T17:35:15+08:00 ] ::1 /TP/Public/Js/article/dialogs/emotion/emotion.js
INFO: [ app_init ] --START--
INFO: Run Behavior\BuildLiteBehavior [ RunTime:0.000009s ]
INFO: [ app_init ] --END-- [ RunTime:0.000237s ]
ERR: 无法加载模块:Public

[ 2016-08-15T17:35:19+08:00 ] ::1 /TP/Public/Js/article/jquery-1.10.2.min.map
INFO: [ app_init ] --START--
INFO: Run Behavior\BuildLiteBehavior [ RunTime:0.000010s ]
INFO: [ app_init ] --END-- [ RunTime:0.000263s ]
ERR: 无法加载模块:Public

[ 2016-08-15T17:35:58+08:00 ] ::1 /TP/Public/Js/article/jquery-1.10.2.min.map
INFO: [ app_init ] --START--
INFO: Run Behavior\BuildLiteBehavior [ RunTime:0.000010s ]
INFO: [ app_init ] --END-- [ RunTime:0.000260s ]
ERR: 无法加载模块:Public

[ 2016-08-15T17:35:58+08:00 ] ::1 /TP/Public/Js/article/dialogs/link/link.js
INFO: [ app_init ] --START--
INFO: Run Behavior\BuildLiteBehavior [ RunTime:0.000011s ]
INFO: [ app_init ] --END-- [ RunTime:0.000329s ]
ERR: 无法加载模块:Public

[ 2016-08-15T17:35:58+08:00 ] ::1 /TP/Public/Js/article/dialogs/image/image.js
INFO: [ app_init ] --START--
INFO: Run Behavior\BuildLiteBehavior [ RunTime:0.000011s ]
INFO: [ app_init ] --END-- [ RunTime:0.000306s ]
ERR: 无法加载模块:Public

[ 2016-08-15T17:35:58+08:00 ] ::1 /TP/Public/Js/article/dialogs/video/video.js
INFO: [ app_init ] --START--
INFO: Run Behavior\BuildLiteBehavior [ RunTime:0.000011s ]
INFO: [ app_init ] --END-- [ RunTime:0.000313s ]
ERR: 无法加载模块:Public

[ 2016-08-15T17:35:58+08:00 ] ::1 /TP/Public/Js/article/dialogs/map/map.js
INFO: [ app_init ] --START--
INFO: Run Behavior\BuildLiteBehavior [ RunTime:0.000011s ]
INFO: [ app_init ] --END-- [ RunTime:0.000267s ]
ERR: 无法加载模块:Public

[ 2016-08-15T17:35:58+08:00 ] ::1 /TP/Public/Js/article/dialogs/formula/formula.js
INFO: [ app_init ] --START--
INFO: Run Behavior\BuildLiteBehavior [ RunTime:0.000011s ]
INFO: [ app_init ] --END-- [ RunTime:0.000264s ]
ERR: 无法加载模块:Public

[ 2016-08-15T17:35:58+08:00 ] ::1 /TP/Public/Js/article/dialogs/emotion/emotion.js
INFO: [ app_init ] --START--
INFO: Run Behavior\BuildLiteBehavior [ RunTime:0.000010s ]
INFO: [ app_init ] --END-- [ RunTime:0.000244s ]
ERR: 无法加载模块:Public

[ 2016-08-15T17:36:00+08:00 ] ::1 /TP/Public/Js/article/jquery-1.10.2.min.map
INFO: [ app_init ] --START--
INFO: Run Behavior\BuildLiteBehavior [ RunTime:0.000011s ]
INFO: [ app_init ] --END-- [ RunTime:0.000258s ]
ERR: 无法加载模块:Public

[ 2016-08-15T17:36:00+08:00 ] ::1 /TP/Public/Js/article/dialogs/emotion/emotion.js
INFO: [ app_init ] --START--
INFO: Run Behavior\BuildLiteBehavior [ RunTime:0.000009s ]
INFO: [ app_init ] --END-- [ RunTime:0.000249s ]
ERR: 无法加载模块:Public

[ 2016-08-15T17:36:00+08:00 ] ::1 /TP/Public/Js/article/dialogs/link/link.js
INFO: [ app_init ] --START--
INFO: Run Behavior\BuildLiteBehavior [ RunTime:0.000010s ]
INFO: [ app_init ] --END-- [ RunTime:0.000268s ]
ERR: 无法加载模块:Public

[ 2016-08-15T17:36:00+08:00 ] ::1 /TP/Public/Js/article/dialogs/image/image.js
INFO: [ app_init ] --START--
INFO: Run Behavior\BuildLiteBehavior [ RunTime:0.000008s ]
INFO: [ app_init ] --END-- [ RunTime:0.000241s ]
ERR: 无法加载模块:Public

[ 2016-08-15T17:36:00+08:00 ] ::1 /TP/Public/Js/article/dialogs/video/video.js
INFO: [ app_init ] --START--
INFO: Run Behavior\BuildLiteBehavior [ RunTime:0.000008s ]
INFO: [ app_init ] --END-- [ RunTime:0.000240s ]
ERR: 无法加载模块:Public

[ 2016-08-15T17:36:00+08:00 ] ::1 /TP/Public/Js/article/dialogs/map/map.js
INFO: [ app_init ] --START--
INFO: Run Behavior\BuildLiteBehavior [ RunTime:0.000009s ]
INFO: [ app_init ] --END-- [ RunTime:0.000293s ]
ERR: 无法加载模块:Public

[ 2016-08-15T17:36:00+08:00 ] ::1 /TP/Public/Js/article/dialogs/formula/formula.js
INFO: [ app_init ] --START--
INFO: Run Behavior\BuildLiteBehavior [ RunTime:0.000010s ]
INFO: [ app_init ] --END-- [ RunTime:0.000309s ]
ERR: 无法加载模块:Public

[ 2016-08-15T17:36:00+08:00 ] ::1 /TP/Public/Js/article/jquery-1.10.2.min.map
INFO: [ app_init ] --START--
INFO: Run Behavior\BuildLiteBehavior [ RunTime:0.000010s ]
INFO: [ app_init ] --END-- [ RunTime:0.000299s ]
ERR: 无法加载模块:Public

[ 2016-08-15T17:36:00+08:00 ] ::1 /TP/Public/Js/article/dialogs/emotion/emotion.js
INFO: [ app_init ] --START--
INFO: Run Behavior\BuildLiteBehavior [ RunTime:0.000010s ]
INFO: [ app_init ] --END-- [ RunTime:0.000269s ]
ERR: 无法加载模块:Public

[ 2016-08-15T17:36:00+08:00 ] ::1 /TP/Public/Js/article/dialogs/link/link.js
INFO: [ app_init ] --START--
INFO: Run Behavior\BuildLiteBehavior [ RunTime:0.000010s ]
INFO: [ app_init ] --END-- [ RunTime:0.000260s ]
ERR: 无法加载模块:Public

[ 2016-08-15T17:36:00+08:00 ] ::1 /TP/Public/Js/article/dialogs/video/video.js
INFO: [ app_init ] --START--
INFO: Run Behavior\BuildLiteBehavior [ RunTime:0.000009s ]
INFO: [ app_init ] --END-- [ RunTime:0.000248s ]
ERR: 无法加载模块:Public

[ 2016-08-15T17:36:00+08:00 ] ::1 /TP/Public/Js/article/dialogs/map/map.js
INFO: [ app_init ] --START--
INFO: Run Behavior\BuildLiteBehavior [ RunTime:0.000009s ]
INFO: [ app_init ] --END-- [ RunTime:0.000242s ]
ERR: 无法加载模块:Public

[ 2016-08-15T17:36:00+08:00 ] ::1 /TP/Public/Js/article/dialogs/formula/formula.js
INFO: [ app_init ] --START--
INFO: Run Behavior\BuildLiteBehavior [ RunTime:0.000010s ]
INFO: [ app_init ] --END-- [ RunTime:0.000259s ]
ERR: 无法加载模块:Public

[ 2016-08-15T17:36:00+08:00 ] ::1 /TP/Public/Js/article/dialogs/image/image.js
INFO: [ app_init ] --START--
INFO: Run Behavior\BuildLiteBehavior [ RunTime:0.000010s ]
INFO: [ app_init ] --END-- [ RunTime:0.000278s ]
ERR: 无法加载模块:Public

[ 2016-08-15T17:36:18+08:00 ] ::1 /TP/Public/Js/article/dialogs/link/link.js
INFO: [ app_init ] --START--
INFO: Run Behavior\BuildLiteBehavior [ RunTime:0.000012s ]
INFO: [ app_init ] --END-- [ RunTime:0.000267s ]
ERR: 无法加载模块:Public

[ 2016-08-15T17:36:18+08:00 ] ::1 /TP/Public/Js/article/dialogs/formula/formula.js
INFO: [ app_init ] --START--
INFO: Run Behavior\BuildLiteBehavior [ RunTime:0.000010s ]
INFO: [ app_init ] --END-- [ RunTime:0.000247s ]
ERR: 无法加载模块:Public

[ 2016-08-15T17:36:18+08:00 ] ::1 /TP/Public/Js/article/dialogs/map/map.js
INFO: [ app_init ] --START--
INFO: Run Behavior\BuildLiteBehavior [ RunTime:0.000009s ]
INFO: [ app_init ] --END-- [ RunTime:0.000247s ]
ERR: 无法加载模块:Public

[ 2016-08-15T17:36:18+08:00 ] ::1 /TP/Public/Js/article/dialogs/image/image.js
INFO: [ app_init ] --START--
INFO: Run Behavior\BuildLiteBehavior [ RunTime:0.000009s ]
INFO: [ app_init ] --END-- [ RunTime:0.000243s ]
ERR: 无法加载模块:Public

[ 2016-08-15T17:36:18+08:00 ] ::1 /TP/Public/Js/article/dialogs/video/video.js
INFO: [ app_init ] --START--
INFO: Run Behavior\BuildLiteBehavior [ RunTime:0.000010s ]
INFO: [ app_init ] --END-- [ RunTime:0.000250s ]
ERR: 无法加载模块:Public

[ 2016-08-15T17:36:18+08:00 ] ::1 /TP/Public/Js/article/dialogs/emotion/emotion.js
INFO: [ app_init ] --START--
INFO: Run Behavior\BuildLiteBehavior [ RunTime:0.000010s ]
INFO: [ app_init ] --END-- [ RunTime:0.000266s ]
ERR: 无法加载模块:Public

[ 2016-08-15T17:44:04+08:00 ] ::1 /TP/Public/Js/article/dialogs/link/link.js
INFO: [ app_init ] --START--
INFO: Run Behavior\BuildLiteBehavior [ RunTime:0.000009s ]
INFO: [ app_init ] --END-- [ RunTime:0.000241s ]
ERR: 无法加载模块:Public

[ 2016-08-15T17:44:04+08:00 ] ::1 /TP/Public/Js/article/dialogs/video/video.js
INFO: [ app_init ] --START--
INFO: Run Behavior\BuildLiteBehavior [ RunTime:0.000011s ]
INFO: [ app_init ] --END-- [ RunTime:0.000477s ]
ERR: 无法加载模块:Public

[ 2016-08-15T17:44:04+08:00 ] ::1 /TP/Public/Js/article/dialogs/image/image.js
INFO: [ app_init ] --START--
INFO: Run Behavior\BuildLiteBehavior [ RunTime:0.000010s ]
INFO: [ app_init ] --END-- [ RunTime:0.000293s ]
ERR: 无法加载模块:Public

[ 2016-08-15T17:44:04+08:00 ] ::1 /TP/Public/Js/article/dialogs/map/map.js
INFO: [ app_init ] --START--
INFO: Run Behavior\BuildLiteBehavior [ RunTime:0.000010s ]
INFO: [ app_init ] --END-- [ RunTime:0.000889s ]
ERR: 无法加载模块:Public

[ 2016-08-15T17:44:04+08:00 ] ::1 /TP/Public/Js/article/dialogs/emotion/emotion.js
INFO: [ app_init ] --START--
INFO: Run Behavior\BuildLiteBehavior [ RunTime:0.000013s ]
INFO: [ app_init ] --END-- [ RunTime:0.001572s ]
ERR: 无法加载模块:Public

[ 2016-08-15T17:44:04+08:00 ] ::1 /TP/Public/Js/article/dialogs/image/image.js
INFO: [ app_init ] --START--
INFO: Run Behavior\BuildLiteBehavior [ RunTime:0.000010s ]
INFO: [ app_init ] --END-- [ RunTime:0.000261s ]
ERR: 无法加载模块:Public

[ 2016-08-15T17:44:04+08:00 ] ::1 /TP/Public/Js/article/dialogs/link/link.js
INFO: [ app_init ] --START--
INFO: Run Behavior\BuildLiteBehavior [ RunTime:0.000009s ]
INFO: [ app_init ] --END-- [ RunTime:0.000244s ]
ERR: 无法加载模块:Public

[ 2016-08-15T17:44:04+08:00 ] ::1 /TP/Public/Js/article/dialogs/video/video.js
INFO: [ app_init ] --START--
INFO: Run Behavior\BuildLiteBehavior [ RunTime:0.000010s ]
INFO: [ app_init ] --END-- [ RunTime:0.000252s ]
ERR: 无法加载模块:Public

[ 2016-08-15T17:44:04+08:00 ] ::1 /TP/Public/Js/article/dialogs/map/map.js
INFO: [ app_init ] --START--
INFO: Run Behavior\BuildLiteBehavior [ RunTime:0.000009s ]
INFO: [ app_init ] --END-- [ RunTime:0.000257s ]
ERR: 无法加载模块:Public

[ 2016-08-15T17:44:04+08:00 ] ::1 /TP/Public/Js/article/dialogs/formula/formula.js
INFO: [ app_init ] --START--
INFO: Run Behavior\BuildLiteBehavior [ RunTime:0.000010s ]
INFO: [ app_init ] --END-- [ RunTime:0.000258s ]
ERR: 无法加载模块:Public

[ 2016-08-15T17:44:04+08:00 ] ::1 /TP/Public/Js/article/dialogs/emotion/emotion.js
INFO: [ app_init ] --START--
INFO: Run Behavior\BuildLiteBehavior [ RunTime:0.000012s ]
INFO: [ app_init ] --END-- [ RunTime:0.000333s ]
ERR: 无法加载模块:Public

[ 2016-08-15T17:44:29+08:00 ] ::1 /TP/Public/Js/article/dialogs/video/video.js
INFO: [ app_init ] --START--
INFO: Run Behavior\BuildLiteBehavior [ RunTime:0.000010s ]
INFO: [ app_init ] --END-- [ RunTime:0.000249s ]
ERR: 无法加载模块:Public

[ 2016-08-15T17:44:29+08:00 ] ::1 /TP/Public/Js/article/dialogs/emotion/emotion.js
INFO: [ app_init ] --START--
INFO: Run Behavior\BuildLiteBehavior [ RunTime:0.000009s ]
INFO: [ app_init ] --END-- [ RunTime:0.000246s ]
ERR: 无法加载模块:Public

[ 2016-08-15T17:44:30+08:00 ] ::1 /TP/Public/Js/article/dialogs/link/link.js
INFO: [ app_init ] --START--
INFO: Run Behavior\BuildLiteBehavior [ RunTime:0.000010s ]
INFO: [ app_init ] --END-- [ RunTime:0.000278s ]
ERR: 无法加载模块:Public

[ 2016-08-15T17:44:30+08:00 ] ::1 /TP/Public/Js/article/dialogs/map/map.js
INFO: [ app_init ] --START--
INFO: Run Behavior\BuildLiteBehavior [ RunTime:0.000011s ]
INFO: [ app_init ] --END-- [ RunTime:0.000263s ]
ERR: 无法加载模块:Public

[ 2016-08-15T17:44:30+08:00 ] ::1 /TP/Public/Js/article/dialogs/image/image.js
INFO: [ app_init ] --START--
INFO: Run Behavior\BuildLiteBehavior [ RunTime:0.000022s ]
INFO: [ app_init ] --END-- [ RunTime:0.000349s ]
ERR: 无法加载模块:Public

[ 2016-08-15T17:44:30+08:00 ] ::1 /TP/Public/Js/article/dialogs/formula/formula.js
INFO: [ app_init ] --START--
INFO: Run Behavior\BuildLiteBehavior [ RunTime:0.000009s ]
INFO: [ app_init ] --END-- [ RunTime:0.000244s ]
ERR: 无法加载模块:Public

[ 2016-08-15T17:45:45+08:00 ] ::1 /TP/Public/Js/article/dialogs/link/link.js
INFO: [ app_init ] --START--
INFO: Run Behavior\BuildLiteBehavior [ RunTime:0.000010s ]
INFO: [ app_init ] --END-- [ RunTime:0.000253s ]
ERR: 无法加载模块:Public

[ 2016-08-15T17:45:45+08:00 ] ::1 /TP/Public/Js/article/dialogs/image/image.js
INFO: [ app_init ] --START--
INFO: Run Behavior\BuildLiteBehavior [ RunTime:0.000010s ]
INFO: [ app_init ] --END-- [ RunTime:0.000300s ]
ERR: 无法加载模块:Public

[ 2016-08-15T17:45:45+08:00 ] ::1 /TP/Public/Js/article/dialogs/video/video.js
INFO: [ app_init ] --START--
INFO: Run Behavior\BuildLiteBehavior [ RunTime:0.000011s ]
INFO: [ app_init ] --END-- [ RunTime:0.000264s ]
ERR: 无法加载模块:Public

[ 2016-08-15T17:45:45+08:00 ] ::1 /TP/Public/Js/article/dialogs/map/map.js
INFO: [ app_init ] --START--
INFO: Run Behavior\BuildLiteBehavior [ RunTime:0.000011s ]
INFO: [ app_init ] --END-- [ RunTime:0.000278s ]
ERR: 无法加载模块:Public

[ 2016-08-15T17:45:45+08:00 ] ::1 /TP/Public/Js/article/dialogs/formula/formula.js
INFO: [ app_init ] --START--
INFO: Run Behavior\BuildLiteBehavior [ RunTime:0.000012s ]
INFO: [ app_init ] --END-- [ RunTime:0.000299s ]
ERR: 无法加载模块:Public

[ 2016-08-15T17:45:45+08:00 ] ::1 /TP/Public/Js/article/dialogs/emotion/emotion.js
INFO: [ app_init ] --START--
INFO: Run Behavior\BuildLiteBehavior [ RunTime:0.000010s ]
INFO: [ app_init ] --END-- [ RunTime:0.000268s ]
ERR: 无法加载模块:Public

[ 2016-08-15T17:45:47+08:00 ] ::1 /TP/Public/Js/article/dialogs/link/link.js
INFO: [ app_init ] --START--
INFO: Run Behavior\BuildLiteBehavior [ RunTime:0.000009s ]
INFO: [ app_init ] --END-- [ RunTime:0.000240s ]
ERR: 无法加载模块:Public

[ 2016-08-15T17:45:47+08:00 ] ::1 /TP/Public/Js/article/dialogs/image/image.js
INFO: [ app_init ] --START--
INFO: Run Behavior\BuildLiteBehavior [ RunTime:0.000009s ]
INFO: [ app_init ] --END-- [ RunTime:0.000240s ]
ERR: 无法加载模块:Public

[ 2016-08-15T17:45:47+08:00 ] ::1 /TP/Public/Js/article/dialogs/video/video.js
INFO: [ app_init ] --START--
INFO: Run Behavior\BuildLiteBehavior [ RunTime:0.000009s ]
INFO: [ app_init ] --END-- [ RunTime:0.000242s ]
ERR: 无法加载模块:Public

[ 2016-08-15T17:45:47+08:00 ] ::1 /TP/Public/Js/article/dialogs/map/map.js
INFO: [ app_init ] --START--
INFO: Run Behavior\BuildLiteBehavior [ RunTime:0.000010s ]
INFO: [ app_init ] --END-- [ RunTime:0.000255s ]
ERR: 无法加载模块:Public

[ 2016-08-15T17:45:47+08:00 ] ::1 /TP/Public/Js/article/dialogs/formula/formula.js
INFO: [ app_init ] --START--
INFO: Run Behavior\BuildLiteBehavior [ RunTime:0.000010s ]
INFO: [ app_init ] --END-- [ RunTime:0.000251s ]
ERR: 无法加载模块:Public

[ 2016-08-15T17:45:47+08:00 ] ::1 /TP/Public/Js/article/dialogs/emotion/emotion.js
INFO: [ app_init ] --START--
INFO: Run Behavior\BuildLiteBehavior [ RunTime:0.000008s ]
INFO: [ app_init ] --END-- [ RunTime:0.000237s ]
ERR: 无法加载模块:Public

[ 2016-08-15T17:46:15+08:00 ] ::1 /TP/Public/Js/article/dialogs/link/link.js
INFO: [ app_init ] --START--
INFO: Run Behavior\BuildLiteBehavior [ RunTime:0.000008s ]
INFO: [ app_init ] --END-- [ RunTime:0.000239s ]
ERR: 无法加载模块:Public

[ 2016-08-15T17:46:15+08:00 ] ::1 /TP/Public/Js/article/dialogs/map/map.js
INFO: [ app_init ] --START--
INFO: Run Behavior\BuildLiteBehavior [ RunTime:0.000009s ]
INFO: [ app_init ] --END-- [ RunTime:0.000955s ]
ERR: 无法加载模块:Public

[ 2016-08-15T17:46:15+08:00 ] ::1 /TP/Public/Js/article/dialogs/video/video.js
INFO: [ app_init ] --START--
INFO: Run Behavior\BuildLiteBehavior [ RunTime:0.000011s ]
INFO: [ app_init ] --END-- [ RunTime:0.002447s ]
ERR: 无法加载模块:Public

[ 2016-08-15T17:46:15+08:00 ] ::1 /TP/Public/Js/article/dialogs/image/image.js
INFO: [ app_init ] --START--
INFO: Run Behavior\BuildLiteBehavior [ RunTime:0.000009s ]
INFO: [ app_init ] --END-- [ RunTime:0.000340s ]
ERR: 无法加载模块:Public

[ 2016-08-15T17:46:15+08:00 ] ::1 /TP/Public/Js/article/dialogs/formula/formula.js
INFO: [ app_init ] --START--
INFO: Run Behavior\BuildLiteBehavior [ RunTime:0.000011s ]
INFO: [ app_init ] --END-- [ RunTime:0.000312s ]
ERR: 无法加载模块:Public

[ 2016-08-15T17:46:15+08:00 ] ::1 /TP/Public/Js/article/dialogs/emotion/emotion.js
INFO: [ app_init ] --START--
INFO: Run Behavior\BuildLiteBehavior [ RunTime:0.000011s ]
INFO: [ app_init ] --END-- [ RunTime:0.000246s ]
ERR: 无法加载模块:Public

[ 2016-08-15T17:46:19+08:00 ] ::1 /TP/Public/Js/article/dialogs/link/link.js
INFO: [ app_init ] --START--
INFO: Run Behavior\BuildLiteBehavior [ RunTime:0.000011s ]
INFO: [ app_init ] --END-- [ RunTime:0.000284s ]
ERR: 无法加载模块:Public

[ 2016-08-15T17:46:19+08:00 ] ::1 /TP/Public/Js/article/dialogs/image/image.js
INFO: [ app_init ] --START--
INFO: Run Behavior\BuildLiteBehavior [ RunTime:0.000009s ]
INFO: [ app_init ] --END-- [ RunTime:0.000241s ]
ERR: 无法加载模块:Public

[ 2016-08-15T17:46:19+08:00 ] ::1 /TP/Public/Js/article/dialogs/formula/formula.js
INFO: [ app_init ] --START--
INFO: Run Behavior\BuildLiteBehavior [ RunTime:0.000009s ]
INFO: [ app_init ] --END-- [ RunTime:0.000258s ]
ERR: 无法加载模块:Public

[ 2016-08-15T17:46:19+08:00 ] ::1 /TP/Public/Js/article/dialogs/map/map.js
INFO: [ app_init ] --START--
INFO: Run Behavior\BuildLiteBehavior [ RunTime:0.000009s ]
INFO: [ app_init ] --END-- [ RunTime:0.000251s ]
ERR: 无法加载模块:Public

[ 2016-08-15T17:46:19+08:00 ] ::1 /TP/Public/Js/article/dialogs/emotion/emotion.js
INFO: [ app_init ] --START--
INFO: Run Behavior\BuildLiteBehavior [ RunTime:0.000010s ]
INFO: [ app_init ] --END-- [ RunTime:0.000296s ]
ERR: 无法加载模块:Public

[ 2016-08-15T17:46:19+08:00 ] ::1 /TP/Public/Js/article/dialogs/video/video.js
INFO: [ app_init ] --START--
INFO: Run Behavior\BuildLiteBehavior [ RunTime:0.000011s ]
INFO: [ app_init ] --END-- [ RunTime:0.000252s ]
ERR: 无法加载模块:Public

[ 2016-08-15T17:46:29+08:00 ] ::1 /TP/Public/Js/article/dialogs/link/link.js
INFO: [ app_init ] --START--
INFO: Run Behavior\BuildLiteBehavior [ RunTime:0.000014s ]
INFO: [ app_init ] --END-- [ RunTime:0.001501s ]
ERR: 无法加载模块:Public

[ 2016-08-15T17:46:29+08:00 ] ::1 /TP/Public/Js/article/dialogs/image/image.js
INFO: [ app_init ] --START--
INFO: Run Behavior\BuildLiteBehavior [ RunTime:0.000010s ]
INFO: [ app_init ] --END-- [ RunTime:0.000244s ]
ERR: 无法加载模块:Public

[ 2016-08-15T17:46:29+08:00 ] ::1 /TP/Public/Js/article/dialogs/video/video.js
INFO: [ app_init ] --START--
INFO: Run Behavior\BuildLiteBehavior [ RunTime:0.000010s ]
INFO: [ app_init ] --END-- [ RunTime:0.000253s ]
ERR: 无法加载模块:Public

[ 2016-08-15T17:46:29+08:00 ] ::1 /TP/Public/Js/article/dialogs/formula/formula.js
INFO: [ app_init ] --START--
INFO: Run Behavior\BuildLiteBehavior [ RunTime:0.000010s ]
INFO: [ app_init ] --END-- [ RunTime:0.000244s ]
ERR: 无法加载模块:Public

[ 2016-08-15T17:46:29+08:00 ] ::1 /TP/Public/Js/article/dialogs/map/map.js
INFO: [ app_init ] --START--
INFO: Run Behavior\BuildLiteBehavior [ RunTime:0.000016s ]
INFO: [ app_init ] --END-- [ RunTime:0.001880s ]
ERR: 无法加载模块:Public

[ 2016-08-15T17:46:29+08:00 ] ::1 /TP/Public/Js/article/dialogs/emotion/emotion.js
INFO: [ app_init ] --START--
INFO: Run Behavior\BuildLiteBehavior [ RunTime:0.000011s ]
INFO: [ app_init ] --END-- [ RunTime:0.000284s ]
ERR: 无法加载模块:Public

[ 2016-08-15T17:46:35+08:00 ] ::1 /TP/Public/Js/article/dialogs/link/link.js
INFO: [ app_init ] --START--
INFO: Run Behavior\BuildLiteBehavior [ RunTime:0.000010s ]
INFO: [ app_init ] --END-- [ RunTime:0.000250s ]
ERR: 无法加载模块:Public

[ 2016-08-15T17:46:35+08:00 ] ::1 /TP/Public/Js/article/dialogs/video/video.js
INFO: [ app_init ] --START--
INFO: Run Behavior\BuildLiteBehavior [ RunTime:0.000010s ]
INFO: [ app_init ] --END-- [ RunTime:0.000261s ]
ERR: 无法加载模块:Public

[ 2016-08-15T17:46:35+08:00 ] ::1 /TP/Public/Js/article/dialogs/map/map.js
INFO: [ app_init ] --START--
INFO: Run Behavior\BuildLiteBehavior [ RunTime:0.000009s ]
INFO: [ app_init ] --END-- [ RunTime:0.000239s ]
ERR: 无法加载模块:Public

[ 2016-08-15T17:46:35+08:00 ] ::1 /TP/Public/Js/article/dialogs/formula/formula.js
INFO: [ app_init ] --START--
INFO: Run Behavior\BuildLiteBehavior [ RunTime:0.000011s ]
INFO: [ app_init ] --END-- [ RunTime:0.000263s ]
ERR: 无法加载模块:Public

[ 2016-08-15T17:46:35+08:00 ] ::1 /TP/Public/Js/article/dialogs/emotion/emotion.js
INFO: [ app_init ] --START--
INFO: Run Behavior\BuildLiteBehavior [ RunTime:0.000011s ]
INFO: [ app_init ] --END-- [ RunTime:0.000292s ]
ERR: 无法加载模块:Public

[ 2016-08-15T17:46:35+08:00 ] ::1 /TP/Public/Js/article/dialogs/image/image.js
INFO: [ app_init ] --START--
INFO: Run Behavior\BuildLiteBehavior [ RunTime:0.000010s ]
INFO: [ app_init ] --END-- [ RunTime:0.000241s ]
ERR: 无法加载模块:Public

[ 2016-08-15T17:46:37+08:00 ] ::1 /TP/Public/Js/article/dialogs/link/link.js
INFO: [ app_init ] --START--
INFO: Run Behavior\BuildLiteBehavior [ RunTime:0.000008s ]
INFO: [ app_init ] --END-- [ RunTime:0.000239s ]
ERR: 无法加载模块:Public

[ 2016-08-15T17:46:37+08:00 ] ::1 /TP/Public/Js/article/dialogs/image/image.js
INFO: [ app_init ] --START--
INFO: Run Behavior\BuildLiteBehavior [ RunTime:0.000010s ]
INFO: [ app_init ] --END-- [ RunTime:0.000245s ]
ERR: 无法加载模块:Public

[ 2016-08-15T17:46:37+08:00 ] ::1 /TP/Public/Js/article/dialogs/video/video.js
INFO: [ app_init ] --START--
INFO: Run Behavior\BuildLiteBehavior [ RunTime:0.000008s ]
INFO: [ app_init ] --END-- [ RunTime:0.000247s ]
ERR: 无法加载模块:Public

[ 2016-08-15T17:46:37+08:00 ] ::1 /TP/Public/Js/article/dialogs/map/map.js
INFO: [ app_init ] --START--
INFO: Run Behavior\BuildLiteBehavior [ RunTime:0.000010s ]
INFO: [ app_init ] --END-- [ RunTime:0.000245s ]
ERR: 无法加载模块:Public

[ 2016-08-15T17:46:37+08:00 ] ::1 /TP/Public/Js/article/dialogs/formula/formula.js
INFO: [ app_init ] --START--
INFO: Run Behavior\BuildLiteBehavior [ RunTime:0.000010s ]
INFO: [ app_init ] --END-- [ RunTime:0.000250s ]
ERR: 无法加载模块:Public

[ 2016-08-15T17:46:37+08:00 ] ::1 /TP/Public/Js/article/dialogs/emotion/emotion.js
INFO: [ app_init ] --START--
INFO: Run Behavior\BuildLiteBehavior [ RunTime:0.000011s ]
INFO: [ app_init ] --END-- [ RunTime:0.000272s ]
ERR: 无法加载模块:Public

