[ 2020-07-17T12:50:34+08:00 ] 127.0.0.1 /TP/Public/Image/images/201812251339448471.jpg
INFO: [ app_init ] --START--
INFO: Run Behavior\BuildLiteBehavior [ RunTime:0.000000s ]
INFO: [ app_init ] --END-- [ RunTime:0.001000s ]
ERR: 无法加载模块:TP

[ 2020-07-17T12:50:34+08:00 ] 127.0.0.1 /TP/Public/Image/images/20190107115122734.jpg
INFO: [ app_init ] --START--
INFO: Run Behavior\BuildLiteBehavior [ RunTime:0.000000s ]
INFO: [ app_init ] --END-- [ RunTime:0.000000s ]
ERR: 无法加载模块:TP

[ 2020-07-17T12:50:34+08:00 ] 127.0.0.1 /TP/Public/Image/images/201901071152375169.jpg
INFO: [ app_init ] --START--
INFO: Run Behavior\BuildLiteBehavior [ RunTime:0.000000s ]
INFO: [ app_init ] --END-- [ RunTime:0.000000s ]
ERR: 无法加载模块:TP

[ 2020-07-17T12:50:34+08:00 ] 127.0.0.1 /TP/Public/Image/images/201901071154264103.jpg
INFO: [ app_init ] --START--
INFO: Run Behavior\BuildLiteBehavior [ RunTime:0.000000s ]
INFO: [ app_init ] --END-- [ RunTime:0.000000s ]
ERR: 无法加载模块:TP

[ 2020-07-17T12:50:34+08:00 ] 127.0.0.1 /TP/Public/Image/images/201902181117576120.jpg
INFO: [ app_init ] --START--
INFO: Run Behavior\BuildLiteBehavior [ RunTime:0.000000s ]
INFO: [ app_init ] --END-- [ RunTime:0.000000s ]
ERR: 无法加载模块:TP

[ 2020-07-17T12:50:34+08:00 ] 127.0.0.1 /TP/Public/Image/images/201904011633222782.jpg
INFO: [ app_init ] --START--
INFO: Run Behavior\BuildLiteBehavior [ RunTime:0.000000s ]
INFO: [ app_init ] --END-- [ RunTime:0.000000s ]
ERR: 无法加载模块:TP

[ 2020-07-17T12:50:34+08:00 ] 127.0.0.1 /TP/Public/Image/images/202005081538478556.jpeg
INFO: [ app_init ] --START--
INFO: Run Behavior\BuildLiteBehavior [ RunTime:0.000000s ]
INFO: [ app_init ] --END-- [ RunTime:0.001000s ]
ERR: 无法加载模块:TP

[ 2020-07-17T12:50:35+08:00 ] 127.0.0.1 /TP/Public/Image/images/201901071118366692.jpg
INFO: [ app_init ] --START--
INFO: Run Behavior\BuildLiteBehavior [ RunTime:0.000000s ]
INFO: [ app_init ] --END-- [ RunTime:0.000000s ]
ERR: 无法加载模块:TP

[ 2020-07-17T12:50:35+08:00 ] 127.0.0.1 /TP/Public/Image/images/201901071149419194.jpeg
INFO: [ app_init ] --START--
INFO: Run Behavior\BuildLiteBehavior [ RunTime:0.000000s ]
INFO: [ app_init ] --END-- [ RunTime:0.000000s ]
ERR: 无法加载模块:TP

[ 2020-07-17T12:50:35+08:00 ] 127.0.0.1 /TP/Public/Image/images/201812261557312967.jpg
INFO: [ app_init ] --START--
INFO: Run Behavior\BuildLiteBehavior [ RunTime:0.000000s ]
INFO: [ app_init ] --END-- [ RunTime:0.001000s ]
ERR: 无法加载模块:TP

[ 2020-07-17T12:50:35+08:00 ] 127.0.0.1 /TP/Public/Image/images/201901040949179166.jpg
INFO: [ app_init ] --START--
INFO: Run Behavior\BuildLiteBehavior [ RunTime:0.000000s ]
INFO: [ app_init ] --END-- [ RunTime:0.001000s ]
ERR: 无法加载模块:TP

[ 2020-07-17T12:50:35+08:00 ] 127.0.0.1 /TP/Public/Image/images/20181210170009985.jpg
INFO: [ app_init ] --START--
INFO: Run Behavior\BuildLiteBehavior [ RunTime:0.000000s ]
INFO: [ app_init ] --END-- [ RunTime:0.000000s ]
ERR: 无法加载模块:TP

[ 2020-07-17T12:50:36+08:00 ] 127.0.0.1 /favicon.ico
INFO: [ app_init ] --START--
INFO: Run Behavior\BuildLiteBehavior [ RunTime:0.000000s ]
INFO: [ app_init ] --END-- [ RunTime:0.000000s ]
ERR: 无法加载模块:Favicon

[ 2020-07-17T17:19:52+08:00 ] 127.0.0.1 /favicon.ico
INFO: [ app_init ] --START--
INFO: Run Behavior\BuildLiteBehavior [ RunTime:0.000000s ]
INFO: [ app_init ] --END-- [ RunTime:0.000000s ]
ERR: 无法加载模块:Favicon

[ 2020-07-17T17:22:57+08:00 ] 127.0.0.1 /P/Public/Image/images/20181210170009985.jpg
INFO: [ app_init ] --START--
INFO: Run Behavior\BuildLiteBehavior [ RunTime:0.000000s ]
INFO: [ app_init ] --END-- [ RunTime:0.001000s ]
ERR: 无法加载模块:P

[ 2020-07-17T17:22:57+08:00 ] 127.0.0.1 /P/Public/Image/images/201901040949179166.jpg
INFO: [ app_init ] --START--
INFO: Run Behavior\BuildLiteBehavior [ RunTime:0.000000s ]
INFO: [ app_init ] --END-- [ RunTime:0.001000s ]
ERR: 无法加载模块:P

[ 2020-07-17T17:22:57+08:00 ] 127.0.0.1 /P/Public/Image/images/201812261557312967.jpg
INFO: [ app_init ] --START--
INFO: Run Behavior\BuildLiteBehavior [ RunTime:0.000000s ]
INFO: [ app_init ] --END-- [ RunTime:0.000000s ]
ERR: 无法加载模块:P

[ 2020-07-17T17:22:57+08:00 ] 127.0.0.1 /P/Public/Image/images/201901071154264103.jpg
INFO: [ app_init ] --START--
INFO: Run Behavior\BuildLiteBehavior [ RunTime:0.000000s ]
INFO: [ app_init ] --END-- [ RunTime:0.000000s ]
ERR: 无法加载模块:P

[ 2020-07-17T17:22:57+08:00 ] 127.0.0.1 /P/Public/Image/images/201902181117576120.jpg
INFO: [ app_init ] --START--
INFO: Run Behavior\BuildLiteBehavior [ RunTime:0.000000s ]
INFO: [ app_init ] --END-- [ RunTime:0.001000s ]
ERR: 无法加载模块:P

[ 2020-07-17T17:22:57+08:00 ] 127.0.0.1 /P/Public/Image/images/201904011633222782.jpg
INFO: [ app_init ] --START--
INFO: Run Behavior\BuildLiteBehavior [ RunTime:0.000000s ]
INFO: [ app_init ] --END-- [ RunTime:0.000000s ]
ERR: 无法加载模块:P

[ 2020-07-17T17:22:57+08:00 ] 127.0.0.1 /P/Public/Image/images/202005081538478556.jpeg
INFO: [ app_init ] --START--
INFO: Run Behavior\BuildLiteBehavior [ RunTime:0.000000s ]
INFO: [ app_init ] --END-- [ RunTime:0.000000s ]
ERR: 无法加载模块:P

[ 2020-07-17T17:22:58+08:00 ] 127.0.0.1 /P/Public/Image/images/201812251339448471.jpg
INFO: [ app_init ] --START--
INFO: Run Behavior\BuildLiteBehavior [ RunTime:0.000000s ]
INFO: [ app_init ] --END-- [ RunTime:0.000000s ]
ERR: 无法加载模块:P

[ 2020-07-17T17:22:58+08:00 ] 127.0.0.1 /P/Public/Image/images/201901071118366692.jpg
INFO: [ app_init ] --START--
INFO: Run Behavior\BuildLiteBehavior [ RunTime:0.000000s ]
INFO: [ app_init ] --END-- [ RunTime:0.001000s ]
ERR: 无法加载模块:P

[ 2020-07-17T17:22:58+08:00 ] 127.0.0.1 /P/Public/Image/images/20190107115122734.jpg
INFO: [ app_init ] --START--
INFO: Run Behavior\BuildLiteBehavior [ RunTime:0.000000s ]
INFO: [ app_init ] --END-- [ RunTime:0.000000s ]
ERR: 无法加载模块:P

[ 2020-07-17T17:22:58+08:00 ] 127.0.0.1 /P/Public/Image/images/201901071152375169.jpg
INFO: [ app_init ] --START--
INFO: Run Behavior\BuildLiteBehavior [ RunTime:0.000000s ]
INFO: [ app_init ] --END-- [ RunTime:0.000000s ]
ERR: 无法加载模块:P

[ 2020-07-17T17:22:58+08:00 ] 127.0.0.1 /P/Public/Image/images/201901071149419194.jpeg
INFO: [ app_init ] --START--
INFO: Run Behavior\BuildLiteBehavior [ RunTime:0.000000s ]
INFO: [ app_init ] --END-- [ RunTime:0.000000s ]
ERR: 无法加载模块:P

[ 2020-07-17T17:28:02+08:00 ] 127.0.0.1 /Public/images/top_add.gif
INFO: [ app_init ] --START--
INFO: Run Behavior\BuildLiteBehavior [ RunTime:0.000000s ]
INFO: [ app_init ] --END-- [ RunTime:0.000000s ]
ERR: 无法加载模块:Public

