[ 2016-08-03T09:20:06+08:00 ] ::1 /TP/admin
INFO: [ app_init ] --START--
INFO: Run Behavior\BuildLiteBehavior [ RunTime:0.000009s ]
INFO: [ app_init ] --END-- [ RunTime:0.000234s ]
INFO: [ app_begin ] --START--
INFO: Run Behavior\ReadHtmlCacheBehavior [ RunTime:0.000350s ]
INFO: [ app_begin ] --END-- [ RunTime:0.000396s ]
INFO: [ view_parse ] --START--
INFO: [ template_filter ] --START--
INFO: Run Behavior\ContentReplaceBehavior [ RunTime:0.000039s ]
INFO: [ template_filter ] --END-- [ RunTime:0.000079s ]
INFO: Run Behavior\ParseTemplateBehavior [ RunTime:0.020388s ]
INFO: [ view_parse ] --END-- [ RunTime:0.020436s ]
INFO: [ view_filter ] --START--
INFO: Run Behavior\WriteHtmlCacheBehavior [ RunTime:0.000193s ]
INFO: [ view_filter ] --END-- [ RunTime:0.000218s ]

[ 2016-08-03T09:20:08+08:00 ] ::1 /TP/Admin/Admin/login.html
INFO: [ app_init ] --START--
INFO: Run Behavior\BuildLiteBehavior [ RunTime:0.000008s ]
INFO: [ app_init ] --END-- [ RunTime:0.000231s ]
INFO: [ app_begin ] --START--
INFO: Run Behavior\ReadHtmlCacheBehavior [ RunTime:0.000295s ]
INFO: [ app_begin ] --END-- [ RunTime:0.000328s ]
INFO: [ view_parse ] --START--
INFO: [ template_filter ] --START--
INFO: Run Behavior\ContentReplaceBehavior [ RunTime:0.000053s ]
INFO: [ template_filter ] --END-- [ RunTime:0.000093s ]
INFO: Run Behavior\ParseTemplateBehavior [ RunTime:0.014211s ]
INFO: [ view_parse ] --END-- [ RunTime:0.014252s ]
INFO: [ view_filter ] --START--
INFO: Run Behavior\WriteHtmlCacheBehavior [ RunTime:0.000156s ]
INFO: [ view_filter ] --END-- [ RunTime:0.000180s ]
INFO: [ app_end ] --START--
INFO: Run Behavior\ShowPageTraceBehavior [ RunTime:0.000297s ]
INFO: [ app_end ] --END-- [ RunTime:0.000326s ]

[ 2016-08-03T09:20:19+08:00 ] ::1 /TP/Admin/Admin/login.html
INFO: [ app_init ] --START--
INFO: Run Behavior\BuildLiteBehavior [ RunTime:0.000008s ]
INFO: [ app_init ] --END-- [ RunTime:0.000230s ]
INFO: [ app_begin ] --START--
INFO: Run Behavior\ReadHtmlCacheBehavior [ RunTime:0.000287s ]
INFO: [ app_begin ] --END-- [ RunTime:0.000321s ]
SQL: SHOW COLUMNS FROM `tp_admin` [ RunTime:0.0275s ]
SQL: SELECT * FROM `tp_admin` WHERE `user` = 'admin' AND `password` = '21232f297a57a5a743894a0e4a801fc3'  [ RunTime:0.0003s ]
INFO: [ view_parse ] --START--
INFO: [ template_filter ] --START--
INFO: Run Behavior\ContentReplaceBehavior [ RunTime:0.000041s ]
INFO: [ template_filter ] --END-- [ RunTime:0.000081s ]
INFO: Run Behavior\ParseTemplateBehavior [ RunTime:0.003464s ]
INFO: [ view_parse ] --END-- [ RunTime:0.003502s ]
INFO: [ view_filter ] --START--
INFO: Run Behavior\WriteHtmlCacheBehavior [ RunTime:0.000175s ]
INFO: [ view_filter ] --END-- [ RunTime:0.000200s ]
INFO: [ app_end ] --START--
INFO: Run Behavior\ShowPageTraceBehavior [ RunTime:0.000335s ]
INFO: [ app_end ] --END-- [ RunTime:0.000365s ]

[ 2016-08-03T09:20:21+08:00 ] ::1 /TP/Admin/Index/index.html
INFO: [ app_init ] --START--
INFO: Run Behavior\BuildLiteBehavior [ RunTime:0.000008s ]
INFO: [ app_init ] --END-- [ RunTime:0.000228s ]
INFO: [ app_begin ] --START--
INFO: Run Behavior\ReadHtmlCacheBehavior [ RunTime:0.000321s ]
INFO: [ app_begin ] --END-- [ RunTime:0.000358s ]
INFO: [ view_parse ] --START--
INFO: [ template_filter ] --START--
INFO: Run Behavior\ContentReplaceBehavior [ RunTime:0.000056s ]
INFO: [ template_filter ] --END-- [ RunTime:0.000095s ]
INFO: Run Behavior\ParseTemplateBehavior [ RunTime:0.011175s ]
INFO: [ view_parse ] --END-- [ RunTime:0.011220s ]
INFO: [ view_filter ] --START--
INFO: Run Behavior\WriteHtmlCacheBehavior [ RunTime:0.000159s ]
INFO: [ view_filter ] --END-- [ RunTime:0.000184s ]
INFO: [ app_end ] --START--
INFO: Run Behavior\ShowPageTraceBehavior [ RunTime:0.000295s ]
INFO: [ app_end ] --END-- [ RunTime:0.000321s ]

[ 2016-08-03T09:20:22+08:00 ] ::1 /TP/Admin/Index/shouye.html
INFO: [ app_init ] --START--
INFO: Run Behavior\BuildLiteBehavior [ RunTime:0.000008s ]
INFO: [ app_init ] --END-- [ RunTime:0.000237s ]
INFO: [ app_begin ] --START--
INFO: Run Behavior\ReadHtmlCacheBehavior [ RunTime:0.000297s ]
INFO: [ app_begin ] --END-- [ RunTime:0.000329s ]
INFO: [ view_parse ] --START--
INFO: [ template_filter ] --START--
INFO: Run Behavior\ContentReplaceBehavior [ RunTime:0.000060s ]
INFO: [ template_filter ] --END-- [ RunTime:0.000101s ]
INFO: Run Behavior\ParseTemplateBehavior [ RunTime:0.069188s ]
INFO: [ view_parse ] --END-- [ RunTime:0.069238s ]
INFO: [ view_filter ] --START--
INFO: Run Behavior\WriteHtmlCacheBehavior [ RunTime:0.000178s ]
INFO: [ view_filter ] --END-- [ RunTime:0.000202s ]
INFO: [ app_end ] --START--
INFO: Run Behavior\ShowPageTraceBehavior [ RunTime:0.000308s ]
INFO: [ app_end ] --END-- [ RunTime:0.000336s ]

[ 2016-08-03T09:20:25+08:00 ] ::1 /TP/Admin/ArticleCategory/index.html
INFO: [ app_init ] --START--
INFO: Run Behavior\BuildLiteBehavior [ RunTime:0.000009s ]
INFO: [ app_init ] --END-- [ RunTime:0.000236s ]
INFO: [ app_begin ] --START--
INFO: Run Behavior\ReadHtmlCacheBehavior [ RunTime:0.000293s ]
INFO: [ app_begin ] --END-- [ RunTime:0.000325s ]
SQL: SHOW COLUMNS FROM `tp_category` [ RunTime:0.0529s ]
SQL: SELECT * FROM `tp_category`  [ RunTime:0.0002s ]
INFO: [ view_parse ] --START--
INFO: [ template_filter ] --START--
INFO: Run Behavior\ContentReplaceBehavior [ RunTime:0.000041s ]
INFO: [ template_filter ] --END-- [ RunTime:0.000079s ]
NOTIC: [8] Undefined variable: page D:\wwwroot\TP\Application\Runtime\Cache\Admin\9c78777aec9662ad4f5801930dba32de.php 第 32 行.
NOTIC: [8] Undefined variable: page D:\wwwroot\TP\Application\Runtime\Cache\Admin\9c78777aec9662ad4f5801930dba32de.php 第 35 行.
INFO: Run Behavior\ParseTemplateBehavior [ RunTime:0.043863s ]
INFO: [ view_parse ] --END-- [ RunTime:0.043901s ]
INFO: [ view_filter ] --START--
INFO: Run Behavior\WriteHtmlCacheBehavior [ RunTime:0.000171s ]
INFO: [ view_filter ] --END-- [ RunTime:0.000197s ]
INFO: [ app_end ] --START--
INFO: Run Behavior\ShowPageTraceBehavior [ RunTime:0.000304s ]
INFO: [ app_end ] --END-- [ RunTime:0.000332s ]

[ 2016-08-03T09:26:53+08:00 ] ::1 /TP/Admin/Index/index.html
INFO: [ app_init ] --START--
INFO: Run Behavior\BuildLiteBehavior [ RunTime:0.000008s ]
INFO: [ app_init ] --END-- [ RunTime:0.000273s ]
INFO: [ app_begin ] --START--
INFO: Run Behavior\ReadHtmlCacheBehavior [ RunTime:0.000408s ]
INFO: [ app_begin ] --END-- [ RunTime:0.000442s ]
INFO: [ view_parse ] --START--
INFO: [ template_filter ] --START--
INFO: Run Behavior\ContentReplaceBehavior [ RunTime:0.000056s ]
INFO: [ template_filter ] --END-- [ RunTime:0.000094s ]
INFO: Run Behavior\ParseTemplateBehavior [ RunTime:0.006315s ]
INFO: [ view_parse ] --END-- [ RunTime:0.006354s ]
INFO: [ view_filter ] --START--
INFO: Run Behavior\WriteHtmlCacheBehavior [ RunTime:0.000248s ]
INFO: [ view_filter ] --END-- [ RunTime:0.000274s ]
INFO: [ app_end ] --START--
INFO: Run Behavior\ShowPageTraceBehavior [ RunTime:0.000385s ]
INFO: [ app_end ] --END-- [ RunTime:0.000413s ]

[ 2016-08-03T09:26:53+08:00 ] ::1 /TP/Admin/Index/shouye.html
INFO: [ app_init ] --START--
INFO: Run Behavior\BuildLiteBehavior [ RunTime:0.000009s ]
INFO: [ app_init ] --END-- [ RunTime:0.000286s ]
INFO: [ app_begin ] --START--
INFO: Run Behavior\ReadHtmlCacheBehavior [ RunTime:0.000428s ]
INFO: [ app_begin ] --END-- [ RunTime:0.000465s ]
INFO: [ view_parse ] --START--
INFO: [ template_filter ] --START--
INFO: Run Behavior\ContentReplaceBehavior [ RunTime:0.000063s ]
INFO: [ template_filter ] --END-- [ RunTime:0.000109s ]
INFO: Run Behavior\ParseTemplateBehavior [ RunTime:0.004949s ]
INFO: [ view_parse ] --END-- [ RunTime:0.004988s ]
INFO: [ view_filter ] --START--
INFO: Run Behavior\WriteHtmlCacheBehavior [ RunTime:0.000253s ]
INFO: [ view_filter ] --END-- [ RunTime:0.000278s ]
INFO: [ app_end ] --START--
INFO: Run Behavior\ShowPageTraceBehavior [ RunTime:0.000395s ]
INFO: [ app_end ] --END-- [ RunTime:0.000424s ]

[ 2016-08-03T09:26:55+08:00 ] ::1 /TP/Admin/ArticleCategory/index.html
INFO: [ app_init ] --START--
INFO: Run Behavior\BuildLiteBehavior [ RunTime:0.000015s ]
INFO: [ app_init ] --END-- [ RunTime:0.000352s ]
INFO: [ app_begin ] --START--
INFO: Run Behavior\ReadHtmlCacheBehavior [ RunTime:0.000329s ]
INFO: [ app_begin ] --END-- [ RunTime:0.000370s ]

[ 2016-08-03T09:27:10+08:00 ] ::1 /TP/Admin/Index/index.html
INFO: [ app_init ] --START--
INFO: Run Behavior\BuildLiteBehavior [ RunTime:0.000010s ]
INFO: [ app_init ] --END-- [ RunTime:0.000251s ]
INFO: [ app_begin ] --START--
INFO: Run Behavior\ReadHtmlCacheBehavior [ RunTime:0.000302s ]
INFO: [ app_begin ] --END-- [ RunTime:0.000336s ]
INFO: [ view_parse ] --START--
INFO: [ template_filter ] --START--
INFO: Run Behavior\ContentReplaceBehavior [ RunTime:0.000058s ]
INFO: [ template_filter ] --END-- [ RunTime:0.000104s ]
INFO: Run Behavior\ParseTemplateBehavior [ RunTime:0.004811s ]
INFO: [ view_parse ] --END-- [ RunTime:0.004845s ]
INFO: [ view_filter ] --START--
INFO: Run Behavior\WriteHtmlCacheBehavior [ RunTime:0.000166s ]
INFO: [ view_filter ] --END-- [ RunTime:0.000191s ]
INFO: [ app_end ] --START--
INFO: Run Behavior\ShowPageTraceBehavior [ RunTime:0.000303s ]
INFO: [ app_end ] --END-- [ RunTime:0.000331s ]

[ 2016-08-03T09:27:10+08:00 ] ::1 /TP/Admin/Index/shouye.html
INFO: [ app_init ] --START--
INFO: Run Behavior\BuildLiteBehavior [ RunTime:0.000010s ]
INFO: [ app_init ] --END-- [ RunTime:0.000248s ]
INFO: [ app_begin ] --START--
INFO: Run Behavior\ReadHtmlCacheBehavior [ RunTime:0.000305s ]
INFO: [ app_begin ] --END-- [ RunTime:0.000340s ]
INFO: [ view_parse ] --START--
INFO: [ template_filter ] --START--
INFO: Run Behavior\ContentReplaceBehavior [ RunTime:0.000060s ]
INFO: [ template_filter ] --END-- [ RunTime:0.000100s ]
INFO: Run Behavior\ParseTemplateBehavior [ RunTime:0.004078s ]
INFO: [ view_parse ] --END-- [ RunTime:0.004111s ]
INFO: [ view_filter ] --START--
INFO: Run Behavior\WriteHtmlCacheBehavior [ RunTime:0.000154s ]
INFO: [ view_filter ] --END-- [ RunTime:0.000178s ]
INFO: [ app_end ] --START--
INFO: Run Behavior\ShowPageTraceBehavior [ RunTime:0.000295s ]
INFO: [ app_end ] --END-- [ RunTime:0.000323s ]

[ 2016-08-03T09:27:11+08:00 ] ::1 /TP/Admin/ArticleCategory/index.html
INFO: [ app_init ] --START--
INFO: Run Behavior\BuildLiteBehavior [ RunTime:0.000011s ]
INFO: [ app_init ] --END-- [ RunTime:0.000250s ]
INFO: [ app_begin ] --START--
INFO: Run Behavior\ReadHtmlCacheBehavior [ RunTime:0.000304s ]
INFO: [ app_begin ] --END-- [ RunTime:0.000339s ]

[ 2016-08-03T09:28:19+08:00 ] ::1 /TP/Admin/Index/index.html
INFO: [ app_init ] --START--
INFO: Run Behavior\BuildLiteBehavior [ RunTime:0.000010s ]
INFO: [ app_init ] --END-- [ RunTime:0.000291s ]
INFO: [ app_begin ] --START--
INFO: Run Behavior\ReadHtmlCacheBehavior [ RunTime:0.000340s ]
INFO: [ app_begin ] --END-- [ RunTime:0.000382s ]
INFO: [ view_parse ] --START--
INFO: [ template_filter ] --START--
INFO: Run Behavior\ContentReplaceBehavior [ RunTime:0.000053s ]
INFO: [ template_filter ] --END-- [ RunTime:0.000084s ]
INFO: Run Behavior\ParseTemplateBehavior [ RunTime:0.003986s ]
INFO: [ view_parse ] --END-- [ RunTime:0.004019s ]
INFO: [ view_filter ] --START--
INFO: Run Behavior\WriteHtmlCacheBehavior [ RunTime:0.000153s ]
INFO: [ view_filter ] --END-- [ RunTime:0.000179s ]
INFO: [ app_end ] --START--
INFO: Run Behavior\ShowPageTraceBehavior [ RunTime:0.000292s ]
INFO: [ app_end ] --END-- [ RunTime:0.000318s ]

[ 2016-08-03T09:28:19+08:00 ] ::1 /TP/Admin/Index/shouye.html
INFO: [ app_init ] --START--
INFO: Run Behavior\BuildLiteBehavior [ RunTime:0.000009s ]
INFO: [ app_init ] --END-- [ RunTime:0.000235s ]
INFO: [ app_begin ] --START--
INFO: Run Behavior\ReadHtmlCacheBehavior [ RunTime:0.000302s ]
INFO: [ app_begin ] --END-- [ RunTime:0.000336s ]
INFO: [ view_parse ] --START--
INFO: [ template_filter ] --START--
INFO: Run Behavior\ContentReplaceBehavior [ RunTime:0.000060s ]
INFO: [ template_filter ] --END-- [ RunTime:0.000097s ]
INFO: Run Behavior\ParseTemplateBehavior [ RunTime:0.004100s ]
INFO: [ view_parse ] --END-- [ RunTime:0.004133s ]
INFO: [ view_filter ] --START--
INFO: Run Behavior\WriteHtmlCacheBehavior [ RunTime:0.000156s ]
INFO: [ view_filter ] --END-- [ RunTime:0.000180s ]
INFO: [ app_end ] --START--
INFO: Run Behavior\ShowPageTraceBehavior [ RunTime:0.000296s ]
INFO: [ app_end ] --END-- [ RunTime:0.000324s ]

[ 2016-08-03T09:28:20+08:00 ] ::1 /TP/Admin/ArticleCategory/index.html
INFO: [ app_init ] --START--
INFO: Run Behavior\BuildLiteBehavior [ RunTime:0.000008s ]
INFO: [ app_init ] --END-- [ RunTime:0.000229s ]
INFO: [ app_begin ] --START--
INFO: Run Behavior\ReadHtmlCacheBehavior [ RunTime:0.000289s ]
INFO: [ app_begin ] --END-- [ RunTime:0.000322s ]

[ 2016-08-03T09:30:05+08:00 ] ::1 /TP/Admin/Index/index.html
INFO: [ app_init ] --START--
INFO: Run Behavior\BuildLiteBehavior [ RunTime:0.000011s ]
INFO: [ app_init ] --END-- [ RunTime:0.000300s ]
INFO: [ app_begin ] --START--
INFO: Run Behavior\ReadHtmlCacheBehavior [ RunTime:0.000419s ]
INFO: [ app_begin ] --END-- [ RunTime:0.000454s ]
INFO: [ view_parse ] --START--
INFO: [ template_filter ] --START--
INFO: Run Behavior\ContentReplaceBehavior [ RunTime:0.000053s ]
INFO: [ template_filter ] --END-- [ RunTime:0.000084s ]
INFO: Run Behavior\ParseTemplateBehavior [ RunTime:0.004487s ]
INFO: [ view_parse ] --END-- [ RunTime:0.004521s ]
INFO: [ view_filter ] --START--
INFO: Run Behavior\WriteHtmlCacheBehavior [ RunTime:0.000246s ]
INFO: [ view_filter ] --END-- [ RunTime:0.000272s ]
INFO: [ app_end ] --START--
INFO: Run Behavior\ShowPageTraceBehavior [ RunTime:0.000384s ]
INFO: [ app_end ] --END-- [ RunTime:0.000414s ]

[ 2016-08-03T09:30:06+08:00 ] ::1 /TP/Admin/Index/shouye.html
INFO: [ app_init ] --START--
INFO: Run Behavior\BuildLiteBehavior [ RunTime:0.000011s ]
INFO: [ app_init ] --END-- [ RunTime:0.000257s ]
INFO: [ app_begin ] --START--
INFO: Run Behavior\ReadHtmlCacheBehavior [ RunTime:0.000311s ]
INFO: [ app_begin ] --END-- [ RunTime:0.000346s ]
INFO: [ view_parse ] --START--
INFO: [ template_filter ] --START--
INFO: Run Behavior\ContentReplaceBehavior [ RunTime:0.000060s ]
INFO: [ template_filter ] --END-- [ RunTime:0.000102s ]
INFO: Run Behavior\ParseTemplateBehavior [ RunTime:0.004218s ]
INFO: [ view_parse ] --END-- [ RunTime:0.004254s ]
INFO: [ view_filter ] --START--
INFO: Run Behavior\WriteHtmlCacheBehavior [ RunTime:0.000156s ]
INFO: [ view_filter ] --END-- [ RunTime:0.000181s ]
INFO: [ app_end ] --START--
INFO: Run Behavior\ShowPageTraceBehavior [ RunTime:0.000298s ]
INFO: [ app_end ] --END-- [ RunTime:0.000326s ]

[ 2016-08-03T09:30:07+08:00 ] ::1 /TP/Admin/ArticleCategory/index.html
INFO: [ app_init ] --START--
INFO: Run Behavior\BuildLiteBehavior [ RunTime:0.000010s ]
INFO: [ app_init ] --END-- [ RunTime:0.000273s ]
INFO: [ app_begin ] --START--
INFO: Run Behavior\ReadHtmlCacheBehavior [ RunTime:0.000303s ]
INFO: [ app_begin ] --END-- [ RunTime:0.000336s ]

[ 2016-08-03T09:30:31+08:00 ] ::1 /TP/Admin/Index/index.html
INFO: [ app_init ] --START--
INFO: Run Behavior\BuildLiteBehavior [ RunTime:0.000010s ]
INFO: [ app_init ] --END-- [ RunTime:0.000238s ]
INFO: [ app_begin ] --START--
INFO: Run Behavior\ReadHtmlCacheBehavior [ RunTime:0.000303s ]
INFO: [ app_begin ] --END-- [ RunTime:0.000336s ]
INFO: [ view_parse ] --START--
INFO: [ template_filter ] --START--
INFO: Run Behavior\ContentReplaceBehavior [ RunTime:0.000052s ]
INFO: [ template_filter ] --END-- [ RunTime:0.000083s ]
INFO: Run Behavior\ParseTemplateBehavior [ RunTime:0.003965s ]
INFO: [ view_parse ] --END-- [ RunTime:0.003998s ]
INFO: [ view_filter ] --START--
INFO: Run Behavior\WriteHtmlCacheBehavior [ RunTime:0.000152s ]
INFO: [ view_filter ] --END-- [ RunTime:0.000177s ]
INFO: [ app_end ] --START--
INFO: Run Behavior\ShowPageTraceBehavior [ RunTime:0.000291s ]
INFO: [ app_end ] --END-- [ RunTime:0.000318s ]

[ 2016-08-03T09:30:31+08:00 ] ::1 /TP/Admin/Index/shouye.html
INFO: [ app_init ] --START--
INFO: Run Behavior\BuildLiteBehavior [ RunTime:0.000010s ]
INFO: [ app_init ] --END-- [ RunTime:0.000247s ]
INFO: [ app_begin ] --START--
INFO: Run Behavior\ReadHtmlCacheBehavior [ RunTime:0.000302s ]
INFO: [ app_begin ] --END-- [ RunTime:0.000336s ]
INFO: [ view_parse ] --START--
INFO: [ template_filter ] --START--
INFO: Run Behavior\ContentReplaceBehavior [ RunTime:0.000058s ]
INFO: [ template_filter ] --END-- [ RunTime:0.000093s ]
INFO: Run Behavior\ParseTemplateBehavior [ RunTime:0.003963s ]
INFO: [ view_parse ] --END-- [ RunTime:0.003996s ]
INFO: [ view_filter ] --START--
INFO: Run Behavior\WriteHtmlCacheBehavior [ RunTime:0.000152s ]
INFO: [ view_filter ] --END-- [ RunTime:0.000176s ]
INFO: [ app_end ] --START--
INFO: Run Behavior\ShowPageTraceBehavior [ RunTime:0.000300s ]
INFO: [ app_end ] --END-- [ RunTime:0.000327s ]

[ 2016-08-03T09:30:48+08:00 ] ::1 /TP/Admin/Index/index.html
INFO: [ app_init ] --START--
INFO: Run Behavior\BuildLiteBehavior [ RunTime:0.000012s ]
INFO: [ app_init ] --END-- [ RunTime:0.001303s ]
INFO: [ app_begin ] --START--
INFO: Run Behavior\ReadHtmlCacheBehavior [ RunTime:0.000602s ]
INFO: [ app_begin ] --END-- [ RunTime:0.000652s ]
INFO: [ view_parse ] --START--
INFO: [ template_filter ] --START--
INFO: Run Behavior\ContentReplaceBehavior [ RunTime:0.000055s ]
INFO: [ template_filter ] --END-- [ RunTime:0.000090s ]
INFO: Run Behavior\ParseTemplateBehavior [ RunTime:0.004583s ]
INFO: [ view_parse ] --END-- [ RunTime:0.004620s ]
INFO: [ view_filter ] --START--
INFO: Run Behavior\WriteHtmlCacheBehavior [ RunTime:0.000242s ]
INFO: [ view_filter ] --END-- [ RunTime:0.000267s ]
INFO: [ app_end ] --START--
INFO: Run Behavior\ShowPageTraceBehavior [ RunTime:0.000376s ]
INFO: [ app_end ] --END-- [ RunTime:0.000404s ]

[ 2016-08-03T09:30:48+08:00 ] ::1 /TP/Admin/Index/shouye.html
INFO: [ app_init ] --START--
INFO: Run Behavior\BuildLiteBehavior [ RunTime:0.000010s ]
INFO: [ app_init ] --END-- [ RunTime:0.000246s ]
INFO: [ app_begin ] --START--
INFO: Run Behavior\ReadHtmlCacheBehavior [ RunTime:0.000322s ]
INFO: [ app_begin ] --END-- [ RunTime:0.000357s ]
INFO: [ view_parse ] --START--
INFO: [ template_filter ] --START--
INFO: Run Behavior\ContentReplaceBehavior [ RunTime:0.000061s ]
INFO: [ template_filter ] --END-- [ RunTime:0.000102s ]
INFO: Run Behavior\ParseTemplateBehavior [ RunTime:0.004148s ]
INFO: [ view_parse ] --END-- [ RunTime:0.004182s ]
INFO: [ view_filter ] --START--
INFO: Run Behavior\WriteHtmlCacheBehavior [ RunTime:0.000157s ]
INFO: [ view_filter ] --END-- [ RunTime:0.000182s ]
INFO: [ app_end ] --START--
INFO: Run Behavior\ShowPageTraceBehavior [ RunTime:0.000298s ]
INFO: [ app_end ] --END-- [ RunTime:0.000326s ]

[ 2016-08-03T09:30:50+08:00 ] ::1 /TP/Admin/ArticleCategory/index.html
INFO: [ app_init ] --START--
INFO: Run Behavior\BuildLiteBehavior [ RunTime:0.000010s ]
INFO: [ app_init ] --END-- [ RunTime:0.000246s ]
INFO: [ app_begin ] --START--
INFO: Run Behavior\ReadHtmlCacheBehavior [ RunTime:0.000319s ]
INFO: [ app_begin ] --END-- [ RunTime:0.000356s ]
SQL: SHOW COLUMNS FROM `tp_category` [ RunTime:0.0021s ]
SQL: SELECT * FROM `tp_category`  [ RunTime:0.0002s ]
INFO: [ view_parse ] --START--
INFO: [ template_filter ] --START--
INFO: Run Behavior\ContentReplaceBehavior [ RunTime:0.000040s ]
INFO: [ template_filter ] --END-- [ RunTime:0.000077s ]
NOTIC: [8] Undefined variable: page D:\wwwroot\TP\Application\Runtime\Cache\Admin\9c78777aec9662ad4f5801930dba32de.php 第 32 行.
NOTIC: [8] Undefined variable: page D:\wwwroot\TP\Application\Runtime\Cache\Admin\9c78777aec9662ad4f5801930dba32de.php 第 35 行.
INFO: Run Behavior\ParseTemplateBehavior [ RunTime:0.004251s ]
INFO: [ view_parse ] --END-- [ RunTime:0.004283s ]
INFO: [ view_filter ] --START--
INFO: Run Behavior\WriteHtmlCacheBehavior [ RunTime:0.000156s ]
INFO: [ view_filter ] --END-- [ RunTime:0.000181s ]
INFO: [ app_end ] --START--
INFO: Run Behavior\ShowPageTraceBehavior [ RunTime:0.000293s ]
INFO: [ app_end ] --END-- [ RunTime:0.000320s ]

[ 2016-08-03T09:30:53+08:00 ] ::1 /TP/Admin/ArticleCategory/add.html
INFO: [ app_init ] --START--
INFO: Run Behavior\BuildLiteBehavior [ RunTime:0.000009s ]
INFO: [ app_init ] --END-- [ RunTime:0.000228s ]
INFO: [ app_begin ] --START--
INFO: Run Behavior\ReadHtmlCacheBehavior [ RunTime:0.000289s ]
INFO: [ app_begin ] --END-- [ RunTime:0.000322s ]
SQL: SHOW COLUMNS FROM `tp_category` [ RunTime:0.0021s ]
SQL: SELECT * FROM `tp_category`  [ RunTime:0.0002s ]
INFO: [ view_parse ] --START--
INFO: [ template_filter ] --START--
INFO: Run Behavior\ContentReplaceBehavior [ RunTime:0.000040s ]
INFO: [ template_filter ] --END-- [ RunTime:0.000071s ]
INFO: Run Behavior\ParseTemplateBehavior [ RunTime:0.003779s ]
INFO: [ view_parse ] --END-- [ RunTime:0.003814s ]
INFO: [ view_filter ] --START--
INFO: Run Behavior\WriteHtmlCacheBehavior [ RunTime:0.000154s ]
INFO: [ view_filter ] --END-- [ RunTime:0.000178s ]
INFO: [ app_end ] --START--
INFO: Run Behavior\ShowPageTraceBehavior [ RunTime:0.000292s ]
INFO: [ app_end ] --END-- [ RunTime:0.000320s ]

[ 2016-08-03T09:31:12+08:00 ] ::1 /TP/Admin/ArticleCategory/add.html
INFO: [ app_init ] --START--
INFO: Run Behavior\BuildLiteBehavior [ RunTime:0.000009s ]
INFO: [ app_init ] --END-- [ RunTime:0.000232s ]
INFO: [ app_begin ] --START--
INFO: Run Behavior\ReadHtmlCacheBehavior [ RunTime:0.000290s ]
INFO: [ app_begin ] --END-- [ RunTime:0.000324s ]
SQL: SHOW COLUMNS FROM `tp_category` [ RunTime:0.0021s ]
SQL: SELECT * FROM `tp_category`  [ RunTime:0.0002s ]
SQL: INSERT INTO `tp_category` (`fid`,`name`) VALUES ('0','娱乐') [ RunTime:0.0003s ]
INFO: [ view_parse ] --START--
INFO: [ template_filter ] --START--
INFO: Run Behavior\ContentReplaceBehavior [ RunTime:0.000037s ]
INFO: [ template_filter ] --END-- [ RunTime:0.000069s ]
INFO: Run Behavior\ParseTemplateBehavior [ RunTime:0.003313s ]
INFO: [ view_parse ] --END-- [ RunTime:0.003347s ]
INFO: [ view_filter ] --START--
INFO: Run Behavior\WriteHtmlCacheBehavior [ RunTime:0.000150s ]
INFO: [ view_filter ] --END-- [ RunTime:0.000174s ]
INFO: [ app_end ] --START--
INFO: Run Behavior\ShowPageTraceBehavior [ RunTime:0.000297s ]
INFO: [ app_end ] --END-- [ RunTime:0.000326s ]

[ 2016-08-03T09:31:14+08:00 ] ::1 /TP/Admin/ArticleCategory/index
INFO: [ app_init ] --START--
INFO: Run Behavior\BuildLiteBehavior [ RunTime:0.000008s ]
INFO: [ app_init ] --END-- [ RunTime:0.000227s ]
INFO: [ app_begin ] --START--
INFO: Run Behavior\ReadHtmlCacheBehavior [ RunTime:0.000383s ]
INFO: [ app_begin ] --END-- [ RunTime:0.000419s ]
SQL: SHOW COLUMNS FROM `tp_category` [ RunTime:0.0021s ]
SQL: SELECT * FROM `tp_category`  [ RunTime:0.0002s ]
INFO: [ view_parse ] --START--
INFO: [ template_filter ] --START--
INFO: Run Behavior\ContentReplaceBehavior [ RunTime:0.000039s ]
INFO: [ template_filter ] --END-- [ RunTime:0.000070s ]
NOTIC: [8] Undefined variable: page D:\wwwroot\TP\Application\Runtime\Cache\Admin\9c78777aec9662ad4f5801930dba32de.php 第 32 行.
NOTIC: [8] Undefined variable: page D:\wwwroot\TP\Application\Runtime\Cache\Admin\9c78777aec9662ad4f5801930dba32de.php 第 35 行.
INFO: Run Behavior\ParseTemplateBehavior [ RunTime:0.004066s ]
INFO: [ view_parse ] --END-- [ RunTime:0.004096s ]
INFO: [ view_filter ] --START--
INFO: Run Behavior\WriteHtmlCacheBehavior [ RunTime:0.000160s ]
INFO: [ view_filter ] --END-- [ RunTime:0.000186s ]
INFO: [ app_end ] --START--
INFO: Run Behavior\ShowPageTraceBehavior [ RunTime:0.000292s ]
INFO: [ app_end ] --END-- [ RunTime:0.000319s ]

[ 2016-08-03T11:46:24+08:00 ] ::1 /TP/Admin/Index/index.html
INFO: [ app_init ] --START--
INFO: Run Behavior\BuildLiteBehavior [ RunTime:0.000011s ]
INFO: [ app_init ] --END-- [ RunTime:0.000359s ]
INFO: [ app_begin ] --START--
INFO: Run Behavior\ReadHtmlCacheBehavior [ RunTime:0.000554s ]
INFO: [ app_begin ] --END-- [ RunTime:0.000599s ]
INFO: [ view_parse ] --START--
INFO: [ template_filter ] --START--
INFO: Run Behavior\ContentReplaceBehavior [ RunTime:0.000080s ]
INFO: [ template_filter ] --END-- [ RunTime:0.000123s ]
INFO: Run Behavior\ParseTemplateBehavior [ RunTime:0.006787s ]
INFO: [ view_parse ] --END-- [ RunTime:0.006826s ]
INFO: [ view_filter ] --START--
INFO: Run Behavior\WriteHtmlCacheBehavior [ RunTime:0.000262s ]
INFO: [ view_filter ] --END-- [ RunTime:0.000288s ]
INFO: [ app_end ] --START--
INFO: Run Behavior\ShowPageTraceBehavior [ RunTime:0.000411s ]
INFO: [ app_end ] --END-- [ RunTime:0.000440s ]

[ 2016-08-03T11:46:24+08:00 ] ::1 /TP/Admin/Index/shouye.html
INFO: [ app_init ] --START--
INFO: Run Behavior\BuildLiteBehavior [ RunTime:0.000012s ]
INFO: [ app_init ] --END-- [ RunTime:0.000310s ]
INFO: [ app_begin ] --START--
INFO: Run Behavior\ReadHtmlCacheBehavior [ RunTime:0.000356s ]
INFO: [ app_begin ] --END-- [ RunTime:0.000396s ]
INFO: [ view_parse ] --START--
INFO: [ template_filter ] --START--
INFO: Run Behavior\ContentReplaceBehavior [ RunTime:0.000063s ]
INFO: [ template_filter ] --END-- [ RunTime:0.000103s ]
INFO: Run Behavior\ParseTemplateBehavior [ RunTime:0.004221s ]
INFO: [ view_parse ] --END-- [ RunTime:0.004259s ]
INFO: [ view_filter ] --START--
INFO: Run Behavior\WriteHtmlCacheBehavior [ RunTime:0.000163s ]
INFO: [ view_filter ] --END-- [ RunTime:0.000188s ]
INFO: [ app_end ] --START--
INFO: Run Behavior\ShowPageTraceBehavior [ RunTime:0.000311s ]
INFO: [ app_end ] --END-- [ RunTime:0.000340s ]

[ 2016-08-03T11:46:26+08:00 ] ::1 /TP/Admin/ArticleCategory/index.html
INFO: [ app_init ] --START--
INFO: Run Behavior\BuildLiteBehavior [ RunTime:0.000010s ]
INFO: [ app_init ] --END-- [ RunTime:0.000248s ]
INFO: [ app_begin ] --START--
INFO: Run Behavior\ReadHtmlCacheBehavior [ RunTime:0.000315s ]
INFO: [ app_begin ] --END-- [ RunTime:0.000352s ]
SQL: SHOW COLUMNS FROM `tp_category` [ RunTime:0.0025s ]
SQL: SELECT * FROM `tp_category`  [ RunTime:0.0003s ]
INFO: [ view_parse ] --START--
INFO: [ template_filter ] --START--
INFO: Run Behavior\ContentReplaceBehavior [ RunTime:0.000047s ]
INFO: [ template_filter ] --END-- [ RunTime:0.000093s ]
NOTIC: [8] Undefined variable: page D:\wwwroot\TP\Application\Runtime\Cache\Admin\9c78777aec9662ad4f5801930dba32de.php 第 32 行.
NOTIC: [8] Undefined variable: page D:\wwwroot\TP\Application\Runtime\Cache\Admin\9c78777aec9662ad4f5801930dba32de.php 第 35 行.
INFO: Run Behavior\ParseTemplateBehavior [ RunTime:0.006549s ]
INFO: [ view_parse ] --END-- [ RunTime:0.006585s ]
INFO: [ view_filter ] --START--
INFO: Run Behavior\WriteHtmlCacheBehavior [ RunTime:0.000207s ]
INFO: [ view_filter ] --END-- [ RunTime:0.000233s ]
INFO: [ app_end ] --START--
INFO: Run Behavior\ShowPageTraceBehavior [ RunTime:0.000352s ]
INFO: [ app_end ] --END-- [ RunTime:0.000383s ]

[ 2016-08-03T11:46:29+08:00 ] ::1 /TP/Admin/ArticleCategory/add.html
INFO: [ app_init ] --START--
INFO: Run Behavior\BuildLiteBehavior [ RunTime:0.000010s ]
INFO: [ app_init ] --END-- [ RunTime:0.000271s ]
INFO: [ app_begin ] --START--
INFO: Run Behavior\ReadHtmlCacheBehavior [ RunTime:0.000340s ]
INFO: [ app_begin ] --END-- [ RunTime:0.000380s ]
SQL: SHOW COLUMNS FROM `tp_category` [ RunTime:0.0022s ]
SQL: SELECT * FROM `tp_category`  [ RunTime:0.0002s ]
INFO: [ view_parse ] --START--
INFO: [ template_filter ] --START--
INFO: Run Behavior\ContentReplaceBehavior [ RunTime:0.000043s ]
INFO: [ template_filter ] --END-- [ RunTime:0.000080s ]
INFO: Run Behavior\ParseTemplateBehavior [ RunTime:0.004752s ]
INFO: [ view_parse ] --END-- [ RunTime:0.004788s ]
INFO: [ view_filter ] --START--
INFO: Run Behavior\WriteHtmlCacheBehavior [ RunTime:0.000167s ]
INFO: [ view_filter ] --END-- [ RunTime:0.000194s ]
INFO: [ app_end ] --START--
INFO: Run Behavior\ShowPageTraceBehavior [ RunTime:0.000329s ]
INFO: [ app_end ] --END-- [ RunTime:0.000358s ]

[ 2016-08-03T16:37:16+08:00 ] ::1 /TP/admin
INFO: [ app_init ] --START--
INFO: Run Behavior\BuildLiteBehavior [ RunTime:0.000011s ]
INFO: [ app_init ] --END-- [ RunTime:0.000307s ]
INFO: [ app_begin ] --START--
INFO: Run Behavior\ReadHtmlCacheBehavior [ RunTime:0.000812s ]
INFO: [ app_begin ] --END-- [ RunTime:0.000870s ]
INFO: [ view_parse ] --START--
INFO: [ template_filter ] --START--
INFO: Run Behavior\ContentReplaceBehavior [ RunTime:0.000039s ]
INFO: [ template_filter ] --END-- [ RunTime:0.000077s ]
INFO: Run Behavior\ParseTemplateBehavior [ RunTime:0.004032s ]
INFO: [ view_parse ] --END-- [ RunTime:0.004069s ]
INFO: [ view_filter ] --START--
INFO: Run Behavior\WriteHtmlCacheBehavior [ RunTime:0.000242s ]
INFO: [ view_filter ] --END-- [ RunTime:0.000268s ]

[ 2016-08-03T16:37:18+08:00 ] ::1 /TP/Admin/Admin/login.html
INFO: [ app_init ] --START--
INFO: Run Behavior\BuildLiteBehavior [ RunTime:0.000009s ]
INFO: [ app_init ] --END-- [ RunTime:0.000277s ]
INFO: [ app_begin ] --START--
INFO: Run Behavior\ReadHtmlCacheBehavior [ RunTime:0.000409s ]
INFO: [ app_begin ] --END-- [ RunTime:0.000461s ]
INFO: [ view_parse ] --START--
INFO: [ template_filter ] --START--
INFO: Run Behavior\ContentReplaceBehavior [ RunTime:0.000052s ]
INFO: [ template_filter ] --END-- [ RunTime:0.000090s ]
INFO: Run Behavior\ParseTemplateBehavior [ RunTime:0.003798s ]
INFO: [ view_parse ] --END-- [ RunTime:0.003841s ]
INFO: [ view_filter ] --START--
INFO: Run Behavior\WriteHtmlCacheBehavior [ RunTime:0.000155s ]
INFO: [ view_filter ] --END-- [ RunTime:0.000179s ]
INFO: [ app_end ] --START--
INFO: Run Behavior\ShowPageTraceBehavior [ RunTime:0.000399s ]
INFO: [ app_end ] --END-- [ RunTime:0.000427s ]

[ 2016-08-03T16:37:27+08:00 ] ::1 /TP/Admin/Admin/login.html
INFO: [ app_init ] --START--
INFO: Run Behavior\BuildLiteBehavior [ RunTime:0.000009s ]
INFO: [ app_init ] --END-- [ RunTime:0.000237s ]
INFO: [ app_begin ] --START--
INFO: Run Behavior\ReadHtmlCacheBehavior [ RunTime:0.000291s ]
INFO: [ app_begin ] --END-- [ RunTime:0.000325s ]
SQL: SHOW COLUMNS FROM `tp_admin` [ RunTime:0.0029s ]
SQL: SELECT * FROM `tp_admin` WHERE `user` = 'admin' AND `password` = '21232f297a57a5a743894a0e4a801fc3'  [ RunTime:0.0003s ]
INFO: [ view_parse ] --START--
INFO: [ template_filter ] --START--
INFO: Run Behavior\ContentReplaceBehavior [ RunTime:0.000178s ]
INFO: [ template_filter ] --END-- [ RunTime:0.000357s ]
INFO: Run Behavior\ParseTemplateBehavior [ RunTime:0.003790s ]
INFO: [ view_parse ] --END-- [ RunTime:0.003826s ]
INFO: [ view_filter ] --START--
INFO: Run Behavior\WriteHtmlCacheBehavior [ RunTime:0.000163s ]
INFO: [ view_filter ] --END-- [ RunTime:0.000188s ]
INFO: [ app_end ] --START--
INFO: Run Behavior\ShowPageTraceBehavior [ RunTime:0.000321s ]
INFO: [ app_end ] --END-- [ RunTime:0.000349s ]

[ 2016-08-03T16:37:29+08:00 ] ::1 /TP/Admin/Index/index.html
INFO: [ app_init ] --START--
INFO: Run Behavior\BuildLiteBehavior [ RunTime:0.000010s ]
INFO: [ app_init ] --END-- [ RunTime:0.000251s ]
INFO: [ app_begin ] --START--
INFO: Run Behavior\ReadHtmlCacheBehavior [ RunTime:0.000308s ]
INFO: [ app_begin ] --END-- [ RunTime:0.000343s ]
INFO: [ view_parse ] --START--
INFO: [ template_filter ] --START--
INFO: Run Behavior\ContentReplaceBehavior [ RunTime:0.000054s ]
INFO: [ template_filter ] --END-- [ RunTime:0.000087s ]
INFO: Run Behavior\ParseTemplateBehavior [ RunTime:0.004093s ]
INFO: [ view_parse ] --END-- [ RunTime:0.004133s ]
INFO: [ view_filter ] --START--
INFO: Run Behavior\WriteHtmlCacheBehavior [ RunTime:0.000176s ]
INFO: [ view_filter ] --END-- [ RunTime:0.000211s ]
INFO: [ app_end ] --START--
INFO: Run Behavior\ShowPageTraceBehavior [ RunTime:0.000305s ]
INFO: [ app_end ] --END-- [ RunTime:0.000334s ]

[ 2016-08-03T16:37:29+08:00 ] ::1 /TP/Admin/Index/shouye.html
INFO: [ app_init ] --START--
INFO: Run Behavior\BuildLiteBehavior [ RunTime:0.000010s ]
INFO: [ app_init ] --END-- [ RunTime:0.000260s ]
INFO: [ app_begin ] --START--
INFO: Run Behavior\ReadHtmlCacheBehavior [ RunTime:0.000300s ]
INFO: [ app_begin ] --END-- [ RunTime:0.000333s ]
INFO: [ view_parse ] --START--
INFO: [ template_filter ] --START--
INFO: Run Behavior\ContentReplaceBehavior [ RunTime:0.000059s ]
INFO: [ template_filter ] --END-- [ RunTime:0.000096s ]
INFO: Run Behavior\ParseTemplateBehavior [ RunTime:0.004152s ]
INFO: [ view_parse ] --END-- [ RunTime:0.004187s ]
INFO: [ view_filter ] --START--
INFO: Run Behavior\WriteHtmlCacheBehavior [ RunTime:0.000154s ]
INFO: [ view_filter ] --END-- [ RunTime:0.000178s ]
INFO: [ app_end ] --START--
INFO: Run Behavior\ShowPageTraceBehavior [ RunTime:0.000301s ]
INFO: [ app_end ] --END-- [ RunTime:0.000329s ]

[ 2016-08-03T16:37:32+08:00 ] ::1 /TP/Admin/ArticleCategory/index.html
INFO: [ app_init ] --START--
INFO: Run Behavior\BuildLiteBehavior [ RunTime:0.000009s ]
INFO: [ app_init ] --END-- [ RunTime:0.000238s ]
INFO: [ app_begin ] --START--
INFO: Run Behavior\ReadHtmlCacheBehavior [ RunTime:0.000292s ]
INFO: [ app_begin ] --END-- [ RunTime:0.000326s ]
SQL: SHOW COLUMNS FROM `tp_category` [ RunTime:0.0031s ]
SQL: SELECT * FROM `tp_category`  [ RunTime:0.0002s ]

[ 2016-08-03T16:38:12+08:00 ] ::1 /TP/Admin/Index/index.html
INFO: [ app_init ] --START--
INFO: Run Behavior\BuildLiteBehavior [ RunTime:0.000011s ]
INFO: [ app_init ] --END-- [ RunTime:0.000246s ]
INFO: [ app_begin ] --START--
INFO: Run Behavior\ReadHtmlCacheBehavior [ RunTime:0.000310s ]
INFO: [ app_begin ] --END-- [ RunTime:0.000345s ]
INFO: [ view_parse ] --START--
INFO: [ template_filter ] --START--
INFO: Run Behavior\ContentReplaceBehavior [ RunTime:0.000052s ]
INFO: [ template_filter ] --END-- [ RunTime:0.000083s ]
INFO: Run Behavior\ParseTemplateBehavior [ RunTime:0.004001s ]
INFO: [ view_parse ] --END-- [ RunTime:0.004035s ]
INFO: [ view_filter ] --START--
INFO: Run Behavior\WriteHtmlCacheBehavior [ RunTime:0.000160s ]
INFO: [ view_filter ] --END-- [ RunTime:0.000184s ]
INFO: [ app_end ] --START--
INFO: Run Behavior\ShowPageTraceBehavior [ RunTime:0.000301s ]
INFO: [ app_end ] --END-- [ RunTime:0.000328s ]

[ 2016-08-03T16:38:12+08:00 ] ::1 /TP/Admin/Index/shouye.html
INFO: [ app_init ] --START--
INFO: Run Behavior\BuildLiteBehavior [ RunTime:0.000009s ]
INFO: [ app_init ] --END-- [ RunTime:0.000243s ]
INFO: [ app_begin ] --START--
INFO: Run Behavior\ReadHtmlCacheBehavior [ RunTime:0.000296s ]
INFO: [ app_begin ] --END-- [ RunTime:0.000329s ]
INFO: [ view_parse ] --START--
INFO: [ template_filter ] --START--
INFO: Run Behavior\ContentReplaceBehavior [ RunTime:0.000060s ]
INFO: [ template_filter ] --END-- [ RunTime:0.000100s ]
INFO: Run Behavior\ParseTemplateBehavior [ RunTime:0.004119s ]
INFO: [ view_parse ] --END-- [ RunTime:0.004152s ]
INFO: [ view_filter ] --START--
INFO: Run Behavior\WriteHtmlCacheBehavior [ RunTime:0.000159s ]
INFO: [ view_filter ] --END-- [ RunTime:0.000184s ]
INFO: [ app_end ] --START--
INFO: Run Behavior\ShowPageTraceBehavior [ RunTime:0.000298s ]
INFO: [ app_end ] --END-- [ RunTime:0.000326s ]

[ 2016-08-03T16:38:15+08:00 ] ::1 /TP/Admin/ArticleCategory/index.html
INFO: [ app_init ] --START--
INFO: Run Behavior\BuildLiteBehavior [ RunTime:0.000008s ]
INFO: [ app_init ] --END-- [ RunTime:0.000236s ]
INFO: [ app_begin ] --START--
INFO: Run Behavior\ReadHtmlCacheBehavior [ RunTime:0.000291s ]
INFO: [ app_begin ] --END-- [ RunTime:0.000324s ]
SQL: SHOW COLUMNS FROM `tp_category` [ RunTime:0.0021s ]
SQL: SELECT * FROM `tp_category`  [ RunTime:0.0002s ]
NOTIC: [8] Undefined index: parent_id D:\wwwroot\TP\Application\Common\Common\function.php 第 26 行.

[ 2016-08-03T16:38:48+08:00 ] ::1 /TP/Admin/Index/index.html
INFO: [ app_init ] --START--
INFO: Run Behavior\BuildLiteBehavior [ RunTime:0.000009s ]
INFO: [ app_init ] --END-- [ RunTime:0.000234s ]
INFO: [ app_begin ] --START--
INFO: Run Behavior\ReadHtmlCacheBehavior [ RunTime:0.000294s ]
INFO: [ app_begin ] --END-- [ RunTime:0.000328s ]
INFO: [ view_parse ] --START--
INFO: [ template_filter ] --START--
INFO: Run Behavior\ContentReplaceBehavior [ RunTime:0.000055s ]
INFO: [ template_filter ] --END-- [ RunTime:0.000090s ]
INFO: Run Behavior\ParseTemplateBehavior [ RunTime:0.004330s ]
INFO: [ view_parse ] --END-- [ RunTime:0.004365s ]
INFO: [ view_filter ] --START--
INFO: Run Behavior\WriteHtmlCacheBehavior [ RunTime:0.000158s ]
INFO: [ view_filter ] --END-- [ RunTime:0.000183s ]
INFO: [ app_end ] --START--
INFO: Run Behavior\ShowPageTraceBehavior [ RunTime:0.000296s ]
INFO: [ app_end ] --END-- [ RunTime:0.000325s ]

[ 2016-08-03T16:38:48+08:00 ] ::1 /TP/Admin/Index/shouye.html
INFO: [ app_init ] --START--
INFO: Run Behavior\BuildLiteBehavior [ RunTime:0.000009s ]
INFO: [ app_init ] --END-- [ RunTime:0.000241s ]
INFO: [ app_begin ] --START--
INFO: Run Behavior\ReadHtmlCacheBehavior [ RunTime:0.000299s ]
INFO: [ app_begin ] --END-- [ RunTime:0.000332s ]
INFO: [ view_parse ] --START--
INFO: [ template_filter ] --START--
INFO: Run Behavior\ContentReplaceBehavior [ RunTime:0.000067s ]
INFO: [ template_filter ] --END-- [ RunTime:0.000112s ]
INFO: Run Behavior\ParseTemplateBehavior [ RunTime:0.004164s ]
INFO: [ view_parse ] --END-- [ RunTime:0.004204s ]
INFO: [ view_filter ] --START--
INFO: Run Behavior\WriteHtmlCacheBehavior [ RunTime:0.000179s ]
INFO: [ view_filter ] --END-- [ RunTime:0.000205s ]
INFO: [ app_end ] --START--
INFO: Run Behavior\ShowPageTraceBehavior [ RunTime:0.000319s ]
INFO: [ app_end ] --END-- [ RunTime:0.000349s ]

[ 2016-08-03T16:38:51+08:00 ] ::1 /TP/Admin/ArticleCategory/index.html
INFO: [ app_init ] --START--
INFO: Run Behavior\BuildLiteBehavior [ RunTime:0.000011s ]
INFO: [ app_init ] --END-- [ RunTime:0.000251s ]
INFO: [ app_begin ] --START--
INFO: Run Behavior\ReadHtmlCacheBehavior [ RunTime:0.000322s ]
INFO: [ app_begin ] --END-- [ RunTime:0.000360s ]
SQL: SHOW COLUMNS FROM `tp_category` [ RunTime:0.0027s ]
SQL: SELECT * FROM `tp_category`  [ RunTime:0.0002s ]
NOTIC: [8] Undefined index: parent_id D:\wwwroot\TP\Application\Common\Common\function.php 第 26 行.
NOTIC: [8] Undefined index: parent_id D:\wwwroot\TP\Application\Common\Common\function.php 第 26 行.
NOTIC: [8] Undefined index: parent_id D:\wwwroot\TP\Application\Common\Common\function.php 第 26 行.
NOTIC: [8] Undefined index: parent_id D:\wwwroot\TP\Application\Common\Common\function.php 第 26 行.
NOTIC: [8] Undefined index: parent_id D:\wwwroot\TP\Application\Common\Common\function.php 第 26 行.
NOTIC: [8] Undefined index: parent_id D:\wwwroot\TP\Application\Common\Common\function.php 第 26 行.
NOTIC: [8] Undefined index: parent_id D:\wwwroot\TP\Application\Common\Common\function.php 第 26 行.
NOTIC: [8] Undefined index: parent_id D:\wwwroot\TP\Application\Common\Common\function.php 第 26 行.
NOTIC: [8] Undefined index: parent_id D:\wwwroot\TP\Application\Common\Common\function.php 第 26 行.
NOTIC: [8] Undefined index: parent_id D:\wwwroot\TP\Application\Common\Common\function.php 第 26 行.
NOTIC: [8] Undefined index: parent_id D:\wwwroot\TP\Application\Common\Common\function.php 第 26 行.
NOTIC: [8] Undefined index: parent_id D:\wwwroot\TP\Application\Common\Common\function.php 第 26 行.
INFO: [ view_parse ] --START--
INFO: [ template_filter ] --START--
INFO: Run Behavior\ContentReplaceBehavior [ RunTime:0.000039s ]
INFO: [ template_filter ] --END-- [ RunTime:0.000070s ]
NOTIC: [8] Undefined variable: page D:\wwwroot\TP\Application\Runtime\Cache\Admin\9c78777aec9662ad4f5801930dba32de.php 第 32 行.
NOTIC: [8] Undefined variable: page D:\wwwroot\TP\Application\Runtime\Cache\Admin\9c78777aec9662ad4f5801930dba32de.php 第 35 行.
INFO: Run Behavior\ParseTemplateBehavior [ RunTime:0.004148s ]
INFO: [ view_parse ] --END-- [ RunTime:0.004178s ]
INFO: [ view_filter ] --START--
INFO: Run Behavior\WriteHtmlCacheBehavior [ RunTime:0.000165s ]
INFO: [ view_filter ] --END-- [ RunTime:0.000190s ]
INFO: [ app_end ] --START--
INFO: Run Behavior\ShowPageTraceBehavior [ RunTime:0.000298s ]
INFO: [ app_end ] --END-- [ RunTime:0.000326s ]

[ 2016-08-03T16:39:37+08:00 ] ::1 /TP/Admin/ArticleCategory/index.html
INFO: [ app_init ] --START--
INFO: Run Behavior\BuildLiteBehavior [ RunTime:0.000009s ]
INFO: [ app_init ] --END-- [ RunTime:0.000282s ]
INFO: [ app_begin ] --START--
INFO: Run Behavior\ReadHtmlCacheBehavior [ RunTime:0.000410s ]
INFO: [ app_begin ] --END-- [ RunTime:0.000445s ]
SQL: SHOW COLUMNS FROM `tp_category` [ RunTime:0.0022s ]
SQL: SELECT * FROM `tp_category`  [ RunTime:0.0002s ]
NOTIC: [8] Undefined index: parent_id D:\wwwroot\TP\Application\Common\Common\function.php 第 26 行.
NOTIC: [8] Undefined index: parent_id D:\wwwroot\TP\Application\Common\Common\function.php 第 26 行.
NOTIC: [8] Undefined index: parent_id D:\wwwroot\TP\Application\Common\Common\function.php 第 26 行.
NOTIC: [8] Undefined index: parent_id D:\wwwroot\TP\Application\Common\Common\function.php 第 26 行.
NOTIC: [8] Undefined index: parent_id D:\wwwroot\TP\Application\Common\Common\function.php 第 26 行.
NOTIC: [8] Undefined index: parent_id D:\wwwroot\TP\Application\Common\Common\function.php 第 26 行.
NOTIC: [8] Undefined index: parent_id D:\wwwroot\TP\Application\Common\Common\function.php 第 26 行.
NOTIC: [8] Undefined index: parent_id D:\wwwroot\TP\Application\Common\Common\function.php 第 26 行.
NOTIC: [8] Undefined index: parent_id D:\wwwroot\TP\Application\Common\Common\function.php 第 26 行.
NOTIC: [8] Undefined index: parent_id D:\wwwroot\TP\Application\Common\Common\function.php 第 26 行.
NOTIC: [8] Undefined index: parent_id D:\wwwroot\TP\Application\Common\Common\function.php 第 26 行.
NOTIC: [8] Undefined index: parent_id D:\wwwroot\TP\Application\Common\Common\function.php 第 26 行.
INFO: [ view_parse ] --START--
INFO: [ template_filter ] --START--
INFO: Run Behavior\ContentReplaceBehavior [ RunTime:0.000041s ]
INFO: [ template_filter ] --END-- [ RunTime:0.000085s ]
NOTIC: [8] Undefined variable: page D:\wwwroot\TP\Application\Runtime\Cache\Admin\9c78777aec9662ad4f5801930dba32de.php 第 32 行.
NOTIC: [8] Undefined variable: page D:\wwwroot\TP\Application\Runtime\Cache\Admin\9c78777aec9662ad4f5801930dba32de.php 第 35 行.
INFO: Run Behavior\ParseTemplateBehavior [ RunTime:0.005163s ]
INFO: [ view_parse ] --END-- [ RunTime:0.005197s ]
INFO: [ view_filter ] --START--
INFO: Run Behavior\WriteHtmlCacheBehavior [ RunTime:0.000290s ]
INFO: [ view_filter ] --END-- [ RunTime:0.000315s ]
INFO: [ app_end ] --START--
INFO: Run Behavior\ShowPageTraceBehavior [ RunTime:0.000410s ]
INFO: [ app_end ] --END-- [ RunTime:0.000442s ]

[ 2016-08-03T16:40:18+08:00 ] ::1 /TP/Admin/ArticleCategory/index.html
INFO: [ app_init ] --START--
INFO: Run Behavior\BuildLiteBehavior [ RunTime:0.000009s ]
INFO: [ app_init ] --END-- [ RunTime:0.000232s ]
INFO: [ app_begin ] --START--
INFO: Run Behavior\ReadHtmlCacheBehavior [ RunTime:0.000322s ]
INFO: [ app_begin ] --END-- [ RunTime:0.000355s ]
SQL: SHOW COLUMNS FROM `tp_category` [ RunTime:0.0021s ]
SQL: SELECT * FROM `tp_category`  [ RunTime:0.0002s ]
NOTIC: [8] Undefined index: parent_id D:\wwwroot\TP\Application\Common\Common\function.php 第 26 行.
NOTIC: [8] Undefined index: parent_id D:\wwwroot\TP\Application\Common\Common\function.php 第 26 行.
NOTIC: [8] Undefined index: parent_id D:\wwwroot\TP\Application\Common\Common\function.php 第 26 行.
NOTIC: [8] Undefined index: parent_id D:\wwwroot\TP\Application\Common\Common\function.php 第 26 行.
NOTIC: [8] Undefined index: parent_id D:\wwwroot\TP\Application\Common\Common\function.php 第 26 行.
NOTIC: [8] Undefined index: parent_id D:\wwwroot\TP\Application\Common\Common\function.php 第 26 行.
NOTIC: [8] Undefined index: parent_id D:\wwwroot\TP\Application\Common\Common\function.php 第 26 行.
NOTIC: [8] Undefined index: parent_id D:\wwwroot\TP\Application\Common\Common\function.php 第 26 行.
NOTIC: [8] Undefined index: parent_id D:\wwwroot\TP\Application\Common\Common\function.php 第 26 行.
NOTIC: [8] Undefined index: parent_id D:\wwwroot\TP\Application\Common\Common\function.php 第 26 行.
NOTIC: [8] Undefined index: parent_id D:\wwwroot\TP\Application\Common\Common\function.php 第 26 行.
NOTIC: [8] Undefined index: parent_id D:\wwwroot\TP\Application\Common\Common\function.php 第 26 行.
INFO: [ view_parse ] --START--
INFO: [ template_filter ] --START--
INFO: Run Behavior\ContentReplaceBehavior [ RunTime:0.000044s ]
INFO: [ template_filter ] --END-- [ RunTime:0.000078s ]
NOTIC: [8] Undefined variable: page D:\wwwroot\TP\Application\Runtime\Cache\Admin\9c78777aec9662ad4f5801930dba32de.php 第 32 行.
NOTIC: [8] Undefined variable: page D:\wwwroot\TP\Application\Runtime\Cache\Admin\9c78777aec9662ad4f5801930dba32de.php 第 35 行.
INFO: Run Behavior\ParseTemplateBehavior [ RunTime:0.004493s ]
INFO: [ view_parse ] --END-- [ RunTime:0.004536s ]
INFO: [ view_filter ] --START--
INFO: Run Behavior\WriteHtmlCacheBehavior [ RunTime:0.000188s ]
INFO: [ view_filter ] --END-- [ RunTime:0.000213s ]
INFO: [ app_end ] --START--
INFO: Run Behavior\ShowPageTraceBehavior [ RunTime:0.000309s ]
INFO: [ app_end ] --END-- [ RunTime:0.000338s ]

[ 2016-08-03T16:40:22+08:00 ] ::1 /TP/Admin/ArticleCategory/add.html
INFO: [ app_init ] --START--
INFO: Run Behavior\BuildLiteBehavior [ RunTime:0.000011s ]
INFO: [ app_init ] --END-- [ RunTime:0.000267s ]
INFO: [ app_begin ] --START--
INFO: Run Behavior\ReadHtmlCacheBehavior [ RunTime:0.000443s ]
INFO: [ app_begin ] --END-- [ RunTime:0.000487s ]
SQL: SHOW COLUMNS FROM `tp_category` [ RunTime:0.0030s ]
SQL: SELECT * FROM `tp_category`  [ RunTime:0.0015s ]
INFO: [ view_parse ] --START--
INFO: [ template_filter ] --START--
INFO: Run Behavior\ContentReplaceBehavior [ RunTime:0.000041s ]
INFO: [ template_filter ] --END-- [ RunTime:0.000073s ]
INFO: Run Behavior\ParseTemplateBehavior [ RunTime:0.003848s ]
INFO: [ view_parse ] --END-- [ RunTime:0.003885s ]
INFO: [ view_filter ] --START--
INFO: Run Behavior\WriteHtmlCacheBehavior [ RunTime:0.000156s ]
INFO: [ view_filter ] --END-- [ RunTime:0.000195s ]
INFO: [ app_end ] --START--
INFO: Run Behavior\ShowPageTraceBehavior [ RunTime:0.000304s ]
INFO: [ app_end ] --END-- [ RunTime:0.000331s ]

[ 2016-08-03T16:40:46+08:00 ] ::1 /TP/Admin/ArticleCategory/add.html
INFO: [ app_init ] --START--
INFO: Run Behavior\BuildLiteBehavior [ RunTime:0.000029s ]
INFO: [ app_init ] --END-- [ RunTime:0.000273s ]
INFO: [ app_begin ] --START--
INFO: Run Behavior\ReadHtmlCacheBehavior [ RunTime:0.000319s ]
INFO: [ app_begin ] --END-- [ RunTime:0.000358s ]
SQL: SHOW COLUMNS FROM `tp_category` [ RunTime:0.0021s ]
SQL: SELECT * FROM `tp_category`  [ RunTime:0.0002s ]
SQL: INSERT INTO `tp_category` (`fid`,`name`) VALUES ('1','计算机技术') [ RunTime:0.0003s ]
INFO: [ view_parse ] --START--
INFO: [ template_filter ] --START--
INFO: Run Behavior\ContentReplaceBehavior [ RunTime:0.000037s ]
INFO: [ template_filter ] --END-- [ RunTime:0.000071s ]
INFO: Run Behavior\ParseTemplateBehavior [ RunTime:0.003340s ]
INFO: [ view_parse ] --END-- [ RunTime:0.003381s ]
INFO: [ view_filter ] --START--
INFO: Run Behavior\WriteHtmlCacheBehavior [ RunTime:0.000158s ]
INFO: [ view_filter ] --END-- [ RunTime:0.000182s ]
INFO: [ app_end ] --START--
INFO: Run Behavior\ShowPageTraceBehavior [ RunTime:0.000301s ]
INFO: [ app_end ] --END-- [ RunTime:0.000327s ]

[ 2016-08-03T16:40:48+08:00 ] ::1 /TP/Admin/ArticleCategory/index
INFO: [ app_init ] --START--
INFO: Run Behavior\BuildLiteBehavior [ RunTime:0.000008s ]
INFO: [ app_init ] --END-- [ RunTime:0.000235s ]
INFO: [ app_begin ] --START--
INFO: Run Behavior\ReadHtmlCacheBehavior [ RunTime:0.000344s ]
INFO: [ app_begin ] --END-- [ RunTime:0.000378s ]
SQL: SHOW COLUMNS FROM `tp_category` [ RunTime:0.0022s ]
SQL: SELECT * FROM `tp_category`  [ RunTime:0.0002s ]
NOTIC: [8] Undefined index: parent_id D:\wwwroot\TP\Application\Common\Common\function.php 第 26 行.
NOTIC: [8] Undefined index: parent_id D:\wwwroot\TP\Application\Common\Common\function.php 第 26 行.
NOTIC: [8] Undefined index: parent_id D:\wwwroot\TP\Application\Common\Common\function.php 第 26 行.
NOTIC: [8] Undefined index: parent_id D:\wwwroot\TP\Application\Common\Common\function.php 第 26 行.
NOTIC: [8] Undefined index: parent_id D:\wwwroot\TP\Application\Common\Common\function.php 第 26 行.
NOTIC: [8] Undefined index: parent_id D:\wwwroot\TP\Application\Common\Common\function.php 第 26 行.
NOTIC: [8] Undefined index: parent_id D:\wwwroot\TP\Application\Common\Common\function.php 第 26 行.
NOTIC: [8] Undefined index: parent_id D:\wwwroot\TP\Application\Common\Common\function.php 第 26 行.
NOTIC: [8] Undefined index: parent_id D:\wwwroot\TP\Application\Common\Common\function.php 第 26 行.
NOTIC: [8] Undefined index: parent_id D:\wwwroot\TP\Application\Common\Common\function.php 第 26 行.
NOTIC: [8] Undefined index: parent_id D:\wwwroot\TP\Application\Common\Common\function.php 第 26 行.
NOTIC: [8] Undefined index: parent_id D:\wwwroot\TP\Application\Common\Common\function.php 第 26 行.
NOTIC: [8] Undefined index: parent_id D:\wwwroot\TP\Application\Common\Common\function.php 第 26 行.
NOTIC: [8] Undefined index: parent_id D:\wwwroot\TP\Application\Common\Common\function.php 第 26 行.
NOTIC: [8] Undefined index: parent_id D:\wwwroot\TP\Application\Common\Common\function.php 第 26 行.
NOTIC: [8] Undefined index: parent_id D:\wwwroot\TP\Application\Common\Common\function.php 第 26 行.
NOTIC: [8] Undefined index: parent_id D:\wwwroot\TP\Application\Common\Common\function.php 第 26 行.
NOTIC: [8] Undefined index: parent_id D:\wwwroot\TP\Application\Common\Common\function.php 第 26 行.
NOTIC: [8] Undefined index: parent_id D:\wwwroot\TP\Application\Common\Common\function.php 第 26 行.
NOTIC: [8] Undefined index: parent_id D:\wwwroot\TP\Application\Common\Common\function.php 第 26 行.
INFO: [ view_parse ] --START--
INFO: [ template_filter ] --START--
INFO: Run Behavior\ContentReplaceBehavior [ RunTime:0.000040s ]
INFO: [ template_filter ] --END-- [ RunTime:0.000078s ]
NOTIC: [8] Undefined variable: page D:\wwwroot\TP\Application\Runtime\Cache\Admin\9c78777aec9662ad4f5801930dba32de.php 第 32 行.
NOTIC: [8] Undefined variable: page D:\wwwroot\TP\Application\Runtime\Cache\Admin\9c78777aec9662ad4f5801930dba32de.php 第 35 行.
INFO: Run Behavior\ParseTemplateBehavior [ RunTime:0.004457s ]
INFO: [ view_parse ] --END-- [ RunTime:0.004488s ]
INFO: [ view_filter ] --START--
INFO: Run Behavior\WriteHtmlCacheBehavior [ RunTime:0.000175s ]
INFO: [ view_filter ] --END-- [ RunTime:0.000199s ]
INFO: [ app_end ] --START--
INFO: Run Behavior\ShowPageTraceBehavior [ RunTime:0.000322s ]
INFO: [ app_end ] --END-- [ RunTime:0.000351s ]

[ 2016-08-03T16:40:55+08:00 ] ::1 /TP/Admin/ArticleCategory/index.html
INFO: [ app_init ] --START--
INFO: Run Behavior\BuildLiteBehavior [ RunTime:0.000010s ]
INFO: [ app_init ] --END-- [ RunTime:0.000252s ]
INFO: [ app_begin ] --START--
INFO: Run Behavior\ReadHtmlCacheBehavior [ RunTime:0.000330s ]
INFO: [ app_begin ] --END-- [ RunTime:0.000366s ]
SQL: SHOW COLUMNS FROM `tp_category` [ RunTime:0.0022s ]
SQL: SELECT * FROM `tp_category`  [ RunTime:0.0002s ]
NOTIC: [8] Undefined index: parent_id D:\wwwroot\TP\Application\Common\Common\function.php 第 26 行.
NOTIC: [8] Undefined index: parent_id D:\wwwroot\TP\Application\Common\Common\function.php 第 26 行.
NOTIC: [8] Undefined index: parent_id D:\wwwroot\TP\Application\Common\Common\function.php 第 26 行.
NOTIC: [8] Undefined index: parent_id D:\wwwroot\TP\Application\Common\Common\function.php 第 26 行.
NOTIC: [8] Undefined index: parent_id D:\wwwroot\TP\Application\Common\Common\function.php 第 26 行.
NOTIC: [8] Undefined index: parent_id D:\wwwroot\TP\Application\Common\Common\function.php 第 26 行.
NOTIC: [8] Undefined index: parent_id D:\wwwroot\TP\Application\Common\Common\function.php 第 26 行.
NOTIC: [8] Undefined index: parent_id D:\wwwroot\TP\Application\Common\Common\function.php 第 26 行.
NOTIC: [8] Undefined index: parent_id D:\wwwroot\TP\Application\Common\Common\function.php 第 26 行.
NOTIC: [8] Undefined index: parent_id D:\wwwroot\TP\Application\Common\Common\function.php 第 26 行.
NOTIC: [8] Undefined index: parent_id D:\wwwroot\TP\Application\Common\Common\function.php 第 26 行.
NOTIC: [8] Undefined index: parent_id D:\wwwroot\TP\Application\Common\Common\function.php 第 26 行.
NOTIC: [8] Undefined index: parent_id D:\wwwroot\TP\Application\Common\Common\function.php 第 26 行.
NOTIC: [8] Undefined index: parent_id D:\wwwroot\TP\Application\Common\Common\function.php 第 26 行.
NOTIC: [8] Undefined index: parent_id D:\wwwroot\TP\Application\Common\Common\function.php 第 26 行.
NOTIC: [8] Undefined index: parent_id D:\wwwroot\TP\Application\Common\Common\function.php 第 26 行.
NOTIC: [8] Undefined index: parent_id D:\wwwroot\TP\Application\Common\Common\function.php 第 26 行.
NOTIC: [8] Undefined index: parent_id D:\wwwroot\TP\Application\Common\Common\function.php 第 26 行.
NOTIC: [8] Undefined index: parent_id D:\wwwroot\TP\Application\Common\Common\function.php 第 26 行.
NOTIC: [8] Undefined index: parent_id D:\wwwroot\TP\Application\Common\Common\function.php 第 26 行.
INFO: [ view_parse ] --START--
INFO: [ template_filter ] --START--
INFO: Run Behavior\ContentReplaceBehavior [ RunTime:0.000040s ]
INFO: [ template_filter ] --END-- [ RunTime:0.000079s ]
NOTIC: [8] Undefined variable: page D:\wwwroot\TP\Application\Runtime\Cache\Admin\9c78777aec9662ad4f5801930dba32de.php 第 32 行.
NOTIC: [8] Undefined variable: page D:\wwwroot\TP\Application\Runtime\Cache\Admin\9c78777aec9662ad4f5801930dba32de.php 第 35 行.
INFO: Run Behavior\ParseTemplateBehavior [ RunTime:0.005602s ]
INFO: [ view_parse ] --END-- [ RunTime:0.005654s ]
INFO: [ view_filter ] --START--
INFO: Run Behavior\WriteHtmlCacheBehavior [ RunTime:0.000161s ]
INFO: [ view_filter ] --END-- [ RunTime:0.000184s ]
INFO: [ app_end ] --START--
INFO: Run Behavior\ShowPageTraceBehavior [ RunTime:0.000312s ]
INFO: [ app_end ] --END-- [ RunTime:0.000340s ]

[ 2016-08-03T16:43:56+08:00 ] ::1 /TP/Admin/ArticleCategory/index.html
INFO: [ app_init ] --START--
INFO: Run Behavior\BuildLiteBehavior [ RunTime:0.000010s ]
INFO: [ app_init ] --END-- [ RunTime:0.000302s ]
INFO: [ app_begin ] --START--
INFO: Run Behavior\ReadHtmlCacheBehavior [ RunTime:0.000436s ]
INFO: [ app_begin ] --END-- [ RunTime:0.000476s ]
SQL: SHOW COLUMNS FROM `tp_category` [ RunTime:0.0021s ]
SQL: SELECT * FROM `tp_category`  [ RunTime:0.0002s ]
NOTIC: [8] Undefined index: pid D:\wwwroot\TP\Application\Common\Common\function.php 第 40 行.
NOTIC: [8] Undefined index: pid D:\wwwroot\TP\Application\Common\Common\function.php 第 40 行.
NOTIC: [8] Undefined index: pid D:\wwwroot\TP\Application\Common\Common\function.php 第 40 行.
NOTIC: [8] Undefined index: pid D:\wwwroot\TP\Application\Common\Common\function.php 第 40 行.
NOTIC: [8] Undefined index: pid D:\wwwroot\TP\Application\Common\Common\function.php 第 40 行.
NOTIC: [8] Undefined index: pid D:\wwwroot\TP\Application\Common\Common\function.php 第 40 行.
NOTIC: [8] Undefined index: pid D:\wwwroot\TP\Application\Common\Common\function.php 第 40 行.
NOTIC: [8] Undefined index: pid D:\wwwroot\TP\Application\Common\Common\function.php 第 40 行.
NOTIC: [8] Undefined index: pid D:\wwwroot\TP\Application\Common\Common\function.php 第 40 行.
NOTIC: [8] Undefined index: pid D:\wwwroot\TP\Application\Common\Common\function.php 第 40 行.
NOTIC: [8] Undefined index: pid D:\wwwroot\TP\Application\Common\Common\function.php 第 40 行.
NOTIC: [8] Undefined index: pid D:\wwwroot\TP\Application\Common\Common\function.php 第 40 行.
NOTIC: [8] Undefined index: pid D:\wwwroot\TP\Application\Common\Common\function.php 第 40 行.
NOTIC: [8] Undefined index: pid D:\wwwroot\TP\Application\Common\Common\function.php 第 40 行.
NOTIC: [8] Undefined index: pid D:\wwwroot\TP\Application\Common\Common\function.php 第 40 行.
NOTIC: [8] Undefined index: pid D:\wwwroot\TP\Application\Common\Common\function.php 第 40 行.
NOTIC: [8] Undefined index: pid D:\wwwroot\TP\Application\Common\Common\function.php 第 40 行.
NOTIC: [8] Undefined index: pid D:\wwwroot\TP\Application\Common\Common\function.php 第 40 行.
NOTIC: [8] Undefined index: pid D:\wwwroot\TP\Application\Common\Common\function.php 第 40 行.
NOTIC: [8] Undefined index: pid D:\wwwroot\TP\Application\Common\Common\function.php 第 40 行.
INFO: [ view_parse ] --START--
INFO: [ template_filter ] --START--
INFO: Run Behavior\ContentReplaceBehavior [ RunTime:0.000038s ]
INFO: [ template_filter ] --END-- [ RunTime:0.000070s ]
NOTIC: [8] Undefined variable: page D:\wwwroot\TP\Application\Runtime\Cache\Admin\9c78777aec9662ad4f5801930dba32de.php 第 32 行.
NOTIC: [8] Undefined variable: page D:\wwwroot\TP\Application\Runtime\Cache\Admin\9c78777aec9662ad4f5801930dba32de.php 第 35 行.
INFO: Run Behavior\ParseTemplateBehavior [ RunTime:0.004603s ]
INFO: [ view_parse ] --END-- [ RunTime:0.004634s ]
INFO: [ view_filter ] --START--
INFO: Run Behavior\WriteHtmlCacheBehavior [ RunTime:0.000246s ]
INFO: [ view_filter ] --END-- [ RunTime:0.000273s ]
INFO: [ app_end ] --START--
INFO: Run Behavior\ShowPageTraceBehavior [ RunTime:0.000385s ]
INFO: [ app_end ] --END-- [ RunTime:0.000413s ]

[ 2016-08-03T16:56:33+08:00 ] ::1 /TP/Admin/Index/index.html
INFO: [ app_init ] --START--
INFO: Run Behavior\BuildLiteBehavior [ RunTime:0.000008s ]
INFO: [ app_init ] --END-- [ RunTime:0.000274s ]
INFO: [ app_begin ] --START--
INFO: Run Behavior\ReadHtmlCacheBehavior [ RunTime:0.000403s ]
INFO: [ app_begin ] --END-- [ RunTime:0.000437s ]
INFO: [ view_parse ] --START--
INFO: [ template_filter ] --START--
INFO: Run Behavior\ContentReplaceBehavior [ RunTime:0.000062s ]
INFO: [ template_filter ] --END-- [ RunTime:0.000112s ]
INFO: Run Behavior\ParseTemplateBehavior [ RunTime:0.005827s ]
INFO: [ view_parse ] --END-- [ RunTime:0.005881s ]
INFO: [ view_filter ] --START--
INFO: Run Behavior\WriteHtmlCacheBehavior [ RunTime:0.000635s ]
INFO: [ view_filter ] --END-- [ RunTime:0.000665s ]
INFO: [ app_end ] --START--
INFO: Run Behavior\ShowPageTraceBehavior [ RunTime:0.000395s ]
INFO: [ app_end ] --END-- [ RunTime:0.000423s ]

[ 2016-08-03T16:56:33+08:00 ] ::1 /TP/Admin/Index/shouye.html
INFO: [ app_init ] --START--
INFO: Run Behavior\BuildLiteBehavior [ RunTime:0.000009s ]
INFO: [ app_init ] --END-- [ RunTime:0.000238s ]
INFO: [ app_begin ] --START--
INFO: Run Behavior\ReadHtmlCacheBehavior [ RunTime:0.000308s ]
INFO: [ app_begin ] --END-- [ RunTime:0.000340s ]
INFO: [ view_parse ] --START--
INFO: [ template_filter ] --START--
INFO: Run Behavior\ContentReplaceBehavior [ RunTime:0.000064s ]
INFO: [ template_filter ] --END-- [ RunTime:0.000104s ]
INFO: Run Behavior\ParseTemplateBehavior [ RunTime:0.004787s ]
INFO: [ view_parse ] --END-- [ RunTime:0.004822s ]
INFO: [ view_filter ] --START--
INFO: Run Behavior\WriteHtmlCacheBehavior [ RunTime:0.000159s ]
INFO: [ view_filter ] --END-- [ RunTime:0.000183s ]
INFO: [ app_end ] --START--
INFO: Run Behavior\ShowPageTraceBehavior [ RunTime:0.000303s ]
INFO: [ app_end ] --END-- [ RunTime:0.000330s ]

[ 2016-08-03T16:56:36+08:00 ] ::1 /TP/Admin/ArticleCategory/index.html
INFO: [ app_init ] --START--
INFO: Run Behavior\BuildLiteBehavior [ RunTime:0.000009s ]
INFO: [ app_init ] --END-- [ RunTime:0.000237s ]
INFO: [ app_begin ] --START--
INFO: Run Behavior\ReadHtmlCacheBehavior [ RunTime:0.000298s ]
INFO: [ app_begin ] --END-- [ RunTime:0.000331s ]
SQL: SHOW COLUMNS FROM `tp_category` [ RunTime:0.0341s ]
SQL: SELECT * FROM `tp_category`  [ RunTime:0.0002s ]
NOTIC: [8] Undefined index: parent_id D:\wwwroot\TP\Application\Common\Common\function.php 第 26 行.
NOTIC: [8] Undefined index: parent_id D:\wwwroot\TP\Application\Common\Common\function.php 第 26 行.
NOTIC: [8] Undefined index: parent_id D:\wwwroot\TP\Application\Common\Common\function.php 第 26 行.
NOTIC: [8] Undefined index: parent_id D:\wwwroot\TP\Application\Common\Common\function.php 第 26 行.
NOTIC: [8] Undefined index: parent_id D:\wwwroot\TP\Application\Common\Common\function.php 第 26 行.
NOTIC: [8] Undefined index: parent_id D:\wwwroot\TP\Application\Common\Common\function.php 第 26 行.
NOTIC: [8] Undefined index: parent_id D:\wwwroot\TP\Application\Common\Common\function.php 第 26 行.
NOTIC: [8] Undefined index: parent_id D:\wwwroot\TP\Application\Common\Common\function.php 第 26 行.
NOTIC: [8] Undefined index: parent_id D:\wwwroot\TP\Application\Common\Common\function.php 第 26 行.
NOTIC: [8] Undefined index: parent_id D:\wwwroot\TP\Application\Common\Common\function.php 第 26 行.
NOTIC: [8] Undefined index: parent_id D:\wwwroot\TP\Application\Common\Common\function.php 第 26 行.
NOTIC: [8] Undefined index: parent_id D:\wwwroot\TP\Application\Common\Common\function.php 第 26 行.
NOTIC: [8] Undefined index: parent_id D:\wwwroot\TP\Application\Common\Common\function.php 第 26 行.
NOTIC: [8] Undefined index: parent_id D:\wwwroot\TP\Application\Common\Common\function.php 第 26 行.
NOTIC: [8] Undefined index: parent_id D:\wwwroot\TP\Application\Common\Common\function.php 第 26 行.
NOTIC: [8] Undefined index: parent_id D:\wwwroot\TP\Application\Common\Common\function.php 第 26 行.
NOTIC: [8] Undefined index: parent_id D:\wwwroot\TP\Application\Common\Common\function.php 第 26 行.
NOTIC: [8] Undefined index: parent_id D:\wwwroot\TP\Application\Common\Common\function.php 第 26 行.
NOTIC: [8] Undefined index: parent_id D:\wwwroot\TP\Application\Common\Common\function.php 第 26 行.
NOTIC: [8] Undefined index: parent_id D:\wwwroot\TP\Application\Common\Common\function.php 第 26 行.
INFO: [ view_parse ] --START--
INFO: [ template_filter ] --START--
INFO: Run Behavior\ContentReplaceBehavior [ RunTime:0.000038s ]
INFO: [ template_filter ] --END-- [ RunTime:0.000070s ]
NOTIC: [8] Undefined variable: page D:\wwwroot\TP\Application\Runtime\Cache\Admin\9c78777aec9662ad4f5801930dba32de.php 第 32 行.
NOTIC: [8] Undefined variable: page D:\wwwroot\TP\Application\Runtime\Cache\Admin\9c78777aec9662ad4f5801930dba32de.php 第 35 行.
INFO: Run Behavior\ParseTemplateBehavior [ RunTime:0.004178s ]
INFO: [ view_parse ] --END-- [ RunTime:0.004209s ]
INFO: [ view_filter ] --START--
INFO: Run Behavior\WriteHtmlCacheBehavior [ RunTime:0.000156s ]
INFO: [ view_filter ] --END-- [ RunTime:0.000181s ]
INFO: [ app_end ] --START--
INFO: Run Behavior\ShowPageTraceBehavior [ RunTime:0.000301s ]
INFO: [ app_end ] --END-- [ RunTime:0.000329s ]

[ 2016-08-03T16:56:40+08:00 ] ::1 /TP/Admin/ArticleCategory/index.html
INFO: [ app_init ] --START--
INFO: Run Behavior\BuildLiteBehavior [ RunTime:0.000010s ]
INFO: [ app_init ] --END-- [ RunTime:0.000238s ]
INFO: [ app_begin ] --START--
INFO: Run Behavior\ReadHtmlCacheBehavior [ RunTime:0.000295s ]
INFO: [ app_begin ] --END-- [ RunTime:0.000328s ]
SQL: SHOW COLUMNS FROM `tp_category` [ RunTime:0.0031s ]
SQL: SELECT * FROM `tp_category`  [ RunTime:0.0005s ]
NOTIC: [8] Undefined index: parent_id D:\wwwroot\TP\Application\Common\Common\function.php 第 26 行.
NOTIC: [8] Undefined index: parent_id D:\wwwroot\TP\Application\Common\Common\function.php 第 26 行.
NOTIC: [8] Undefined index: parent_id D:\wwwroot\TP\Application\Common\Common\function.php 第 26 行.
NOTIC: [8] Undefined index: parent_id D:\wwwroot\TP\Application\Common\Common\function.php 第 26 行.
NOTIC: [8] Undefined index: parent_id D:\wwwroot\TP\Application\Common\Common\function.php 第 26 行.
NOTIC: [8] Undefined index: parent_id D:\wwwroot\TP\Application\Common\Common\function.php 第 26 行.
NOTIC: [8] Undefined index: parent_id D:\wwwroot\TP\Application\Common\Common\function.php 第 26 行.
NOTIC: [8] Undefined index: parent_id D:\wwwroot\TP\Application\Common\Common\function.php 第 26 行.
NOTIC: [8] Undefined index: parent_id D:\wwwroot\TP\Application\Common\Common\function.php 第 26 行.
NOTIC: [8] Undefined index: parent_id D:\wwwroot\TP\Application\Common\Common\function.php 第 26 行.
NOTIC: [8] Undefined index: parent_id D:\wwwroot\TP\Application\Common\Common\function.php 第 26 行.
NOTIC: [8] Undefined index: parent_id D:\wwwroot\TP\Application\Common\Common\function.php 第 26 行.
NOTIC: [8] Undefined index: parent_id D:\wwwroot\TP\Application\Common\Common\function.php 第 26 行.
NOTIC: [8] Undefined index: parent_id D:\wwwroot\TP\Application\Common\Common\function.php 第 26 行.
NOTIC: [8] Undefined index: parent_id D:\wwwroot\TP\Application\Common\Common\function.php 第 26 行.
NOTIC: [8] Undefined index: parent_id D:\wwwroot\TP\Application\Common\Common\function.php 第 26 行.
NOTIC: [8] Undefined index: parent_id D:\wwwroot\TP\Application\Common\Common\function.php 第 26 行.
NOTIC: [8] Undefined index: parent_id D:\wwwroot\TP\Application\Common\Common\function.php 第 26 行.
NOTIC: [8] Undefined index: parent_id D:\wwwroot\TP\Application\Common\Common\function.php 第 26 行.
NOTIC: [8] Undefined index: parent_id D:\wwwroot\TP\Application\Common\Common\function.php 第 26 行.
INFO: [ view_parse ] --START--
INFO: [ template_filter ] --START--
INFO: Run Behavior\ContentReplaceBehavior [ RunTime:0.000041s ]
INFO: [ template_filter ] --END-- [ RunTime:0.000078s ]
NOTIC: [8] Undefined variable: page D:\wwwroot\TP\Application\Runtime\Cache\Admin\9c78777aec9662ad4f5801930dba32de.php 第 32 行.
NOTIC: [8] Undefined variable: page D:\wwwroot\TP\Application\Runtime\Cache\Admin\9c78777aec9662ad4f5801930dba32de.php 第 35 行.
INFO: Run Behavior\ParseTemplateBehavior [ RunTime:0.004639s ]
INFO: [ view_parse ] --END-- [ RunTime:0.004671s ]
INFO: [ view_filter ] --START--
INFO: Run Behavior\WriteHtmlCacheBehavior [ RunTime:0.000163s ]
INFO: [ view_filter ] --END-- [ RunTime:0.000189s ]
INFO: [ app_end ] --START--
INFO: Run Behavior\ShowPageTraceBehavior [ RunTime:0.000303s ]
INFO: [ app_end ] --END-- [ RunTime:0.000330s ]

