[ 2016-08-04T17:14:51+08:00 ] ::1 /TP/admin
INFO: [ app_init ] --START--
INFO: Run Behavior\BuildLiteBehavior [ RunTime:0.000009s ]
INFO: [ app_init ] --END-- [ RunTime:0.000301s ]
INFO: [ app_begin ] --START--
INFO: Run Behavior\ReadHtmlCacheBehavior [ RunTime:0.000481s ]
INFO: [ app_begin ] --END-- [ RunTime:0.000527s ]
INFO: [ view_parse ] --START--
INFO: [ template_filter ] --START--
INFO: Run Behavior\ContentReplaceBehavior [ RunTime:0.000038s ]
INFO: [ template_filter ] --END-- [ RunTime:0.000077s ]
INFO: Run Behavior\ParseTemplateBehavior [ RunTime:0.020084s ]
INFO: [ view_parse ] --END-- [ RunTime:0.020135s ]
INFO: [ view_filter ] --START--
INFO: Run Behavior\WriteHtmlCacheBehavior [ RunTime:0.000311s ]
INFO: [ view_filter ] --END-- [ RunTime:0.000337s ]

[ 2016-08-04T17:14:53+08:00 ] ::1 /TP/Admin/Admin/login.html
INFO: [ app_init ] --START--
INFO: Run Behavior\BuildLiteBehavior [ RunTime:0.000010s ]
INFO: [ app_init ] --END-- [ RunTime:0.000264s ]
INFO: [ app_begin ] --START--
INFO: Run Behavior\ReadHtmlCacheBehavior [ RunTime:0.000330s ]
INFO: [ app_begin ] --END-- [ RunTime:0.000366s ]
INFO: [ view_parse ] --START--
INFO: [ template_filter ] --START--
INFO: Run Behavior\ContentReplaceBehavior [ RunTime:0.000053s ]
INFO: [ template_filter ] --END-- [ RunTime:0.000094s ]
INFO: Run Behavior\ParseTemplateBehavior [ RunTime:0.014330s ]
INFO: [ view_parse ] --END-- [ RunTime:0.014373s ]
INFO: [ view_filter ] --START--
INFO: Run Behavior\WriteHtmlCacheBehavior [ RunTime:0.000174s ]
INFO: [ view_filter ] --END-- [ RunTime:0.000198s ]
INFO: [ app_end ] --START--
INFO: Run Behavior\ShowPageTraceBehavior [ RunTime:0.000417s ]
INFO: [ app_end ] --END-- [ RunTime:0.000446s ]

[ 2016-08-04T17:14:59+08:00 ] ::1 /TP/Admin/Admin/login.html
INFO: [ app_init ] --START--
INFO: Run Behavior\BuildLiteBehavior [ RunTime:0.000009s ]
INFO: [ app_init ] --END-- [ RunTime:0.000275s ]
INFO: [ app_begin ] --START--
INFO: Run Behavior\ReadHtmlCacheBehavior [ RunTime:0.000313s ]
INFO: [ app_begin ] --END-- [ RunTime:0.000346s ]
SQL: SHOW COLUMNS FROM `tp_admin` [ RunTime:0.0281s ]
SQL: SELECT * FROM `tp_admin` WHERE `user` = 'admin' AND `password` = 'd41d8cd98f00b204e9800998ecf8427e'  [ RunTime:0.0004s ]
INFO: [ view_parse ] --START--
INFO: [ template_filter ] --START--
INFO: Run Behavior\ContentReplaceBehavior [ RunTime:0.000121s ]
INFO: [ template_filter ] --END-- [ RunTime:0.000236s ]
INFO: Run Behavior\ParseTemplateBehavior [ RunTime:0.004043s ]
INFO: [ view_parse ] --END-- [ RunTime:0.004083s ]
INFO: [ view_filter ] --START--
INFO: Run Behavior\WriteHtmlCacheBehavior [ RunTime:0.000183s ]
INFO: [ view_filter ] --END-- [ RunTime:0.000210s ]

[ 2016-08-04T17:15:03+08:00 ] ::1 /TP/Admin/Admin/login.html
INFO: [ app_init ] --START--
INFO: Run Behavior\BuildLiteBehavior [ RunTime:0.000010s ]
INFO: [ app_init ] --END-- [ RunTime:0.000259s ]
INFO: [ app_begin ] --START--
INFO: Run Behavior\ReadHtmlCacheBehavior [ RunTime:0.000317s ]
INFO: [ app_begin ] --END-- [ RunTime:0.000351s ]
INFO: [ view_parse ] --START--
INFO: [ template_filter ] --START--
INFO: Run Behavior\ContentReplaceBehavior [ RunTime:0.000049s ]
INFO: [ template_filter ] --END-- [ RunTime:0.000080s ]
INFO: Run Behavior\ParseTemplateBehavior [ RunTime:0.003360s ]
INFO: [ view_parse ] --END-- [ RunTime:0.003391s ]
INFO: [ view_filter ] --START--
INFO: Run Behavior\WriteHtmlCacheBehavior [ RunTime:0.000168s ]
INFO: [ view_filter ] --END-- [ RunTime:0.000191s ]
INFO: [ app_end ] --START--
INFO: Run Behavior\ShowPageTraceBehavior [ RunTime:0.000310s ]
INFO: [ app_end ] --END-- [ RunTime:0.000337s ]

[ 2016-08-04T17:15:06+08:00 ] ::1 /TP/Admin/Admin/login.html
INFO: [ app_init ] --START--
INFO: Run Behavior\BuildLiteBehavior [ RunTime:0.000013s ]
INFO: [ app_init ] --END-- [ RunTime:0.000360s ]
INFO: [ app_begin ] --START--
INFO: Run Behavior\ReadHtmlCacheBehavior [ RunTime:0.000382s ]
INFO: [ app_begin ] --END-- [ RunTime:0.000427s ]
SQL: SHOW COLUMNS FROM `tp_admin` [ RunTime:0.0027s ]
SQL: SELECT * FROM `tp_admin` WHERE `user` = 'admin' AND `password` = '73acd9a5972130b75066c82595a1fae3'  [ RunTime:0.0002s ]
INFO: [ view_parse ] --START--
INFO: [ template_filter ] --START--
INFO: Run Behavior\ContentReplaceBehavior [ RunTime:0.000038s ]
INFO: [ template_filter ] --END-- [ RunTime:0.000070s ]
INFO: Run Behavior\ParseTemplateBehavior [ RunTime:0.003438s ]
INFO: [ view_parse ] --END-- [ RunTime:0.003471s ]
INFO: [ view_filter ] --START--
INFO: Run Behavior\WriteHtmlCacheBehavior [ RunTime:0.000167s ]
INFO: [ view_filter ] --END-- [ RunTime:0.000192s ]

[ 2016-08-04T17:15:09+08:00 ] ::1 /TP/Admin/Admin/login.html
INFO: [ app_init ] --START--
INFO: Run Behavior\BuildLiteBehavior [ RunTime:0.000010s ]
INFO: [ app_init ] --END-- [ RunTime:0.000265s ]
INFO: [ app_begin ] --START--
INFO: Run Behavior\ReadHtmlCacheBehavior [ RunTime:0.000326s ]
INFO: [ app_begin ] --END-- [ RunTime:0.000362s ]
INFO: [ view_parse ] --START--
INFO: [ template_filter ] --START--
INFO: Run Behavior\ContentReplaceBehavior [ RunTime:0.000049s ]
INFO: [ template_filter ] --END-- [ RunTime:0.000080s ]
INFO: Run Behavior\ParseTemplateBehavior [ RunTime:0.003360s ]
INFO: [ view_parse ] --END-- [ RunTime:0.003391s ]
INFO: [ view_filter ] --START--
INFO: Run Behavior\WriteHtmlCacheBehavior [ RunTime:0.000169s ]
INFO: [ view_filter ] --END-- [ RunTime:0.000194s ]
INFO: [ app_end ] --START--
INFO: Run Behavior\ShowPageTraceBehavior [ RunTime:0.000314s ]
INFO: [ app_end ] --END-- [ RunTime:0.000343s ]

[ 2016-08-04T17:15:13+08:00 ] ::1 /TP/Admin/Admin/login.html
INFO: [ app_init ] --START--
INFO: Run Behavior\BuildLiteBehavior [ RunTime:0.000009s ]
INFO: [ app_init ] --END-- [ RunTime:0.000251s ]
INFO: [ app_begin ] --START--
INFO: Run Behavior\ReadHtmlCacheBehavior [ RunTime:0.000306s ]
INFO: [ app_begin ] --END-- [ RunTime:0.000339s ]
SQL: SHOW COLUMNS FROM `tp_admin` [ RunTime:0.0026s ]
SQL: SELECT * FROM `tp_admin` WHERE `user` = 'admin' AND `password` = '21232f297a57a5a743894a0e4a801fc3'  [ RunTime:0.0002s ]
INFO: [ view_parse ] --START--
INFO: [ template_filter ] --START--
INFO: Run Behavior\ContentReplaceBehavior [ RunTime:0.000036s ]
INFO: [ template_filter ] --END-- [ RunTime:0.000068s ]
INFO: Run Behavior\ParseTemplateBehavior [ RunTime:0.003388s ]
INFO: [ view_parse ] --END-- [ RunTime:0.003422s ]
INFO: [ view_filter ] --START--
INFO: Run Behavior\WriteHtmlCacheBehavior [ RunTime:0.000167s ]
INFO: [ view_filter ] --END-- [ RunTime:0.000191s ]
INFO: [ app_end ] --START--
INFO: Run Behavior\ShowPageTraceBehavior [ RunTime:0.000321s ]
INFO: [ app_end ] --END-- [ RunTime:0.000347s ]

[ 2016-08-04T17:15:15+08:00 ] ::1 /TP/Admin/Index/index.html
INFO: [ app_init ] --START--
INFO: Run Behavior\BuildLiteBehavior [ RunTime:0.000008s ]
INFO: [ app_init ] --END-- [ RunTime:0.000251s ]
INFO: [ app_begin ] --START--
INFO: Run Behavior\ReadHtmlCacheBehavior [ RunTime:0.000303s ]
INFO: [ app_begin ] --END-- [ RunTime:0.000337s ]
INFO: [ view_parse ] --START--
INFO: [ template_filter ] --START--
INFO: Run Behavior\ContentReplaceBehavior [ RunTime:0.000057s ]
INFO: [ template_filter ] --END-- [ RunTime:0.000098s ]
INFO: Run Behavior\ParseTemplateBehavior [ RunTime:0.011989s ]
INFO: [ view_parse ] --END-- [ RunTime:0.012033s ]
INFO: [ view_filter ] --START--
INFO: Run Behavior\WriteHtmlCacheBehavior [ RunTime:0.000172s ]
INFO: [ view_filter ] --END-- [ RunTime:0.000196s ]
INFO: [ app_end ] --START--
INFO: Run Behavior\ShowPageTraceBehavior [ RunTime:0.000306s ]
INFO: [ app_end ] --END-- [ RunTime:0.000333s ]

[ 2016-08-04T17:15:15+08:00 ] ::1 /TP/Admin/Index/shouye.html
INFO: [ app_init ] --START--
INFO: Run Behavior\BuildLiteBehavior [ RunTime:0.000009s ]
INFO: [ app_init ] --END-- [ RunTime:0.000256s ]
INFO: [ app_begin ] --START--
INFO: Run Behavior\ReadHtmlCacheBehavior [ RunTime:0.000488s ]
INFO: [ app_begin ] --END-- [ RunTime:0.000536s ]
INFO: [ view_parse ] --START--
INFO: [ template_filter ] --START--
INFO: Run Behavior\ContentReplaceBehavior [ RunTime:0.000064s ]
INFO: [ template_filter ] --END-- [ RunTime:0.000110s ]
INFO: Run Behavior\ParseTemplateBehavior [ RunTime:0.033505s ]
INFO: [ view_parse ] --END-- [ RunTime:0.033556s ]
INFO: [ view_filter ] --START--
INFO: Run Behavior\WriteHtmlCacheBehavior [ RunTime:0.000189s ]
INFO: [ view_filter ] --END-- [ RunTime:0.000218s ]
INFO: [ app_end ] --START--
INFO: Run Behavior\ShowPageTraceBehavior [ RunTime:0.006545s ]
INFO: [ app_end ] --END-- [ RunTime:0.006688s ]

[ 2016-08-04T17:15:18+08:00 ] ::1 /TP/Admin/User/index.html
INFO: [ app_init ] --START--
INFO: Run Behavior\BuildLiteBehavior [ RunTime:0.000010s ]
INFO: [ app_init ] --END-- [ RunTime:0.000265s ]
INFO: [ app_begin ] --START--
INFO: Run Behavior\ReadHtmlCacheBehavior [ RunTime:0.000327s ]
INFO: [ app_begin ] --END-- [ RunTime:0.000366s ]
SQL: SHOW COLUMNS FROM `tp_user` [ RunTime:0.0318s ]
SQL: SHOW COLUMNS FROM `tp_province` [ RunTime:0.0122s ]
SQL: SELECT COUNT(*) AS tp_count FROM `tp_user` LIMIT 1   [ RunTime:0.0003s ]
NOTIC: [8] Undefined variable: where D:\wwwroot\TP\Application\Admin\Controller\UserController.class.php 第 20 行.
NOTIC: [2] Invalid argument supplied for foreach() D:\wwwroot\TP\Application\Admin\Controller\UserController.class.php 第 20 行.
NOTIC: [8] Undefined variable: where D:\wwwroot\TP\Application\Admin\Controller\UserController.class.php 第 25 行.
SQL: SELECT * FROM `tp_user` ORDER BY id LIMIT 0,8   [ RunTime:0.0005s ]
SQL: SELECT * FROM `tp_province`  [ RunTime:0.0085s ]
INFO: [ view_parse ] --START--
INFO: [ template_filter ] --START--
INFO: Run Behavior\ContentReplaceBehavior [ RunTime:0.000052s ]
INFO: [ template_filter ] --END-- [ RunTime:0.000093s ]
INFO: Run Behavior\ParseTemplateBehavior [ RunTime:0.035621s ]
INFO: [ view_parse ] --END-- [ RunTime:0.035656s ]
INFO: [ view_filter ] --START--
INFO: Run Behavior\WriteHtmlCacheBehavior [ RunTime:0.000173s ]
INFO: [ view_filter ] --END-- [ RunTime:0.000198s ]
INFO: [ app_end ] --START--
INFO: Run Behavior\ShowPageTraceBehavior [ RunTime:0.000309s ]
INFO: [ app_end ] --END-- [ RunTime:0.000335s ]

[ 2016-08-04T17:15:24+08:00 ] ::1 /TP/Admin/ArticleCategory/index.html
INFO: [ app_init ] --START--
INFO: Run Behavior\BuildLiteBehavior [ RunTime:0.000009s ]
INFO: [ app_init ] --END-- [ RunTime:0.000242s ]
INFO: [ app_begin ] --START--
INFO: Run Behavior\ReadHtmlCacheBehavior [ RunTime:0.000301s ]
INFO: [ app_begin ] --END-- [ RunTime:0.000335s ]
SQL: SHOW COLUMNS FROM `tp_category` [ RunTime:0.0419s ]
SQL: SELECT * FROM `tp_category`  [ RunTime:0.0002s ]
NOTIC: [8] Undefined index: parent_id D:\wwwroot\TP\Application\Common\Common\function.php 第 26 行.
NOTIC: [8] Undefined index: parent_id D:\wwwroot\TP\Application\Common\Common\function.php 第 26 行.
NOTIC: [8] Undefined index: parent_id D:\wwwroot\TP\Application\Common\Common\function.php 第 26 行.
NOTIC: [8] Undefined index: parent_id D:\wwwroot\TP\Application\Common\Common\function.php 第 26 行.
NOTIC: [8] Undefined index: parent_id D:\wwwroot\TP\Application\Common\Common\function.php 第 26 行.
NOTIC: [8] Undefined index: parent_id D:\wwwroot\TP\Application\Common\Common\function.php 第 26 行.
NOTIC: [8] Undefined index: parent_id D:\wwwroot\TP\Application\Common\Common\function.php 第 26 行.
NOTIC: [8] Undefined index: parent_id D:\wwwroot\TP\Application\Common\Common\function.php 第 26 行.
NOTIC: [8] Undefined index: parent_id D:\wwwroot\TP\Application\Common\Common\function.php 第 26 行.
NOTIC: [8] Undefined index: parent_id D:\wwwroot\TP\Application\Common\Common\function.php 第 26 行.
NOTIC: [8] Undefined index: parent_id D:\wwwroot\TP\Application\Common\Common\function.php 第 26 行.
NOTIC: [8] Undefined index: parent_id D:\wwwroot\TP\Application\Common\Common\function.php 第 26 行.
NOTIC: [8] Undefined index: parent_id D:\wwwroot\TP\Application\Common\Common\function.php 第 26 行.
NOTIC: [8] Undefined index: parent_id D:\wwwroot\TP\Application\Common\Common\function.php 第 26 行.
NOTIC: [8] Undefined index: parent_id D:\wwwroot\TP\Application\Common\Common\function.php 第 26 行.
NOTIC: [8] Undefined index: parent_id D:\wwwroot\TP\Application\Common\Common\function.php 第 26 行.
NOTIC: [8] Undefined index: parent_id D:\wwwroot\TP\Application\Common\Common\function.php 第 26 行.
NOTIC: [8] Undefined index: parent_id D:\wwwroot\TP\Application\Common\Common\function.php 第 26 行.
NOTIC: [8] Undefined index: parent_id D:\wwwroot\TP\Application\Common\Common\function.php 第 26 行.
NOTIC: [8] Undefined index: parent_id D:\wwwroot\TP\Application\Common\Common\function.php 第 26 行.
INFO: [ view_parse ] --START--
INFO: [ template_filter ] --START--
INFO: Run Behavior\ContentReplaceBehavior [ RunTime:0.000040s ]
INFO: [ template_filter ] --END-- [ RunTime:0.000078s ]
NOTIC: [8] Undefined variable: page D:\wwwroot\TP\Application\Runtime\Cache\Admin\9c78777aec9662ad4f5801930dba32de.php 第 32 行.
NOTIC: [8] Undefined variable: page D:\wwwroot\TP\Application\Runtime\Cache\Admin\9c78777aec9662ad4f5801930dba32de.php 第 35 行.
INFO: Run Behavior\ParseTemplateBehavior [ RunTime:0.029027s ]
INFO: [ view_parse ] --END-- [ RunTime:0.029063s ]
INFO: [ view_filter ] --START--
INFO: Run Behavior\WriteHtmlCacheBehavior [ RunTime:0.000188s ]
INFO: [ view_filter ] --END-- [ RunTime:0.000214s ]
INFO: [ app_end ] --START--
INFO: Run Behavior\ShowPageTraceBehavior [ RunTime:0.000318s ]
INFO: [ app_end ] --END-- [ RunTime:0.000345s ]

[ 2016-08-04T17:15:29+08:00 ] ::1 /TP/Admin/ArticleCategory/index.html
INFO: [ app_init ] --START--
INFO: Run Behavior\BuildLiteBehavior [ RunTime:0.000010s ]
INFO: [ app_init ] --END-- [ RunTime:0.000263s ]
INFO: [ app_begin ] --START--
INFO: Run Behavior\ReadHtmlCacheBehavior [ RunTime:0.000318s ]
INFO: [ app_begin ] --END-- [ RunTime:0.000390s ]
SQL: SHOW COLUMNS FROM `tp_category` [ RunTime:0.0048s ]
SQL: SELECT * FROM `tp_category`  [ RunTime:0.0010s ]
NOTIC: [8] Undefined index: parent_id D:\wwwroot\TP\Application\Common\Common\function.php 第 26 行.
NOTIC: [8] Undefined index: parent_id D:\wwwroot\TP\Application\Common\Common\function.php 第 26 行.
NOTIC: [8] Undefined index: parent_id D:\wwwroot\TP\Application\Common\Common\function.php 第 26 行.
NOTIC: [8] Undefined index: parent_id D:\wwwroot\TP\Application\Common\Common\function.php 第 26 行.
NOTIC: [8] Undefined index: parent_id D:\wwwroot\TP\Application\Common\Common\function.php 第 26 行.
NOTIC: [8] Undefined index: parent_id D:\wwwroot\TP\Application\Common\Common\function.php 第 26 行.
NOTIC: [8] Undefined index: parent_id D:\wwwroot\TP\Application\Common\Common\function.php 第 26 行.
NOTIC: [8] Undefined index: parent_id D:\wwwroot\TP\Application\Common\Common\function.php 第 26 行.
NOTIC: [8] Undefined index: parent_id D:\wwwroot\TP\Application\Common\Common\function.php 第 26 行.
NOTIC: [8] Undefined index: parent_id D:\wwwroot\TP\Application\Common\Common\function.php 第 26 行.
NOTIC: [8] Undefined index: parent_id D:\wwwroot\TP\Application\Common\Common\function.php 第 26 行.
NOTIC: [8] Undefined index: parent_id D:\wwwroot\TP\Application\Common\Common\function.php 第 26 行.
NOTIC: [8] Undefined index: parent_id D:\wwwroot\TP\Application\Common\Common\function.php 第 26 行.
NOTIC: [8] Undefined index: parent_id D:\wwwroot\TP\Application\Common\Common\function.php 第 26 行.
NOTIC: [8] Undefined index: parent_id D:\wwwroot\TP\Application\Common\Common\function.php 第 26 行.
NOTIC: [8] Undefined index: parent_id D:\wwwroot\TP\Application\Common\Common\function.php 第 26 行.
NOTIC: [8] Undefined index: parent_id D:\wwwroot\TP\Application\Common\Common\function.php 第 26 行.
NOTIC: [8] Undefined index: parent_id D:\wwwroot\TP\Application\Common\Common\function.php 第 26 行.
NOTIC: [8] Undefined index: parent_id D:\wwwroot\TP\Application\Common\Common\function.php 第 26 行.
NOTIC: [8] Undefined index: parent_id D:\wwwroot\TP\Application\Common\Common\function.php 第 26 行.
INFO: [ view_parse ] --START--
INFO: [ template_filter ] --START--
INFO: Run Behavior\ContentReplaceBehavior [ RunTime:0.000042s ]
INFO: [ template_filter ] --END-- [ RunTime:0.000083s ]
NOTIC: [8] Undefined variable: page D:\wwwroot\TP\Application\Runtime\Cache\Admin\9c78777aec9662ad4f5801930dba32de.php 第 32 行.
NOTIC: [8] Undefined variable: page D:\wwwroot\TP\Application\Runtime\Cache\Admin\9c78777aec9662ad4f5801930dba32de.php 第 35 行.
INFO: Run Behavior\ParseTemplateBehavior [ RunTime:0.009200s ]
INFO: [ view_parse ] --END-- [ RunTime:0.009241s ]
INFO: [ view_filter ] --START--
INFO: Run Behavior\WriteHtmlCacheBehavior [ RunTime:0.000225s ]
INFO: [ view_filter ] --END-- [ RunTime:0.000252s ]
INFO: [ app_end ] --START--
INFO: Run Behavior\ShowPageTraceBehavior [ RunTime:0.000948s ]
INFO: [ app_end ] --END-- [ RunTime:0.000990s ]

