[ 2018-06-14T09:55:01+08:00 ] ::1 /TP/admin
INFO: [ app_init ] --START--
INFO: Run Behavior\BuildLiteBehavior [ RunTime:0.000011s ]
INFO: [ app_init ] --END-- [ RunTime:0.000299s ]
INFO: [ app_begin ] --START--
INFO: Run Behavior\ReadHtmlCacheBehavior [ RunTime:0.000455s ]
INFO: [ app_begin ] --END-- [ RunTime:0.000488s ]
INFO: [ view_parse ] --START--
INFO: [ template_filter ] --START--
INFO: Run Behavior\ContentReplaceBehavior [ RunTime:0.000038s ]
INFO: [ template_filter ] --END-- [ RunTime:0.000074s ]
INFO: Run Behavior\ParseTemplateBehavior [ RunTime:0.026024s ]
INFO: [ view_parse ] --END-- [ RunTime:0.026074s ]
INFO: [ view_filter ] --START--
INFO: Run Behavior\WriteHtmlCacheBehavior [ RunTime:0.000474s ]
INFO: [ view_filter ] --END-- [ RunTime:0.000511s ]

[ 2018-06-14T09:55:04+08:00 ] ::1 /TP/Admin/Admin/login.html
INFO: [ app_init ] --START--
INFO: Run Behavior\BuildLiteBehavior [ RunTime:0.000013s ]
INFO: [ app_init ] --END-- [ RunTime:0.000391s ]
INFO: [ app_begin ] --START--
INFO: Run Behavior\ReadHtmlCacheBehavior [ RunTime:0.000557s ]
INFO: [ app_begin ] --END-- [ RunTime:0.000591s ]
INFO: [ view_parse ] --START--
INFO: [ template_filter ] --START--
INFO: Run Behavior\ContentReplaceBehavior [ RunTime:0.000054s ]
INFO: [ template_filter ] --END-- [ RunTime:0.000096s ]
INFO: Run Behavior\ParseTemplateBehavior [ RunTime:0.063510s ]
INFO: [ view_parse ] --END-- [ RunTime:0.063555s ]
INFO: [ view_filter ] --START--
INFO: Run Behavior\WriteHtmlCacheBehavior [ RunTime:0.000376s ]
INFO: [ view_filter ] --END-- [ RunTime:0.000411s ]
INFO: [ app_end ] --START--
INFO: Run Behavior\ShowPageTraceBehavior [ RunTime:0.000531s ]
INFO: [ app_end ] --END-- [ RunTime:0.000562s ]

[ 2018-06-14T09:55:09+08:00 ] ::1 /TP/Admin/Admin/login.html
INFO: [ app_init ] --START--
INFO: Run Behavior\BuildLiteBehavior [ RunTime:0.000012s ]
INFO: [ app_init ] --END-- [ RunTime:0.000393s ]
INFO: [ app_begin ] --START--
INFO: Run Behavior\ReadHtmlCacheBehavior [ RunTime:0.000660s ]
INFO: [ app_begin ] --END-- [ RunTime:0.000705s ]
ERR: SQLSTATE[HY000] [1045] Access denied for user 'root'@'localhost' (using password: NO)

[ 2018-06-14T09:55:41+08:00 ] ::1 /TP/Admin/Admin/login.html
INFO: [ app_init ] --START--
INFO: Run Behavior\BuildLiteBehavior [ RunTime:0.000018s ]
INFO: [ app_init ] --END-- [ RunTime:0.000485s ]
INFO: [ app_begin ] --START--
INFO: Run Behavior\ReadHtmlCacheBehavior [ RunTime:0.000678s ]
INFO: [ app_begin ] --END-- [ RunTime:0.000726s ]
INFO: [ view_parse ] --START--
INFO: [ template_filter ] --START--
INFO: Run Behavior\ContentReplaceBehavior [ RunTime:0.000049s ]
INFO: [ template_filter ] --END-- [ RunTime:0.000081s ]
INFO: Run Behavior\ParseTemplateBehavior [ RunTime:0.004748s ]
INFO: [ view_parse ] --END-- [ RunTime:0.004779s ]
INFO: [ view_filter ] --START--
INFO: Run Behavior\WriteHtmlCacheBehavior [ RunTime:0.000381s ]
INFO: [ view_filter ] --END-- [ RunTime:0.000406s ]
INFO: [ app_end ] --START--
INFO: Run Behavior\ShowPageTraceBehavior [ RunTime:0.000593s ]
INFO: [ app_end ] --END-- [ RunTime:0.000632s ]

[ 2018-06-14T09:55:48+08:00 ] ::1 /TP/Admin/Admin/login.html
INFO: [ app_init ] --START--
INFO: Run Behavior\BuildLiteBehavior [ RunTime:0.000013s ]
INFO: [ app_init ] --END-- [ RunTime:0.000377s ]
INFO: [ app_begin ] --START--
INFO: Run Behavior\ReadHtmlCacheBehavior [ RunTime:0.000546s ]
INFO: [ app_begin ] --END-- [ RunTime:0.000589s ]
SQL: SHOW COLUMNS FROM `admin` [ RunTime:0.0040s ]
SQL: SELECT * FROM `admin` WHERE `password` = 'admin'  [ RunTime:0.0004s ]
INFO: [ view_parse ] --START--
INFO: [ template_filter ] --START--
INFO: Run Behavior\ContentReplaceBehavior [ RunTime:0.000042s ]
INFO: [ template_filter ] --END-- [ RunTime:0.000080s ]
INFO: Run Behavior\ParseTemplateBehavior [ RunTime:0.004608s ]
INFO: [ view_parse ] --END-- [ RunTime:0.004650s ]
INFO: [ view_filter ] --START--
INFO: Run Behavior\WriteHtmlCacheBehavior [ RunTime:0.000331s ]
INFO: [ view_filter ] --END-- [ RunTime:0.000358s ]
INFO: [ app_end ] --START--
INFO: Run Behavior\ShowPageTraceBehavior [ RunTime:0.000541s ]
INFO: [ app_end ] --END-- [ RunTime:0.000570s ]

[ 2018-06-14T09:55:50+08:00 ] ::1 /TP/Admin/Index/index.html
INFO: [ app_init ] --START--
INFO: Run Behavior\BuildLiteBehavior [ RunTime:0.000021s ]
INFO: [ app_init ] --END-- [ RunTime:0.000748s ]
INFO: [ app_begin ] --START--
INFO: Run Behavior\ReadHtmlCacheBehavior [ RunTime:0.001111s ]
INFO: [ app_begin ] --END-- [ RunTime:0.001189s ]
INFO: [ view_parse ] --START--
INFO: [ template_filter ] --START--
INFO: Run Behavior\ContentReplaceBehavior [ RunTime:0.000119s ]
INFO: [ template_filter ] --END-- [ RunTime:0.000198s ]
INFO: Run Behavior\ParseTemplateBehavior [ RunTime:0.032064s ]
INFO: [ view_parse ] --END-- [ RunTime:0.032142s ]
INFO: [ view_filter ] --START--
INFO: Run Behavior\WriteHtmlCacheBehavior [ RunTime:0.000712s ]
INFO: [ view_filter ] --END-- [ RunTime:0.000771s ]
INFO: [ app_end ] --START--
INFO: Run Behavior\ShowPageTraceBehavior [ RunTime:0.001123s ]
INFO: [ app_end ] --END-- [ RunTime:0.001189s ]

[ 2018-06-14T09:55:50+08:00 ] ::1 /TP/Admin/Index/shouye.html
INFO: [ app_init ] --START--
INFO: Run Behavior\BuildLiteBehavior [ RunTime:0.000013s ]
INFO: [ app_init ] --END-- [ RunTime:0.000352s ]
INFO: [ app_begin ] --START--
INFO: Run Behavior\ReadHtmlCacheBehavior [ RunTime:0.000504s ]
INFO: [ app_begin ] --END-- [ RunTime:0.000542s ]
INFO: [ view_parse ] --START--
INFO: [ template_filter ] --START--
INFO: Run Behavior\ContentReplaceBehavior [ RunTime:0.000063s ]
INFO: [ template_filter ] --END-- [ RunTime:0.000109s ]
INFO: Run Behavior\ParseTemplateBehavior [ RunTime:0.019983s ]
INFO: [ view_parse ] --END-- [ RunTime:0.020019s ]
INFO: [ view_filter ] --START--
INFO: Run Behavior\WriteHtmlCacheBehavior [ RunTime:0.000345s ]
INFO: [ view_filter ] --END-- [ RunTime:0.000372s ]
INFO: [ app_end ] --START--
INFO: Run Behavior\ShowPageTraceBehavior [ RunTime:0.000511s ]
INFO: [ app_end ] --END-- [ RunTime:0.000539s ]

[ 2018-06-14T09:56:11+08:00 ] ::1 /TP/Admin/User/index.html
INFO: [ app_init ] --START--
INFO: Run Behavior\BuildLiteBehavior [ RunTime:0.000010s ]
INFO: [ app_init ] --END-- [ RunTime:0.000324s ]
INFO: [ app_begin ] --START--
INFO: Run Behavior\ReadHtmlCacheBehavior [ RunTime:0.000556s ]
INFO: [ app_begin ] --END-- [ RunTime:0.000594s ]
SQL: SHOW COLUMNS FROM `user` [ RunTime:0.0196s ]
ERR: 1146:Table 'thinkphp.province' doesn't exist
 [ SQL语句 ] : SHOW COLUMNS FROM `province`
ERR: 1146:Table 'thinkphp.province' doesn't exist
 [ SQL语句 ] : SHOW COLUMNS FROM `province`

[ 2018-06-14T09:57:08+08:00 ] ::1 /TP/Admin/User/index.html
INFO: [ app_init ] --START--
INFO: Run Behavior\BuildLiteBehavior [ RunTime:0.000012s ]
INFO: [ app_init ] --END-- [ RunTime:0.000406s ]
INFO: [ app_begin ] --START--
INFO: Run Behavior\ReadHtmlCacheBehavior [ RunTime:0.000512s ]
INFO: [ app_begin ] --END-- [ RunTime:0.000544s ]
SQL: SHOW COLUMNS FROM `user` [ RunTime:0.0139s ]
SQL: SELECT COUNT(*) AS tp_count FROM `user` LIMIT 1   [ RunTime:0.0010s ]
NOTIC: [8] Undefined variable: map G:\phpStudy\PHPTutorial\WWW\TP\Application\Admin\Controller\UserController.class.php 第 21 行.
NOTIC: [2] Invalid argument supplied for foreach() G:\phpStudy\PHPTutorial\WWW\TP\Application\Admin\Controller\UserController.class.php 第 21 行.
NOTIC: [8] Undefined variable: where G:\phpStudy\PHPTutorial\WWW\TP\Application\Admin\Controller\UserController.class.php 第 24 行.
SQL: SELECT * FROM `user` ORDER BY id LIMIT 0,2   [ RunTime:0.0008s ]
NOTIC: [8] Undefined variable: province G:\phpStudy\PHPTutorial\WWW\TP\Application\Admin\Controller\UserController.class.php 第 25 行.

[ 2018-06-14T09:57:31+08:00 ] ::1 /TP/Admin/User/index.html
INFO: [ app_init ] --START--
INFO: Run Behavior\BuildLiteBehavior [ RunTime:0.000015s ]
INFO: [ app_init ] --END-- [ RunTime:0.000399s ]
INFO: [ app_begin ] --START--
INFO: Run Behavior\ReadHtmlCacheBehavior [ RunTime:0.000528s ]
INFO: [ app_begin ] --END-- [ RunTime:0.000565s ]
SQL: SHOW COLUMNS FROM `user` [ RunTime:0.0136s ]
SQL: SELECT COUNT(*) AS tp_count FROM `user` LIMIT 1   [ RunTime:0.0008s ]
NOTIC: [8] Undefined variable: map G:\phpStudy\PHPTutorial\WWW\TP\Application\Admin\Controller\UserController.class.php 第 21 行.
NOTIC: [2] Invalid argument supplied for foreach() G:\phpStudy\PHPTutorial\WWW\TP\Application\Admin\Controller\UserController.class.php 第 21 行.
NOTIC: [8] Undefined variable: where G:\phpStudy\PHPTutorial\WWW\TP\Application\Admin\Controller\UserController.class.php 第 24 行.
SQL: SELECT * FROM `user` ORDER BY id LIMIT 0,2   [ RunTime:0.0009s ]
NOTIC: [8] Undefined variable: result G:\phpStudy\PHPTutorial\WWW\TP\Application\Admin\Controller\UserController.class.php 第 28 行.
INFO: [ view_parse ] --START--
INFO: [ template_filter ] --START--
INFO: Run Behavior\ContentReplaceBehavior [ RunTime:0.000239s ]
INFO: [ template_filter ] --END-- [ RunTime:0.000373s ]
INFO: Run Behavior\ParseTemplateBehavior [ RunTime:0.042898s ]
INFO: [ view_parse ] --END-- [ RunTime:0.043013s ]
INFO: [ view_filter ] --START--
INFO: Run Behavior\WriteHtmlCacheBehavior [ RunTime:0.000926s ]
INFO: [ view_filter ] --END-- [ RunTime:0.001000s ]
INFO: [ app_end ] --START--
INFO: Run Behavior\ShowPageTraceBehavior [ RunTime:0.001392s ]
INFO: [ app_end ] --END-- [ RunTime:0.001466s ]

[ 2018-06-14T09:57:56+08:00 ] ::1 /TP/Admin/User/show.html
INFO: [ app_init ] --START--
INFO: Run Behavior\BuildLiteBehavior [ RunTime:0.000010s ]
INFO: [ app_init ] --END-- [ RunTime:0.000379s ]
INFO: [ app_begin ] --START--
INFO: Run Behavior\ReadHtmlCacheBehavior [ RunTime:0.000587s ]
INFO: [ app_begin ] --END-- [ RunTime:0.000623s ]
ERR: 非法操作:show

[ 2018-06-14T10:02:30+08:00 ] ::1 /TP/Admin/User/index.html
INFO: [ app_init ] --START--
INFO: Run Behavior\BuildLiteBehavior [ RunTime:0.000011s ]
INFO: [ app_init ] --END-- [ RunTime:0.000393s ]
INFO: [ app_begin ] --START--
INFO: Run Behavior\ReadHtmlCacheBehavior [ RunTime:0.000574s ]
INFO: [ app_begin ] --END-- [ RunTime:0.000612s ]
SQL: SHOW COLUMNS FROM `user` [ RunTime:0.0138s ]
SQL: SELECT COUNT(*) AS tp_count FROM `user` LIMIT 1   [ RunTime:0.0009s ]
NOTIC: [8] Undefined variable: map G:\phpStudy\PHPTutorial\WWW\TP\Application\Admin\Controller\UserController.class.php 第 21 行.
NOTIC: [2] Invalid argument supplied for foreach() G:\phpStudy\PHPTutorial\WWW\TP\Application\Admin\Controller\UserController.class.php 第 21 行.
NOTIC: [8] Undefined variable: where G:\phpStudy\PHPTutorial\WWW\TP\Application\Admin\Controller\UserController.class.php 第 24 行.
SQL: SELECT * FROM `user` ORDER BY id LIMIT 0,2   [ RunTime:0.0010s ]
NOTIC: [8] Undefined variable: result G:\phpStudy\PHPTutorial\WWW\TP\Application\Admin\Controller\UserController.class.php 第 28 行.
INFO: [ view_parse ] --START--
INFO: [ template_filter ] --START--
INFO: Run Behavior\ContentReplaceBehavior [ RunTime:0.000179s ]
INFO: [ template_filter ] --END-- [ RunTime:0.000255s ]
INFO: Run Behavior\ParseTemplateBehavior [ RunTime:0.020711s ]
INFO: [ view_parse ] --END-- [ RunTime:0.020823s ]
INFO: [ view_filter ] --START--
INFO: Run Behavior\WriteHtmlCacheBehavior [ RunTime:0.000896s ]
INFO: [ view_filter ] --END-- [ RunTime:0.000966s ]
INFO: [ app_end ] --START--
INFO: Run Behavior\ShowPageTraceBehavior [ RunTime:0.001383s ]
INFO: [ app_end ] --END-- [ RunTime:0.001457s ]

[ 2018-06-14T10:03:06+08:00 ] ::1 /TP/Admin/User/index.html
INFO: [ app_init ] --START--
INFO: Run Behavior\BuildLiteBehavior [ RunTime:0.000011s ]
INFO: [ app_init ] --END-- [ RunTime:0.000384s ]
INFO: [ app_begin ] --START--
INFO: Run Behavior\ReadHtmlCacheBehavior [ RunTime:0.000582s ]
INFO: [ app_begin ] --END-- [ RunTime:0.000619s ]
SQL: SHOW COLUMNS FROM `user` [ RunTime:0.0136s ]
SQL: SELECT COUNT(*) AS tp_count FROM `user` LIMIT 1   [ RunTime:0.0008s ]
NOTIC: [8] Undefined variable: map G:\phpStudy\PHPTutorial\WWW\TP\Application\Admin\Controller\UserController.class.php 第 21 行.
NOTIC: [2] Invalid argument supplied for foreach() G:\phpStudy\PHPTutorial\WWW\TP\Application\Admin\Controller\UserController.class.php 第 21 行.
NOTIC: [8] Undefined variable: where G:\phpStudy\PHPTutorial\WWW\TP\Application\Admin\Controller\UserController.class.php 第 24 行.
SQL: SELECT * FROM `user` ORDER BY id LIMIT 0,2   [ RunTime:0.0010s ]
NOTIC: [8] Undefined variable: result G:\phpStudy\PHPTutorial\WWW\TP\Application\Admin\Controller\UserController.class.php 第 28 行.
INFO: [ view_parse ] --START--
INFO: [ template_filter ] --START--
INFO: Run Behavior\ContentReplaceBehavior [ RunTime:0.000180s ]
INFO: [ template_filter ] --END-- [ RunTime:0.000255s ]
INFO: Run Behavior\ParseTemplateBehavior [ RunTime:0.019042s ]
INFO: [ view_parse ] --END-- [ RunTime:0.019154s ]
INFO: [ view_filter ] --START--
INFO: Run Behavior\WriteHtmlCacheBehavior [ RunTime:0.000916s ]
INFO: [ view_filter ] --END-- [ RunTime:0.000985s ]
INFO: [ app_end ] --START--
INFO: Run Behavior\ShowPageTraceBehavior [ RunTime:0.001373s ]
INFO: [ app_end ] --END-- [ RunTime:0.001447s ]

[ 2018-06-14T10:03:10+08:00 ] ::1 /TP/Admin/User/index.html
INFO: [ app_init ] --START--
INFO: Run Behavior\BuildLiteBehavior [ RunTime:0.000010s ]
INFO: [ app_init ] --END-- [ RunTime:0.000332s ]
INFO: [ app_begin ] --START--
INFO: Run Behavior\ReadHtmlCacheBehavior [ RunTime:0.000521s ]
INFO: [ app_begin ] --END-- [ RunTime:0.000556s ]
SQL: SHOW COLUMNS FROM `user` [ RunTime:0.0138s ]
SQL: SELECT COUNT(*) AS tp_count FROM `user` LIMIT 1   [ RunTime:0.0008s ]
NOTIC: [8] Undefined variable: map G:\phpStudy\PHPTutorial\WWW\TP\Application\Admin\Controller\UserController.class.php 第 21 行.
NOTIC: [2] Invalid argument supplied for foreach() G:\phpStudy\PHPTutorial\WWW\TP\Application\Admin\Controller\UserController.class.php 第 21 行.
NOTIC: [8] Undefined variable: where G:\phpStudy\PHPTutorial\WWW\TP\Application\Admin\Controller\UserController.class.php 第 24 行.
SQL: SELECT * FROM `user` ORDER BY id LIMIT 0,2   [ RunTime:0.0009s ]
NOTIC: [8] Undefined variable: result G:\phpStudy\PHPTutorial\WWW\TP\Application\Admin\Controller\UserController.class.php 第 28 行.
INFO: [ view_parse ] --START--
INFO: [ template_filter ] --START--
INFO: Run Behavior\ContentReplaceBehavior [ RunTime:0.000179s ]
INFO: [ template_filter ] --END-- [ RunTime:0.000257s ]
INFO: Run Behavior\ParseTemplateBehavior [ RunTime:0.018391s ]
INFO: [ view_parse ] --END-- [ RunTime:0.018503s ]
INFO: [ view_filter ] --START--
INFO: Run Behavior\WriteHtmlCacheBehavior [ RunTime:0.000785s ]
INFO: [ view_filter ] --END-- [ RunTime:0.000853s ]
INFO: [ app_end ] --START--
INFO: Run Behavior\ShowPageTraceBehavior [ RunTime:0.001332s ]
INFO: [ app_end ] --END-- [ RunTime:0.001405s ]

[ 2018-06-14T10:03:11+08:00 ] ::1 /TP/Admin/User/index.html
INFO: [ app_init ] --START--
INFO: Run Behavior\BuildLiteBehavior [ RunTime:0.000010s ]
INFO: [ app_init ] --END-- [ RunTime:0.000326s ]
INFO: [ app_begin ] --START--
INFO: Run Behavior\ReadHtmlCacheBehavior [ RunTime:0.000516s ]
INFO: [ app_begin ] --END-- [ RunTime:0.000548s ]
SQL: SHOW COLUMNS FROM `user` [ RunTime:0.0077s ]
SQL: SELECT COUNT(*) AS tp_count FROM `user` LIMIT 1   [ RunTime:0.0005s ]
NOTIC: [8] Undefined variable: map G:\phpStudy\PHPTutorial\WWW\TP\Application\Admin\Controller\UserController.class.php 第 21 行.
NOTIC: [2] Invalid argument supplied for foreach() G:\phpStudy\PHPTutorial\WWW\TP\Application\Admin\Controller\UserController.class.php 第 21 行.
NOTIC: [8] Undefined variable: where G:\phpStudy\PHPTutorial\WWW\TP\Application\Admin\Controller\UserController.class.php 第 24 行.
SQL: SELECT * FROM `user` ORDER BY id LIMIT 0,2   [ RunTime:0.0005s ]
NOTIC: [8] Undefined variable: result G:\phpStudy\PHPTutorial\WWW\TP\Application\Admin\Controller\UserController.class.php 第 28 行.
INFO: [ view_parse ] --START--
INFO: [ template_filter ] --START--
INFO: Run Behavior\ContentReplaceBehavior [ RunTime:0.000161s ]
INFO: [ template_filter ] --END-- [ RunTime:0.000236s ]
INFO: Run Behavior\ParseTemplateBehavior [ RunTime:0.014122s ]
INFO: [ view_parse ] --END-- [ RunTime:0.014197s ]
INFO: [ view_filter ] --START--
INFO: Run Behavior\WriteHtmlCacheBehavior [ RunTime:0.000681s ]
INFO: [ view_filter ] --END-- [ RunTime:0.000742s ]
INFO: [ app_end ] --START--
INFO: Run Behavior\ShowPageTraceBehavior [ RunTime:0.001177s ]
INFO: [ app_end ] --END-- [ RunTime:0.001242s ]

[ 2018-06-14T10:03:12+08:00 ] ::1 /TP/Admin/User/index.html
INFO: [ app_init ] --START--
INFO: Run Behavior\BuildLiteBehavior [ RunTime:0.000011s ]
INFO: [ app_init ] --END-- [ RunTime:0.000351s ]
INFO: [ app_begin ] --START--
INFO: Run Behavior\ReadHtmlCacheBehavior [ RunTime:0.000577s ]
INFO: [ app_begin ] --END-- [ RunTime:0.000615s ]
SQL: SHOW COLUMNS FROM `user` [ RunTime:0.0533s ]
SQL: SELECT COUNT(*) AS tp_count FROM `user` LIMIT 1   [ RunTime:0.0011s ]
NOTIC: [8] Undefined variable: map G:\phpStudy\PHPTutorial\WWW\TP\Application\Admin\Controller\UserController.class.php 第 21 行.
NOTIC: [2] Invalid argument supplied for foreach() G:\phpStudy\PHPTutorial\WWW\TP\Application\Admin\Controller\UserController.class.php 第 21 行.
NOTIC: [8] Undefined variable: where G:\phpStudy\PHPTutorial\WWW\TP\Application\Admin\Controller\UserController.class.php 第 24 行.
SQL: SELECT * FROM `user` ORDER BY id LIMIT 0,2   [ RunTime:0.0012s ]
NOTIC: [8] Undefined variable: result G:\phpStudy\PHPTutorial\WWW\TP\Application\Admin\Controller\UserController.class.php 第 28 行.
INFO: [ view_parse ] --START--
INFO: [ template_filter ] --START--
INFO: Run Behavior\ContentReplaceBehavior [ RunTime:0.000165s ]
INFO: [ template_filter ] --END-- [ RunTime:0.000242s ]
INFO: Run Behavior\ParseTemplateBehavior [ RunTime:0.027724s ]
INFO: [ view_parse ] --END-- [ RunTime:0.027871s ]
INFO: [ view_filter ] --START--
INFO: Run Behavior\WriteHtmlCacheBehavior [ RunTime:0.000795s ]
INFO: [ view_filter ] --END-- [ RunTime:0.000855s ]
INFO: [ app_end ] --START--
INFO: Run Behavior\ShowPageTraceBehavior [ RunTime:0.001220s ]
INFO: [ app_end ] --END-- [ RunTime:0.001285s ]

[ 2018-06-14T10:03:13+08:00 ] ::1 /TP/Admin/User/index.html
INFO: [ app_init ] --START--
INFO: Run Behavior\BuildLiteBehavior [ RunTime:0.000010s ]
INFO: [ app_init ] --END-- [ RunTime:0.000353s ]
INFO: [ app_begin ] --START--
INFO: Run Behavior\ReadHtmlCacheBehavior [ RunTime:0.000513s ]
INFO: [ app_begin ] --END-- [ RunTime:0.000548s ]
SQL: SHOW COLUMNS FROM `user` [ RunTime:0.0061s ]
SQL: SELECT COUNT(*) AS tp_count FROM `user` LIMIT 1   [ RunTime:0.0005s ]
NOTIC: [8] Undefined variable: map G:\phpStudy\PHPTutorial\WWW\TP\Application\Admin\Controller\UserController.class.php 第 21 行.
NOTIC: [2] Invalid argument supplied for foreach() G:\phpStudy\PHPTutorial\WWW\TP\Application\Admin\Controller\UserController.class.php 第 21 行.
NOTIC: [8] Undefined variable: where G:\phpStudy\PHPTutorial\WWW\TP\Application\Admin\Controller\UserController.class.php 第 24 行.
SQL: SELECT * FROM `user` ORDER BY id LIMIT 0,2   [ RunTime:0.0006s ]
NOTIC: [8] Undefined variable: result G:\phpStudy\PHPTutorial\WWW\TP\Application\Admin\Controller\UserController.class.php 第 28 行.
INFO: [ view_parse ] --START--
INFO: [ template_filter ] --START--
INFO: Run Behavior\ContentReplaceBehavior [ RunTime:0.000207s ]
INFO: [ template_filter ] --END-- [ RunTime:0.000292s ]
INFO: Run Behavior\ParseTemplateBehavior [ RunTime:0.017817s ]
INFO: [ view_parse ] --END-- [ RunTime:0.017916s ]
INFO: [ view_filter ] --START--
INFO: Run Behavior\WriteHtmlCacheBehavior [ RunTime:0.000901s ]
INFO: [ view_filter ] --END-- [ RunTime:0.000984s ]
INFO: [ app_end ] --START--
INFO: Run Behavior\ShowPageTraceBehavior [ RunTime:0.001461s ]
INFO: [ app_end ] --END-- [ RunTime:0.001548s ]

[ 2018-06-14T10:03:15+08:00 ] ::1 /TP/Admin/User/index.html
INFO: [ app_init ] --START--
INFO: Run Behavior\BuildLiteBehavior [ RunTime:0.000010s ]
INFO: [ app_init ] --END-- [ RunTime:0.000346s ]
INFO: [ app_begin ] --START--
INFO: Run Behavior\ReadHtmlCacheBehavior [ RunTime:0.000516s ]
INFO: [ app_begin ] --END-- [ RunTime:0.000552s ]
SQL: SHOW COLUMNS FROM `user` [ RunTime:0.0035s ]
SQL: SELECT COUNT(*) AS tp_count FROM `user` LIMIT 1   [ RunTime:0.0002s ]
NOTIC: [8] Undefined variable: map G:\phpStudy\PHPTutorial\WWW\TP\Application\Admin\Controller\UserController.class.php 第 21 行.
NOTIC: [2] Invalid argument supplied for foreach() G:\phpStudy\PHPTutorial\WWW\TP\Application\Admin\Controller\UserController.class.php 第 21 行.
NOTIC: [8] Undefined variable: where G:\phpStudy\PHPTutorial\WWW\TP\Application\Admin\Controller\UserController.class.php 第 24 行.
SQL: SELECT * FROM `user` ORDER BY id LIMIT 0,2   [ RunTime:0.0002s ]
NOTIC: [8] Undefined variable: result G:\phpStudy\PHPTutorial\WWW\TP\Application\Admin\Controller\UserController.class.php 第 28 行.
INFO: [ view_parse ] --START--
INFO: [ template_filter ] --START--
INFO: Run Behavior\ContentReplaceBehavior [ RunTime:0.000075s ]
INFO: [ template_filter ] --END-- [ RunTime:0.000106s ]
INFO: Run Behavior\ParseTemplateBehavior [ RunTime:0.006439s ]
INFO: [ view_parse ] --END-- [ RunTime:0.006476s ]
INFO: [ view_filter ] --START--
INFO: Run Behavior\WriteHtmlCacheBehavior [ RunTime:0.000330s ]
INFO: [ view_filter ] --END-- [ RunTime:0.000358s ]
INFO: [ app_end ] --START--
INFO: Run Behavior\ShowPageTraceBehavior [ RunTime:0.000546s ]
INFO: [ app_end ] --END-- [ RunTime:0.000576s ]

[ 2018-06-14T10:03:16+08:00 ] ::1 /TP/Admin/User/index.html
INFO: [ app_init ] --START--
INFO: Run Behavior\BuildLiteBehavior [ RunTime:0.000012s ]
INFO: [ app_init ] --END-- [ RunTime:0.000366s ]
INFO: [ app_begin ] --START--
INFO: Run Behavior\ReadHtmlCacheBehavior [ RunTime:0.000524s ]
INFO: [ app_begin ] --END-- [ RunTime:0.000557s ]
SQL: SHOW COLUMNS FROM `user` [ RunTime:0.0185s ]
SQL: SELECT COUNT(*) AS tp_count FROM `user` LIMIT 1   [ RunTime:0.0002s ]
NOTIC: [8] Undefined variable: map G:\phpStudy\PHPTutorial\WWW\TP\Application\Admin\Controller\UserController.class.php 第 21 行.
NOTIC: [2] Invalid argument supplied for foreach() G:\phpStudy\PHPTutorial\WWW\TP\Application\Admin\Controller\UserController.class.php 第 21 行.
NOTIC: [8] Undefined variable: where G:\phpStudy\PHPTutorial\WWW\TP\Application\Admin\Controller\UserController.class.php 第 24 行.
SQL: SELECT * FROM `user` ORDER BY id LIMIT 0,2   [ RunTime:0.0002s ]
NOTIC: [8] Undefined variable: result G:\phpStudy\PHPTutorial\WWW\TP\Application\Admin\Controller\UserController.class.php 第 28 行.
INFO: [ view_parse ] --START--
INFO: [ template_filter ] --START--
INFO: Run Behavior\ContentReplaceBehavior [ RunTime:0.000107s ]
INFO: [ template_filter ] --END-- [ RunTime:0.000156s ]
INFO: Run Behavior\ParseTemplateBehavior [ RunTime:0.006361s ]
INFO: [ view_parse ] --END-- [ RunTime:0.006414s ]
INFO: [ view_filter ] --START--
INFO: Run Behavior\WriteHtmlCacheBehavior [ RunTime:0.000442s ]
INFO: [ view_filter ] --END-- [ RunTime:0.000476s ]
INFO: [ app_end ] --START--
INFO: Run Behavior\ShowPageTraceBehavior [ RunTime:0.000552s ]
INFO: [ app_end ] --END-- [ RunTime:0.000579s ]

[ 2018-06-14T10:03:17+08:00 ] ::1 /TP/Admin/User/index.html
INFO: [ app_init ] --START--
INFO: Run Behavior\BuildLiteBehavior [ RunTime:0.000026s ]
INFO: [ app_init ] --END-- [ RunTime:0.000612s ]
INFO: [ app_begin ] --START--
INFO: Run Behavior\ReadHtmlCacheBehavior [ RunTime:0.000584s ]
INFO: [ app_begin ] --END-- [ RunTime:0.000622s ]
SQL: SHOW COLUMNS FROM `user` [ RunTime:0.0040s ]
SQL: SELECT COUNT(*) AS tp_count FROM `user` LIMIT 1   [ RunTime:0.0002s ]
NOTIC: [8] Undefined variable: map G:\phpStudy\PHPTutorial\WWW\TP\Application\Admin\Controller\UserController.class.php 第 21 行.
NOTIC: [2] Invalid argument supplied for foreach() G:\phpStudy\PHPTutorial\WWW\TP\Application\Admin\Controller\UserController.class.php 第 21 行.
NOTIC: [8] Undefined variable: where G:\phpStudy\PHPTutorial\WWW\TP\Application\Admin\Controller\UserController.class.php 第 24 行.
SQL: SELECT * FROM `user` ORDER BY id LIMIT 0,2   [ RunTime:0.0002s ]
NOTIC: [8] Undefined variable: result G:\phpStudy\PHPTutorial\WWW\TP\Application\Admin\Controller\UserController.class.php 第 28 行.
INFO: [ view_parse ] --START--
INFO: [ template_filter ] --START--
INFO: Run Behavior\ContentReplaceBehavior [ RunTime:0.000076s ]
INFO: [ template_filter ] --END-- [ RunTime:0.000105s ]
INFO: Run Behavior\ParseTemplateBehavior [ RunTime:0.006318s ]
INFO: [ view_parse ] --END-- [ RunTime:0.006353s ]
INFO: [ view_filter ] --START--
INFO: Run Behavior\WriteHtmlCacheBehavior [ RunTime:0.000331s ]
INFO: [ view_filter ] --END-- [ RunTime:0.000356s ]
INFO: [ app_end ] --START--
INFO: Run Behavior\ShowPageTraceBehavior [ RunTime:0.000499s ]
INFO: [ app_end ] --END-- [ RunTime:0.000526s ]

[ 2018-06-14T10:03:18+08:00 ] ::1 /TP/Admin/User/index.html
INFO: [ app_init ] --START--
INFO: Run Behavior\BuildLiteBehavior [ RunTime:0.000011s ]
INFO: [ app_init ] --END-- [ RunTime:0.000354s ]
INFO: [ app_begin ] --START--
INFO: Run Behavior\ReadHtmlCacheBehavior [ RunTime:0.000555s ]
INFO: [ app_begin ] --END-- [ RunTime:0.000590s ]
SQL: SHOW COLUMNS FROM `user` [ RunTime:0.0151s ]
SQL: SELECT COUNT(*) AS tp_count FROM `user` LIMIT 1   [ RunTime:0.0007s ]
NOTIC: [8] Undefined variable: map G:\phpStudy\PHPTutorial\WWW\TP\Application\Admin\Controller\UserController.class.php 第 21 行.
NOTIC: [2] Invalid argument supplied for foreach() G:\phpStudy\PHPTutorial\WWW\TP\Application\Admin\Controller\UserController.class.php 第 21 行.
NOTIC: [8] Undefined variable: where G:\phpStudy\PHPTutorial\WWW\TP\Application\Admin\Controller\UserController.class.php 第 24 行.
SQL: SELECT * FROM `user` ORDER BY id LIMIT 0,2   [ RunTime:0.0008s ]
NOTIC: [8] Undefined variable: result G:\phpStudy\PHPTutorial\WWW\TP\Application\Admin\Controller\UserController.class.php 第 28 行.
INFO: [ view_parse ] --START--
INFO: [ template_filter ] --START--
INFO: Run Behavior\ContentReplaceBehavior [ RunTime:0.000315s ]
INFO: [ template_filter ] --END-- [ RunTime:0.000443s ]
INFO: Run Behavior\ParseTemplateBehavior [ RunTime:0.028334s ]
INFO: [ view_parse ] --END-- [ RunTime:0.028487s ]
INFO: [ view_filter ] --START--
INFO: Run Behavior\WriteHtmlCacheBehavior [ RunTime:0.001575s ]
INFO: [ view_filter ] --END-- [ RunTime:0.001694s ]
INFO: [ app_end ] --START--
INFO: Run Behavior\ShowPageTraceBehavior [ RunTime:0.002415s ]
INFO: [ app_end ] --END-- [ RunTime:0.002542s ]

[ 2018-06-14T10:03:19+08:00 ] ::1 /TP/Admin/User/index.html
INFO: [ app_init ] --START--
INFO: Run Behavior\BuildLiteBehavior [ RunTime:0.000010s ]
INFO: [ app_init ] --END-- [ RunTime:0.000346s ]
INFO: [ app_begin ] --START--
INFO: Run Behavior\ReadHtmlCacheBehavior [ RunTime:0.000515s ]
INFO: [ app_begin ] --END-- [ RunTime:0.000550s ]
SQL: SHOW COLUMNS FROM `user` [ RunTime:0.0135s ]
SQL: SELECT COUNT(*) AS tp_count FROM `user` LIMIT 1   [ RunTime:0.0008s ]
NOTIC: [8] Undefined variable: map G:\phpStudy\PHPTutorial\WWW\TP\Application\Admin\Controller\UserController.class.php 第 21 行.
NOTIC: [2] Invalid argument supplied for foreach() G:\phpStudy\PHPTutorial\WWW\TP\Application\Admin\Controller\UserController.class.php 第 21 行.
NOTIC: [8] Undefined variable: where G:\phpStudy\PHPTutorial\WWW\TP\Application\Admin\Controller\UserController.class.php 第 24 行.
SQL: SELECT * FROM `user` ORDER BY id LIMIT 0,2   [ RunTime:0.0010s ]
NOTIC: [8] Undefined variable: result G:\phpStudy\PHPTutorial\WWW\TP\Application\Admin\Controller\UserController.class.php 第 28 行.
INFO: [ view_parse ] --START--
INFO: [ template_filter ] --START--
INFO: Run Behavior\ContentReplaceBehavior [ RunTime:0.000158s ]
INFO: [ template_filter ] --END-- [ RunTime:0.000226s ]
INFO: Run Behavior\ParseTemplateBehavior [ RunTime:0.020456s ]
INFO: [ view_parse ] --END-- [ RunTime:0.020560s ]
INFO: [ view_filter ] --START--
INFO: Run Behavior\WriteHtmlCacheBehavior [ RunTime:0.000685s ]
INFO: [ view_filter ] --END-- [ RunTime:0.000746s ]
INFO: [ app_end ] --START--
INFO: Run Behavior\ShowPageTraceBehavior [ RunTime:0.001107s ]
INFO: [ app_end ] --END-- [ RunTime:0.001172s ]

[ 2018-06-14T10:03:20+08:00 ] ::1 /TP/Admin/User/index.html
INFO: [ app_init ] --START--
INFO: Run Behavior\BuildLiteBehavior [ RunTime:0.000010s ]
INFO: [ app_init ] --END-- [ RunTime:0.000372s ]
INFO: [ app_begin ] --START--
INFO: Run Behavior\ReadHtmlCacheBehavior [ RunTime:0.000576s ]
INFO: [ app_begin ] --END-- [ RunTime:0.000616s ]
SQL: SHOW COLUMNS FROM `user` [ RunTime:0.0140s ]
SQL: SELECT COUNT(*) AS tp_count FROM `user` LIMIT 1   [ RunTime:0.0008s ]
NOTIC: [8] Undefined variable: map G:\phpStudy\PHPTutorial\WWW\TP\Application\Admin\Controller\UserController.class.php 第 21 行.
NOTIC: [2] Invalid argument supplied for foreach() G:\phpStudy\PHPTutorial\WWW\TP\Application\Admin\Controller\UserController.class.php 第 21 行.
NOTIC: [8] Undefined variable: where G:\phpStudy\PHPTutorial\WWW\TP\Application\Admin\Controller\UserController.class.php 第 24 行.
SQL: SELECT * FROM `user` ORDER BY id LIMIT 0,2   [ RunTime:0.0009s ]
NOTIC: [8] Undefined variable: result G:\phpStudy\PHPTutorial\WWW\TP\Application\Admin\Controller\UserController.class.php 第 28 行.
INFO: [ view_parse ] --START--
INFO: [ template_filter ] --START--
INFO: Run Behavior\ContentReplaceBehavior [ RunTime:0.000316s ]
INFO: [ template_filter ] --END-- [ RunTime:0.000450s ]
INFO: Run Behavior\ParseTemplateBehavior [ RunTime:0.028765s ]
INFO: [ view_parse ] --END-- [ RunTime:0.028912s ]
INFO: [ view_filter ] --START--
INFO: Run Behavior\WriteHtmlCacheBehavior [ RunTime:0.001524s ]
INFO: [ view_filter ] --END-- [ RunTime:0.001643s ]
INFO: [ app_end ] --START--
INFO: Run Behavior\ShowPageTraceBehavior [ RunTime:0.002407s ]
INFO: [ app_end ] --END-- [ RunTime:0.002535s ]

[ 2018-06-14T10:03:21+08:00 ] ::1 /TP/Admin/User/index.html
INFO: [ app_init ] --START--
INFO: Run Behavior\BuildLiteBehavior [ RunTime:0.000012s ]
INFO: [ app_init ] --END-- [ RunTime:0.000372s ]
INFO: [ app_begin ] --START--
INFO: Run Behavior\ReadHtmlCacheBehavior [ RunTime:0.000580s ]
INFO: [ app_begin ] --END-- [ RunTime:0.000614s ]
SQL: SHOW COLUMNS FROM `user` [ RunTime:0.0501s ]
SQL: SELECT COUNT(*) AS tp_count FROM `user` LIMIT 1   [ RunTime:0.0003s ]
NOTIC: [8] Undefined variable: map G:\phpStudy\PHPTutorial\WWW\TP\Application\Admin\Controller\UserController.class.php 第 21 行.
NOTIC: [2] Invalid argument supplied for foreach() G:\phpStudy\PHPTutorial\WWW\TP\Application\Admin\Controller\UserController.class.php 第 21 行.
NOTIC: [8] Undefined variable: where G:\phpStudy\PHPTutorial\WWW\TP\Application\Admin\Controller\UserController.class.php 第 24 行.
SQL: SELECT * FROM `user` ORDER BY id LIMIT 0,2   [ RunTime:0.0003s ]
NOTIC: [8] Undefined variable: result G:\phpStudy\PHPTutorial\WWW\TP\Application\Admin\Controller\UserController.class.php 第 28 行.
INFO: [ view_parse ] --START--
INFO: [ template_filter ] --START--
INFO: Run Behavior\ContentReplaceBehavior [ RunTime:0.000066s ]
INFO: [ template_filter ] --END-- [ RunTime:0.000093s ]
INFO: Run Behavior\ParseTemplateBehavior [ RunTime:0.006087s ]
INFO: [ view_parse ] --END-- [ RunTime:0.006119s ]
INFO: [ view_filter ] --START--
INFO: Run Behavior\WriteHtmlCacheBehavior [ RunTime:0.000342s ]
INFO: [ view_filter ] --END-- [ RunTime:0.000367s ]
INFO: [ app_end ] --START--
INFO: Run Behavior\ShowPageTraceBehavior [ RunTime:0.000512s ]
INFO: [ app_end ] --END-- [ RunTime:0.000537s ]

[ 2018-06-14T10:03:22+08:00 ] ::1 /TP/Admin/User/index.html
INFO: [ app_init ] --START--
INFO: Run Behavior\BuildLiteBehavior [ RunTime:0.000010s ]
INFO: [ app_init ] --END-- [ RunTime:0.000348s ]
INFO: [ app_begin ] --START--
INFO: Run Behavior\ReadHtmlCacheBehavior [ RunTime:0.000573s ]
INFO: [ app_begin ] --END-- [ RunTime:0.000608s ]
SQL: SHOW COLUMNS FROM `user` [ RunTime:0.0082s ]
SQL: SELECT COUNT(*) AS tp_count FROM `user` LIMIT 1   [ RunTime:0.0005s ]
NOTIC: [8] Undefined variable: map G:\phpStudy\PHPTutorial\WWW\TP\Application\Admin\Controller\UserController.class.php 第 21 行.
NOTIC: [2] Invalid argument supplied for foreach() G:\phpStudy\PHPTutorial\WWW\TP\Application\Admin\Controller\UserController.class.php 第 21 行.
NOTIC: [8] Undefined variable: where G:\phpStudy\PHPTutorial\WWW\TP\Application\Admin\Controller\UserController.class.php 第 24 行.
SQL: SELECT * FROM `user` ORDER BY id LIMIT 0,2   [ RunTime:0.0005s ]
NOTIC: [8] Undefined variable: result G:\phpStudy\PHPTutorial\WWW\TP\Application\Admin\Controller\UserController.class.php 第 28 行.
INFO: [ view_parse ] --START--
INFO: [ template_filter ] --START--
INFO: Run Behavior\ContentReplaceBehavior [ RunTime:0.000191s ]
INFO: [ template_filter ] --END-- [ RunTime:0.000266s ]
INFO: Run Behavior\ParseTemplateBehavior [ RunTime:0.016871s ]
INFO: [ view_parse ] --END-- [ RunTime:0.016961s ]
INFO: [ view_filter ] --START--
INFO: Run Behavior\WriteHtmlCacheBehavior [ RunTime:0.000877s ]
INFO: [ view_filter ] --END-- [ RunTime:0.000925s ]
INFO: [ app_end ] --START--
INFO: Run Behavior\ShowPageTraceBehavior [ RunTime:0.000774s ]
INFO: [ app_end ] --END-- [ RunTime:0.000815s ]

[ 2018-06-14T10:03:23+08:00 ] ::1 /TP/Admin/User/index.html
INFO: [ app_init ] --START--
INFO: Run Behavior\BuildLiteBehavior [ RunTime:0.000011s ]
INFO: [ app_init ] --END-- [ RunTime:0.000329s ]
INFO: [ app_begin ] --START--
INFO: Run Behavior\ReadHtmlCacheBehavior [ RunTime:0.000534s ]
INFO: [ app_begin ] --END-- [ RunTime:0.000569s ]
SQL: SHOW COLUMNS FROM `user` [ RunTime:0.0139s ]
SQL: SELECT COUNT(*) AS tp_count FROM `user` LIMIT 1   [ RunTime:0.0008s ]
NOTIC: [8] Undefined variable: map G:\phpStudy\PHPTutorial\WWW\TP\Application\Admin\Controller\UserController.class.php 第 21 行.
NOTIC: [2] Invalid argument supplied for foreach() G:\phpStudy\PHPTutorial\WWW\TP\Application\Admin\Controller\UserController.class.php 第 21 行.
NOTIC: [8] Undefined variable: where G:\phpStudy\PHPTutorial\WWW\TP\Application\Admin\Controller\UserController.class.php 第 24 行.
SQL: SELECT * FROM `user` ORDER BY id LIMIT 0,2   [ RunTime:0.0010s ]
NOTIC: [8] Undefined variable: result G:\phpStudy\PHPTutorial\WWW\TP\Application\Admin\Controller\UserController.class.php 第 28 行.
INFO: [ view_parse ] --START--
INFO: [ template_filter ] --START--
INFO: Run Behavior\ContentReplaceBehavior [ RunTime:0.000145s ]
INFO: [ template_filter ] --END-- [ RunTime:0.000211s ]
INFO: Run Behavior\ParseTemplateBehavior [ RunTime:0.027361s ]
INFO: [ view_parse ] --END-- [ RunTime:0.027464s ]
INFO: [ view_filter ] --START--
INFO: Run Behavior\WriteHtmlCacheBehavior [ RunTime:0.000726s ]
INFO: [ view_filter ] --END-- [ RunTime:0.000780s ]
INFO: [ app_end ] --START--
INFO: Run Behavior\ShowPageTraceBehavior [ RunTime:0.001093s ]
INFO: [ app_end ] --END-- [ RunTime:0.001151s ]

[ 2018-06-14T10:03:24+08:00 ] ::1 /TP/Admin/User/index.html
INFO: [ app_init ] --START--
INFO: Run Behavior\BuildLiteBehavior [ RunTime:0.000011s ]
INFO: [ app_init ] --END-- [ RunTime:0.000379s ]
INFO: [ app_begin ] --START--
INFO: Run Behavior\ReadHtmlCacheBehavior [ RunTime:0.000596s ]
INFO: [ app_begin ] --END-- [ RunTime:0.000631s ]
SQL: SHOW COLUMNS FROM `user` [ RunTime:0.0112s ]
SQL: SELECT COUNT(*) AS tp_count FROM `user` LIMIT 1   [ RunTime:0.0009s ]
NOTIC: [8] Undefined variable: map G:\phpStudy\PHPTutorial\WWW\TP\Application\Admin\Controller\UserController.class.php 第 21 行.
NOTIC: [2] Invalid argument supplied for foreach() G:\phpStudy\PHPTutorial\WWW\TP\Application\Admin\Controller\UserController.class.php 第 21 行.
NOTIC: [8] Undefined variable: where G:\phpStudy\PHPTutorial\WWW\TP\Application\Admin\Controller\UserController.class.php 第 24 行.
SQL: SELECT * FROM `user` ORDER BY id LIMIT 0,2   [ RunTime:0.0010s ]
NOTIC: [8] Undefined variable: result G:\phpStudy\PHPTutorial\WWW\TP\Application\Admin\Controller\UserController.class.php 第 28 行.
INFO: [ view_parse ] --START--
INFO: [ template_filter ] --START--
INFO: Run Behavior\ContentReplaceBehavior [ RunTime:0.000180s ]
INFO: [ template_filter ] --END-- [ RunTime:0.000257s ]
INFO: Run Behavior\ParseTemplateBehavior [ RunTime:0.023985s ]
INFO: [ view_parse ] --END-- [ RunTime:0.024096s ]
INFO: [ view_filter ] --START--
INFO: Run Behavior\WriteHtmlCacheBehavior [ RunTime:0.000874s ]
INFO: [ view_filter ] --END-- [ RunTime:0.000940s ]
INFO: [ app_end ] --START--
INFO: Run Behavior\ShowPageTraceBehavior [ RunTime:0.001340s ]
INFO: [ app_end ] --END-- [ RunTime:0.001415s ]

[ 2018-06-14T10:03:25+08:00 ] ::1 /TP/Admin/User/index.html
INFO: [ app_init ] --START--
INFO: Run Behavior\BuildLiteBehavior [ RunTime:0.000009s ]
INFO: [ app_init ] --END-- [ RunTime:0.000351s ]
INFO: [ app_begin ] --START--
INFO: Run Behavior\ReadHtmlCacheBehavior [ RunTime:0.000531s ]
INFO: [ app_begin ] --END-- [ RunTime:0.000566s ]
SQL: SHOW COLUMNS FROM `user` [ RunTime:0.0037s ]
SQL: SELECT COUNT(*) AS tp_count FROM `user` LIMIT 1   [ RunTime:0.0003s ]
NOTIC: [8] Undefined variable: map G:\phpStudy\PHPTutorial\WWW\TP\Application\Admin\Controller\UserController.class.php 第 21 行.
NOTIC: [2] Invalid argument supplied for foreach() G:\phpStudy\PHPTutorial\WWW\TP\Application\Admin\Controller\UserController.class.php 第 21 行.
NOTIC: [8] Undefined variable: where G:\phpStudy\PHPTutorial\WWW\TP\Application\Admin\Controller\UserController.class.php 第 24 行.
SQL: SELECT * FROM `user` ORDER BY id LIMIT 0,2   [ RunTime:0.0003s ]
NOTIC: [8] Undefined variable: result G:\phpStudy\PHPTutorial\WWW\TP\Application\Admin\Controller\UserController.class.php 第 28 行.
INFO: [ view_parse ] --START--
INFO: [ template_filter ] --START--
INFO: Run Behavior\ContentReplaceBehavior [ RunTime:0.000070s ]
INFO: [ template_filter ] --END-- [ RunTime:0.000099s ]
INFO: Run Behavior\ParseTemplateBehavior [ RunTime:0.005903s ]
INFO: [ view_parse ] --END-- [ RunTime:0.005936s ]
INFO: [ view_filter ] --START--
INFO: Run Behavior\WriteHtmlCacheBehavior [ RunTime:0.000300s ]
INFO: [ view_filter ] --END-- [ RunTime:0.000325s ]
INFO: [ app_end ] --START--
INFO: Run Behavior\ShowPageTraceBehavior [ RunTime:0.000563s ]
INFO: [ app_end ] --END-- [ RunTime:0.000591s ]

[ 2018-06-14T10:03:26+08:00 ] ::1 /TP/Admin/User/index.html
INFO: [ app_init ] --START--
INFO: Run Behavior\BuildLiteBehavior [ RunTime:0.000010s ]
INFO: [ app_init ] --END-- [ RunTime:0.000374s ]
INFO: [ app_begin ] --START--
INFO: Run Behavior\ReadHtmlCacheBehavior [ RunTime:0.000590s ]
INFO: [ app_begin ] --END-- [ RunTime:0.000627s ]
SQL: SHOW COLUMNS FROM `user` [ RunTime:0.0243s ]
SQL: SELECT COUNT(*) AS tp_count FROM `user` LIMIT 1   [ RunTime:0.0010s ]
NOTIC: [8] Undefined variable: map G:\phpStudy\PHPTutorial\WWW\TP\Application\Admin\Controller\UserController.class.php 第 21 行.
NOTIC: [2] Invalid argument supplied for foreach() G:\phpStudy\PHPTutorial\WWW\TP\Application\Admin\Controller\UserController.class.php 第 21 行.
NOTIC: [8] Undefined variable: where G:\phpStudy\PHPTutorial\WWW\TP\Application\Admin\Controller\UserController.class.php 第 24 行.
SQL: SELECT * FROM `user` ORDER BY id LIMIT 0,2   [ RunTime:0.0011s ]
NOTIC: [8] Undefined variable: result G:\phpStudy\PHPTutorial\WWW\TP\Application\Admin\Controller\UserController.class.php 第 28 行.
INFO: [ view_parse ] --START--
INFO: [ template_filter ] --START--
INFO: Run Behavior\ContentReplaceBehavior [ RunTime:0.000312s ]
INFO: [ template_filter ] --END-- [ RunTime:0.000446s ]
INFO: Run Behavior\ParseTemplateBehavior [ RunTime:0.028644s ]
INFO: [ view_parse ] --END-- [ RunTime:0.028793s ]
INFO: [ view_filter ] --START--
INFO: Run Behavior\WriteHtmlCacheBehavior [ RunTime:0.001563s ]
INFO: [ view_filter ] --END-- [ RunTime:0.001684s ]
INFO: [ app_end ] --START--
INFO: Run Behavior\ShowPageTraceBehavior [ RunTime:0.002410s ]
INFO: [ app_end ] --END-- [ RunTime:0.002541s ]

[ 2018-06-14T10:03:27+08:00 ] ::1 /TP/Admin/User/index.html
INFO: [ app_init ] --START--
INFO: Run Behavior\BuildLiteBehavior [ RunTime:0.000010s ]
INFO: [ app_init ] --END-- [ RunTime:0.000370s ]
INFO: [ app_begin ] --START--
INFO: Run Behavior\ReadHtmlCacheBehavior [ RunTime:0.000581s ]
INFO: [ app_begin ] --END-- [ RunTime:0.000616s ]
SQL: SHOW COLUMNS FROM `user` [ RunTime:0.0094s ]
SQL: SELECT COUNT(*) AS tp_count FROM `user` LIMIT 1   [ RunTime:0.0007s ]
NOTIC: [8] Undefined variable: map G:\phpStudy\PHPTutorial\WWW\TP\Application\Admin\Controller\UserController.class.php 第 21 行.
NOTIC: [2] Invalid argument supplied for foreach() G:\phpStudy\PHPTutorial\WWW\TP\Application\Admin\Controller\UserController.class.php 第 21 行.
NOTIC: [8] Undefined variable: where G:\phpStudy\PHPTutorial\WWW\TP\Application\Admin\Controller\UserController.class.php 第 24 行.
SQL: SELECT * FROM `user` ORDER BY id LIMIT 0,2   [ RunTime:0.0010s ]
NOTIC: [8] Undefined variable: result G:\phpStudy\PHPTutorial\WWW\TP\Application\Admin\Controller\UserController.class.php 第 28 行.
INFO: [ view_parse ] --START--
INFO: [ template_filter ] --START--
INFO: Run Behavior\ContentReplaceBehavior [ RunTime:0.000240s ]
INFO: [ template_filter ] --END-- [ RunTime:0.000343s ]
INFO: Run Behavior\ParseTemplateBehavior [ RunTime:0.027241s ]
INFO: [ view_parse ] --END-- [ RunTime:0.027347s ]
INFO: [ view_filter ] --START--
INFO: Run Behavior\WriteHtmlCacheBehavior [ RunTime:0.000789s ]
INFO: [ view_filter ] --END-- [ RunTime:0.000853s ]
INFO: [ app_end ] --START--
INFO: Run Behavior\ShowPageTraceBehavior [ RunTime:0.001240s ]
INFO: [ app_end ] --END-- [ RunTime:0.001305s ]

[ 2018-06-14T10:03:29+08:00 ] ::1 /TP/Admin/User/index.html
INFO: [ app_init ] --START--
INFO: Run Behavior\BuildLiteBehavior [ RunTime:0.000010s ]
INFO: [ app_init ] --END-- [ RunTime:0.000380s ]
INFO: [ app_begin ] --START--
INFO: Run Behavior\ReadHtmlCacheBehavior [ RunTime:0.000583s ]
INFO: [ app_begin ] --END-- [ RunTime:0.000618s ]
SQL: SHOW COLUMNS FROM `user` [ RunTime:0.0137s ]
SQL: SELECT COUNT(*) AS tp_count FROM `user` LIMIT 1   [ RunTime:0.0008s ]
NOTIC: [8] Undefined variable: map G:\phpStudy\PHPTutorial\WWW\TP\Application\Admin\Controller\UserController.class.php 第 21 行.
NOTIC: [2] Invalid argument supplied for foreach() G:\phpStudy\PHPTutorial\WWW\TP\Application\Admin\Controller\UserController.class.php 第 21 行.
NOTIC: [8] Undefined variable: where G:\phpStudy\PHPTutorial\WWW\TP\Application\Admin\Controller\UserController.class.php 第 24 行.
SQL: SELECT * FROM `user` ORDER BY id LIMIT 0,2   [ RunTime:0.0009s ]
NOTIC: [8] Undefined variable: result G:\phpStudy\PHPTutorial\WWW\TP\Application\Admin\Controller\UserController.class.php 第 28 行.
INFO: [ view_parse ] --START--
INFO: [ template_filter ] --START--
INFO: Run Behavior\ContentReplaceBehavior [ RunTime:0.000183s ]
INFO: [ template_filter ] --END-- [ RunTime:0.000261s ]
INFO: Run Behavior\ParseTemplateBehavior [ RunTime:0.020400s ]
INFO: [ view_parse ] --END-- [ RunTime:0.020516s ]
INFO: [ view_filter ] --START--
INFO: Run Behavior\WriteHtmlCacheBehavior [ RunTime:0.000900s ]
INFO: [ view_filter ] --END-- [ RunTime:0.000968s ]
INFO: [ app_end ] --START--
INFO: Run Behavior\ShowPageTraceBehavior [ RunTime:0.001391s ]
INFO: [ app_end ] --END-- [ RunTime:0.001467s ]

[ 2018-06-14T10:03:30+08:00 ] ::1 /TP/Admin/User/index.html
INFO: [ app_init ] --START--
INFO: Run Behavior\BuildLiteBehavior [ RunTime:0.000009s ]
INFO: [ app_init ] --END-- [ RunTime:0.000402s ]
INFO: [ app_begin ] --START--
INFO: Run Behavior\ReadHtmlCacheBehavior [ RunTime:0.000619s ]
INFO: [ app_begin ] --END-- [ RunTime:0.000663s ]
SQL: SHOW COLUMNS FROM `user` [ RunTime:0.0144s ]
SQL: SELECT COUNT(*) AS tp_count FROM `user` LIMIT 1   [ RunTime:0.0007s ]
NOTIC: [8] Undefined variable: map G:\phpStudy\PHPTutorial\WWW\TP\Application\Admin\Controller\UserController.class.php 第 21 行.
NOTIC: [2] Invalid argument supplied for foreach() G:\phpStudy\PHPTutorial\WWW\TP\Application\Admin\Controller\UserController.class.php 第 21 行.
NOTIC: [8] Undefined variable: where G:\phpStudy\PHPTutorial\WWW\TP\Application\Admin\Controller\UserController.class.php 第 24 行.
SQL: SELECT * FROM `user` ORDER BY id LIMIT 0,2   [ RunTime:0.0009s ]
NOTIC: [8] Undefined variable: result G:\phpStudy\PHPTutorial\WWW\TP\Application\Admin\Controller\UserController.class.php 第 28 行.
INFO: [ view_parse ] --START--
INFO: [ template_filter ] --START--
INFO: Run Behavior\ContentReplaceBehavior [ RunTime:0.000222s ]
INFO: [ template_filter ] --END-- [ RunTime:0.000362s ]
INFO: Run Behavior\ParseTemplateBehavior [ RunTime:0.027164s ]
INFO: [ view_parse ] --END-- [ RunTime:0.027287s ]
INFO: [ view_filter ] --START--
INFO: Run Behavior\WriteHtmlCacheBehavior [ RunTime:0.001109s ]
INFO: [ view_filter ] --END-- [ RunTime:0.001189s ]
INFO: [ app_end ] --START--
INFO: Run Behavior\ShowPageTraceBehavior [ RunTime:0.001615s ]
INFO: [ app_end ] --END-- [ RunTime:0.001701s ]

[ 2018-06-14T10:03:31+08:00 ] ::1 /TP/Admin/User/index.html
INFO: [ app_init ] --START--
INFO: Run Behavior\BuildLiteBehavior [ RunTime:0.000010s ]
INFO: [ app_init ] --END-- [ RunTime:0.000348s ]
INFO: [ app_begin ] --START--
INFO: Run Behavior\ReadHtmlCacheBehavior [ RunTime:0.000524s ]
INFO: [ app_begin ] --END-- [ RunTime:0.000561s ]
SQL: SHOW COLUMNS FROM `user` [ RunTime:0.0048s ]
SQL: SELECT COUNT(*) AS tp_count FROM `user` LIMIT 1   [ RunTime:0.0003s ]
NOTIC: [8] Undefined variable: map G:\phpStudy\PHPTutorial\WWW\TP\Application\Admin\Controller\UserController.class.php 第 21 行.
NOTIC: [2] Invalid argument supplied for foreach() G:\phpStudy\PHPTutorial\WWW\TP\Application\Admin\Controller\UserController.class.php 第 21 行.
NOTIC: [8] Undefined variable: where G:\phpStudy\PHPTutorial\WWW\TP\Application\Admin\Controller\UserController.class.php 第 24 行.
SQL: SELECT * FROM `user` ORDER BY id LIMIT 0,2   [ RunTime:0.0004s ]
NOTIC: [8] Undefined variable: result G:\phpStudy\PHPTutorial\WWW\TP\Application\Admin\Controller\UserController.class.php 第 28 行.
INFO: [ view_parse ] --START--
INFO: [ template_filter ] --START--
INFO: Run Behavior\ContentReplaceBehavior [ RunTime:0.000101s ]
INFO: [ template_filter ] --END-- [ RunTime:0.000142s ]
INFO: Run Behavior\ParseTemplateBehavior [ RunTime:0.008607s ]
INFO: [ view_parse ] --END-- [ RunTime:0.008655s ]
INFO: [ view_filter ] --START--
INFO: Run Behavior\WriteHtmlCacheBehavior [ RunTime:0.000437s ]
INFO: [ view_filter ] --END-- [ RunTime:0.000475s ]
INFO: [ app_end ] --START--
INFO: Run Behavior\ShowPageTraceBehavior [ RunTime:0.001609s ]
INFO: [ app_end ] --END-- [ RunTime:0.001710s ]

[ 2018-06-14T10:03:32+08:00 ] ::1 /TP/Admin/User/index.html
INFO: [ app_init ] --START--
INFO: Run Behavior\BuildLiteBehavior [ RunTime:0.000010s ]
INFO: [ app_init ] --END-- [ RunTime:0.000361s ]
INFO: [ app_begin ] --START--
INFO: Run Behavior\ReadHtmlCacheBehavior [ RunTime:0.000556s ]
INFO: [ app_begin ] --END-- [ RunTime:0.000591s ]
SQL: SHOW COLUMNS FROM `user` [ RunTime:0.0044s ]
SQL: SELECT COUNT(*) AS tp_count FROM `user` LIMIT 1   [ RunTime:0.0004s ]
NOTIC: [8] Undefined variable: map G:\phpStudy\PHPTutorial\WWW\TP\Application\Admin\Controller\UserController.class.php 第 21 行.
NOTIC: [2] Invalid argument supplied for foreach() G:\phpStudy\PHPTutorial\WWW\TP\Application\Admin\Controller\UserController.class.php 第 21 行.
NOTIC: [8] Undefined variable: where G:\phpStudy\PHPTutorial\WWW\TP\Application\Admin\Controller\UserController.class.php 第 24 行.
SQL: SELECT * FROM `user` ORDER BY id LIMIT 0,2   [ RunTime:0.0003s ]
NOTIC: [8] Undefined variable: result G:\phpStudy\PHPTutorial\WWW\TP\Application\Admin\Controller\UserController.class.php 第 28 行.
INFO: [ view_parse ] --START--
INFO: [ template_filter ] --START--
INFO: Run Behavior\ContentReplaceBehavior [ RunTime:0.000094s ]
INFO: [ template_filter ] --END-- [ RunTime:0.000128s ]
INFO: Run Behavior\ParseTemplateBehavior [ RunTime:0.006449s ]
INFO: [ view_parse ] --END-- [ RunTime:0.006483s ]
INFO: [ view_filter ] --START--
INFO: Run Behavior\WriteHtmlCacheBehavior [ RunTime:0.000336s ]
INFO: [ view_filter ] --END-- [ RunTime:0.000361s ]
INFO: [ app_end ] --START--
INFO: Run Behavior\ShowPageTraceBehavior [ RunTime:0.000507s ]
INFO: [ app_end ] --END-- [ RunTime:0.000536s ]

[ 2018-06-14T10:03:33+08:00 ] ::1 /TP/Admin/User/index.html
INFO: [ app_init ] --START--
INFO: Run Behavior\BuildLiteBehavior [ RunTime:0.000011s ]
INFO: [ app_init ] --END-- [ RunTime:0.000357s ]
INFO: [ app_begin ] --START--
INFO: Run Behavior\ReadHtmlCacheBehavior [ RunTime:0.000564s ]
INFO: [ app_begin ] --END-- [ RunTime:0.000603s ]
SQL: SHOW COLUMNS FROM `user` [ RunTime:0.0114s ]
SQL: SELECT COUNT(*) AS tp_count FROM `user` LIMIT 1   [ RunTime:0.0003s ]
NOTIC: [8] Undefined variable: map G:\phpStudy\PHPTutorial\WWW\TP\Application\Admin\Controller\UserController.class.php 第 21 行.
NOTIC: [2] Invalid argument supplied for foreach() G:\phpStudy\PHPTutorial\WWW\TP\Application\Admin\Controller\UserController.class.php 第 21 行.
NOTIC: [8] Undefined variable: where G:\phpStudy\PHPTutorial\WWW\TP\Application\Admin\Controller\UserController.class.php 第 24 行.
SQL: SELECT * FROM `user` ORDER BY id LIMIT 0,2   [ RunTime:0.0003s ]
NOTIC: [8] Undefined variable: result G:\phpStudy\PHPTutorial\WWW\TP\Application\Admin\Controller\UserController.class.php 第 28 行.
INFO: [ view_parse ] --START--
INFO: [ template_filter ] --START--
INFO: Run Behavior\ContentReplaceBehavior [ RunTime:0.000072s ]
INFO: [ template_filter ] --END-- [ RunTime:0.000112s ]
INFO: Run Behavior\ParseTemplateBehavior [ RunTime:0.007480s ]
INFO: [ view_parse ] --END-- [ RunTime:0.007516s ]
INFO: [ view_filter ] --START--
INFO: Run Behavior\WriteHtmlCacheBehavior [ RunTime:0.000396s ]
INFO: [ view_filter ] --END-- [ RunTime:0.000423s ]
INFO: [ app_end ] --START--
INFO: Run Behavior\ShowPageTraceBehavior [ RunTime:0.000566s ]
INFO: [ app_end ] --END-- [ RunTime:0.000604s ]

[ 2018-06-14T10:03:34+08:00 ] ::1 /TP/Admin/User/index.html
INFO: [ app_init ] --START--
INFO: Run Behavior\BuildLiteBehavior [ RunTime:0.000010s ]
INFO: [ app_init ] --END-- [ RunTime:0.000350s ]
INFO: [ app_begin ] --START--
INFO: Run Behavior\ReadHtmlCacheBehavior [ RunTime:0.000560s ]
INFO: [ app_begin ] --END-- [ RunTime:0.000595s ]
SQL: SHOW COLUMNS FROM `user` [ RunTime:0.0202s ]
SQL: SELECT COUNT(*) AS tp_count FROM `user` LIMIT 1   [ RunTime:0.0007s ]
NOTIC: [8] Undefined variable: map G:\phpStudy\PHPTutorial\WWW\TP\Application\Admin\Controller\UserController.class.php 第 21 行.
NOTIC: [2] Invalid argument supplied for foreach() G:\phpStudy\PHPTutorial\WWW\TP\Application\Admin\Controller\UserController.class.php 第 21 行.
NOTIC: [8] Undefined variable: where G:\phpStudy\PHPTutorial\WWW\TP\Application\Admin\Controller\UserController.class.php 第 24 行.
SQL: SELECT * FROM `user` ORDER BY id LIMIT 0,2   [ RunTime:0.0007s ]
NOTIC: [8] Undefined variable: result G:\phpStudy\PHPTutorial\WWW\TP\Application\Admin\Controller\UserController.class.php 第 28 行.
INFO: [ view_parse ] --START--
INFO: [ template_filter ] --START--
INFO: Run Behavior\ContentReplaceBehavior [ RunTime:0.000202s ]
INFO: [ template_filter ] --END-- [ RunTime:0.000284s ]
INFO: Run Behavior\ParseTemplateBehavior [ RunTime:0.013172s ]
INFO: [ view_parse ] --END-- [ RunTime:0.013230s ]
INFO: [ view_filter ] --START--
INFO: Run Behavior\WriteHtmlCacheBehavior [ RunTime:0.000612s ]
INFO: [ view_filter ] --END-- [ RunTime:0.000657s ]
INFO: [ app_end ] --START--
INFO: Run Behavior\ShowPageTraceBehavior [ RunTime:0.000911s ]
INFO: [ app_end ] --END-- [ RunTime:0.000959s ]

[ 2018-06-14T10:03:35+08:00 ] ::1 /TP/Admin/User/index.html
INFO: [ app_init ] --START--
INFO: Run Behavior\BuildLiteBehavior [ RunTime:0.000012s ]
INFO: [ app_init ] --END-- [ RunTime:0.000374s ]
INFO: [ app_begin ] --START--
INFO: Run Behavior\ReadHtmlCacheBehavior [ RunTime:0.000610s ]
INFO: [ app_begin ] --END-- [ RunTime:0.000646s ]
SQL: SHOW COLUMNS FROM `user` [ RunTime:0.0144s ]
SQL: SELECT COUNT(*) AS tp_count FROM `user` LIMIT 1   [ RunTime:0.0009s ]
NOTIC: [8] Undefined variable: map G:\phpStudy\PHPTutorial\WWW\TP\Application\Admin\Controller\UserController.class.php 第 21 行.
NOTIC: [2] Invalid argument supplied for foreach() G:\phpStudy\PHPTutorial\WWW\TP\Application\Admin\Controller\UserController.class.php 第 21 行.
NOTIC: [8] Undefined variable: where G:\phpStudy\PHPTutorial\WWW\TP\Application\Admin\Controller\UserController.class.php 第 24 行.
SQL: SELECT * FROM `user` ORDER BY id LIMIT 0,2   [ RunTime:0.0006s ]
NOTIC: [8] Undefined variable: result G:\phpStudy\PHPTutorial\WWW\TP\Application\Admin\Controller\UserController.class.php 第 28 行.
INFO: [ view_parse ] --START--
INFO: [ template_filter ] --START--
INFO: Run Behavior\ContentReplaceBehavior [ RunTime:0.000183s ]
INFO: [ template_filter ] --END-- [ RunTime:0.000263s ]
INFO: Run Behavior\ParseTemplateBehavior [ RunTime:0.016437s ]
INFO: [ view_parse ] --END-- [ RunTime:0.016523s ]
INFO: [ view_filter ] --START--
INFO: Run Behavior\WriteHtmlCacheBehavior [ RunTime:0.000892s ]
INFO: [ view_filter ] --END-- [ RunTime:0.000960s ]
INFO: [ app_end ] --START--
INFO: Run Behavior\ShowPageTraceBehavior [ RunTime:0.001401s ]
INFO: [ app_end ] --END-- [ RunTime:0.001476s ]

[ 2018-06-14T10:03:35+08:00 ] ::1 /TP/Admin/Index/index.html
INFO: [ app_init ] --START--
INFO: Run Behavior\BuildLiteBehavior [ RunTime:0.000011s ]
INFO: [ app_init ] --END-- [ RunTime:0.000313s ]
INFO: [ app_begin ] --START--
INFO: Run Behavior\ReadHtmlCacheBehavior [ RunTime:0.000597s ]
INFO: [ app_begin ] --END-- [ RunTime:0.000631s ]
INFO: [ view_parse ] --START--
INFO: [ template_filter ] --START--
INFO: Run Behavior\ContentReplaceBehavior [ RunTime:0.000088s ]
INFO: [ template_filter ] --END-- [ RunTime:0.000147s ]
INFO: Run Behavior\ParseTemplateBehavior [ RunTime:0.009647s ]
INFO: [ view_parse ] --END-- [ RunTime:0.009724s ]
INFO: [ view_filter ] --START--
INFO: Run Behavior\WriteHtmlCacheBehavior [ RunTime:0.000508s ]
INFO: [ view_filter ] --END-- [ RunTime:0.000552s ]
INFO: [ app_end ] --START--
INFO: Run Behavior\ShowPageTraceBehavior [ RunTime:0.000851s ]
INFO: [ app_end ] --END-- [ RunTime:0.000899s ]

[ 2018-06-14T10:03:35+08:00 ] ::1 /TP/Admin/Index/shouye.html
INFO: [ app_init ] --START--
INFO: Run Behavior\BuildLiteBehavior [ RunTime:0.000012s ]
INFO: [ app_init ] --END-- [ RunTime:0.000346s ]
INFO: [ app_begin ] --START--
INFO: Run Behavior\ReadHtmlCacheBehavior [ RunTime:0.000529s ]
INFO: [ app_begin ] --END-- [ RunTime:0.000569s ]
INFO: [ view_parse ] --START--
INFO: [ template_filter ] --START--
INFO: Run Behavior\ContentReplaceBehavior [ RunTime:0.000074s ]
INFO: [ template_filter ] --END-- [ RunTime:0.000144s ]
INFO: Run Behavior\ParseTemplateBehavior [ RunTime:0.006349s ]
INFO: [ view_parse ] --END-- [ RunTime:0.006403s ]
INFO: [ view_filter ] --START--
INFO: Run Behavior\WriteHtmlCacheBehavior [ RunTime:0.000415s ]
INFO: [ view_filter ] --END-- [ RunTime:0.000449s ]
INFO: [ app_end ] --START--
INFO: Run Behavior\ShowPageTraceBehavior [ RunTime:0.000559s ]
INFO: [ app_end ] --END-- [ RunTime:0.000586s ]

[ 2018-06-14T10:03:38+08:00 ] ::1 /TP/Admin/User/index.html
INFO: [ app_init ] --START--
INFO: Run Behavior\BuildLiteBehavior [ RunTime:0.000012s ]
INFO: [ app_init ] --END-- [ RunTime:0.000376s ]
INFO: [ app_begin ] --START--
INFO: Run Behavior\ReadHtmlCacheBehavior [ RunTime:0.000538s ]
INFO: [ app_begin ] --END-- [ RunTime:0.000578s ]
SQL: SHOW COLUMNS FROM `user` [ RunTime:0.0139s ]
SQL: SELECT COUNT(*) AS tp_count FROM `user` LIMIT 1   [ RunTime:0.0009s ]
NOTIC: [8] Undefined variable: map G:\phpStudy\PHPTutorial\WWW\TP\Application\Admin\Controller\UserController.class.php 第 21 行.
NOTIC: [2] Invalid argument supplied for foreach() G:\phpStudy\PHPTutorial\WWW\TP\Application\Admin\Controller\UserController.class.php 第 21 行.
NOTIC: [8] Undefined variable: where G:\phpStudy\PHPTutorial\WWW\TP\Application\Admin\Controller\UserController.class.php 第 24 行.
SQL: SELECT * FROM `user` ORDER BY id LIMIT 0,2   [ RunTime:0.0010s ]
NOTIC: [8] Undefined variable: result G:\phpStudy\PHPTutorial\WWW\TP\Application\Admin\Controller\UserController.class.php 第 28 行.
INFO: [ view_parse ] --START--
INFO: [ template_filter ] --START--
INFO: Run Behavior\ContentReplaceBehavior [ RunTime:0.000179s ]
INFO: [ template_filter ] --END-- [ RunTime:0.000252s ]
INFO: Run Behavior\ParseTemplateBehavior [ RunTime:0.021358s ]
INFO: [ view_parse ] --END-- [ RunTime:0.021477s ]
INFO: [ view_filter ] --START--
INFO: Run Behavior\WriteHtmlCacheBehavior [ RunTime:0.000799s ]
INFO: [ view_filter ] --END-- [ RunTime:0.000869s ]
INFO: [ app_end ] --START--
INFO: Run Behavior\ShowPageTraceBehavior [ RunTime:0.001282s ]
INFO: [ app_end ] --END-- [ RunTime:0.001358s ]

[ 2018-06-14T10:09:08+08:00 ] ::1 /TP/Admin/Index/index.html
INFO: [ app_init ] --START--
INFO: Run Behavior\BuildLiteBehavior [ RunTime:0.000010s ]
INFO: [ app_init ] --END-- [ RunTime:0.000383s ]
INFO: [ app_begin ] --START--
INFO: Run Behavior\ReadHtmlCacheBehavior [ RunTime:0.000586s ]
INFO: [ app_begin ] --END-- [ RunTime:0.000623s ]
INFO: [ view_parse ] --START--
INFO: [ template_filter ] --START--
INFO: Run Behavior\ContentReplaceBehavior [ RunTime:0.000055s ]
INFO: [ template_filter ] --END-- [ RunTime:0.000088s ]
INFO: Run Behavior\ParseTemplateBehavior [ RunTime:0.005415s ]
INFO: [ view_parse ] --END-- [ RunTime:0.005449s ]
INFO: [ view_filter ] --START--
INFO: Run Behavior\WriteHtmlCacheBehavior [ RunTime:0.000378s ]
INFO: [ view_filter ] --END-- [ RunTime:0.000404s ]
INFO: [ app_end ] --START--
INFO: Run Behavior\ShowPageTraceBehavior [ RunTime:0.000569s ]
INFO: [ app_end ] --END-- [ RunTime:0.000599s ]

[ 2018-06-14T10:09:08+08:00 ] ::1 /TP/Admin/Index/shouye.html
INFO: [ app_init ] --START--
INFO: Run Behavior\BuildLiteBehavior [ RunTime:0.000015s ]
INFO: [ app_init ] --END-- [ RunTime:0.000422s ]
INFO: [ app_begin ] --START--
INFO: Run Behavior\ReadHtmlCacheBehavior [ RunTime:0.000521s ]
INFO: [ app_begin ] --END-- [ RunTime:0.000560s ]
INFO: [ view_parse ] --START--
INFO: [ template_filter ] --START--
INFO: Run Behavior\ContentReplaceBehavior [ RunTime:0.000065s ]
INFO: [ template_filter ] --END-- [ RunTime:0.000106s ]
INFO: Run Behavior\ParseTemplateBehavior [ RunTime:0.005626s ]
INFO: [ view_parse ] --END-- [ RunTime:0.005678s ]
INFO: [ view_filter ] --START--
INFO: Run Behavior\WriteHtmlCacheBehavior [ RunTime:0.000497s ]
INFO: [ view_filter ] --END-- [ RunTime:0.000550s ]
INFO: [ app_end ] --START--
INFO: Run Behavior\ShowPageTraceBehavior [ RunTime:0.000840s ]
INFO: [ app_end ] --END-- [ RunTime:0.000886s ]

[ 2018-06-14T10:09:09+08:00 ] ::1 /TP/Admin/Index/index.html
INFO: [ app_init ] --START--
INFO: Run Behavior\BuildLiteBehavior [ RunTime:0.000011s ]
INFO: [ app_init ] --END-- [ RunTime:0.000351s ]
INFO: [ app_begin ] --START--
INFO: Run Behavior\ReadHtmlCacheBehavior [ RunTime:0.000499s ]
INFO: [ app_begin ] --END-- [ RunTime:0.000536s ]
INFO: [ view_parse ] --START--
INFO: [ template_filter ] --START--
INFO: Run Behavior\ContentReplaceBehavior [ RunTime:0.000054s ]
INFO: [ template_filter ] --END-- [ RunTime:0.000087s ]
INFO: Run Behavior\ParseTemplateBehavior [ RunTime:0.005158s ]
INFO: [ view_parse ] --END-- [ RunTime:0.005193s ]
INFO: [ view_filter ] --START--
INFO: Run Behavior\WriteHtmlCacheBehavior [ RunTime:0.000314s ]
INFO: [ view_filter ] --END-- [ RunTime:0.000339s ]
INFO: [ app_end ] --START--
INFO: Run Behavior\ShowPageTraceBehavior [ RunTime:0.000513s ]
INFO: [ app_end ] --END-- [ RunTime:0.000544s ]

[ 2018-06-14T10:09:09+08:00 ] ::1 /TP/Admin/Index/shouye.html
INFO: [ app_init ] --START--
INFO: Run Behavior\BuildLiteBehavior [ RunTime:0.000012s ]
INFO: [ app_init ] --END-- [ RunTime:0.000444s ]
INFO: [ app_begin ] --START--
INFO: Run Behavior\ReadHtmlCacheBehavior [ RunTime:0.000571s ]
INFO: [ app_begin ] --END-- [ RunTime:0.000609s ]
INFO: [ view_parse ] --START--
INFO: [ template_filter ] --START--
INFO: Run Behavior\ContentReplaceBehavior [ RunTime:0.000058s ]
INFO: [ template_filter ] --END-- [ RunTime:0.000091s ]
INFO: Run Behavior\ParseTemplateBehavior [ RunTime:0.005403s ]
INFO: [ view_parse ] --END-- [ RunTime:0.005445s ]
INFO: [ view_filter ] --START--
INFO: Run Behavior\WriteHtmlCacheBehavior [ RunTime:0.000385s ]
INFO: [ view_filter ] --END-- [ RunTime:0.000412s ]
INFO: [ app_end ] --START--
INFO: Run Behavior\ShowPageTraceBehavior [ RunTime:0.000592s ]
INFO: [ app_end ] --END-- [ RunTime:0.000618s ]

[ 2018-06-14T10:09:11+08:00 ] ::1 /TP/Admin/User/index.html
INFO: [ app_init ] --START--
INFO: Run Behavior\BuildLiteBehavior [ RunTime:0.000011s ]
INFO: [ app_init ] --END-- [ RunTime:0.000328s ]
INFO: [ app_begin ] --START--
INFO: Run Behavior\ReadHtmlCacheBehavior [ RunTime:0.000486s ]
INFO: [ app_begin ] --END-- [ RunTime:0.000522s ]
SQL: SHOW COLUMNS FROM `user` [ RunTime:0.0157s ]
SQL: SELECT COUNT(*) AS tp_count FROM `user` LIMIT 1   [ RunTime:0.0008s ]
NOTIC: [8] Undefined variable: map G:\phpStudy\PHPTutorial\WWW\TP\Application\Admin\Controller\UserController.class.php 第 21 行.
NOTIC: [2] Invalid argument supplied for foreach() G:\phpStudy\PHPTutorial\WWW\TP\Application\Admin\Controller\UserController.class.php 第 21 行.
NOTIC: [8] Undefined variable: where G:\phpStudy\PHPTutorial\WWW\TP\Application\Admin\Controller\UserController.class.php 第 24 行.
SQL: SELECT * FROM `user` ORDER BY id LIMIT 0,2   [ RunTime:0.0009s ]
NOTIC: [8] Undefined variable: result G:\phpStudy\PHPTutorial\WWW\TP\Application\Admin\Controller\UserController.class.php 第 28 行.
INFO: [ view_parse ] --START--
INFO: [ template_filter ] --START--
INFO: Run Behavior\ContentReplaceBehavior [ RunTime:0.000146s ]
INFO: [ template_filter ] --END-- [ RunTime:0.000205s ]
INFO: Run Behavior\ParseTemplateBehavior [ RunTime:0.015143s ]
INFO: [ view_parse ] --END-- [ RunTime:0.015245s ]
INFO: [ view_filter ] --START--
INFO: Run Behavior\WriteHtmlCacheBehavior [ RunTime:0.000632s ]
INFO: [ view_filter ] --END-- [ RunTime:0.000690s ]
INFO: [ app_end ] --START--
INFO: Run Behavior\ShowPageTraceBehavior [ RunTime:0.001040s ]
INFO: [ app_end ] --END-- [ RunTime:0.001097s ]

[ 2018-06-14T10:10:57+08:00 ] ::1 /TP/Admin/User/index.html
INFO: [ app_init ] --START--
INFO: Run Behavior\BuildLiteBehavior [ RunTime:0.000011s ]
INFO: [ app_init ] --END-- [ RunTime:0.000361s ]
INFO: [ app_begin ] --START--
INFO: Run Behavior\ReadHtmlCacheBehavior [ RunTime:0.000528s ]
INFO: [ app_begin ] --END-- [ RunTime:0.000564s ]
SQL: SHOW COLUMNS FROM `user` [ RunTime:0.0148s ]
SQL: SELECT COUNT(*) AS tp_count FROM `user` LIMIT 1   [ RunTime:0.0008s ]
NOTIC: [8] Undefined variable: map G:\phpStudy\PHPTutorial\WWW\TP\Application\Admin\Controller\UserController.class.php 第 21 行.
NOTIC: [2] Invalid argument supplied for foreach() G:\phpStudy\PHPTutorial\WWW\TP\Application\Admin\Controller\UserController.class.php 第 21 行.
NOTIC: [8] Undefined variable: where G:\phpStudy\PHPTutorial\WWW\TP\Application\Admin\Controller\UserController.class.php 第 24 行.
SQL: SELECT * FROM `user` ORDER BY id LIMIT 0,2   [ RunTime:0.0009s ]
NOTIC: [8] Undefined variable: result G:\phpStudy\PHPTutorial\WWW\TP\Application\Admin\Controller\UserController.class.php 第 28 行.
INFO: [ view_parse ] --START--
INFO: [ template_filter ] --START--
INFO: Run Behavior\ContentReplaceBehavior [ RunTime:0.000169s ]
INFO: [ template_filter ] --END-- [ RunTime:0.000243s ]
INFO: Run Behavior\ParseTemplateBehavior [ RunTime:0.017137s ]
INFO: [ view_parse ] --END-- [ RunTime:0.017249s ]
INFO: [ view_filter ] --START--
INFO: Run Behavior\WriteHtmlCacheBehavior [ RunTime:0.000747s ]
INFO: [ view_filter ] --END-- [ RunTime:0.000820s ]
INFO: [ app_end ] --START--
INFO: Run Behavior\ShowPageTraceBehavior [ RunTime:0.001287s ]
INFO: [ app_end ] --END-- [ RunTime:0.001360s ]

[ 2018-06-14T10:11:22+08:00 ] ::1 /TP/Admin/Index/index.php?rec=clear_cache
INFO: [ app_init ] --START--
INFO: Run Behavior\BuildLiteBehavior [ RunTime:0.000013s ]
INFO: [ app_init ] --END-- [ RunTime:0.000384s ]
INFO: [ app_begin ] --START--
INFO: Run Behavior\ReadHtmlCacheBehavior [ RunTime:0.000568s ]
INFO: [ app_begin ] --END-- [ RunTime:0.000605s ]
ERR: 非法操作:index.php

[ 2018-06-14T10:12:07+08:00 ] ::1 /TP/Admin/User/index.html
INFO: [ app_init ] --START--
INFO: Run Behavior\BuildLiteBehavior [ RunTime:0.000011s ]
INFO: [ app_init ] --END-- [ RunTime:0.000326s ]
INFO: [ app_begin ] --START--
INFO: Run Behavior\ReadHtmlCacheBehavior [ RunTime:0.000477s ]
INFO: [ app_begin ] --END-- [ RunTime:0.000512s ]
SQL: SHOW COLUMNS FROM `user` [ RunTime:0.0034s ]
SQL: SELECT COUNT(*) AS tp_count FROM `user` LIMIT 1   [ RunTime:0.0002s ]
NOTIC: [8] Undefined variable: map G:\phpStudy\PHPTutorial\WWW\TP\Application\Admin\Controller\UserController.class.php 第 21 行.
NOTIC: [2] Invalid argument supplied for foreach() G:\phpStudy\PHPTutorial\WWW\TP\Application\Admin\Controller\UserController.class.php 第 21 行.
NOTIC: [8] Undefined variable: where G:\phpStudy\PHPTutorial\WWW\TP\Application\Admin\Controller\UserController.class.php 第 24 行.
SQL: SELECT * FROM `user` ORDER BY id LIMIT 0,2   [ RunTime:0.0002s ]
NOTIC: [8] Undefined variable: result G:\phpStudy\PHPTutorial\WWW\TP\Application\Admin\Controller\UserController.class.php 第 28 行.
INFO: [ view_parse ] --START--
INFO: [ template_filter ] --START--
INFO: Run Behavior\ContentReplaceBehavior [ RunTime:0.000069s ]
INFO: [ template_filter ] --END-- [ RunTime:0.000098s ]
INFO: Run Behavior\ParseTemplateBehavior [ RunTime:0.006234s ]
INFO: [ view_parse ] --END-- [ RunTime:0.006269s ]
INFO: [ view_filter ] --START--
INFO: Run Behavior\WriteHtmlCacheBehavior [ RunTime:0.000333s ]
INFO: [ view_filter ] --END-- [ RunTime:0.000359s ]
INFO: [ app_end ] --START--
INFO: Run Behavior\ShowPageTraceBehavior [ RunTime:0.000558s ]
INFO: [ app_end ] --END-- [ RunTime:0.000587s ]

[ 2018-06-14T10:12:08+08:00 ] ::1 /TP/Admin/Index/index.html
INFO: [ app_init ] --START--
INFO: Run Behavior\BuildLiteBehavior [ RunTime:0.000010s ]
INFO: [ app_init ] --END-- [ RunTime:0.000358s ]
INFO: [ app_begin ] --START--
INFO: Run Behavior\ReadHtmlCacheBehavior [ RunTime:0.000623s ]
INFO: [ app_begin ] --END-- [ RunTime:0.000679s ]
INFO: [ view_parse ] --START--
INFO: [ template_filter ] --START--
INFO: Run Behavior\ContentReplaceBehavior [ RunTime:0.000047s ]
INFO: [ template_filter ] --END-- [ RunTime:0.000076s ]
INFO: Run Behavior\ParseTemplateBehavior [ RunTime:0.005000s ]
INFO: [ view_parse ] --END-- [ RunTime:0.005031s ]
INFO: [ view_filter ] --START--
INFO: Run Behavior\WriteHtmlCacheBehavior [ RunTime:0.000315s ]
INFO: [ view_filter ] --END-- [ RunTime:0.000338s ]
INFO: [ app_end ] --START--
INFO: Run Behavior\ShowPageTraceBehavior [ RunTime:0.000524s ]
INFO: [ app_end ] --END-- [ RunTime:0.000550s ]

[ 2018-06-14T10:12:08+08:00 ] ::1 /TP/Admin/Index/shouye.html
INFO: [ app_init ] --START--
INFO: Run Behavior\BuildLiteBehavior [ RunTime:0.000013s ]
INFO: [ app_init ] --END-- [ RunTime:0.000423s ]
INFO: [ app_begin ] --START--
INFO: Run Behavior\ReadHtmlCacheBehavior [ RunTime:0.000501s ]
INFO: [ app_begin ] --END-- [ RunTime:0.000541s ]
INFO: [ view_parse ] --START--
INFO: [ template_filter ] --START--
INFO: Run Behavior\ContentReplaceBehavior [ RunTime:0.000062s ]
INFO: [ template_filter ] --END-- [ RunTime:0.000104s ]
INFO: Run Behavior\ParseTemplateBehavior [ RunTime:0.006213s ]
INFO: [ view_parse ] --END-- [ RunTime:0.006247s ]
INFO: [ view_filter ] --START--
INFO: Run Behavior\WriteHtmlCacheBehavior [ RunTime:0.000396s ]
INFO: [ view_filter ] --END-- [ RunTime:0.000421s ]
INFO: [ app_end ] --START--
INFO: Run Behavior\ShowPageTraceBehavior [ RunTime:0.000558s ]
INFO: [ app_end ] --END-- [ RunTime:0.000585s ]

[ 2018-06-14T10:12:11+08:00 ] ::1 /TP/Admin/User/index.html
INFO: [ app_init ] --START--
INFO: Run Behavior\BuildLiteBehavior [ RunTime:0.000010s ]
INFO: [ app_init ] --END-- [ RunTime:0.000313s ]
INFO: [ app_begin ] --START--
INFO: Run Behavior\ReadHtmlCacheBehavior [ RunTime:0.000473s ]
INFO: [ app_begin ] --END-- [ RunTime:0.000506s ]
SQL: SHOW COLUMNS FROM `user` [ RunTime:0.1240s ]
SQL: SELECT COUNT(*) AS tp_count FROM `user` LIMIT 1   [ RunTime:0.0003s ]
NOTIC: [8] Undefined variable: map G:\phpStudy\PHPTutorial\WWW\TP\Application\Admin\Controller\UserController.class.php 第 21 行.
NOTIC: [2] Invalid argument supplied for foreach() G:\phpStudy\PHPTutorial\WWW\TP\Application\Admin\Controller\UserController.class.php 第 21 行.
NOTIC: [8] Undefined variable: where G:\phpStudy\PHPTutorial\WWW\TP\Application\Admin\Controller\UserController.class.php 第 24 行.
SQL: SELECT * FROM `user` ORDER BY id LIMIT 0,2   [ RunTime:0.0002s ]
NOTIC: [8] Undefined variable: result G:\phpStudy\PHPTutorial\WWW\TP\Application\Admin\Controller\UserController.class.php 第 28 行.
INFO: [ view_parse ] --START--
INFO: [ template_filter ] --START--
INFO: Run Behavior\ContentReplaceBehavior [ RunTime:0.000068s ]
INFO: [ template_filter ] --END-- [ RunTime:0.000098s ]
INFO: Run Behavior\ParseTemplateBehavior [ RunTime:0.005858s ]
INFO: [ view_parse ] --END-- [ RunTime:0.005891s ]
INFO: [ view_filter ] --START--
INFO: Run Behavior\WriteHtmlCacheBehavior [ RunTime:0.000286s ]
INFO: [ view_filter ] --END-- [ RunTime:0.000310s ]
INFO: [ app_end ] --START--
INFO: Run Behavior\ShowPageTraceBehavior [ RunTime:0.000505s ]
INFO: [ app_end ] --END-- [ RunTime:0.000535s ]

[ 2018-06-14T10:12:35+08:00 ] ::1 /TP/Admin/Index/index.html
INFO: [ app_init ] --START--
INFO: Run Behavior\BuildLiteBehavior [ RunTime:0.000012s ]
INFO: [ app_init ] --END-- [ RunTime:0.000360s ]
INFO: [ app_begin ] --START--
INFO: Run Behavior\ReadHtmlCacheBehavior [ RunTime:0.000523s ]
INFO: [ app_begin ] --END-- [ RunTime:0.000560s ]
INFO: [ view_parse ] --START--
INFO: [ template_filter ] --START--
INFO: Run Behavior\ContentReplaceBehavior [ RunTime:0.000060s ]
INFO: [ template_filter ] --END-- [ RunTime:0.000104s ]
INFO: Run Behavior\ParseTemplateBehavior [ RunTime:0.005348s ]
INFO: [ view_parse ] --END-- [ RunTime:0.005389s ]
INFO: [ view_filter ] --START--
INFO: Run Behavior\WriteHtmlCacheBehavior [ RunTime:0.000341s ]
INFO: [ view_filter ] --END-- [ RunTime:0.000368s ]
INFO: [ app_end ] --START--
INFO: Run Behavior\ShowPageTraceBehavior [ RunTime:0.000518s ]
INFO: [ app_end ] --END-- [ RunTime:0.000553s ]

[ 2018-06-14T10:12:35+08:00 ] ::1 /TP/Admin/Index/shouye.html
INFO: [ app_init ] --START--
INFO: Run Behavior\BuildLiteBehavior [ RunTime:0.000010s ]
INFO: [ app_init ] --END-- [ RunTime:0.000311s ]
INFO: [ app_begin ] --START--
INFO: Run Behavior\ReadHtmlCacheBehavior [ RunTime:0.000537s ]
INFO: [ app_begin ] --END-- [ RunTime:0.000572s ]
INFO: [ view_parse ] --START--
INFO: [ template_filter ] --START--
INFO: Run Behavior\ContentReplaceBehavior [ RunTime:0.000076s ]
INFO: [ template_filter ] --END-- [ RunTime:0.000151s ]
INFO: Run Behavior\ParseTemplateBehavior [ RunTime:0.018934s ]
INFO: [ view_parse ] --END-- [ RunTime:0.018979s ]
INFO: [ view_filter ] --START--
INFO: Run Behavior\WriteHtmlCacheBehavior [ RunTime:0.000365s ]
INFO: [ view_filter ] --END-- [ RunTime:0.000397s ]
INFO: [ app_end ] --START--
INFO: Run Behavior\ShowPageTraceBehavior [ RunTime:0.000492s ]
INFO: [ app_end ] --END-- [ RunTime:0.000521s ]

[ 2018-06-14T10:12:37+08:00 ] ::1 /TP/Admin/User/index.html
INFO: [ app_init ] --START--
INFO: Run Behavior\BuildLiteBehavior [ RunTime:0.000019s ]
INFO: [ app_init ] --END-- [ RunTime:0.000378s ]
INFO: [ app_begin ] --START--
INFO: Run Behavior\ReadHtmlCacheBehavior [ RunTime:0.000549s ]
INFO: [ app_begin ] --END-- [ RunTime:0.000591s ]
SQL: SHOW COLUMNS FROM `user` [ RunTime:0.0072s ]
SQL: SELECT COUNT(*) AS tp_count FROM `user` LIMIT 1   [ RunTime:0.0004s ]
NOTIC: [8] Undefined variable: map G:\phpStudy\PHPTutorial\WWW\TP\Application\Admin\Controller\UserController.class.php 第 21 行.
NOTIC: [2] Invalid argument supplied for foreach() G:\phpStudy\PHPTutorial\WWW\TP\Application\Admin\Controller\UserController.class.php 第 21 行.
NOTIC: [8] Undefined variable: where G:\phpStudy\PHPTutorial\WWW\TP\Application\Admin\Controller\UserController.class.php 第 24 行.
SQL: SELECT * FROM `user` ORDER BY id LIMIT 0,2   [ RunTime:0.0005s ]
NOTIC: [8] Undefined variable: result G:\phpStudy\PHPTutorial\WWW\TP\Application\Admin\Controller\UserController.class.php 第 28 行.
INFO: [ view_parse ] --START--
INFO: [ template_filter ] --START--
INFO: Run Behavior\ContentReplaceBehavior [ RunTime:0.000145s ]
INFO: [ template_filter ] --END-- [ RunTime:0.000212s ]
INFO: Run Behavior\ParseTemplateBehavior [ RunTime:0.013515s ]
INFO: [ view_parse ] --END-- [ RunTime:0.013566s ]
INFO: [ view_filter ] --START--
INFO: Run Behavior\WriteHtmlCacheBehavior [ RunTime:0.000340s ]
INFO: [ view_filter ] --END-- [ RunTime:0.000367s ]
INFO: [ app_end ] --START--
INFO: Run Behavior\ShowPageTraceBehavior [ RunTime:0.000541s ]
INFO: [ app_end ] --END-- [ RunTime:0.000569s ]

[ 2018-06-14T10:12:39+08:00 ] ::1 /TP/Admin/User/index.html
INFO: [ app_init ] --START--
INFO: Run Behavior\BuildLiteBehavior [ RunTime:0.000013s ]
INFO: [ app_init ] --END-- [ RunTime:0.000353s ]
INFO: [ app_begin ] --START--
INFO: Run Behavior\ReadHtmlCacheBehavior [ RunTime:0.000520s ]
INFO: [ app_begin ] --END-- [ RunTime:0.000555s ]
SQL: SHOW COLUMNS FROM `user` [ RunTime:0.0095s ]
SQL: SELECT COUNT(*) AS tp_count FROM `user` LIMIT 1   [ RunTime:0.0006s ]
NOTIC: [8] Undefined variable: map G:\phpStudy\PHPTutorial\WWW\TP\Application\Admin\Controller\UserController.class.php 第 21 行.
NOTIC: [2] Invalid argument supplied for foreach() G:\phpStudy\PHPTutorial\WWW\TP\Application\Admin\Controller\UserController.class.php 第 21 行.
NOTIC: [8] Undefined variable: where G:\phpStudy\PHPTutorial\WWW\TP\Application\Admin\Controller\UserController.class.php 第 24 行.
SQL: SELECT * FROM `user` ORDER BY id LIMIT 0,2   [ RunTime:0.0006s ]
NOTIC: [8] Undefined variable: result G:\phpStudy\PHPTutorial\WWW\TP\Application\Admin\Controller\UserController.class.php 第 28 行.
INFO: [ view_parse ] --START--
INFO: [ template_filter ] --START--
INFO: Run Behavior\ContentReplaceBehavior [ RunTime:0.000192s ]
INFO: [ template_filter ] --END-- [ RunTime:0.000279s ]
INFO: Run Behavior\ParseTemplateBehavior [ RunTime:0.017854s ]
INFO: [ view_parse ] --END-- [ RunTime:0.017951s ]
INFO: [ view_filter ] --START--
INFO: Run Behavior\WriteHtmlCacheBehavior [ RunTime:0.000893s ]
INFO: [ view_filter ] --END-- [ RunTime:0.000972s ]
INFO: [ app_end ] --START--
INFO: Run Behavior\ShowPageTraceBehavior [ RunTime:0.001537s ]
INFO: [ app_end ] --END-- [ RunTime:0.001621s ]

[ 2018-06-14T10:13:06+08:00 ] ::1 /TP/Admin/Index/index.html
INFO: [ app_init ] --START--
INFO: Run Behavior\BuildLiteBehavior [ RunTime:0.000013s ]
INFO: [ app_init ] --END-- [ RunTime:0.000433s ]
INFO: [ app_begin ] --START--
INFO: Run Behavior\ReadHtmlCacheBehavior [ RunTime:0.000656s ]
INFO: [ app_begin ] --END-- [ RunTime:0.000701s ]
INFO: [ view_parse ] --START--
INFO: [ template_filter ] --START--
INFO: Run Behavior\ContentReplaceBehavior [ RunTime:0.000069s ]
INFO: [ template_filter ] --END-- [ RunTime:0.000113s ]
INFO: Run Behavior\ParseTemplateBehavior [ RunTime:0.006621s ]
INFO: [ view_parse ] --END-- [ RunTime:0.006665s ]
INFO: [ view_filter ] --START--
INFO: Run Behavior\WriteHtmlCacheBehavior [ RunTime:0.000402s ]
INFO: [ view_filter ] --END-- [ RunTime:0.000437s ]
INFO: [ app_end ] --START--
INFO: Run Behavior\ShowPageTraceBehavior [ RunTime:0.000722s ]
INFO: [ app_end ] --END-- [ RunTime:0.000761s ]

[ 2018-06-14T10:13:06+08:00 ] ::1 /TP/Admin/Index/shouye.html
INFO: [ app_init ] --START--
INFO: Run Behavior\BuildLiteBehavior [ RunTime:0.000012s ]
INFO: [ app_init ] --END-- [ RunTime:0.000354s ]
INFO: [ app_begin ] --START--
INFO: Run Behavior\ReadHtmlCacheBehavior [ RunTime:0.000613s ]
INFO: [ app_begin ] --END-- [ RunTime:0.000653s ]
INFO: [ view_parse ] --START--
INFO: [ template_filter ] --START--
INFO: Run Behavior\ContentReplaceBehavior [ RunTime:0.000067s ]
INFO: [ template_filter ] --END-- [ RunTime:0.000111s ]
INFO: Run Behavior\ParseTemplateBehavior [ RunTime:0.005800s ]
INFO: [ view_parse ] --END-- [ RunTime:0.005834s ]
INFO: [ view_filter ] --START--
INFO: Run Behavior\WriteHtmlCacheBehavior [ RunTime:0.000459s ]
INFO: [ view_filter ] --END-- [ RunTime:0.000493s ]
INFO: [ app_end ] --START--
INFO: Run Behavior\ShowPageTraceBehavior [ RunTime:0.000632s ]
INFO: [ app_end ] --END-- [ RunTime:0.000668s ]

[ 2018-06-14T10:13:08+08:00 ] ::1 /TP/Admin/User/index.html
INFO: [ app_init ] --START--
INFO: Run Behavior\BuildLiteBehavior [ RunTime:0.000011s ]
INFO: [ app_init ] --END-- [ RunTime:0.000358s ]
INFO: [ app_begin ] --START--
INFO: Run Behavior\ReadHtmlCacheBehavior [ RunTime:0.000527s ]
INFO: [ app_begin ] --END-- [ RunTime:0.000563s ]
SQL: SHOW COLUMNS FROM `user` [ RunTime:0.0116s ]
SQL: SELECT COUNT(*) AS tp_count FROM `user` LIMIT 1   [ RunTime:0.0003s ]
NOTIC: [8] Undefined variable: map G:\phpStudy\PHPTutorial\WWW\TP\Application\Admin\Controller\UserController.class.php 第 21 行.
NOTIC: [2] Invalid argument supplied for foreach() G:\phpStudy\PHPTutorial\WWW\TP\Application\Admin\Controller\UserController.class.php 第 21 行.
NOTIC: [8] Undefined variable: where G:\phpStudy\PHPTutorial\WWW\TP\Application\Admin\Controller\UserController.class.php 第 24 行.
SQL: SELECT * FROM `user` ORDER BY id LIMIT 0,2   [ RunTime:0.0003s ]
NOTIC: [8] Undefined variable: result G:\phpStudy\PHPTutorial\WWW\TP\Application\Admin\Controller\UserController.class.php 第 28 行.
INFO: [ view_parse ] --START--
INFO: [ template_filter ] --START--
INFO: Run Behavior\ContentReplaceBehavior [ RunTime:0.000119s ]
INFO: [ template_filter ] --END-- [ RunTime:0.000168s ]
INFO: Run Behavior\ParseTemplateBehavior [ RunTime:0.010019s ]
INFO: [ view_parse ] --END-- [ RunTime:0.010075s ]
INFO: [ view_filter ] --START--
INFO: Run Behavior\WriteHtmlCacheBehavior [ RunTime:0.000510s ]
INFO: [ view_filter ] --END-- [ RunTime:0.000555s ]
INFO: [ app_end ] --START--
INFO: Run Behavior\ShowPageTraceBehavior [ RunTime:0.000859s ]
INFO: [ app_end ] --END-- [ RunTime:0.000910s ]

[ 2018-06-14T10:13:15+08:00 ] ::1 /TP/Admin/User/del
INFO: [ app_init ] --START--
INFO: Run Behavior\BuildLiteBehavior [ RunTime:0.000010s ]
INFO: [ app_init ] --END-- [ RunTime:0.000352s ]
INFO: [ app_begin ] --START--
INFO: Run Behavior\ReadHtmlCacheBehavior [ RunTime:0.000532s ]
INFO: [ app_begin ] --END-- [ RunTime:0.000566s ]
SQL: SHOW COLUMNS FROM `user` [ RunTime:0.0135s ]
SQL: DELETE FROM `user` WHERE ( id=1 ) [ RunTime:0.0011s ]

[ 2018-06-14T10:13:19+08:00 ] ::1 /TP/Admin/User/index.html
INFO: [ app_init ] --START--
INFO: Run Behavior\BuildLiteBehavior [ RunTime:0.000019s ]
INFO: [ app_init ] --END-- [ RunTime:0.000643s ]
INFO: [ app_begin ] --START--
INFO: Run Behavior\ReadHtmlCacheBehavior [ RunTime:0.000986s ]
INFO: [ app_begin ] --END-- [ RunTime:0.001056s ]
SQL: SHOW COLUMNS FROM `user` [ RunTime:0.0138s ]
SQL: SELECT COUNT(*) AS tp_count FROM `user` LIMIT 1   [ RunTime:0.0008s ]
NOTIC: [8] Undefined variable: map G:\phpStudy\PHPTutorial\WWW\TP\Application\Admin\Controller\UserController.class.php 第 21 行.
NOTIC: [2] Invalid argument supplied for foreach() G:\phpStudy\PHPTutorial\WWW\TP\Application\Admin\Controller\UserController.class.php 第 21 行.
NOTIC: [8] Undefined variable: where G:\phpStudy\PHPTutorial\WWW\TP\Application\Admin\Controller\UserController.class.php 第 24 行.
SQL: SELECT * FROM `user` ORDER BY id LIMIT 0,2   [ RunTime:0.0009s ]
NOTIC: [8] Undefined variable: result G:\phpStudy\PHPTutorial\WWW\TP\Application\Admin\Controller\UserController.class.php 第 28 行.
INFO: [ view_parse ] --START--
INFO: [ template_filter ] --START--
INFO: Run Behavior\ContentReplaceBehavior [ RunTime:0.000181s ]
INFO: [ template_filter ] --END-- [ RunTime:0.000256s ]
INFO: Run Behavior\ParseTemplateBehavior [ RunTime:0.021568s ]
INFO: [ view_parse ] --END-- [ RunTime:0.021681s ]
INFO: [ view_filter ] --START--
INFO: Run Behavior\WriteHtmlCacheBehavior [ RunTime:0.000784s ]
INFO: [ view_filter ] --END-- [ RunTime:0.000852s ]
INFO: [ app_end ] --START--
INFO: Run Behavior\ShowPageTraceBehavior [ RunTime:0.001292s ]
INFO: [ app_end ] --END-- [ RunTime:0.001366s ]

[ 2018-06-14T10:14:13+08:00 ] ::1 /TP/Admin/User/index.html
INFO: [ app_init ] --START--
INFO: Run Behavior\BuildLiteBehavior [ RunTime:0.000011s ]
INFO: [ app_init ] --END-- [ RunTime:0.000353s ]
INFO: [ app_begin ] --START--
INFO: Run Behavior\ReadHtmlCacheBehavior [ RunTime:0.000562s ]
INFO: [ app_begin ] --END-- [ RunTime:0.000599s ]
SQL: SHOW COLUMNS FROM `user` [ RunTime:0.0133s ]
SQL: SELECT COUNT(*) AS tp_count FROM `user` LIMIT 1   [ RunTime:0.0008s ]
NOTIC: [8] Undefined variable: map G:\phpStudy\PHPTutorial\WWW\TP\Application\Admin\Controller\UserController.class.php 第 21 行.
NOTIC: [2] Invalid argument supplied for foreach() G:\phpStudy\PHPTutorial\WWW\TP\Application\Admin\Controller\UserController.class.php 第 21 行.
NOTIC: [8] Undefined variable: where G:\phpStudy\PHPTutorial\WWW\TP\Application\Admin\Controller\UserController.class.php 第 24 行.
SQL: SELECT * FROM `user` ORDER BY id LIMIT 0,2   [ RunTime:0.0009s ]
NOTIC: [8] Undefined variable: result G:\phpStudy\PHPTutorial\WWW\TP\Application\Admin\Controller\UserController.class.php 第 28 行.
INFO: [ view_parse ] --START--
INFO: [ template_filter ] --START--
INFO: Run Behavior\ContentReplaceBehavior [ RunTime:0.000186s ]
INFO: [ template_filter ] --END-- [ RunTime:0.000260s ]
INFO: Run Behavior\ParseTemplateBehavior [ RunTime:0.019632s ]
INFO: [ view_parse ] --END-- [ RunTime:0.019744s ]
INFO: [ view_filter ] --START--
INFO: Run Behavior\WriteHtmlCacheBehavior [ RunTime:0.000898s ]
INFO: [ view_filter ] --END-- [ RunTime:0.000966s ]
INFO: [ app_end ] --START--
INFO: Run Behavior\ShowPageTraceBehavior [ RunTime:0.001389s ]
INFO: [ app_end ] --END-- [ RunTime:0.001465s ]

[ 2018-06-14T10:16:15+08:00 ] ::1 /TP/Admin/Index/index.html
INFO: [ app_init ] --START--
INFO: Run Behavior\BuildLiteBehavior [ RunTime:0.000011s ]
INFO: [ app_init ] --END-- [ RunTime:0.000399s ]
INFO: [ app_begin ] --START--
INFO: Run Behavior\ReadHtmlCacheBehavior [ RunTime:0.000588s ]
INFO: [ app_begin ] --END-- [ RunTime:0.000624s ]
INFO: [ view_parse ] --START--
INFO: [ template_filter ] --START--
INFO: Run Behavior\ContentReplaceBehavior [ RunTime:0.000056s ]
INFO: [ template_filter ] --END-- [ RunTime:0.000090s ]
INFO: Run Behavior\ParseTemplateBehavior [ RunTime:0.005505s ]
INFO: [ view_parse ] --END-- [ RunTime:0.005540s ]
INFO: [ view_filter ] --START--
INFO: Run Behavior\WriteHtmlCacheBehavior [ RunTime:0.000378s ]
INFO: [ view_filter ] --END-- [ RunTime:0.000405s ]
INFO: [ app_end ] --START--
INFO: Run Behavior\ShowPageTraceBehavior [ RunTime:0.000563s ]
INFO: [ app_end ] --END-- [ RunTime:0.000592s ]

[ 2018-06-14T10:16:15+08:00 ] ::1 /TP/Admin/Index/shouye.html
INFO: [ app_init ] --START--
INFO: Run Behavior\BuildLiteBehavior [ RunTime:0.000019s ]
INFO: [ app_init ] --END-- [ RunTime:0.000367s ]
INFO: [ app_begin ] --START--
INFO: Run Behavior\ReadHtmlCacheBehavior [ RunTime:0.000559s ]
INFO: [ app_begin ] --END-- [ RunTime:0.000606s ]
INFO: [ view_parse ] --START--
INFO: [ template_filter ] --START--
INFO: Run Behavior\ContentReplaceBehavior [ RunTime:0.000095s ]
INFO: [ template_filter ] --END-- [ RunTime:0.000155s ]
INFO: Run Behavior\ParseTemplateBehavior [ RunTime:0.006730s ]
INFO: [ view_parse ] --END-- [ RunTime:0.006780s ]
INFO: [ view_filter ] --START--
INFO: Run Behavior\WriteHtmlCacheBehavior [ RunTime:0.000518s ]
INFO: [ view_filter ] --END-- [ RunTime:0.000552s ]
INFO: [ app_end ] --START--
INFO: Run Behavior\ShowPageTraceBehavior [ RunTime:0.000790s ]
INFO: [ app_end ] --END-- [ RunTime:0.000843s ]

[ 2018-06-14T10:16:17+08:00 ] ::1 /TP/Admin/User/index.html
INFO: [ app_init ] --START--
INFO: Run Behavior\BuildLiteBehavior [ RunTime:0.000011s ]
INFO: [ app_init ] --END-- [ RunTime:0.000371s ]
INFO: [ app_begin ] --START--
INFO: Run Behavior\ReadHtmlCacheBehavior [ RunTime:0.000587s ]
INFO: [ app_begin ] --END-- [ RunTime:0.000626s ]
SQL: SHOW COLUMNS FROM `user` [ RunTime:0.0139s ]
SQL: SELECT COUNT(*) AS tp_count FROM `user` LIMIT 1   [ RunTime:0.0010s ]
NOTIC: [8] Undefined variable: map G:\phpStudy\PHPTutorial\WWW\TP\Application\Admin\Controller\UserController.class.php 第 21 行.
NOTIC: [2] Invalid argument supplied for foreach() G:\phpStudy\PHPTutorial\WWW\TP\Application\Admin\Controller\UserController.class.php 第 21 行.
NOTIC: [8] Undefined variable: where G:\phpStudy\PHPTutorial\WWW\TP\Application\Admin\Controller\UserController.class.php 第 24 行.
SQL: SELECT * FROM `user` ORDER BY id LIMIT 0,2   [ RunTime:0.0011s ]
NOTIC: [8] Undefined variable: result G:\phpStudy\PHPTutorial\WWW\TP\Application\Admin\Controller\UserController.class.php 第 28 行.
INFO: [ view_parse ] --START--
INFO: [ template_filter ] --START--
INFO: Run Behavior\ContentReplaceBehavior [ RunTime:0.000321s ]
INFO: [ template_filter ] --END-- [ RunTime:0.000448s ]
INFO: Run Behavior\ParseTemplateBehavior [ RunTime:0.026927s ]
INFO: [ view_parse ] --END-- [ RunTime:0.027031s ]
INFO: [ view_filter ] --START--
INFO: Run Behavior\WriteHtmlCacheBehavior [ RunTime:0.000635s ]
INFO: [ view_filter ] --END-- [ RunTime:0.000684s ]
INFO: [ app_end ] --START--
INFO: Run Behavior\ShowPageTraceBehavior [ RunTime:0.000990s ]
INFO: [ app_end ] --END-- [ RunTime:0.001043s ]

[ 2018-06-14T10:24:23+08:00 ] ::1 /TP/Admin/User/add.html
INFO: [ app_init ] --START--
INFO: Run Behavior\BuildLiteBehavior [ RunTime:0.000011s ]
INFO: [ app_init ] --END-- [ RunTime:0.000360s ]
INFO: [ app_begin ] --START--
INFO: Run Behavior\ReadHtmlCacheBehavior [ RunTime:0.000572s ]
INFO: [ app_begin ] --END-- [ RunTime:0.000608s ]
INFO: [ view_parse ] --START--
INFO: [ template_filter ] --START--
INFO: Run Behavior\ContentReplaceBehavior [ RunTime:0.000049s ]
INFO: [ template_filter ] --END-- [ RunTime:0.000094s ]
INFO: Run Behavior\ParseTemplateBehavior [ RunTime:0.029623s ]
INFO: [ view_parse ] --END-- [ RunTime:0.029659s ]
INFO: [ view_filter ] --START--
INFO: Run Behavior\WriteHtmlCacheBehavior [ RunTime:0.000384s ]
INFO: [ view_filter ] --END-- [ RunTime:0.000412s ]
INFO: [ app_end ] --START--
INFO: Run Behavior\ShowPageTraceBehavior [ RunTime:0.000586s ]
INFO: [ app_end ] --END-- [ RunTime:0.000618s ]

[ 2018-06-14T10:24:43+08:00 ] ::1 /TP/Admin/User/add.html
INFO: [ app_init ] --START--
INFO: Run Behavior\BuildLiteBehavior [ RunTime:0.000011s ]
INFO: [ app_init ] --END-- [ RunTime:0.000358s ]
INFO: [ app_begin ] --START--
INFO: Run Behavior\ReadHtmlCacheBehavior [ RunTime:0.000517s ]
INFO: [ app_begin ] --END-- [ RunTime:0.000555s ]
SQL: SHOW COLUMNS FROM `user` [ RunTime:0.0066s ]
SQL: INSERT INTO `user` (`username`,`password`,`phone`,`addr`,`lasttime`) VALUES ('admin','admin','165161321','fghfghf','2018-06-14 10:24;42') [ RunTime:0.0011s ]
INFO: [ view_parse ] --START--
INFO: [ template_filter ] --START--
INFO: Run Behavior\ContentReplaceBehavior [ RunTime:0.000156s ]
INFO: [ template_filter ] --END-- [ RunTime:0.000293s ]
INFO: Run Behavior\ParseTemplateBehavior [ RunTime:0.018690s ]
INFO: [ view_parse ] --END-- [ RunTime:0.018871s ]
INFO: [ view_filter ] --START--
INFO: Run Behavior\WriteHtmlCacheBehavior [ RunTime:0.001307s ]
INFO: [ view_filter ] --END-- [ RunTime:0.001428s ]
INFO: [ app_end ] --START--
INFO: Run Behavior\ShowPageTraceBehavior [ RunTime:0.002143s ]
INFO: [ app_end ] --END-- [ RunTime:0.002274s ]

[ 2018-06-14T10:24:45+08:00 ] ::1 /TP/Admin/User/index
INFO: [ app_init ] --START--
INFO: Run Behavior\BuildLiteBehavior [ RunTime:0.000022s ]
INFO: [ app_init ] --END-- [ RunTime:0.000738s ]
INFO: [ app_begin ] --START--
INFO: Run Behavior\ReadHtmlCacheBehavior [ RunTime:0.001127s ]
INFO: [ app_begin ] --END-- [ RunTime:0.001205s ]
SQL: SHOW COLUMNS FROM `user` [ RunTime:0.0136s ]
SQL: SELECT COUNT(*) AS tp_count FROM `user` LIMIT 1   [ RunTime:0.0008s ]
NOTIC: [8] Undefined variable: map G:\phpStudy\PHPTutorial\WWW\TP\Application\Admin\Controller\UserController.class.php 第 21 行.
NOTIC: [2] Invalid argument supplied for foreach() G:\phpStudy\PHPTutorial\WWW\TP\Application\Admin\Controller\UserController.class.php 第 21 行.
NOTIC: [8] Undefined variable: where G:\phpStudy\PHPTutorial\WWW\TP\Application\Admin\Controller\UserController.class.php 第 24 行.
SQL: SELECT * FROM `user` ORDER BY id LIMIT 0,2   [ RunTime:0.0011s ]
NOTIC: [8] Undefined variable: result G:\phpStudy\PHPTutorial\WWW\TP\Application\Admin\Controller\UserController.class.php 第 28 行.
INFO: [ view_parse ] --START--
INFO: [ template_filter ] --START--
INFO: Run Behavior\ContentReplaceBehavior [ RunTime:0.000324s ]
INFO: [ template_filter ] --END-- [ RunTime:0.000487s ]
INFO: Run Behavior\ParseTemplateBehavior [ RunTime:0.027197s ]
INFO: [ view_parse ] --END-- [ RunTime:0.027299s ]
INFO: [ view_filter ] --START--
INFO: Run Behavior\WriteHtmlCacheBehavior [ RunTime:0.000535s ]
INFO: [ view_filter ] --END-- [ RunTime:0.000585s ]
INFO: [ app_end ] --START--
INFO: Run Behavior\ShowPageTraceBehavior [ RunTime:0.000860s ]
INFO: [ app_end ] --END-- [ RunTime:0.000911s ]

[ 2018-06-14T10:24:47+08:00 ] ::1 /TP/Admin/User/add.html
INFO: [ app_init ] --START--
INFO: Run Behavior\BuildLiteBehavior [ RunTime:0.000012s ]
INFO: [ app_init ] --END-- [ RunTime:0.000357s ]
INFO: [ app_begin ] --START--
INFO: Run Behavior\ReadHtmlCacheBehavior [ RunTime:0.000520s ]
INFO: [ app_begin ] --END-- [ RunTime:0.000556s ]
INFO: [ view_parse ] --START--
INFO: [ template_filter ] --START--
INFO: Run Behavior\ContentReplaceBehavior [ RunTime:0.000044s ]
INFO: [ template_filter ] --END-- [ RunTime:0.000077s ]
INFO: Run Behavior\ParseTemplateBehavior [ RunTime:0.004520s ]
INFO: [ view_parse ] --END-- [ RunTime:0.004554s ]
INFO: [ view_filter ] --START--
INFO: Run Behavior\WriteHtmlCacheBehavior [ RunTime:0.000356s ]
INFO: [ view_filter ] --END-- [ RunTime:0.000381s ]
INFO: [ app_end ] --START--
INFO: Run Behavior\ShowPageTraceBehavior [ RunTime:0.000491s ]
INFO: [ app_end ] --END-- [ RunTime:0.000520s ]

[ 2018-06-14T10:25:10+08:00 ] ::1 /TP/Admin/User/add.html
INFO: [ app_init ] --START--
INFO: Run Behavior\BuildLiteBehavior [ RunTime:0.000010s ]
INFO: [ app_init ] --END-- [ RunTime:0.000313s ]
INFO: [ app_begin ] --START--
INFO: Run Behavior\ReadHtmlCacheBehavior [ RunTime:0.000479s ]
INFO: [ app_begin ] --END-- [ RunTime:0.000512s ]
SQL: SHOW COLUMNS FROM `user` [ RunTime:0.0140s ]
SQL: INSERT INTO `user` (`username`,`password`,`phone`,`addr`,`lasttime`) VALUES ('root','jk123','45616132','fghfghf','2018-06-14 10:25;10') [ RunTime:0.0009s ]
INFO: [ view_parse ] --START--
INFO: [ template_filter ] --START--
INFO: Run Behavior\ContentReplaceBehavior [ RunTime:0.000109s ]
INFO: [ template_filter ] --END-- [ RunTime:0.000201s ]
INFO: Run Behavior\ParseTemplateBehavior [ RunTime:0.017119s ]
INFO: [ view_parse ] --END-- [ RunTime:0.017255s ]
INFO: [ view_filter ] --START--
INFO: Run Behavior\WriteHtmlCacheBehavior [ RunTime:0.000895s ]
INFO: [ view_filter ] --END-- [ RunTime:0.000978s ]
INFO: [ app_end ] --START--
INFO: Run Behavior\ShowPageTraceBehavior [ RunTime:0.001474s ]
INFO: [ app_end ] --END-- [ RunTime:0.001560s ]

[ 2018-06-14T10:25:13+08:00 ] ::1 /TP/Admin/User/index
INFO: [ app_init ] --START--
INFO: Run Behavior\BuildLiteBehavior [ RunTime:0.000025s ]
INFO: [ app_init ] --END-- [ RunTime:0.000774s ]
INFO: [ app_begin ] --START--
INFO: Run Behavior\ReadHtmlCacheBehavior [ RunTime:0.001196s ]
INFO: [ app_begin ] --END-- [ RunTime:0.001284s ]
SQL: SHOW COLUMNS FROM `user` [ RunTime:0.0136s ]
SQL: SELECT COUNT(*) AS tp_count FROM `user` LIMIT 1   [ RunTime:0.0008s ]
NOTIC: [8] Undefined variable: map G:\phpStudy\PHPTutorial\WWW\TP\Application\Admin\Controller\UserController.class.php 第 21 行.
NOTIC: [2] Invalid argument supplied for foreach() G:\phpStudy\PHPTutorial\WWW\TP\Application\Admin\Controller\UserController.class.php 第 21 行.
NOTIC: [8] Undefined variable: where G:\phpStudy\PHPTutorial\WWW\TP\Application\Admin\Controller\UserController.class.php 第 24 行.
SQL: SELECT * FROM `user` ORDER BY id LIMIT 0,2   [ RunTime:0.0010s ]
NOTIC: [8] Undefined variable: result G:\phpStudy\PHPTutorial\WWW\TP\Application\Admin\Controller\UserController.class.php 第 28 行.
INFO: [ view_parse ] --START--
INFO: [ template_filter ] --START--
INFO: Run Behavior\ContentReplaceBehavior [ RunTime:0.000316s ]
INFO: [ template_filter ] --END-- [ RunTime:0.000449s ]
INFO: Run Behavior\ParseTemplateBehavior [ RunTime:0.027861s ]
INFO: [ view_parse ] --END-- [ RunTime:0.028005s ]
INFO: [ view_filter ] --START--
INFO: Run Behavior\WriteHtmlCacheBehavior [ RunTime:0.001327s ]
INFO: [ view_filter ] --END-- [ RunTime:0.001443s ]
INFO: [ app_end ] --START--
INFO: Run Behavior\ShowPageTraceBehavior [ RunTime:0.002200s ]
INFO: [ app_end ] --END-- [ RunTime:0.002338s ]

[ 2018-06-14T10:25:20+08:00 ] ::1 /TP/Admin/User/index/p/2.html
INFO: [ app_init ] --START--
INFO: Run Behavior\BuildLiteBehavior [ RunTime:0.000010s ]
INFO: [ app_init ] --END-- [ RunTime:0.000349s ]
INFO: [ app_begin ] --START--
INFO: Run Behavior\ReadHtmlCacheBehavior [ RunTime:0.000513s ]
INFO: [ app_begin ] --END-- [ RunTime:0.000550s ]
SQL: SHOW COLUMNS FROM `user` [ RunTime:0.0445s ]
SQL: SELECT COUNT(*) AS tp_count FROM `user` LIMIT 1   [ RunTime:0.0009s ]
NOTIC: [8] Undefined variable: map G:\phpStudy\PHPTutorial\WWW\TP\Application\Admin\Controller\UserController.class.php 第 21 行.
NOTIC: [2] Invalid argument supplied for foreach() G:\phpStudy\PHPTutorial\WWW\TP\Application\Admin\Controller\UserController.class.php 第 21 行.
NOTIC: [8] Undefined variable: where G:\phpStudy\PHPTutorial\WWW\TP\Application\Admin\Controller\UserController.class.php 第 24 行.
SQL: SELECT * FROM `user` ORDER BY id LIMIT 2,2   [ RunTime:0.0010s ]
NOTIC: [8] Undefined variable: result G:\phpStudy\PHPTutorial\WWW\TP\Application\Admin\Controller\UserController.class.php 第 28 行.
INFO: [ view_parse ] --START--
INFO: [ template_filter ] --START--
INFO: Run Behavior\ContentReplaceBehavior [ RunTime:0.000218s ]
INFO: [ template_filter ] --END-- [ RunTime:0.000307s ]
INFO: Run Behavior\ParseTemplateBehavior [ RunTime:0.021450s ]
INFO: [ view_parse ] --END-- [ RunTime:0.021566s ]
INFO: [ view_filter ] --START--
INFO: Run Behavior\WriteHtmlCacheBehavior [ RunTime:0.000913s ]
INFO: [ view_filter ] --END-- [ RunTime:0.000994s ]
INFO: [ app_end ] --START--
INFO: Run Behavior\ShowPageTraceBehavior [ RunTime:0.001466s ]
INFO: [ app_end ] --END-- [ RunTime:0.001549s ]

[ 2018-06-14T10:25:23+08:00 ] ::1 /TP/Admin/User/index/p/1.html
INFO: [ app_init ] --START--
INFO: Run Behavior\BuildLiteBehavior [ RunTime:0.000012s ]
INFO: [ app_init ] --END-- [ RunTime:0.000366s ]
INFO: [ app_begin ] --START--
INFO: Run Behavior\ReadHtmlCacheBehavior [ RunTime:0.000507s ]
INFO: [ app_begin ] --END-- [ RunTime:0.000544s ]
SQL: SHOW COLUMNS FROM `user` [ RunTime:0.0125s ]
SQL: SELECT COUNT(*) AS tp_count FROM `user` LIMIT 1   [ RunTime:0.0005s ]
NOTIC: [8] Undefined variable: map G:\phpStudy\PHPTutorial\WWW\TP\Application\Admin\Controller\UserController.class.php 第 21 行.
NOTIC: [2] Invalid argument supplied for foreach() G:\phpStudy\PHPTutorial\WWW\TP\Application\Admin\Controller\UserController.class.php 第 21 行.
NOTIC: [8] Undefined variable: where G:\phpStudy\PHPTutorial\WWW\TP\Application\Admin\Controller\UserController.class.php 第 24 行.
SQL: SELECT * FROM `user` ORDER BY id LIMIT 0,2   [ RunTime:0.0006s ]
NOTIC: [8] Undefined variable: result G:\phpStudy\PHPTutorial\WWW\TP\Application\Admin\Controller\UserController.class.php 第 28 行.
INFO: [ view_parse ] --START--
INFO: [ template_filter ] --START--
INFO: Run Behavior\ContentReplaceBehavior [ RunTime:0.000132s ]
INFO: [ template_filter ] --END-- [ RunTime:0.000192s ]
INFO: Run Behavior\ParseTemplateBehavior [ RunTime:0.011859s ]
INFO: [ view_parse ] --END-- [ RunTime:0.011950s ]
INFO: [ view_filter ] --START--
INFO: Run Behavior\WriteHtmlCacheBehavior [ RunTime:0.000917s ]
INFO: [ view_filter ] --END-- [ RunTime:0.001000s ]
INFO: [ app_end ] --START--
INFO: Run Behavior\ShowPageTraceBehavior [ RunTime:0.001298s ]
INFO: [ app_end ] --END-- [ RunTime:0.001384s ]

