[ 2019-06-21T10:45:08+08:00 ] 127.0.0.1 /TP/admin
INFO: [ app_init ] --START--
INFO: Run Behavior\BuildLiteBehavior [ RunTime:0.000000s ]
INFO: [ app_init ] --END-- [ RunTime:0.000000s ]
INFO: [ app_begin ] --START--
INFO: Run Behavior\ReadHtmlCacheBehavior [ RunTime:0.000000s ]
INFO: [ app_begin ] --END-- [ RunTime:0.000000s ]
INFO: [ view_parse ] --START--
INFO: [ template_filter ] --START--
INFO: Run Behavior\ContentReplaceBehavior [ RunTime:0.000000s ]
INFO: [ template_filter ] --END-- [ RunTime:0.000000s ]
INFO: Run Behavior\ParseTemplateBehavior [ RunTime:0.060000s ]
INFO: [ view_parse ] --END-- [ RunTime:0.060000s ]
INFO: [ view_filter ] --START--
INFO: Run Behavior\WriteHtmlCacheBehavior [ RunTime:0.000000s ]
INFO: [ view_filter ] --END-- [ RunTime:0.000000s ]

[ 2019-06-21T10:45:11+08:00 ] 127.0.0.1 /TP/index.php/Admin/Admin/login.html
INFO: [ app_init ] --START--
INFO: Run Behavior\BuildLiteBehavior [ RunTime:0.000000s ]
INFO: [ app_init ] --END-- [ RunTime:0.000000s ]
INFO: [ app_begin ] --START--
INFO: Run Behavior\ReadHtmlCacheBehavior [ RunTime:0.000000s ]
INFO: [ app_begin ] --END-- [ RunTime:0.000000s ]
INFO: [ view_parse ] --START--
INFO: [ template_filter ] --START--
INFO: Run Behavior\ContentReplaceBehavior [ RunTime:0.000000s ]
INFO: [ template_filter ] --END-- [ RunTime:0.000000s ]
INFO: Run Behavior\ParseTemplateBehavior [ RunTime:0.010000s ]
INFO: [ view_parse ] --END-- [ RunTime:0.010000s ]
INFO: [ view_filter ] --START--
INFO: Run Behavior\WriteHtmlCacheBehavior [ RunTime:0.000000s ]
INFO: [ view_filter ] --END-- [ RunTime:0.000000s ]
INFO: [ app_end ] --START--
INFO: Run Behavior\ShowPageTraceBehavior [ RunTime:0.020000s ]
INFO: [ app_end ] --END-- [ RunTime:0.020000s ]

[ 2019-06-21T10:45:17+08:00 ] 127.0.0.1 /TP/index.php/Admin/Admin/login.html
INFO: [ app_init ] --START--
INFO: Run Behavior\BuildLiteBehavior [ RunTime:0.000000s ]
INFO: [ app_init ] --END-- [ RunTime:0.000000s ]
INFO: [ app_begin ] --START--
INFO: Run Behavior\ReadHtmlCacheBehavior [ RunTime:0.000000s ]
INFO: [ app_begin ] --END-- [ RunTime:0.000000s ]
SQL: SHOW COLUMNS FROM `user` [ RunTime:0.0900s ]
SQL: SELECT * FROM `user` WHERE `password` = 'admin'  [ RunTime:0.0000s ]
INFO: [ view_parse ] --START--
INFO: [ template_filter ] --START--
INFO: Run Behavior\ContentReplaceBehavior [ RunTime:0.000000s ]
INFO: [ template_filter ] --END-- [ RunTime:0.000000s ]
INFO: Run Behavior\ParseTemplateBehavior [ RunTime:0.010000s ]
INFO: [ view_parse ] --END-- [ RunTime:0.010000s ]
INFO: [ view_filter ] --START--
INFO: Run Behavior\WriteHtmlCacheBehavior [ RunTime:0.000000s ]
INFO: [ view_filter ] --END-- [ RunTime:0.000000s ]
INFO: [ app_end ] --START--
INFO: Run Behavior\ShowPageTraceBehavior [ RunTime:0.000000s ]
INFO: [ app_end ] --END-- [ RunTime:0.000000s ]

[ 2019-06-21T10:45:19+08:00 ] 127.0.0.1 /TP/index.php/Admin/Index/index.html
INFO: [ app_init ] --START--
INFO: Run Behavior\BuildLiteBehavior [ RunTime:0.000000s ]
INFO: [ app_init ] --END-- [ RunTime:0.000000s ]
INFO: [ app_begin ] --START--
INFO: Run Behavior\ReadHtmlCacheBehavior [ RunTime:0.000000s ]
INFO: [ app_begin ] --END-- [ RunTime:0.000000s ]
INFO: [ view_parse ] --START--
INFO: [ template_filter ] --START--
INFO: Run Behavior\ContentReplaceBehavior [ RunTime:0.000000s ]
INFO: [ template_filter ] --END-- [ RunTime:0.000000s ]
INFO: Run Behavior\ParseTemplateBehavior [ RunTime:0.030000s ]
INFO: [ view_parse ] --END-- [ RunTime:0.030000s ]
INFO: [ view_filter ] --START--
INFO: Run Behavior\WriteHtmlCacheBehavior [ RunTime:0.000000s ]
INFO: [ view_filter ] --END-- [ RunTime:0.000000s ]
INFO: [ app_end ] --START--
INFO: Run Behavior\ShowPageTraceBehavior [ RunTime:0.000000s ]
INFO: [ app_end ] --END-- [ RunTime:0.000000s ]

[ 2019-06-21T10:45:20+08:00 ] 127.0.0.1 /TP/index.php/Admin/Index/shouye.html
INFO: [ app_init ] --START--
INFO: Run Behavior\BuildLiteBehavior [ RunTime:0.000000s ]
INFO: [ app_init ] --END-- [ RunTime:0.000000s ]
INFO: [ app_begin ] --START--
INFO: Run Behavior\ReadHtmlCacheBehavior [ RunTime:0.000000s ]
INFO: [ app_begin ] --END-- [ RunTime:0.000000s ]
INFO: [ view_parse ] --START--
INFO: [ template_filter ] --START--
INFO: Run Behavior\ContentReplaceBehavior [ RunTime:0.000000s ]
INFO: [ template_filter ] --END-- [ RunTime:0.000000s ]
INFO: Run Behavior\ParseTemplateBehavior [ RunTime:0.020000s ]
INFO: [ view_parse ] --END-- [ RunTime:0.020000s ]
INFO: [ view_filter ] --START--
INFO: Run Behavior\WriteHtmlCacheBehavior [ RunTime:0.000000s ]
INFO: [ view_filter ] --END-- [ RunTime:0.000000s ]
INFO: [ app_end ] --START--
INFO: Run Behavior\ShowPageTraceBehavior [ RunTime:0.000000s ]
INFO: [ app_end ] --END-- [ RunTime:0.000000s ]

[ 2019-06-21T10:45:22+08:00 ] 127.0.0.1 /TP/index.php/Admin/ProductCatgory/index.html
INFO: [ app_init ] --START--
INFO: Run Behavior\BuildLiteBehavior [ RunTime:0.000000s ]
INFO: [ app_init ] --END-- [ RunTime:0.000000s ]
INFO: [ app_begin ] --START--
INFO: Run Behavior\ReadHtmlCacheBehavior [ RunTime:0.000000s ]
INFO: [ app_begin ] --END-- [ RunTime:0.000000s ]
SQL: SHOW COLUMNS FROM `product_catgory` [ RunTime:0.0300s ]
SQL: SELECT * FROM `product_catgory`  [ RunTime:0.0000s ]
INFO: [ view_parse ] --START--
INFO: [ template_filter ] --START--
INFO: Run Behavior\ContentReplaceBehavior [ RunTime:0.000000s ]
INFO: [ template_filter ] --END-- [ RunTime:0.000000s ]
NOTIC: [8] Undefined variable: page D:\wwwroot\TP\Application\Runtime\Cache\Admin\d65b7bdd1bd3c0288619e2fe280df640.php 第 32 行.
NOTIC: [8] Undefined variable: page D:\wwwroot\TP\Application\Runtime\Cache\Admin\d65b7bdd1bd3c0288619e2fe280df640.php 第 35 行.
INFO: Run Behavior\ParseTemplateBehavior [ RunTime:0.020000s ]
INFO: [ view_parse ] --END-- [ RunTime:0.020000s ]
INFO: [ view_filter ] --START--
INFO: Run Behavior\WriteHtmlCacheBehavior [ RunTime:0.000000s ]
INFO: [ view_filter ] --END-- [ RunTime:0.000000s ]
INFO: [ app_end ] --START--
INFO: Run Behavior\ShowPageTraceBehavior [ RunTime:0.000000s ]
INFO: [ app_end ] --END-- [ RunTime:0.000000s ]

[ 2019-06-21T10:45:24+08:00 ] 127.0.0.1 /TP/index.php/Admin/Product/index.html
INFO: [ app_init ] --START--
INFO: Run Behavior\BuildLiteBehavior [ RunTime:0.000000s ]
INFO: [ app_init ] --END-- [ RunTime:0.000000s ]
INFO: [ app_begin ] --START--
INFO: Run Behavior\ReadHtmlCacheBehavior [ RunTime:0.000000s ]
INFO: [ app_begin ] --END-- [ RunTime:0.000000s ]
NOTIC: [8] Undefined index: name D:\wwwroot\TP\Application\Admin\Controller\ProductController.class.php 第 17 行.
NOTIC: [8] Undefined index: orderby D:\wwwroot\TP\Application\Admin\Controller\ProductController.class.php 第 23 行.
SQL: SHOW COLUMNS FROM `product` [ RunTime:0.0000s ]
SQL: SHOW COLUMNS FROM `product_catgory` [ RunTime:0.0000s ]
SQL: SELECT COUNT(*) AS tp_count FROM product p WHERE (  1 ) LIMIT 1   [ RunTime:0.0000s ]
SQL: SELECT `id`,`sort`,`pid`,`name`,`price`,`img`,`desc`,`status`,`add_time`,`stock`,`last_time` FROM product p WHERE (  1 ) ORDER BY id desc LIMIT 0,8   [ RunTime:0.0000s ]
SQL: SELECT `name` FROM `product_catgory` WHERE ( id=2 ) LIMIT 1   [ RunTime:0.0000s ]
SQL: SELECT `name` FROM `product_catgory` WHERE ( id=2 ) LIMIT 1   [ RunTime:0.0000s ]
SQL: SELECT `name` FROM `product_catgory` WHERE ( id=2 ) LIMIT 1   [ RunTime:0.0100s ]
SQL: SELECT `name` FROM `product_catgory` WHERE ( id=2 ) LIMIT 1   [ RunTime:0.0000s ]
SQL: SELECT `name` FROM `product_catgory` WHERE ( id=2 ) LIMIT 1   [ RunTime:0.0000s ]
SQL: SELECT `name` FROM `product_catgory` WHERE ( id=2 ) LIMIT 1   [ RunTime:0.0000s ]
SQL: SELECT `name` FROM `product_catgory` WHERE ( id=2 ) LIMIT 1   [ RunTime:0.0000s ]
SQL: SELECT `name` FROM `product_catgory` WHERE ( id=2 ) LIMIT 1   [ RunTime:0.0000s ]
INFO: [ view_parse ] --START--
INFO: [ template_filter ] --START--
INFO: Run Behavior\ContentReplaceBehavior [ RunTime:0.000000s ]
INFO: [ template_filter ] --END-- [ RunTime:0.000000s ]
NOTIC: [8] Use of undefined constant Product - assumed 'Product' D:\wwwroot\TP\Application\Runtime\Cache\Admin\e81ab272a2db490ca13db5e7a9293ba0.php 第 50 行.
NOTIC: [8] Use of undefined constant index - assumed 'index' D:\wwwroot\TP\Application\Runtime\Cache\Admin\e81ab272a2db490ca13db5e7a9293ba0.php 第 50 行.
NOTIC: [2] Division by zero D:\wwwroot\TP\Application\Runtime\Cache\Admin\e81ab272a2db490ca13db5e7a9293ba0.php 第 50 行.
NOTIC: [8] Use of undefined constant Product - assumed 'Product' D:\wwwroot\TP\Application\Runtime\Cache\Admin\e81ab272a2db490ca13db5e7a9293ba0.php 第 50 行.
NOTIC: [8] Use of undefined constant index - assumed 'index' D:\wwwroot\TP\Application\Runtime\Cache\Admin\e81ab272a2db490ca13db5e7a9293ba0.php 第 50 行.
NOTIC: [2] Division by zero D:\wwwroot\TP\Application\Runtime\Cache\Admin\e81ab272a2db490ca13db5e7a9293ba0.php 第 50 行.
NOTIC: [8] Use of undefined constant Product - assumed 'Product' D:\wwwroot\TP\Application\Runtime\Cache\Admin\e81ab272a2db490ca13db5e7a9293ba0.php 第 58 行.
NOTIC: [8] Use of undefined constant index - assumed 'index' D:\wwwroot\TP\Application\Runtime\Cache\Admin\e81ab272a2db490ca13db5e7a9293ba0.php 第 58 行.
NOTIC: [2] Division by zero D:\wwwroot\TP\Application\Runtime\Cache\Admin\e81ab272a2db490ca13db5e7a9293ba0.php 第 58 行.
NOTIC: [8] Use of undefined constant Product - assumed 'Product' D:\wwwroot\TP\Application\Runtime\Cache\Admin\e81ab272a2db490ca13db5e7a9293ba0.php 第 58 行.
NOTIC: [8] Use of undefined constant index - assumed 'index' D:\wwwroot\TP\Application\Runtime\Cache\Admin\e81ab272a2db490ca13db5e7a9293ba0.php 第 58 行.
NOTIC: [2] Division by zero D:\wwwroot\TP\Application\Runtime\Cache\Admin\e81ab272a2db490ca13db5e7a9293ba0.php 第 58 行.
INFO: Run Behavior\ParseTemplateBehavior [ RunTime:0.010000s ]
INFO: [ view_parse ] --END-- [ RunTime:0.010000s ]
INFO: [ view_filter ] --START--
INFO: Run Behavior\WriteHtmlCacheBehavior [ RunTime:0.000000s ]
INFO: [ view_filter ] --END-- [ RunTime:0.000000s ]
INFO: [ app_end ] --START--
INFO: Run Behavior\ShowPageTraceBehavior [ RunTime:0.000000s ]
INFO: [ app_end ] --END-- [ RunTime:0.000000s ]

[ 2019-06-21T10:45:49+08:00 ] 127.0.0.1 /TP/index.php/Admin/Product/index/p/2.html
INFO: [ app_init ] --START--
INFO: Run Behavior\BuildLiteBehavior [ RunTime:0.000000s ]
INFO: [ app_init ] --END-- [ RunTime:0.000000s ]
INFO: [ app_begin ] --START--
INFO: Run Behavior\ReadHtmlCacheBehavior [ RunTime:0.000000s ]
INFO: [ app_begin ] --END-- [ RunTime:0.000000s ]
NOTIC: [8] Undefined index: name D:\wwwroot\TP\Application\Admin\Controller\ProductController.class.php 第 17 行.
NOTIC: [8] Undefined index: orderby D:\wwwroot\TP\Application\Admin\Controller\ProductController.class.php 第 23 行.
SQL: SHOW COLUMNS FROM `product` [ RunTime:0.0100s ]
SQL: SHOW COLUMNS FROM `product_catgory` [ RunTime:0.0000s ]
SQL: SELECT COUNT(*) AS tp_count FROM product p WHERE (  1 ) LIMIT 1   [ RunTime:0.0000s ]
SQL: SELECT `id`,`sort`,`pid`,`name`,`price`,`img`,`desc`,`status`,`add_time`,`stock`,`last_time` FROM product p WHERE (  1 ) ORDER BY id desc LIMIT 8,8   [ RunTime:0.0000s ]
SQL: SELECT `name` FROM `product_catgory` WHERE ( id=2 ) LIMIT 1   [ RunTime:0.0000s ]
SQL: SELECT `name` FROM `product_catgory` WHERE ( id=9 ) LIMIT 1   [ RunTime:0.0000s ]
SQL: SELECT `name` FROM `product_catgory` WHERE ( id=6 ) LIMIT 1   [ RunTime:0.0000s ]
INFO: [ view_parse ] --START--
INFO: [ template_filter ] --START--
INFO: Run Behavior\ContentReplaceBehavior [ RunTime:0.000000s ]
INFO: [ template_filter ] --END-- [ RunTime:0.000000s ]
NOTIC: [8] Use of undefined constant Product - assumed 'Product' D:\wwwroot\TP\Application\Runtime\Cache\Admin\e81ab272a2db490ca13db5e7a9293ba0.php 第 50 行.
NOTIC: [8] Use of undefined constant index - assumed 'index' D:\wwwroot\TP\Application\Runtime\Cache\Admin\e81ab272a2db490ca13db5e7a9293ba0.php 第 50 行.
NOTIC: [2] Division by zero D:\wwwroot\TP\Application\Runtime\Cache\Admin\e81ab272a2db490ca13db5e7a9293ba0.php 第 50 行.
NOTIC: [8] Use of undefined constant Product - assumed 'Product' D:\wwwroot\TP\Application\Runtime\Cache\Admin\e81ab272a2db490ca13db5e7a9293ba0.php 第 50 行.
NOTIC: [8] Use of undefined constant index - assumed 'index' D:\wwwroot\TP\Application\Runtime\Cache\Admin\e81ab272a2db490ca13db5e7a9293ba0.php 第 50 行.
NOTIC: [2] Division by zero D:\wwwroot\TP\Application\Runtime\Cache\Admin\e81ab272a2db490ca13db5e7a9293ba0.php 第 50 行.
NOTIC: [8] Use of undefined constant Product - assumed 'Product' D:\wwwroot\TP\Application\Runtime\Cache\Admin\e81ab272a2db490ca13db5e7a9293ba0.php 第 58 行.
NOTIC: [8] Use of undefined constant index - assumed 'index' D:\wwwroot\TP\Application\Runtime\Cache\Admin\e81ab272a2db490ca13db5e7a9293ba0.php 第 58 行.
NOTIC: [2] Division by zero D:\wwwroot\TP\Application\Runtime\Cache\Admin\e81ab272a2db490ca13db5e7a9293ba0.php 第 58 行.
NOTIC: [8] Use of undefined constant Product - assumed 'Product' D:\wwwroot\TP\Application\Runtime\Cache\Admin\e81ab272a2db490ca13db5e7a9293ba0.php 第 58 行.
NOTIC: [8] Use of undefined constant index - assumed 'index' D:\wwwroot\TP\Application\Runtime\Cache\Admin\e81ab272a2db490ca13db5e7a9293ba0.php 第 58 行.
NOTIC: [2] Division by zero D:\wwwroot\TP\Application\Runtime\Cache\Admin\e81ab272a2db490ca13db5e7a9293ba0.php 第 58 行.
INFO: Run Behavior\ParseTemplateBehavior [ RunTime:0.010000s ]
INFO: [ view_parse ] --END-- [ RunTime:0.010000s ]
INFO: [ view_filter ] --START--
INFO: Run Behavior\WriteHtmlCacheBehavior [ RunTime:0.000000s ]
INFO: [ view_filter ] --END-- [ RunTime:0.000000s ]
INFO: [ app_end ] --START--
INFO: Run Behavior\ShowPageTraceBehavior [ RunTime:0.000000s ]
INFO: [ app_end ] --END-- [ RunTime:0.000000s ]

[ 2019-06-21T10:45:55+08:00 ] 127.0.0.1 /TP/index.php/Admin/Product/index/p/1.html
INFO: [ app_init ] --START--
INFO: Run Behavior\BuildLiteBehavior [ RunTime:0.000000s ]
INFO: [ app_init ] --END-- [ RunTime:0.000000s ]
INFO: [ app_begin ] --START--
INFO: Run Behavior\ReadHtmlCacheBehavior [ RunTime:0.000000s ]
INFO: [ app_begin ] --END-- [ RunTime:0.000000s ]
NOTIC: [8] Undefined index: name D:\wwwroot\TP\Application\Admin\Controller\ProductController.class.php 第 17 行.
NOTIC: [8] Undefined index: orderby D:\wwwroot\TP\Application\Admin\Controller\ProductController.class.php 第 23 行.
SQL: SHOW COLUMNS FROM `product` [ RunTime:0.0000s ]
SQL: SHOW COLUMNS FROM `product_catgory` [ RunTime:0.0000s ]
SQL: SELECT COUNT(*) AS tp_count FROM product p WHERE (  1 ) LIMIT 1   [ RunTime:0.0000s ]
SQL: SELECT `id`,`sort`,`pid`,`name`,`price`,`img`,`desc`,`status`,`add_time`,`stock`,`last_time` FROM product p WHERE (  1 ) ORDER BY id desc LIMIT 0,8   [ RunTime:0.0000s ]
SQL: SELECT `name` FROM `product_catgory` WHERE ( id=2 ) LIMIT 1   [ RunTime:0.0000s ]
SQL: SELECT `name` FROM `product_catgory` WHERE ( id=2 ) LIMIT 1   [ RunTime:0.0100s ]
SQL: SELECT `name` FROM `product_catgory` WHERE ( id=2 ) LIMIT 1   [ RunTime:0.0000s ]
SQL: SELECT `name` FROM `product_catgory` WHERE ( id=2 ) LIMIT 1   [ RunTime:0.0000s ]
SQL: SELECT `name` FROM `product_catgory` WHERE ( id=2 ) LIMIT 1   [ RunTime:0.0000s ]
SQL: SELECT `name` FROM `product_catgory` WHERE ( id=2 ) LIMIT 1   [ RunTime:0.0000s ]
SQL: SELECT `name` FROM `product_catgory` WHERE ( id=2 ) LIMIT 1   [ RunTime:0.0000s ]
SQL: SELECT `name` FROM `product_catgory` WHERE ( id=2 ) LIMIT 1   [ RunTime:0.0000s ]
INFO: [ view_parse ] --START--
INFO: [ template_filter ] --START--
INFO: Run Behavior\ContentReplaceBehavior [ RunTime:0.000000s ]
INFO: [ template_filter ] --END-- [ RunTime:0.000000s ]
NOTIC: [8] Use of undefined constant Product - assumed 'Product' D:\wwwroot\TP\Application\Runtime\Cache\Admin\e81ab272a2db490ca13db5e7a9293ba0.php 第 50 行.
NOTIC: [8] Use of undefined constant index - assumed 'index' D:\wwwroot\TP\Application\Runtime\Cache\Admin\e81ab272a2db490ca13db5e7a9293ba0.php 第 50 行.
NOTIC: [2] Division by zero D:\wwwroot\TP\Application\Runtime\Cache\Admin\e81ab272a2db490ca13db5e7a9293ba0.php 第 50 行.
NOTIC: [8] Use of undefined constant Product - assumed 'Product' D:\wwwroot\TP\Application\Runtime\Cache\Admin\e81ab272a2db490ca13db5e7a9293ba0.php 第 50 行.
NOTIC: [8] Use of undefined constant index - assumed 'index' D:\wwwroot\TP\Application\Runtime\Cache\Admin\e81ab272a2db490ca13db5e7a9293ba0.php 第 50 行.
NOTIC: [2] Division by zero D:\wwwroot\TP\Application\Runtime\Cache\Admin\e81ab272a2db490ca13db5e7a9293ba0.php 第 50 行.
NOTIC: [8] Use of undefined constant Product - assumed 'Product' D:\wwwroot\TP\Application\Runtime\Cache\Admin\e81ab272a2db490ca13db5e7a9293ba0.php 第 58 行.
NOTIC: [8] Use of undefined constant index - assumed 'index' D:\wwwroot\TP\Application\Runtime\Cache\Admin\e81ab272a2db490ca13db5e7a9293ba0.php 第 58 行.
NOTIC: [2] Division by zero D:\wwwroot\TP\Application\Runtime\Cache\Admin\e81ab272a2db490ca13db5e7a9293ba0.php 第 58 行.
NOTIC: [8] Use of undefined constant Product - assumed 'Product' D:\wwwroot\TP\Application\Runtime\Cache\Admin\e81ab272a2db490ca13db5e7a9293ba0.php 第 58 行.
NOTIC: [8] Use of undefined constant index - assumed 'index' D:\wwwroot\TP\Application\Runtime\Cache\Admin\e81ab272a2db490ca13db5e7a9293ba0.php 第 58 行.
NOTIC: [2] Division by zero D:\wwwroot\TP\Application\Runtime\Cache\Admin\e81ab272a2db490ca13db5e7a9293ba0.php 第 58 行.
INFO: Run Behavior\ParseTemplateBehavior [ RunTime:0.000000s ]
INFO: [ view_parse ] --END-- [ RunTime:0.000000s ]
INFO: [ view_filter ] --START--
INFO: Run Behavior\WriteHtmlCacheBehavior [ RunTime:0.000000s ]
INFO: [ view_filter ] --END-- [ RunTime:0.000000s ]
INFO: [ app_end ] --START--
INFO: Run Behavior\ShowPageTraceBehavior [ RunTime:0.000000s ]
INFO: [ app_end ] --END-- [ RunTime:0.000000s ]

