[ 2020-03-11T14:25:48+08:00 ] 127.0.0.1 /TP/admin
INFO: [ app_init ] --START--
INFO: Run Behavior\BuildLiteBehavior [ RunTime:0.000000s ]
INFO: [ app_init ] --END-- [ RunTime:0.001001s ]
INFO: [ app_begin ] --START--
INFO: Run Behavior\ReadHtmlCacheBehavior [ RunTime:0.001000s ]
INFO: [ app_begin ] --END-- [ RunTime:0.001000s ]
INFO: [ view_parse ] --START--
INFO: [ template_filter ] --START--
INFO: Run Behavior\ContentReplaceBehavior [ RunTime:0.003000s ]
INFO: [ template_filter ] --END-- [ RunTime:0.003000s ]
INFO: Run Behavior\ParseTemplateBehavior [ RunTime:0.039002s ]
INFO: [ view_parse ] --END-- [ RunTime:0.039002s ]
INFO: [ view_filter ] --START--
INFO: Run Behavior\WriteHtmlCacheBehavior [ RunTime:0.005000s ]
INFO: [ view_filter ] --END-- [ RunTime:0.005000s ]

[ 2020-03-11T14:25:50+08:00 ] 127.0.0.1 /TP/index.php/Admin/Admin/login.html
INFO: [ app_init ] --START--
INFO: Run Behavior\BuildLiteBehavior [ RunTime:0.000000s ]
INFO: [ app_init ] --END-- [ RunTime:0.000000s ]
INFO: [ app_begin ] --START--
INFO: Run Behavior\ReadHtmlCacheBehavior [ RunTime:0.001000s ]
INFO: [ app_begin ] --END-- [ RunTime:0.001000s ]
INFO: [ view_parse ] --START--
INFO: [ template_filter ] --START--
INFO: Run Behavior\ContentReplaceBehavior [ RunTime:0.000000s ]
INFO: [ template_filter ] --END-- [ RunTime:0.000000s ]
INFO: Run Behavior\ParseTemplateBehavior [ RunTime:0.029002s ]
INFO: [ view_parse ] --END-- [ RunTime:0.029002s ]
INFO: [ view_filter ] --START--
INFO: Run Behavior\WriteHtmlCacheBehavior [ RunTime:0.001000s ]
INFO: [ view_filter ] --END-- [ RunTime:0.001000s ]
INFO: [ app_end ] --START--
INFO: Run Behavior\ShowPageTraceBehavior [ RunTime:0.001000s ]
INFO: [ app_end ] --END-- [ RunTime:0.001000s ]

[ 2020-03-11T14:25:55+08:00 ] 127.0.0.1 /TP/index.php/Admin/Admin/login.html
INFO: [ app_init ] --START--
INFO: Run Behavior\BuildLiteBehavior [ RunTime:0.000000s ]
INFO: [ app_init ] --END-- [ RunTime:0.001000s ]
INFO: [ app_begin ] --START--
INFO: Run Behavior\ReadHtmlCacheBehavior [ RunTime:0.001000s ]
INFO: [ app_begin ] --END-- [ RunTime:0.001000s ]
SQL: SHOW COLUMNS FROM `user` [ RunTime:0.0290s ]
SQL: SELECT * FROM `user` WHERE `password` = 'admin'  [ RunTime:0.0260s ]
INFO: [ view_parse ] --START--
INFO: [ template_filter ] --START--
INFO: Run Behavior\ContentReplaceBehavior [ RunTime:0.000000s ]
INFO: [ template_filter ] --END-- [ RunTime:0.000000s ]
INFO: Run Behavior\ParseTemplateBehavior [ RunTime:0.006000s ]
INFO: [ view_parse ] --END-- [ RunTime:0.006000s ]
INFO: [ view_filter ] --START--
INFO: Run Behavior\WriteHtmlCacheBehavior [ RunTime:0.001000s ]
INFO: [ view_filter ] --END-- [ RunTime:0.001000s ]
INFO: [ app_end ] --START--
INFO: Run Behavior\ShowPageTraceBehavior [ RunTime:0.001000s ]
INFO: [ app_end ] --END-- [ RunTime:0.001000s ]

[ 2020-03-11T14:25:57+08:00 ] 127.0.0.1 /TP/index.php/Admin/Index/index.html
INFO: [ app_init ] --START--
INFO: Run Behavior\BuildLiteBehavior [ RunTime:0.000000s ]
INFO: [ app_init ] --END-- [ RunTime:0.000000s ]
INFO: [ app_begin ] --START--
INFO: Run Behavior\ReadHtmlCacheBehavior [ RunTime:0.000000s ]
INFO: [ app_begin ] --END-- [ RunTime:0.000000s ]
INFO: [ view_parse ] --START--
INFO: [ template_filter ] --START--
INFO: Run Behavior\ContentReplaceBehavior [ RunTime:0.000000s ]
INFO: [ template_filter ] --END-- [ RunTime:0.000000s ]
INFO: Run Behavior\ParseTemplateBehavior [ RunTime:0.016001s ]
INFO: [ view_parse ] --END-- [ RunTime:0.016001s ]
INFO: [ view_filter ] --START--
INFO: Run Behavior\WriteHtmlCacheBehavior [ RunTime:0.001000s ]
INFO: [ view_filter ] --END-- [ RunTime:0.001000s ]
INFO: [ app_end ] --START--
INFO: Run Behavior\ShowPageTraceBehavior [ RunTime:0.001000s ]
INFO: [ app_end ] --END-- [ RunTime:0.001000s ]

[ 2020-03-11T14:25:58+08:00 ] 127.0.0.1 /TP/index.php/Admin/Index/shouye.html
INFO: [ app_init ] --START--
INFO: Run Behavior\BuildLiteBehavior [ RunTime:0.000000s ]
INFO: [ app_init ] --END-- [ RunTime:0.000000s ]
INFO: [ app_begin ] --START--
INFO: Run Behavior\ReadHtmlCacheBehavior [ RunTime:0.001000s ]
INFO: [ app_begin ] --END-- [ RunTime:0.001000s ]
INFO: [ view_parse ] --START--
INFO: [ template_filter ] --START--
INFO: Run Behavior\ContentReplaceBehavior [ RunTime:0.000000s ]
INFO: [ template_filter ] --END-- [ RunTime:0.000000s ]
INFO: Run Behavior\ParseTemplateBehavior [ RunTime:0.021001s ]
INFO: [ view_parse ] --END-- [ RunTime:0.021001s ]
INFO: [ view_filter ] --START--
INFO: Run Behavior\WriteHtmlCacheBehavior [ RunTime:0.001000s ]
INFO: [ view_filter ] --END-- [ RunTime:0.001000s ]
INFO: [ app_end ] --START--
INFO: Run Behavior\ShowPageTraceBehavior [ RunTime:0.001000s ]
INFO: [ app_end ] --END-- [ RunTime:0.001000s ]

[ 2020-03-11T14:26:01+08:00 ] 127.0.0.1 /TP/index.php/Admin/ProductCatgory/index.html
INFO: [ app_init ] --START--
INFO: Run Behavior\BuildLiteBehavior [ RunTime:0.000000s ]
INFO: [ app_init ] --END-- [ RunTime:0.001001s ]
INFO: [ app_begin ] --START--
INFO: Run Behavior\ReadHtmlCacheBehavior [ RunTime:0.000000s ]
INFO: [ app_begin ] --END-- [ RunTime:0.000000s ]
SQL: SHOW COLUMNS FROM `product_catgory` [ RunTime:0.0190s ]
SQL: SELECT * FROM `product_catgory`  [ RunTime:0.0000s ]
INFO: [ view_parse ] --START--
INFO: [ template_filter ] --START--
INFO: Run Behavior\ContentReplaceBehavior [ RunTime:0.000000s ]
INFO: [ template_filter ] --END-- [ RunTime:0.000000s ]
NOTIC: [8] Undefined variable: page D:\wwwroot\TP\Application\Runtime\Cache\Admin\d65b7bdd1bd3c0288619e2fe280df640.php 第 32 行.
NOTIC: [8] Undefined variable: page D:\wwwroot\TP\Application\Runtime\Cache\Admin\d65b7bdd1bd3c0288619e2fe280df640.php 第 35 行.
INFO: Run Behavior\ParseTemplateBehavior [ RunTime:0.021001s ]
INFO: [ view_parse ] --END-- [ RunTime:0.021001s ]
INFO: [ view_filter ] --START--
INFO: Run Behavior\WriteHtmlCacheBehavior [ RunTime:0.001000s ]
INFO: [ view_filter ] --END-- [ RunTime:0.001000s ]
INFO: [ app_end ] --START--
INFO: Run Behavior\ShowPageTraceBehavior [ RunTime:0.001000s ]
INFO: [ app_end ] --END-- [ RunTime:0.001000s ]

[ 2020-03-11T14:26:05+08:00 ] 127.0.0.1 /TP/index.php/Admin/Product/index.html
INFO: [ app_init ] --START--
INFO: Run Behavior\BuildLiteBehavior [ RunTime:0.000000s ]
INFO: [ app_init ] --END-- [ RunTime:0.000000s ]
INFO: [ app_begin ] --START--
INFO: Run Behavior\ReadHtmlCacheBehavior [ RunTime:0.001000s ]
INFO: [ app_begin ] --END-- [ RunTime:0.001000s ]
NOTIC: [8] Undefined index: name D:\wwwroot\TP\Application\Admin\Controller\ProductController.class.php 第 17 行.
NOTIC: [8] Undefined index: orderby D:\wwwroot\TP\Application\Admin\Controller\ProductController.class.php 第 23 行.
SQL: SHOW COLUMNS FROM `product` [ RunTime:0.0130s ]
SQL: SHOW COLUMNS FROM `product_catgory` [ RunTime:0.0040s ]
SQL: SELECT COUNT(*) AS tp_count FROM product p WHERE (  1 ) LIMIT 1   [ RunTime:0.0280s ]
SQL: SELECT `id`,`sort`,`pid`,`name`,`price`,`img`,`desc`,`status`,`add_time`,`stock`,`last_time` FROM product p WHERE (  1 ) ORDER BY id desc LIMIT 0,8   [ RunTime:0.0080s ]
SQL: SELECT `name` FROM `product_catgory` WHERE ( id=2 ) LIMIT 1   [ RunTime:0.0010s ]
SQL: SELECT `name` FROM `product_catgory` WHERE ( id=2 ) LIMIT 1   [ RunTime:0.0010s ]
SQL: SELECT `name` FROM `product_catgory` WHERE ( id=2 ) LIMIT 1   [ RunTime:0.0000s ]
SQL: SELECT `name` FROM `product_catgory` WHERE ( id=2 ) LIMIT 1   [ RunTime:0.0000s ]
SQL: SELECT `name` FROM `product_catgory` WHERE ( id=2 ) LIMIT 1   [ RunTime:0.0000s ]
SQL: SELECT `name` FROM `product_catgory` WHERE ( id=2 ) LIMIT 1   [ RunTime:0.0000s ]
SQL: SELECT `name` FROM `product_catgory` WHERE ( id=2 ) LIMIT 1   [ RunTime:0.0010s ]
SQL: SELECT `name` FROM `product_catgory` WHERE ( id=2 ) LIMIT 1   [ RunTime:0.0000s ]
INFO: [ view_parse ] --START--
INFO: [ template_filter ] --START--
INFO: Run Behavior\ContentReplaceBehavior [ RunTime:0.000000s ]
INFO: [ template_filter ] --END-- [ RunTime:0.000000s ]
NOTIC: [8] Use of undefined constant Product - assumed 'Product' D:\wwwroot\TP\Application\Runtime\Cache\Admin\e81ab272a2db490ca13db5e7a9293ba0.php 第 50 行.
NOTIC: [8] Use of undefined constant index - assumed 'index' D:\wwwroot\TP\Application\Runtime\Cache\Admin\e81ab272a2db490ca13db5e7a9293ba0.php 第 50 行.
NOTIC: [2] Division by zero D:\wwwroot\TP\Application\Runtime\Cache\Admin\e81ab272a2db490ca13db5e7a9293ba0.php 第 50 行.
NOTIC: [8] Use of undefined constant Product - assumed 'Product' D:\wwwroot\TP\Application\Runtime\Cache\Admin\e81ab272a2db490ca13db5e7a9293ba0.php 第 50 行.
NOTIC: [8] Use of undefined constant index - assumed 'index' D:\wwwroot\TP\Application\Runtime\Cache\Admin\e81ab272a2db490ca13db5e7a9293ba0.php 第 50 行.
NOTIC: [2] Division by zero D:\wwwroot\TP\Application\Runtime\Cache\Admin\e81ab272a2db490ca13db5e7a9293ba0.php 第 50 行.
NOTIC: [8] Use of undefined constant Product - assumed 'Product' D:\wwwroot\TP\Application\Runtime\Cache\Admin\e81ab272a2db490ca13db5e7a9293ba0.php 第 58 行.
NOTIC: [8] Use of undefined constant index - assumed 'index' D:\wwwroot\TP\Application\Runtime\Cache\Admin\e81ab272a2db490ca13db5e7a9293ba0.php 第 58 行.
NOTIC: [2] Division by zero D:\wwwroot\TP\Application\Runtime\Cache\Admin\e81ab272a2db490ca13db5e7a9293ba0.php 第 58 行.
NOTIC: [8] Use of undefined constant Product - assumed 'Product' D:\wwwroot\TP\Application\Runtime\Cache\Admin\e81ab272a2db490ca13db5e7a9293ba0.php 第 58 行.
NOTIC: [8] Use of undefined constant index - assumed 'index' D:\wwwroot\TP\Application\Runtime\Cache\Admin\e81ab272a2db490ca13db5e7a9293ba0.php 第 58 行.
NOTIC: [2] Division by zero D:\wwwroot\TP\Application\Runtime\Cache\Admin\e81ab272a2db490ca13db5e7a9293ba0.php 第 58 行.
INFO: Run Behavior\ParseTemplateBehavior [ RunTime:0.022001s ]
INFO: [ view_parse ] --END-- [ RunTime:0.022001s ]
INFO: [ view_filter ] --START--
INFO: Run Behavior\WriteHtmlCacheBehavior [ RunTime:0.001001s ]
INFO: [ view_filter ] --END-- [ RunTime:0.001001s ]
INFO: [ app_end ] --START--
INFO: Run Behavior\ShowPageTraceBehavior [ RunTime:0.001000s ]
INFO: [ app_end ] --END-- [ RunTime:0.001000s ]

[ 2020-03-11T14:26:14+08:00 ] 127.0.0.1 /TP/index.php/Admin/Product/add.html
INFO: [ app_init ] --START--
INFO: Run Behavior\BuildLiteBehavior [ RunTime:0.000000s ]
INFO: [ app_init ] --END-- [ RunTime:0.001000s ]
INFO: [ app_begin ] --START--
INFO: Run Behavior\ReadHtmlCacheBehavior [ RunTime:0.000000s ]
INFO: [ app_begin ] --END-- [ RunTime:0.000000s ]
SQL: SHOW COLUMNS FROM `product_catgory` [ RunTime:0.0040s ]
SQL: SELECT * FROM `product_catgory`  [ RunTime:0.0010s ]
INFO: [ view_parse ] --START--
INFO: [ template_filter ] --START--
INFO: Run Behavior\ContentReplaceBehavior [ RunTime:0.000000s ]
INFO: [ template_filter ] --END-- [ RunTime:0.000000s ]
NOTIC: [8] Undefined variable: check D:\wwwroot\TP\Application\Runtime\Cache\Admin\460d05e0be725d2ad88d6b5cdfc12e20.php 第 51 行.
NOTIC: [8] Undefined variable: check D:\wwwroot\TP\Application\Runtime\Cache\Admin\460d05e0be725d2ad88d6b5cdfc12e20.php 第 51 行.
NOTIC: [8] Undefined variable: check D:\wwwroot\TP\Application\Runtime\Cache\Admin\460d05e0be725d2ad88d6b5cdfc12e20.php 第 51 行.
NOTIC: [8] Undefined variable: check D:\wwwroot\TP\Application\Runtime\Cache\Admin\460d05e0be725d2ad88d6b5cdfc12e20.php 第 51 行.
NOTIC: [8] Undefined variable: check D:\wwwroot\TP\Application\Runtime\Cache\Admin\460d05e0be725d2ad88d6b5cdfc12e20.php 第 51 行.
NOTIC: [8] Undefined variable: check D:\wwwroot\TP\Application\Runtime\Cache\Admin\460d05e0be725d2ad88d6b5cdfc12e20.php 第 51 行.
NOTIC: [8] Undefined variable: check D:\wwwroot\TP\Application\Runtime\Cache\Admin\460d05e0be725d2ad88d6b5cdfc12e20.php 第 51 行.
INFO: Run Behavior\ParseTemplateBehavior [ RunTime:0.022001s ]
INFO: [ view_parse ] --END-- [ RunTime:0.022001s ]
INFO: [ view_filter ] --START--
INFO: Run Behavior\WriteHtmlCacheBehavior [ RunTime:0.001000s ]
INFO: [ view_filter ] --END-- [ RunTime:0.001000s ]
INFO: [ app_end ] --START--
INFO: Run Behavior\ShowPageTraceBehavior [ RunTime:0.001000s ]
INFO: [ app_end ] --END-- [ RunTime:0.001000s ]

[ 2020-03-11T14:27:27+08:00 ] 127.0.0.1 /TP/index.php/Admin/Index/index.html
INFO: [ app_init ] --START--
INFO: Run Behavior\BuildLiteBehavior [ RunTime:0.000000s ]
INFO: [ app_init ] --END-- [ RunTime:0.000000s ]
INFO: [ app_begin ] --START--
INFO: Run Behavior\ReadHtmlCacheBehavior [ RunTime:0.001000s ]
INFO: [ app_begin ] --END-- [ RunTime:0.001000s ]
INFO: [ view_parse ] --START--
INFO: [ template_filter ] --START--
INFO: Run Behavior\ContentReplaceBehavior [ RunTime:0.000000s ]
INFO: [ template_filter ] --END-- [ RunTime:0.000000s ]
INFO: Run Behavior\ParseTemplateBehavior [ RunTime:0.005001s ]
INFO: [ view_parse ] --END-- [ RunTime:0.005001s ]
INFO: [ view_filter ] --START--
INFO: Run Behavior\WriteHtmlCacheBehavior [ RunTime:0.001000s ]
INFO: [ view_filter ] --END-- [ RunTime:0.001000s ]
INFO: [ app_end ] --START--
INFO: Run Behavior\ShowPageTraceBehavior [ RunTime:0.001000s ]
INFO: [ app_end ] --END-- [ RunTime:0.001000s ]

[ 2020-03-11T14:27:27+08:00 ] 127.0.0.1 /TP/index.php/Admin/Index/shouye.html
INFO: [ app_init ] --START--
INFO: Run Behavior\BuildLiteBehavior [ RunTime:0.000000s ]
INFO: [ app_init ] --END-- [ RunTime:0.001000s ]
INFO: [ app_begin ] --START--
INFO: Run Behavior\ReadHtmlCacheBehavior [ RunTime:0.000000s ]
INFO: [ app_begin ] --END-- [ RunTime:0.000000s ]
INFO: [ view_parse ] --START--
INFO: [ template_filter ] --START--
INFO: Run Behavior\ContentReplaceBehavior [ RunTime:0.000000s ]
INFO: [ template_filter ] --END-- [ RunTime:0.000000s ]
INFO: Run Behavior\ParseTemplateBehavior [ RunTime:0.005000s ]
INFO: [ view_parse ] --END-- [ RunTime:0.005000s ]
INFO: [ view_filter ] --START--
INFO: Run Behavior\WriteHtmlCacheBehavior [ RunTime:0.001000s ]
INFO: [ view_filter ] --END-- [ RunTime:0.001000s ]
INFO: [ app_end ] --START--
INFO: Run Behavior\ShowPageTraceBehavior [ RunTime:0.000000s ]
INFO: [ app_end ] --END-- [ RunTime:0.000000s ]

[ 2020-03-11T14:27:30+08:00 ] 127.0.0.1 /TP/index.php/Admin/Product/index.html
INFO: [ app_init ] --START--
INFO: Run Behavior\BuildLiteBehavior [ RunTime:0.000000s ]
INFO: [ app_init ] --END-- [ RunTime:0.001000s ]
INFO: [ app_begin ] --START--
INFO: Run Behavior\ReadHtmlCacheBehavior [ RunTime:0.000000s ]
INFO: [ app_begin ] --END-- [ RunTime:0.000000s ]
NOTIC: [8] Undefined index: name D:\wwwroot\TP\Application\Admin\Controller\ProductController.class.php 第 17 行.
NOTIC: [8] Undefined index: orderby D:\wwwroot\TP\Application\Admin\Controller\ProductController.class.php 第 23 行.
SQL: SHOW COLUMNS FROM `product` [ RunTime:0.0040s ]
SQL: SHOW COLUMNS FROM `product_catgory` [ RunTime:0.0030s ]
SQL: SELECT COUNT(*) AS tp_count FROM product p WHERE (  1 ) LIMIT 1   [ RunTime:0.0000s ]
SQL: SELECT `id`,`sort`,`pid`,`name`,`price`,`img`,`desc`,`status`,`add_time`,`stock`,`last_time` FROM product p WHERE (  1 ) ORDER BY id desc LIMIT 0,8   [ RunTime:0.0000s ]
SQL: SELECT `name` FROM `product_catgory` WHERE ( id=2 ) LIMIT 1   [ RunTime:0.0000s ]
SQL: SELECT `name` FROM `product_catgory` WHERE ( id=2 ) LIMIT 1   [ RunTime:0.0010s ]
SQL: SELECT `name` FROM `product_catgory` WHERE ( id=2 ) LIMIT 1   [ RunTime:0.0000s ]
SQL: SELECT `name` FROM `product_catgory` WHERE ( id=2 ) LIMIT 1   [ RunTime:0.0010s ]
SQL: SELECT `name` FROM `product_catgory` WHERE ( id=2 ) LIMIT 1   [ RunTime:0.0000s ]
SQL: SELECT `name` FROM `product_catgory` WHERE ( id=2 ) LIMIT 1   [ RunTime:0.0010s ]
SQL: SELECT `name` FROM `product_catgory` WHERE ( id=2 ) LIMIT 1   [ RunTime:0.0000s ]
SQL: SELECT `name` FROM `product_catgory` WHERE ( id=2 ) LIMIT 1   [ RunTime:0.0010s ]
INFO: [ view_parse ] --START--
INFO: [ template_filter ] --START--
INFO: Run Behavior\ContentReplaceBehavior [ RunTime:0.000000s ]
INFO: [ template_filter ] --END-- [ RunTime:0.000000s ]
NOTIC: [8] Use of undefined constant Product - assumed 'Product' D:\wwwroot\TP\Application\Runtime\Cache\Admin\e81ab272a2db490ca13db5e7a9293ba0.php 第 50 行.
NOTIC: [8] Use of undefined constant index - assumed 'index' D:\wwwroot\TP\Application\Runtime\Cache\Admin\e81ab272a2db490ca13db5e7a9293ba0.php 第 50 行.
NOTIC: [2] Division by zero D:\wwwroot\TP\Application\Runtime\Cache\Admin\e81ab272a2db490ca13db5e7a9293ba0.php 第 50 行.
NOTIC: [8] Use of undefined constant Product - assumed 'Product' D:\wwwroot\TP\Application\Runtime\Cache\Admin\e81ab272a2db490ca13db5e7a9293ba0.php 第 50 行.
NOTIC: [8] Use of undefined constant index - assumed 'index' D:\wwwroot\TP\Application\Runtime\Cache\Admin\e81ab272a2db490ca13db5e7a9293ba0.php 第 50 行.
NOTIC: [2] Division by zero D:\wwwroot\TP\Application\Runtime\Cache\Admin\e81ab272a2db490ca13db5e7a9293ba0.php 第 50 行.
NOTIC: [8] Use of undefined constant Product - assumed 'Product' D:\wwwroot\TP\Application\Runtime\Cache\Admin\e81ab272a2db490ca13db5e7a9293ba0.php 第 58 行.
NOTIC: [8] Use of undefined constant index - assumed 'index' D:\wwwroot\TP\Application\Runtime\Cache\Admin\e81ab272a2db490ca13db5e7a9293ba0.php 第 58 行.
NOTIC: [2] Division by zero D:\wwwroot\TP\Application\Runtime\Cache\Admin\e81ab272a2db490ca13db5e7a9293ba0.php 第 58 行.
NOTIC: [8] Use of undefined constant Product - assumed 'Product' D:\wwwroot\TP\Application\Runtime\Cache\Admin\e81ab272a2db490ca13db5e7a9293ba0.php 第 58 行.
NOTIC: [8] Use of undefined constant index - assumed 'index' D:\wwwroot\TP\Application\Runtime\Cache\Admin\e81ab272a2db490ca13db5e7a9293ba0.php 第 58 行.
NOTIC: [2] Division by zero D:\wwwroot\TP\Application\Runtime\Cache\Admin\e81ab272a2db490ca13db5e7a9293ba0.php 第 58 行.
INFO: Run Behavior\ParseTemplateBehavior [ RunTime:0.007001s ]
INFO: [ view_parse ] --END-- [ RunTime:0.007001s ]
INFO: [ view_filter ] --START--
INFO: Run Behavior\WriteHtmlCacheBehavior [ RunTime:0.000000s ]
INFO: [ view_filter ] --END-- [ RunTime:0.000000s ]
INFO: [ app_end ] --START--
INFO: Run Behavior\ShowPageTraceBehavior [ RunTime:0.000000s ]
INFO: [ app_end ] --END-- [ RunTime:0.001000s ]

[ 2020-03-11T14:27:31+08:00 ] 127.0.0.1 /TP/index.php/Admin/Product/add.html
INFO: [ app_init ] --START--
INFO: Run Behavior\BuildLiteBehavior [ RunTime:0.000000s ]
INFO: [ app_init ] --END-- [ RunTime:0.000000s ]
INFO: [ app_begin ] --START--
INFO: Run Behavior\ReadHtmlCacheBehavior [ RunTime:0.001001s ]
INFO: [ app_begin ] --END-- [ RunTime:0.001001s ]
SQL: SHOW COLUMNS FROM `product_catgory` [ RunTime:0.0040s ]
SQL: SELECT * FROM `product_catgory`  [ RunTime:0.0010s ]
INFO: [ view_parse ] --START--
INFO: [ template_filter ] --START--
INFO: Run Behavior\ContentReplaceBehavior [ RunTime:0.001000s ]
INFO: [ template_filter ] --END-- [ RunTime:0.001000s ]
NOTIC: [8] Undefined variable: check D:\wwwroot\TP\Application\Runtime\Cache\Admin\460d05e0be725d2ad88d6b5cdfc12e20.php 第 51 行.
NOTIC: [8] Undefined variable: check D:\wwwroot\TP\Application\Runtime\Cache\Admin\460d05e0be725d2ad88d6b5cdfc12e20.php 第 51 行.
NOTIC: [8] Undefined variable: check D:\wwwroot\TP\Application\Runtime\Cache\Admin\460d05e0be725d2ad88d6b5cdfc12e20.php 第 51 行.
NOTIC: [8] Undefined variable: check D:\wwwroot\TP\Application\Runtime\Cache\Admin\460d05e0be725d2ad88d6b5cdfc12e20.php 第 51 行.
NOTIC: [8] Undefined variable: check D:\wwwroot\TP\Application\Runtime\Cache\Admin\460d05e0be725d2ad88d6b5cdfc12e20.php 第 51 行.
NOTIC: [8] Undefined variable: check D:\wwwroot\TP\Application\Runtime\Cache\Admin\460d05e0be725d2ad88d6b5cdfc12e20.php 第 51 行.
NOTIC: [8] Undefined variable: check D:\wwwroot\TP\Application\Runtime\Cache\Admin\460d05e0be725d2ad88d6b5cdfc12e20.php 第 51 行.
INFO: Run Behavior\ParseTemplateBehavior [ RunTime:0.006000s ]
INFO: [ view_parse ] --END-- [ RunTime:0.006000s ]
INFO: [ view_filter ] --START--
INFO: Run Behavior\WriteHtmlCacheBehavior [ RunTime:0.000000s ]
INFO: [ view_filter ] --END-- [ RunTime:0.000000s ]
INFO: [ app_end ] --START--
INFO: Run Behavior\ShowPageTraceBehavior [ RunTime:0.001000s ]
INFO: [ app_end ] --END-- [ RunTime:0.001000s ]

[ 2020-03-11T15:45:26+08:00 ] 127.0.0.1 /TP/admin
INFO: [ app_init ] --START--
INFO: Run Behavior\BuildLiteBehavior [ RunTime:0.000000s ]
INFO: [ app_init ] --END-- [ RunTime:0.000000s ]
INFO: [ app_begin ] --START--
INFO: Run Behavior\ReadHtmlCacheBehavior [ RunTime:0.000000s ]
INFO: [ app_begin ] --END-- [ RunTime:0.000000s ]
INFO: [ view_parse ] --START--
INFO: [ template_filter ] --START--
INFO: Run Behavior\ContentReplaceBehavior [ RunTime:0.000000s ]
INFO: [ template_filter ] --END-- [ RunTime:0.000000s ]
INFO: Run Behavior\ParseTemplateBehavior [ RunTime:0.011001s ]
INFO: [ view_parse ] --END-- [ RunTime:0.011001s ]
INFO: [ view_filter ] --START--
INFO: Run Behavior\WriteHtmlCacheBehavior [ RunTime:0.000000s ]
INFO: [ view_filter ] --END-- [ RunTime:0.000000s ]
INFO: [ app_end ] --START--
INFO: Run Behavior\ShowPageTraceBehavior [ RunTime:0.000000s ]
INFO: [ app_end ] --END-- [ RunTime:0.000000s ]

[ 2020-03-11T15:45:27+08:00 ] 127.0.0.1 /TP/index.php/Admin/Index/shouye.html
INFO: [ app_init ] --START--
INFO: Run Behavior\BuildLiteBehavior [ RunTime:0.000000s ]
INFO: [ app_init ] --END-- [ RunTime:0.000000s ]
INFO: [ app_begin ] --START--
INFO: Run Behavior\ReadHtmlCacheBehavior [ RunTime:0.001000s ]
INFO: [ app_begin ] --END-- [ RunTime:0.001000s ]
INFO: [ view_parse ] --START--
INFO: [ template_filter ] --START--
INFO: Run Behavior\ContentReplaceBehavior [ RunTime:0.000000s ]
INFO: [ template_filter ] --END-- [ RunTime:0.000000s ]
INFO: Run Behavior\ParseTemplateBehavior [ RunTime:0.004000s ]
INFO: [ view_parse ] --END-- [ RunTime:0.004000s ]
INFO: [ view_filter ] --START--
INFO: Run Behavior\WriteHtmlCacheBehavior [ RunTime:0.001001s ]
INFO: [ view_filter ] --END-- [ RunTime:0.001001s ]
INFO: [ app_end ] --START--
INFO: Run Behavior\ShowPageTraceBehavior [ RunTime:0.000000s ]
INFO: [ app_end ] --END-- [ RunTime:0.000000s ]

[ 2020-03-11T15:45:29+08:00 ] 127.0.0.1 /TP/index.php/Admin/ProductCatgory/index.html
INFO: [ app_init ] --START--
INFO: Run Behavior\BuildLiteBehavior [ RunTime:0.000000s ]
INFO: [ app_init ] --END-- [ RunTime:0.000000s ]
INFO: [ app_begin ] --START--
INFO: Run Behavior\ReadHtmlCacheBehavior [ RunTime:0.000000s ]
INFO: [ app_begin ] --END-- [ RunTime:0.000000s ]
SQL: SHOW COLUMNS FROM `product_catgory` [ RunTime:0.0040s ]
SQL: SELECT * FROM `product_catgory`  [ RunTime:0.0000s ]
INFO: [ view_parse ] --START--
INFO: [ template_filter ] --START--
INFO: Run Behavior\ContentReplaceBehavior [ RunTime:0.000000s ]
INFO: [ template_filter ] --END-- [ RunTime:0.000000s ]
NOTIC: [8] Undefined variable: page D:\wwwroot\TP\Application\Runtime\Cache\Admin\d65b7bdd1bd3c0288619e2fe280df640.php 第 32 行.
NOTIC: [8] Undefined variable: page D:\wwwroot\TP\Application\Runtime\Cache\Admin\d65b7bdd1bd3c0288619e2fe280df640.php 第 35 行.
INFO: Run Behavior\ParseTemplateBehavior [ RunTime:0.004000s ]
INFO: [ view_parse ] --END-- [ RunTime:0.004000s ]
INFO: [ view_filter ] --START--
INFO: Run Behavior\WriteHtmlCacheBehavior [ RunTime:0.000000s ]
INFO: [ view_filter ] --END-- [ RunTime:0.000000s ]
INFO: [ app_end ] --START--
INFO: Run Behavior\ShowPageTraceBehavior [ RunTime:0.000000s ]
INFO: [ app_end ] --END-- [ RunTime:0.000000s ]

[ 2020-03-11T15:45:32+08:00 ] 127.0.0.1 /TP/index.php/Admin/Product/index.html
INFO: [ app_init ] --START--
INFO: Run Behavior\BuildLiteBehavior [ RunTime:0.000000s ]
INFO: [ app_init ] --END-- [ RunTime:0.000000s ]
INFO: [ app_begin ] --START--
INFO: Run Behavior\ReadHtmlCacheBehavior [ RunTime:0.000000s ]
INFO: [ app_begin ] --END-- [ RunTime:0.000000s ]
NOTIC: [8] Undefined index: name D:\wwwroot\TP\Application\Admin\Controller\ProductController.class.php 第 17 行.
NOTIC: [8] Undefined index: orderby D:\wwwroot\TP\Application\Admin\Controller\ProductController.class.php 第 23 行.
SQL: SHOW COLUMNS FROM `product` [ RunTime:0.0040s ]
SQL: SHOW COLUMNS FROM `product_catgory` [ RunTime:0.0040s ]
SQL: SELECT COUNT(*) AS tp_count FROM product p WHERE (  1 ) LIMIT 1   [ RunTime:0.0000s ]
SQL: SELECT `id`,`sort`,`pid`,`name`,`price`,`img`,`desc`,`status`,`add_time`,`stock`,`last_time` FROM product p WHERE (  1 ) ORDER BY id desc LIMIT 0,8   [ RunTime:0.0000s ]
SQL: SELECT `name` FROM `product_catgory` WHERE ( id=2 ) LIMIT 1   [ RunTime:0.0010s ]
SQL: SELECT `name` FROM `product_catgory` WHERE ( id=2 ) LIMIT 1   [ RunTime:0.0000s ]
SQL: SELECT `name` FROM `product_catgory` WHERE ( id=2 ) LIMIT 1   [ RunTime:0.0000s ]
SQL: SELECT `name` FROM `product_catgory` WHERE ( id=2 ) LIMIT 1   [ RunTime:0.0010s ]
SQL: SELECT `name` FROM `product_catgory` WHERE ( id=2 ) LIMIT 1   [ RunTime:0.0000s ]
SQL: SELECT `name` FROM `product_catgory` WHERE ( id=2 ) LIMIT 1   [ RunTime:0.0000s ]
SQL: SELECT `name` FROM `product_catgory` WHERE ( id=2 ) LIMIT 1   [ RunTime:0.0000s ]
SQL: SELECT `name` FROM `product_catgory` WHERE ( id=2 ) LIMIT 1   [ RunTime:0.0000s ]
INFO: [ view_parse ] --START--
INFO: [ template_filter ] --START--
INFO: Run Behavior\ContentReplaceBehavior [ RunTime:0.000000s ]
INFO: [ template_filter ] --END-- [ RunTime:0.000000s ]
NOTIC: [8] Use of undefined constant Product - assumed 'Product' D:\wwwroot\TP\Application\Runtime\Cache\Admin\e81ab272a2db490ca13db5e7a9293ba0.php 第 50 行.
NOTIC: [8] Use of undefined constant index - assumed 'index' D:\wwwroot\TP\Application\Runtime\Cache\Admin\e81ab272a2db490ca13db5e7a9293ba0.php 第 50 行.
NOTIC: [2] Division by zero D:\wwwroot\TP\Application\Runtime\Cache\Admin\e81ab272a2db490ca13db5e7a9293ba0.php 第 50 行.
NOTIC: [8] Use of undefined constant Product - assumed 'Product' D:\wwwroot\TP\Application\Runtime\Cache\Admin\e81ab272a2db490ca13db5e7a9293ba0.php 第 50 行.
NOTIC: [8] Use of undefined constant index - assumed 'index' D:\wwwroot\TP\Application\Runtime\Cache\Admin\e81ab272a2db490ca13db5e7a9293ba0.php 第 50 行.
NOTIC: [2] Division by zero D:\wwwroot\TP\Application\Runtime\Cache\Admin\e81ab272a2db490ca13db5e7a9293ba0.php 第 50 行.
NOTIC: [8] Use of undefined constant Product - assumed 'Product' D:\wwwroot\TP\Application\Runtime\Cache\Admin\e81ab272a2db490ca13db5e7a9293ba0.php 第 58 行.
NOTIC: [8] Use of undefined constant index - assumed 'index' D:\wwwroot\TP\Application\Runtime\Cache\Admin\e81ab272a2db490ca13db5e7a9293ba0.php 第 58 行.
NOTIC: [2] Division by zero D:\wwwroot\TP\Application\Runtime\Cache\Admin\e81ab272a2db490ca13db5e7a9293ba0.php 第 58 行.
NOTIC: [8] Use of undefined constant Product - assumed 'Product' D:\wwwroot\TP\Application\Runtime\Cache\Admin\e81ab272a2db490ca13db5e7a9293ba0.php 第 58 行.
NOTIC: [8] Use of undefined constant index - assumed 'index' D:\wwwroot\TP\Application\Runtime\Cache\Admin\e81ab272a2db490ca13db5e7a9293ba0.php 第 58 行.
NOTIC: [2] Division by zero D:\wwwroot\TP\Application\Runtime\Cache\Admin\e81ab272a2db490ca13db5e7a9293ba0.php 第 58 行.
INFO: Run Behavior\ParseTemplateBehavior [ RunTime:0.006000s ]
INFO: [ view_parse ] --END-- [ RunTime:0.006000s ]
INFO: [ view_filter ] --START--
INFO: Run Behavior\WriteHtmlCacheBehavior [ RunTime:0.000000s ]
INFO: [ view_filter ] --END-- [ RunTime:0.000000s ]
INFO: [ app_end ] --START--
INFO: Run Behavior\ShowPageTraceBehavior [ RunTime:0.001000s ]
INFO: [ app_end ] --END-- [ RunTime:0.001000s ]

[ 2020-03-11T15:45:34+08:00 ] 127.0.0.1 /TP/index.php/Admin/Product/add.html
INFO: [ app_init ] --START--
INFO: Run Behavior\BuildLiteBehavior [ RunTime:0.000000s ]
INFO: [ app_init ] --END-- [ RunTime:0.001000s ]
INFO: [ app_begin ] --START--
INFO: Run Behavior\ReadHtmlCacheBehavior [ RunTime:0.001000s ]
INFO: [ app_begin ] --END-- [ RunTime:0.001000s ]
SQL: SHOW COLUMNS FROM `product_catgory` [ RunTime:0.1890s ]
SQL: SELECT * FROM `product_catgory`  [ RunTime:0.0010s ]
INFO: [ view_parse ] --START--
INFO: [ template_filter ] --START--
INFO: Run Behavior\ContentReplaceBehavior [ RunTime:0.001000s ]
INFO: [ template_filter ] --END-- [ RunTime:0.001000s ]
NOTIC: [8] Undefined variable: check D:\wwwroot\TP\Application\Runtime\Cache\Admin\460d05e0be725d2ad88d6b5cdfc12e20.php 第 51 行.
NOTIC: [8] Undefined variable: check D:\wwwroot\TP\Application\Runtime\Cache\Admin\460d05e0be725d2ad88d6b5cdfc12e20.php 第 51 行.
NOTIC: [8] Undefined variable: check D:\wwwroot\TP\Application\Runtime\Cache\Admin\460d05e0be725d2ad88d6b5cdfc12e20.php 第 51 行.
NOTIC: [8] Undefined variable: check D:\wwwroot\TP\Application\Runtime\Cache\Admin\460d05e0be725d2ad88d6b5cdfc12e20.php 第 51 行.
NOTIC: [8] Undefined variable: check D:\wwwroot\TP\Application\Runtime\Cache\Admin\460d05e0be725d2ad88d6b5cdfc12e20.php 第 51 行.
NOTIC: [8] Undefined variable: check D:\wwwroot\TP\Application\Runtime\Cache\Admin\460d05e0be725d2ad88d6b5cdfc12e20.php 第 51 行.
NOTIC: [8] Undefined variable: check D:\wwwroot\TP\Application\Runtime\Cache\Admin\460d05e0be725d2ad88d6b5cdfc12e20.php 第 51 行.
INFO: Run Behavior\ParseTemplateBehavior [ RunTime:0.004000s ]
INFO: [ view_parse ] --END-- [ RunTime:0.004000s ]
INFO: [ view_filter ] --START--
INFO: Run Behavior\WriteHtmlCacheBehavior [ RunTime:0.001000s ]
INFO: [ view_filter ] --END-- [ RunTime:0.001000s ]
INFO: [ app_end ] --START--
INFO: Run Behavior\ShowPageTraceBehavior [ RunTime:0.000000s ]
INFO: [ app_end ] --END-- [ RunTime:0.000000s ]

[ 2020-03-11T15:46:33+08:00 ] 127.0.0.1 /TP/index.php/Admin/Product/add
INFO: [ app_init ] --START--
INFO: Run Behavior\BuildLiteBehavior [ RunTime:0.000000s ]
INFO: [ app_init ] --END-- [ RunTime:0.000000s ]
INFO: [ app_begin ] --START--
INFO: Run Behavior\ReadHtmlCacheBehavior [ RunTime:0.000000s ]
INFO: [ app_begin ] --END-- [ RunTime:0.000000s ]
SQL: SHOW COLUMNS FROM `product_catgory` [ RunTime:0.0040s ]
SQL: SELECT * FROM `product_catgory`  [ RunTime:0.0010s ]
INFO: [ app_end ] --START--
INFO: Run Behavior\ShowPageTraceBehavior [ RunTime:0.000000s ]
INFO: [ app_end ] --END-- [ RunTime:0.000000s ]

[ 2020-03-11T15:47:38+08:00 ] 127.0.0.1 /TP/index.php/Admin/Product/add
INFO: [ app_init ] --START--
INFO: Run Behavior\BuildLiteBehavior [ RunTime:0.000000s ]
INFO: [ app_init ] --END-- [ RunTime:0.000000s ]
INFO: [ app_begin ] --START--
INFO: Run Behavior\ReadHtmlCacheBehavior [ RunTime:0.000000s ]
INFO: [ app_begin ] --END-- [ RunTime:0.000000s ]
SQL: SHOW COLUMNS FROM `product_catgory` [ RunTime:0.0030s ]
SQL: SELECT * FROM `product_catgory`  [ RunTime:0.0000s ]

[ 2020-03-11T15:49:33+08:00 ] 127.0.0.1 /TP/index.php/Admin/Product/add
INFO: [ app_init ] --START--
INFO: Run Behavior\BuildLiteBehavior [ RunTime:0.000000s ]
INFO: [ app_init ] --END-- [ RunTime:0.000000s ]
INFO: [ app_begin ] --START--
INFO: Run Behavior\ReadHtmlCacheBehavior [ RunTime:0.000000s ]
INFO: [ app_begin ] --END-- [ RunTime:0.000000s ]
SQL: SHOW COLUMNS FROM `product_catgory` [ RunTime:0.0040s ]
SQL: SELECT * FROM `product_catgory`  [ RunTime:0.0000s ]

[ 2020-03-11T15:50:38+08:00 ] 127.0.0.1 /TP/index.php/Admin/Product/add
INFO: [ app_init ] --START--
INFO: Run Behavior\BuildLiteBehavior [ RunTime:0.000000s ]
INFO: [ app_init ] --END-- [ RunTime:0.000000s ]
INFO: [ app_begin ] --START--
INFO: Run Behavior\ReadHtmlCacheBehavior [ RunTime:0.000000s ]
INFO: [ app_begin ] --END-- [ RunTime:0.000000s ]
SQL: SHOW COLUMNS FROM `product_catgory` [ RunTime:0.0040s ]
SQL: SELECT * FROM `product_catgory`  [ RunTime:0.0010s ]

[ 2020-03-11T15:58:41+08:00 ] 127.0.0.1 /TP/index.php/Admin/Product/add
INFO: [ app_init ] --START--
INFO: Run Behavior\BuildLiteBehavior [ RunTime:0.000000s ]
INFO: [ app_init ] --END-- [ RunTime:0.000000s ]
INFO: [ app_begin ] --START--
INFO: Run Behavior\ReadHtmlCacheBehavior [ RunTime:0.000000s ]
INFO: [ app_begin ] --END-- [ RunTime:0.000000s ]
SQL: SHOW COLUMNS FROM `product_catgory` [ RunTime:0.0320s ]
SQL: SELECT * FROM `product_catgory`  [ RunTime:0.0010s ]

[ 2020-03-11T15:59:33+08:00 ] 127.0.0.1 /TP/index.php/Admin/Product/add
INFO: [ app_init ] --START--
INFO: Run Behavior\BuildLiteBehavior [ RunTime:0.000000s ]
INFO: [ app_init ] --END-- [ RunTime:0.000000s ]
INFO: [ app_begin ] --START--
INFO: Run Behavior\ReadHtmlCacheBehavior [ RunTime:0.000000s ]
INFO: [ app_begin ] --END-- [ RunTime:0.000000s ]
SQL: SHOW COLUMNS FROM `product_catgory` [ RunTime:0.0030s ]
SQL: SELECT * FROM `product_catgory`  [ RunTime:0.0010s ]

