[ 2020-08-26T19:08:34+08:00 ] 127.0.0.1 /admin
INFO: [ app_init ] --START--
INFO: Run Behavior\BuildLiteBehavior [ RunTime:0.000006s ]
INFO: [ app_init ] --END-- [ RunTime:0.000200s ]
INFO: [ app_begin ] --START--
INFO: Run Behavior\ReadHtmlCacheBehavior [ RunTime:0.000243s ]
INFO: [ app_begin ] --END-- [ RunTime:0.000263s ]
INFO: [ view_parse ] --START--
INFO: [ template_filter ] --START--
INFO: Run Behavior\ContentReplaceBehavior [ RunTime:0.000035s ]
INFO: [ template_filter ] --END-- [ RunTime:0.000062s ]
INFO: Run Behavior\ParseTemplateBehavior [ RunTime:0.014885s ]
INFO: [ view_parse ] --END-- [ RunTime:0.014936s ]
INFO: [ view_filter ] --START--
INFO: Run Behavior\WriteHtmlCacheBehavior [ RunTime:0.000335s ]
INFO: [ view_filter ] --END-- [ RunTime:0.000372s ]

[ 2020-08-26T19:08:36+08:00 ] 127.0.0.1 /index.php/Admin/Admin/login.html
INFO: [ app_init ] --START--
INFO: Run Behavior\BuildLiteBehavior [ RunTime:0.000006s ]
INFO: [ app_init ] --END-- [ RunTime:0.000196s ]
INFO: [ app_begin ] --START--
INFO: Run Behavior\ReadHtmlCacheBehavior [ RunTime:0.000237s ]
INFO: [ app_begin ] --END-- [ RunTime:0.000257s ]
INFO: [ view_parse ] --START--
INFO: [ template_filter ] --START--
INFO: Run Behavior\ContentReplaceBehavior [ RunTime:0.000044s ]
INFO: [ template_filter ] --END-- [ RunTime:0.000073s ]
INFO: Run Behavior\ParseTemplateBehavior [ RunTime:0.010128s ]
INFO: [ view_parse ] --END-- [ RunTime:0.010185s ]
INFO: [ view_filter ] --START--
INFO: Run Behavior\WriteHtmlCacheBehavior [ RunTime:0.000361s ]
INFO: [ view_filter ] --END-- [ RunTime:0.000398s ]
INFO: [ app_end ] --START--
INFO: Run Behavior\ShowPageTraceBehavior [ RunTime:0.000473s ]
INFO: [ app_end ] --END-- [ RunTime:0.000500s ]

[ 2020-08-26T19:08:39+08:00 ] 127.0.0.1 /index.php/Admin/Admin/login.html
INFO: [ app_init ] --START--
INFO: Run Behavior\BuildLiteBehavior [ RunTime:0.000007s ]
INFO: [ app_init ] --END-- [ RunTime:0.000238s ]
INFO: [ app_begin ] --START--
INFO: Run Behavior\ReadHtmlCacheBehavior [ RunTime:0.000259s ]
INFO: [ app_begin ] --END-- [ RunTime:0.000281s ]
SQL: SHOW COLUMNS FROM `user` [ RunTime:0.0089s ]
SQL: SELECT * FROM `user` WHERE `password` = 'admin'  [ RunTime:0.0008s ]
INFO: [ view_parse ] --START--
INFO: [ template_filter ] --START--
INFO: Run Behavior\ContentReplaceBehavior [ RunTime:0.000032s ]
INFO: [ template_filter ] --END-- [ RunTime:0.000056s ]
INFO: Run Behavior\ParseTemplateBehavior [ RunTime:0.004309s ]
INFO: [ view_parse ] --END-- [ RunTime:0.004361s ]
INFO: [ view_filter ] --START--
INFO: Run Behavior\WriteHtmlCacheBehavior [ RunTime:0.000235s ]
INFO: [ view_filter ] --END-- [ RunTime:0.000256s ]
INFO: [ app_end ] --START--
INFO: Run Behavior\ShowPageTraceBehavior [ RunTime:0.000314s ]
INFO: [ app_end ] --END-- [ RunTime:0.000332s ]

[ 2020-08-26T19:08:41+08:00 ] 127.0.0.1 /index.php/Admin/Index/index.html
INFO: [ app_init ] --START--
INFO: Run Behavior\BuildLiteBehavior [ RunTime:0.000006s ]
INFO: [ app_init ] --END-- [ RunTime:0.000203s ]
INFO: [ app_begin ] --START--
INFO: Run Behavior\ReadHtmlCacheBehavior [ RunTime:0.000251s ]
INFO: [ app_begin ] --END-- [ RunTime:0.000274s ]
INFO: [ view_parse ] --START--
INFO: [ template_filter ] --START--
INFO: Run Behavior\ContentReplaceBehavior [ RunTime:0.000048s ]
INFO: [ template_filter ] --END-- [ RunTime:0.000069s ]
INFO: Run Behavior\ParseTemplateBehavior [ RunTime:0.014164s ]
INFO: [ view_parse ] --END-- [ RunTime:0.014211s ]
INFO: [ view_filter ] --START--
INFO: Run Behavior\WriteHtmlCacheBehavior [ RunTime:0.000342s ]
INFO: [ view_filter ] --END-- [ RunTime:0.000380s ]
INFO: [ app_end ] --START--
INFO: Run Behavior\ShowPageTraceBehavior [ RunTime:0.000518s ]
INFO: [ app_end ] --END-- [ RunTime:0.000556s ]

[ 2020-08-26T19:08:41+08:00 ] 127.0.0.1 /index.php/Admin/Index/shouye.html
INFO: [ app_init ] --START--
INFO: Run Behavior\BuildLiteBehavior [ RunTime:0.000007s ]
INFO: [ app_init ] --END-- [ RunTime:0.000246s ]
INFO: [ app_begin ] --START--
INFO: Run Behavior\ReadHtmlCacheBehavior [ RunTime:0.000363s ]
INFO: [ app_begin ] --END-- [ RunTime:0.000400s ]
INFO: [ view_parse ] --START--
INFO: [ template_filter ] --START--
INFO: Run Behavior\ContentReplaceBehavior [ RunTime:0.000069s ]
INFO: [ template_filter ] --END-- [ RunTime:0.000104s ]
INFO: Run Behavior\ParseTemplateBehavior [ RunTime:0.012016s ]
INFO: [ view_parse ] --END-- [ RunTime:0.012070s ]
INFO: [ view_filter ] --START--
INFO: Run Behavior\WriteHtmlCacheBehavior [ RunTime:0.000351s ]
INFO: [ view_filter ] --END-- [ RunTime:0.000388s ]
INFO: [ app_end ] --START--
INFO: Run Behavior\ShowPageTraceBehavior [ RunTime:0.000535s ]
INFO: [ app_end ] --END-- [ RunTime:0.000574s ]

[ 2020-08-26T19:08:43+08:00 ] 127.0.0.1 /index.php/Admin/ProductCatgory/index.html
INFO: [ app_init ] --START--
INFO: Run Behavior\BuildLiteBehavior [ RunTime:0.000006s ]
INFO: [ app_init ] --END-- [ RunTime:0.000201s ]
INFO: [ app_begin ] --START--
INFO: Run Behavior\ReadHtmlCacheBehavior [ RunTime:0.000310s ]
INFO: [ app_begin ] --END-- [ RunTime:0.000345s ]
SQL: SHOW COLUMNS FROM `product_catgory` [ RunTime:0.0095s ]
SQL: SELECT * FROM `product_catgory`  [ RunTime:0.0004s ]
INFO: [ view_parse ] --START--
INFO: [ template_filter ] --START--
INFO: Run Behavior\ContentReplaceBehavior [ RunTime:0.000086s ]
INFO: [ template_filter ] --END-- [ RunTime:0.000136s ]
NOTIC: [8] Undefined variable: page D:\phpStudy\WWW\TP\Application\Runtime\Cache\Admin\d65b7bdd1bd3c0288619e2fe280df640.php 第 32 行.
NOTIC: [8] Undefined variable: page D:\phpStudy\WWW\TP\Application\Runtime\Cache\Admin\d65b7bdd1bd3c0288619e2fe280df640.php 第 35 行.
INFO: Run Behavior\ParseTemplateBehavior [ RunTime:0.020000s ]
INFO: [ view_parse ] --END-- [ RunTime:0.020048s ]
INFO: [ view_filter ] --START--
INFO: Run Behavior\WriteHtmlCacheBehavior [ RunTime:0.000350s ]
INFO: [ view_filter ] --END-- [ RunTime:0.000389s ]
INFO: [ app_end ] --START--
INFO: Run Behavior\ShowPageTraceBehavior [ RunTime:0.000531s ]
INFO: [ app_end ] --END-- [ RunTime:0.000568s ]

[ 2020-08-26T19:08:44+08:00 ] 127.0.0.1 /index.php/Admin/Product/index.html
INFO: [ app_init ] --START--
INFO: Run Behavior\BuildLiteBehavior [ RunTime:0.000006s ]
INFO: [ app_init ] --END-- [ RunTime:0.000200s ]
INFO: [ app_begin ] --START--
INFO: Run Behavior\ReadHtmlCacheBehavior [ RunTime:0.000240s ]
INFO: [ app_begin ] --END-- [ RunTime:0.000263s ]
NOTIC: [8] Undefined index: name D:\phpStudy\WWW\TP\Application\Admin\Controller\ProductController.class.php 第 17 行.
NOTIC: [8] Undefined index: orderby D:\phpStudy\WWW\TP\Application\Admin\Controller\ProductController.class.php 第 23 行.
SQL: SHOW COLUMNS FROM `product` [ RunTime:0.0007s ]
SQL: SHOW COLUMNS FROM `product_catgory` [ RunTime:0.0004s ]
SQL: SELECT COUNT(*) AS tp_count FROM product p WHERE (  1 ) LIMIT 1   [ RunTime:0.0002s ]
SQL: SELECT `id`,`sort`,`pid`,`name`,`price`,`img`,`desc`,`status`,`add_time`,`stock`,`last_time` FROM product p WHERE (  1 ) ORDER BY id desc LIMIT 0,8   [ RunTime:0.0002s ]
SQL: SELECT `name` FROM `product_catgory` WHERE ( id=4 ) LIMIT 1   [ RunTime:0.0001s ]
SQL: SELECT `name` FROM `product_catgory` WHERE ( id=9 ) LIMIT 1   [ RunTime:0.0001s ]
SQL: SELECT `name` FROM `product_catgory` WHERE ( id=1 ) LIMIT 1   [ RunTime:0.0001s ]
SQL: SELECT `name` FROM `product_catgory` WHERE ( id=0 ) LIMIT 1   [ RunTime:0.0001s ]
SQL: SELECT `name` FROM `product_catgory` WHERE ( id=2 ) LIMIT 1   [ RunTime:0.0001s ]
SQL: SELECT `name` FROM `product_catgory` WHERE ( id=2 ) LIMIT 1   [ RunTime:0.0001s ]
SQL: SELECT `name` FROM `product_catgory` WHERE ( id=2 ) LIMIT 1   [ RunTime:0.0001s ]
SQL: SELECT `name` FROM `product_catgory` WHERE ( id=2 ) LIMIT 1   [ RunTime:0.0001s ]
INFO: [ view_parse ] --START--
INFO: [ template_filter ] --START--
INFO: Run Behavior\ContentReplaceBehavior [ RunTime:0.000061s ]
INFO: [ template_filter ] --END-- [ RunTime:0.000084s ]
NOTIC: [8] Use of undefined constant Product - assumed 'Product' D:\phpStudy\WWW\TP\Application\Runtime\Cache\Admin\e81ab272a2db490ca13db5e7a9293ba0.php 第 50 行.
NOTIC: [8] Use of undefined constant index - assumed 'index' D:\phpStudy\WWW\TP\Application\Runtime\Cache\Admin\e81ab272a2db490ca13db5e7a9293ba0.php 第 50 行.
NOTIC: [2] Division by zero D:\phpStudy\WWW\TP\Application\Runtime\Cache\Admin\e81ab272a2db490ca13db5e7a9293ba0.php 第 50 行.
NOTIC: [8] Use of undefined constant Product - assumed 'Product' D:\phpStudy\WWW\TP\Application\Runtime\Cache\Admin\e81ab272a2db490ca13db5e7a9293ba0.php 第 50 行.
NOTIC: [8] Use of undefined constant index - assumed 'index' D:\phpStudy\WWW\TP\Application\Runtime\Cache\Admin\e81ab272a2db490ca13db5e7a9293ba0.php 第 50 行.
NOTIC: [2] Division by zero D:\phpStudy\WWW\TP\Application\Runtime\Cache\Admin\e81ab272a2db490ca13db5e7a9293ba0.php 第 50 行.
NOTIC: [8] Use of undefined constant Product - assumed 'Product' D:\phpStudy\WWW\TP\Application\Runtime\Cache\Admin\e81ab272a2db490ca13db5e7a9293ba0.php 第 58 行.
NOTIC: [8] Use of undefined constant index - assumed 'index' D:\phpStudy\WWW\TP\Application\Runtime\Cache\Admin\e81ab272a2db490ca13db5e7a9293ba0.php 第 58 行.
NOTIC: [2] Division by zero D:\phpStudy\WWW\TP\Application\Runtime\Cache\Admin\e81ab272a2db490ca13db5e7a9293ba0.php 第 58 行.
NOTIC: [8] Use of undefined constant Product - assumed 'Product' D:\phpStudy\WWW\TP\Application\Runtime\Cache\Admin\e81ab272a2db490ca13db5e7a9293ba0.php 第 58 行.
NOTIC: [8] Use of undefined constant index - assumed 'index' D:\phpStudy\WWW\TP\Application\Runtime\Cache\Admin\e81ab272a2db490ca13db5e7a9293ba0.php 第 58 行.
NOTIC: [2] Division by zero D:\phpStudy\WWW\TP\Application\Runtime\Cache\Admin\e81ab272a2db490ca13db5e7a9293ba0.php 第 58 行.
INFO: Run Behavior\ParseTemplateBehavior [ RunTime:0.029340s ]
INFO: [ view_parse ] --END-- [ RunTime:0.029363s ]
INFO: [ view_filter ] --START--
INFO: Run Behavior\WriteHtmlCacheBehavior [ RunTime:0.000221s ]
INFO: [ view_filter ] --END-- [ RunTime:0.000238s ]
INFO: [ app_end ] --START--
INFO: Run Behavior\ShowPageTraceBehavior [ RunTime:0.000278s ]
INFO: [ app_end ] --END-- [ RunTime:0.000294s ]

[ 2020-08-26T19:08:55+08:00 ] 127.0.0.1 /index.php/Admin/Product/index/p/2.html
INFO: [ app_init ] --START--
INFO: Run Behavior\BuildLiteBehavior [ RunTime:0.000006s ]
INFO: [ app_init ] --END-- [ RunTime:0.000205s ]
INFO: [ app_begin ] --START--
INFO: Run Behavior\ReadHtmlCacheBehavior [ RunTime:0.000256s ]
INFO: [ app_begin ] --END-- [ RunTime:0.000278s ]
NOTIC: [8] Undefined index: name D:\phpStudy\WWW\TP\Application\Admin\Controller\ProductController.class.php 第 17 行.
NOTIC: [8] Undefined index: orderby D:\phpStudy\WWW\TP\Application\Admin\Controller\ProductController.class.php 第 23 行.
SQL: SHOW COLUMNS FROM `product` [ RunTime:0.0013s ]
SQL: SHOW COLUMNS FROM `product_catgory` [ RunTime:0.0008s ]
SQL: SELECT COUNT(*) AS tp_count FROM product p WHERE (  1 ) LIMIT 1   [ RunTime:0.0002s ]
SQL: SELECT `id`,`sort`,`pid`,`name`,`price`,`img`,`desc`,`status`,`add_time`,`stock`,`last_time` FROM product p WHERE (  1 ) ORDER BY id desc LIMIT 8,8   [ RunTime:0.0005s ]
SQL: SELECT `name` FROM `product_catgory` WHERE ( id=2 ) LIMIT 1   [ RunTime:0.0002s ]
SQL: SELECT `name` FROM `product_catgory` WHERE ( id=2 ) LIMIT 1   [ RunTime:0.0002s ]
SQL: SELECT `name` FROM `product_catgory` WHERE ( id=2 ) LIMIT 1   [ RunTime:0.0002s ]
SQL: SELECT `name` FROM `product_catgory` WHERE ( id=2 ) LIMIT 1   [ RunTime:0.0002s ]
SQL: SELECT `name` FROM `product_catgory` WHERE ( id=2 ) LIMIT 1   [ RunTime:0.0002s ]
SQL: SELECT `name` FROM `product_catgory` WHERE ( id=9 ) LIMIT 1   [ RunTime:0.0002s ]
SQL: SELECT `name` FROM `product_catgory` WHERE ( id=6 ) LIMIT 1   [ RunTime:0.0002s ]
INFO: [ view_parse ] --START--
INFO: [ template_filter ] --START--
INFO: Run Behavior\ContentReplaceBehavior [ RunTime:0.000063s ]
INFO: [ template_filter ] --END-- [ RunTime:0.000093s ]
NOTIC: [8] Use of undefined constant Product - assumed 'Product' D:\phpStudy\WWW\TP\Application\Runtime\Cache\Admin\e81ab272a2db490ca13db5e7a9293ba0.php 第 50 行.
NOTIC: [8] Use of undefined constant index - assumed 'index' D:\phpStudy\WWW\TP\Application\Runtime\Cache\Admin\e81ab272a2db490ca13db5e7a9293ba0.php 第 50 行.
NOTIC: [2] Division by zero D:\phpStudy\WWW\TP\Application\Runtime\Cache\Admin\e81ab272a2db490ca13db5e7a9293ba0.php 第 50 行.
NOTIC: [8] Use of undefined constant Product - assumed 'Product' D:\phpStudy\WWW\TP\Application\Runtime\Cache\Admin\e81ab272a2db490ca13db5e7a9293ba0.php 第 50 行.
NOTIC: [8] Use of undefined constant index - assumed 'index' D:\phpStudy\WWW\TP\Application\Runtime\Cache\Admin\e81ab272a2db490ca13db5e7a9293ba0.php 第 50 行.
NOTIC: [2] Division by zero D:\phpStudy\WWW\TP\Application\Runtime\Cache\Admin\e81ab272a2db490ca13db5e7a9293ba0.php 第 50 行.
NOTIC: [8] Use of undefined constant Product - assumed 'Product' D:\phpStudy\WWW\TP\Application\Runtime\Cache\Admin\e81ab272a2db490ca13db5e7a9293ba0.php 第 58 行.
NOTIC: [8] Use of undefined constant index - assumed 'index' D:\phpStudy\WWW\TP\Application\Runtime\Cache\Admin\e81ab272a2db490ca13db5e7a9293ba0.php 第 58 行.
NOTIC: [2] Division by zero D:\phpStudy\WWW\TP\Application\Runtime\Cache\Admin\e81ab272a2db490ca13db5e7a9293ba0.php 第 58 行.
NOTIC: [8] Use of undefined constant Product - assumed 'Product' D:\phpStudy\WWW\TP\Application\Runtime\Cache\Admin\e81ab272a2db490ca13db5e7a9293ba0.php 第 58 行.
NOTIC: [8] Use of undefined constant index - assumed 'index' D:\phpStudy\WWW\TP\Application\Runtime\Cache\Admin\e81ab272a2db490ca13db5e7a9293ba0.php 第 58 行.
NOTIC: [2] Division by zero D:\phpStudy\WWW\TP\Application\Runtime\Cache\Admin\e81ab272a2db490ca13db5e7a9293ba0.php 第 58 行.
INFO: Run Behavior\ParseTemplateBehavior [ RunTime:0.006877s ]
INFO: [ view_parse ] --END-- [ RunTime:0.006899s ]
INFO: [ view_filter ] --START--
INFO: Run Behavior\WriteHtmlCacheBehavior [ RunTime:0.000171s ]
INFO: [ view_filter ] --END-- [ RunTime:0.000186s ]
INFO: [ app_end ] --START--
INFO: Run Behavior\ShowPageTraceBehavior [ RunTime:0.000270s ]
INFO: [ app_end ] --END-- [ RunTime:0.000287s ]

