[ 2020-07-17T17:27:54+08:00 ] 127.0.0.1 /admin
INFO: [ app_init ] --START--
INFO: Run Behavior\BuildLiteBehavior [ RunTime:0.000000s ]
INFO: [ app_init ] --END-- [ RunTime:0.000000s ]
INFO: [ app_begin ] --START--
INFO: Run Behavior\ReadHtmlCacheBehavior [ RunTime:0.001000s ]
INFO: [ app_begin ] --END-- [ RunTime:0.001000s ]
INFO: [ view_parse ] --START--
INFO: [ template_filter ] --START--
INFO: Run Behavior\ContentReplaceBehavior [ RunTime:0.000000s ]
INFO: [ template_filter ] --END-- [ RunTime:0.000000s ]
INFO: Run Behavior\ParseTemplateBehavior [ RunTime:0.014000s ]
INFO: [ view_parse ] --END-- [ RunTime:0.014000s ]
INFO: [ view_filter ] --START--
INFO: Run Behavior\WriteHtmlCacheBehavior [ RunTime:0.000000s ]
INFO: [ view_filter ] --END-- [ RunTime:0.000000s ]

[ 2020-07-17T17:27:56+08:00 ] 127.0.0.1 /index.php/Admin/Admin/login.html
INFO: [ app_init ] --START--
INFO: Run Behavior\BuildLiteBehavior [ RunTime:0.000000s ]
INFO: [ app_init ] --END-- [ RunTime:0.000000s ]
INFO: [ app_begin ] --START--
INFO: Run Behavior\ReadHtmlCacheBehavior [ RunTime:0.001000s ]
INFO: [ app_begin ] --END-- [ RunTime:0.001000s ]
INFO: [ view_parse ] --START--
INFO: [ template_filter ] --START--
INFO: Run Behavior\ContentReplaceBehavior [ RunTime:0.000000s ]
INFO: [ template_filter ] --END-- [ RunTime:0.000000s ]
INFO: Run Behavior\ParseTemplateBehavior [ RunTime:0.009000s ]
INFO: [ view_parse ] --END-- [ RunTime:0.009000s ]
INFO: [ view_filter ] --START--
INFO: Run Behavior\WriteHtmlCacheBehavior [ RunTime:0.000000s ]
INFO: [ view_filter ] --END-- [ RunTime:0.000000s ]
INFO: [ app_end ] --START--
INFO: Run Behavior\ShowPageTraceBehavior [ RunTime:0.001000s ]
INFO: [ app_end ] --END-- [ RunTime:0.001000s ]

[ 2020-07-17T17:28:00+08:00 ] 127.0.0.1 /index.php/Admin/Admin/login.html
INFO: [ app_init ] --START--
INFO: Run Behavior\BuildLiteBehavior [ RunTime:0.000000s ]
INFO: [ app_init ] --END-- [ RunTime:0.001000s ]
INFO: [ app_begin ] --START--
INFO: Run Behavior\ReadHtmlCacheBehavior [ RunTime:0.000000s ]
INFO: [ app_begin ] --END-- [ RunTime:0.000000s ]
SQL: SHOW COLUMNS FROM `user` [ RunTime:0.0060s ]
SQL: SELECT * FROM `user` WHERE `password` = 'admin'  [ RunTime:0.0010s ]
INFO: [ view_parse ] --START--
INFO: [ template_filter ] --START--
INFO: Run Behavior\ContentReplaceBehavior [ RunTime:0.000000s ]
INFO: [ template_filter ] --END-- [ RunTime:0.000000s ]
INFO: Run Behavior\ParseTemplateBehavior [ RunTime:0.004000s ]
INFO: [ view_parse ] --END-- [ RunTime:0.004000s ]
INFO: [ view_filter ] --START--
INFO: Run Behavior\WriteHtmlCacheBehavior [ RunTime:0.000000s ]
INFO: [ view_filter ] --END-- [ RunTime:0.000000s ]
INFO: [ app_end ] --START--
INFO: Run Behavior\ShowPageTraceBehavior [ RunTime:0.000000s ]
INFO: [ app_end ] --END-- [ RunTime:0.000000s ]

[ 2020-07-17T17:28:02+08:00 ] 127.0.0.1 /index.php/Admin/Index/index.html
INFO: [ app_init ] --START--
INFO: Run Behavior\BuildLiteBehavior [ RunTime:0.000000s ]
INFO: [ app_init ] --END-- [ RunTime:0.001000s ]
INFO: [ app_begin ] --START--
INFO: Run Behavior\ReadHtmlCacheBehavior [ RunTime:0.000000s ]
INFO: [ app_begin ] --END-- [ RunTime:0.000000s ]
INFO: [ view_parse ] --START--
INFO: [ template_filter ] --START--
INFO: Run Behavior\ContentReplaceBehavior [ RunTime:0.000000s ]
INFO: [ template_filter ] --END-- [ RunTime:0.000000s ]
INFO: Run Behavior\ParseTemplateBehavior [ RunTime:0.005000s ]
INFO: [ view_parse ] --END-- [ RunTime:0.005000s ]
INFO: [ view_filter ] --START--
INFO: Run Behavior\WriteHtmlCacheBehavior [ RunTime:0.000000s ]
INFO: [ view_filter ] --END-- [ RunTime:0.000000s ]
INFO: [ app_end ] --START--
INFO: Run Behavior\ShowPageTraceBehavior [ RunTime:0.000000s ]
INFO: [ app_end ] --END-- [ RunTime:0.000000s ]

[ 2020-07-17T17:28:02+08:00 ] 127.0.0.1 /index.php/Admin/Index/shouye.html
INFO: [ app_init ] --START--
INFO: Run Behavior\BuildLiteBehavior [ RunTime:0.000000s ]
INFO: [ app_init ] --END-- [ RunTime:0.000000s ]
INFO: [ app_begin ] --START--
INFO: Run Behavior\ReadHtmlCacheBehavior [ RunTime:0.000000s ]
INFO: [ app_begin ] --END-- [ RunTime:0.000000s ]
INFO: [ view_parse ] --START--
INFO: [ template_filter ] --START--
INFO: Run Behavior\ContentReplaceBehavior [ RunTime:0.000000s ]
INFO: [ template_filter ] --END-- [ RunTime:0.000000s ]
INFO: Run Behavior\ParseTemplateBehavior [ RunTime:0.004000s ]
INFO: [ view_parse ] --END-- [ RunTime:0.004000s ]
INFO: [ view_filter ] --START--
INFO: Run Behavior\WriteHtmlCacheBehavior [ RunTime:0.000000s ]
INFO: [ view_filter ] --END-- [ RunTime:0.000000s ]
INFO: [ app_end ] --START--
INFO: Run Behavior\ShowPageTraceBehavior [ RunTime:0.000000s ]
INFO: [ app_end ] --END-- [ RunTime:0.000000s ]

[ 2020-07-17T17:28:05+08:00 ] 127.0.0.1 /index.php/Admin/Product/index.html
INFO: [ app_init ] --START--
INFO: Run Behavior\BuildLiteBehavior [ RunTime:0.000000s ]
INFO: [ app_init ] --END-- [ RunTime:0.001000s ]
INFO: [ app_begin ] --START--
INFO: Run Behavior\ReadHtmlCacheBehavior [ RunTime:0.001000s ]
INFO: [ app_begin ] --END-- [ RunTime:0.001000s ]
NOTIC: [8] Undefined index: name D:\wwwroot\TP\Application\Admin\Controller\ProductController.class.php 第 17 行.
NOTIC: [8] Undefined index: orderby D:\wwwroot\TP\Application\Admin\Controller\ProductController.class.php 第 23 行.
SQL: SHOW COLUMNS FROM `product` [ RunTime:0.0050s ]
SQL: SHOW COLUMNS FROM `product_catgory` [ RunTime:0.0060s ]
SQL: SELECT COUNT(*) AS tp_count FROM product p WHERE (  1 ) LIMIT 1   [ RunTime:0.0000s ]
SQL: SELECT `id`,`sort`,`pid`,`name`,`price`,`img`,`desc`,`status`,`add_time`,`stock`,`last_time` FROM product p WHERE (  1 ) ORDER BY id desc LIMIT 0,8   [ RunTime:0.0020s ]
SQL: SELECT `name` FROM `product_catgory` WHERE ( id=4 ) LIMIT 1   [ RunTime:0.0010s ]
SQL: SELECT `name` FROM `product_catgory` WHERE ( id=9 ) LIMIT 1   [ RunTime:0.0000s ]
SQL: SELECT `name` FROM `product_catgory` WHERE ( id=1 ) LIMIT 1   [ RunTime:0.0000s ]
SQL: SELECT `name` FROM `product_catgory` WHERE ( id=0 ) LIMIT 1   [ RunTime:0.0000s ]
SQL: SELECT `name` FROM `product_catgory` WHERE ( id=2 ) LIMIT 1   [ RunTime:0.0000s ]
SQL: SELECT `name` FROM `product_catgory` WHERE ( id=2 ) LIMIT 1   [ RunTime:0.0000s ]
SQL: SELECT `name` FROM `product_catgory` WHERE ( id=2 ) LIMIT 1   [ RunTime:0.0000s ]
SQL: SELECT `name` FROM `product_catgory` WHERE ( id=2 ) LIMIT 1   [ RunTime:0.0000s ]
INFO: [ view_parse ] --START--
INFO: [ template_filter ] --START--
INFO: Run Behavior\ContentReplaceBehavior [ RunTime:0.000000s ]
INFO: [ template_filter ] --END-- [ RunTime:0.001000s ]
NOTIC: [8] Use of undefined constant Product - assumed 'Product' D:\wwwroot\TP\Application\Runtime\Cache\Admin\e81ab272a2db490ca13db5e7a9293ba0.php 第 50 行.
NOTIC: [8] Use of undefined constant index - assumed 'index' D:\wwwroot\TP\Application\Runtime\Cache\Admin\e81ab272a2db490ca13db5e7a9293ba0.php 第 50 行.
NOTIC: [2] Division by zero D:\wwwroot\TP\Application\Runtime\Cache\Admin\e81ab272a2db490ca13db5e7a9293ba0.php 第 50 行.
NOTIC: [8] Use of undefined constant Product - assumed 'Product' D:\wwwroot\TP\Application\Runtime\Cache\Admin\e81ab272a2db490ca13db5e7a9293ba0.php 第 50 行.
NOTIC: [8] Use of undefined constant index - assumed 'index' D:\wwwroot\TP\Application\Runtime\Cache\Admin\e81ab272a2db490ca13db5e7a9293ba0.php 第 50 行.
NOTIC: [2] Division by zero D:\wwwroot\TP\Application\Runtime\Cache\Admin\e81ab272a2db490ca13db5e7a9293ba0.php 第 50 行.
NOTIC: [8] Use of undefined constant Product - assumed 'Product' D:\wwwroot\TP\Application\Runtime\Cache\Admin\e81ab272a2db490ca13db5e7a9293ba0.php 第 58 行.
NOTIC: [8] Use of undefined constant index - assumed 'index' D:\wwwroot\TP\Application\Runtime\Cache\Admin\e81ab272a2db490ca13db5e7a9293ba0.php 第 58 行.
NOTIC: [2] Division by zero D:\wwwroot\TP\Application\Runtime\Cache\Admin\e81ab272a2db490ca13db5e7a9293ba0.php 第 58 行.
NOTIC: [8] Use of undefined constant Product - assumed 'Product' D:\wwwroot\TP\Application\Runtime\Cache\Admin\e81ab272a2db490ca13db5e7a9293ba0.php 第 58 行.
NOTIC: [8] Use of undefined constant index - assumed 'index' D:\wwwroot\TP\Application\Runtime\Cache\Admin\e81ab272a2db490ca13db5e7a9293ba0.php 第 58 行.
NOTIC: [2] Division by zero D:\wwwroot\TP\Application\Runtime\Cache\Admin\e81ab272a2db490ca13db5e7a9293ba0.php 第 58 行.
INFO: Run Behavior\ParseTemplateBehavior [ RunTime:0.012000s ]
INFO: [ view_parse ] --END-- [ RunTime:0.012000s ]
INFO: [ view_filter ] --START--
INFO: Run Behavior\WriteHtmlCacheBehavior [ RunTime:0.001000s ]
INFO: [ view_filter ] --END-- [ RunTime:0.001000s ]
INFO: [ app_end ] --START--
INFO: Run Behavior\ShowPageTraceBehavior [ RunTime:0.000000s ]
INFO: [ app_end ] --END-- [ RunTime:0.000000s ]

[ 2020-07-17T17:31:19+08:00 ] 127.0.0.1 /index.php/Admin/Product/index/p/2.html
INFO: [ app_init ] --START--
INFO: Run Behavior\BuildLiteBehavior [ RunTime:0.000000s ]
INFO: [ app_init ] --END-- [ RunTime:0.000000s ]
INFO: [ app_begin ] --START--
INFO: Run Behavior\ReadHtmlCacheBehavior [ RunTime:0.000000s ]
INFO: [ app_begin ] --END-- [ RunTime:0.000000s ]
NOTIC: [8] Undefined index: name D:\wwwroot\TP\Application\Admin\Controller\ProductController.class.php 第 17 行.
NOTIC: [8] Undefined index: orderby D:\wwwroot\TP\Application\Admin\Controller\ProductController.class.php 第 23 行.
SQL: SHOW COLUMNS FROM `product` [ RunTime:0.0020s ]
SQL: SHOW COLUMNS FROM `product_catgory` [ RunTime:0.0020s ]
SQL: SELECT COUNT(*) AS tp_count FROM product p WHERE (  1 ) LIMIT 1   [ RunTime:0.0010s ]
SQL: SELECT `id`,`sort`,`pid`,`name`,`price`,`img`,`desc`,`status`,`add_time`,`stock`,`last_time` FROM product p WHERE (  1 ) ORDER BY id desc LIMIT 8,8   [ RunTime:0.0000s ]
SQL: SELECT `name` FROM `product_catgory` WHERE ( id=2 ) LIMIT 1   [ RunTime:0.0000s ]
SQL: SELECT `name` FROM `product_catgory` WHERE ( id=2 ) LIMIT 1   [ RunTime:0.0000s ]
SQL: SELECT `name` FROM `product_catgory` WHERE ( id=2 ) LIMIT 1   [ RunTime:0.0010s ]
SQL: SELECT `name` FROM `product_catgory` WHERE ( id=2 ) LIMIT 1   [ RunTime:0.0000s ]
SQL: SELECT `name` FROM `product_catgory` WHERE ( id=2 ) LIMIT 1   [ RunTime:0.0000s ]
SQL: SELECT `name` FROM `product_catgory` WHERE ( id=9 ) LIMIT 1   [ RunTime:0.0000s ]
SQL: SELECT `name` FROM `product_catgory` WHERE ( id=6 ) LIMIT 1   [ RunTime:0.0000s ]
INFO: [ view_parse ] --START--
INFO: [ template_filter ] --START--
INFO: Run Behavior\ContentReplaceBehavior [ RunTime:0.000000s ]
INFO: [ template_filter ] --END-- [ RunTime:0.000000s ]
NOTIC: [8] Use of undefined constant Product - assumed 'Product' D:\wwwroot\TP\Application\Runtime\Cache\Admin\e81ab272a2db490ca13db5e7a9293ba0.php 第 50 行.
NOTIC: [8] Use of undefined constant index - assumed 'index' D:\wwwroot\TP\Application\Runtime\Cache\Admin\e81ab272a2db490ca13db5e7a9293ba0.php 第 50 行.
NOTIC: [2] Division by zero D:\wwwroot\TP\Application\Runtime\Cache\Admin\e81ab272a2db490ca13db5e7a9293ba0.php 第 50 行.
NOTIC: [8] Use of undefined constant Product - assumed 'Product' D:\wwwroot\TP\Application\Runtime\Cache\Admin\e81ab272a2db490ca13db5e7a9293ba0.php 第 50 行.
NOTIC: [8] Use of undefined constant index - assumed 'index' D:\wwwroot\TP\Application\Runtime\Cache\Admin\e81ab272a2db490ca13db5e7a9293ba0.php 第 50 行.
NOTIC: [2] Division by zero D:\wwwroot\TP\Application\Runtime\Cache\Admin\e81ab272a2db490ca13db5e7a9293ba0.php 第 50 行.
NOTIC: [8] Use of undefined constant Product - assumed 'Product' D:\wwwroot\TP\Application\Runtime\Cache\Admin\e81ab272a2db490ca13db5e7a9293ba0.php 第 58 行.
NOTIC: [8] Use of undefined constant index - assumed 'index' D:\wwwroot\TP\Application\Runtime\Cache\Admin\e81ab272a2db490ca13db5e7a9293ba0.php 第 58 行.
NOTIC: [2] Division by zero D:\wwwroot\TP\Application\Runtime\Cache\Admin\e81ab272a2db490ca13db5e7a9293ba0.php 第 58 行.
NOTIC: [8] Use of undefined constant Product - assumed 'Product' D:\wwwroot\TP\Application\Runtime\Cache\Admin\e81ab272a2db490ca13db5e7a9293ba0.php 第 58 行.
NOTIC: [8] Use of undefined constant index - assumed 'index' D:\wwwroot\TP\Application\Runtime\Cache\Admin\e81ab272a2db490ca13db5e7a9293ba0.php 第 58 行.
NOTIC: [2] Division by zero D:\wwwroot\TP\Application\Runtime\Cache\Admin\e81ab272a2db490ca13db5e7a9293ba0.php 第 58 行.
INFO: Run Behavior\ParseTemplateBehavior [ RunTime:0.010000s ]
INFO: [ view_parse ] --END-- [ RunTime:0.010000s ]
INFO: [ view_filter ] --START--
INFO: Run Behavior\WriteHtmlCacheBehavior [ RunTime:0.001000s ]
INFO: [ view_filter ] --END-- [ RunTime:0.001000s ]
INFO: [ app_end ] --START--
INFO: Run Behavior\ShowPageTraceBehavior [ RunTime:0.000000s ]
INFO: [ app_end ] --END-- [ RunTime:0.000000s ]

[ 2020-07-17T17:31:28+08:00 ] 127.0.0.1 /index.php/Admin/Product/index.html?name=%E5%8D%8E%E4%B8%BA
INFO: [ app_init ] --START--
INFO: Run Behavior\BuildLiteBehavior [ RunTime:0.000000s ]
INFO: [ app_init ] --END-- [ RunTime:0.000000s ]
INFO: [ app_begin ] --START--
INFO: Run Behavior\ReadHtmlCacheBehavior [ RunTime:0.000000s ]
INFO: [ app_begin ] --END-- [ RunTime:0.000000s ]
NOTIC: [8] Undefined index: orderby D:\wwwroot\TP\Application\Admin\Controller\ProductController.class.php 第 23 行.
SQL: SHOW COLUMNS FROM `product` [ RunTime:0.0050s ]
SQL: SHOW COLUMNS FROM `product_catgory` [ RunTime:0.0040s ]
SQL: SELECT COUNT(*) AS tp_count FROM product p WHERE (  1 ) AND `name` LIKE '%华为%' LIMIT 1   [ RunTime:0.0020s ]
SQL: SELECT `id`,`sort`,`pid`,`name`,`price`,`img`,`desc`,`status`,`add_time`,`stock`,`last_time` FROM product p WHERE (  1 ) AND `name` LIKE '%华为%' ORDER BY id desc LIMIT 0,8   [ RunTime:0.0010s ]
SQL: SELECT `name` FROM `product_catgory` WHERE ( id=2 ) LIMIT 1   [ RunTime:0.0000s ]
SQL: SELECT `name` FROM `product_catgory` WHERE ( id=2 ) LIMIT 1   [ RunTime:0.0000s ]
SQL: SELECT `name` FROM `product_catgory` WHERE ( id=2 ) LIMIT 1   [ RunTime:0.0000s ]
SQL: SELECT `name` FROM `product_catgory` WHERE ( id=2 ) LIMIT 1   [ RunTime:0.0000s ]
INFO: [ view_parse ] --START--
INFO: [ template_filter ] --START--
INFO: Run Behavior\ContentReplaceBehavior [ RunTime:0.000000s ]
INFO: [ template_filter ] --END-- [ RunTime:0.001000s ]
NOTIC: [8] Use of undefined constant Product - assumed 'Product' D:\wwwroot\TP\Application\Runtime\Cache\Admin\e81ab272a2db490ca13db5e7a9293ba0.php 第 50 行.
NOTIC: [8] Use of undefined constant index - assumed 'index' D:\wwwroot\TP\Application\Runtime\Cache\Admin\e81ab272a2db490ca13db5e7a9293ba0.php 第 50 行.
NOTIC: [2] Division by zero D:\wwwroot\TP\Application\Runtime\Cache\Admin\e81ab272a2db490ca13db5e7a9293ba0.php 第 50 行.
NOTIC: [8] Use of undefined constant Product - assumed 'Product' D:\wwwroot\TP\Application\Runtime\Cache\Admin\e81ab272a2db490ca13db5e7a9293ba0.php 第 50 行.
NOTIC: [8] Use of undefined constant index - assumed 'index' D:\wwwroot\TP\Application\Runtime\Cache\Admin\e81ab272a2db490ca13db5e7a9293ba0.php 第 50 行.
NOTIC: [2] Division by zero D:\wwwroot\TP\Application\Runtime\Cache\Admin\e81ab272a2db490ca13db5e7a9293ba0.php 第 50 行.
NOTIC: [8] Use of undefined constant Product - assumed 'Product' D:\wwwroot\TP\Application\Runtime\Cache\Admin\e81ab272a2db490ca13db5e7a9293ba0.php 第 58 行.
NOTIC: [8] Use of undefined constant index - assumed 'index' D:\wwwroot\TP\Application\Runtime\Cache\Admin\e81ab272a2db490ca13db5e7a9293ba0.php 第 58 行.
NOTIC: [2] Division by zero D:\wwwroot\TP\Application\Runtime\Cache\Admin\e81ab272a2db490ca13db5e7a9293ba0.php 第 58 行.
NOTIC: [8] Use of undefined constant Product - assumed 'Product' D:\wwwroot\TP\Application\Runtime\Cache\Admin\e81ab272a2db490ca13db5e7a9293ba0.php 第 58 行.
NOTIC: [8] Use of undefined constant index - assumed 'index' D:\wwwroot\TP\Application\Runtime\Cache\Admin\e81ab272a2db490ca13db5e7a9293ba0.php 第 58 行.
NOTIC: [2] Division by zero D:\wwwroot\TP\Application\Runtime\Cache\Admin\e81ab272a2db490ca13db5e7a9293ba0.php 第 58 行.
INFO: Run Behavior\ParseTemplateBehavior [ RunTime:0.008000s ]
INFO: [ view_parse ] --END-- [ RunTime:0.009000s ]
INFO: [ view_filter ] --START--
INFO: Run Behavior\WriteHtmlCacheBehavior [ RunTime:0.000000s ]
INFO: [ view_filter ] --END-- [ RunTime:0.000000s ]
INFO: [ app_end ] --START--
INFO: Run Behavior\ShowPageTraceBehavior [ RunTime:0.000000s ]
INFO: [ app_end ] --END-- [ RunTime:0.000000s ]

[ 2020-07-17T17:31:39+08:00 ] 127.0.0.1 /index.php/Admin/Product/index.html?name=%E5%8D%8E
INFO: [ app_init ] --START--
INFO: Run Behavior\BuildLiteBehavior [ RunTime:0.000000s ]
INFO: [ app_init ] --END-- [ RunTime:0.001000s ]
INFO: [ app_begin ] --START--
INFO: Run Behavior\ReadHtmlCacheBehavior [ RunTime:0.001000s ]
INFO: [ app_begin ] --END-- [ RunTime:0.001000s ]
NOTIC: [8] Undefined index: orderby D:\wwwroot\TP\Application\Admin\Controller\ProductController.class.php 第 23 行.
SQL: SHOW COLUMNS FROM `product` [ RunTime:0.0060s ]
SQL: SHOW COLUMNS FROM `product_catgory` [ RunTime:0.0050s ]
SQL: SELECT COUNT(*) AS tp_count FROM product p WHERE (  1 ) AND `name` LIKE '%华%' LIMIT 1   [ RunTime:0.0000s ]
SQL: SELECT `id`,`sort`,`pid`,`name`,`price`,`img`,`desc`,`status`,`add_time`,`stock`,`last_time` FROM product p WHERE (  1 ) AND `name` LIKE '%华%' ORDER BY id desc LIMIT 0,8   [ RunTime:0.0000s ]
SQL: SELECT `name` FROM `product_catgory` WHERE ( id=2 ) LIMIT 1   [ RunTime:0.0000s ]
SQL: SELECT `name` FROM `product_catgory` WHERE ( id=2 ) LIMIT 1   [ RunTime:0.0000s ]
SQL: SELECT `name` FROM `product_catgory` WHERE ( id=2 ) LIMIT 1   [ RunTime:0.0010s ]
SQL: SELECT `name` FROM `product_catgory` WHERE ( id=2 ) LIMIT 1   [ RunTime:0.0000s ]
INFO: [ view_parse ] --START--
INFO: [ template_filter ] --START--
INFO: Run Behavior\ContentReplaceBehavior [ RunTime:0.000000s ]
INFO: [ template_filter ] --END-- [ RunTime:0.000000s ]
NOTIC: [8] Use of undefined constant Product - assumed 'Product' D:\wwwroot\TP\Application\Runtime\Cache\Admin\e81ab272a2db490ca13db5e7a9293ba0.php 第 50 行.
NOTIC: [8] Use of undefined constant index - assumed 'index' D:\wwwroot\TP\Application\Runtime\Cache\Admin\e81ab272a2db490ca13db5e7a9293ba0.php 第 50 行.
NOTIC: [2] Division by zero D:\wwwroot\TP\Application\Runtime\Cache\Admin\e81ab272a2db490ca13db5e7a9293ba0.php 第 50 行.
NOTIC: [8] Use of undefined constant Product - assumed 'Product' D:\wwwroot\TP\Application\Runtime\Cache\Admin\e81ab272a2db490ca13db5e7a9293ba0.php 第 50 行.
NOTIC: [8] Use of undefined constant index - assumed 'index' D:\wwwroot\TP\Application\Runtime\Cache\Admin\e81ab272a2db490ca13db5e7a9293ba0.php 第 50 行.
NOTIC: [2] Division by zero D:\wwwroot\TP\Application\Runtime\Cache\Admin\e81ab272a2db490ca13db5e7a9293ba0.php 第 50 行.
NOTIC: [8] Use of undefined constant Product - assumed 'Product' D:\wwwroot\TP\Application\Runtime\Cache\Admin\e81ab272a2db490ca13db5e7a9293ba0.php 第 58 行.
NOTIC: [8] Use of undefined constant index - assumed 'index' D:\wwwroot\TP\Application\Runtime\Cache\Admin\e81ab272a2db490ca13db5e7a9293ba0.php 第 58 行.
NOTIC: [2] Division by zero D:\wwwroot\TP\Application\Runtime\Cache\Admin\e81ab272a2db490ca13db5e7a9293ba0.php 第 58 行.
NOTIC: [8] Use of undefined constant Product - assumed 'Product' D:\wwwroot\TP\Application\Runtime\Cache\Admin\e81ab272a2db490ca13db5e7a9293ba0.php 第 58 行.
NOTIC: [8] Use of undefined constant index - assumed 'index' D:\wwwroot\TP\Application\Runtime\Cache\Admin\e81ab272a2db490ca13db5e7a9293ba0.php 第 58 行.
NOTIC: [2] Division by zero D:\wwwroot\TP\Application\Runtime\Cache\Admin\e81ab272a2db490ca13db5e7a9293ba0.php 第 58 行.
INFO: Run Behavior\ParseTemplateBehavior [ RunTime:0.012000s ]
INFO: [ view_parse ] --END-- [ RunTime:0.012000s ]
INFO: [ view_filter ] --START--
INFO: Run Behavior\WriteHtmlCacheBehavior [ RunTime:0.000000s ]
INFO: [ view_filter ] --END-- [ RunTime:0.000000s ]
INFO: [ app_end ] --START--
INFO: Run Behavior\ShowPageTraceBehavior [ RunTime:0.000000s ]
INFO: [ app_end ] --END-- [ RunTime:0.000000s ]

[ 2020-07-17T17:31:40+08:00 ] 127.0.0.1 /index.php/Admin/Product/index.html?name=
INFO: [ app_init ] --START--
INFO: Run Behavior\BuildLiteBehavior [ RunTime:0.000000s ]
INFO: [ app_init ] --END-- [ RunTime:0.000000s ]
INFO: [ app_begin ] --START--
INFO: Run Behavior\ReadHtmlCacheBehavior [ RunTime:0.000000s ]
INFO: [ app_begin ] --END-- [ RunTime:0.000000s ]
NOTIC: [8] Undefined index: orderby D:\wwwroot\TP\Application\Admin\Controller\ProductController.class.php 第 23 行.
SQL: SHOW COLUMNS FROM `product` [ RunTime:0.0050s ]
SQL: SHOW COLUMNS FROM `product_catgory` [ RunTime:0.0050s ]
SQL: SELECT COUNT(*) AS tp_count FROM product p WHERE (  1 ) LIMIT 1   [ RunTime:0.0000s ]
SQL: SELECT `id`,`sort`,`pid`,`name`,`price`,`img`,`desc`,`status`,`add_time`,`stock`,`last_time` FROM product p WHERE (  1 ) ORDER BY id desc LIMIT 0,8   [ RunTime:0.0000s ]
SQL: SELECT `name` FROM `product_catgory` WHERE ( id=4 ) LIMIT 1   [ RunTime:0.0010s ]
SQL: SELECT `name` FROM `product_catgory` WHERE ( id=9 ) LIMIT 1   [ RunTime:0.0000s ]
SQL: SELECT `name` FROM `product_catgory` WHERE ( id=1 ) LIMIT 1   [ RunTime:0.0000s ]
SQL: SELECT `name` FROM `product_catgory` WHERE ( id=0 ) LIMIT 1   [ RunTime:0.0000s ]
SQL: SELECT `name` FROM `product_catgory` WHERE ( id=2 ) LIMIT 1   [ RunTime:0.0000s ]
SQL: SELECT `name` FROM `product_catgory` WHERE ( id=2 ) LIMIT 1   [ RunTime:0.0000s ]
SQL: SELECT `name` FROM `product_catgory` WHERE ( id=2 ) LIMIT 1   [ RunTime:0.0010s ]
SQL: SELECT `name` FROM `product_catgory` WHERE ( id=2 ) LIMIT 1   [ RunTime:0.0000s ]
INFO: [ view_parse ] --START--
INFO: [ template_filter ] --START--
INFO: Run Behavior\ContentReplaceBehavior [ RunTime:0.001000s ]
INFO: [ template_filter ] --END-- [ RunTime:0.001000s ]
NOTIC: [8] Use of undefined constant Product - assumed 'Product' D:\wwwroot\TP\Application\Runtime\Cache\Admin\e81ab272a2db490ca13db5e7a9293ba0.php 第 50 行.
NOTIC: [8] Use of undefined constant index - assumed 'index' D:\wwwroot\TP\Application\Runtime\Cache\Admin\e81ab272a2db490ca13db5e7a9293ba0.php 第 50 行.
NOTIC: [2] Division by zero D:\wwwroot\TP\Application\Runtime\Cache\Admin\e81ab272a2db490ca13db5e7a9293ba0.php 第 50 行.
NOTIC: [8] Use of undefined constant Product - assumed 'Product' D:\wwwroot\TP\Application\Runtime\Cache\Admin\e81ab272a2db490ca13db5e7a9293ba0.php 第 50 行.
NOTIC: [8] Use of undefined constant index - assumed 'index' D:\wwwroot\TP\Application\Runtime\Cache\Admin\e81ab272a2db490ca13db5e7a9293ba0.php 第 50 行.
NOTIC: [2] Division by zero D:\wwwroot\TP\Application\Runtime\Cache\Admin\e81ab272a2db490ca13db5e7a9293ba0.php 第 50 行.
NOTIC: [8] Use of undefined constant Product - assumed 'Product' D:\wwwroot\TP\Application\Runtime\Cache\Admin\e81ab272a2db490ca13db5e7a9293ba0.php 第 58 行.
NOTIC: [8] Use of undefined constant index - assumed 'index' D:\wwwroot\TP\Application\Runtime\Cache\Admin\e81ab272a2db490ca13db5e7a9293ba0.php 第 58 行.
NOTIC: [2] Division by zero D:\wwwroot\TP\Application\Runtime\Cache\Admin\e81ab272a2db490ca13db5e7a9293ba0.php 第 58 行.
NOTIC: [8] Use of undefined constant Product - assumed 'Product' D:\wwwroot\TP\Application\Runtime\Cache\Admin\e81ab272a2db490ca13db5e7a9293ba0.php 第 58 行.
NOTIC: [8] Use of undefined constant index - assumed 'index' D:\wwwroot\TP\Application\Runtime\Cache\Admin\e81ab272a2db490ca13db5e7a9293ba0.php 第 58 行.
NOTIC: [2] Division by zero D:\wwwroot\TP\Application\Runtime\Cache\Admin\e81ab272a2db490ca13db5e7a9293ba0.php 第 58 行.
INFO: Run Behavior\ParseTemplateBehavior [ RunTime:0.011000s ]
INFO: [ view_parse ] --END-- [ RunTime:0.011000s ]
INFO: [ view_filter ] --START--
INFO: Run Behavior\WriteHtmlCacheBehavior [ RunTime:0.001000s ]
INFO: [ view_filter ] --END-- [ RunTime:0.001000s ]
INFO: [ app_end ] --START--
INFO: Run Behavior\ShowPageTraceBehavior [ RunTime:0.000000s ]
INFO: [ app_end ] --END-- [ RunTime:0.000000s ]

[ 2020-07-17T17:31:42+08:00 ] 127.0.0.1 /index.php/Admin/Product/index.html?name=
INFO: [ app_init ] --START--
INFO: Run Behavior\BuildLiteBehavior [ RunTime:0.000000s ]
INFO: [ app_init ] --END-- [ RunTime:0.001000s ]
INFO: [ app_begin ] --START--
INFO: Run Behavior\ReadHtmlCacheBehavior [ RunTime:0.001000s ]
INFO: [ app_begin ] --END-- [ RunTime:0.001000s ]
NOTIC: [8] Undefined index: orderby D:\wwwroot\TP\Application\Admin\Controller\ProductController.class.php 第 23 行.
SQL: SHOW COLUMNS FROM `product` [ RunTime:0.0030s ]
SQL: SHOW COLUMNS FROM `product_catgory` [ RunTime:0.0030s ]
SQL: SELECT COUNT(*) AS tp_count FROM product p WHERE (  1 ) LIMIT 1   [ RunTime:0.0000s ]
SQL: SELECT `id`,`sort`,`pid`,`name`,`price`,`img`,`desc`,`status`,`add_time`,`stock`,`last_time` FROM product p WHERE (  1 ) ORDER BY id desc LIMIT 0,8   [ RunTime:0.0000s ]
SQL: SELECT `name` FROM `product_catgory` WHERE ( id=4 ) LIMIT 1   [ RunTime:0.0010s ]
SQL: SELECT `name` FROM `product_catgory` WHERE ( id=9 ) LIMIT 1   [ RunTime:0.0000s ]
SQL: SELECT `name` FROM `product_catgory` WHERE ( id=1 ) LIMIT 1   [ RunTime:0.0000s ]
SQL: SELECT `name` FROM `product_catgory` WHERE ( id=0 ) LIMIT 1   [ RunTime:0.0000s ]
SQL: SELECT `name` FROM `product_catgory` WHERE ( id=2 ) LIMIT 1   [ RunTime:0.0010s ]
SQL: SELECT `name` FROM `product_catgory` WHERE ( id=2 ) LIMIT 1   [ RunTime:0.0000s ]
SQL: SELECT `name` FROM `product_catgory` WHERE ( id=2 ) LIMIT 1   [ RunTime:0.0000s ]
SQL: SELECT `name` FROM `product_catgory` WHERE ( id=2 ) LIMIT 1   [ RunTime:0.0000s ]
INFO: [ view_parse ] --START--
INFO: [ template_filter ] --START--
INFO: Run Behavior\ContentReplaceBehavior [ RunTime:0.000000s ]
INFO: [ template_filter ] --END-- [ RunTime:0.000000s ]
NOTIC: [8] Use of undefined constant Product - assumed 'Product' D:\wwwroot\TP\Application\Runtime\Cache\Admin\e81ab272a2db490ca13db5e7a9293ba0.php 第 50 行.
NOTIC: [8] Use of undefined constant index - assumed 'index' D:\wwwroot\TP\Application\Runtime\Cache\Admin\e81ab272a2db490ca13db5e7a9293ba0.php 第 50 行.
NOTIC: [2] Division by zero D:\wwwroot\TP\Application\Runtime\Cache\Admin\e81ab272a2db490ca13db5e7a9293ba0.php 第 50 行.
NOTIC: [8] Use of undefined constant Product - assumed 'Product' D:\wwwroot\TP\Application\Runtime\Cache\Admin\e81ab272a2db490ca13db5e7a9293ba0.php 第 50 行.
NOTIC: [8] Use of undefined constant index - assumed 'index' D:\wwwroot\TP\Application\Runtime\Cache\Admin\e81ab272a2db490ca13db5e7a9293ba0.php 第 50 行.
NOTIC: [2] Division by zero D:\wwwroot\TP\Application\Runtime\Cache\Admin\e81ab272a2db490ca13db5e7a9293ba0.php 第 50 行.
NOTIC: [8] Use of undefined constant Product - assumed 'Product' D:\wwwroot\TP\Application\Runtime\Cache\Admin\e81ab272a2db490ca13db5e7a9293ba0.php 第 58 行.
NOTIC: [8] Use of undefined constant index - assumed 'index' D:\wwwroot\TP\Application\Runtime\Cache\Admin\e81ab272a2db490ca13db5e7a9293ba0.php 第 58 行.
NOTIC: [2] Division by zero D:\wwwroot\TP\Application\Runtime\Cache\Admin\e81ab272a2db490ca13db5e7a9293ba0.php 第 58 行.
NOTIC: [8] Use of undefined constant Product - assumed 'Product' D:\wwwroot\TP\Application\Runtime\Cache\Admin\e81ab272a2db490ca13db5e7a9293ba0.php 第 58 行.
NOTIC: [8] Use of undefined constant index - assumed 'index' D:\wwwroot\TP\Application\Runtime\Cache\Admin\e81ab272a2db490ca13db5e7a9293ba0.php 第 58 行.
NOTIC: [2] Division by zero D:\wwwroot\TP\Application\Runtime\Cache\Admin\e81ab272a2db490ca13db5e7a9293ba0.php 第 58 行.
INFO: Run Behavior\ParseTemplateBehavior [ RunTime:0.007000s ]
INFO: [ view_parse ] --END-- [ RunTime:0.008000s ]
INFO: [ view_filter ] --START--
INFO: Run Behavior\WriteHtmlCacheBehavior [ RunTime:0.000000s ]
INFO: [ view_filter ] --END-- [ RunTime:0.000000s ]
INFO: [ app_end ] --START--
INFO: Run Behavior\ShowPageTraceBehavior [ RunTime:0.000000s ]
INFO: [ app_end ] --END-- [ RunTime:0.000000s ]

[ 2020-07-17T17:31:42+08:00 ] 127.0.0.1 /index.php/Admin/Product/index.html?name=
INFO: [ app_init ] --START--
INFO: Run Behavior\BuildLiteBehavior [ RunTime:0.000000s ]
INFO: [ app_init ] --END-- [ RunTime:0.001000s ]
INFO: [ app_begin ] --START--
INFO: Run Behavior\ReadHtmlCacheBehavior [ RunTime:0.000000s ]
INFO: [ app_begin ] --END-- [ RunTime:0.000000s ]
NOTIC: [8] Undefined index: orderby D:\wwwroot\TP\Application\Admin\Controller\ProductController.class.php 第 23 行.
SQL: SHOW COLUMNS FROM `product` [ RunTime:0.0050s ]
SQL: SHOW COLUMNS FROM `product_catgory` [ RunTime:0.0020s ]
SQL: SELECT COUNT(*) AS tp_count FROM product p WHERE (  1 ) LIMIT 1   [ RunTime:0.0000s ]
SQL: SELECT `id`,`sort`,`pid`,`name`,`price`,`img`,`desc`,`status`,`add_time`,`stock`,`last_time` FROM product p WHERE (  1 ) ORDER BY id desc LIMIT 0,8   [ RunTime:0.0000s ]
SQL: SELECT `name` FROM `product_catgory` WHERE ( id=4 ) LIMIT 1   [ RunTime:0.0000s ]
SQL: SELECT `name` FROM `product_catgory` WHERE ( id=9 ) LIMIT 1   [ RunTime:0.0010s ]
SQL: SELECT `name` FROM `product_catgory` WHERE ( id=1 ) LIMIT 1   [ RunTime:0.0000s ]
SQL: SELECT `name` FROM `product_catgory` WHERE ( id=0 ) LIMIT 1   [ RunTime:0.0000s ]
SQL: SELECT `name` FROM `product_catgory` WHERE ( id=2 ) LIMIT 1   [ RunTime:0.0000s ]
SQL: SELECT `name` FROM `product_catgory` WHERE ( id=2 ) LIMIT 1   [ RunTime:0.0000s ]
SQL: SELECT `name` FROM `product_catgory` WHERE ( id=2 ) LIMIT 1   [ RunTime:0.0000s ]
SQL: SELECT `name` FROM `product_catgory` WHERE ( id=2 ) LIMIT 1   [ RunTime:0.0010s ]
INFO: [ view_parse ] --START--
INFO: [ template_filter ] --START--
INFO: Run Behavior\ContentReplaceBehavior [ RunTime:0.000000s ]
INFO: [ template_filter ] --END-- [ RunTime:0.000000s ]
NOTIC: [8] Use of undefined constant Product - assumed 'Product' D:\wwwroot\TP\Application\Runtime\Cache\Admin\e81ab272a2db490ca13db5e7a9293ba0.php 第 50 行.
NOTIC: [8] Use of undefined constant index - assumed 'index' D:\wwwroot\TP\Application\Runtime\Cache\Admin\e81ab272a2db490ca13db5e7a9293ba0.php 第 50 行.
NOTIC: [2] Division by zero D:\wwwroot\TP\Application\Runtime\Cache\Admin\e81ab272a2db490ca13db5e7a9293ba0.php 第 50 行.
NOTIC: [8] Use of undefined constant Product - assumed 'Product' D:\wwwroot\TP\Application\Runtime\Cache\Admin\e81ab272a2db490ca13db5e7a9293ba0.php 第 50 行.
NOTIC: [8] Use of undefined constant index - assumed 'index' D:\wwwroot\TP\Application\Runtime\Cache\Admin\e81ab272a2db490ca13db5e7a9293ba0.php 第 50 行.
NOTIC: [2] Division by zero D:\wwwroot\TP\Application\Runtime\Cache\Admin\e81ab272a2db490ca13db5e7a9293ba0.php 第 50 行.
NOTIC: [8] Use of undefined constant Product - assumed 'Product' D:\wwwroot\TP\Application\Runtime\Cache\Admin\e81ab272a2db490ca13db5e7a9293ba0.php 第 58 行.
NOTIC: [8] Use of undefined constant index - assumed 'index' D:\wwwroot\TP\Application\Runtime\Cache\Admin\e81ab272a2db490ca13db5e7a9293ba0.php 第 58 行.
NOTIC: [2] Division by zero D:\wwwroot\TP\Application\Runtime\Cache\Admin\e81ab272a2db490ca13db5e7a9293ba0.php 第 58 行.
NOTIC: [8] Use of undefined constant Product - assumed 'Product' D:\wwwroot\TP\Application\Runtime\Cache\Admin\e81ab272a2db490ca13db5e7a9293ba0.php 第 58 行.
NOTIC: [8] Use of undefined constant index - assumed 'index' D:\wwwroot\TP\Application\Runtime\Cache\Admin\e81ab272a2db490ca13db5e7a9293ba0.php 第 58 行.
NOTIC: [2] Division by zero D:\wwwroot\TP\Application\Runtime\Cache\Admin\e81ab272a2db490ca13db5e7a9293ba0.php 第 58 行.
INFO: Run Behavior\ParseTemplateBehavior [ RunTime:0.005000s ]
INFO: [ view_parse ] --END-- [ RunTime:0.005000s ]
INFO: [ view_filter ] --START--
INFO: Run Behavior\WriteHtmlCacheBehavior [ RunTime:0.000000s ]
INFO: [ view_filter ] --END-- [ RunTime:0.000000s ]
INFO: [ app_end ] --START--
INFO: Run Behavior\ShowPageTraceBehavior [ RunTime:0.001000s ]
INFO: [ app_end ] --END-- [ RunTime:0.001000s ]

[ 2020-07-17T17:31:48+08:00 ] 127.0.0.1 /index.php/Admin/Product/index.html?name=%E5%B0%8F
INFO: [ app_init ] --START--
INFO: Run Behavior\BuildLiteBehavior [ RunTime:0.000000s ]
INFO: [ app_init ] --END-- [ RunTime:0.001000s ]
INFO: [ app_begin ] --START--
INFO: Run Behavior\ReadHtmlCacheBehavior [ RunTime:0.000000s ]
INFO: [ app_begin ] --END-- [ RunTime:0.000000s ]
NOTIC: [8] Undefined index: orderby D:\wwwroot\TP\Application\Admin\Controller\ProductController.class.php 第 23 行.
SQL: SHOW COLUMNS FROM `product` [ RunTime:0.0020s ]
SQL: SHOW COLUMNS FROM `product_catgory` [ RunTime:0.0020s ]
SQL: SELECT COUNT(*) AS tp_count FROM product p WHERE (  1 ) AND `name` LIKE '%小%' LIMIT 1   [ RunTime:0.0000s ]
SQL: SELECT `id`,`sort`,`pid`,`name`,`price`,`img`,`desc`,`status`,`add_time`,`stock`,`last_time` FROM product p WHERE (  1 ) AND `name` LIKE '%小%' ORDER BY id desc LIMIT 0,8   [ RunTime:0.0000s ]
SQL: SELECT `name` FROM `product_catgory` WHERE ( id=2 ) LIMIT 1   [ RunTime:0.0000s ]
SQL: SELECT `name` FROM `product_catgory` WHERE ( id=2 ) LIMIT 1   [ RunTime:0.0000s ]
SQL: SELECT `name` FROM `product_catgory` WHERE ( id=6 ) LIMIT 1   [ RunTime:0.0000s ]
INFO: [ view_parse ] --START--
INFO: [ template_filter ] --START--
INFO: Run Behavior\ContentReplaceBehavior [ RunTime:0.000000s ]
INFO: [ template_filter ] --END-- [ RunTime:0.000000s ]
NOTIC: [8] Use of undefined constant Product - assumed 'Product' D:\wwwroot\TP\Application\Runtime\Cache\Admin\e81ab272a2db490ca13db5e7a9293ba0.php 第 50 行.
NOTIC: [8] Use of undefined constant index - assumed 'index' D:\wwwroot\TP\Application\Runtime\Cache\Admin\e81ab272a2db490ca13db5e7a9293ba0.php 第 50 行.
NOTIC: [2] Division by zero D:\wwwroot\TP\Application\Runtime\Cache\Admin\e81ab272a2db490ca13db5e7a9293ba0.php 第 50 行.
NOTIC: [8] Use of undefined constant Product - assumed 'Product' D:\wwwroot\TP\Application\Runtime\Cache\Admin\e81ab272a2db490ca13db5e7a9293ba0.php 第 50 行.
NOTIC: [8] Use of undefined constant index - assumed 'index' D:\wwwroot\TP\Application\Runtime\Cache\Admin\e81ab272a2db490ca13db5e7a9293ba0.php 第 50 行.
NOTIC: [2] Division by zero D:\wwwroot\TP\Application\Runtime\Cache\Admin\e81ab272a2db490ca13db5e7a9293ba0.php 第 50 行.
NOTIC: [8] Use of undefined constant Product - assumed 'Product' D:\wwwroot\TP\Application\Runtime\Cache\Admin\e81ab272a2db490ca13db5e7a9293ba0.php 第 58 行.
NOTIC: [8] Use of undefined constant index - assumed 'index' D:\wwwroot\TP\Application\Runtime\Cache\Admin\e81ab272a2db490ca13db5e7a9293ba0.php 第 58 行.
NOTIC: [2] Division by zero D:\wwwroot\TP\Application\Runtime\Cache\Admin\e81ab272a2db490ca13db5e7a9293ba0.php 第 58 行.
NOTIC: [8] Use of undefined constant Product - assumed 'Product' D:\wwwroot\TP\Application\Runtime\Cache\Admin\e81ab272a2db490ca13db5e7a9293ba0.php 第 58 行.
NOTIC: [8] Use of undefined constant index - assumed 'index' D:\wwwroot\TP\Application\Runtime\Cache\Admin\e81ab272a2db490ca13db5e7a9293ba0.php 第 58 行.
NOTIC: [2] Division by zero D:\wwwroot\TP\Application\Runtime\Cache\Admin\e81ab272a2db490ca13db5e7a9293ba0.php 第 58 行.
INFO: Run Behavior\ParseTemplateBehavior [ RunTime:0.005000s ]
INFO: [ view_parse ] --END-- [ RunTime:0.005000s ]
INFO: [ view_filter ] --START--
INFO: Run Behavior\WriteHtmlCacheBehavior [ RunTime:0.000000s ]
INFO: [ view_filter ] --END-- [ RunTime:0.000000s ]
INFO: [ app_end ] --START--
INFO: Run Behavior\ShowPageTraceBehavior [ RunTime:0.001000s ]
INFO: [ app_end ] --END-- [ RunTime:0.001000s ]

