[ 2020-05-08T15:29:37+08:00 ] 127.0.0.1 /TP/admin
INFO: [ app_init ] --START--
INFO: Run Behavior\BuildLiteBehavior [ RunTime:0.000000s ]
INFO: [ app_init ] --END-- [ RunTime:0.000000s ]
INFO: [ app_begin ] --START--
INFO: Run Behavior\ReadHtmlCacheBehavior [ RunTime:0.000000s ]
INFO: [ app_begin ] --END-- [ RunTime:0.001000s ]
INFO: [ view_parse ] --START--
INFO: [ template_filter ] --START--
INFO: Run Behavior\ContentReplaceBehavior [ RunTime:0.000000s ]
INFO: [ template_filter ] --END-- [ RunTime:0.000000s ]
INFO: Run Behavior\ParseTemplateBehavior [ RunTime:0.017001s ]
INFO: [ view_parse ] --END-- [ RunTime:0.017001s ]
INFO: [ view_filter ] --START--
INFO: Run Behavior\WriteHtmlCacheBehavior [ RunTime:0.000000s ]
INFO: [ view_filter ] --END-- [ RunTime:0.000000s ]

[ 2020-05-08T15:29:39+08:00 ] 127.0.0.1 /TP/index.php/Admin/Admin/login.html
INFO: [ app_init ] --START--
INFO: Run Behavior\BuildLiteBehavior [ RunTime:0.000000s ]
INFO: [ app_init ] --END-- [ RunTime:0.000000s ]
INFO: [ app_begin ] --START--
INFO: Run Behavior\ReadHtmlCacheBehavior [ RunTime:0.000000s ]
INFO: [ app_begin ] --END-- [ RunTime:0.000000s ]
INFO: [ view_parse ] --START--
INFO: [ template_filter ] --START--
INFO: Run Behavior\ContentReplaceBehavior [ RunTime:0.000000s ]
INFO: [ template_filter ] --END-- [ RunTime:0.000000s ]
INFO: Run Behavior\ParseTemplateBehavior [ RunTime:0.024002s ]
INFO: [ view_parse ] --END-- [ RunTime:0.024002s ]
INFO: [ view_filter ] --START--
INFO: Run Behavior\WriteHtmlCacheBehavior [ RunTime:0.000000s ]
INFO: [ view_filter ] --END-- [ RunTime:0.000000s ]
INFO: [ app_end ] --START--
INFO: Run Behavior\ShowPageTraceBehavior [ RunTime:0.000000s ]
INFO: [ app_end ] --END-- [ RunTime:0.000000s ]

[ 2020-05-08T15:29:42+08:00 ] 127.0.0.1 /TP/index.php/Admin/Admin/login.html
INFO: [ app_init ] --START--
INFO: Run Behavior\BuildLiteBehavior [ RunTime:0.000000s ]
INFO: [ app_init ] --END-- [ RunTime:0.000000s ]
INFO: [ app_begin ] --START--
INFO: Run Behavior\ReadHtmlCacheBehavior [ RunTime:0.000000s ]
INFO: [ app_begin ] --END-- [ RunTime:0.000000s ]
SQL: SHOW COLUMNS FROM `user` [ RunTime:0.0030s ]
SQL: SELECT * FROM `user` WHERE `password` = 'admin'  [ RunTime:0.0000s ]
INFO: [ view_parse ] --START--
INFO: [ template_filter ] --START--
INFO: Run Behavior\ContentReplaceBehavior [ RunTime:0.000000s ]
INFO: [ template_filter ] --END-- [ RunTime:0.000000s ]
INFO: Run Behavior\ParseTemplateBehavior [ RunTime:0.003000s ]
INFO: [ view_parse ] --END-- [ RunTime:0.003000s ]
INFO: [ view_filter ] --START--
INFO: Run Behavior\WriteHtmlCacheBehavior [ RunTime:0.000000s ]
INFO: [ view_filter ] --END-- [ RunTime:0.000000s ]
INFO: [ app_end ] --START--
INFO: Run Behavior\ShowPageTraceBehavior [ RunTime:0.001000s ]
INFO: [ app_end ] --END-- [ RunTime:0.001000s ]

[ 2020-05-08T15:29:44+08:00 ] 127.0.0.1 /TP/index.php/Admin/Index/index.html
INFO: [ app_init ] --START--
INFO: Run Behavior\BuildLiteBehavior [ RunTime:0.000000s ]
INFO: [ app_init ] --END-- [ RunTime:0.000000s ]
INFO: [ app_begin ] --START--
INFO: Run Behavior\ReadHtmlCacheBehavior [ RunTime:0.001000s ]
INFO: [ app_begin ] --END-- [ RunTime:0.001000s ]
INFO: [ view_parse ] --START--
INFO: [ template_filter ] --START--
INFO: Run Behavior\ContentReplaceBehavior [ RunTime:0.000000s ]
INFO: [ template_filter ] --END-- [ RunTime:0.001000s ]
INFO: Run Behavior\ParseTemplateBehavior [ RunTime:0.008000s ]
INFO: [ view_parse ] --END-- [ RunTime:0.008000s ]
INFO: [ view_filter ] --START--
INFO: Run Behavior\WriteHtmlCacheBehavior [ RunTime:0.000000s ]
INFO: [ view_filter ] --END-- [ RunTime:0.001000s ]
INFO: [ app_end ] --START--
INFO: Run Behavior\ShowPageTraceBehavior [ RunTime:0.000000s ]
INFO: [ app_end ] --END-- [ RunTime:0.000000s ]

[ 2020-05-08T15:29:44+08:00 ] 127.0.0.1 /TP/index.php/Admin/Index/shouye.html
INFO: [ app_init ] --START--
INFO: Run Behavior\BuildLiteBehavior [ RunTime:0.000000s ]
INFO: [ app_init ] --END-- [ RunTime:0.001000s ]
INFO: [ app_begin ] --START--
INFO: Run Behavior\ReadHtmlCacheBehavior [ RunTime:0.000000s ]
INFO: [ app_begin ] --END-- [ RunTime:0.000000s ]
INFO: [ view_parse ] --START--
INFO: [ template_filter ] --START--
INFO: Run Behavior\ContentReplaceBehavior [ RunTime:0.001000s ]
INFO: [ template_filter ] --END-- [ RunTime:0.001000s ]
INFO: Run Behavior\ParseTemplateBehavior [ RunTime:0.015001s ]
INFO: [ view_parse ] --END-- [ RunTime:0.015001s ]
INFO: [ view_filter ] --START--
INFO: Run Behavior\WriteHtmlCacheBehavior [ RunTime:0.001000s ]
INFO: [ view_filter ] --END-- [ RunTime:0.001000s ]
INFO: [ app_end ] --START--
INFO: Run Behavior\ShowPageTraceBehavior [ RunTime:0.000000s ]
INFO: [ app_end ] --END-- [ RunTime:0.000000s ]

[ 2020-05-08T15:29:49+08:00 ] 127.0.0.1 /TP/index.php/Admin/Product/index.html
INFO: [ app_init ] --START--
INFO: Run Behavior\BuildLiteBehavior [ RunTime:0.000000s ]
INFO: [ app_init ] --END-- [ RunTime:0.000000s ]
INFO: [ app_begin ] --START--
INFO: Run Behavior\ReadHtmlCacheBehavior [ RunTime:0.000000s ]
INFO: [ app_begin ] --END-- [ RunTime:0.000000s ]
NOTIC: [8] Undefined index: name F:\wwwroot\TP\Application\Admin\Controller\ProductController.class.php 第 17 行.
NOTIC: [8] Undefined index: orderby F:\wwwroot\TP\Application\Admin\Controller\ProductController.class.php 第 23 行.
SQL: SHOW COLUMNS FROM `product` [ RunTime:0.0040s ]
SQL: SHOW COLUMNS FROM `product_catgory` [ RunTime:0.0040s ]
SQL: SELECT COUNT(*) AS tp_count FROM product p WHERE (  1 ) LIMIT 1   [ RunTime:0.0000s ]
SQL: SELECT `id`,`sort`,`pid`,`name`,`price`,`img`,`desc`,`status`,`add_time`,`stock`,`last_time` FROM product p WHERE (  1 ) ORDER BY id desc LIMIT 0,8   [ RunTime:0.0010s ]
SQL: SELECT `name` FROM `product_catgory` WHERE ( id=2 ) LIMIT 1   [ RunTime:0.0000s ]
SQL: SELECT `name` FROM `product_catgory` WHERE ( id=2 ) LIMIT 1   [ RunTime:0.0000s ]
SQL: SELECT `name` FROM `product_catgory` WHERE ( id=2 ) LIMIT 1   [ RunTime:0.0010s ]
SQL: SELECT `name` FROM `product_catgory` WHERE ( id=2 ) LIMIT 1   [ RunTime:0.0000s ]
SQL: SELECT `name` FROM `product_catgory` WHERE ( id=2 ) LIMIT 1   [ RunTime:0.0000s ]
SQL: SELECT `name` FROM `product_catgory` WHERE ( id=2 ) LIMIT 1   [ RunTime:0.0000s ]
SQL: SELECT `name` FROM `product_catgory` WHERE ( id=2 ) LIMIT 1   [ RunTime:0.0000s ]
SQL: SELECT `name` FROM `product_catgory` WHERE ( id=2 ) LIMIT 1   [ RunTime:0.0010s ]
INFO: [ view_parse ] --START--
INFO: [ template_filter ] --START--
INFO: Run Behavior\ContentReplaceBehavior [ RunTime:0.000000s ]
INFO: [ template_filter ] --END-- [ RunTime:0.000000s ]
NOTIC: [8] Use of undefined constant Product - assumed 'Product' F:\wwwroot\TP\Application\Runtime\Cache\Admin\e81ab272a2db490ca13db5e7a9293ba0.php 第 50 行.
NOTIC: [8] Use of undefined constant index - assumed 'index' F:\wwwroot\TP\Application\Runtime\Cache\Admin\e81ab272a2db490ca13db5e7a9293ba0.php 第 50 行.
NOTIC: [2] Division by zero F:\wwwroot\TP\Application\Runtime\Cache\Admin\e81ab272a2db490ca13db5e7a9293ba0.php 第 50 行.
NOTIC: [8] Use of undefined constant Product - assumed 'Product' F:\wwwroot\TP\Application\Runtime\Cache\Admin\e81ab272a2db490ca13db5e7a9293ba0.php 第 50 行.
NOTIC: [8] Use of undefined constant index - assumed 'index' F:\wwwroot\TP\Application\Runtime\Cache\Admin\e81ab272a2db490ca13db5e7a9293ba0.php 第 50 行.
NOTIC: [2] Division by zero F:\wwwroot\TP\Application\Runtime\Cache\Admin\e81ab272a2db490ca13db5e7a9293ba0.php 第 50 行.
NOTIC: [8] Use of undefined constant Product - assumed 'Product' F:\wwwroot\TP\Application\Runtime\Cache\Admin\e81ab272a2db490ca13db5e7a9293ba0.php 第 58 行.
NOTIC: [8] Use of undefined constant index - assumed 'index' F:\wwwroot\TP\Application\Runtime\Cache\Admin\e81ab272a2db490ca13db5e7a9293ba0.php 第 58 行.
NOTIC: [2] Division by zero F:\wwwroot\TP\Application\Runtime\Cache\Admin\e81ab272a2db490ca13db5e7a9293ba0.php 第 58 行.
NOTIC: [8] Use of undefined constant Product - assumed 'Product' F:\wwwroot\TP\Application\Runtime\Cache\Admin\e81ab272a2db490ca13db5e7a9293ba0.php 第 58 行.
NOTIC: [8] Use of undefined constant index - assumed 'index' F:\wwwroot\TP\Application\Runtime\Cache\Admin\e81ab272a2db490ca13db5e7a9293ba0.php 第 58 行.
NOTIC: [2] Division by zero F:\wwwroot\TP\Application\Runtime\Cache\Admin\e81ab272a2db490ca13db5e7a9293ba0.php 第 58 行.
INFO: Run Behavior\ParseTemplateBehavior [ RunTime:0.026001s ]
INFO: [ view_parse ] --END-- [ RunTime:0.026001s ]
INFO: [ view_filter ] --START--
INFO: Run Behavior\WriteHtmlCacheBehavior [ RunTime:0.001000s ]
INFO: [ view_filter ] --END-- [ RunTime:0.001000s ]
INFO: [ app_end ] --START--
INFO: Run Behavior\ShowPageTraceBehavior [ RunTime:0.000000s ]
INFO: [ app_end ] --END-- [ RunTime:0.000000s ]

[ 2020-05-08T15:29:50+08:00 ] 127.0.0.1 /TP/index.php/Admin/Product/add.html
INFO: [ app_init ] --START--
INFO: Run Behavior\BuildLiteBehavior [ RunTime:0.000000s ]
INFO: [ app_init ] --END-- [ RunTime:0.000000s ]
INFO: [ app_begin ] --START--
INFO: Run Behavior\ReadHtmlCacheBehavior [ RunTime:0.000000s ]
INFO: [ app_begin ] --END-- [ RunTime:0.000000s ]
SQL: SHOW COLUMNS FROM `product_catgory` [ RunTime:0.0030s ]
SQL: SELECT * FROM `product_catgory`  [ RunTime:0.0000s ]
INFO: [ view_parse ] --START--
INFO: [ template_filter ] --START--
INFO: Run Behavior\ContentReplaceBehavior [ RunTime:0.000000s ]
INFO: [ template_filter ] --END-- [ RunTime:0.000000s ]
NOTIC: [8] Undefined variable: check F:\wwwroot\TP\Application\Runtime\Cache\Admin\460d05e0be725d2ad88d6b5cdfc12e20.php 第 51 行.
NOTIC: [8] Undefined variable: check F:\wwwroot\TP\Application\Runtime\Cache\Admin\460d05e0be725d2ad88d6b5cdfc12e20.php 第 51 行.
NOTIC: [8] Undefined variable: check F:\wwwroot\TP\Application\Runtime\Cache\Admin\460d05e0be725d2ad88d6b5cdfc12e20.php 第 51 行.
NOTIC: [8] Undefined variable: check F:\wwwroot\TP\Application\Runtime\Cache\Admin\460d05e0be725d2ad88d6b5cdfc12e20.php 第 51 行.
NOTIC: [8] Undefined variable: check F:\wwwroot\TP\Application\Runtime\Cache\Admin\460d05e0be725d2ad88d6b5cdfc12e20.php 第 51 行.
NOTIC: [8] Undefined variable: check F:\wwwroot\TP\Application\Runtime\Cache\Admin\460d05e0be725d2ad88d6b5cdfc12e20.php 第 51 行.
NOTIC: [8] Undefined variable: check F:\wwwroot\TP\Application\Runtime\Cache\Admin\460d05e0be725d2ad88d6b5cdfc12e20.php 第 51 行.
INFO: Run Behavior\ParseTemplateBehavior [ RunTime:0.008001s ]
INFO: [ view_parse ] --END-- [ RunTime:0.008001s ]
INFO: [ view_filter ] --START--
INFO: Run Behavior\WriteHtmlCacheBehavior [ RunTime:0.000000s ]
INFO: [ view_filter ] --END-- [ RunTime:0.000000s ]
INFO: [ app_end ] --START--
INFO: Run Behavior\ShowPageTraceBehavior [ RunTime:0.001000s ]
INFO: [ app_end ] --END-- [ RunTime:0.001000s ]

[ 2020-05-08T15:30:51+08:00 ] 127.0.0.1 /TP/index.php/Admin/Product/add
INFO: [ app_init ] --START--
INFO: Run Behavior\BuildLiteBehavior [ RunTime:0.000000s ]
INFO: [ app_init ] --END-- [ RunTime:0.000000s ]
INFO: [ app_begin ] --START--
INFO: Run Behavior\ReadHtmlCacheBehavior [ RunTime:0.000000s ]
INFO: [ app_begin ] --END-- [ RunTime:0.000000s ]
SQL: SHOW COLUMNS FROM `product_catgory` [ RunTime:0.0020s ]
SQL: SELECT * FROM `product_catgory`  [ RunTime:0.0000s ]

[ 2020-05-08T15:31:07+08:00 ] 127.0.0.1 /TP/index.php/Admin/Product/add
INFO: [ app_init ] --START--
INFO: Run Behavior\BuildLiteBehavior [ RunTime:0.000000s ]
INFO: [ app_init ] --END-- [ RunTime:0.000000s ]
INFO: [ app_begin ] --START--
INFO: Run Behavior\ReadHtmlCacheBehavior [ RunTime:0.000000s ]
INFO: [ app_begin ] --END-- [ RunTime:0.001000s ]
SQL: SHOW COLUMNS FROM `product_catgory` [ RunTime:0.0020s ]
SQL: SELECT * FROM `product_catgory`  [ RunTime:0.0000s ]

[ 2020-05-08T15:31:45+08:00 ] 127.0.0.1 /TP/admin
INFO: [ app_init ] --START--
INFO: Run Behavior\BuildLiteBehavior [ RunTime:0.000000s ]
INFO: [ app_init ] --END-- [ RunTime:0.000000s ]
INFO: [ app_begin ] --START--
INFO: Run Behavior\ReadHtmlCacheBehavior [ RunTime:0.000000s ]
INFO: [ app_begin ] --END-- [ RunTime:0.000000s ]
INFO: [ view_parse ] --START--
INFO: [ template_filter ] --START--
INFO: Run Behavior\ContentReplaceBehavior [ RunTime:0.000000s ]
INFO: [ template_filter ] --END-- [ RunTime:0.000000s ]
INFO: Run Behavior\ParseTemplateBehavior [ RunTime:0.003000s ]
INFO: [ view_parse ] --END-- [ RunTime:0.003000s ]
INFO: [ view_filter ] --START--
INFO: Run Behavior\WriteHtmlCacheBehavior [ RunTime:0.000000s ]
INFO: [ view_filter ] --END-- [ RunTime:0.000000s ]

[ 2020-05-08T15:31:47+08:00 ] 127.0.0.1 /TP/index.php/Admin/Admin/login.html
INFO: [ app_init ] --START--
INFO: Run Behavior\BuildLiteBehavior [ RunTime:0.000000s ]
INFO: [ app_init ] --END-- [ RunTime:0.000000s ]
INFO: [ app_begin ] --START--
INFO: Run Behavior\ReadHtmlCacheBehavior [ RunTime:0.000000s ]
INFO: [ app_begin ] --END-- [ RunTime:0.000000s ]
INFO: [ view_parse ] --START--
INFO: [ template_filter ] --START--
INFO: Run Behavior\ContentReplaceBehavior [ RunTime:0.000000s ]
INFO: [ template_filter ] --END-- [ RunTime:0.000000s ]
INFO: Run Behavior\ParseTemplateBehavior [ RunTime:0.003000s ]
INFO: [ view_parse ] --END-- [ RunTime:0.003000s ]
INFO: [ view_filter ] --START--
INFO: Run Behavior\WriteHtmlCacheBehavior [ RunTime:0.000000s ]
INFO: [ view_filter ] --END-- [ RunTime:0.000000s ]
INFO: [ app_end ] --START--
INFO: Run Behavior\ShowPageTraceBehavior [ RunTime:0.001000s ]
INFO: [ app_end ] --END-- [ RunTime:0.001000s ]

[ 2020-05-08T15:33:03+08:00 ] 127.0.0.1 /TP/index.php/Admin/Product/add
INFO: [ app_init ] --START--
INFO: Run Behavior\BuildLiteBehavior [ RunTime:0.000000s ]
INFO: [ app_init ] --END-- [ RunTime:0.000000s ]
INFO: [ app_begin ] --START--
INFO: Run Behavior\ReadHtmlCacheBehavior [ RunTime:0.000000s ]
INFO: [ app_begin ] --END-- [ RunTime:0.000000s ]
SQL: SHOW COLUMNS FROM `product_catgory` [ RunTime:0.0020s ]
SQL: SELECT * FROM `product_catgory`  [ RunTime:0.0000s ]
NOTIC: [8] Undefined variable: product F:\wwwroot\TP\Application\Admin\Controller\ProductController.class.php 第 118 行.

[ 2020-05-08T15:33:32+08:00 ] 127.0.0.1 /TP/index.php/Admin/Product/add
INFO: [ app_init ] --START--
INFO: Run Behavior\BuildLiteBehavior [ RunTime:0.000000s ]
INFO: [ app_init ] --END-- [ RunTime:0.000000s ]
INFO: [ app_begin ] --START--
INFO: Run Behavior\ReadHtmlCacheBehavior [ RunTime:0.000000s ]
INFO: [ app_begin ] --END-- [ RunTime:0.000000s ]
SQL: SHOW COLUMNS FROM `product_catgory` [ RunTime:0.0020s ]
SQL: SELECT * FROM `product_catgory`  [ RunTime:0.0010s ]
NOTIC: [8] Undefined variable: product F:\wwwroot\TP\Application\Admin\Controller\ProductController.class.php 第 118 行.

[ 2020-05-08T15:35:05+08:00 ] 127.0.0.1 /TP/index.php/Admin/Product/add
INFO: [ app_init ] --START--
INFO: Run Behavior\BuildLiteBehavior [ RunTime:0.001000s ]
INFO: [ app_init ] --END-- [ RunTime:0.001000s ]
INFO: [ app_begin ] --START--
INFO: Run Behavior\ReadHtmlCacheBehavior [ RunTime:0.000000s ]
INFO: [ app_begin ] --END-- [ RunTime:0.000000s ]
SQL: SHOW COLUMNS FROM `product_catgory` [ RunTime:0.0020s ]
SQL: SELECT * FROM `product_catgory`  [ RunTime:0.0000s ]
NOTIC: [8] Undefined variable: product F:\wwwroot\TP\Application\Admin\Controller\ProductController.class.php 第 118 行.

[ 2020-05-08T15:35:21+08:00 ] 127.0.0.1 /TP/index.php/Admin/Product/add
INFO: [ app_init ] --START--
INFO: Run Behavior\BuildLiteBehavior [ RunTime:0.000000s ]
INFO: [ app_init ] --END-- [ RunTime:0.000000s ]
INFO: [ app_begin ] --START--
INFO: Run Behavior\ReadHtmlCacheBehavior [ RunTime:0.000000s ]
INFO: [ app_begin ] --END-- [ RunTime:0.000000s ]
SQL: SHOW COLUMNS FROM `product_catgory` [ RunTime:0.0020s ]
SQL: SELECT * FROM `product_catgory`  [ RunTime:0.0000s ]

[ 2020-05-08T15:36:52+08:00 ] 127.0.0.1 /TP/index.php/Admin/Product/add
INFO: [ app_init ] --START--
INFO: Run Behavior\BuildLiteBehavior [ RunTime:0.000000s ]
INFO: [ app_init ] --END-- [ RunTime:0.001000s ]
INFO: [ app_begin ] --START--
INFO: Run Behavior\ReadHtmlCacheBehavior [ RunTime:0.001000s ]
INFO: [ app_begin ] --END-- [ RunTime:0.001000s ]
SQL: SHOW COLUMNS FROM `product_catgory` [ RunTime:0.0020s ]
SQL: SELECT * FROM `product_catgory`  [ RunTime:0.0000s ]
NOTIC: [8] Undefined variable: product F:\wwwroot\TP\Application\Admin\Controller\ProductController.class.php 第 118 行.

[ 2020-05-08T15:38:47+08:00 ] 127.0.0.1 /TP/index.php/Admin/Product/add
INFO: [ app_init ] --START--
INFO: Run Behavior\BuildLiteBehavior [ RunTime:0.000000s ]
INFO: [ app_init ] --END-- [ RunTime:0.000000s ]
INFO: [ app_begin ] --START--
INFO: Run Behavior\ReadHtmlCacheBehavior [ RunTime:0.000000s ]
INFO: [ app_begin ] --END-- [ RunTime:0.000000s ]
SQL: SHOW COLUMNS FROM `product_catgory` [ RunTime:0.0020s ]
SQL: SELECT * FROM `product_catgory`  [ RunTime:0.0010s ]
SQL: SHOW COLUMNS FROM `product` [ RunTime:0.0020s ]
SQL: INSERT INTO `product` (`name`,`pid`,`price`,`img`,`desc`,`stock`,`status`,`add_time`,`last_time`) VALUES ('sdfdf','0','111','[\"\\/TP\\/Public\\/Image\\/images\\/202005081538478556.jpeg\",\"\\/TP\\/Public\\/Image\\/images\\/202005081538476726.jpg\",\"\\/TP\\/Public\\/Image\\/images\\/202005081538471954.jpg\",\"\\/TP\\/Public\\/Image\\/images\\/202005081538472829.jpg\",\"\\/TP\\/Public\\/Image\\/images\\/202005081538478198.jpg\",\"\\/TP\\/Public\\/Image\\/images\\/2020050815384793.jpg\"]','
        dfgdsfg','111','1','2020-05-08 15:38:47','2020-05-08 15:38:47') [ RunTime:0.0000s ]

[ 2020-05-08T15:38:47+08:00 ] 127.0.0.1 /TP/index.php/Admin/Product/add.html
INFO: [ app_init ] --START--
INFO: Run Behavior\BuildLiteBehavior [ RunTime:0.000000s ]
INFO: [ app_init ] --END-- [ RunTime:0.000000s ]
INFO: [ app_begin ] --START--
INFO: Run Behavior\ReadHtmlCacheBehavior [ RunTime:0.000000s ]
INFO: [ app_begin ] --END-- [ RunTime:0.000000s ]
SQL: SHOW COLUMNS FROM `product_catgory` [ RunTime:0.0030s ]
SQL: SELECT * FROM `product_catgory`  [ RunTime:0.0000s ]
INFO: [ view_parse ] --START--
INFO: [ template_filter ] --START--
INFO: Run Behavior\ContentReplaceBehavior [ RunTime:0.000000s ]
INFO: [ template_filter ] --END-- [ RunTime:0.000000s ]
NOTIC: [8] Undefined variable: check F:\wwwroot\TP\Application\Runtime\Cache\Admin\460d05e0be725d2ad88d6b5cdfc12e20.php 第 51 行.
NOTIC: [8] Undefined variable: check F:\wwwroot\TP\Application\Runtime\Cache\Admin\460d05e0be725d2ad88d6b5cdfc12e20.php 第 51 行.
NOTIC: [8] Undefined variable: check F:\wwwroot\TP\Application\Runtime\Cache\Admin\460d05e0be725d2ad88d6b5cdfc12e20.php 第 51 行.
NOTIC: [8] Undefined variable: check F:\wwwroot\TP\Application\Runtime\Cache\Admin\460d05e0be725d2ad88d6b5cdfc12e20.php 第 51 行.
NOTIC: [8] Undefined variable: check F:\wwwroot\TP\Application\Runtime\Cache\Admin\460d05e0be725d2ad88d6b5cdfc12e20.php 第 51 行.
NOTIC: [8] Undefined variable: check F:\wwwroot\TP\Application\Runtime\Cache\Admin\460d05e0be725d2ad88d6b5cdfc12e20.php 第 51 行.
NOTIC: [8] Undefined variable: check F:\wwwroot\TP\Application\Runtime\Cache\Admin\460d05e0be725d2ad88d6b5cdfc12e20.php 第 51 行.
INFO: Run Behavior\ParseTemplateBehavior [ RunTime:0.010001s ]
INFO: [ view_parse ] --END-- [ RunTime:0.010001s ]
INFO: [ view_filter ] --START--
INFO: Run Behavior\WriteHtmlCacheBehavior [ RunTime:0.000000s ]
INFO: [ view_filter ] --END-- [ RunTime:0.000000s ]
INFO: [ app_end ] --START--
INFO: Run Behavior\ShowPageTraceBehavior [ RunTime:0.001000s ]
INFO: [ app_end ] --END-- [ RunTime:0.001000s ]

[ 2020-05-08T15:39:09+08:00 ] 127.0.0.1 /TP/index.php/Admin/Product/index.html
INFO: [ app_init ] --START--
INFO: Run Behavior\BuildLiteBehavior [ RunTime:0.000000s ]
INFO: [ app_init ] --END-- [ RunTime:0.000000s ]
INFO: [ app_begin ] --START--
INFO: Run Behavior\ReadHtmlCacheBehavior [ RunTime:0.000000s ]
INFO: [ app_begin ] --END-- [ RunTime:0.000000s ]
NOTIC: [8] Undefined index: name F:\wwwroot\TP\Application\Admin\Controller\ProductController.class.php 第 17 行.
NOTIC: [8] Undefined index: orderby F:\wwwroot\TP\Application\Admin\Controller\ProductController.class.php 第 23 行.
SQL: SHOW COLUMNS FROM `product` [ RunTime:0.0020s ]
SQL: SHOW COLUMNS FROM `product_catgory` [ RunTime:0.0020s ]
SQL: SELECT COUNT(*) AS tp_count FROM product p WHERE (  1 ) LIMIT 1   [ RunTime:0.0000s ]
SQL: SELECT `id`,`sort`,`pid`,`name`,`price`,`img`,`desc`,`status`,`add_time`,`stock`,`last_time` FROM product p WHERE (  1 ) ORDER BY id desc LIMIT 0,8   [ RunTime:0.0000s ]
SQL: SELECT `name` FROM `product_catgory` WHERE ( id=0 ) LIMIT 1   [ RunTime:0.0010s ]
SQL: SELECT `name` FROM `product_catgory` WHERE ( id=2 ) LIMIT 1   [ RunTime:0.0000s ]
SQL: SELECT `name` FROM `product_catgory` WHERE ( id=2 ) LIMIT 1   [ RunTime:0.0000s ]
SQL: SELECT `name` FROM `product_catgory` WHERE ( id=2 ) LIMIT 1   [ RunTime:0.0000s ]
SQL: SELECT `name` FROM `product_catgory` WHERE ( id=2 ) LIMIT 1   [ RunTime:0.0000s ]
SQL: SELECT `name` FROM `product_catgory` WHERE ( id=2 ) LIMIT 1   [ RunTime:0.0010s ]
SQL: SELECT `name` FROM `product_catgory` WHERE ( id=2 ) LIMIT 1   [ RunTime:0.0000s ]
SQL: SELECT `name` FROM `product_catgory` WHERE ( id=2 ) LIMIT 1   [ RunTime:0.0000s ]
INFO: [ view_parse ] --START--
INFO: [ template_filter ] --START--
INFO: Run Behavior\ContentReplaceBehavior [ RunTime:0.000000s ]
INFO: [ template_filter ] --END-- [ RunTime:0.000000s ]
NOTIC: [8] Use of undefined constant Product - assumed 'Product' F:\wwwroot\TP\Application\Runtime\Cache\Admin\e81ab272a2db490ca13db5e7a9293ba0.php 第 50 行.
NOTIC: [8] Use of undefined constant index - assumed 'index' F:\wwwroot\TP\Application\Runtime\Cache\Admin\e81ab272a2db490ca13db5e7a9293ba0.php 第 50 行.
NOTIC: [2] Division by zero F:\wwwroot\TP\Application\Runtime\Cache\Admin\e81ab272a2db490ca13db5e7a9293ba0.php 第 50 行.
NOTIC: [8] Use of undefined constant Product - assumed 'Product' F:\wwwroot\TP\Application\Runtime\Cache\Admin\e81ab272a2db490ca13db5e7a9293ba0.php 第 50 行.
NOTIC: [8] Use of undefined constant index - assumed 'index' F:\wwwroot\TP\Application\Runtime\Cache\Admin\e81ab272a2db490ca13db5e7a9293ba0.php 第 50 行.
NOTIC: [2] Division by zero F:\wwwroot\TP\Application\Runtime\Cache\Admin\e81ab272a2db490ca13db5e7a9293ba0.php 第 50 行.
NOTIC: [8] Use of undefined constant Product - assumed 'Product' F:\wwwroot\TP\Application\Runtime\Cache\Admin\e81ab272a2db490ca13db5e7a9293ba0.php 第 58 行.
NOTIC: [8] Use of undefined constant index - assumed 'index' F:\wwwroot\TP\Application\Runtime\Cache\Admin\e81ab272a2db490ca13db5e7a9293ba0.php 第 58 行.
NOTIC: [2] Division by zero F:\wwwroot\TP\Application\Runtime\Cache\Admin\e81ab272a2db490ca13db5e7a9293ba0.php 第 58 行.
NOTIC: [8] Use of undefined constant Product - assumed 'Product' F:\wwwroot\TP\Application\Runtime\Cache\Admin\e81ab272a2db490ca13db5e7a9293ba0.php 第 58 行.
NOTIC: [8] Use of undefined constant index - assumed 'index' F:\wwwroot\TP\Application\Runtime\Cache\Admin\e81ab272a2db490ca13db5e7a9293ba0.php 第 58 行.
NOTIC: [2] Division by zero F:\wwwroot\TP\Application\Runtime\Cache\Admin\e81ab272a2db490ca13db5e7a9293ba0.php 第 58 行.
INFO: Run Behavior\ParseTemplateBehavior [ RunTime:0.006000s ]
INFO: [ view_parse ] --END-- [ RunTime:0.006000s ]
INFO: [ view_filter ] --START--
INFO: Run Behavior\WriteHtmlCacheBehavior [ RunTime:0.000000s ]
INFO: [ view_filter ] --END-- [ RunTime:0.000000s ]
INFO: [ app_end ] --START--
INFO: Run Behavior\ShowPageTraceBehavior [ RunTime:0.000000s ]
INFO: [ app_end ] --END-- [ RunTime:0.000000s ]

[ 2020-05-08T15:39:24+08:00 ] 127.0.0.1 /TP/index.php/Admin/Product/index.html?orderby=id&orderway=desc
INFO: [ app_init ] --START--
INFO: Run Behavior\BuildLiteBehavior [ RunTime:0.000000s ]
INFO: [ app_init ] --END-- [ RunTime:0.000000s ]
INFO: [ app_begin ] --START--
INFO: Run Behavior\ReadHtmlCacheBehavior [ RunTime:0.000000s ]
INFO: [ app_begin ] --END-- [ RunTime:0.000000s ]
NOTIC: [8] Undefined index: name F:\wwwroot\TP\Application\Admin\Controller\ProductController.class.php 第 17 行.
SQL: SHOW COLUMNS FROM `product` [ RunTime:0.0020s ]
SQL: SHOW COLUMNS FROM `product_catgory` [ RunTime:0.0030s ]
SQL: SELECT COUNT(*) AS tp_count FROM product p WHERE (  1 ) LIMIT 1   [ RunTime:0.0000s ]
SQL: SELECT `id`,`sort`,`pid`,`name`,`price`,`img`,`desc`,`status`,`add_time`,`stock`,`last_time` FROM product p WHERE (  1 ) ORDER BY id desc LIMIT 0,8   [ RunTime:0.0000s ]
SQL: SELECT `name` FROM `product_catgory` WHERE ( id=0 ) LIMIT 1   [ RunTime:0.0000s ]
SQL: SELECT `name` FROM `product_catgory` WHERE ( id=2 ) LIMIT 1   [ RunTime:0.0000s ]
SQL: SELECT `name` FROM `product_catgory` WHERE ( id=2 ) LIMIT 1   [ RunTime:0.0000s ]
SQL: SELECT `name` FROM `product_catgory` WHERE ( id=2 ) LIMIT 1   [ RunTime:0.0000s ]
SQL: SELECT `name` FROM `product_catgory` WHERE ( id=2 ) LIMIT 1   [ RunTime:0.0000s ]
SQL: SELECT `name` FROM `product_catgory` WHERE ( id=2 ) LIMIT 1   [ RunTime:0.0000s ]
SQL: SELECT `name` FROM `product_catgory` WHERE ( id=2 ) LIMIT 1   [ RunTime:0.0000s ]
SQL: SELECT `name` FROM `product_catgory` WHERE ( id=2 ) LIMIT 1   [ RunTime:0.0000s ]
INFO: [ view_parse ] --START--
INFO: [ template_filter ] --START--
INFO: Run Behavior\ContentReplaceBehavior [ RunTime:0.000000s ]
INFO: [ template_filter ] --END-- [ RunTime:0.000000s ]
NOTIC: [8] Use of undefined constant Product - assumed 'Product' F:\wwwroot\TP\Application\Runtime\Cache\Admin\e81ab272a2db490ca13db5e7a9293ba0.php 第 50 行.
NOTIC: [8] Use of undefined constant index - assumed 'index' F:\wwwroot\TP\Application\Runtime\Cache\Admin\e81ab272a2db490ca13db5e7a9293ba0.php 第 50 行.
NOTIC: [2] Division by zero F:\wwwroot\TP\Application\Runtime\Cache\Admin\e81ab272a2db490ca13db5e7a9293ba0.php 第 50 行.
NOTIC: [8] Use of undefined constant Product - assumed 'Product' F:\wwwroot\TP\Application\Runtime\Cache\Admin\e81ab272a2db490ca13db5e7a9293ba0.php 第 50 行.
NOTIC: [8] Use of undefined constant index - assumed 'index' F:\wwwroot\TP\Application\Runtime\Cache\Admin\e81ab272a2db490ca13db5e7a9293ba0.php 第 50 行.
NOTIC: [2] Division by zero F:\wwwroot\TP\Application\Runtime\Cache\Admin\e81ab272a2db490ca13db5e7a9293ba0.php 第 50 行.
NOTIC: [8] Use of undefined constant Product - assumed 'Product' F:\wwwroot\TP\Application\Runtime\Cache\Admin\e81ab272a2db490ca13db5e7a9293ba0.php 第 58 行.
NOTIC: [8] Use of undefined constant index - assumed 'index' F:\wwwroot\TP\Application\Runtime\Cache\Admin\e81ab272a2db490ca13db5e7a9293ba0.php 第 58 行.
NOTIC: [2] Division by zero F:\wwwroot\TP\Application\Runtime\Cache\Admin\e81ab272a2db490ca13db5e7a9293ba0.php 第 58 行.
NOTIC: [8] Use of undefined constant Product - assumed 'Product' F:\wwwroot\TP\Application\Runtime\Cache\Admin\e81ab272a2db490ca13db5e7a9293ba0.php 第 58 行.
NOTIC: [8] Use of undefined constant index - assumed 'index' F:\wwwroot\TP\Application\Runtime\Cache\Admin\e81ab272a2db490ca13db5e7a9293ba0.php 第 58 行.
NOTIC: [2] Division by zero F:\wwwroot\TP\Application\Runtime\Cache\Admin\e81ab272a2db490ca13db5e7a9293ba0.php 第 58 行.
INFO: Run Behavior\ParseTemplateBehavior [ RunTime:0.006000s ]
INFO: [ view_parse ] --END-- [ RunTime:0.006000s ]
INFO: [ view_filter ] --START--
INFO: Run Behavior\WriteHtmlCacheBehavior [ RunTime:0.000000s ]
INFO: [ view_filter ] --END-- [ RunTime:0.000000s ]
INFO: [ app_end ] --START--
INFO: Run Behavior\ShowPageTraceBehavior [ RunTime:0.000000s ]
INFO: [ app_end ] --END-- [ RunTime:0.000000s ]

[ 2020-05-08T15:39:24+08:00 ] 127.0.0.1 /TP/index.php/Admin/Product/index.html?orderby=id&orderway=desc
INFO: [ app_init ] --START--
INFO: Run Behavior\BuildLiteBehavior [ RunTime:0.000000s ]
INFO: [ app_init ] --END-- [ RunTime:0.001001s ]
INFO: [ app_begin ] --START--
INFO: Run Behavior\ReadHtmlCacheBehavior [ RunTime:0.000000s ]
INFO: [ app_begin ] --END-- [ RunTime:0.000000s ]
NOTIC: [8] Undefined index: name F:\wwwroot\TP\Application\Admin\Controller\ProductController.class.php 第 17 行.
SQL: SHOW COLUMNS FROM `product` [ RunTime:0.0020s ]
SQL: SHOW COLUMNS FROM `product_catgory` [ RunTime:0.0020s ]
SQL: SELECT COUNT(*) AS tp_count FROM product p WHERE (  1 ) LIMIT 1   [ RunTime:0.0010s ]
SQL: SELECT `id`,`sort`,`pid`,`name`,`price`,`img`,`desc`,`status`,`add_time`,`stock`,`last_time` FROM product p WHERE (  1 ) ORDER BY id desc LIMIT 0,8   [ RunTime:0.0000s ]
SQL: SELECT `name` FROM `product_catgory` WHERE ( id=0 ) LIMIT 1   [ RunTime:0.0000s ]
SQL: SELECT `name` FROM `product_catgory` WHERE ( id=2 ) LIMIT 1   [ RunTime:0.0000s ]
SQL: SELECT `name` FROM `product_catgory` WHERE ( id=2 ) LIMIT 1   [ RunTime:0.0000s ]
SQL: SELECT `name` FROM `product_catgory` WHERE ( id=2 ) LIMIT 1   [ RunTime:0.0000s ]
SQL: SELECT `name` FROM `product_catgory` WHERE ( id=2 ) LIMIT 1   [ RunTime:0.0000s ]
SQL: SELECT `name` FROM `product_catgory` WHERE ( id=2 ) LIMIT 1   [ RunTime:0.0000s ]
SQL: SELECT `name` FROM `product_catgory` WHERE ( id=2 ) LIMIT 1   [ RunTime:0.0010s ]
SQL: SELECT `name` FROM `product_catgory` WHERE ( id=2 ) LIMIT 1   [ RunTime:0.0000s ]
INFO: [ view_parse ] --START--
INFO: [ template_filter ] --START--
INFO: Run Behavior\ContentReplaceBehavior [ RunTime:0.000000s ]
INFO: [ template_filter ] --END-- [ RunTime:0.000000s ]
NOTIC: [8] Use of undefined constant Product - assumed 'Product' F:\wwwroot\TP\Application\Runtime\Cache\Admin\e81ab272a2db490ca13db5e7a9293ba0.php 第 50 行.
NOTIC: [8] Use of undefined constant index - assumed 'index' F:\wwwroot\TP\Application\Runtime\Cache\Admin\e81ab272a2db490ca13db5e7a9293ba0.php 第 50 行.
NOTIC: [2] Division by zero F:\wwwroot\TP\Application\Runtime\Cache\Admin\e81ab272a2db490ca13db5e7a9293ba0.php 第 50 行.
NOTIC: [8] Use of undefined constant Product - assumed 'Product' F:\wwwroot\TP\Application\Runtime\Cache\Admin\e81ab272a2db490ca13db5e7a9293ba0.php 第 50 行.
NOTIC: [8] Use of undefined constant index - assumed 'index' F:\wwwroot\TP\Application\Runtime\Cache\Admin\e81ab272a2db490ca13db5e7a9293ba0.php 第 50 行.
NOTIC: [2] Division by zero F:\wwwroot\TP\Application\Runtime\Cache\Admin\e81ab272a2db490ca13db5e7a9293ba0.php 第 50 行.
NOTIC: [8] Use of undefined constant Product - assumed 'Product' F:\wwwroot\TP\Application\Runtime\Cache\Admin\e81ab272a2db490ca13db5e7a9293ba0.php 第 58 行.
NOTIC: [8] Use of undefined constant index - assumed 'index' F:\wwwroot\TP\Application\Runtime\Cache\Admin\e81ab272a2db490ca13db5e7a9293ba0.php 第 58 行.
NOTIC: [2] Division by zero F:\wwwroot\TP\Application\Runtime\Cache\Admin\e81ab272a2db490ca13db5e7a9293ba0.php 第 58 行.
NOTIC: [8] Use of undefined constant Product - assumed 'Product' F:\wwwroot\TP\Application\Runtime\Cache\Admin\e81ab272a2db490ca13db5e7a9293ba0.php 第 58 行.
NOTIC: [8] Use of undefined constant index - assumed 'index' F:\wwwroot\TP\Application\Runtime\Cache\Admin\e81ab272a2db490ca13db5e7a9293ba0.php 第 58 行.
NOTIC: [2] Division by zero F:\wwwroot\TP\Application\Runtime\Cache\Admin\e81ab272a2db490ca13db5e7a9293ba0.php 第 58 行.
INFO: Run Behavior\ParseTemplateBehavior [ RunTime:0.006000s ]
INFO: [ view_parse ] --END-- [ RunTime:0.006000s ]
INFO: [ view_filter ] --START--
INFO: Run Behavior\WriteHtmlCacheBehavior [ RunTime:0.000000s ]
INFO: [ view_filter ] --END-- [ RunTime:0.000000s ]
INFO: [ app_end ] --START--
INFO: Run Behavior\ShowPageTraceBehavior [ RunTime:0.000000s ]
INFO: [ app_end ] --END-- [ RunTime:0.000000s ]

[ 2020-05-08T15:39:25+08:00 ] 127.0.0.1 /TP/index.php/Admin/Product/index.html?orderby=id&orderway=asc
INFO: [ app_init ] --START--
INFO: Run Behavior\BuildLiteBehavior [ RunTime:0.000000s ]
INFO: [ app_init ] --END-- [ RunTime:0.000000s ]
INFO: [ app_begin ] --START--
INFO: Run Behavior\ReadHtmlCacheBehavior [ RunTime:0.000000s ]
INFO: [ app_begin ] --END-- [ RunTime:0.000000s ]
NOTIC: [8] Undefined index: name F:\wwwroot\TP\Application\Admin\Controller\ProductController.class.php 第 17 行.
SQL: SHOW COLUMNS FROM `product` [ RunTime:0.0020s ]
SQL: SHOW COLUMNS FROM `product_catgory` [ RunTime:0.0030s ]
SQL: SELECT COUNT(*) AS tp_count FROM product p WHERE (  1 ) LIMIT 1   [ RunTime:0.0000s ]
SQL: SELECT `id`,`sort`,`pid`,`name`,`price`,`img`,`desc`,`status`,`add_time`,`stock`,`last_time` FROM product p WHERE (  1 ) ORDER BY id asc LIMIT 0,8   [ RunTime:0.0000s ]
SQL: SELECT `name` FROM `product_catgory` WHERE ( id=6 ) LIMIT 1   [ RunTime:0.0010s ]
SQL: SELECT `name` FROM `product_catgory` WHERE ( id=9 ) LIMIT 1   [ RunTime:0.0000s ]
SQL: SELECT `name` FROM `product_catgory` WHERE ( id=2 ) LIMIT 1   [ RunTime:0.0000s ]
SQL: SELECT `name` FROM `product_catgory` WHERE ( id=2 ) LIMIT 1   [ RunTime:0.0000s ]
SQL: SELECT `name` FROM `product_catgory` WHERE ( id=2 ) LIMIT 1   [ RunTime:0.0000s ]
SQL: SELECT `name` FROM `product_catgory` WHERE ( id=2 ) LIMIT 1   [ RunTime:0.0000s ]
SQL: SELECT `name` FROM `product_catgory` WHERE ( id=2 ) LIMIT 1   [ RunTime:0.0010s ]
SQL: SELECT `name` FROM `product_catgory` WHERE ( id=2 ) LIMIT 1   [ RunTime:0.0000s ]
INFO: [ view_parse ] --START--
INFO: [ template_filter ] --START--
INFO: Run Behavior\ContentReplaceBehavior [ RunTime:0.000000s ]
INFO: [ template_filter ] --END-- [ RunTime:0.000000s ]
NOTIC: [8] Use of undefined constant Product - assumed 'Product' F:\wwwroot\TP\Application\Runtime\Cache\Admin\e81ab272a2db490ca13db5e7a9293ba0.php 第 50 行.
NOTIC: [8] Use of undefined constant index - assumed 'index' F:\wwwroot\TP\Application\Runtime\Cache\Admin\e81ab272a2db490ca13db5e7a9293ba0.php 第 50 行.
NOTIC: [2] Division by zero F:\wwwroot\TP\Application\Runtime\Cache\Admin\e81ab272a2db490ca13db5e7a9293ba0.php 第 50 行.
NOTIC: [8] Use of undefined constant Product - assumed 'Product' F:\wwwroot\TP\Application\Runtime\Cache\Admin\e81ab272a2db490ca13db5e7a9293ba0.php 第 50 行.
NOTIC: [8] Use of undefined constant index - assumed 'index' F:\wwwroot\TP\Application\Runtime\Cache\Admin\e81ab272a2db490ca13db5e7a9293ba0.php 第 50 行.
NOTIC: [2] Division by zero F:\wwwroot\TP\Application\Runtime\Cache\Admin\e81ab272a2db490ca13db5e7a9293ba0.php 第 50 行.
NOTIC: [8] Use of undefined constant Product - assumed 'Product' F:\wwwroot\TP\Application\Runtime\Cache\Admin\e81ab272a2db490ca13db5e7a9293ba0.php 第 58 行.
NOTIC: [8] Use of undefined constant index - assumed 'index' F:\wwwroot\TP\Application\Runtime\Cache\Admin\e81ab272a2db490ca13db5e7a9293ba0.php 第 58 行.
NOTIC: [2] Division by zero F:\wwwroot\TP\Application\Runtime\Cache\Admin\e81ab272a2db490ca13db5e7a9293ba0.php 第 58 行.
NOTIC: [8] Use of undefined constant Product - assumed 'Product' F:\wwwroot\TP\Application\Runtime\Cache\Admin\e81ab272a2db490ca13db5e7a9293ba0.php 第 58 行.
NOTIC: [8] Use of undefined constant index - assumed 'index' F:\wwwroot\TP\Application\Runtime\Cache\Admin\e81ab272a2db490ca13db5e7a9293ba0.php 第 58 行.
NOTIC: [2] Division by zero F:\wwwroot\TP\Application\Runtime\Cache\Admin\e81ab272a2db490ca13db5e7a9293ba0.php 第 58 行.
INFO: Run Behavior\ParseTemplateBehavior [ RunTime:0.005001s ]
INFO: [ view_parse ] --END-- [ RunTime:0.005001s ]
INFO: [ view_filter ] --START--
INFO: Run Behavior\WriteHtmlCacheBehavior [ RunTime:0.001000s ]
INFO: [ view_filter ] --END-- [ RunTime:0.001000s ]
INFO: [ app_end ] --START--
INFO: Run Behavior\ShowPageTraceBehavior [ RunTime:0.000000s ]
INFO: [ app_end ] --END-- [ RunTime:0.000000s ]

[ 2020-05-08T15:39:26+08:00 ] 127.0.0.1 /TP/index.php/Admin/Product/index.html?orderby=id&orderway=desc
INFO: [ app_init ] --START--
INFO: Run Behavior\BuildLiteBehavior [ RunTime:0.000000s ]
INFO: [ app_init ] --END-- [ RunTime:0.000000s ]
INFO: [ app_begin ] --START--
INFO: Run Behavior\ReadHtmlCacheBehavior [ RunTime:0.000000s ]
INFO: [ app_begin ] --END-- [ RunTime:0.000000s ]
NOTIC: [8] Undefined index: name F:\wwwroot\TP\Application\Admin\Controller\ProductController.class.php 第 17 行.
SQL: SHOW COLUMNS FROM `product` [ RunTime:0.0020s ]
SQL: SHOW COLUMNS FROM `product_catgory` [ RunTime:0.0020s ]
SQL: SELECT COUNT(*) AS tp_count FROM product p WHERE (  1 ) LIMIT 1   [ RunTime:0.0000s ]
SQL: SELECT `id`,`sort`,`pid`,`name`,`price`,`img`,`desc`,`status`,`add_time`,`stock`,`last_time` FROM product p WHERE (  1 ) ORDER BY id desc LIMIT 0,8   [ RunTime:0.0000s ]
SQL: SELECT `name` FROM `product_catgory` WHERE ( id=0 ) LIMIT 1   [ RunTime:0.0010s ]
SQL: SELECT `name` FROM `product_catgory` WHERE ( id=2 ) LIMIT 1   [ RunTime:0.0000s ]
SQL: SELECT `name` FROM `product_catgory` WHERE ( id=2 ) LIMIT 1   [ RunTime:0.0000s ]
SQL: SELECT `name` FROM `product_catgory` WHERE ( id=2 ) LIMIT 1   [ RunTime:0.0000s ]
SQL: SELECT `name` FROM `product_catgory` WHERE ( id=2 ) LIMIT 1   [ RunTime:0.0000s ]
SQL: SELECT `name` FROM `product_catgory` WHERE ( id=2 ) LIMIT 1   [ RunTime:0.0010s ]
SQL: SELECT `name` FROM `product_catgory` WHERE ( id=2 ) LIMIT 1   [ RunTime:0.0000s ]
SQL: SELECT `name` FROM `product_catgory` WHERE ( id=2 ) LIMIT 1   [ RunTime:0.0000s ]
INFO: [ view_parse ] --START--
INFO: [ template_filter ] --START--
INFO: Run Behavior\ContentReplaceBehavior [ RunTime:0.000000s ]
INFO: [ template_filter ] --END-- [ RunTime:0.000000s ]
NOTIC: [8] Use of undefined constant Product - assumed 'Product' F:\wwwroot\TP\Application\Runtime\Cache\Admin\e81ab272a2db490ca13db5e7a9293ba0.php 第 50 行.
NOTIC: [8] Use of undefined constant index - assumed 'index' F:\wwwroot\TP\Application\Runtime\Cache\Admin\e81ab272a2db490ca13db5e7a9293ba0.php 第 50 行.
NOTIC: [2] Division by zero F:\wwwroot\TP\Application\Runtime\Cache\Admin\e81ab272a2db490ca13db5e7a9293ba0.php 第 50 行.
NOTIC: [8] Use of undefined constant Product - assumed 'Product' F:\wwwroot\TP\Application\Runtime\Cache\Admin\e81ab272a2db490ca13db5e7a9293ba0.php 第 50 行.
NOTIC: [8] Use of undefined constant index - assumed 'index' F:\wwwroot\TP\Application\Runtime\Cache\Admin\e81ab272a2db490ca13db5e7a9293ba0.php 第 50 行.
NOTIC: [2] Division by zero F:\wwwroot\TP\Application\Runtime\Cache\Admin\e81ab272a2db490ca13db5e7a9293ba0.php 第 50 行.
NOTIC: [8] Use of undefined constant Product - assumed 'Product' F:\wwwroot\TP\Application\Runtime\Cache\Admin\e81ab272a2db490ca13db5e7a9293ba0.php 第 58 行.
NOTIC: [8] Use of undefined constant index - assumed 'index' F:\wwwroot\TP\Application\Runtime\Cache\Admin\e81ab272a2db490ca13db5e7a9293ba0.php 第 58 行.
NOTIC: [2] Division by zero F:\wwwroot\TP\Application\Runtime\Cache\Admin\e81ab272a2db490ca13db5e7a9293ba0.php 第 58 行.
NOTIC: [8] Use of undefined constant Product - assumed 'Product' F:\wwwroot\TP\Application\Runtime\Cache\Admin\e81ab272a2db490ca13db5e7a9293ba0.php 第 58 行.
NOTIC: [8] Use of undefined constant index - assumed 'index' F:\wwwroot\TP\Application\Runtime\Cache\Admin\e81ab272a2db490ca13db5e7a9293ba0.php 第 58 行.
NOTIC: [2] Division by zero F:\wwwroot\TP\Application\Runtime\Cache\Admin\e81ab272a2db490ca13db5e7a9293ba0.php 第 58 行.
INFO: Run Behavior\ParseTemplateBehavior [ RunTime:0.006000s ]
INFO: [ view_parse ] --END-- [ RunTime:0.006000s ]
INFO: [ view_filter ] --START--
INFO: Run Behavior\WriteHtmlCacheBehavior [ RunTime:0.000000s ]
INFO: [ view_filter ] --END-- [ RunTime:0.000000s ]
INFO: [ app_end ] --START--
INFO: Run Behavior\ShowPageTraceBehavior [ RunTime:0.000000s ]
INFO: [ app_end ] --END-- [ RunTime:0.000000s ]

[ 2020-05-08T15:39:27+08:00 ] 127.0.0.1 /TP/index.php/Admin/Product/index.html?orderby=id&orderway=asc
INFO: [ app_init ] --START--
INFO: Run Behavior\BuildLiteBehavior [ RunTime:0.000000s ]
INFO: [ app_init ] --END-- [ RunTime:0.000000s ]
INFO: [ app_begin ] --START--
INFO: Run Behavior\ReadHtmlCacheBehavior [ RunTime:0.001000s ]
INFO: [ app_begin ] --END-- [ RunTime:0.001000s ]
NOTIC: [8] Undefined index: name F:\wwwroot\TP\Application\Admin\Controller\ProductController.class.php 第 17 行.
SQL: SHOW COLUMNS FROM `product` [ RunTime:0.0020s ]
SQL: SHOW COLUMNS FROM `product_catgory` [ RunTime:0.0020s ]
SQL: SELECT COUNT(*) AS tp_count FROM product p WHERE (  1 ) LIMIT 1   [ RunTime:0.0000s ]
SQL: SELECT `id`,`sort`,`pid`,`name`,`price`,`img`,`desc`,`status`,`add_time`,`stock`,`last_time` FROM product p WHERE (  1 ) ORDER BY id asc LIMIT 0,8   [ RunTime:0.0010s ]
SQL: SELECT `name` FROM `product_catgory` WHERE ( id=6 ) LIMIT 1   [ RunTime:0.0000s ]
SQL: SELECT `name` FROM `product_catgory` WHERE ( id=9 ) LIMIT 1   [ RunTime:0.0000s ]
SQL: SELECT `name` FROM `product_catgory` WHERE ( id=2 ) LIMIT 1   [ RunTime:0.0000s ]
SQL: SELECT `name` FROM `product_catgory` WHERE ( id=2 ) LIMIT 1   [ RunTime:0.0000s ]
SQL: SELECT `name` FROM `product_catgory` WHERE ( id=2 ) LIMIT 1   [ RunTime:0.0000s ]
SQL: SELECT `name` FROM `product_catgory` WHERE ( id=2 ) LIMIT 1   [ RunTime:0.0010s ]
SQL: SELECT `name` FROM `product_catgory` WHERE ( id=2 ) LIMIT 1   [ RunTime:0.0000s ]
SQL: SELECT `name` FROM `product_catgory` WHERE ( id=2 ) LIMIT 1   [ RunTime:0.0000s ]
INFO: [ view_parse ] --START--
INFO: [ template_filter ] --START--
INFO: Run Behavior\ContentReplaceBehavior [ RunTime:0.000000s ]
INFO: [ template_filter ] --END-- [ RunTime:0.000000s ]
NOTIC: [8] Use of undefined constant Product - assumed 'Product' F:\wwwroot\TP\Application\Runtime\Cache\Admin\e81ab272a2db490ca13db5e7a9293ba0.php 第 50 行.
NOTIC: [8] Use of undefined constant index - assumed 'index' F:\wwwroot\TP\Application\Runtime\Cache\Admin\e81ab272a2db490ca13db5e7a9293ba0.php 第 50 行.
NOTIC: [2] Division by zero F:\wwwroot\TP\Application\Runtime\Cache\Admin\e81ab272a2db490ca13db5e7a9293ba0.php 第 50 行.
NOTIC: [8] Use of undefined constant Product - assumed 'Product' F:\wwwroot\TP\Application\Runtime\Cache\Admin\e81ab272a2db490ca13db5e7a9293ba0.php 第 50 行.
NOTIC: [8] Use of undefined constant index - assumed 'index' F:\wwwroot\TP\Application\Runtime\Cache\Admin\e81ab272a2db490ca13db5e7a9293ba0.php 第 50 行.
NOTIC: [2] Division by zero F:\wwwroot\TP\Application\Runtime\Cache\Admin\e81ab272a2db490ca13db5e7a9293ba0.php 第 50 行.
NOTIC: [8] Use of undefined constant Product - assumed 'Product' F:\wwwroot\TP\Application\Runtime\Cache\Admin\e81ab272a2db490ca13db5e7a9293ba0.php 第 58 行.
NOTIC: [8] Use of undefined constant index - assumed 'index' F:\wwwroot\TP\Application\Runtime\Cache\Admin\e81ab272a2db490ca13db5e7a9293ba0.php 第 58 行.
NOTIC: [2] Division by zero F:\wwwroot\TP\Application\Runtime\Cache\Admin\e81ab272a2db490ca13db5e7a9293ba0.php 第 58 行.
NOTIC: [8] Use of undefined constant Product - assumed 'Product' F:\wwwroot\TP\Application\Runtime\Cache\Admin\e81ab272a2db490ca13db5e7a9293ba0.php 第 58 行.
NOTIC: [8] Use of undefined constant index - assumed 'index' F:\wwwroot\TP\Application\Runtime\Cache\Admin\e81ab272a2db490ca13db5e7a9293ba0.php 第 58 行.
NOTIC: [2] Division by zero F:\wwwroot\TP\Application\Runtime\Cache\Admin\e81ab272a2db490ca13db5e7a9293ba0.php 第 58 行.
INFO: Run Behavior\ParseTemplateBehavior [ RunTime:0.005000s ]
INFO: [ view_parse ] --END-- [ RunTime:0.005000s ]
INFO: [ view_filter ] --START--
INFO: Run Behavior\WriteHtmlCacheBehavior [ RunTime:0.000000s ]
INFO: [ view_filter ] --END-- [ RunTime:0.000000s ]
INFO: [ app_end ] --START--
INFO: Run Behavior\ShowPageTraceBehavior [ RunTime:0.000000s ]
INFO: [ app_end ] --END-- [ RunTime:0.000000s ]

[ 2020-05-08T15:39:28+08:00 ] 127.0.0.1 /TP/index.php/Admin/Product/index.html?orderby=id&orderway=desc
INFO: [ app_init ] --START--
INFO: Run Behavior\BuildLiteBehavior [ RunTime:0.000000s ]
INFO: [ app_init ] --END-- [ RunTime:0.000000s ]
INFO: [ app_begin ] --START--
INFO: Run Behavior\ReadHtmlCacheBehavior [ RunTime:0.001000s ]
INFO: [ app_begin ] --END-- [ RunTime:0.001000s ]
NOTIC: [8] Undefined index: name F:\wwwroot\TP\Application\Admin\Controller\ProductController.class.php 第 17 行.
SQL: SHOW COLUMNS FROM `product` [ RunTime:0.0020s ]
SQL: SHOW COLUMNS FROM `product_catgory` [ RunTime:0.0020s ]
SQL: SELECT COUNT(*) AS tp_count FROM product p WHERE (  1 ) LIMIT 1   [ RunTime:0.0010s ]
SQL: SELECT `id`,`sort`,`pid`,`name`,`price`,`img`,`desc`,`status`,`add_time`,`stock`,`last_time` FROM product p WHERE (  1 ) ORDER BY id desc LIMIT 0,8   [ RunTime:0.0000s ]
SQL: SELECT `name` FROM `product_catgory` WHERE ( id=0 ) LIMIT 1   [ RunTime:0.0000s ]
SQL: SELECT `name` FROM `product_catgory` WHERE ( id=2 ) LIMIT 1   [ RunTime:0.0010s ]
SQL: SELECT `name` FROM `product_catgory` WHERE ( id=2 ) LIMIT 1   [ RunTime:0.0000s ]
SQL: SELECT `name` FROM `product_catgory` WHERE ( id=2 ) LIMIT 1   [ RunTime:0.0000s ]
SQL: SELECT `name` FROM `product_catgory` WHERE ( id=2 ) LIMIT 1   [ RunTime:0.0000s ]
SQL: SELECT `name` FROM `product_catgory` WHERE ( id=2 ) LIMIT 1   [ RunTime:0.0000s ]
SQL: SELECT `name` FROM `product_catgory` WHERE ( id=2 ) LIMIT 1   [ RunTime:0.0010s ]
SQL: SELECT `name` FROM `product_catgory` WHERE ( id=2 ) LIMIT 1   [ RunTime:0.0000s ]
INFO: [ view_parse ] --START--
INFO: [ template_filter ] --START--
INFO: Run Behavior\ContentReplaceBehavior [ RunTime:0.000000s ]
INFO: [ template_filter ] --END-- [ RunTime:0.000000s ]
NOTIC: [8] Use of undefined constant Product - assumed 'Product' F:\wwwroot\TP\Application\Runtime\Cache\Admin\e81ab272a2db490ca13db5e7a9293ba0.php 第 50 行.
NOTIC: [8] Use of undefined constant index - assumed 'index' F:\wwwroot\TP\Application\Runtime\Cache\Admin\e81ab272a2db490ca13db5e7a9293ba0.php 第 50 行.
NOTIC: [2] Division by zero F:\wwwroot\TP\Application\Runtime\Cache\Admin\e81ab272a2db490ca13db5e7a9293ba0.php 第 50 行.
NOTIC: [8] Use of undefined constant Product - assumed 'Product' F:\wwwroot\TP\Application\Runtime\Cache\Admin\e81ab272a2db490ca13db5e7a9293ba0.php 第 50 行.
NOTIC: [8] Use of undefined constant index - assumed 'index' F:\wwwroot\TP\Application\Runtime\Cache\Admin\e81ab272a2db490ca13db5e7a9293ba0.php 第 50 行.
NOTIC: [2] Division by zero F:\wwwroot\TP\Application\Runtime\Cache\Admin\e81ab272a2db490ca13db5e7a9293ba0.php 第 50 行.
NOTIC: [8] Use of undefined constant Product - assumed 'Product' F:\wwwroot\TP\Application\Runtime\Cache\Admin\e81ab272a2db490ca13db5e7a9293ba0.php 第 58 行.
NOTIC: [8] Use of undefined constant index - assumed 'index' F:\wwwroot\TP\Application\Runtime\Cache\Admin\e81ab272a2db490ca13db5e7a9293ba0.php 第 58 行.
NOTIC: [2] Division by zero F:\wwwroot\TP\Application\Runtime\Cache\Admin\e81ab272a2db490ca13db5e7a9293ba0.php 第 58 行.
NOTIC: [8] Use of undefined constant Product - assumed 'Product' F:\wwwroot\TP\Application\Runtime\Cache\Admin\e81ab272a2db490ca13db5e7a9293ba0.php 第 58 行.
NOTIC: [8] Use of undefined constant index - assumed 'index' F:\wwwroot\TP\Application\Runtime\Cache\Admin\e81ab272a2db490ca13db5e7a9293ba0.php 第 58 行.
NOTIC: [2] Division by zero F:\wwwroot\TP\Application\Runtime\Cache\Admin\e81ab272a2db490ca13db5e7a9293ba0.php 第 58 行.
INFO: Run Behavior\ParseTemplateBehavior [ RunTime:0.005000s ]
INFO: [ view_parse ] --END-- [ RunTime:0.005000s ]
INFO: [ view_filter ] --START--
INFO: Run Behavior\WriteHtmlCacheBehavior [ RunTime:0.000000s ]
INFO: [ view_filter ] --END-- [ RunTime:0.001000s ]
INFO: [ app_end ] --START--
INFO: Run Behavior\ShowPageTraceBehavior [ RunTime:0.000000s ]
INFO: [ app_end ] --END-- [ RunTime:0.000000s ]

[ 2020-05-08T15:39:29+08:00 ] 127.0.0.1 /TP/index.php/Admin/Product/index.html?orderby=id&orderway=asc
INFO: [ app_init ] --START--
INFO: Run Behavior\BuildLiteBehavior [ RunTime:0.000000s ]
INFO: [ app_init ] --END-- [ RunTime:0.001000s ]
INFO: [ app_begin ] --START--
INFO: Run Behavior\ReadHtmlCacheBehavior [ RunTime:0.000000s ]
INFO: [ app_begin ] --END-- [ RunTime:0.000000s ]
NOTIC: [8] Undefined index: name F:\wwwroot\TP\Application\Admin\Controller\ProductController.class.php 第 17 行.
SQL: SHOW COLUMNS FROM `product` [ RunTime:0.0030s ]
SQL: SHOW COLUMNS FROM `product_catgory` [ RunTime:0.0020s ]
SQL: SELECT COUNT(*) AS tp_count FROM product p WHERE (  1 ) LIMIT 1   [ RunTime:0.0000s ]
SQL: SELECT `id`,`sort`,`pid`,`name`,`price`,`img`,`desc`,`status`,`add_time`,`stock`,`last_time` FROM product p WHERE (  1 ) ORDER BY id asc LIMIT 0,8   [ RunTime:0.0010s ]
SQL: SELECT `name` FROM `product_catgory` WHERE ( id=6 ) LIMIT 1   [ RunTime:0.0000s ]
SQL: SELECT `name` FROM `product_catgory` WHERE ( id=9 ) LIMIT 1   [ RunTime:0.0000s ]
SQL: SELECT `name` FROM `product_catgory` WHERE ( id=2 ) LIMIT 1   [ RunTime:0.0000s ]
SQL: SELECT `name` FROM `product_catgory` WHERE ( id=2 ) LIMIT 1   [ RunTime:0.0000s ]
SQL: SELECT `name` FROM `product_catgory` WHERE ( id=2 ) LIMIT 1   [ RunTime:0.0010s ]
SQL: SELECT `name` FROM `product_catgory` WHERE ( id=2 ) LIMIT 1   [ RunTime:0.0000s ]
SQL: SELECT `name` FROM `product_catgory` WHERE ( id=2 ) LIMIT 1   [ RunTime:0.0000s ]
SQL: SELECT `name` FROM `product_catgory` WHERE ( id=2 ) LIMIT 1   [ RunTime:0.0000s ]
INFO: [ view_parse ] --START--
INFO: [ template_filter ] --START--
INFO: Run Behavior\ContentReplaceBehavior [ RunTime:0.000000s ]
INFO: [ template_filter ] --END-- [ RunTime:0.000000s ]
NOTIC: [8] Use of undefined constant Product - assumed 'Product' F:\wwwroot\TP\Application\Runtime\Cache\Admin\e81ab272a2db490ca13db5e7a9293ba0.php 第 50 行.
NOTIC: [8] Use of undefined constant index - assumed 'index' F:\wwwroot\TP\Application\Runtime\Cache\Admin\e81ab272a2db490ca13db5e7a9293ba0.php 第 50 行.
NOTIC: [2] Division by zero F:\wwwroot\TP\Application\Runtime\Cache\Admin\e81ab272a2db490ca13db5e7a9293ba0.php 第 50 行.
NOTIC: [8] Use of undefined constant Product - assumed 'Product' F:\wwwroot\TP\Application\Runtime\Cache\Admin\e81ab272a2db490ca13db5e7a9293ba0.php 第 50 行.
NOTIC: [8] Use of undefined constant index - assumed 'index' F:\wwwroot\TP\Application\Runtime\Cache\Admin\e81ab272a2db490ca13db5e7a9293ba0.php 第 50 行.
NOTIC: [2] Division by zero F:\wwwroot\TP\Application\Runtime\Cache\Admin\e81ab272a2db490ca13db5e7a9293ba0.php 第 50 行.
NOTIC: [8] Use of undefined constant Product - assumed 'Product' F:\wwwroot\TP\Application\Runtime\Cache\Admin\e81ab272a2db490ca13db5e7a9293ba0.php 第 58 行.
NOTIC: [8] Use of undefined constant index - assumed 'index' F:\wwwroot\TP\Application\Runtime\Cache\Admin\e81ab272a2db490ca13db5e7a9293ba0.php 第 58 行.
NOTIC: [2] Division by zero F:\wwwroot\TP\Application\Runtime\Cache\Admin\e81ab272a2db490ca13db5e7a9293ba0.php 第 58 行.
NOTIC: [8] Use of undefined constant Product - assumed 'Product' F:\wwwroot\TP\Application\Runtime\Cache\Admin\e81ab272a2db490ca13db5e7a9293ba0.php 第 58 行.
NOTIC: [8] Use of undefined constant index - assumed 'index' F:\wwwroot\TP\Application\Runtime\Cache\Admin\e81ab272a2db490ca13db5e7a9293ba0.php 第 58 行.
NOTIC: [2] Division by zero F:\wwwroot\TP\Application\Runtime\Cache\Admin\e81ab272a2db490ca13db5e7a9293ba0.php 第 58 行.
INFO: Run Behavior\ParseTemplateBehavior [ RunTime:0.006001s ]
INFO: [ view_parse ] --END-- [ RunTime:0.006001s ]
INFO: [ view_filter ] --START--
INFO: Run Behavior\WriteHtmlCacheBehavior [ RunTime:0.000000s ]
INFO: [ view_filter ] --END-- [ RunTime:0.000000s ]
INFO: [ app_end ] --START--
INFO: Run Behavior\ShowPageTraceBehavior [ RunTime:0.000000s ]
INFO: [ app_end ] --END-- [ RunTime:0.000000s ]

[ 2020-05-08T15:39:32+08:00 ] 127.0.0.1 /TP/index.php/Admin/Product/index/orderby/id/orderway/asc/p/2.html
INFO: [ app_init ] --START--
INFO: Run Behavior\BuildLiteBehavior [ RunTime:0.000000s ]
INFO: [ app_init ] --END-- [ RunTime:0.000000s ]
INFO: [ app_begin ] --START--
INFO: Run Behavior\ReadHtmlCacheBehavior [ RunTime:0.000000s ]
INFO: [ app_begin ] --END-- [ RunTime:0.000000s ]
NOTIC: [8] Undefined index: name F:\wwwroot\TP\Application\Admin\Controller\ProductController.class.php 第 17 行.
SQL: SHOW COLUMNS FROM `product` [ RunTime:0.0020s ]
SQL: SHOW COLUMNS FROM `product_catgory` [ RunTime:0.0020s ]
SQL: SELECT COUNT(*) AS tp_count FROM product p WHERE (  1 ) LIMIT 1   [ RunTime:0.0000s ]
SQL: SELECT `id`,`sort`,`pid`,`name`,`price`,`img`,`desc`,`status`,`add_time`,`stock`,`last_time` FROM product p WHERE (  1 ) ORDER BY id asc LIMIT 8,8   [ RunTime:0.0000s ]
SQL: SELECT `name` FROM `product_catgory` WHERE ( id=2 ) LIMIT 1   [ RunTime:0.0000s ]
SQL: SELECT `name` FROM `product_catgory` WHERE ( id=2 ) LIMIT 1   [ RunTime:0.0000s ]
SQL: SELECT `name` FROM `product_catgory` WHERE ( id=2 ) LIMIT 1   [ RunTime:0.0000s ]
SQL: SELECT `name` FROM `product_catgory` WHERE ( id=0 ) LIMIT 1   [ RunTime:0.0000s ]
INFO: [ view_parse ] --START--
INFO: [ template_filter ] --START--
INFO: Run Behavior\ContentReplaceBehavior [ RunTime:0.000000s ]
INFO: [ template_filter ] --END-- [ RunTime:0.000000s ]
NOTIC: [8] Use of undefined constant Product - assumed 'Product' F:\wwwroot\TP\Application\Runtime\Cache\Admin\e81ab272a2db490ca13db5e7a9293ba0.php 第 50 行.
NOTIC: [8] Use of undefined constant index - assumed 'index' F:\wwwroot\TP\Application\Runtime\Cache\Admin\e81ab272a2db490ca13db5e7a9293ba0.php 第 50 行.
NOTIC: [2] Division by zero F:\wwwroot\TP\Application\Runtime\Cache\Admin\e81ab272a2db490ca13db5e7a9293ba0.php 第 50 行.
NOTIC: [8] Use of undefined constant Product - assumed 'Product' F:\wwwroot\TP\Application\Runtime\Cache\Admin\e81ab272a2db490ca13db5e7a9293ba0.php 第 50 行.
NOTIC: [8] Use of undefined constant index - assumed 'index' F:\wwwroot\TP\Application\Runtime\Cache\Admin\e81ab272a2db490ca13db5e7a9293ba0.php 第 50 行.
NOTIC: [2] Division by zero F:\wwwroot\TP\Application\Runtime\Cache\Admin\e81ab272a2db490ca13db5e7a9293ba0.php 第 50 行.
NOTIC: [8] Use of undefined constant Product - assumed 'Product' F:\wwwroot\TP\Application\Runtime\Cache\Admin\e81ab272a2db490ca13db5e7a9293ba0.php 第 58 行.
NOTIC: [8] Use of undefined constant index - assumed 'index' F:\wwwroot\TP\Application\Runtime\Cache\Admin\e81ab272a2db490ca13db5e7a9293ba0.php 第 58 行.
NOTIC: [2] Division by zero F:\wwwroot\TP\Application\Runtime\Cache\Admin\e81ab272a2db490ca13db5e7a9293ba0.php 第 58 行.
NOTIC: [8] Use of undefined constant Product - assumed 'Product' F:\wwwroot\TP\Application\Runtime\Cache\Admin\e81ab272a2db490ca13db5e7a9293ba0.php 第 58 行.
NOTIC: [8] Use of undefined constant index - assumed 'index' F:\wwwroot\TP\Application\Runtime\Cache\Admin\e81ab272a2db490ca13db5e7a9293ba0.php 第 58 行.
NOTIC: [2] Division by zero F:\wwwroot\TP\Application\Runtime\Cache\Admin\e81ab272a2db490ca13db5e7a9293ba0.php 第 58 行.
INFO: Run Behavior\ParseTemplateBehavior [ RunTime:0.006001s ]
INFO: [ view_parse ] --END-- [ RunTime:0.006001s ]
INFO: [ view_filter ] --START--
INFO: Run Behavior\WriteHtmlCacheBehavior [ RunTime:0.000000s ]
INFO: [ view_filter ] --END-- [ RunTime:0.000000s ]
INFO: [ app_end ] --START--
INFO: Run Behavior\ShowPageTraceBehavior [ RunTime:0.000000s ]
INFO: [ app_end ] --END-- [ RunTime:0.000000s ]

[ 2020-05-08T15:39:40+08:00 ] 127.0.0.1 /TP/index.php/Admin/Product/index.html?name=s
INFO: [ app_init ] --START--
INFO: Run Behavior\BuildLiteBehavior [ RunTime:0.000000s ]
INFO: [ app_init ] --END-- [ RunTime:0.000000s ]
INFO: [ app_begin ] --START--
INFO: Run Behavior\ReadHtmlCacheBehavior [ RunTime:0.001000s ]
INFO: [ app_begin ] --END-- [ RunTime:0.001000s ]
NOTIC: [8] Undefined index: orderby F:\wwwroot\TP\Application\Admin\Controller\ProductController.class.php 第 23 行.
SQL: SHOW COLUMNS FROM `product` [ RunTime:0.0020s ]
SQL: SHOW COLUMNS FROM `product_catgory` [ RunTime:0.0020s ]
SQL: SELECT COUNT(*) AS tp_count FROM product p WHERE (  1 ) AND `name` LIKE '%s%' LIMIT 1   [ RunTime:0.0000s ]
SQL: SELECT `id`,`sort`,`pid`,`name`,`price`,`img`,`desc`,`status`,`add_time`,`stock`,`last_time` FROM product p WHERE (  1 ) AND `name` LIKE '%s%' ORDER BY id desc LIMIT 0,8   [ RunTime:0.0000s ]
SQL: SELECT `name` FROM `product_catgory` WHERE ( id=0 ) LIMIT 1   [ RunTime:0.0000s ]
SQL: SELECT `name` FROM `product_catgory` WHERE ( id=2 ) LIMIT 1   [ RunTime:0.0000s ]
INFO: [ view_parse ] --START--
INFO: [ template_filter ] --START--
INFO: Run Behavior\ContentReplaceBehavior [ RunTime:0.001000s ]
INFO: [ template_filter ] --END-- [ RunTime:0.001000s ]
NOTIC: [8] Use of undefined constant Product - assumed 'Product' F:\wwwroot\TP\Application\Runtime\Cache\Admin\e81ab272a2db490ca13db5e7a9293ba0.php 第 50 行.
NOTIC: [8] Use of undefined constant index - assumed 'index' F:\wwwroot\TP\Application\Runtime\Cache\Admin\e81ab272a2db490ca13db5e7a9293ba0.php 第 50 行.
NOTIC: [2] Division by zero F:\wwwroot\TP\Application\Runtime\Cache\Admin\e81ab272a2db490ca13db5e7a9293ba0.php 第 50 行.
NOTIC: [8] Use of undefined constant Product - assumed 'Product' F:\wwwroot\TP\Application\Runtime\Cache\Admin\e81ab272a2db490ca13db5e7a9293ba0.php 第 50 行.
NOTIC: [8] Use of undefined constant index - assumed 'index' F:\wwwroot\TP\Application\Runtime\Cache\Admin\e81ab272a2db490ca13db5e7a9293ba0.php 第 50 行.
NOTIC: [2] Division by zero F:\wwwroot\TP\Application\Runtime\Cache\Admin\e81ab272a2db490ca13db5e7a9293ba0.php 第 50 行.
NOTIC: [8] Use of undefined constant Product - assumed 'Product' F:\wwwroot\TP\Application\Runtime\Cache\Admin\e81ab272a2db490ca13db5e7a9293ba0.php 第 58 行.
NOTIC: [8] Use of undefined constant index - assumed 'index' F:\wwwroot\TP\Application\Runtime\Cache\Admin\e81ab272a2db490ca13db5e7a9293ba0.php 第 58 行.
NOTIC: [2] Division by zero F:\wwwroot\TP\Application\Runtime\Cache\Admin\e81ab272a2db490ca13db5e7a9293ba0.php 第 58 行.
NOTIC: [8] Use of undefined constant Product - assumed 'Product' F:\wwwroot\TP\Application\Runtime\Cache\Admin\e81ab272a2db490ca13db5e7a9293ba0.php 第 58 行.
NOTIC: [8] Use of undefined constant index - assumed 'index' F:\wwwroot\TP\Application\Runtime\Cache\Admin\e81ab272a2db490ca13db5e7a9293ba0.php 第 58 行.
NOTIC: [2] Division by zero F:\wwwroot\TP\Application\Runtime\Cache\Admin\e81ab272a2db490ca13db5e7a9293ba0.php 第 58 行.
INFO: Run Behavior\ParseTemplateBehavior [ RunTime:0.005001s ]
INFO: [ view_parse ] --END-- [ RunTime:0.006001s ]
INFO: [ view_filter ] --START--
INFO: Run Behavior\WriteHtmlCacheBehavior [ RunTime:0.000000s ]
INFO: [ view_filter ] --END-- [ RunTime:0.000000s ]
INFO: [ app_end ] --START--
INFO: Run Behavior\ShowPageTraceBehavior [ RunTime:0.000000s ]
INFO: [ app_end ] --END-- [ RunTime:0.000000s ]

[ 2020-05-08T15:39:49+08:00 ] 127.0.0.1 /TP/index.php/Admin/Product/add.html
INFO: [ app_init ] --START--
INFO: Run Behavior\BuildLiteBehavior [ RunTime:0.000000s ]
INFO: [ app_init ] --END-- [ RunTime:0.001000s ]
INFO: [ app_begin ] --START--
INFO: Run Behavior\ReadHtmlCacheBehavior [ RunTime:0.000000s ]
INFO: [ app_begin ] --END-- [ RunTime:0.000000s ]
SQL: SHOW COLUMNS FROM `product_catgory` [ RunTime:0.0030s ]
SQL: SELECT * FROM `product_catgory`  [ RunTime:0.0000s ]
INFO: [ view_parse ] --START--
INFO: [ template_filter ] --START--
INFO: Run Behavior\ContentReplaceBehavior [ RunTime:0.000000s ]
INFO: [ template_filter ] --END-- [ RunTime:0.000000s ]
NOTIC: [8] Undefined variable: check F:\wwwroot\TP\Application\Runtime\Cache\Admin\460d05e0be725d2ad88d6b5cdfc12e20.php 第 51 行.
NOTIC: [8] Undefined variable: check F:\wwwroot\TP\Application\Runtime\Cache\Admin\460d05e0be725d2ad88d6b5cdfc12e20.php 第 51 行.
NOTIC: [8] Undefined variable: check F:\wwwroot\TP\Application\Runtime\Cache\Admin\460d05e0be725d2ad88d6b5cdfc12e20.php 第 51 行.
NOTIC: [8] Undefined variable: check F:\wwwroot\TP\Application\Runtime\Cache\Admin\460d05e0be725d2ad88d6b5cdfc12e20.php 第 51 行.
NOTIC: [8] Undefined variable: check F:\wwwroot\TP\Application\Runtime\Cache\Admin\460d05e0be725d2ad88d6b5cdfc12e20.php 第 51 行.
NOTIC: [8] Undefined variable: check F:\wwwroot\TP\Application\Runtime\Cache\Admin\460d05e0be725d2ad88d6b5cdfc12e20.php 第 51 行.
NOTIC: [8] Undefined variable: check F:\wwwroot\TP\Application\Runtime\Cache\Admin\460d05e0be725d2ad88d6b5cdfc12e20.php 第 51 行.
INFO: Run Behavior\ParseTemplateBehavior [ RunTime:0.004000s ]
INFO: [ view_parse ] --END-- [ RunTime:0.004000s ]
INFO: [ view_filter ] --START--
INFO: Run Behavior\WriteHtmlCacheBehavior [ RunTime:0.000000s ]
INFO: [ view_filter ] --END-- [ RunTime:0.000000s ]
INFO: [ app_end ] --START--
INFO: Run Behavior\ShowPageTraceBehavior [ RunTime:0.001000s ]
INFO: [ app_end ] --END-- [ RunTime:0.001000s ]

[ 2020-05-08T15:40:36+08:00 ] 127.0.0.1 /TP/index.php/Admin/Product/add
INFO: [ app_init ] --START--
INFO: Run Behavior\BuildLiteBehavior [ RunTime:0.000000s ]
INFO: [ app_init ] --END-- [ RunTime:0.000000s ]
INFO: [ app_begin ] --START--
INFO: Run Behavior\ReadHtmlCacheBehavior [ RunTime:0.001000s ]
INFO: [ app_begin ] --END-- [ RunTime:0.001000s ]
SQL: SHOW COLUMNS FROM `product_catgory` [ RunTime:0.0020s ]
SQL: SELECT * FROM `product_catgory`  [ RunTime:0.0000s ]
SQL: SHOW COLUMNS FROM `product` [ RunTime:0.0030s ]
SQL: INSERT INTO `product` (`name`,`pid`,`price`,`img`,`desc`,`stock`,`status`,`add_time`,`last_time`) VALUES ('ghfgh','1','3333','[\"\\/TP\\/Public\\/Image\\/images\\/202005081540369444.jpg\",\"\\/TP\\/Public\\/Image\\/images\\/202005081540364168.jpg\",\"\\/TP\\/Public\\/Image\\/images\\/202005081540363002.jpg\",\"\\/TP\\/Public\\/Image\\/images\\/202005081540368456.jpg\",\"\\/TP\\/Public\\/Image\\/images\\/202005081540368314.jpg\",\"\\/TP\\/Public\\/Image\\/images\\/202005081540368826.jpeg\"]','fghfghf
        ','33','1','2020-05-08 15:40:36','2020-05-08 15:40:36') [ RunTime:0.0000s ]

[ 2020-05-08T15:40:36+08:00 ] 127.0.0.1 /TP/index.php/Admin/Product/add.html
INFO: [ app_init ] --START--
INFO: Run Behavior\BuildLiteBehavior [ RunTime:0.000000s ]
INFO: [ app_init ] --END-- [ RunTime:0.000000s ]
INFO: [ app_begin ] --START--
INFO: Run Behavior\ReadHtmlCacheBehavior [ RunTime:0.000000s ]
INFO: [ app_begin ] --END-- [ RunTime:0.000000s ]
SQL: SHOW COLUMNS FROM `product_catgory` [ RunTime:0.0020s ]
SQL: SELECT * FROM `product_catgory`  [ RunTime:0.0000s ]
INFO: [ view_parse ] --START--
INFO: [ template_filter ] --START--
INFO: Run Behavior\ContentReplaceBehavior [ RunTime:0.000000s ]
INFO: [ template_filter ] --END-- [ RunTime:0.000000s ]
NOTIC: [8] Undefined variable: check F:\wwwroot\TP\Application\Runtime\Cache\Admin\460d05e0be725d2ad88d6b5cdfc12e20.php 第 51 行.
NOTIC: [8] Undefined variable: check F:\wwwroot\TP\Application\Runtime\Cache\Admin\460d05e0be725d2ad88d6b5cdfc12e20.php 第 51 行.
NOTIC: [8] Undefined variable: check F:\wwwroot\TP\Application\Runtime\Cache\Admin\460d05e0be725d2ad88d6b5cdfc12e20.php 第 51 行.
NOTIC: [8] Undefined variable: check F:\wwwroot\TP\Application\Runtime\Cache\Admin\460d05e0be725d2ad88d6b5cdfc12e20.php 第 51 行.
NOTIC: [8] Undefined variable: check F:\wwwroot\TP\Application\Runtime\Cache\Admin\460d05e0be725d2ad88d6b5cdfc12e20.php 第 51 行.
NOTIC: [8] Undefined variable: check F:\wwwroot\TP\Application\Runtime\Cache\Admin\460d05e0be725d2ad88d6b5cdfc12e20.php 第 51 行.
NOTIC: [8] Undefined variable: check F:\wwwroot\TP\Application\Runtime\Cache\Admin\460d05e0be725d2ad88d6b5cdfc12e20.php 第 51 行.
INFO: Run Behavior\ParseTemplateBehavior [ RunTime:0.004000s ]
INFO: [ view_parse ] --END-- [ RunTime:0.005000s ]
INFO: [ view_filter ] --START--
INFO: Run Behavior\WriteHtmlCacheBehavior [ RunTime:0.000000s ]
INFO: [ view_filter ] --END-- [ RunTime:0.000000s ]
INFO: [ app_end ] --START--
INFO: Run Behavior\ShowPageTraceBehavior [ RunTime:0.000000s ]
INFO: [ app_end ] --END-- [ RunTime:0.000000s ]

[ 2020-05-08T15:41:00+08:00 ] 127.0.0.1 /TP/index.php/Admin/Article/index.html
INFO: [ app_init ] --START--
INFO: Run Behavior\BuildLiteBehavior [ RunTime:0.000000s ]
INFO: [ app_init ] --END-- [ RunTime:0.000000s ]
INFO: [ app_begin ] --START--
INFO: Run Behavior\ReadHtmlCacheBehavior [ RunTime:0.000000s ]
INFO: [ app_begin ] --END-- [ RunTime:0.000000s ]
SQL: SHOW COLUMNS FROM `article` [ RunTime:0.0040s ]
SQL: SELECT a.id,a.writer,a.title,a.last_time,a.pid,`name` FROM article a left join category c on a.pid = c.id   [ RunTime:0.0030s ]
INFO: [ view_parse ] --START--
INFO: [ template_filter ] --START--
INFO: Run Behavior\ContentReplaceBehavior [ RunTime:0.000000s ]
INFO: [ template_filter ] --END-- [ RunTime:0.001000s ]
INFO: Run Behavior\ParseTemplateBehavior [ RunTime:0.008000s ]
INFO: [ view_parse ] --END-- [ RunTime:0.008000s ]
INFO: [ view_filter ] --START--
INFO: Run Behavior\WriteHtmlCacheBehavior [ RunTime:0.000000s ]
INFO: [ view_filter ] --END-- [ RunTime:0.000000s ]
INFO: [ app_end ] --START--
INFO: Run Behavior\ShowPageTraceBehavior [ RunTime:0.000000s ]
INFO: [ app_end ] --END-- [ RunTime:0.000000s ]

[ 2020-05-08T15:41:11+08:00 ] 127.0.0.1 /TP/index.php/Admin/Article/index.html
INFO: [ app_init ] --START--
INFO: Run Behavior\BuildLiteBehavior [ RunTime:0.000000s ]
INFO: [ app_init ] --END-- [ RunTime:0.000000s ]
INFO: [ app_begin ] --START--
INFO: Run Behavior\ReadHtmlCacheBehavior [ RunTime:0.000000s ]
INFO: [ app_begin ] --END-- [ RunTime:0.000000s ]
SQL: SHOW COLUMNS FROM `article` [ RunTime:0.0020s ]
SQL: SELECT a.id,a.writer,a.title,a.last_time,a.pid,`name` FROM article a left join category c on a.pid = c.id   [ RunTime:0.0010s ]
INFO: [ view_parse ] --START--
INFO: [ template_filter ] --START--
INFO: Run Behavior\ContentReplaceBehavior [ RunTime:0.000000s ]
INFO: [ template_filter ] --END-- [ RunTime:0.000000s ]
INFO: Run Behavior\ParseTemplateBehavior [ RunTime:0.003000s ]
INFO: [ view_parse ] --END-- [ RunTime:0.003000s ]
INFO: [ view_filter ] --START--
INFO: Run Behavior\WriteHtmlCacheBehavior [ RunTime:0.001000s ]
INFO: [ view_filter ] --END-- [ RunTime:0.001000s ]
INFO: [ app_end ] --START--
INFO: Run Behavior\ShowPageTraceBehavior [ RunTime:0.000000s ]
INFO: [ app_end ] --END-- [ RunTime:0.000000s ]

[ 2020-05-08T15:41:15+08:00 ] 127.0.0.1 /TP/index.php/Admin/Article/add?id=1
INFO: [ app_init ] --START--
INFO: Run Behavior\BuildLiteBehavior [ RunTime:0.000000s ]
INFO: [ app_init ] --END-- [ RunTime:0.001001s ]
INFO: [ app_begin ] --START--
INFO: Run Behavior\ReadHtmlCacheBehavior [ RunTime:0.000000s ]
INFO: [ app_begin ] --END-- [ RunTime:0.000000s ]
SQL: SHOW COLUMNS FROM `category` [ RunTime:0.0020s ]
SQL: SHOW COLUMNS FROM `article` [ RunTime:0.0020s ]
SQL: SELECT * FROM `category`  [ RunTime:0.0000s ]
INFO: [ view_parse ] --START--
INFO: [ template_filter ] --START--
INFO: Run Behavior\ContentReplaceBehavior [ RunTime:0.000000s ]
INFO: [ template_filter ] --END-- [ RunTime:0.000000s ]
INFO: Run Behavior\ParseTemplateBehavior [ RunTime:0.017001s ]
INFO: [ view_parse ] --END-- [ RunTime:0.017001s ]
INFO: [ view_filter ] --START--
INFO: Run Behavior\WriteHtmlCacheBehavior [ RunTime:0.000000s ]
INFO: [ view_filter ] --END-- [ RunTime:0.000000s ]
INFO: [ app_end ] --START--
INFO: Run Behavior\ShowPageTraceBehavior [ RunTime:0.001000s ]
INFO: [ app_end ] --END-- [ RunTime:0.001000s ]

[ 2020-05-08T15:41:15+08:00 ] 127.0.0.1 /TP/index.php/Admin/Article/undefineddialogs/link/link.js
INFO: [ app_init ] --START--
INFO: Run Behavior\BuildLiteBehavior [ RunTime:0.000000s ]
INFO: [ app_init ] --END-- [ RunTime:0.000000s ]
INFO: [ app_begin ] --START--
INFO: Run Behavior\ReadHtmlCacheBehavior [ RunTime:0.000000s ]
INFO: [ app_begin ] --END-- [ RunTime:0.000000s ]
ERR: 非法操作:undefineddialogs

[ 2020-05-08T15:41:15+08:00 ] 127.0.0.1 /TP/index.php/Admin/Article/undefineddialogs/image/image.js
INFO: [ app_init ] --START--
INFO: Run Behavior\BuildLiteBehavior [ RunTime:0.000000s ]
INFO: [ app_init ] --END-- [ RunTime:0.000000s ]
INFO: [ app_begin ] --START--
INFO: Run Behavior\ReadHtmlCacheBehavior [ RunTime:0.000000s ]
INFO: [ app_begin ] --END-- [ RunTime:0.000000s ]
ERR: 非法操作:undefineddialogs

[ 2020-05-08T15:41:16+08:00 ] 127.0.0.1 /TP/index.php/Admin/Article/undefineddialogs/video/video.js
INFO: [ app_init ] --START--
INFO: Run Behavior\BuildLiteBehavior [ RunTime:0.000000s ]
INFO: [ app_init ] --END-- [ RunTime:0.000000s ]
INFO: [ app_begin ] --START--
INFO: Run Behavior\ReadHtmlCacheBehavior [ RunTime:0.001000s ]
INFO: [ app_begin ] --END-- [ RunTime:0.001000s ]
ERR: 非法操作:undefineddialogs

[ 2020-05-08T15:41:16+08:00 ] 127.0.0.1 /TP/index.php/Admin/Article/undefineddialogs/map/map.js
INFO: [ app_init ] --START--
INFO: Run Behavior\BuildLiteBehavior [ RunTime:0.000000s ]
INFO: [ app_init ] --END-- [ RunTime:0.000000s ]
INFO: [ app_begin ] --START--
INFO: Run Behavior\ReadHtmlCacheBehavior [ RunTime:0.000000s ]
INFO: [ app_begin ] --END-- [ RunTime:0.000000s ]
ERR: 非法操作:undefineddialogs

[ 2020-05-08T15:41:16+08:00 ] 127.0.0.1 /TP/index.php/Admin/Article/undefineddialogs/emotion/emotion.js
INFO: [ app_init ] --START--
INFO: Run Behavior\BuildLiteBehavior [ RunTime:0.000000s ]
INFO: [ app_init ] --END-- [ RunTime:0.000000s ]
INFO: [ app_begin ] --START--
INFO: Run Behavior\ReadHtmlCacheBehavior [ RunTime:0.000000s ]
INFO: [ app_begin ] --END-- [ RunTime:0.000000s ]
ERR: 非法操作:undefineddialogs

[ 2020-05-08T15:41:16+08:00 ] 127.0.0.1 /TP/index.php/Admin/Article/undefineddialogs/formula/formula.js
INFO: [ app_init ] --START--
INFO: Run Behavior\BuildLiteBehavior [ RunTime:0.000000s ]
INFO: [ app_init ] --END-- [ RunTime:0.000000s ]
INFO: [ app_begin ] --START--
INFO: Run Behavior\ReadHtmlCacheBehavior [ RunTime:0.000000s ]
INFO: [ app_begin ] --END-- [ RunTime:0.000000s ]
ERR: 非法操作:undefineddialogs

[ 2020-05-08T15:41:25+08:00 ] 127.0.0.1 /TP/index.php/Admin/Article/del?id=1
INFO: [ app_init ] --START--
INFO: Run Behavior\BuildLiteBehavior [ RunTime:0.000000s ]
INFO: [ app_init ] --END-- [ RunTime:0.000000s ]
INFO: [ app_begin ] --START--
INFO: Run Behavior\ReadHtmlCacheBehavior [ RunTime:0.000000s ]
INFO: [ app_begin ] --END-- [ RunTime:0.000000s ]
ERR: 非法操作:del

[ 2020-05-08T15:41:28+08:00 ] 127.0.0.1 /TP/index.php/Admin/Article/edit?pid=1&id=1
INFO: [ app_init ] --START--
INFO: Run Behavior\BuildLiteBehavior [ RunTime:0.000000s ]
INFO: [ app_init ] --END-- [ RunTime:0.001000s ]
INFO: [ app_begin ] --START--
INFO: Run Behavior\ReadHtmlCacheBehavior [ RunTime:0.000000s ]
INFO: [ app_begin ] --END-- [ RunTime:0.000000s ]
SQL: SHOW COLUMNS FROM `category` [ RunTime:0.0020s ]
SQL: SHOW COLUMNS FROM `article` [ RunTime:0.0020s ]
SQL: SELECT * FROM `article` WHERE `id` = 1 LIMIT 1   [ RunTime:0.0000s ]
SQL: SELECT * FROM `category`  [ RunTime:0.0000s ]
INFO: [ view_parse ] --START--
INFO: [ template_filter ] --START--
INFO: Run Behavior\ContentReplaceBehavior [ RunTime:0.000000s ]
INFO: [ template_filter ] --END-- [ RunTime:0.000000s ]
INFO: Run Behavior\ParseTemplateBehavior [ RunTime:0.004001s ]
INFO: [ view_parse ] --END-- [ RunTime:0.004001s ]
INFO: [ view_filter ] --START--
INFO: Run Behavior\WriteHtmlCacheBehavior [ RunTime:0.000000s ]
INFO: [ view_filter ] --END-- [ RunTime:0.000000s ]
INFO: [ app_end ] --START--
INFO: Run Behavior\ShowPageTraceBehavior [ RunTime:0.001000s ]
INFO: [ app_end ] --END-- [ RunTime:0.001000s ]

[ 2020-05-08T15:41:28+08:00 ] 127.0.0.1 /TP/index.php/Admin/Article/undefineddialogs/link/link.js
INFO: [ app_init ] --START--
INFO: Run Behavior\BuildLiteBehavior [ RunTime:0.000000s ]
INFO: [ app_init ] --END-- [ RunTime:0.000000s ]
INFO: [ app_begin ] --START--
INFO: Run Behavior\ReadHtmlCacheBehavior [ RunTime:0.001000s ]
INFO: [ app_begin ] --END-- [ RunTime:0.001000s ]
ERR: 非法操作:undefineddialogs

[ 2020-05-08T15:41:28+08:00 ] 127.0.0.1 /TP/index.php/Admin/Article/undefineddialogs/image/image.js
INFO: [ app_init ] --START--
INFO: Run Behavior\BuildLiteBehavior [ RunTime:0.000000s ]
INFO: [ app_init ] --END-- [ RunTime:0.000000s ]
INFO: [ app_begin ] --START--
INFO: Run Behavior\ReadHtmlCacheBehavior [ RunTime:0.000000s ]
INFO: [ app_begin ] --END-- [ RunTime:0.000000s ]
ERR: 非法操作:undefineddialogs

[ 2020-05-08T15:41:28+08:00 ] 127.0.0.1 /TP/index.php/Admin/Article/undefineddialogs/map/map.js
INFO: [ app_init ] --START--
INFO: Run Behavior\BuildLiteBehavior [ RunTime:0.000000s ]
INFO: [ app_init ] --END-- [ RunTime:0.000000s ]
INFO: [ app_begin ] --START--
INFO: Run Behavior\ReadHtmlCacheBehavior [ RunTime:0.000000s ]
INFO: [ app_begin ] --END-- [ RunTime:0.000000s ]
ERR: 非法操作:undefineddialogs

[ 2020-05-08T15:41:28+08:00 ] 127.0.0.1 /TP/index.php/Admin/Article/undefineddialogs/formula/formula.js
INFO: [ app_init ] --START--
INFO: Run Behavior\BuildLiteBehavior [ RunTime:0.000000s ]
INFO: [ app_init ] --END-- [ RunTime:0.000000s ]
INFO: [ app_begin ] --START--
INFO: Run Behavior\ReadHtmlCacheBehavior [ RunTime:0.000000s ]
INFO: [ app_begin ] --END-- [ RunTime:0.000000s ]
ERR: 非法操作:undefineddialogs

[ 2020-05-08T15:41:28+08:00 ] 127.0.0.1 /TP/index.php/Admin/Article/undefineddialogs/emotion/emotion.js
INFO: [ app_init ] --START--
INFO: Run Behavior\BuildLiteBehavior [ RunTime:0.000000s ]
INFO: [ app_init ] --END-- [ RunTime:0.000000s ]
INFO: [ app_begin ] --START--
INFO: Run Behavior\ReadHtmlCacheBehavior [ RunTime:0.001000s ]
INFO: [ app_begin ] --END-- [ RunTime:0.001000s ]
ERR: 非法操作:undefineddialogs

[ 2020-05-08T15:41:29+08:00 ] 127.0.0.1 /TP/index.php/Admin/Article/undefineddialogs/video/video.js
INFO: [ app_init ] --START--
INFO: Run Behavior\BuildLiteBehavior [ RunTime:0.000000s ]
INFO: [ app_init ] --END-- [ RunTime:0.000000s ]
INFO: [ app_begin ] --START--
INFO: Run Behavior\ReadHtmlCacheBehavior [ RunTime:0.000000s ]
INFO: [ app_begin ] --END-- [ RunTime:0.000000s ]
ERR: 非法操作:undefineddialogs

[ 2020-05-08T15:41:32+08:00 ] 127.0.0.1 /TP/index.php/Admin/Article/edit.html
INFO: [ app_init ] --START--
INFO: Run Behavior\BuildLiteBehavior [ RunTime:0.000000s ]
INFO: [ app_init ] --END-- [ RunTime:0.001000s ]
INFO: [ app_begin ] --START--
INFO: Run Behavior\ReadHtmlCacheBehavior [ RunTime:0.000000s ]
INFO: [ app_begin ] --END-- [ RunTime:0.000000s ]
NOTIC: [8] Undefined index: id F:\wwwroot\TP\Application\Admin\Controller\ArticleController.class.php 第 47 行.
NOTIC: [8] Undefined index: pid F:\wwwroot\TP\Application\Admin\Controller\ArticleController.class.php 第 48 行.
SQL: SHOW COLUMNS FROM `category` [ RunTime:0.0030s ]
SQL: SHOW COLUMNS FROM `article` [ RunTime:0.0020s ]
SQL: SELECT * FROM `article` LIMIT 1   [ RunTime:0.0000s ]
SQL: SELECT * FROM `category`  [ RunTime:0.0000s ]
SQL: UPDATE `article` SET `title`='G20峰会',`content`='&lt;p&gt;				卡立即砥砺奋进管理会计收到了反馈结			&lt;/p&gt;',`writer`='admin',`pid`='1',`last_time`='2020-05-08 15:41;32' WHERE ( id=1 ) [ RunTime:0.0000s ]
INFO: [ view_parse ] --START--
INFO: [ template_filter ] --START--
INFO: Run Behavior\ContentReplaceBehavior [ RunTime:0.000000s ]
INFO: [ template_filter ] --END-- [ RunTime:0.000000s ]
INFO: Run Behavior\ParseTemplateBehavior [ RunTime:0.009000s ]
INFO: [ view_parse ] --END-- [ RunTime:0.009000s ]
INFO: [ view_filter ] --START--
INFO: Run Behavior\WriteHtmlCacheBehavior [ RunTime:0.000000s ]
INFO: [ view_filter ] --END-- [ RunTime:0.000000s ]
INFO: [ app_end ] --START--
INFO: Run Behavior\ShowPageTraceBehavior [ RunTime:0.000000s ]
INFO: [ app_end ] --END-- [ RunTime:0.000000s ]

[ 2020-05-08T15:41:33+08:00 ] 127.0.0.1 /TP/index.php/Admin/Article/index
INFO: [ app_init ] --START--
INFO: Run Behavior\BuildLiteBehavior [ RunTime:0.000000s ]
INFO: [ app_init ] --END-- [ RunTime:0.000000s ]
INFO: [ app_begin ] --START--
INFO: Run Behavior\ReadHtmlCacheBehavior [ RunTime:0.000000s ]
INFO: [ app_begin ] --END-- [ RunTime:0.000000s ]
SQL: SHOW COLUMNS FROM `article` [ RunTime:0.0020s ]
SQL: SELECT a.id,a.writer,a.title,a.last_time,a.pid,`name` FROM article a left join category c on a.pid = c.id   [ RunTime:0.0010s ]
INFO: [ view_parse ] --START--
INFO: [ template_filter ] --START--
INFO: Run Behavior\ContentReplaceBehavior [ RunTime:0.000000s ]
INFO: [ template_filter ] --END-- [ RunTime:0.000000s ]
INFO: Run Behavior\ParseTemplateBehavior [ RunTime:0.004000s ]
INFO: [ view_parse ] --END-- [ RunTime:0.004000s ]
INFO: [ view_filter ] --START--
INFO: Run Behavior\WriteHtmlCacheBehavior [ RunTime:0.000000s ]
INFO: [ view_filter ] --END-- [ RunTime:0.000000s ]
INFO: [ app_end ] --START--
INFO: Run Behavior\ShowPageTraceBehavior [ RunTime:0.000000s ]
INFO: [ app_end ] --END-- [ RunTime:0.000000s ]

[ 2020-05-08T15:41:37+08:00 ] 127.0.0.1 /TP/index.php/Admin/Article/index
INFO: [ app_init ] --START--
INFO: Run Behavior\BuildLiteBehavior [ RunTime:0.000000s ]
INFO: [ app_init ] --END-- [ RunTime:0.000000s ]
INFO: [ app_begin ] --START--
INFO: Run Behavior\ReadHtmlCacheBehavior [ RunTime:0.000000s ]
INFO: [ app_begin ] --END-- [ RunTime:0.001000s ]
SQL: SHOW COLUMNS FROM `article` [ RunTime:0.0020s ]
SQL: SELECT a.id,a.writer,a.title,a.last_time,a.pid,`name` FROM article a left join category c on a.pid = c.id   [ RunTime:0.0000s ]
INFO: [ view_parse ] --START--
INFO: [ template_filter ] --START--
INFO: Run Behavior\ContentReplaceBehavior [ RunTime:0.000000s ]
INFO: [ template_filter ] --END-- [ RunTime:0.000000s ]
INFO: Run Behavior\ParseTemplateBehavior [ RunTime:0.004000s ]
INFO: [ view_parse ] --END-- [ RunTime:0.004000s ]
INFO: [ view_filter ] --START--
INFO: Run Behavior\WriteHtmlCacheBehavior [ RunTime:0.000000s ]
INFO: [ view_filter ] --END-- [ RunTime:0.000000s ]
INFO: [ app_end ] --START--
INFO: Run Behavior\ShowPageTraceBehavior [ RunTime:0.001001s ]
INFO: [ app_end ] --END-- [ RunTime:0.001001s ]

[ 2020-05-08T15:41:38+08:00 ] 127.0.0.1 /TP/index.php/Admin/Article/undefineddialogs/link/link.js
INFO: [ app_init ] --START--
INFO: Run Behavior\BuildLiteBehavior [ RunTime:0.000000s ]
INFO: [ app_init ] --END-- [ RunTime:0.000000s ]
INFO: [ app_begin ] --START--
INFO: Run Behavior\ReadHtmlCacheBehavior [ RunTime:0.001000s ]
INFO: [ app_begin ] --END-- [ RunTime:0.001000s ]
ERR: 非法操作:undefineddialogs

[ 2020-05-08T15:41:38+08:00 ] 127.0.0.1 /TP/index.php/Admin/Article/undefineddialogs/video/video.js
INFO: [ app_init ] --START--
INFO: Run Behavior\BuildLiteBehavior [ RunTime:0.000000s ]
INFO: [ app_init ] --END-- [ RunTime:0.001000s ]
INFO: [ app_begin ] --START--
INFO: Run Behavior\ReadHtmlCacheBehavior [ RunTime:0.000000s ]
INFO: [ app_begin ] --END-- [ RunTime:0.000000s ]
ERR: 非法操作:undefineddialogs

[ 2020-05-08T15:41:38+08:00 ] 127.0.0.1 /TP/index.php/Admin/Article/undefineddialogs/formula/formula.js
INFO: [ app_init ] --START--
INFO: Run Behavior\BuildLiteBehavior [ RunTime:0.000000s ]
INFO: [ app_init ] --END-- [ RunTime:0.000000s ]
INFO: [ app_begin ] --START--
INFO: Run Behavior\ReadHtmlCacheBehavior [ RunTime:0.001000s ]
INFO: [ app_begin ] --END-- [ RunTime:0.001000s ]
ERR: 非法操作:undefineddialogs

[ 2020-05-08T15:41:38+08:00 ] 127.0.0.1 /TP/index.php/Admin/Article/undefineddialogs/map/map.js
INFO: [ app_init ] --START--
INFO: Run Behavior\BuildLiteBehavior [ RunTime:0.000000s ]
INFO: [ app_init ] --END-- [ RunTime:0.000000s ]
INFO: [ app_begin ] --START--
INFO: Run Behavior\ReadHtmlCacheBehavior [ RunTime:0.000000s ]
INFO: [ app_begin ] --END-- [ RunTime:0.000000s ]
ERR: 非法操作:undefineddialogs

[ 2020-05-08T15:41:38+08:00 ] 127.0.0.1 /TP/index.php/Admin/Article/undefineddialogs/image/image.js
INFO: [ app_init ] --START--
INFO: Run Behavior\BuildLiteBehavior [ RunTime:0.000000s ]
INFO: [ app_init ] --END-- [ RunTime:0.000000s ]
INFO: [ app_begin ] --START--
INFO: Run Behavior\ReadHtmlCacheBehavior [ RunTime:0.001000s ]
INFO: [ app_begin ] --END-- [ RunTime:0.001000s ]
ERR: 非法操作:undefineddialogs

[ 2020-05-08T15:41:39+08:00 ] 127.0.0.1 /TP/index.php/Admin/Article/undefineddialogs/emotion/emotion.js
INFO: [ app_init ] --START--
INFO: Run Behavior\BuildLiteBehavior [ RunTime:0.000000s ]
INFO: [ app_init ] --END-- [ RunTime:0.001000s ]
INFO: [ app_begin ] --START--
INFO: Run Behavior\ReadHtmlCacheBehavior [ RunTime:0.000000s ]
INFO: [ app_begin ] --END-- [ RunTime:0.000000s ]
ERR: 非法操作:undefineddialogs

[ 2020-05-08T15:41:44+08:00 ] 127.0.0.1 /TP/index.php/Admin/Index/product.php?rec=add
INFO: [ app_init ] --START--
INFO: Run Behavior\BuildLiteBehavior [ RunTime:0.000000s ]
INFO: [ app_init ] --END-- [ RunTime:0.000000s ]
INFO: [ app_begin ] --START--
INFO: Run Behavior\ReadHtmlCacheBehavior [ RunTime:0.000000s ]
INFO: [ app_begin ] --END-- [ RunTime:0.000000s ]
ERR: 非法操作:product.php

[ 2020-05-08T15:41:48+08:00 ] 127.0.0.1 /TP/index.php/Admin/Index/index.php?rec=clear_cache
INFO: [ app_init ] --START--
INFO: Run Behavior\BuildLiteBehavior [ RunTime:0.000000s ]
INFO: [ app_init ] --END-- [ RunTime:0.001000s ]
INFO: [ app_begin ] --START--
INFO: Run Behavior\ReadHtmlCacheBehavior [ RunTime:0.000000s ]
INFO: [ app_begin ] --END-- [ RunTime:0.000000s ]
ERR: 非法操作:index.php

[ 2020-05-08T15:41:55+08:00 ] 127.0.0.1 /TP/index.php/Admin/Index/product.php?rec=add
INFO: [ app_init ] --START--
INFO: Run Behavior\BuildLiteBehavior [ RunTime:0.000000s ]
INFO: [ app_init ] --END-- [ RunTime:0.000000s ]
INFO: [ app_begin ] --START--
INFO: Run Behavior\ReadHtmlCacheBehavior [ RunTime:0.000000s ]
INFO: [ app_begin ] --END-- [ RunTime:0.000000s ]
ERR: 非法操作:product.php

[ 2020-05-08T15:41:59+08:00 ] 127.0.0.1 /TP/index.php/Admin/Index/manager.php?rec=add
INFO: [ app_init ] --START--
INFO: Run Behavior\BuildLiteBehavior [ RunTime:0.000000s ]
INFO: [ app_init ] --END-- [ RunTime:0.000000s ]
INFO: [ app_begin ] --START--
INFO: Run Behavior\ReadHtmlCacheBehavior [ RunTime:0.000000s ]
INFO: [ app_begin ] --END-- [ RunTime:0.000000s ]
ERR: 非法操作:manager.php

[ 2020-05-08T15:42:02+08:00 ] 127.0.0.1 /TP/index.php/Admin/Index/module.html
INFO: [ app_init ] --START--
INFO: Run Behavior\BuildLiteBehavior [ RunTime:0.000000s ]
INFO: [ app_init ] --END-- [ RunTime:0.000000s ]
INFO: [ app_begin ] --START--
INFO: Run Behavior\ReadHtmlCacheBehavior [ RunTime:0.000000s ]
INFO: [ app_begin ] --END-- [ RunTime:0.000000s ]
ERR: 非法操作:module

[ 2020-05-08T15:42:19+08:00 ] 127.0.0.1 /TP/index.php/Admin/Index/Index_shouye.html
INFO: [ app_init ] --START--
INFO: Run Behavior\BuildLiteBehavior [ RunTime:0.000000s ]
INFO: [ app_init ] --END-- [ RunTime:0.001000s ]
INFO: [ app_begin ] --START--
INFO: Run Behavior\ReadHtmlCacheBehavior [ RunTime:0.000000s ]
INFO: [ app_begin ] --END-- [ RunTime:0.000000s ]
ERR: 非法操作:Index_shouye

[ 2020-05-08T15:42:54+08:00 ] 127.0.0.1 /TP/index.php/Admin/Product/index.html
INFO: [ app_init ] --START--
INFO: Run Behavior\BuildLiteBehavior [ RunTime:0.000000s ]
INFO: [ app_init ] --END-- [ RunTime:0.001000s ]
INFO: [ app_begin ] --START--
INFO: Run Behavior\ReadHtmlCacheBehavior [ RunTime:0.000000s ]
INFO: [ app_begin ] --END-- [ RunTime:0.000000s ]
NOTIC: [8] Undefined index: name F:\wwwroot\TP\Application\Admin\Controller\ProductController.class.php 第 17 行.
NOTIC: [8] Undefined index: orderby F:\wwwroot\TP\Application\Admin\Controller\ProductController.class.php 第 23 行.
SQL: SHOW COLUMNS FROM `product` [ RunTime:0.0020s ]
SQL: SHOW COLUMNS FROM `product_catgory` [ RunTime:0.0030s ]
SQL: SELECT COUNT(*) AS tp_count FROM product p WHERE (  1 ) LIMIT 1   [ RunTime:0.0000s ]
SQL: SELECT `id`,`sort`,`pid`,`name`,`price`,`img`,`desc`,`status`,`add_time`,`stock`,`last_time` FROM product p WHERE (  1 ) ORDER BY id desc LIMIT 0,8   [ RunTime:0.0000s ]
SQL: SELECT `name` FROM `product_catgory` WHERE ( id=1 ) LIMIT 1   [ RunTime:0.0000s ]
SQL: SELECT `name` FROM `product_catgory` WHERE ( id=0 ) LIMIT 1   [ RunTime:0.0000s ]
SQL: SELECT `name` FROM `product_catgory` WHERE ( id=2 ) LIMIT 1   [ RunTime:0.0000s ]
SQL: SELECT `name` FROM `product_catgory` WHERE ( id=2 ) LIMIT 1   [ RunTime:0.0000s ]
SQL: SELECT `name` FROM `product_catgory` WHERE ( id=2 ) LIMIT 1   [ RunTime:0.0010s ]
SQL: SELECT `name` FROM `product_catgory` WHERE ( id=2 ) LIMIT 1   [ RunTime:0.0000s ]
SQL: SELECT `name` FROM `product_catgory` WHERE ( id=2 ) LIMIT 1   [ RunTime:0.0000s ]
SQL: SELECT `name` FROM `product_catgory` WHERE ( id=2 ) LIMIT 1   [ RunTime:0.0000s ]
INFO: [ view_parse ] --START--
INFO: [ template_filter ] --START--
INFO: Run Behavior\ContentReplaceBehavior [ RunTime:0.001000s ]
INFO: [ template_filter ] --END-- [ RunTime:0.001000s ]
NOTIC: [8] Use of undefined constant Product - assumed 'Product' F:\wwwroot\TP\Application\Runtime\Cache\Admin\e81ab272a2db490ca13db5e7a9293ba0.php 第 50 行.
NOTIC: [8] Use of undefined constant index - assumed 'index' F:\wwwroot\TP\Application\Runtime\Cache\Admin\e81ab272a2db490ca13db5e7a9293ba0.php 第 50 行.
NOTIC: [2] Division by zero F:\wwwroot\TP\Application\Runtime\Cache\Admin\e81ab272a2db490ca13db5e7a9293ba0.php 第 50 行.
NOTIC: [8] Use of undefined constant Product - assumed 'Product' F:\wwwroot\TP\Application\Runtime\Cache\Admin\e81ab272a2db490ca13db5e7a9293ba0.php 第 50 行.
NOTIC: [8] Use of undefined constant index - assumed 'index' F:\wwwroot\TP\Application\Runtime\Cache\Admin\e81ab272a2db490ca13db5e7a9293ba0.php 第 50 行.
NOTIC: [2] Division by zero F:\wwwroot\TP\Application\Runtime\Cache\Admin\e81ab272a2db490ca13db5e7a9293ba0.php 第 50 行.
NOTIC: [8] Use of undefined constant Product - assumed 'Product' F:\wwwroot\TP\Application\Runtime\Cache\Admin\e81ab272a2db490ca13db5e7a9293ba0.php 第 58 行.
NOTIC: [8] Use of undefined constant index - assumed 'index' F:\wwwroot\TP\Application\Runtime\Cache\Admin\e81ab272a2db490ca13db5e7a9293ba0.php 第 58 行.
NOTIC: [2] Division by zero F:\wwwroot\TP\Application\Runtime\Cache\Admin\e81ab272a2db490ca13db5e7a9293ba0.php 第 58 行.
NOTIC: [8] Use of undefined constant Product - assumed 'Product' F:\wwwroot\TP\Application\Runtime\Cache\Admin\e81ab272a2db490ca13db5e7a9293ba0.php 第 58 行.
NOTIC: [8] Use of undefined constant index - assumed 'index' F:\wwwroot\TP\Application\Runtime\Cache\Admin\e81ab272a2db490ca13db5e7a9293ba0.php 第 58 行.
NOTIC: [2] Division by zero F:\wwwroot\TP\Application\Runtime\Cache\Admin\e81ab272a2db490ca13db5e7a9293ba0.php 第 58 行.
INFO: Run Behavior\ParseTemplateBehavior [ RunTime:0.006001s ]
INFO: [ view_parse ] --END-- [ RunTime:0.006001s ]
INFO: [ view_filter ] --START--
INFO: Run Behavior\WriteHtmlCacheBehavior [ RunTime:0.000000s ]
INFO: [ view_filter ] --END-- [ RunTime:0.000000s ]
INFO: [ app_end ] --START--
INFO: Run Behavior\ShowPageTraceBehavior [ RunTime:0.001000s ]
INFO: [ app_end ] --END-- [ RunTime:0.001000s ]

[ 2020-05-08T15:51:27+08:00 ] 127.0.0.1 /TP/index.php/Admin/Product/add.html
INFO: [ app_init ] --START--
INFO: Run Behavior\BuildLiteBehavior [ RunTime:0.000000s ]
INFO: [ app_init ] --END-- [ RunTime:0.001000s ]
INFO: [ app_begin ] --START--
INFO: Run Behavior\ReadHtmlCacheBehavior [ RunTime:0.000000s ]
INFO: [ app_begin ] --END-- [ RunTime:0.000000s ]
SQL: SHOW COLUMNS FROM `product_catgory` [ RunTime:0.0020s ]
SQL: SELECT * FROM `product_catgory`  [ RunTime:0.0010s ]
INFO: [ view_parse ] --START--
INFO: [ template_filter ] --START--
INFO: Run Behavior\ContentReplaceBehavior [ RunTime:0.000000s ]
INFO: [ template_filter ] --END-- [ RunTime:0.000000s ]
NOTIC: [8] Undefined variable: check F:\wwwroot\TP\Application\Runtime\Cache\Admin\460d05e0be725d2ad88d6b5cdfc12e20.php 第 51 行.
NOTIC: [8] Undefined variable: check F:\wwwroot\TP\Application\Runtime\Cache\Admin\460d05e0be725d2ad88d6b5cdfc12e20.php 第 51 行.
NOTIC: [8] Undefined variable: check F:\wwwroot\TP\Application\Runtime\Cache\Admin\460d05e0be725d2ad88d6b5cdfc12e20.php 第 51 行.
NOTIC: [8] Undefined variable: check F:\wwwroot\TP\Application\Runtime\Cache\Admin\460d05e0be725d2ad88d6b5cdfc12e20.php 第 51 行.
NOTIC: [8] Undefined variable: check F:\wwwroot\TP\Application\Runtime\Cache\Admin\460d05e0be725d2ad88d6b5cdfc12e20.php 第 51 行.
NOTIC: [8] Undefined variable: check F:\wwwroot\TP\Application\Runtime\Cache\Admin\460d05e0be725d2ad88d6b5cdfc12e20.php 第 51 行.
NOTIC: [8] Undefined variable: check F:\wwwroot\TP\Application\Runtime\Cache\Admin\460d05e0be725d2ad88d6b5cdfc12e20.php 第 51 行.
INFO: Run Behavior\ParseTemplateBehavior [ RunTime:0.010001s ]
INFO: [ view_parse ] --END-- [ RunTime:0.010001s ]
INFO: [ view_filter ] --START--
INFO: Run Behavior\WriteHtmlCacheBehavior [ RunTime:0.000000s ]
INFO: [ view_filter ] --END-- [ RunTime:0.000000s ]
INFO: [ app_end ] --START--
INFO: Run Behavior\ShowPageTraceBehavior [ RunTime:0.000000s ]
INFO: [ app_end ] --END-- [ RunTime:0.000000s ]

[ 2020-05-08T15:51:51+08:00 ] 127.0.0.1 /TP/index.php/Admin/Product/add
INFO: [ app_init ] --START--
INFO: Run Behavior\BuildLiteBehavior [ RunTime:0.000000s ]
INFO: [ app_init ] --END-- [ RunTime:0.000000s ]
INFO: [ app_begin ] --START--
INFO: Run Behavior\ReadHtmlCacheBehavior [ RunTime:0.000000s ]
INFO: [ app_begin ] --END-- [ RunTime:0.000000s ]
SQL: SHOW COLUMNS FROM `product_catgory` [ RunTime:0.0020s ]
SQL: SELECT * FROM `product_catgory`  [ RunTime:0.0010s ]
SQL: SHOW COLUMNS FROM `product` [ RunTime:0.0020s ]
SQL: INSERT INTO `product` (`name`,`pid`,`price`,`img`,`desc`,`stock`,`status`,`add_time`,`last_time`) VALUES ('胜多负少的','9','333','[\"\\/TP\\/Public\\/Image\\/images\\/202005081551518717.jpg\"]','豆腐干豆腐
        ','1','1','2020-05-08 15:51:51','2020-05-08 15:51:51') [ RunTime:0.0000s ]

[ 2020-05-08T16:00:01+08:00 ] 127.0.0.1 /TP/index.php/Admin/Index/index.html
INFO: [ app_init ] --START--
INFO: Run Behavior\BuildLiteBehavior [ RunTime:0.000000s ]
INFO: [ app_init ] --END-- [ RunTime:0.000000s ]
INFO: [ app_begin ] --START--
INFO: Run Behavior\ReadHtmlCacheBehavior [ RunTime:0.001000s ]
INFO: [ app_begin ] --END-- [ RunTime:0.001000s ]
INFO: [ view_parse ] --START--
INFO: [ template_filter ] --START--
INFO: Run Behavior\ContentReplaceBehavior [ RunTime:0.000000s ]
INFO: [ template_filter ] --END-- [ RunTime:0.000000s ]
INFO: Run Behavior\ParseTemplateBehavior [ RunTime:0.009001s ]
INFO: [ view_parse ] --END-- [ RunTime:0.009001s ]
INFO: [ view_filter ] --START--
INFO: Run Behavior\WriteHtmlCacheBehavior [ RunTime:0.000000s ]
INFO: [ view_filter ] --END-- [ RunTime:0.000000s ]
INFO: [ app_end ] --START--
INFO: Run Behavior\ShowPageTraceBehavior [ RunTime:0.001000s ]
INFO: [ app_end ] --END-- [ RunTime:0.001000s ]

[ 2020-05-08T16:00:01+08:00 ] 127.0.0.1 /TP/index.php/Admin/Index/shouye.html
INFO: [ app_init ] --START--
INFO: Run Behavior\BuildLiteBehavior [ RunTime:0.000000s ]
INFO: [ app_init ] --END-- [ RunTime:0.000000s ]
INFO: [ app_begin ] --START--
INFO: Run Behavior\ReadHtmlCacheBehavior [ RunTime:0.000000s ]
INFO: [ app_begin ] --END-- [ RunTime:0.000000s ]
INFO: [ view_parse ] --START--
INFO: [ template_filter ] --START--
INFO: Run Behavior\ContentReplaceBehavior [ RunTime:0.000000s ]
INFO: [ template_filter ] --END-- [ RunTime:0.000000s ]
INFO: Run Behavior\ParseTemplateBehavior [ RunTime:0.004000s ]
INFO: [ view_parse ] --END-- [ RunTime:0.004000s ]
INFO: [ view_filter ] --START--
INFO: Run Behavior\WriteHtmlCacheBehavior [ RunTime:0.000000s ]
INFO: [ view_filter ] --END-- [ RunTime:0.000000s ]
INFO: [ app_end ] --START--
INFO: Run Behavior\ShowPageTraceBehavior [ RunTime:0.000000s ]
INFO: [ app_end ] --END-- [ RunTime:0.000000s ]

[ 2020-05-08T16:00:05+08:00 ] 127.0.0.1 /TP/index.php/Admin/ArticleCategory/index.html
INFO: [ app_init ] --START--
INFO: Run Behavior\BuildLiteBehavior [ RunTime:0.000000s ]
INFO: [ app_init ] --END-- [ RunTime:0.000000s ]
INFO: [ app_begin ] --START--
INFO: Run Behavior\ReadHtmlCacheBehavior [ RunTime:0.001000s ]
INFO: [ app_begin ] --END-- [ RunTime:0.001000s ]
SQL: SHOW COLUMNS FROM `category` [ RunTime:0.0030s ]
SQL: SELECT * FROM `category`  [ RunTime:0.0000s ]
INFO: [ view_parse ] --START--
INFO: [ template_filter ] --START--
INFO: Run Behavior\ContentReplaceBehavior [ RunTime:0.000000s ]
INFO: [ template_filter ] --END-- [ RunTime:0.000000s ]
NOTIC: [8] Undefined index: fid F:\wwwroot\TP\Application\Runtime\Cache\Admin\9c78777aec9662ad4f5801930dba32de.php 第 29 行.
NOTIC: [8] Undefined index: fid F:\wwwroot\TP\Application\Runtime\Cache\Admin\9c78777aec9662ad4f5801930dba32de.php 第 29 行.
NOTIC: [8] Undefined index: fid F:\wwwroot\TP\Application\Runtime\Cache\Admin\9c78777aec9662ad4f5801930dba32de.php 第 29 行.
NOTIC: [8] Undefined index: fid F:\wwwroot\TP\Application\Runtime\Cache\Admin\9c78777aec9662ad4f5801930dba32de.php 第 29 行.
NOTIC: [8] Undefined index: fid F:\wwwroot\TP\Application\Runtime\Cache\Admin\9c78777aec9662ad4f5801930dba32de.php 第 29 行.
NOTIC: [8] Undefined index: fid F:\wwwroot\TP\Application\Runtime\Cache\Admin\9c78777aec9662ad4f5801930dba32de.php 第 29 行.
NOTIC: [8] Undefined variable: page F:\wwwroot\TP\Application\Runtime\Cache\Admin\9c78777aec9662ad4f5801930dba32de.php 第 35 行.
NOTIC: [8] Undefined variable: page F:\wwwroot\TP\Application\Runtime\Cache\Admin\9c78777aec9662ad4f5801930dba32de.php 第 38 行.
INFO: Run Behavior\ParseTemplateBehavior [ RunTime:0.015001s ]
INFO: [ view_parse ] --END-- [ RunTime:0.015001s ]
INFO: [ view_filter ] --START--
INFO: Run Behavior\WriteHtmlCacheBehavior [ RunTime:0.000000s ]
INFO: [ view_filter ] --END-- [ RunTime:0.000000s ]
INFO: [ app_end ] --START--
INFO: Run Behavior\ShowPageTraceBehavior [ RunTime:0.000000s ]
INFO: [ app_end ] --END-- [ RunTime:0.000000s ]

[ 2020-05-08T16:00:10+08:00 ] 127.0.0.1 /TP/index.php/Admin/Product/index.html
INFO: [ app_init ] --START--
INFO: Run Behavior\BuildLiteBehavior [ RunTime:0.000000s ]
INFO: [ app_init ] --END-- [ RunTime:0.000000s ]
INFO: [ app_begin ] --START--
INFO: Run Behavior\ReadHtmlCacheBehavior [ RunTime:0.000000s ]
INFO: [ app_begin ] --END-- [ RunTime:0.000000s ]
NOTIC: [8] Undefined index: name F:\wwwroot\TP\Application\Admin\Controller\ProductController.class.php 第 17 行.
NOTIC: [8] Undefined index: orderby F:\wwwroot\TP\Application\Admin\Controller\ProductController.class.php 第 23 行.
SQL: SHOW COLUMNS FROM `product` [ RunTime:0.0020s ]
SQL: SHOW COLUMNS FROM `product_catgory` [ RunTime:0.0020s ]
SQL: SELECT COUNT(*) AS tp_count FROM product p WHERE (  1 ) LIMIT 1   [ RunTime:0.0000s ]
SQL: SELECT `id`,`sort`,`pid`,`name`,`price`,`img`,`desc`,`status`,`add_time`,`stock`,`last_time` FROM product p WHERE (  1 ) ORDER BY id desc LIMIT 0,8   [ RunTime:0.0000s ]
SQL: SELECT `name` FROM `product_catgory` WHERE ( id=9 ) LIMIT 1   [ RunTime:0.0010s ]
SQL: SELECT `name` FROM `product_catgory` WHERE ( id=1 ) LIMIT 1   [ RunTime:0.0000s ]
SQL: SELECT `name` FROM `product_catgory` WHERE ( id=0 ) LIMIT 1   [ RunTime:0.0000s ]
SQL: SELECT `name` FROM `product_catgory` WHERE ( id=2 ) LIMIT 1   [ RunTime:0.0000s ]
SQL: SELECT `name` FROM `product_catgory` WHERE ( id=2 ) LIMIT 1   [ RunTime:0.0000s ]
SQL: SELECT `name` FROM `product_catgory` WHERE ( id=2 ) LIMIT 1   [ RunTime:0.0000s ]
SQL: SELECT `name` FROM `product_catgory` WHERE ( id=2 ) LIMIT 1   [ RunTime:0.0010s ]
SQL: SELECT `name` FROM `product_catgory` WHERE ( id=2 ) LIMIT 1   [ RunTime:0.0000s ]
INFO: [ view_parse ] --START--
INFO: [ template_filter ] --START--
INFO: Run Behavior\ContentReplaceBehavior [ RunTime:0.000000s ]
INFO: [ template_filter ] --END-- [ RunTime:0.000000s ]
NOTIC: [8] Use of undefined constant Product - assumed 'Product' F:\wwwroot\TP\Application\Runtime\Cache\Admin\e81ab272a2db490ca13db5e7a9293ba0.php 第 50 行.
NOTIC: [8] Use of undefined constant index - assumed 'index' F:\wwwroot\TP\Application\Runtime\Cache\Admin\e81ab272a2db490ca13db5e7a9293ba0.php 第 50 行.
NOTIC: [2] Division by zero F:\wwwroot\TP\Application\Runtime\Cache\Admin\e81ab272a2db490ca13db5e7a9293ba0.php 第 50 行.
NOTIC: [8] Use of undefined constant Product - assumed 'Product' F:\wwwroot\TP\Application\Runtime\Cache\Admin\e81ab272a2db490ca13db5e7a9293ba0.php 第 50 行.
NOTIC: [8] Use of undefined constant index - assumed 'index' F:\wwwroot\TP\Application\Runtime\Cache\Admin\e81ab272a2db490ca13db5e7a9293ba0.php 第 50 行.
NOTIC: [2] Division by zero F:\wwwroot\TP\Application\Runtime\Cache\Admin\e81ab272a2db490ca13db5e7a9293ba0.php 第 50 行.
NOTIC: [8] Use of undefined constant Product - assumed 'Product' F:\wwwroot\TP\Application\Runtime\Cache\Admin\e81ab272a2db490ca13db5e7a9293ba0.php 第 58 行.
NOTIC: [8] Use of undefined constant index - assumed 'index' F:\wwwroot\TP\Application\Runtime\Cache\Admin\e81ab272a2db490ca13db5e7a9293ba0.php 第 58 行.
NOTIC: [2] Division by zero F:\wwwroot\TP\Application\Runtime\Cache\Admin\e81ab272a2db490ca13db5e7a9293ba0.php 第 58 行.
NOTIC: [8] Use of undefined constant Product - assumed 'Product' F:\wwwroot\TP\Application\Runtime\Cache\Admin\e81ab272a2db490ca13db5e7a9293ba0.php 第 58 行.
NOTIC: [8] Use of undefined constant index - assumed 'index' F:\wwwroot\TP\Application\Runtime\Cache\Admin\e81ab272a2db490ca13db5e7a9293ba0.php 第 58 行.
NOTIC: [2] Division by zero F:\wwwroot\TP\Application\Runtime\Cache\Admin\e81ab272a2db490ca13db5e7a9293ba0.php 第 58 行.
INFO: Run Behavior\ParseTemplateBehavior [ RunTime:0.006001s ]
INFO: [ view_parse ] --END-- [ RunTime:0.006001s ]
INFO: [ view_filter ] --START--
INFO: Run Behavior\WriteHtmlCacheBehavior [ RunTime:0.000000s ]
INFO: [ view_filter ] --END-- [ RunTime:0.000000s ]
INFO: [ app_end ] --START--
INFO: Run Behavior\ShowPageTraceBehavior [ RunTime:0.001000s ]
INFO: [ app_end ] --END-- [ RunTime:0.001000s ]

[ 2020-05-08T16:00:11+08:00 ] 127.0.0.1 /TP/index.php/Admin/Product/add.html
INFO: [ app_init ] --START--
INFO: Run Behavior\BuildLiteBehavior [ RunTime:0.000000s ]
INFO: [ app_init ] --END-- [ RunTime:0.000000s ]
INFO: [ app_begin ] --START--
INFO: Run Behavior\ReadHtmlCacheBehavior [ RunTime:0.000000s ]
INFO: [ app_begin ] --END-- [ RunTime:0.000000s ]
SQL: SHOW COLUMNS FROM `product_catgory` [ RunTime:0.0020s ]
SQL: SELECT * FROM `product_catgory`  [ RunTime:0.0010s ]
INFO: [ view_parse ] --START--
INFO: [ template_filter ] --START--
INFO: Run Behavior\ContentReplaceBehavior [ RunTime:0.000000s ]
INFO: [ template_filter ] --END-- [ RunTime:0.000000s ]
NOTIC: [8] Undefined variable: check F:\wwwroot\TP\Application\Runtime\Cache\Admin\460d05e0be725d2ad88d6b5cdfc12e20.php 第 51 行.
NOTIC: [8] Undefined variable: check F:\wwwroot\TP\Application\Runtime\Cache\Admin\460d05e0be725d2ad88d6b5cdfc12e20.php 第 51 行.
NOTIC: [8] Undefined variable: check F:\wwwroot\TP\Application\Runtime\Cache\Admin\460d05e0be725d2ad88d6b5cdfc12e20.php 第 51 行.
NOTIC: [8] Undefined variable: check F:\wwwroot\TP\Application\Runtime\Cache\Admin\460d05e0be725d2ad88d6b5cdfc12e20.php 第 51 行.
NOTIC: [8] Undefined variable: check F:\wwwroot\TP\Application\Runtime\Cache\Admin\460d05e0be725d2ad88d6b5cdfc12e20.php 第 51 行.
NOTIC: [8] Undefined variable: check F:\wwwroot\TP\Application\Runtime\Cache\Admin\460d05e0be725d2ad88d6b5cdfc12e20.php 第 51 行.
NOTIC: [8] Undefined variable: check F:\wwwroot\TP\Application\Runtime\Cache\Admin\460d05e0be725d2ad88d6b5cdfc12e20.php 第 51 行.
INFO: Run Behavior\ParseTemplateBehavior [ RunTime:0.004000s ]
INFO: [ view_parse ] --END-- [ RunTime:0.004000s ]
INFO: [ view_filter ] --START--
INFO: Run Behavior\WriteHtmlCacheBehavior [ RunTime:0.000000s ]
INFO: [ view_filter ] --END-- [ RunTime:0.000000s ]
INFO: [ app_end ] --START--
INFO: Run Behavior\ShowPageTraceBehavior [ RunTime:0.001000s ]
INFO: [ app_end ] --END-- [ RunTime:0.001000s ]

[ 2020-05-08T16:00:26+08:00 ] 127.0.0.1 /TP/index.php/Admin/Product/add
INFO: [ app_init ] --START--
INFO: Run Behavior\BuildLiteBehavior [ RunTime:0.000000s ]
INFO: [ app_init ] --END-- [ RunTime:0.001000s ]
INFO: [ app_begin ] --START--
INFO: Run Behavior\ReadHtmlCacheBehavior [ RunTime:0.000000s ]
INFO: [ app_begin ] --END-- [ RunTime:0.000000s ]
SQL: SHOW COLUMNS FROM `product_catgory` [ RunTime:0.0020s ]
SQL: SELECT * FROM `product_catgory`  [ RunTime:0.0000s ]
SQL: SHOW COLUMNS FROM `product` [ RunTime:0.0020s ]
SQL: INSERT INTO `product` (`name`,`pid`,`price`,`img`,`desc`,`stock`,`status`,`add_time`,`last_time`) VALUES ('fghdfg','4','333','[\"\\/TP\\/Public\\/Image\\/images\\/202005081600269437.jpg\"]','
      ertert  ','333','1','2020-05-08 16:00:26','2020-05-08 16:00:26') [ RunTime:0.0000s ]

[ 2020-05-08T16:00:29+08:00 ] 127.0.0.1 /TP/index.php/Admin/Product/add.html
INFO: [ app_init ] --START--
INFO: Run Behavior\BuildLiteBehavior [ RunTime:0.000000s ]
INFO: [ app_init ] --END-- [ RunTime:0.000000s ]
INFO: [ app_begin ] --START--
INFO: Run Behavior\ReadHtmlCacheBehavior [ RunTime:0.000000s ]
INFO: [ app_begin ] --END-- [ RunTime:0.000000s ]
SQL: SHOW COLUMNS FROM `product_catgory` [ RunTime:0.0020s ]
SQL: SELECT * FROM `product_catgory`  [ RunTime:0.0000s ]
INFO: [ view_parse ] --START--
INFO: [ template_filter ] --START--
INFO: Run Behavior\ContentReplaceBehavior [ RunTime:0.000000s ]
INFO: [ template_filter ] --END-- [ RunTime:0.000000s ]
NOTIC: [8] Undefined variable: check F:\wwwroot\TP\Application\Runtime\Cache\Admin\460d05e0be725d2ad88d6b5cdfc12e20.php 第 51 行.
NOTIC: [8] Undefined variable: check F:\wwwroot\TP\Application\Runtime\Cache\Admin\460d05e0be725d2ad88d6b5cdfc12e20.php 第 51 行.
NOTIC: [8] Undefined variable: check F:\wwwroot\TP\Application\Runtime\Cache\Admin\460d05e0be725d2ad88d6b5cdfc12e20.php 第 51 行.
NOTIC: [8] Undefined variable: check F:\wwwroot\TP\Application\Runtime\Cache\Admin\460d05e0be725d2ad88d6b5cdfc12e20.php 第 51 行.
NOTIC: [8] Undefined variable: check F:\wwwroot\TP\Application\Runtime\Cache\Admin\460d05e0be725d2ad88d6b5cdfc12e20.php 第 51 行.
NOTIC: [8] Undefined variable: check F:\wwwroot\TP\Application\Runtime\Cache\Admin\460d05e0be725d2ad88d6b5cdfc12e20.php 第 51 行.
NOTIC: [8] Undefined variable: check F:\wwwroot\TP\Application\Runtime\Cache\Admin\460d05e0be725d2ad88d6b5cdfc12e20.php 第 51 行.
INFO: Run Behavior\ParseTemplateBehavior [ RunTime:0.004000s ]
INFO: [ view_parse ] --END-- [ RunTime:0.004000s ]
INFO: [ view_filter ] --START--
INFO: Run Behavior\WriteHtmlCacheBehavior [ RunTime:0.000000s ]
INFO: [ view_filter ] --END-- [ RunTime:0.000000s ]
INFO: [ app_end ] --START--
INFO: Run Behavior\ShowPageTraceBehavior [ RunTime:0.000000s ]
INFO: [ app_end ] --END-- [ RunTime:0.000000s ]

